[2024-11-04T14:33:55.264+0000] {processor.py:186} INFO - Started process (PID=170) to work on /home/airflow/.local/lib/python3.12/site-packages/airflow/example_dags/example_dataset_alias_with_no_taskflow.py
[2024-11-04T14:33:55.267+0000] {processor.py:914} INFO - Processing file /home/airflow/.local/lib/python3.12/site-packages/airflow/example_dags/example_dataset_alias_with_no_taskflow.py for tasks to queue
[2024-11-04T14:33:55.271+0000] {logging_mixin.py:190} INFO - [2024-11-04T14:33:55.270+0000] {dagbag.py:588} INFO - Filling up the DagBag from /home/airflow/.local/lib/python3.12/site-packages/airflow/example_dags/example_dataset_alias_with_no_taskflow.py
[2024-11-04T14:33:56.029+0000] {processor.py:925} INFO - DAG(s) 'dataset_alias_example_alias_consumer_with_no_taskflow', 'dataset_s3_bucket_consumer_with_no_taskflow', 'dataset_alias_example_alias_producer_with_no_taskflow', 'dataset_s3_bucket_producer_with_no_taskflow' retrieved from /home/airflow/.local/lib/python3.12/site-packages/airflow/example_dags/example_dataset_alias_with_no_taskflow.py
[2024-11-04T14:33:56.209+0000] {logging_mixin.py:190} INFO - [2024-11-04T14:33:56.208+0000] {override.py:1900} INFO - Created Permission View: can edit on DAG:dataset_alias_example_alias_consumer_with_no_taskflow
[2024-11-04T14:33:56.233+0000] {logging_mixin.py:190} INFO - [2024-11-04T14:33:56.232+0000] {override.py:1900} INFO - Created Permission View: can read on DAG:dataset_alias_example_alias_consumer_with_no_taskflow
[2024-11-04T14:33:56.249+0000] {logging_mixin.py:190} INFO - [2024-11-04T14:33:56.248+0000] {override.py:1900} INFO - Created Permission View: can delete on DAG:dataset_alias_example_alias_consumer_with_no_taskflow
[2024-11-04T14:33:56.265+0000] {logging_mixin.py:190} INFO - [2024-11-04T14:33:56.265+0000] {override.py:1900} INFO - Created Permission View: can read on DAG Run:dataset_alias_example_alias_consumer_with_no_taskflow
[2024-11-04T14:33:56.281+0000] {logging_mixin.py:190} INFO - [2024-11-04T14:33:56.281+0000] {override.py:1900} INFO - Created Permission View: can delete on DAG Run:dataset_alias_example_alias_consumer_with_no_taskflow
[2024-11-04T14:33:56.296+0000] {logging_mixin.py:190} INFO - [2024-11-04T14:33:56.296+0000] {override.py:1900} INFO - Created Permission View: menu access on DAG Run:dataset_alias_example_alias_consumer_with_no_taskflow
[2024-11-04T14:33:56.310+0000] {logging_mixin.py:190} INFO - [2024-11-04T14:33:56.310+0000] {override.py:1900} INFO - Created Permission View: can create on DAG Run:dataset_alias_example_alias_consumer_with_no_taskflow
[2024-11-04T14:33:56.335+0000] {logging_mixin.py:190} INFO - [2024-11-04T14:33:56.334+0000] {override.py:1900} INFO - Created Permission View: can edit on DAG:dataset_s3_bucket_consumer_with_no_taskflow
[2024-11-04T14:33:56.351+0000] {logging_mixin.py:190} INFO - [2024-11-04T14:33:56.350+0000] {override.py:1900} INFO - Created Permission View: can read on DAG:dataset_s3_bucket_consumer_with_no_taskflow
[2024-11-04T14:33:56.367+0000] {logging_mixin.py:190} INFO - [2024-11-04T14:33:56.366+0000] {override.py:1900} INFO - Created Permission View: can delete on DAG:dataset_s3_bucket_consumer_with_no_taskflow
[2024-11-04T14:33:56.383+0000] {logging_mixin.py:190} INFO - [2024-11-04T14:33:56.382+0000] {override.py:1900} INFO - Created Permission View: can read on DAG Run:dataset_s3_bucket_consumer_with_no_taskflow
[2024-11-04T14:33:56.397+0000] {logging_mixin.py:190} INFO - [2024-11-04T14:33:56.396+0000] {override.py:1900} INFO - Created Permission View: can delete on DAG Run:dataset_s3_bucket_consumer_with_no_taskflow
[2024-11-04T14:33:56.413+0000] {logging_mixin.py:190} INFO - [2024-11-04T14:33:56.412+0000] {override.py:1900} INFO - Created Permission View: menu access on DAG Run:dataset_s3_bucket_consumer_with_no_taskflow
[2024-11-04T14:33:56.428+0000] {logging_mixin.py:190} INFO - [2024-11-04T14:33:56.428+0000] {override.py:1900} INFO - Created Permission View: can create on DAG Run:dataset_s3_bucket_consumer_with_no_taskflow
[2024-11-04T14:33:56.462+0000] {logging_mixin.py:190} INFO - [2024-11-04T14:33:56.462+0000] {override.py:1900} INFO - Created Permission View: can edit on DAG:dataset_alias_example_alias_producer_with_no_taskflow
[2024-11-04T14:33:56.476+0000] {logging_mixin.py:190} INFO - [2024-11-04T14:33:56.475+0000] {override.py:1900} INFO - Created Permission View: can read on DAG:dataset_alias_example_alias_producer_with_no_taskflow
[2024-11-04T14:33:56.491+0000] {logging_mixin.py:190} INFO - [2024-11-04T14:33:56.490+0000] {override.py:1900} INFO - Created Permission View: can delete on DAG:dataset_alias_example_alias_producer_with_no_taskflow
[2024-11-04T14:33:56.509+0000] {logging_mixin.py:190} INFO - [2024-11-04T14:33:56.508+0000] {override.py:1900} INFO - Created Permission View: can read on DAG Run:dataset_alias_example_alias_producer_with_no_taskflow
[2024-11-04T14:33:56.524+0000] {logging_mixin.py:190} INFO - [2024-11-04T14:33:56.524+0000] {override.py:1900} INFO - Created Permission View: can delete on DAG Run:dataset_alias_example_alias_producer_with_no_taskflow
[2024-11-04T14:33:56.538+0000] {logging_mixin.py:190} INFO - [2024-11-04T14:33:56.537+0000] {override.py:1900} INFO - Created Permission View: menu access on DAG Run:dataset_alias_example_alias_producer_with_no_taskflow
[2024-11-04T14:33:56.550+0000] {logging_mixin.py:190} INFO - [2024-11-04T14:33:56.550+0000] {override.py:1900} INFO - Created Permission View: can create on DAG Run:dataset_alias_example_alias_producer_with_no_taskflow
[2024-11-04T14:33:56.576+0000] {logging_mixin.py:190} INFO - [2024-11-04T14:33:56.575+0000] {override.py:1900} INFO - Created Permission View: can edit on DAG:dataset_s3_bucket_producer_with_no_taskflow
[2024-11-04T14:33:56.588+0000] {logging_mixin.py:190} INFO - [2024-11-04T14:33:56.588+0000] {override.py:1900} INFO - Created Permission View: can read on DAG:dataset_s3_bucket_producer_with_no_taskflow
[2024-11-04T14:33:56.602+0000] {logging_mixin.py:190} INFO - [2024-11-04T14:33:56.602+0000] {override.py:1900} INFO - Created Permission View: can delete on DAG:dataset_s3_bucket_producer_with_no_taskflow
[2024-11-04T14:33:56.618+0000] {logging_mixin.py:190} INFO - [2024-11-04T14:33:56.618+0000] {override.py:1900} INFO - Created Permission View: can read on DAG Run:dataset_s3_bucket_producer_with_no_taskflow
[2024-11-04T14:33:56.633+0000] {logging_mixin.py:190} INFO - [2024-11-04T14:33:56.632+0000] {override.py:1900} INFO - Created Permission View: can delete on DAG Run:dataset_s3_bucket_producer_with_no_taskflow
[2024-11-04T14:33:56.646+0000] {logging_mixin.py:190} INFO - [2024-11-04T14:33:56.646+0000] {override.py:1900} INFO - Created Permission View: menu access on DAG Run:dataset_s3_bucket_producer_with_no_taskflow
[2024-11-04T14:33:56.660+0000] {logging_mixin.py:190} INFO - [2024-11-04T14:33:56.660+0000] {override.py:1900} INFO - Created Permission View: can create on DAG Run:dataset_s3_bucket_producer_with_no_taskflow
[2024-11-04T14:33:56.662+0000] {logging_mixin.py:190} INFO - [2024-11-04T14:33:56.662+0000] {dag.py:3239} INFO - Sync 4 DAGs
[2024-11-04T14:33:56.685+0000] {logging_mixin.py:190} INFO - [2024-11-04T14:33:56.685+0000] {dag.py:3262} INFO - Creating ORM DAG for dataset_s3_bucket_producer_with_no_taskflow
[2024-11-04T14:33:56.687+0000] {logging_mixin.py:190} INFO - [2024-11-04T14:33:56.687+0000] {dag.py:3262} INFO - Creating ORM DAG for dataset_s3_bucket_consumer_with_no_taskflow
[2024-11-04T14:33:56.689+0000] {logging_mixin.py:190} INFO - [2024-11-04T14:33:56.689+0000] {dag.py:3262} INFO - Creating ORM DAG for dataset_alias_example_alias_producer_with_no_taskflow
[2024-11-04T14:33:56.691+0000] {logging_mixin.py:190} INFO - [2024-11-04T14:33:56.691+0000] {dag.py:3262} INFO - Creating ORM DAG for dataset_alias_example_alias_consumer_with_no_taskflow
[2024-11-04T14:33:56.708+0000] {logging_mixin.py:190} INFO - [2024-11-04T14:33:56.708+0000] {dag.py:4180} INFO - Setting next_dagrun for dataset_alias_example_alias_consumer_with_no_taskflow to None, run_after=None
[2024-11-04T14:33:56.710+0000] {logging_mixin.py:190} INFO - [2024-11-04T14:33:56.710+0000] {dag.py:4180} INFO - Setting next_dagrun for dataset_alias_example_alias_producer_with_no_taskflow to None, run_after=None
[2024-11-04T14:33:56.713+0000] {logging_mixin.py:190} INFO - [2024-11-04T14:33:56.712+0000] {dag.py:4180} INFO - Setting next_dagrun for dataset_s3_bucket_consumer_with_no_taskflow to None, run_after=None
[2024-11-04T14:33:56.715+0000] {logging_mixin.py:190} INFO - [2024-11-04T14:33:56.715+0000] {dag.py:4180} INFO - Setting next_dagrun for dataset_s3_bucket_producer_with_no_taskflow to None, run_after=None
[2024-11-04T14:33:56.770+0000] {processor.py:208} INFO - Processing /home/airflow/.local/lib/python3.12/site-packages/airflow/example_dags/example_dataset_alias_with_no_taskflow.py took 1.515 seconds
[2024-11-04T14:34:27.211+0000] {processor.py:186} INFO - Started process (PID=461) to work on /home/airflow/.local/lib/python3.12/site-packages/airflow/example_dags/example_dataset_alias_with_no_taskflow.py
[2024-11-04T14:34:27.213+0000] {processor.py:914} INFO - Processing file /home/airflow/.local/lib/python3.12/site-packages/airflow/example_dags/example_dataset_alias_with_no_taskflow.py for tasks to queue
[2024-11-04T14:34:27.217+0000] {logging_mixin.py:190} INFO - [2024-11-04T14:34:27.216+0000] {dagbag.py:588} INFO - Filling up the DagBag from /home/airflow/.local/lib/python3.12/site-packages/airflow/example_dags/example_dataset_alias_with_no_taskflow.py
[2024-11-04T14:34:27.384+0000] {processor.py:925} INFO - DAG(s) 'dataset_s3_bucket_consumer_with_no_taskflow', 'dataset_alias_example_alias_consumer_with_no_taskflow', 'dataset_s3_bucket_producer_with_no_taskflow', 'dataset_alias_example_alias_producer_with_no_taskflow' retrieved from /home/airflow/.local/lib/python3.12/site-packages/airflow/example_dags/example_dataset_alias_with_no_taskflow.py
[2024-11-04T14:34:27.407+0000] {logging_mixin.py:190} INFO - [2024-11-04T14:34:27.407+0000] {dag.py:3239} INFO - Sync 4 DAGs
[2024-11-04T14:34:27.428+0000] {logging_mixin.py:190} INFO - [2024-11-04T14:34:27.428+0000] {dag.py:4180} INFO - Setting next_dagrun for dataset_alias_example_alias_consumer_with_no_taskflow to None, run_after=None
[2024-11-04T14:34:27.432+0000] {logging_mixin.py:190} INFO - [2024-11-04T14:34:27.431+0000] {dag.py:4180} INFO - Setting next_dagrun for dataset_alias_example_alias_producer_with_no_taskflow to None, run_after=None
[2024-11-04T14:34:27.434+0000] {logging_mixin.py:190} INFO - [2024-11-04T14:34:27.434+0000] {dag.py:4180} INFO - Setting next_dagrun for dataset_s3_bucket_consumer_with_no_taskflow to None, run_after=None
[2024-11-04T14:34:27.436+0000] {logging_mixin.py:190} INFO - [2024-11-04T14:34:27.435+0000] {dag.py:4180} INFO - Setting next_dagrun for dataset_s3_bucket_producer_with_no_taskflow to None, run_after=None
[2024-11-04T14:34:27.461+0000] {processor.py:208} INFO - Processing /home/airflow/.local/lib/python3.12/site-packages/airflow/example_dags/example_dataset_alias_with_no_taskflow.py took 0.258 seconds
[2024-11-04T14:34:57.613+0000] {processor.py:186} INFO - Started process (PID=748) to work on /home/airflow/.local/lib/python3.12/site-packages/airflow/example_dags/example_dataset_alias_with_no_taskflow.py
[2024-11-04T14:34:57.614+0000] {processor.py:914} INFO - Processing file /home/airflow/.local/lib/python3.12/site-packages/airflow/example_dags/example_dataset_alias_with_no_taskflow.py for tasks to queue
[2024-11-04T14:34:57.617+0000] {logging_mixin.py:190} INFO - [2024-11-04T14:34:57.617+0000] {dagbag.py:588} INFO - Filling up the DagBag from /home/airflow/.local/lib/python3.12/site-packages/airflow/example_dags/example_dataset_alias_with_no_taskflow.py
[2024-11-04T14:34:57.727+0000] {processor.py:925} INFO - DAG(s) 'dataset_alias_example_alias_producer_with_no_taskflow', 'dataset_alias_example_alias_consumer_with_no_taskflow', 'dataset_s3_bucket_consumer_with_no_taskflow', 'dataset_s3_bucket_producer_with_no_taskflow' retrieved from /home/airflow/.local/lib/python3.12/site-packages/airflow/example_dags/example_dataset_alias_with_no_taskflow.py
[2024-11-04T14:34:57.749+0000] {logging_mixin.py:190} INFO - [2024-11-04T14:34:57.748+0000] {dag.py:3239} INFO - Sync 4 DAGs
[2024-11-04T14:34:57.769+0000] {logging_mixin.py:190} INFO - [2024-11-04T14:34:57.769+0000] {dag.py:4180} INFO - Setting next_dagrun for dataset_alias_example_alias_consumer_with_no_taskflow to None, run_after=None
[2024-11-04T14:34:57.772+0000] {logging_mixin.py:190} INFO - [2024-11-04T14:34:57.772+0000] {dag.py:4180} INFO - Setting next_dagrun for dataset_alias_example_alias_producer_with_no_taskflow to None, run_after=None
[2024-11-04T14:34:57.774+0000] {logging_mixin.py:190} INFO - [2024-11-04T14:34:57.774+0000] {dag.py:4180} INFO - Setting next_dagrun for dataset_s3_bucket_consumer_with_no_taskflow to None, run_after=None
[2024-11-04T14:34:57.776+0000] {logging_mixin.py:190} INFO - [2024-11-04T14:34:57.776+0000] {dag.py:4180} INFO - Setting next_dagrun for dataset_s3_bucket_producer_with_no_taskflow to None, run_after=None
[2024-11-04T14:34:57.797+0000] {processor.py:208} INFO - Processing /home/airflow/.local/lib/python3.12/site-packages/airflow/example_dags/example_dataset_alias_with_no_taskflow.py took 0.191 seconds
[2024-11-04T14:36:22.521+0000] {processor.py:186} INFO - Started process (PID=171) to work on /home/airflow/.local/lib/python3.12/site-packages/airflow/example_dags/example_dataset_alias_with_no_taskflow.py
[2024-11-04T14:36:22.523+0000] {processor.py:914} INFO - Processing file /home/airflow/.local/lib/python3.12/site-packages/airflow/example_dags/example_dataset_alias_with_no_taskflow.py for tasks to queue
[2024-11-04T14:36:22.526+0000] {logging_mixin.py:190} INFO - [2024-11-04T14:36:22.526+0000] {dagbag.py:588} INFO - Filling up the DagBag from /home/airflow/.local/lib/python3.12/site-packages/airflow/example_dags/example_dataset_alias_with_no_taskflow.py
[2024-11-04T14:36:23.150+0000] {processor.py:925} INFO - DAG(s) 'dataset_alias_example_alias_consumer_with_no_taskflow', 'dataset_s3_bucket_consumer_with_no_taskflow', 'dataset_s3_bucket_producer_with_no_taskflow', 'dataset_alias_example_alias_producer_with_no_taskflow' retrieved from /home/airflow/.local/lib/python3.12/site-packages/airflow/example_dags/example_dataset_alias_with_no_taskflow.py
[2024-11-04T14:36:23.261+0000] {logging_mixin.py:190} INFO - [2024-11-04T14:36:23.260+0000] {override.py:1900} INFO - Created Permission View: can delete on DAG:dataset_alias_example_alias_consumer_with_no_taskflow
[2024-11-04T14:36:23.274+0000] {logging_mixin.py:190} INFO - [2024-11-04T14:36:23.274+0000] {override.py:1900} INFO - Created Permission View: can read on DAG:dataset_alias_example_alias_consumer_with_no_taskflow
[2024-11-04T14:36:23.283+0000] {logging_mixin.py:190} INFO - [2024-11-04T14:36:23.283+0000] {override.py:1900} INFO - Created Permission View: can edit on DAG:dataset_alias_example_alias_consumer_with_no_taskflow
[2024-11-04T14:36:23.295+0000] {logging_mixin.py:190} INFO - [2024-11-04T14:36:23.294+0000] {override.py:1900} INFO - Created Permission View: can create on DAG Run:dataset_alias_example_alias_consumer_with_no_taskflow
[2024-11-04T14:36:23.306+0000] {logging_mixin.py:190} INFO - [2024-11-04T14:36:23.306+0000] {override.py:1900} INFO - Created Permission View: can delete on DAG Run:dataset_alias_example_alias_consumer_with_no_taskflow
[2024-11-04T14:36:23.317+0000] {logging_mixin.py:190} INFO - [2024-11-04T14:36:23.317+0000] {override.py:1900} INFO - Created Permission View: can read on DAG Run:dataset_alias_example_alias_consumer_with_no_taskflow
[2024-11-04T14:36:23.326+0000] {logging_mixin.py:190} INFO - [2024-11-04T14:36:23.326+0000] {override.py:1900} INFO - Created Permission View: menu access on DAG Run:dataset_alias_example_alias_consumer_with_no_taskflow
[2024-11-04T14:36:23.343+0000] {logging_mixin.py:190} INFO - [2024-11-04T14:36:23.342+0000] {override.py:1900} INFO - Created Permission View: can delete on DAG:dataset_s3_bucket_consumer_with_no_taskflow
[2024-11-04T14:36:23.353+0000] {logging_mixin.py:190} INFO - [2024-11-04T14:36:23.352+0000] {override.py:1900} INFO - Created Permission View: can read on DAG:dataset_s3_bucket_consumer_with_no_taskflow
[2024-11-04T14:36:23.363+0000] {logging_mixin.py:190} INFO - [2024-11-04T14:36:23.362+0000] {override.py:1900} INFO - Created Permission View: can edit on DAG:dataset_s3_bucket_consumer_with_no_taskflow
[2024-11-04T14:36:23.375+0000] {logging_mixin.py:190} INFO - [2024-11-04T14:36:23.375+0000] {override.py:1900} INFO - Created Permission View: can create on DAG Run:dataset_s3_bucket_consumer_with_no_taskflow
[2024-11-04T14:36:23.386+0000] {logging_mixin.py:190} INFO - [2024-11-04T14:36:23.385+0000] {override.py:1900} INFO - Created Permission View: can delete on DAG Run:dataset_s3_bucket_consumer_with_no_taskflow
[2024-11-04T14:36:23.397+0000] {logging_mixin.py:190} INFO - [2024-11-04T14:36:23.397+0000] {override.py:1900} INFO - Created Permission View: can read on DAG Run:dataset_s3_bucket_consumer_with_no_taskflow
[2024-11-04T14:36:23.407+0000] {logging_mixin.py:190} INFO - [2024-11-04T14:36:23.407+0000] {override.py:1900} INFO - Created Permission View: menu access on DAG Run:dataset_s3_bucket_consumer_with_no_taskflow
[2024-11-04T14:36:23.425+0000] {logging_mixin.py:190} INFO - [2024-11-04T14:36:23.424+0000] {override.py:1900} INFO - Created Permission View: can delete on DAG:dataset_s3_bucket_producer_with_no_taskflow
[2024-11-04T14:36:23.435+0000] {logging_mixin.py:190} INFO - [2024-11-04T14:36:23.435+0000] {override.py:1900} INFO - Created Permission View: can read on DAG:dataset_s3_bucket_producer_with_no_taskflow
[2024-11-04T14:36:23.448+0000] {logging_mixin.py:190} INFO - [2024-11-04T14:36:23.448+0000] {override.py:1900} INFO - Created Permission View: can edit on DAG:dataset_s3_bucket_producer_with_no_taskflow
[2024-11-04T14:36:23.460+0000] {logging_mixin.py:190} INFO - [2024-11-04T14:36:23.460+0000] {override.py:1900} INFO - Created Permission View: can create on DAG Run:dataset_s3_bucket_producer_with_no_taskflow
[2024-11-04T14:36:23.469+0000] {logging_mixin.py:190} INFO - [2024-11-04T14:36:23.469+0000] {override.py:1900} INFO - Created Permission View: can delete on DAG Run:dataset_s3_bucket_producer_with_no_taskflow
[2024-11-04T14:36:23.478+0000] {logging_mixin.py:190} INFO - [2024-11-04T14:36:23.478+0000] {override.py:1900} INFO - Created Permission View: can read on DAG Run:dataset_s3_bucket_producer_with_no_taskflow
[2024-11-04T14:36:23.488+0000] {logging_mixin.py:190} INFO - [2024-11-04T14:36:23.488+0000] {override.py:1900} INFO - Created Permission View: menu access on DAG Run:dataset_s3_bucket_producer_with_no_taskflow
[2024-11-04T14:36:23.506+0000] {logging_mixin.py:190} INFO - [2024-11-04T14:36:23.506+0000] {override.py:1900} INFO - Created Permission View: can delete on DAG:dataset_alias_example_alias_producer_with_no_taskflow
[2024-11-04T14:36:23.515+0000] {logging_mixin.py:190} INFO - [2024-11-04T14:36:23.514+0000] {override.py:1900} INFO - Created Permission View: can read on DAG:dataset_alias_example_alias_producer_with_no_taskflow
[2024-11-04T14:36:23.524+0000] {logging_mixin.py:190} INFO - [2024-11-04T14:36:23.524+0000] {override.py:1900} INFO - Created Permission View: can edit on DAG:dataset_alias_example_alias_producer_with_no_taskflow
[2024-11-04T14:36:23.535+0000] {logging_mixin.py:190} INFO - [2024-11-04T14:36:23.534+0000] {override.py:1900} INFO - Created Permission View: can create on DAG Run:dataset_alias_example_alias_producer_with_no_taskflow
[2024-11-04T14:36:23.545+0000] {logging_mixin.py:190} INFO - [2024-11-04T14:36:23.545+0000] {override.py:1900} INFO - Created Permission View: can delete on DAG Run:dataset_alias_example_alias_producer_with_no_taskflow
[2024-11-04T14:36:23.555+0000] {logging_mixin.py:190} INFO - [2024-11-04T14:36:23.554+0000] {override.py:1900} INFO - Created Permission View: can read on DAG Run:dataset_alias_example_alias_producer_with_no_taskflow
[2024-11-04T14:36:23.565+0000] {logging_mixin.py:190} INFO - [2024-11-04T14:36:23.564+0000] {override.py:1900} INFO - Created Permission View: menu access on DAG Run:dataset_alias_example_alias_producer_with_no_taskflow
[2024-11-04T14:36:23.566+0000] {logging_mixin.py:190} INFO - [2024-11-04T14:36:23.565+0000] {dag.py:3239} INFO - Sync 4 DAGs
[2024-11-04T14:36:23.580+0000] {logging_mixin.py:190} INFO - [2024-11-04T14:36:23.580+0000] {dag.py:3262} INFO - Creating ORM DAG for dataset_alias_example_alias_producer_with_no_taskflow
[2024-11-04T14:36:23.582+0000] {logging_mixin.py:190} INFO - [2024-11-04T14:36:23.582+0000] {dag.py:3262} INFO - Creating ORM DAG for dataset_s3_bucket_producer_with_no_taskflow
[2024-11-04T14:36:23.583+0000] {logging_mixin.py:190} INFO - [2024-11-04T14:36:23.583+0000] {dag.py:3262} INFO - Creating ORM DAG for dataset_alias_example_alias_consumer_with_no_taskflow
[2024-11-04T14:36:23.584+0000] {logging_mixin.py:190} INFO - [2024-11-04T14:36:23.584+0000] {dag.py:3262} INFO - Creating ORM DAG for dataset_s3_bucket_consumer_with_no_taskflow
[2024-11-04T14:36:23.595+0000] {logging_mixin.py:190} INFO - [2024-11-04T14:36:23.594+0000] {dag.py:4180} INFO - Setting next_dagrun for dataset_alias_example_alias_consumer_with_no_taskflow to None, run_after=None
[2024-11-04T14:36:23.596+0000] {logging_mixin.py:190} INFO - [2024-11-04T14:36:23.596+0000] {dag.py:4180} INFO - Setting next_dagrun for dataset_alias_example_alias_producer_with_no_taskflow to None, run_after=None
[2024-11-04T14:36:23.598+0000] {logging_mixin.py:190} INFO - [2024-11-04T14:36:23.597+0000] {dag.py:4180} INFO - Setting next_dagrun for dataset_s3_bucket_consumer_with_no_taskflow to None, run_after=None
[2024-11-04T14:36:23.599+0000] {logging_mixin.py:190} INFO - [2024-11-04T14:36:23.599+0000] {dag.py:4180} INFO - Setting next_dagrun for dataset_s3_bucket_producer_with_no_taskflow to None, run_after=None
[2024-11-04T14:36:23.643+0000] {processor.py:208} INFO - Processing /home/airflow/.local/lib/python3.12/site-packages/airflow/example_dags/example_dataset_alias_with_no_taskflow.py took 1.131 seconds
[2024-11-04T14:36:54.463+0000] {processor.py:186} INFO - Started process (PID=467) to work on /home/airflow/.local/lib/python3.12/site-packages/airflow/example_dags/example_dataset_alias_with_no_taskflow.py
[2024-11-04T14:36:54.464+0000] {processor.py:914} INFO - Processing file /home/airflow/.local/lib/python3.12/site-packages/airflow/example_dags/example_dataset_alias_with_no_taskflow.py for tasks to queue
[2024-11-04T14:36:54.468+0000] {logging_mixin.py:190} INFO - [2024-11-04T14:36:54.467+0000] {dagbag.py:588} INFO - Filling up the DagBag from /home/airflow/.local/lib/python3.12/site-packages/airflow/example_dags/example_dataset_alias_with_no_taskflow.py
[2024-11-04T14:36:54.584+0000] {processor.py:925} INFO - DAG(s) 'dataset_alias_example_alias_producer_with_no_taskflow', 'dataset_s3_bucket_consumer_with_no_taskflow', 'dataset_alias_example_alias_consumer_with_no_taskflow', 'dataset_s3_bucket_producer_with_no_taskflow' retrieved from /home/airflow/.local/lib/python3.12/site-packages/airflow/example_dags/example_dataset_alias_with_no_taskflow.py
[2024-11-04T14:36:54.602+0000] {logging_mixin.py:190} INFO - [2024-11-04T14:36:54.602+0000] {dag.py:3239} INFO - Sync 4 DAGs
[2024-11-04T14:36:54.624+0000] {logging_mixin.py:190} INFO - [2024-11-04T14:36:54.623+0000] {dag.py:4180} INFO - Setting next_dagrun for dataset_alias_example_alias_consumer_with_no_taskflow to None, run_after=None
[2024-11-04T14:36:54.627+0000] {logging_mixin.py:190} INFO - [2024-11-04T14:36:54.627+0000] {dag.py:4180} INFO - Setting next_dagrun for dataset_alias_example_alias_producer_with_no_taskflow to None, run_after=None
[2024-11-04T14:36:54.629+0000] {logging_mixin.py:190} INFO - [2024-11-04T14:36:54.629+0000] {dag.py:4180} INFO - Setting next_dagrun for dataset_s3_bucket_consumer_with_no_taskflow to None, run_after=None
[2024-11-04T14:36:54.631+0000] {logging_mixin.py:190} INFO - [2024-11-04T14:36:54.631+0000] {dag.py:4180} INFO - Setting next_dagrun for dataset_s3_bucket_producer_with_no_taskflow to None, run_after=None
[2024-11-04T14:36:54.653+0000] {processor.py:208} INFO - Processing /home/airflow/.local/lib/python3.12/site-packages/airflow/example_dags/example_dataset_alias_with_no_taskflow.py took 0.196 seconds
[2024-11-04T14:37:24.758+0000] {processor.py:186} INFO - Started process (PID=753) to work on /home/airflow/.local/lib/python3.12/site-packages/airflow/example_dags/example_dataset_alias_with_no_taskflow.py
[2024-11-04T14:37:24.763+0000] {processor.py:914} INFO - Processing file /home/airflow/.local/lib/python3.12/site-packages/airflow/example_dags/example_dataset_alias_with_no_taskflow.py for tasks to queue
[2024-11-04T14:37:24.770+0000] {logging_mixin.py:190} INFO - [2024-11-04T14:37:24.769+0000] {dagbag.py:588} INFO - Filling up the DagBag from /home/airflow/.local/lib/python3.12/site-packages/airflow/example_dags/example_dataset_alias_with_no_taskflow.py
[2024-11-04T14:37:25.009+0000] {processor.py:925} INFO - DAG(s) 'dataset_s3_bucket_producer_with_no_taskflow', 'dataset_alias_example_alias_consumer_with_no_taskflow', 'dataset_s3_bucket_consumer_with_no_taskflow', 'dataset_alias_example_alias_producer_with_no_taskflow' retrieved from /home/airflow/.local/lib/python3.12/site-packages/airflow/example_dags/example_dataset_alias_with_no_taskflow.py
[2024-11-04T14:37:25.052+0000] {logging_mixin.py:190} INFO - [2024-11-04T14:37:25.051+0000] {dag.py:3239} INFO - Sync 4 DAGs
[2024-11-04T14:37:25.090+0000] {logging_mixin.py:190} INFO - [2024-11-04T14:37:25.090+0000] {dag.py:4180} INFO - Setting next_dagrun for dataset_alias_example_alias_consumer_with_no_taskflow to None, run_after=None
[2024-11-04T14:37:25.095+0000] {logging_mixin.py:190} INFO - [2024-11-04T14:37:25.095+0000] {dag.py:4180} INFO - Setting next_dagrun for dataset_alias_example_alias_producer_with_no_taskflow to None, run_after=None
[2024-11-04T14:37:25.098+0000] {logging_mixin.py:190} INFO - [2024-11-04T14:37:25.098+0000] {dag.py:4180} INFO - Setting next_dagrun for dataset_s3_bucket_consumer_with_no_taskflow to None, run_after=None
[2024-11-04T14:37:25.100+0000] {logging_mixin.py:190} INFO - [2024-11-04T14:37:25.100+0000] {dag.py:4180} INFO - Setting next_dagrun for dataset_s3_bucket_producer_with_no_taskflow to None, run_after=None
[2024-11-04T14:37:25.146+0000] {processor.py:208} INFO - Processing /home/airflow/.local/lib/python3.12/site-packages/airflow/example_dags/example_dataset_alias_with_no_taskflow.py took 0.405 seconds
[2024-11-04T14:37:55.632+0000] {processor.py:186} INFO - Started process (PID=1049) to work on /home/airflow/.local/lib/python3.12/site-packages/airflow/example_dags/example_dataset_alias_with_no_taskflow.py
[2024-11-04T14:37:55.635+0000] {processor.py:914} INFO - Processing file /home/airflow/.local/lib/python3.12/site-packages/airflow/example_dags/example_dataset_alias_with_no_taskflow.py for tasks to queue
[2024-11-04T14:37:55.641+0000] {logging_mixin.py:190} INFO - [2024-11-04T14:37:55.640+0000] {dagbag.py:588} INFO - Filling up the DagBag from /home/airflow/.local/lib/python3.12/site-packages/airflow/example_dags/example_dataset_alias_with_no_taskflow.py
[2024-11-04T14:37:55.944+0000] {processor.py:925} INFO - DAG(s) 'dataset_alias_example_alias_consumer_with_no_taskflow', 'dataset_s3_bucket_consumer_with_no_taskflow', 'dataset_alias_example_alias_producer_with_no_taskflow', 'dataset_s3_bucket_producer_with_no_taskflow' retrieved from /home/airflow/.local/lib/python3.12/site-packages/airflow/example_dags/example_dataset_alias_with_no_taskflow.py
[2024-11-04T14:37:55.995+0000] {logging_mixin.py:190} INFO - [2024-11-04T14:37:55.994+0000] {dag.py:3239} INFO - Sync 4 DAGs
[2024-11-04T14:37:56.039+0000] {logging_mixin.py:190} INFO - [2024-11-04T14:37:56.038+0000] {dag.py:4180} INFO - Setting next_dagrun for dataset_alias_example_alias_consumer_with_no_taskflow to None, run_after=None
[2024-11-04T14:37:56.046+0000] {logging_mixin.py:190} INFO - [2024-11-04T14:37:56.045+0000] {dag.py:4180} INFO - Setting next_dagrun for dataset_alias_example_alias_producer_with_no_taskflow to None, run_after=None
[2024-11-04T14:37:56.049+0000] {logging_mixin.py:190} INFO - [2024-11-04T14:37:56.048+0000] {dag.py:4180} INFO - Setting next_dagrun for dataset_s3_bucket_consumer_with_no_taskflow to None, run_after=None
[2024-11-04T14:37:56.052+0000] {logging_mixin.py:190} INFO - [2024-11-04T14:37:56.051+0000] {dag.py:4180} INFO - Setting next_dagrun for dataset_s3_bucket_producer_with_no_taskflow to None, run_after=None
[2024-11-04T14:37:56.092+0000] {processor.py:208} INFO - Processing /home/airflow/.local/lib/python3.12/site-packages/airflow/example_dags/example_dataset_alias_with_no_taskflow.py took 0.472 seconds
[2024-11-04T14:38:26.976+0000] {processor.py:186} INFO - Started process (PID=1335) to work on /home/airflow/.local/lib/python3.12/site-packages/airflow/example_dags/example_dataset_alias_with_no_taskflow.py
[2024-11-04T14:38:26.977+0000] {processor.py:914} INFO - Processing file /home/airflow/.local/lib/python3.12/site-packages/airflow/example_dags/example_dataset_alias_with_no_taskflow.py for tasks to queue
[2024-11-04T14:38:26.980+0000] {logging_mixin.py:190} INFO - [2024-11-04T14:38:26.980+0000] {dagbag.py:588} INFO - Filling up the DagBag from /home/airflow/.local/lib/python3.12/site-packages/airflow/example_dags/example_dataset_alias_with_no_taskflow.py
[2024-11-04T14:38:27.118+0000] {processor.py:925} INFO - DAG(s) 'dataset_s3_bucket_consumer_with_no_taskflow', 'dataset_alias_example_alias_consumer_with_no_taskflow', 'dataset_s3_bucket_producer_with_no_taskflow', 'dataset_alias_example_alias_producer_with_no_taskflow' retrieved from /home/airflow/.local/lib/python3.12/site-packages/airflow/example_dags/example_dataset_alias_with_no_taskflow.py
[2024-11-04T14:38:27.144+0000] {logging_mixin.py:190} INFO - [2024-11-04T14:38:27.143+0000] {dag.py:3239} INFO - Sync 4 DAGs
[2024-11-04T14:38:27.167+0000] {logging_mixin.py:190} INFO - [2024-11-04T14:38:27.166+0000] {dag.py:4180} INFO - Setting next_dagrun for dataset_alias_example_alias_consumer_with_no_taskflow to None, run_after=None
[2024-11-04T14:38:27.172+0000] {logging_mixin.py:190} INFO - [2024-11-04T14:38:27.172+0000] {dag.py:4180} INFO - Setting next_dagrun for dataset_alias_example_alias_producer_with_no_taskflow to None, run_after=None
[2024-11-04T14:38:27.175+0000] {logging_mixin.py:190} INFO - [2024-11-04T14:38:27.174+0000] {dag.py:4180} INFO - Setting next_dagrun for dataset_s3_bucket_consumer_with_no_taskflow to None, run_after=None
[2024-11-04T14:38:27.177+0000] {logging_mixin.py:190} INFO - [2024-11-04T14:38:27.176+0000] {dag.py:4180} INFO - Setting next_dagrun for dataset_s3_bucket_producer_with_no_taskflow to None, run_after=None
[2024-11-04T14:38:27.203+0000] {processor.py:208} INFO - Processing /home/airflow/.local/lib/python3.12/site-packages/airflow/example_dags/example_dataset_alias_with_no_taskflow.py took 0.233 seconds
[2024-11-04T14:38:57.351+0000] {processor.py:186} INFO - Started process (PID=1627) to work on /home/airflow/.local/lib/python3.12/site-packages/airflow/example_dags/example_dataset_alias_with_no_taskflow.py
[2024-11-04T14:38:57.353+0000] {processor.py:914} INFO - Processing file /home/airflow/.local/lib/python3.12/site-packages/airflow/example_dags/example_dataset_alias_with_no_taskflow.py for tasks to queue
[2024-11-04T14:38:57.355+0000] {logging_mixin.py:190} INFO - [2024-11-04T14:38:57.355+0000] {dagbag.py:588} INFO - Filling up the DagBag from /home/airflow/.local/lib/python3.12/site-packages/airflow/example_dags/example_dataset_alias_with_no_taskflow.py
[2024-11-04T14:38:57.473+0000] {processor.py:925} INFO - DAG(s) 'dataset_s3_bucket_consumer_with_no_taskflow', 'dataset_alias_example_alias_producer_with_no_taskflow', 'dataset_alias_example_alias_consumer_with_no_taskflow', 'dataset_s3_bucket_producer_with_no_taskflow' retrieved from /home/airflow/.local/lib/python3.12/site-packages/airflow/example_dags/example_dataset_alias_with_no_taskflow.py
[2024-11-04T14:38:57.492+0000] {logging_mixin.py:190} INFO - [2024-11-04T14:38:57.491+0000] {dag.py:3239} INFO - Sync 4 DAGs
[2024-11-04T14:38:57.514+0000] {logging_mixin.py:190} INFO - [2024-11-04T14:38:57.514+0000] {dag.py:4180} INFO - Setting next_dagrun for dataset_alias_example_alias_consumer_with_no_taskflow to None, run_after=None
[2024-11-04T14:38:57.517+0000] {logging_mixin.py:190} INFO - [2024-11-04T14:38:57.517+0000] {dag.py:4180} INFO - Setting next_dagrun for dataset_alias_example_alias_producer_with_no_taskflow to None, run_after=None
[2024-11-04T14:38:57.519+0000] {logging_mixin.py:190} INFO - [2024-11-04T14:38:57.519+0000] {dag.py:4180} INFO - Setting next_dagrun for dataset_s3_bucket_consumer_with_no_taskflow to None, run_after=None
[2024-11-04T14:38:57.521+0000] {logging_mixin.py:190} INFO - [2024-11-04T14:38:57.521+0000] {dag.py:4180} INFO - Setting next_dagrun for dataset_s3_bucket_producer_with_no_taskflow to None, run_after=None
[2024-11-04T14:38:57.546+0000] {processor.py:208} INFO - Processing /home/airflow/.local/lib/python3.12/site-packages/airflow/example_dags/example_dataset_alias_with_no_taskflow.py took 0.200 seconds
[2024-11-04T14:39:28.369+0000] {processor.py:186} INFO - Started process (PID=1913) to work on /home/airflow/.local/lib/python3.12/site-packages/airflow/example_dags/example_dataset_alias_with_no_taskflow.py
[2024-11-04T14:39:28.370+0000] {processor.py:914} INFO - Processing file /home/airflow/.local/lib/python3.12/site-packages/airflow/example_dags/example_dataset_alias_with_no_taskflow.py for tasks to queue
[2024-11-04T14:39:28.373+0000] {logging_mixin.py:190} INFO - [2024-11-04T14:39:28.373+0000] {dagbag.py:588} INFO - Filling up the DagBag from /home/airflow/.local/lib/python3.12/site-packages/airflow/example_dags/example_dataset_alias_with_no_taskflow.py
[2024-11-04T14:39:28.482+0000] {processor.py:925} INFO - DAG(s) 'dataset_alias_example_alias_producer_with_no_taskflow', 'dataset_alias_example_alias_consumer_with_no_taskflow', 'dataset_s3_bucket_producer_with_no_taskflow', 'dataset_s3_bucket_consumer_with_no_taskflow' retrieved from /home/airflow/.local/lib/python3.12/site-packages/airflow/example_dags/example_dataset_alias_with_no_taskflow.py
[2024-11-04T14:39:28.503+0000] {logging_mixin.py:190} INFO - [2024-11-04T14:39:28.503+0000] {dag.py:3239} INFO - Sync 4 DAGs
[2024-11-04T14:39:28.520+0000] {logging_mixin.py:190} INFO - [2024-11-04T14:39:28.520+0000] {dag.py:4180} INFO - Setting next_dagrun for dataset_alias_example_alias_consumer_with_no_taskflow to None, run_after=None
[2024-11-04T14:39:28.523+0000] {logging_mixin.py:190} INFO - [2024-11-04T14:39:28.523+0000] {dag.py:4180} INFO - Setting next_dagrun for dataset_alias_example_alias_producer_with_no_taskflow to None, run_after=None
[2024-11-04T14:39:28.525+0000] {logging_mixin.py:190} INFO - [2024-11-04T14:39:28.525+0000] {dag.py:4180} INFO - Setting next_dagrun for dataset_s3_bucket_consumer_with_no_taskflow to None, run_after=None
[2024-11-04T14:39:28.527+0000] {logging_mixin.py:190} INFO - [2024-11-04T14:39:28.526+0000] {dag.py:4180} INFO - Setting next_dagrun for dataset_s3_bucket_producer_with_no_taskflow to None, run_after=None
[2024-11-04T14:39:28.548+0000] {processor.py:208} INFO - Processing /home/airflow/.local/lib/python3.12/site-packages/airflow/example_dags/example_dataset_alias_with_no_taskflow.py took 0.185 seconds
[2024-11-04T14:39:59.094+0000] {processor.py:186} INFO - Started process (PID=2199) to work on /home/airflow/.local/lib/python3.12/site-packages/airflow/example_dags/example_dataset_alias_with_no_taskflow.py
[2024-11-04T14:39:59.096+0000] {processor.py:914} INFO - Processing file /home/airflow/.local/lib/python3.12/site-packages/airflow/example_dags/example_dataset_alias_with_no_taskflow.py for tasks to queue
[2024-11-04T14:39:59.100+0000] {logging_mixin.py:190} INFO - [2024-11-04T14:39:59.099+0000] {dagbag.py:588} INFO - Filling up the DagBag from /home/airflow/.local/lib/python3.12/site-packages/airflow/example_dags/example_dataset_alias_with_no_taskflow.py
[2024-11-04T14:39:59.295+0000] {processor.py:925} INFO - DAG(s) 'dataset_alias_example_alias_producer_with_no_taskflow', 'dataset_s3_bucket_producer_with_no_taskflow', 'dataset_s3_bucket_consumer_with_no_taskflow', 'dataset_alias_example_alias_consumer_with_no_taskflow' retrieved from /home/airflow/.local/lib/python3.12/site-packages/airflow/example_dags/example_dataset_alias_with_no_taskflow.py
[2024-11-04T14:39:59.325+0000] {logging_mixin.py:190} INFO - [2024-11-04T14:39:59.324+0000] {dag.py:3239} INFO - Sync 4 DAGs
[2024-11-04T14:39:59.350+0000] {logging_mixin.py:190} INFO - [2024-11-04T14:39:59.350+0000] {dag.py:4180} INFO - Setting next_dagrun for dataset_alias_example_alias_consumer_with_no_taskflow to None, run_after=None
[2024-11-04T14:39:59.354+0000] {logging_mixin.py:190} INFO - [2024-11-04T14:39:59.353+0000] {dag.py:4180} INFO - Setting next_dagrun for dataset_alias_example_alias_producer_with_no_taskflow to None, run_after=None
[2024-11-04T14:39:59.356+0000] {logging_mixin.py:190} INFO - [2024-11-04T14:39:59.356+0000] {dag.py:4180} INFO - Setting next_dagrun for dataset_s3_bucket_consumer_with_no_taskflow to None, run_after=None
[2024-11-04T14:39:59.358+0000] {logging_mixin.py:190} INFO - [2024-11-04T14:39:59.358+0000] {dag.py:4180} INFO - Setting next_dagrun for dataset_s3_bucket_producer_with_no_taskflow to None, run_after=None
[2024-11-04T14:39:59.380+0000] {processor.py:208} INFO - Processing /home/airflow/.local/lib/python3.12/site-packages/airflow/example_dags/example_dataset_alias_with_no_taskflow.py took 0.292 seconds
[2024-11-04T14:40:29.721+0000] {processor.py:186} INFO - Started process (PID=2485) to work on /home/airflow/.local/lib/python3.12/site-packages/airflow/example_dags/example_dataset_alias_with_no_taskflow.py
[2024-11-04T14:40:29.722+0000] {processor.py:914} INFO - Processing file /home/airflow/.local/lib/python3.12/site-packages/airflow/example_dags/example_dataset_alias_with_no_taskflow.py for tasks to queue
[2024-11-04T14:40:29.725+0000] {logging_mixin.py:190} INFO - [2024-11-04T14:40:29.725+0000] {dagbag.py:588} INFO - Filling up the DagBag from /home/airflow/.local/lib/python3.12/site-packages/airflow/example_dags/example_dataset_alias_with_no_taskflow.py
[2024-11-04T14:40:29.836+0000] {processor.py:925} INFO - DAG(s) 'dataset_s3_bucket_producer_with_no_taskflow', 'dataset_alias_example_alias_producer_with_no_taskflow', 'dataset_alias_example_alias_consumer_with_no_taskflow', 'dataset_s3_bucket_consumer_with_no_taskflow' retrieved from /home/airflow/.local/lib/python3.12/site-packages/airflow/example_dags/example_dataset_alias_with_no_taskflow.py
[2024-11-04T14:40:29.854+0000] {logging_mixin.py:190} INFO - [2024-11-04T14:40:29.853+0000] {dag.py:3239} INFO - Sync 4 DAGs
[2024-11-04T14:40:29.872+0000] {logging_mixin.py:190} INFO - [2024-11-04T14:40:29.872+0000] {dag.py:4180} INFO - Setting next_dagrun for dataset_alias_example_alias_consumer_with_no_taskflow to None, run_after=None
[2024-11-04T14:40:29.875+0000] {logging_mixin.py:190} INFO - [2024-11-04T14:40:29.875+0000] {dag.py:4180} INFO - Setting next_dagrun for dataset_alias_example_alias_producer_with_no_taskflow to None, run_after=None
[2024-11-04T14:40:29.877+0000] {logging_mixin.py:190} INFO - [2024-11-04T14:40:29.877+0000] {dag.py:4180} INFO - Setting next_dagrun for dataset_s3_bucket_consumer_with_no_taskflow to None, run_after=None
[2024-11-04T14:40:29.878+0000] {logging_mixin.py:190} INFO - [2024-11-04T14:40:29.878+0000] {dag.py:4180} INFO - Setting next_dagrun for dataset_s3_bucket_producer_with_no_taskflow to None, run_after=None
[2024-11-04T14:40:29.903+0000] {processor.py:208} INFO - Processing /home/airflow/.local/lib/python3.12/site-packages/airflow/example_dags/example_dataset_alias_with_no_taskflow.py took 0.188 seconds
[2024-11-04T14:41:00.325+0000] {processor.py:186} INFO - Started process (PID=2774) to work on /home/airflow/.local/lib/python3.12/site-packages/airflow/example_dags/example_dataset_alias_with_no_taskflow.py
[2024-11-04T14:41:00.334+0000] {processor.py:914} INFO - Processing file /home/airflow/.local/lib/python3.12/site-packages/airflow/example_dags/example_dataset_alias_with_no_taskflow.py for tasks to queue
[2024-11-04T14:41:00.357+0000] {logging_mixin.py:190} INFO - [2024-11-04T14:41:00.356+0000] {dagbag.py:588} INFO - Filling up the DagBag from /home/airflow/.local/lib/python3.12/site-packages/airflow/example_dags/example_dataset_alias_with_no_taskflow.py
[2024-11-04T14:41:00.710+0000] {processor.py:925} INFO - DAG(s) 'dataset_s3_bucket_producer_with_no_taskflow', 'dataset_alias_example_alias_producer_with_no_taskflow', 'dataset_alias_example_alias_consumer_with_no_taskflow', 'dataset_s3_bucket_consumer_with_no_taskflow' retrieved from /home/airflow/.local/lib/python3.12/site-packages/airflow/example_dags/example_dataset_alias_with_no_taskflow.py
[2024-11-04T14:41:00.767+0000] {logging_mixin.py:190} INFO - [2024-11-04T14:41:00.767+0000] {dag.py:3239} INFO - Sync 4 DAGs
[2024-11-04T14:41:00.816+0000] {logging_mixin.py:190} INFO - [2024-11-04T14:41:00.816+0000] {dag.py:4180} INFO - Setting next_dagrun for dataset_alias_example_alias_consumer_with_no_taskflow to None, run_after=None
[2024-11-04T14:41:00.822+0000] {logging_mixin.py:190} INFO - [2024-11-04T14:41:00.822+0000] {dag.py:4180} INFO - Setting next_dagrun for dataset_alias_example_alias_producer_with_no_taskflow to None, run_after=None
[2024-11-04T14:41:00.826+0000] {logging_mixin.py:190} INFO - [2024-11-04T14:41:00.826+0000] {dag.py:4180} INFO - Setting next_dagrun for dataset_s3_bucket_consumer_with_no_taskflow to None, run_after=None
[2024-11-04T14:41:00.830+0000] {logging_mixin.py:190} INFO - [2024-11-04T14:41:00.829+0000] {dag.py:4180} INFO - Setting next_dagrun for dataset_s3_bucket_producer_with_no_taskflow to None, run_after=None
[2024-11-04T14:41:00.910+0000] {processor.py:208} INFO - Processing /home/airflow/.local/lib/python3.12/site-packages/airflow/example_dags/example_dataset_alias_with_no_taskflow.py took 0.604 seconds
[2024-11-04T14:41:31.646+0000] {processor.py:186} INFO - Started process (PID=3068) to work on /home/airflow/.local/lib/python3.12/site-packages/airflow/example_dags/example_dataset_alias_with_no_taskflow.py
[2024-11-04T14:41:31.650+0000] {processor.py:914} INFO - Processing file /home/airflow/.local/lib/python3.12/site-packages/airflow/example_dags/example_dataset_alias_with_no_taskflow.py for tasks to queue
[2024-11-04T14:41:31.653+0000] {logging_mixin.py:190} INFO - [2024-11-04T14:41:31.652+0000] {dagbag.py:588} INFO - Filling up the DagBag from /home/airflow/.local/lib/python3.12/site-packages/airflow/example_dags/example_dataset_alias_with_no_taskflow.py
[2024-11-04T14:41:31.757+0000] {processor.py:925} INFO - DAG(s) 'dataset_s3_bucket_consumer_with_no_taskflow', 'dataset_alias_example_alias_producer_with_no_taskflow', 'dataset_s3_bucket_producer_with_no_taskflow', 'dataset_alias_example_alias_consumer_with_no_taskflow' retrieved from /home/airflow/.local/lib/python3.12/site-packages/airflow/example_dags/example_dataset_alias_with_no_taskflow.py
[2024-11-04T14:41:31.778+0000] {logging_mixin.py:190} INFO - [2024-11-04T14:41:31.778+0000] {dag.py:3239} INFO - Sync 4 DAGs
[2024-11-04T14:41:31.798+0000] {logging_mixin.py:190} INFO - [2024-11-04T14:41:31.798+0000] {dag.py:4180} INFO - Setting next_dagrun for dataset_alias_example_alias_consumer_with_no_taskflow to None, run_after=None
[2024-11-04T14:41:31.801+0000] {logging_mixin.py:190} INFO - [2024-11-04T14:41:31.801+0000] {dag.py:4180} INFO - Setting next_dagrun for dataset_alias_example_alias_producer_with_no_taskflow to None, run_after=None
[2024-11-04T14:41:31.804+0000] {logging_mixin.py:190} INFO - [2024-11-04T14:41:31.803+0000] {dag.py:4180} INFO - Setting next_dagrun for dataset_s3_bucket_consumer_with_no_taskflow to None, run_after=None
[2024-11-04T14:41:31.805+0000] {logging_mixin.py:190} INFO - [2024-11-04T14:41:31.805+0000] {dag.py:4180} INFO - Setting next_dagrun for dataset_s3_bucket_producer_with_no_taskflow to None, run_after=None
[2024-11-04T14:41:31.828+0000] {processor.py:208} INFO - Processing /home/airflow/.local/lib/python3.12/site-packages/airflow/example_dags/example_dataset_alias_with_no_taskflow.py took 0.187 seconds
[2024-11-04T14:42:02.173+0000] {processor.py:186} INFO - Started process (PID=3354) to work on /home/airflow/.local/lib/python3.12/site-packages/airflow/example_dags/example_dataset_alias_with_no_taskflow.py
[2024-11-04T14:42:02.174+0000] {processor.py:914} INFO - Processing file /home/airflow/.local/lib/python3.12/site-packages/airflow/example_dags/example_dataset_alias_with_no_taskflow.py for tasks to queue
[2024-11-04T14:42:02.177+0000] {logging_mixin.py:190} INFO - [2024-11-04T14:42:02.177+0000] {dagbag.py:588} INFO - Filling up the DagBag from /home/airflow/.local/lib/python3.12/site-packages/airflow/example_dags/example_dataset_alias_with_no_taskflow.py
[2024-11-04T14:42:02.284+0000] {processor.py:925} INFO - DAG(s) 'dataset_s3_bucket_producer_with_no_taskflow', 'dataset_s3_bucket_consumer_with_no_taskflow', 'dataset_alias_example_alias_consumer_with_no_taskflow', 'dataset_alias_example_alias_producer_with_no_taskflow' retrieved from /home/airflow/.local/lib/python3.12/site-packages/airflow/example_dags/example_dataset_alias_with_no_taskflow.py
[2024-11-04T14:42:02.307+0000] {logging_mixin.py:190} INFO - [2024-11-04T14:42:02.307+0000] {dag.py:3239} INFO - Sync 4 DAGs
[2024-11-04T14:42:02.326+0000] {logging_mixin.py:190} INFO - [2024-11-04T14:42:02.326+0000] {dag.py:4180} INFO - Setting next_dagrun for dataset_alias_example_alias_consumer_with_no_taskflow to None, run_after=None
[2024-11-04T14:42:02.329+0000] {logging_mixin.py:190} INFO - [2024-11-04T14:42:02.329+0000] {dag.py:4180} INFO - Setting next_dagrun for dataset_alias_example_alias_producer_with_no_taskflow to None, run_after=None
[2024-11-04T14:42:02.331+0000] {logging_mixin.py:190} INFO - [2024-11-04T14:42:02.331+0000] {dag.py:4180} INFO - Setting next_dagrun for dataset_s3_bucket_consumer_with_no_taskflow to None, run_after=None
[2024-11-04T14:42:02.333+0000] {logging_mixin.py:190} INFO - [2024-11-04T14:42:02.333+0000] {dag.py:4180} INFO - Setting next_dagrun for dataset_s3_bucket_producer_with_no_taskflow to None, run_after=None
[2024-11-04T14:42:02.353+0000] {processor.py:208} INFO - Processing /home/airflow/.local/lib/python3.12/site-packages/airflow/example_dags/example_dataset_alias_with_no_taskflow.py took 0.187 seconds
[2024-11-04T14:42:32.922+0000] {processor.py:186} INFO - Started process (PID=3639) to work on /home/airflow/.local/lib/python3.12/site-packages/airflow/example_dags/example_dataset_alias_with_no_taskflow.py
[2024-11-04T14:42:32.924+0000] {processor.py:914} INFO - Processing file /home/airflow/.local/lib/python3.12/site-packages/airflow/example_dags/example_dataset_alias_with_no_taskflow.py for tasks to queue
[2024-11-04T14:42:32.926+0000] {logging_mixin.py:190} INFO - [2024-11-04T14:42:32.926+0000] {dagbag.py:588} INFO - Filling up the DagBag from /home/airflow/.local/lib/python3.12/site-packages/airflow/example_dags/example_dataset_alias_with_no_taskflow.py
[2024-11-04T14:42:33.037+0000] {processor.py:925} INFO - DAG(s) 'dataset_alias_example_alias_consumer_with_no_taskflow', 'dataset_s3_bucket_consumer_with_no_taskflow', 'dataset_alias_example_alias_producer_with_no_taskflow', 'dataset_s3_bucket_producer_with_no_taskflow' retrieved from /home/airflow/.local/lib/python3.12/site-packages/airflow/example_dags/example_dataset_alias_with_no_taskflow.py
[2024-11-04T14:42:33.059+0000] {logging_mixin.py:190} INFO - [2024-11-04T14:42:33.059+0000] {dag.py:3239} INFO - Sync 4 DAGs
[2024-11-04T14:42:33.079+0000] {logging_mixin.py:190} INFO - [2024-11-04T14:42:33.079+0000] {dag.py:4180} INFO - Setting next_dagrun for dataset_alias_example_alias_consumer_with_no_taskflow to None, run_after=None
[2024-11-04T14:42:33.083+0000] {logging_mixin.py:190} INFO - [2024-11-04T14:42:33.082+0000] {dag.py:4180} INFO - Setting next_dagrun for dataset_alias_example_alias_producer_with_no_taskflow to None, run_after=None
[2024-11-04T14:42:33.086+0000] {logging_mixin.py:190} INFO - [2024-11-04T14:42:33.085+0000] {dag.py:4180} INFO - Setting next_dagrun for dataset_s3_bucket_consumer_with_no_taskflow to None, run_after=None
[2024-11-04T14:42:33.088+0000] {logging_mixin.py:190} INFO - [2024-11-04T14:42:33.088+0000] {dag.py:4180} INFO - Setting next_dagrun for dataset_s3_bucket_producer_with_no_taskflow to None, run_after=None
[2024-11-04T14:42:33.110+0000] {processor.py:208} INFO - Processing /home/airflow/.local/lib/python3.12/site-packages/airflow/example_dags/example_dataset_alias_with_no_taskflow.py took 0.193 seconds
[2024-11-04T14:43:03.486+0000] {processor.py:186} INFO - Started process (PID=3925) to work on /home/airflow/.local/lib/python3.12/site-packages/airflow/example_dags/example_dataset_alias_with_no_taskflow.py
[2024-11-04T14:43:03.487+0000] {processor.py:914} INFO - Processing file /home/airflow/.local/lib/python3.12/site-packages/airflow/example_dags/example_dataset_alias_with_no_taskflow.py for tasks to queue
[2024-11-04T14:43:03.490+0000] {logging_mixin.py:190} INFO - [2024-11-04T14:43:03.489+0000] {dagbag.py:588} INFO - Filling up the DagBag from /home/airflow/.local/lib/python3.12/site-packages/airflow/example_dags/example_dataset_alias_with_no_taskflow.py
[2024-11-04T14:43:03.627+0000] {processor.py:925} INFO - DAG(s) 'dataset_alias_example_alias_producer_with_no_taskflow', 'dataset_s3_bucket_producer_with_no_taskflow', 'dataset_alias_example_alias_consumer_with_no_taskflow', 'dataset_s3_bucket_consumer_with_no_taskflow' retrieved from /home/airflow/.local/lib/python3.12/site-packages/airflow/example_dags/example_dataset_alias_with_no_taskflow.py
[2024-11-04T14:43:03.648+0000] {logging_mixin.py:190} INFO - [2024-11-04T14:43:03.647+0000] {dag.py:3239} INFO - Sync 4 DAGs
[2024-11-04T14:43:03.667+0000] {logging_mixin.py:190} INFO - [2024-11-04T14:43:03.667+0000] {dag.py:4180} INFO - Setting next_dagrun for dataset_alias_example_alias_consumer_with_no_taskflow to None, run_after=None
[2024-11-04T14:43:03.670+0000] {logging_mixin.py:190} INFO - [2024-11-04T14:43:03.670+0000] {dag.py:4180} INFO - Setting next_dagrun for dataset_alias_example_alias_producer_with_no_taskflow to None, run_after=None
[2024-11-04T14:43:03.672+0000] {logging_mixin.py:190} INFO - [2024-11-04T14:43:03.672+0000] {dag.py:4180} INFO - Setting next_dagrun for dataset_s3_bucket_consumer_with_no_taskflow to None, run_after=None
[2024-11-04T14:43:03.674+0000] {logging_mixin.py:190} INFO - [2024-11-04T14:43:03.674+0000] {dag.py:4180} INFO - Setting next_dagrun for dataset_s3_bucket_producer_with_no_taskflow to None, run_after=None
[2024-11-04T14:43:03.695+0000] {processor.py:208} INFO - Processing /home/airflow/.local/lib/python3.12/site-packages/airflow/example_dags/example_dataset_alias_with_no_taskflow.py took 0.215 seconds
[2024-11-04T14:44:49.581+0000] {processor.py:186} INFO - Started process (PID=178) to work on /home/airflow/.local/lib/python3.12/site-packages/airflow/example_dags/example_dataset_alias_with_no_taskflow.py
[2024-11-04T14:44:49.583+0000] {processor.py:914} INFO - Processing file /home/airflow/.local/lib/python3.12/site-packages/airflow/example_dags/example_dataset_alias_with_no_taskflow.py for tasks to queue
[2024-11-04T14:44:49.587+0000] {logging_mixin.py:190} INFO - [2024-11-04T14:44:49.587+0000] {dagbag.py:588} INFO - Filling up the DagBag from /home/airflow/.local/lib/python3.12/site-packages/airflow/example_dags/example_dataset_alias_with_no_taskflow.py
[2024-11-04T14:44:50.677+0000] {processor.py:925} INFO - DAG(s) 'dataset_s3_bucket_producer_with_no_taskflow', 'dataset_alias_example_alias_producer_with_no_taskflow', 'dataset_s3_bucket_consumer_with_no_taskflow', 'dataset_alias_example_alias_consumer_with_no_taskflow' retrieved from /home/airflow/.local/lib/python3.12/site-packages/airflow/example_dags/example_dataset_alias_with_no_taskflow.py
[2024-11-04T14:44:50.834+0000] {logging_mixin.py:190} INFO - [2024-11-04T14:44:50.833+0000] {override.py:1900} INFO - Created Permission View: can delete on DAG:dataset_s3_bucket_producer_with_no_taskflow
[2024-11-04T14:44:50.852+0000] {logging_mixin.py:190} INFO - [2024-11-04T14:44:50.852+0000] {override.py:1900} INFO - Created Permission View: can read on DAG:dataset_s3_bucket_producer_with_no_taskflow
[2024-11-04T14:44:50.865+0000] {logging_mixin.py:190} INFO - [2024-11-04T14:44:50.865+0000] {override.py:1900} INFO - Created Permission View: can edit on DAG:dataset_s3_bucket_producer_with_no_taskflow
[2024-11-04T14:44:50.880+0000] {logging_mixin.py:190} INFO - [2024-11-04T14:44:50.880+0000] {override.py:1900} INFO - Created Permission View: can create on DAG Run:dataset_s3_bucket_producer_with_no_taskflow
[2024-11-04T14:44:50.892+0000] {logging_mixin.py:190} INFO - [2024-11-04T14:44:50.892+0000] {override.py:1900} INFO - Created Permission View: can delete on DAG Run:dataset_s3_bucket_producer_with_no_taskflow
[2024-11-04T14:44:50.905+0000] {logging_mixin.py:190} INFO - [2024-11-04T14:44:50.905+0000] {override.py:1900} INFO - Created Permission View: menu access on DAG Run:dataset_s3_bucket_producer_with_no_taskflow
[2024-11-04T14:44:50.918+0000] {logging_mixin.py:190} INFO - [2024-11-04T14:44:50.918+0000] {override.py:1900} INFO - Created Permission View: can read on DAG Run:dataset_s3_bucket_producer_with_no_taskflow
[2024-11-04T14:44:50.946+0000] {logging_mixin.py:190} INFO - [2024-11-04T14:44:50.945+0000] {override.py:1900} INFO - Created Permission View: can delete on DAG:dataset_alias_example_alias_producer_with_no_taskflow
[2024-11-04T14:44:50.959+0000] {logging_mixin.py:190} INFO - [2024-11-04T14:44:50.959+0000] {override.py:1900} INFO - Created Permission View: can read on DAG:dataset_alias_example_alias_producer_with_no_taskflow
[2024-11-04T14:44:50.974+0000] {logging_mixin.py:190} INFO - [2024-11-04T14:44:50.973+0000] {override.py:1900} INFO - Created Permission View: can edit on DAG:dataset_alias_example_alias_producer_with_no_taskflow
[2024-11-04T14:44:50.988+0000] {logging_mixin.py:190} INFO - [2024-11-04T14:44:50.988+0000] {override.py:1900} INFO - Created Permission View: can create on DAG Run:dataset_alias_example_alias_producer_with_no_taskflow
[2024-11-04T14:44:51.001+0000] {logging_mixin.py:190} INFO - [2024-11-04T14:44:51.000+0000] {override.py:1900} INFO - Created Permission View: can delete on DAG Run:dataset_alias_example_alias_producer_with_no_taskflow
[2024-11-04T14:44:51.013+0000] {logging_mixin.py:190} INFO - [2024-11-04T14:44:51.013+0000] {override.py:1900} INFO - Created Permission View: menu access on DAG Run:dataset_alias_example_alias_producer_with_no_taskflow
[2024-11-04T14:44:51.025+0000] {logging_mixin.py:190} INFO - [2024-11-04T14:44:51.025+0000] {override.py:1900} INFO - Created Permission View: can read on DAG Run:dataset_alias_example_alias_producer_with_no_taskflow
[2024-11-04T14:44:51.047+0000] {logging_mixin.py:190} INFO - [2024-11-04T14:44:51.046+0000] {override.py:1900} INFO - Created Permission View: can delete on DAG:dataset_s3_bucket_consumer_with_no_taskflow
[2024-11-04T14:44:51.059+0000] {logging_mixin.py:190} INFO - [2024-11-04T14:44:51.058+0000] {override.py:1900} INFO - Created Permission View: can read on DAG:dataset_s3_bucket_consumer_with_no_taskflow
[2024-11-04T14:44:51.071+0000] {logging_mixin.py:190} INFO - [2024-11-04T14:44:51.070+0000] {override.py:1900} INFO - Created Permission View: can edit on DAG:dataset_s3_bucket_consumer_with_no_taskflow
[2024-11-04T14:44:51.085+0000] {logging_mixin.py:190} INFO - [2024-11-04T14:44:51.084+0000] {override.py:1900} INFO - Created Permission View: can create on DAG Run:dataset_s3_bucket_consumer_with_no_taskflow
[2024-11-04T14:44:51.096+0000] {logging_mixin.py:190} INFO - [2024-11-04T14:44:51.096+0000] {override.py:1900} INFO - Created Permission View: can delete on DAG Run:dataset_s3_bucket_consumer_with_no_taskflow
[2024-11-04T14:44:51.109+0000] {logging_mixin.py:190} INFO - [2024-11-04T14:44:51.108+0000] {override.py:1900} INFO - Created Permission View: menu access on DAG Run:dataset_s3_bucket_consumer_with_no_taskflow
[2024-11-04T14:44:51.124+0000] {logging_mixin.py:190} INFO - [2024-11-04T14:44:51.124+0000] {override.py:1900} INFO - Created Permission View: can read on DAG Run:dataset_s3_bucket_consumer_with_no_taskflow
[2024-11-04T14:44:51.145+0000] {logging_mixin.py:190} INFO - [2024-11-04T14:44:51.144+0000] {override.py:1900} INFO - Created Permission View: can delete on DAG:dataset_alias_example_alias_consumer_with_no_taskflow
[2024-11-04T14:44:51.157+0000] {logging_mixin.py:190} INFO - [2024-11-04T14:44:51.156+0000] {override.py:1900} INFO - Created Permission View: can read on DAG:dataset_alias_example_alias_consumer_with_no_taskflow
[2024-11-04T14:44:51.169+0000] {logging_mixin.py:190} INFO - [2024-11-04T14:44:51.169+0000] {override.py:1900} INFO - Created Permission View: can edit on DAG:dataset_alias_example_alias_consumer_with_no_taskflow
[2024-11-04T14:44:51.182+0000] {logging_mixin.py:190} INFO - [2024-11-04T14:44:51.182+0000] {override.py:1900} INFO - Created Permission View: can create on DAG Run:dataset_alias_example_alias_consumer_with_no_taskflow
[2024-11-04T14:44:51.193+0000] {logging_mixin.py:190} INFO - [2024-11-04T14:44:51.193+0000] {override.py:1900} INFO - Created Permission View: can delete on DAG Run:dataset_alias_example_alias_consumer_with_no_taskflow
[2024-11-04T14:44:51.205+0000] {logging_mixin.py:190} INFO - [2024-11-04T14:44:51.204+0000] {override.py:1900} INFO - Created Permission View: menu access on DAG Run:dataset_alias_example_alias_consumer_with_no_taskflow
[2024-11-04T14:44:51.216+0000] {logging_mixin.py:190} INFO - [2024-11-04T14:44:51.216+0000] {override.py:1900} INFO - Created Permission View: can read on DAG Run:dataset_alias_example_alias_consumer_with_no_taskflow
[2024-11-04T14:44:51.217+0000] {logging_mixin.py:190} INFO - [2024-11-04T14:44:51.217+0000] {dag.py:3239} INFO - Sync 4 DAGs
[2024-11-04T14:44:51.238+0000] {logging_mixin.py:190} INFO - [2024-11-04T14:44:51.237+0000] {dag.py:3262} INFO - Creating ORM DAG for dataset_s3_bucket_producer_with_no_taskflow
[2024-11-04T14:44:51.241+0000] {logging_mixin.py:190} INFO - [2024-11-04T14:44:51.240+0000] {dag.py:3262} INFO - Creating ORM DAG for dataset_alias_example_alias_consumer_with_no_taskflow
[2024-11-04T14:44:51.243+0000] {logging_mixin.py:190} INFO - [2024-11-04T14:44:51.243+0000] {dag.py:3262} INFO - Creating ORM DAG for dataset_alias_example_alias_producer_with_no_taskflow
[2024-11-04T14:44:51.246+0000] {logging_mixin.py:190} INFO - [2024-11-04T14:44:51.245+0000] {dag.py:3262} INFO - Creating ORM DAG for dataset_s3_bucket_consumer_with_no_taskflow
[2024-11-04T14:44:51.268+0000] {logging_mixin.py:190} INFO - [2024-11-04T14:44:51.268+0000] {dag.py:4180} INFO - Setting next_dagrun for dataset_alias_example_alias_consumer_with_no_taskflow to None, run_after=None
[2024-11-04T14:44:51.271+0000] {logging_mixin.py:190} INFO - [2024-11-04T14:44:51.270+0000] {dag.py:4180} INFO - Setting next_dagrun for dataset_alias_example_alias_producer_with_no_taskflow to None, run_after=None
[2024-11-04T14:44:51.274+0000] {logging_mixin.py:190} INFO - [2024-11-04T14:44:51.273+0000] {dag.py:4180} INFO - Setting next_dagrun for dataset_s3_bucket_consumer_with_no_taskflow to None, run_after=None
[2024-11-04T14:44:51.276+0000] {logging_mixin.py:190} INFO - [2024-11-04T14:44:51.276+0000] {dag.py:4180} INFO - Setting next_dagrun for dataset_s3_bucket_producer_with_no_taskflow to None, run_after=None
[2024-11-04T14:44:51.331+0000] {processor.py:208} INFO - Processing /home/airflow/.local/lib/python3.12/site-packages/airflow/example_dags/example_dataset_alias_with_no_taskflow.py took 1.761 seconds
[2024-11-04T14:45:22.084+0000] {processor.py:186} INFO - Started process (PID=474) to work on /home/airflow/.local/lib/python3.12/site-packages/airflow/example_dags/example_dataset_alias_with_no_taskflow.py
[2024-11-04T14:45:22.086+0000] {processor.py:914} INFO - Processing file /home/airflow/.local/lib/python3.12/site-packages/airflow/example_dags/example_dataset_alias_with_no_taskflow.py for tasks to queue
[2024-11-04T14:45:22.094+0000] {logging_mixin.py:190} INFO - [2024-11-04T14:45:22.093+0000] {dagbag.py:588} INFO - Filling up the DagBag from /home/airflow/.local/lib/python3.12/site-packages/airflow/example_dags/example_dataset_alias_with_no_taskflow.py
[2024-11-04T14:45:22.227+0000] {processor.py:925} INFO - DAG(s) 'dataset_alias_example_alias_consumer_with_no_taskflow', 'dataset_s3_bucket_consumer_with_no_taskflow', 'dataset_alias_example_alias_producer_with_no_taskflow', 'dataset_s3_bucket_producer_with_no_taskflow' retrieved from /home/airflow/.local/lib/python3.12/site-packages/airflow/example_dags/example_dataset_alias_with_no_taskflow.py
[2024-11-04T14:45:22.250+0000] {logging_mixin.py:190} INFO - [2024-11-04T14:45:22.249+0000] {dag.py:3239} INFO - Sync 4 DAGs
[2024-11-04T14:45:22.270+0000] {logging_mixin.py:190} INFO - [2024-11-04T14:45:22.269+0000] {dag.py:4180} INFO - Setting next_dagrun for dataset_alias_example_alias_consumer_with_no_taskflow to None, run_after=None
[2024-11-04T14:45:22.273+0000] {logging_mixin.py:190} INFO - [2024-11-04T14:45:22.273+0000] {dag.py:4180} INFO - Setting next_dagrun for dataset_alias_example_alias_producer_with_no_taskflow to None, run_after=None
[2024-11-04T14:45:22.275+0000] {logging_mixin.py:190} INFO - [2024-11-04T14:45:22.275+0000] {dag.py:4180} INFO - Setting next_dagrun for dataset_s3_bucket_consumer_with_no_taskflow to None, run_after=None
[2024-11-04T14:45:22.277+0000] {logging_mixin.py:190} INFO - [2024-11-04T14:45:22.277+0000] {dag.py:4180} INFO - Setting next_dagrun for dataset_s3_bucket_producer_with_no_taskflow to None, run_after=None
[2024-11-04T14:45:22.297+0000] {processor.py:208} INFO - Processing /home/airflow/.local/lib/python3.12/site-packages/airflow/example_dags/example_dataset_alias_with_no_taskflow.py took 0.217 seconds
[2024-11-04T14:45:52.550+0000] {processor.py:186} INFO - Started process (PID=760) to work on /home/airflow/.local/lib/python3.12/site-packages/airflow/example_dags/example_dataset_alias_with_no_taskflow.py
[2024-11-04T14:45:52.551+0000] {processor.py:914} INFO - Processing file /home/airflow/.local/lib/python3.12/site-packages/airflow/example_dags/example_dataset_alias_with_no_taskflow.py for tasks to queue
[2024-11-04T14:45:52.554+0000] {logging_mixin.py:190} INFO - [2024-11-04T14:45:52.554+0000] {dagbag.py:588} INFO - Filling up the DagBag from /home/airflow/.local/lib/python3.12/site-packages/airflow/example_dags/example_dataset_alias_with_no_taskflow.py
[2024-11-04T14:45:52.668+0000] {processor.py:925} INFO - DAG(s) 'dataset_s3_bucket_consumer_with_no_taskflow', 'dataset_alias_example_alias_producer_with_no_taskflow', 'dataset_alias_example_alias_consumer_with_no_taskflow', 'dataset_s3_bucket_producer_with_no_taskflow' retrieved from /home/airflow/.local/lib/python3.12/site-packages/airflow/example_dags/example_dataset_alias_with_no_taskflow.py
[2024-11-04T14:45:52.689+0000] {logging_mixin.py:190} INFO - [2024-11-04T14:45:52.689+0000] {dag.py:3239} INFO - Sync 4 DAGs
[2024-11-04T14:45:52.711+0000] {logging_mixin.py:190} INFO - [2024-11-04T14:45:52.711+0000] {dag.py:4180} INFO - Setting next_dagrun for dataset_alias_example_alias_consumer_with_no_taskflow to None, run_after=None
[2024-11-04T14:45:52.715+0000] {logging_mixin.py:190} INFO - [2024-11-04T14:45:52.715+0000] {dag.py:4180} INFO - Setting next_dagrun for dataset_alias_example_alias_producer_with_no_taskflow to None, run_after=None
[2024-11-04T14:45:52.717+0000] {logging_mixin.py:190} INFO - [2024-11-04T14:45:52.716+0000] {dag.py:4180} INFO - Setting next_dagrun for dataset_s3_bucket_consumer_with_no_taskflow to None, run_after=None
[2024-11-04T14:45:52.718+0000] {logging_mixin.py:190} INFO - [2024-11-04T14:45:52.718+0000] {dag.py:4180} INFO - Setting next_dagrun for dataset_s3_bucket_producer_with_no_taskflow to None, run_after=None
[2024-11-04T14:45:52.744+0000] {processor.py:208} INFO - Processing /home/airflow/.local/lib/python3.12/site-packages/airflow/example_dags/example_dataset_alias_with_no_taskflow.py took 0.200 seconds
[2024-11-04T14:46:23.607+0000] {processor.py:186} INFO - Started process (PID=1046) to work on /home/airflow/.local/lib/python3.12/site-packages/airflow/example_dags/example_dataset_alias_with_no_taskflow.py
[2024-11-04T14:46:23.609+0000] {processor.py:914} INFO - Processing file /home/airflow/.local/lib/python3.12/site-packages/airflow/example_dags/example_dataset_alias_with_no_taskflow.py for tasks to queue
[2024-11-04T14:46:23.613+0000] {logging_mixin.py:190} INFO - [2024-11-04T14:46:23.612+0000] {dagbag.py:588} INFO - Filling up the DagBag from /home/airflow/.local/lib/python3.12/site-packages/airflow/example_dags/example_dataset_alias_with_no_taskflow.py
[2024-11-04T14:46:23.744+0000] {processor.py:925} INFO - DAG(s) 'dataset_s3_bucket_consumer_with_no_taskflow', 'dataset_alias_example_alias_producer_with_no_taskflow', 'dataset_s3_bucket_producer_with_no_taskflow', 'dataset_alias_example_alias_consumer_with_no_taskflow' retrieved from /home/airflow/.local/lib/python3.12/site-packages/airflow/example_dags/example_dataset_alias_with_no_taskflow.py
[2024-11-04T14:46:23.768+0000] {logging_mixin.py:190} INFO - [2024-11-04T14:46:23.768+0000] {dag.py:3239} INFO - Sync 4 DAGs
[2024-11-04T14:46:23.794+0000] {logging_mixin.py:190} INFO - [2024-11-04T14:46:23.794+0000] {dag.py:4180} INFO - Setting next_dagrun for dataset_alias_example_alias_consumer_with_no_taskflow to None, run_after=None
[2024-11-04T14:46:23.799+0000] {logging_mixin.py:190} INFO - [2024-11-04T14:46:23.799+0000] {dag.py:4180} INFO - Setting next_dagrun for dataset_alias_example_alias_producer_with_no_taskflow to None, run_after=None
[2024-11-04T14:46:23.801+0000] {logging_mixin.py:190} INFO - [2024-11-04T14:46:23.801+0000] {dag.py:4180} INFO - Setting next_dagrun for dataset_s3_bucket_consumer_with_no_taskflow to None, run_after=None
[2024-11-04T14:46:23.804+0000] {logging_mixin.py:190} INFO - [2024-11-04T14:46:23.803+0000] {dag.py:4180} INFO - Setting next_dagrun for dataset_s3_bucket_producer_with_no_taskflow to None, run_after=None
[2024-11-04T14:46:23.832+0000] {processor.py:208} INFO - Processing /home/airflow/.local/lib/python3.12/site-packages/airflow/example_dags/example_dataset_alias_with_no_taskflow.py took 0.230 seconds
[2024-11-04T14:46:54.380+0000] {processor.py:186} INFO - Started process (PID=1332) to work on /home/airflow/.local/lib/python3.12/site-packages/airflow/example_dags/example_dataset_alias_with_no_taskflow.py
[2024-11-04T14:46:54.381+0000] {processor.py:914} INFO - Processing file /home/airflow/.local/lib/python3.12/site-packages/airflow/example_dags/example_dataset_alias_with_no_taskflow.py for tasks to queue
[2024-11-04T14:46:54.385+0000] {logging_mixin.py:190} INFO - [2024-11-04T14:46:54.385+0000] {dagbag.py:588} INFO - Filling up the DagBag from /home/airflow/.local/lib/python3.12/site-packages/airflow/example_dags/example_dataset_alias_with_no_taskflow.py
[2024-11-04T14:46:54.507+0000] {processor.py:925} INFO - DAG(s) 'dataset_alias_example_alias_producer_with_no_taskflow', 'dataset_s3_bucket_consumer_with_no_taskflow', 'dataset_s3_bucket_producer_with_no_taskflow', 'dataset_alias_example_alias_consumer_with_no_taskflow' retrieved from /home/airflow/.local/lib/python3.12/site-packages/airflow/example_dags/example_dataset_alias_with_no_taskflow.py
[2024-11-04T14:46:54.531+0000] {logging_mixin.py:190} INFO - [2024-11-04T14:46:54.531+0000] {dag.py:3239} INFO - Sync 4 DAGs
[2024-11-04T14:46:54.552+0000] {logging_mixin.py:190} INFO - [2024-11-04T14:46:54.552+0000] {dag.py:4180} INFO - Setting next_dagrun for dataset_alias_example_alias_consumer_with_no_taskflow to None, run_after=None
[2024-11-04T14:46:54.555+0000] {logging_mixin.py:190} INFO - [2024-11-04T14:46:54.555+0000] {dag.py:4180} INFO - Setting next_dagrun for dataset_alias_example_alias_producer_with_no_taskflow to None, run_after=None
[2024-11-04T14:46:54.557+0000] {logging_mixin.py:190} INFO - [2024-11-04T14:46:54.557+0000] {dag.py:4180} INFO - Setting next_dagrun for dataset_s3_bucket_consumer_with_no_taskflow to None, run_after=None
[2024-11-04T14:46:54.559+0000] {logging_mixin.py:190} INFO - [2024-11-04T14:46:54.559+0000] {dag.py:4180} INFO - Setting next_dagrun for dataset_s3_bucket_producer_with_no_taskflow to None, run_after=None
[2024-11-04T14:46:54.580+0000] {processor.py:208} INFO - Processing /home/airflow/.local/lib/python3.12/site-packages/airflow/example_dags/example_dataset_alias_with_no_taskflow.py took 0.206 seconds
[2024-11-04T14:49:09.945+0000] {processor.py:186} INFO - Started process (PID=171) to work on /home/airflow/.local/lib/python3.12/site-packages/airflow/example_dags/example_dataset_alias_with_no_taskflow.py
[2024-11-04T14:49:09.947+0000] {processor.py:914} INFO - Processing file /home/airflow/.local/lib/python3.12/site-packages/airflow/example_dags/example_dataset_alias_with_no_taskflow.py for tasks to queue
[2024-11-04T14:49:09.952+0000] {logging_mixin.py:190} INFO - [2024-11-04T14:49:09.952+0000] {dagbag.py:588} INFO - Filling up the DagBag from /home/airflow/.local/lib/python3.12/site-packages/airflow/example_dags/example_dataset_alias_with_no_taskflow.py
[2024-11-04T14:49:10.610+0000] {processor.py:925} INFO - DAG(s) 'dataset_alias_example_alias_consumer_with_no_taskflow', 'dataset_alias_example_alias_producer_with_no_taskflow', 'dataset_s3_bucket_consumer_with_no_taskflow', 'dataset_s3_bucket_producer_with_no_taskflow' retrieved from /home/airflow/.local/lib/python3.12/site-packages/airflow/example_dags/example_dataset_alias_with_no_taskflow.py
[2024-11-04T14:49:10.727+0000] {logging_mixin.py:190} INFO - [2024-11-04T14:49:10.726+0000] {override.py:1900} INFO - Created Permission View: can edit on DAG:dataset_alias_example_alias_consumer_with_no_taskflow
[2024-11-04T14:49:10.742+0000] {logging_mixin.py:190} INFO - [2024-11-04T14:49:10.742+0000] {override.py:1900} INFO - Created Permission View: can delete on DAG:dataset_alias_example_alias_consumer_with_no_taskflow
[2024-11-04T14:49:10.756+0000] {logging_mixin.py:190} INFO - [2024-11-04T14:49:10.755+0000] {override.py:1900} INFO - Created Permission View: can read on DAG:dataset_alias_example_alias_consumer_with_no_taskflow
[2024-11-04T14:49:10.771+0000] {logging_mixin.py:190} INFO - [2024-11-04T14:49:10.771+0000] {override.py:1900} INFO - Created Permission View: can create on DAG Run:dataset_alias_example_alias_consumer_with_no_taskflow
[2024-11-04T14:49:10.786+0000] {logging_mixin.py:190} INFO - [2024-11-04T14:49:10.785+0000] {override.py:1900} INFO - Created Permission View: can read on DAG Run:dataset_alias_example_alias_consumer_with_no_taskflow
[2024-11-04T14:49:10.797+0000] {logging_mixin.py:190} INFO - [2024-11-04T14:49:10.797+0000] {override.py:1900} INFO - Created Permission View: can delete on DAG Run:dataset_alias_example_alias_consumer_with_no_taskflow
[2024-11-04T14:49:10.810+0000] {logging_mixin.py:190} INFO - [2024-11-04T14:49:10.809+0000] {override.py:1900} INFO - Created Permission View: menu access on DAG Run:dataset_alias_example_alias_consumer_with_no_taskflow
[2024-11-04T14:49:10.835+0000] {logging_mixin.py:190} INFO - [2024-11-04T14:49:10.834+0000] {override.py:1900} INFO - Created Permission View: can edit on DAG:dataset_alias_example_alias_producer_with_no_taskflow
[2024-11-04T14:49:10.847+0000] {logging_mixin.py:190} INFO - [2024-11-04T14:49:10.847+0000] {override.py:1900} INFO - Created Permission View: can delete on DAG:dataset_alias_example_alias_producer_with_no_taskflow
[2024-11-04T14:49:10.860+0000] {logging_mixin.py:190} INFO - [2024-11-04T14:49:10.859+0000] {override.py:1900} INFO - Created Permission View: can read on DAG:dataset_alias_example_alias_producer_with_no_taskflow
[2024-11-04T14:49:10.875+0000] {logging_mixin.py:190} INFO - [2024-11-04T14:49:10.874+0000] {override.py:1900} INFO - Created Permission View: can create on DAG Run:dataset_alias_example_alias_producer_with_no_taskflow
[2024-11-04T14:49:10.889+0000] {logging_mixin.py:190} INFO - [2024-11-04T14:49:10.888+0000] {override.py:1900} INFO - Created Permission View: can read on DAG Run:dataset_alias_example_alias_producer_with_no_taskflow
[2024-11-04T14:49:10.900+0000] {logging_mixin.py:190} INFO - [2024-11-04T14:49:10.900+0000] {override.py:1900} INFO - Created Permission View: can delete on DAG Run:dataset_alias_example_alias_producer_with_no_taskflow
[2024-11-04T14:49:10.912+0000] {logging_mixin.py:190} INFO - [2024-11-04T14:49:10.912+0000] {override.py:1900} INFO - Created Permission View: menu access on DAG Run:dataset_alias_example_alias_producer_with_no_taskflow
[2024-11-04T14:49:10.933+0000] {logging_mixin.py:190} INFO - [2024-11-04T14:49:10.932+0000] {override.py:1900} INFO - Created Permission View: can edit on DAG:dataset_s3_bucket_consumer_with_no_taskflow
[2024-11-04T14:49:10.944+0000] {logging_mixin.py:190} INFO - [2024-11-04T14:49:10.944+0000] {override.py:1900} INFO - Created Permission View: can delete on DAG:dataset_s3_bucket_consumer_with_no_taskflow
[2024-11-04T14:49:10.957+0000] {logging_mixin.py:190} INFO - [2024-11-04T14:49:10.956+0000] {override.py:1900} INFO - Created Permission View: can read on DAG:dataset_s3_bucket_consumer_with_no_taskflow
[2024-11-04T14:49:10.971+0000] {logging_mixin.py:190} INFO - [2024-11-04T14:49:10.970+0000] {override.py:1900} INFO - Created Permission View: can create on DAG Run:dataset_s3_bucket_consumer_with_no_taskflow
[2024-11-04T14:49:10.982+0000] {logging_mixin.py:190} INFO - [2024-11-04T14:49:10.982+0000] {override.py:1900} INFO - Created Permission View: can read on DAG Run:dataset_s3_bucket_consumer_with_no_taskflow
[2024-11-04T14:49:10.994+0000] {logging_mixin.py:190} INFO - [2024-11-04T14:49:10.993+0000] {override.py:1900} INFO - Created Permission View: can delete on DAG Run:dataset_s3_bucket_consumer_with_no_taskflow
[2024-11-04T14:49:11.005+0000] {logging_mixin.py:190} INFO - [2024-11-04T14:49:11.005+0000] {override.py:1900} INFO - Created Permission View: menu access on DAG Run:dataset_s3_bucket_consumer_with_no_taskflow
[2024-11-04T14:49:11.027+0000] {logging_mixin.py:190} INFO - [2024-11-04T14:49:11.026+0000] {override.py:1900} INFO - Created Permission View: can edit on DAG:dataset_s3_bucket_producer_with_no_taskflow
[2024-11-04T14:49:11.039+0000] {logging_mixin.py:190} INFO - [2024-11-04T14:49:11.038+0000] {override.py:1900} INFO - Created Permission View: can delete on DAG:dataset_s3_bucket_producer_with_no_taskflow
[2024-11-04T14:49:11.051+0000] {logging_mixin.py:190} INFO - [2024-11-04T14:49:11.050+0000] {override.py:1900} INFO - Created Permission View: can read on DAG:dataset_s3_bucket_producer_with_no_taskflow
[2024-11-04T14:49:11.064+0000] {logging_mixin.py:190} INFO - [2024-11-04T14:49:11.064+0000] {override.py:1900} INFO - Created Permission View: can create on DAG Run:dataset_s3_bucket_producer_with_no_taskflow
[2024-11-04T14:49:11.077+0000] {logging_mixin.py:190} INFO - [2024-11-04T14:49:11.077+0000] {override.py:1900} INFO - Created Permission View: can read on DAG Run:dataset_s3_bucket_producer_with_no_taskflow
[2024-11-04T14:49:11.090+0000] {logging_mixin.py:190} INFO - [2024-11-04T14:49:11.089+0000] {override.py:1900} INFO - Created Permission View: can delete on DAG Run:dataset_s3_bucket_producer_with_no_taskflow
[2024-11-04T14:49:11.101+0000] {logging_mixin.py:190} INFO - [2024-11-04T14:49:11.101+0000] {override.py:1900} INFO - Created Permission View: menu access on DAG Run:dataset_s3_bucket_producer_with_no_taskflow
[2024-11-04T14:49:11.102+0000] {logging_mixin.py:190} INFO - [2024-11-04T14:49:11.102+0000] {dag.py:3239} INFO - Sync 4 DAGs
[2024-11-04T14:49:11.118+0000] {logging_mixin.py:190} INFO - [2024-11-04T14:49:11.118+0000] {dag.py:3262} INFO - Creating ORM DAG for dataset_s3_bucket_producer_with_no_taskflow
[2024-11-04T14:49:11.120+0000] {logging_mixin.py:190} INFO - [2024-11-04T14:49:11.120+0000] {dag.py:3262} INFO - Creating ORM DAG for dataset_alias_example_alias_consumer_with_no_taskflow
[2024-11-04T14:49:11.121+0000] {logging_mixin.py:190} INFO - [2024-11-04T14:49:11.121+0000] {dag.py:3262} INFO - Creating ORM DAG for dataset_s3_bucket_consumer_with_no_taskflow
[2024-11-04T14:49:11.123+0000] {logging_mixin.py:190} INFO - [2024-11-04T14:49:11.123+0000] {dag.py:3262} INFO - Creating ORM DAG for dataset_alias_example_alias_producer_with_no_taskflow
[2024-11-04T14:49:11.135+0000] {logging_mixin.py:190} INFO - [2024-11-04T14:49:11.135+0000] {dag.py:4180} INFO - Setting next_dagrun for dataset_alias_example_alias_consumer_with_no_taskflow to None, run_after=None
[2024-11-04T14:49:11.137+0000] {logging_mixin.py:190} INFO - [2024-11-04T14:49:11.136+0000] {dag.py:4180} INFO - Setting next_dagrun for dataset_alias_example_alias_producer_with_no_taskflow to None, run_after=None
[2024-11-04T14:49:11.138+0000] {logging_mixin.py:190} INFO - [2024-11-04T14:49:11.138+0000] {dag.py:4180} INFO - Setting next_dagrun for dataset_s3_bucket_consumer_with_no_taskflow to None, run_after=None
[2024-11-04T14:49:11.139+0000] {logging_mixin.py:190} INFO - [2024-11-04T14:49:11.139+0000] {dag.py:4180} INFO - Setting next_dagrun for dataset_s3_bucket_producer_with_no_taskflow to None, run_after=None
[2024-11-04T14:49:11.185+0000] {processor.py:208} INFO - Processing /home/airflow/.local/lib/python3.12/site-packages/airflow/example_dags/example_dataset_alias_with_no_taskflow.py took 1.248 seconds
