[2024-11-04T14:34:00.282+0000] {processor.py:186} INFO - Started process (PID=243) to work on /home/airflow/.local/lib/python3.12/site-packages/airflow/example_dags/example_xcom.py
[2024-11-04T14:34:00.285+0000] {processor.py:914} INFO - Processing file /home/airflow/.local/lib/python3.12/site-packages/airflow/example_dags/example_xcom.py for tasks to queue
[2024-11-04T14:34:00.289+0000] {logging_mixin.py:190} INFO - [2024-11-04T14:34:00.288+0000] {dagbag.py:588} INFO - Filling up the DagBag from /home/airflow/.local/lib/python3.12/site-packages/airflow/example_dags/example_xcom.py
[2024-11-04T14:34:00.310+0000] {processor.py:925} INFO - DAG(s) 'example_xcom' retrieved from /home/airflow/.local/lib/python3.12/site-packages/airflow/example_dags/example_xcom.py
[2024-11-04T14:34:00.499+0000] {logging_mixin.py:190} INFO - [2024-11-04T14:34:00.498+0000] {override.py:1900} INFO - Created Permission View: can edit on DAG:example_xcom
[2024-11-04T14:34:00.518+0000] {logging_mixin.py:190} INFO - [2024-11-04T14:34:00.517+0000] {override.py:1900} INFO - Created Permission View: can read on DAG:example_xcom
[2024-11-04T14:34:00.531+0000] {logging_mixin.py:190} INFO - [2024-11-04T14:34:00.530+0000] {override.py:1900} INFO - Created Permission View: can delete on DAG:example_xcom
[2024-11-04T14:34:00.546+0000] {logging_mixin.py:190} INFO - [2024-11-04T14:34:00.545+0000] {override.py:1900} INFO - Created Permission View: can read on DAG Run:example_xcom
[2024-11-04T14:34:00.559+0000] {logging_mixin.py:190} INFO - [2024-11-04T14:34:00.558+0000] {override.py:1900} INFO - Created Permission View: can delete on DAG Run:example_xcom
[2024-11-04T14:34:00.572+0000] {logging_mixin.py:190} INFO - [2024-11-04T14:34:00.571+0000] {override.py:1900} INFO - Created Permission View: menu access on DAG Run:example_xcom
[2024-11-04T14:34:00.585+0000] {logging_mixin.py:190} INFO - [2024-11-04T14:34:00.584+0000] {override.py:1900} INFO - Created Permission View: can create on DAG Run:example_xcom
[2024-11-04T14:34:00.586+0000] {logging_mixin.py:190} INFO - [2024-11-04T14:34:00.586+0000] {dag.py:3239} INFO - Sync 1 DAGs
[2024-11-04T14:34:00.604+0000] {logging_mixin.py:190} INFO - [2024-11-04T14:34:00.604+0000] {dag.py:3262} INFO - Creating ORM DAG for example_xcom
[2024-11-04T14:34:00.618+0000] {logging_mixin.py:190} INFO - [2024-11-04T14:34:00.618+0000] {dag.py:4180} INFO - Setting next_dagrun for example_xcom to 2021-01-01 00:00:00+00:00, run_after=2021-01-01 00:00:00+00:00
[2024-11-04T14:34:00.647+0000] {processor.py:208} INFO - Processing /home/airflow/.local/lib/python3.12/site-packages/airflow/example_dags/example_xcom.py took 0.373 seconds
[2024-11-04T14:34:31.473+0000] {processor.py:186} INFO - Started process (PID=531) to work on /home/airflow/.local/lib/python3.12/site-packages/airflow/example_dags/example_xcom.py
[2024-11-04T14:34:31.475+0000] {processor.py:914} INFO - Processing file /home/airflow/.local/lib/python3.12/site-packages/airflow/example_dags/example_xcom.py for tasks to queue
[2024-11-04T14:34:31.477+0000] {logging_mixin.py:190} INFO - [2024-11-04T14:34:31.477+0000] {dagbag.py:588} INFO - Filling up the DagBag from /home/airflow/.local/lib/python3.12/site-packages/airflow/example_dags/example_xcom.py
[2024-11-04T14:34:31.485+0000] {processor.py:925} INFO - DAG(s) 'example_xcom' retrieved from /home/airflow/.local/lib/python3.12/site-packages/airflow/example_dags/example_xcom.py
[2024-11-04T14:34:31.505+0000] {logging_mixin.py:190} INFO - [2024-11-04T14:34:31.505+0000] {dag.py:3239} INFO - Sync 1 DAGs
[2024-11-04T14:34:31.525+0000] {logging_mixin.py:190} INFO - [2024-11-04T14:34:31.525+0000] {dag.py:4180} INFO - Setting next_dagrun for example_xcom to 2021-01-01 00:00:00+00:00, run_after=2021-01-01 00:00:00+00:00
[2024-11-04T14:34:31.549+0000] {processor.py:208} INFO - Processing /home/airflow/.local/lib/python3.12/site-packages/airflow/example_dags/example_xcom.py took 0.081 seconds
[2024-11-04T14:35:01.690+0000] {processor.py:186} INFO - Started process (PID=818) to work on /home/airflow/.local/lib/python3.12/site-packages/airflow/example_dags/example_xcom.py
[2024-11-04T14:35:01.691+0000] {processor.py:914} INFO - Processing file /home/airflow/.local/lib/python3.12/site-packages/airflow/example_dags/example_xcom.py for tasks to queue
[2024-11-04T14:35:01.694+0000] {logging_mixin.py:190} INFO - [2024-11-04T14:35:01.693+0000] {dagbag.py:588} INFO - Filling up the DagBag from /home/airflow/.local/lib/python3.12/site-packages/airflow/example_dags/example_xcom.py
[2024-11-04T14:35:01.701+0000] {processor.py:925} INFO - DAG(s) 'example_xcom' retrieved from /home/airflow/.local/lib/python3.12/site-packages/airflow/example_dags/example_xcom.py
[2024-11-04T14:35:01.718+0000] {logging_mixin.py:190} INFO - [2024-11-04T14:35:01.717+0000] {dag.py:3239} INFO - Sync 1 DAGs
[2024-11-04T14:35:01.735+0000] {logging_mixin.py:190} INFO - [2024-11-04T14:35:01.735+0000] {dag.py:4180} INFO - Setting next_dagrun for example_xcom to 2021-01-01 00:00:00+00:00, run_after=2021-01-01 00:00:00+00:00
[2024-11-04T14:35:01.751+0000] {processor.py:208} INFO - Processing /home/airflow/.local/lib/python3.12/site-packages/airflow/example_dags/example_xcom.py took 0.066 seconds
[2024-11-04T14:36:27.050+0000] {processor.py:186} INFO - Started process (PID=244) to work on /home/airflow/.local/lib/python3.12/site-packages/airflow/example_dags/example_xcom.py
[2024-11-04T14:36:27.052+0000] {processor.py:914} INFO - Processing file /home/airflow/.local/lib/python3.12/site-packages/airflow/example_dags/example_xcom.py for tasks to queue
[2024-11-04T14:36:27.057+0000] {logging_mixin.py:190} INFO - [2024-11-04T14:36:27.056+0000] {dagbag.py:588} INFO - Filling up the DagBag from /home/airflow/.local/lib/python3.12/site-packages/airflow/example_dags/example_xcom.py
[2024-11-04T14:36:27.080+0000] {processor.py:925} INFO - DAG(s) 'example_xcom' retrieved from /home/airflow/.local/lib/python3.12/site-packages/airflow/example_dags/example_xcom.py
[2024-11-04T14:36:27.266+0000] {logging_mixin.py:190} INFO - [2024-11-04T14:36:27.265+0000] {override.py:1900} INFO - Created Permission View: can delete on DAG:example_xcom
[2024-11-04T14:36:27.284+0000] {logging_mixin.py:190} INFO - [2024-11-04T14:36:27.283+0000] {override.py:1900} INFO - Created Permission View: can read on DAG:example_xcom
[2024-11-04T14:36:27.298+0000] {logging_mixin.py:190} INFO - [2024-11-04T14:36:27.297+0000] {override.py:1900} INFO - Created Permission View: can edit on DAG:example_xcom
[2024-11-04T14:36:27.316+0000] {logging_mixin.py:190} INFO - [2024-11-04T14:36:27.315+0000] {override.py:1900} INFO - Created Permission View: can create on DAG Run:example_xcom
[2024-11-04T14:36:27.331+0000] {logging_mixin.py:190} INFO - [2024-11-04T14:36:27.331+0000] {override.py:1900} INFO - Created Permission View: can delete on DAG Run:example_xcom
[2024-11-04T14:36:27.346+0000] {logging_mixin.py:190} INFO - [2024-11-04T14:36:27.345+0000] {override.py:1900} INFO - Created Permission View: can read on DAG Run:example_xcom
[2024-11-04T14:36:27.360+0000] {logging_mixin.py:190} INFO - [2024-11-04T14:36:27.360+0000] {override.py:1900} INFO - Created Permission View: menu access on DAG Run:example_xcom
[2024-11-04T14:36:27.362+0000] {logging_mixin.py:190} INFO - [2024-11-04T14:36:27.361+0000] {dag.py:3239} INFO - Sync 1 DAGs
[2024-11-04T14:36:27.383+0000] {logging_mixin.py:190} INFO - [2024-11-04T14:36:27.382+0000] {dag.py:3262} INFO - Creating ORM DAG for example_xcom
[2024-11-04T14:36:27.400+0000] {logging_mixin.py:190} INFO - [2024-11-04T14:36:27.399+0000] {dag.py:4180} INFO - Setting next_dagrun for example_xcom to 2021-01-01 00:00:00+00:00, run_after=2021-01-01 00:00:00+00:00
[2024-11-04T14:36:27.429+0000] {processor.py:208} INFO - Processing /home/airflow/.local/lib/python3.12/site-packages/airflow/example_dags/example_xcom.py took 0.392 seconds
[2024-11-04T14:36:58.372+0000] {processor.py:186} INFO - Started process (PID=532) to work on /home/airflow/.local/lib/python3.12/site-packages/airflow/example_dags/example_xcom.py
[2024-11-04T14:36:58.373+0000] {processor.py:914} INFO - Processing file /home/airflow/.local/lib/python3.12/site-packages/airflow/example_dags/example_xcom.py for tasks to queue
[2024-11-04T14:36:58.376+0000] {logging_mixin.py:190} INFO - [2024-11-04T14:36:58.376+0000] {dagbag.py:588} INFO - Filling up the DagBag from /home/airflow/.local/lib/python3.12/site-packages/airflow/example_dags/example_xcom.py
[2024-11-04T14:36:58.384+0000] {processor.py:925} INFO - DAG(s) 'example_xcom' retrieved from /home/airflow/.local/lib/python3.12/site-packages/airflow/example_dags/example_xcom.py
[2024-11-04T14:36:58.401+0000] {logging_mixin.py:190} INFO - [2024-11-04T14:36:58.401+0000] {dag.py:3239} INFO - Sync 1 DAGs
[2024-11-04T14:36:58.420+0000] {logging_mixin.py:190} INFO - [2024-11-04T14:36:58.419+0000] {dag.py:4180} INFO - Setting next_dagrun for example_xcom to 2021-01-01 00:00:00+00:00, run_after=2021-01-01 00:00:00+00:00
[2024-11-04T14:36:58.437+0000] {processor.py:208} INFO - Processing /home/airflow/.local/lib/python3.12/site-packages/airflow/example_dags/example_xcom.py took 0.071 seconds
[2024-11-04T14:37:29.004+0000] {processor.py:186} INFO - Started process (PID=818) to work on /home/airflow/.local/lib/python3.12/site-packages/airflow/example_dags/example_xcom.py
[2024-11-04T14:37:29.006+0000] {processor.py:914} INFO - Processing file /home/airflow/.local/lib/python3.12/site-packages/airflow/example_dags/example_xcom.py for tasks to queue
[2024-11-04T14:37:29.009+0000] {logging_mixin.py:190} INFO - [2024-11-04T14:37:29.009+0000] {dagbag.py:588} INFO - Filling up the DagBag from /home/airflow/.local/lib/python3.12/site-packages/airflow/example_dags/example_xcom.py
[2024-11-04T14:37:29.022+0000] {processor.py:925} INFO - DAG(s) 'example_xcom' retrieved from /home/airflow/.local/lib/python3.12/site-packages/airflow/example_dags/example_xcom.py
[2024-11-04T14:37:29.054+0000] {logging_mixin.py:190} INFO - [2024-11-04T14:37:29.053+0000] {dag.py:3239} INFO - Sync 1 DAGs
[2024-11-04T14:37:29.088+0000] {logging_mixin.py:190} INFO - [2024-11-04T14:37:29.087+0000] {dag.py:4180} INFO - Setting next_dagrun for example_xcom to 2021-01-01 00:00:00+00:00, run_after=2021-01-01 00:00:00+00:00
[2024-11-04T14:37:29.126+0000] {processor.py:208} INFO - Processing /home/airflow/.local/lib/python3.12/site-packages/airflow/example_dags/example_xcom.py took 0.131 seconds
[2024-11-04T14:37:59.703+0000] {processor.py:186} INFO - Started process (PID=1104) to work on /home/airflow/.local/lib/python3.12/site-packages/airflow/example_dags/example_xcom.py
[2024-11-04T14:37:59.705+0000] {processor.py:914} INFO - Processing file /home/airflow/.local/lib/python3.12/site-packages/airflow/example_dags/example_xcom.py for tasks to queue
[2024-11-04T14:37:59.710+0000] {logging_mixin.py:190} INFO - [2024-11-04T14:37:59.709+0000] {dagbag.py:588} INFO - Filling up the DagBag from /home/airflow/.local/lib/python3.12/site-packages/airflow/example_dags/example_xcom.py
[2024-11-04T14:37:59.730+0000] {processor.py:925} INFO - DAG(s) 'example_xcom' retrieved from /home/airflow/.local/lib/python3.12/site-packages/airflow/example_dags/example_xcom.py
[2024-11-04T14:37:59.770+0000] {logging_mixin.py:190} INFO - [2024-11-04T14:37:59.770+0000] {dag.py:3239} INFO - Sync 1 DAGs
[2024-11-04T14:37:59.821+0000] {logging_mixin.py:190} INFO - [2024-11-04T14:37:59.821+0000] {dag.py:4180} INFO - Setting next_dagrun for example_xcom to 2021-01-01 00:00:00+00:00, run_after=2021-01-01 00:00:00+00:00
[2024-11-04T14:37:59.865+0000] {processor.py:208} INFO - Processing /home/airflow/.local/lib/python3.12/site-packages/airflow/example_dags/example_xcom.py took 0.173 seconds
[2024-11-04T14:38:30.623+0000] {processor.py:186} INFO - Started process (PID=1397) to work on /home/airflow/.local/lib/python3.12/site-packages/airflow/example_dags/example_xcom.py
[2024-11-04T14:38:30.625+0000] {processor.py:914} INFO - Processing file /home/airflow/.local/lib/python3.12/site-packages/airflow/example_dags/example_xcom.py for tasks to queue
[2024-11-04T14:38:30.627+0000] {logging_mixin.py:190} INFO - [2024-11-04T14:38:30.627+0000] {dagbag.py:588} INFO - Filling up the DagBag from /home/airflow/.local/lib/python3.12/site-packages/airflow/example_dags/example_xcom.py
[2024-11-04T14:38:30.635+0000] {processor.py:925} INFO - DAG(s) 'example_xcom' retrieved from /home/airflow/.local/lib/python3.12/site-packages/airflow/example_dags/example_xcom.py
[2024-11-04T14:38:30.655+0000] {logging_mixin.py:190} INFO - [2024-11-04T14:38:30.655+0000] {dag.py:3239} INFO - Sync 1 DAGs
[2024-11-04T14:38:30.674+0000] {logging_mixin.py:190} INFO - [2024-11-04T14:38:30.674+0000] {dag.py:4180} INFO - Setting next_dagrun for example_xcom to 2021-01-01 00:00:00+00:00, run_after=2021-01-01 00:00:00+00:00
[2024-11-04T14:38:30.692+0000] {processor.py:208} INFO - Processing /home/airflow/.local/lib/python3.12/site-packages/airflow/example_dags/example_xcom.py took 0.074 seconds
[2024-11-04T14:39:01.209+0000] {processor.py:186} INFO - Started process (PID=1683) to work on /home/airflow/.local/lib/python3.12/site-packages/airflow/example_dags/example_xcom.py
[2024-11-04T14:39:01.211+0000] {processor.py:914} INFO - Processing file /home/airflow/.local/lib/python3.12/site-packages/airflow/example_dags/example_xcom.py for tasks to queue
[2024-11-04T14:39:01.217+0000] {logging_mixin.py:190} INFO - [2024-11-04T14:39:01.217+0000] {dagbag.py:588} INFO - Filling up the DagBag from /home/airflow/.local/lib/python3.12/site-packages/airflow/example_dags/example_xcom.py
[2024-11-04T14:39:01.235+0000] {processor.py:925} INFO - DAG(s) 'example_xcom' retrieved from /home/airflow/.local/lib/python3.12/site-packages/airflow/example_dags/example_xcom.py
[2024-11-04T14:39:01.263+0000] {logging_mixin.py:190} INFO - [2024-11-04T14:39:01.263+0000] {dag.py:3239} INFO - Sync 1 DAGs
[2024-11-04T14:39:01.302+0000] {logging_mixin.py:190} INFO - [2024-11-04T14:39:01.301+0000] {dag.py:4180} INFO - Setting next_dagrun for example_xcom to 2021-01-01 00:00:00+00:00, run_after=2021-01-01 00:00:00+00:00
[2024-11-04T14:39:01.325+0000] {processor.py:208} INFO - Processing /home/airflow/.local/lib/python3.12/site-packages/airflow/example_dags/example_xcom.py took 0.122 seconds
[2024-11-04T14:39:32.026+0000] {processor.py:186} INFO - Started process (PID=1969) to work on /home/airflow/.local/lib/python3.12/site-packages/airflow/example_dags/example_xcom.py
[2024-11-04T14:39:32.027+0000] {processor.py:914} INFO - Processing file /home/airflow/.local/lib/python3.12/site-packages/airflow/example_dags/example_xcom.py for tasks to queue
[2024-11-04T14:39:32.030+0000] {logging_mixin.py:190} INFO - [2024-11-04T14:39:32.029+0000] {dagbag.py:588} INFO - Filling up the DagBag from /home/airflow/.local/lib/python3.12/site-packages/airflow/example_dags/example_xcom.py
[2024-11-04T14:39:32.037+0000] {processor.py:925} INFO - DAG(s) 'example_xcom' retrieved from /home/airflow/.local/lib/python3.12/site-packages/airflow/example_dags/example_xcom.py
[2024-11-04T14:39:32.056+0000] {logging_mixin.py:190} INFO - [2024-11-04T14:39:32.056+0000] {dag.py:3239} INFO - Sync 1 DAGs
[2024-11-04T14:39:32.075+0000] {logging_mixin.py:190} INFO - [2024-11-04T14:39:32.075+0000] {dag.py:4180} INFO - Setting next_dagrun for example_xcom to 2021-01-01 00:00:00+00:00, run_after=2021-01-01 00:00:00+00:00
[2024-11-04T14:39:32.094+0000] {processor.py:208} INFO - Processing /home/airflow/.local/lib/python3.12/site-packages/airflow/example_dags/example_xcom.py took 0.074 seconds
[2024-11-04T14:40:02.965+0000] {processor.py:186} INFO - Started process (PID=2255) to work on /home/airflow/.local/lib/python3.12/site-packages/airflow/example_dags/example_xcom.py
[2024-11-04T14:40:02.967+0000] {processor.py:914} INFO - Processing file /home/airflow/.local/lib/python3.12/site-packages/airflow/example_dags/example_xcom.py for tasks to queue
[2024-11-04T14:40:02.970+0000] {logging_mixin.py:190} INFO - [2024-11-04T14:40:02.969+0000] {dagbag.py:588} INFO - Filling up the DagBag from /home/airflow/.local/lib/python3.12/site-packages/airflow/example_dags/example_xcom.py
[2024-11-04T14:40:02.982+0000] {processor.py:925} INFO - DAG(s) 'example_xcom' retrieved from /home/airflow/.local/lib/python3.12/site-packages/airflow/example_dags/example_xcom.py
[2024-11-04T14:40:03.010+0000] {logging_mixin.py:190} INFO - [2024-11-04T14:40:03.010+0000] {dag.py:3239} INFO - Sync 1 DAGs
[2024-11-04T14:40:03.040+0000] {logging_mixin.py:190} INFO - [2024-11-04T14:40:03.039+0000] {dag.py:4180} INFO - Setting next_dagrun for example_xcom to 2021-01-01 00:00:00+00:00, run_after=2021-01-01 00:00:00+00:00
[2024-11-04T14:40:03.063+0000] {processor.py:208} INFO - Processing /home/airflow/.local/lib/python3.12/site-packages/airflow/example_dags/example_xcom.py took 0.107 seconds
[2024-11-04T14:40:33.428+0000] {processor.py:186} INFO - Started process (PID=2541) to work on /home/airflow/.local/lib/python3.12/site-packages/airflow/example_dags/example_xcom.py
[2024-11-04T14:40:33.429+0000] {processor.py:914} INFO - Processing file /home/airflow/.local/lib/python3.12/site-packages/airflow/example_dags/example_xcom.py for tasks to queue
[2024-11-04T14:40:33.432+0000] {logging_mixin.py:190} INFO - [2024-11-04T14:40:33.431+0000] {dagbag.py:588} INFO - Filling up the DagBag from /home/airflow/.local/lib/python3.12/site-packages/airflow/example_dags/example_xcom.py
[2024-11-04T14:40:33.440+0000] {processor.py:925} INFO - DAG(s) 'example_xcom' retrieved from /home/airflow/.local/lib/python3.12/site-packages/airflow/example_dags/example_xcom.py
[2024-11-04T14:40:33.460+0000] {logging_mixin.py:190} INFO - [2024-11-04T14:40:33.460+0000] {dag.py:3239} INFO - Sync 1 DAGs
[2024-11-04T14:40:33.478+0000] {logging_mixin.py:190} INFO - [2024-11-04T14:40:33.478+0000] {dag.py:4180} INFO - Setting next_dagrun for example_xcom to 2021-01-01 00:00:00+00:00, run_after=2021-01-01 00:00:00+00:00
[2024-11-04T14:40:33.497+0000] {processor.py:208} INFO - Processing /home/airflow/.local/lib/python3.12/site-packages/airflow/example_dags/example_xcom.py took 0.075 seconds
[2024-11-04T14:41:04.183+0000] {processor.py:186} INFO - Started process (PID=2827) to work on /home/airflow/.local/lib/python3.12/site-packages/airflow/example_dags/example_xcom.py
[2024-11-04T14:41:04.185+0000] {processor.py:914} INFO - Processing file /home/airflow/.local/lib/python3.12/site-packages/airflow/example_dags/example_xcom.py for tasks to queue
[2024-11-04T14:41:04.187+0000] {logging_mixin.py:190} INFO - [2024-11-04T14:41:04.187+0000] {dagbag.py:588} INFO - Filling up the DagBag from /home/airflow/.local/lib/python3.12/site-packages/airflow/example_dags/example_xcom.py
[2024-11-04T14:41:04.196+0000] {processor.py:925} INFO - DAG(s) 'example_xcom' retrieved from /home/airflow/.local/lib/python3.12/site-packages/airflow/example_dags/example_xcom.py
[2024-11-04T14:41:04.219+0000] {logging_mixin.py:190} INFO - [2024-11-04T14:41:04.218+0000] {dag.py:3239} INFO - Sync 1 DAGs
[2024-11-04T14:41:04.240+0000] {logging_mixin.py:190} INFO - [2024-11-04T14:41:04.240+0000] {dag.py:4180} INFO - Setting next_dagrun for example_xcom to 2021-01-01 00:00:00+00:00, run_after=2021-01-01 00:00:00+00:00
[2024-11-04T14:41:04.264+0000] {processor.py:208} INFO - Processing /home/airflow/.local/lib/python3.12/site-packages/airflow/example_dags/example_xcom.py took 0.086 seconds
[2024-11-04T14:41:34.392+0000] {processor.py:186} INFO - Started process (PID=3113) to work on /home/airflow/.local/lib/python3.12/site-packages/airflow/example_dags/example_xcom.py
[2024-11-04T14:41:34.397+0000] {processor.py:914} INFO - Processing file /home/airflow/.local/lib/python3.12/site-packages/airflow/example_dags/example_xcom.py for tasks to queue
[2024-11-04T14:41:34.399+0000] {logging_mixin.py:190} INFO - [2024-11-04T14:41:34.399+0000] {dagbag.py:588} INFO - Filling up the DagBag from /home/airflow/.local/lib/python3.12/site-packages/airflow/example_dags/example_xcom.py
[2024-11-04T14:41:34.408+0000] {processor.py:925} INFO - DAG(s) 'example_xcom' retrieved from /home/airflow/.local/lib/python3.12/site-packages/airflow/example_dags/example_xcom.py
[2024-11-04T14:41:34.432+0000] {logging_mixin.py:190} INFO - [2024-11-04T14:41:34.431+0000] {dag.py:3239} INFO - Sync 1 DAGs
[2024-11-04T14:41:34.458+0000] {logging_mixin.py:190} INFO - [2024-11-04T14:41:34.458+0000] {dag.py:4180} INFO - Setting next_dagrun for example_xcom to 2021-01-01 00:00:00+00:00, run_after=2021-01-01 00:00:00+00:00
[2024-11-04T14:41:34.486+0000] {processor.py:208} INFO - Processing /home/airflow/.local/lib/python3.12/site-packages/airflow/example_dags/example_xcom.py took 0.101 seconds
[2024-11-04T14:42:04.870+0000] {processor.py:186} INFO - Started process (PID=3399) to work on /home/airflow/.local/lib/python3.12/site-packages/airflow/example_dags/example_xcom.py
[2024-11-04T14:42:04.872+0000] {processor.py:914} INFO - Processing file /home/airflow/.local/lib/python3.12/site-packages/airflow/example_dags/example_xcom.py for tasks to queue
[2024-11-04T14:42:04.874+0000] {logging_mixin.py:190} INFO - [2024-11-04T14:42:04.874+0000] {dagbag.py:588} INFO - Filling up the DagBag from /home/airflow/.local/lib/python3.12/site-packages/airflow/example_dags/example_xcom.py
[2024-11-04T14:42:04.882+0000] {processor.py:925} INFO - DAG(s) 'example_xcom' retrieved from /home/airflow/.local/lib/python3.12/site-packages/airflow/example_dags/example_xcom.py
[2024-11-04T14:42:04.900+0000] {logging_mixin.py:190} INFO - [2024-11-04T14:42:04.900+0000] {dag.py:3239} INFO - Sync 1 DAGs
[2024-11-04T14:42:04.918+0000] {logging_mixin.py:190} INFO - [2024-11-04T14:42:04.918+0000] {dag.py:4180} INFO - Setting next_dagrun for example_xcom to 2021-01-01 00:00:00+00:00, run_after=2021-01-01 00:00:00+00:00
[2024-11-04T14:42:04.937+0000] {processor.py:208} INFO - Processing /home/airflow/.local/lib/python3.12/site-packages/airflow/example_dags/example_xcom.py took 0.071 seconds
[2024-11-04T14:42:35.649+0000] {processor.py:186} INFO - Started process (PID=3684) to work on /home/airflow/.local/lib/python3.12/site-packages/airflow/example_dags/example_xcom.py
[2024-11-04T14:42:35.650+0000] {processor.py:914} INFO - Processing file /home/airflow/.local/lib/python3.12/site-packages/airflow/example_dags/example_xcom.py for tasks to queue
[2024-11-04T14:42:35.653+0000] {logging_mixin.py:190} INFO - [2024-11-04T14:42:35.652+0000] {dagbag.py:588} INFO - Filling up the DagBag from /home/airflow/.local/lib/python3.12/site-packages/airflow/example_dags/example_xcom.py
[2024-11-04T14:42:35.660+0000] {processor.py:925} INFO - DAG(s) 'example_xcom' retrieved from /home/airflow/.local/lib/python3.12/site-packages/airflow/example_dags/example_xcom.py
[2024-11-04T14:42:35.680+0000] {logging_mixin.py:190} INFO - [2024-11-04T14:42:35.680+0000] {dag.py:3239} INFO - Sync 1 DAGs
[2024-11-04T14:42:35.698+0000] {logging_mixin.py:190} INFO - [2024-11-04T14:42:35.698+0000] {dag.py:4180} INFO - Setting next_dagrun for example_xcom to 2021-01-01 00:00:00+00:00, run_after=2021-01-01 00:00:00+00:00
[2024-11-04T14:42:35.717+0000] {processor.py:208} INFO - Processing /home/airflow/.local/lib/python3.12/site-packages/airflow/example_dags/example_xcom.py took 0.073 seconds
[2024-11-04T14:43:06.250+0000] {processor.py:186} INFO - Started process (PID=3970) to work on /home/airflow/.local/lib/python3.12/site-packages/airflow/example_dags/example_xcom.py
[2024-11-04T14:43:06.251+0000] {processor.py:914} INFO - Processing file /home/airflow/.local/lib/python3.12/site-packages/airflow/example_dags/example_xcom.py for tasks to queue
[2024-11-04T14:43:06.253+0000] {logging_mixin.py:190} INFO - [2024-11-04T14:43:06.253+0000] {dagbag.py:588} INFO - Filling up the DagBag from /home/airflow/.local/lib/python3.12/site-packages/airflow/example_dags/example_xcom.py
[2024-11-04T14:43:06.263+0000] {processor.py:925} INFO - DAG(s) 'example_xcom' retrieved from /home/airflow/.local/lib/python3.12/site-packages/airflow/example_dags/example_xcom.py
[2024-11-04T14:43:06.284+0000] {logging_mixin.py:190} INFO - [2024-11-04T14:43:06.284+0000] {dag.py:3239} INFO - Sync 1 DAGs
[2024-11-04T14:43:06.304+0000] {logging_mixin.py:190} INFO - [2024-11-04T14:43:06.304+0000] {dag.py:4180} INFO - Setting next_dagrun for example_xcom to 2021-01-01 00:00:00+00:00, run_after=2021-01-01 00:00:00+00:00
[2024-11-04T14:43:06.324+0000] {processor.py:208} INFO - Processing /home/airflow/.local/lib/python3.12/site-packages/airflow/example_dags/example_xcom.py took 0.079 seconds
[2024-11-04T14:44:54.503+0000] {processor.py:186} INFO - Started process (PID=251) to work on /home/airflow/.local/lib/python3.12/site-packages/airflow/example_dags/example_xcom.py
[2024-11-04T14:44:54.505+0000] {processor.py:914} INFO - Processing file /home/airflow/.local/lib/python3.12/site-packages/airflow/example_dags/example_xcom.py for tasks to queue
[2024-11-04T14:44:54.509+0000] {logging_mixin.py:190} INFO - [2024-11-04T14:44:54.509+0000] {dagbag.py:588} INFO - Filling up the DagBag from /home/airflow/.local/lib/python3.12/site-packages/airflow/example_dags/example_xcom.py
[2024-11-04T14:44:54.530+0000] {processor.py:925} INFO - DAG(s) 'example_xcom' retrieved from /home/airflow/.local/lib/python3.12/site-packages/airflow/example_dags/example_xcom.py
[2024-11-04T14:44:54.689+0000] {logging_mixin.py:190} INFO - [2024-11-04T14:44:54.688+0000] {override.py:1900} INFO - Created Permission View: can delete on DAG:example_xcom
[2024-11-04T14:44:54.707+0000] {logging_mixin.py:190} INFO - [2024-11-04T14:44:54.706+0000] {override.py:1900} INFO - Created Permission View: can read on DAG:example_xcom
[2024-11-04T14:44:54.720+0000] {logging_mixin.py:190} INFO - [2024-11-04T14:44:54.719+0000] {override.py:1900} INFO - Created Permission View: can edit on DAG:example_xcom
[2024-11-04T14:44:54.735+0000] {logging_mixin.py:190} INFO - [2024-11-04T14:44:54.735+0000] {override.py:1900} INFO - Created Permission View: can create on DAG Run:example_xcom
[2024-11-04T14:44:54.746+0000] {logging_mixin.py:190} INFO - [2024-11-04T14:44:54.746+0000] {override.py:1900} INFO - Created Permission View: can delete on DAG Run:example_xcom
[2024-11-04T14:44:54.758+0000] {logging_mixin.py:190} INFO - [2024-11-04T14:44:54.758+0000] {override.py:1900} INFO - Created Permission View: menu access on DAG Run:example_xcom
[2024-11-04T14:44:54.771+0000] {logging_mixin.py:190} INFO - [2024-11-04T14:44:54.770+0000] {override.py:1900} INFO - Created Permission View: can read on DAG Run:example_xcom
[2024-11-04T14:44:54.772+0000] {logging_mixin.py:190} INFO - [2024-11-04T14:44:54.772+0000] {dag.py:3239} INFO - Sync 1 DAGs
[2024-11-04T14:44:54.789+0000] {logging_mixin.py:190} INFO - [2024-11-04T14:44:54.789+0000] {dag.py:3262} INFO - Creating ORM DAG for example_xcom
[2024-11-04T14:44:54.804+0000] {logging_mixin.py:190} INFO - [2024-11-04T14:44:54.804+0000] {dag.py:4180} INFO - Setting next_dagrun for example_xcom to 2021-01-01 00:00:00+00:00, run_after=2021-01-01 00:00:00+00:00
[2024-11-04T14:44:54.830+0000] {processor.py:208} INFO - Processing /home/airflow/.local/lib/python3.12/site-packages/airflow/example_dags/example_xcom.py took 0.337 seconds
[2024-11-04T14:45:25.347+0000] {processor.py:186} INFO - Started process (PID=539) to work on /home/airflow/.local/lib/python3.12/site-packages/airflow/example_dags/example_xcom.py
[2024-11-04T14:45:25.349+0000] {processor.py:914} INFO - Processing file /home/airflow/.local/lib/python3.12/site-packages/airflow/example_dags/example_xcom.py for tasks to queue
[2024-11-04T14:45:25.353+0000] {logging_mixin.py:190} INFO - [2024-11-04T14:45:25.352+0000] {dagbag.py:588} INFO - Filling up the DagBag from /home/airflow/.local/lib/python3.12/site-packages/airflow/example_dags/example_xcom.py
[2024-11-04T14:45:25.365+0000] {processor.py:925} INFO - DAG(s) 'example_xcom' retrieved from /home/airflow/.local/lib/python3.12/site-packages/airflow/example_dags/example_xcom.py
[2024-11-04T14:45:25.393+0000] {logging_mixin.py:190} INFO - [2024-11-04T14:45:25.393+0000] {dag.py:3239} INFO - Sync 1 DAGs
[2024-11-04T14:45:25.424+0000] {logging_mixin.py:190} INFO - [2024-11-04T14:45:25.423+0000] {dag.py:4180} INFO - Setting next_dagrun for example_xcom to 2021-01-01 00:00:00+00:00, run_after=2021-01-01 00:00:00+00:00
[2024-11-04T14:45:25.452+0000] {processor.py:208} INFO - Processing /home/airflow/.local/lib/python3.12/site-packages/airflow/example_dags/example_xcom.py took 0.113 seconds
[2024-11-04T14:45:55.559+0000] {processor.py:186} INFO - Started process (PID=825) to work on /home/airflow/.local/lib/python3.12/site-packages/airflow/example_dags/example_xcom.py
[2024-11-04T14:45:55.560+0000] {processor.py:914} INFO - Processing file /home/airflow/.local/lib/python3.12/site-packages/airflow/example_dags/example_xcom.py for tasks to queue
[2024-11-04T14:45:55.562+0000] {logging_mixin.py:190} INFO - [2024-11-04T14:45:55.562+0000] {dagbag.py:588} INFO - Filling up the DagBag from /home/airflow/.local/lib/python3.12/site-packages/airflow/example_dags/example_xcom.py
[2024-11-04T14:45:55.570+0000] {processor.py:925} INFO - DAG(s) 'example_xcom' retrieved from /home/airflow/.local/lib/python3.12/site-packages/airflow/example_dags/example_xcom.py
[2024-11-04T14:45:55.590+0000] {logging_mixin.py:190} INFO - [2024-11-04T14:45:55.590+0000] {dag.py:3239} INFO - Sync 1 DAGs
[2024-11-04T14:45:55.608+0000] {logging_mixin.py:190} INFO - [2024-11-04T14:45:55.608+0000] {dag.py:4180} INFO - Setting next_dagrun for example_xcom to 2021-01-01 00:00:00+00:00, run_after=2021-01-01 00:00:00+00:00
[2024-11-04T14:45:55.625+0000] {processor.py:208} INFO - Processing /home/airflow/.local/lib/python3.12/site-packages/airflow/example_dags/example_xcom.py took 0.072 seconds
[2024-11-04T14:46:25.878+0000] {processor.py:186} INFO - Started process (PID=1111) to work on /home/airflow/.local/lib/python3.12/site-packages/airflow/example_dags/example_xcom.py
[2024-11-04T14:46:25.880+0000] {processor.py:914} INFO - Processing file /home/airflow/.local/lib/python3.12/site-packages/airflow/example_dags/example_xcom.py for tasks to queue
[2024-11-04T14:46:25.883+0000] {logging_mixin.py:190} INFO - [2024-11-04T14:46:25.883+0000] {dagbag.py:588} INFO - Filling up the DagBag from /home/airflow/.local/lib/python3.12/site-packages/airflow/example_dags/example_xcom.py
[2024-11-04T14:46:25.893+0000] {processor.py:925} INFO - DAG(s) 'example_xcom' retrieved from /home/airflow/.local/lib/python3.12/site-packages/airflow/example_dags/example_xcom.py
[2024-11-04T14:46:25.915+0000] {logging_mixin.py:190} INFO - [2024-11-04T14:46:25.915+0000] {dag.py:3239} INFO - Sync 1 DAGs
[2024-11-04T14:46:25.938+0000] {logging_mixin.py:190} INFO - [2024-11-04T14:46:25.938+0000] {dag.py:4180} INFO - Setting next_dagrun for example_xcom to 2021-01-01 00:00:00+00:00, run_after=2021-01-01 00:00:00+00:00
[2024-11-04T14:46:25.960+0000] {processor.py:208} INFO - Processing /home/airflow/.local/lib/python3.12/site-packages/airflow/example_dags/example_xcom.py took 0.088 seconds
[2024-11-04T14:46:56.387+0000] {processor.py:186} INFO - Started process (PID=1397) to work on /home/airflow/.local/lib/python3.12/site-packages/airflow/example_dags/example_xcom.py
[2024-11-04T14:46:56.388+0000] {processor.py:914} INFO - Processing file /home/airflow/.local/lib/python3.12/site-packages/airflow/example_dags/example_xcom.py for tasks to queue
[2024-11-04T14:46:56.391+0000] {logging_mixin.py:190} INFO - [2024-11-04T14:46:56.391+0000] {dagbag.py:588} INFO - Filling up the DagBag from /home/airflow/.local/lib/python3.12/site-packages/airflow/example_dags/example_xcom.py
[2024-11-04T14:46:56.399+0000] {processor.py:925} INFO - DAG(s) 'example_xcom' retrieved from /home/airflow/.local/lib/python3.12/site-packages/airflow/example_dags/example_xcom.py
[2024-11-04T14:46:56.424+0000] {logging_mixin.py:190} INFO - [2024-11-04T14:46:56.424+0000] {dag.py:3239} INFO - Sync 1 DAGs
[2024-11-04T14:46:56.451+0000] {logging_mixin.py:190} INFO - [2024-11-04T14:46:56.451+0000] {dag.py:4180} INFO - Setting next_dagrun for example_xcom to 2021-01-01 00:00:00+00:00, run_after=2021-01-01 00:00:00+00:00
[2024-11-04T14:46:56.471+0000] {processor.py:208} INFO - Processing /home/airflow/.local/lib/python3.12/site-packages/airflow/example_dags/example_xcom.py took 0.089 seconds
[2024-11-04T14:49:13.825+0000] {processor.py:186} INFO - Started process (PID=244) to work on /home/airflow/.local/lib/python3.12/site-packages/airflow/example_dags/example_xcom.py
[2024-11-04T14:49:13.827+0000] {processor.py:914} INFO - Processing file /home/airflow/.local/lib/python3.12/site-packages/airflow/example_dags/example_xcom.py for tasks to queue
[2024-11-04T14:49:13.831+0000] {logging_mixin.py:190} INFO - [2024-11-04T14:49:13.830+0000] {dagbag.py:588} INFO - Filling up the DagBag from /home/airflow/.local/lib/python3.12/site-packages/airflow/example_dags/example_xcom.py
[2024-11-04T14:49:13.848+0000] {processor.py:925} INFO - DAG(s) 'example_xcom' retrieved from /home/airflow/.local/lib/python3.12/site-packages/airflow/example_dags/example_xcom.py
[2024-11-04T14:49:14.005+0000] {logging_mixin.py:190} INFO - [2024-11-04T14:49:14.005+0000] {override.py:1900} INFO - Created Permission View: can edit on DAG:example_xcom
[2024-11-04T14:49:14.024+0000] {logging_mixin.py:190} INFO - [2024-11-04T14:49:14.024+0000] {override.py:1900} INFO - Created Permission View: can delete on DAG:example_xcom
[2024-11-04T14:49:14.038+0000] {logging_mixin.py:190} INFO - [2024-11-04T14:49:14.038+0000] {override.py:1900} INFO - Created Permission View: can read on DAG:example_xcom
[2024-11-04T14:49:14.052+0000] {logging_mixin.py:190} INFO - [2024-11-04T14:49:14.052+0000] {override.py:1900} INFO - Created Permission View: can create on DAG Run:example_xcom
[2024-11-04T14:49:14.064+0000] {logging_mixin.py:190} INFO - [2024-11-04T14:49:14.063+0000] {override.py:1900} INFO - Created Permission View: can read on DAG Run:example_xcom
[2024-11-04T14:49:14.077+0000] {logging_mixin.py:190} INFO - [2024-11-04T14:49:14.077+0000] {override.py:1900} INFO - Created Permission View: can delete on DAG Run:example_xcom
[2024-11-04T14:49:14.090+0000] {logging_mixin.py:190} INFO - [2024-11-04T14:49:14.090+0000] {override.py:1900} INFO - Created Permission View: menu access on DAG Run:example_xcom
[2024-11-04T14:49:14.092+0000] {logging_mixin.py:190} INFO - [2024-11-04T14:49:14.091+0000] {dag.py:3239} INFO - Sync 1 DAGs
[2024-11-04T14:49:14.112+0000] {logging_mixin.py:190} INFO - [2024-11-04T14:49:14.112+0000] {dag.py:3262} INFO - Creating ORM DAG for example_xcom
[2024-11-04T14:49:14.127+0000] {logging_mixin.py:190} INFO - [2024-11-04T14:49:14.127+0000] {dag.py:4180} INFO - Setting next_dagrun for example_xcom to 2021-01-01 00:00:00+00:00, run_after=2021-01-01 00:00:00+00:00
[2024-11-04T14:49:14.154+0000] {processor.py:208} INFO - Processing /home/airflow/.local/lib/python3.12/site-packages/airflow/example_dags/example_xcom.py took 0.336 seconds
