[2024-11-04T14:33:57.411+0000] {processor.py:186} INFO - Started process (PID=203) to work on /home/airflow/.local/lib/python3.12/site-packages/airflow/example_dags/example_workday_timetable.py
[2024-11-04T14:33:57.414+0000] {processor.py:914} INFO - Processing file /home/airflow/.local/lib/python3.12/site-packages/airflow/example_dags/example_workday_timetable.py for tasks to queue
[2024-11-04T14:33:57.420+0000] {logging_mixin.py:190} INFO - [2024-11-04T14:33:57.419+0000] {dagbag.py:588} INFO - Filling up the DagBag from /home/airflow/.local/lib/python3.12/site-packages/airflow/example_dags/example_workday_timetable.py
[2024-11-04T14:33:57.443+0000] {processor.py:925} INFO - DAG(s) 'example_workday_timetable' retrieved from /home/airflow/.local/lib/python3.12/site-packages/airflow/example_dags/example_workday_timetable.py
[2024-11-04T14:33:57.666+0000] {logging_mixin.py:190} INFO - [2024-11-04T14:33:57.665+0000] {override.py:1900} INFO - Created Permission View: can edit on DAG:example_workday_timetable
[2024-11-04T14:33:57.691+0000] {logging_mixin.py:190} INFO - [2024-11-04T14:33:57.690+0000] {override.py:1900} INFO - Created Permission View: can read on DAG:example_workday_timetable
[2024-11-04T14:33:57.705+0000] {logging_mixin.py:190} INFO - [2024-11-04T14:33:57.705+0000] {override.py:1900} INFO - Created Permission View: can delete on DAG:example_workday_timetable
[2024-11-04T14:33:57.722+0000] {logging_mixin.py:190} INFO - [2024-11-04T14:33:57.722+0000] {override.py:1900} INFO - Created Permission View: can read on DAG Run:example_workday_timetable
[2024-11-04T14:33:57.736+0000] {logging_mixin.py:190} INFO - [2024-11-04T14:33:57.736+0000] {override.py:1900} INFO - Created Permission View: can delete on DAG Run:example_workday_timetable
[2024-11-04T14:33:57.750+0000] {logging_mixin.py:190} INFO - [2024-11-04T14:33:57.749+0000] {override.py:1900} INFO - Created Permission View: menu access on DAG Run:example_workday_timetable
[2024-11-04T14:33:57.763+0000] {logging_mixin.py:190} INFO - [2024-11-04T14:33:57.762+0000] {override.py:1900} INFO - Created Permission View: can create on DAG Run:example_workday_timetable
[2024-11-04T14:33:57.765+0000] {logging_mixin.py:190} INFO - [2024-11-04T14:33:57.764+0000] {dag.py:3239} INFO - Sync 1 DAGs
[2024-11-04T14:33:57.788+0000] {logging_mixin.py:190} INFO - [2024-11-04T14:33:57.788+0000] {dag.py:3262} INFO - Creating ORM DAG for example_workday_timetable
[2024-11-04T14:33:57.879+0000] {logging_mixin.py:190} INFO - [2024-11-04T14:33:57.879+0000] {dag.py:4180} INFO - Setting next_dagrun for example_workday_timetable to 2021-01-04 00:00:00+00:00, run_after=2021-01-05 00:00:00+00:00
[2024-11-04T14:33:57.914+0000] {processor.py:208} INFO - Processing /home/airflow/.local/lib/python3.12/site-packages/airflow/example_dags/example_workday_timetable.py took 0.516 seconds
[2024-11-04T14:34:28.647+0000] {processor.py:186} INFO - Started process (PID=489) to work on /home/airflow/.local/lib/python3.12/site-packages/airflow/example_dags/example_workday_timetable.py
[2024-11-04T14:34:28.649+0000] {processor.py:914} INFO - Processing file /home/airflow/.local/lib/python3.12/site-packages/airflow/example_dags/example_workday_timetable.py for tasks to queue
[2024-11-04T14:34:28.653+0000] {logging_mixin.py:190} INFO - [2024-11-04T14:34:28.653+0000] {dagbag.py:588} INFO - Filling up the DagBag from /home/airflow/.local/lib/python3.12/site-packages/airflow/example_dags/example_workday_timetable.py
[2024-11-04T14:34:28.658+0000] {processor.py:925} INFO - DAG(s) 'example_workday_timetable' retrieved from /home/airflow/.local/lib/python3.12/site-packages/airflow/example_dags/example_workday_timetable.py
[2024-11-04T14:34:28.683+0000] {logging_mixin.py:190} INFO - [2024-11-04T14:34:28.683+0000] {dag.py:3239} INFO - Sync 1 DAGs
[2024-11-04T14:34:28.756+0000] {logging_mixin.py:190} INFO - [2024-11-04T14:34:28.755+0000] {dag.py:4180} INFO - Setting next_dagrun for example_workday_timetable to 2021-01-04 00:00:00+00:00, run_after=2021-01-05 00:00:00+00:00
[2024-11-04T14:34:28.782+0000] {processor.py:208} INFO - Processing /home/airflow/.local/lib/python3.12/site-packages/airflow/example_dags/example_workday_timetable.py took 0.141 seconds
[2024-11-04T14:34:58.868+0000] {processor.py:186} INFO - Started process (PID=773) to work on /home/airflow/.local/lib/python3.12/site-packages/airflow/example_dags/example_workday_timetable.py
[2024-11-04T14:34:58.869+0000] {processor.py:914} INFO - Processing file /home/airflow/.local/lib/python3.12/site-packages/airflow/example_dags/example_workday_timetable.py for tasks to queue
[2024-11-04T14:34:58.872+0000] {logging_mixin.py:190} INFO - [2024-11-04T14:34:58.871+0000] {dagbag.py:588} INFO - Filling up the DagBag from /home/airflow/.local/lib/python3.12/site-packages/airflow/example_dags/example_workday_timetable.py
[2024-11-04T14:34:58.877+0000] {processor.py:925} INFO - DAG(s) 'example_workday_timetable' retrieved from /home/airflow/.local/lib/python3.12/site-packages/airflow/example_dags/example_workday_timetable.py
[2024-11-04T14:34:58.897+0000] {logging_mixin.py:190} INFO - [2024-11-04T14:34:58.896+0000] {dag.py:3239} INFO - Sync 1 DAGs
[2024-11-04T14:34:58.944+0000] {logging_mixin.py:190} INFO - [2024-11-04T14:34:58.943+0000] {dag.py:4180} INFO - Setting next_dagrun for example_workday_timetable to 2021-01-04 00:00:00+00:00, run_after=2021-01-05 00:00:00+00:00
[2024-11-04T14:34:58.975+0000] {processor.py:208} INFO - Processing /home/airflow/.local/lib/python3.12/site-packages/airflow/example_dags/example_workday_timetable.py took 0.113 seconds
[2024-11-04T14:36:24.137+0000] {processor.py:186} INFO - Started process (PID=204) to work on /home/airflow/.local/lib/python3.12/site-packages/airflow/example_dags/example_workday_timetable.py
[2024-11-04T14:36:24.139+0000] {processor.py:914} INFO - Processing file /home/airflow/.local/lib/python3.12/site-packages/airflow/example_dags/example_workday_timetable.py for tasks to queue
[2024-11-04T14:36:24.143+0000] {logging_mixin.py:190} INFO - [2024-11-04T14:36:24.142+0000] {dagbag.py:588} INFO - Filling up the DagBag from /home/airflow/.local/lib/python3.12/site-packages/airflow/example_dags/example_workday_timetable.py
[2024-11-04T14:36:24.152+0000] {processor.py:925} INFO - DAG(s) 'example_workday_timetable' retrieved from /home/airflow/.local/lib/python3.12/site-packages/airflow/example_dags/example_workday_timetable.py
[2024-11-04T14:36:24.311+0000] {logging_mixin.py:190} INFO - [2024-11-04T14:36:24.311+0000] {override.py:1900} INFO - Created Permission View: can delete on DAG:example_workday_timetable
[2024-11-04T14:36:24.329+0000] {logging_mixin.py:190} INFO - [2024-11-04T14:36:24.328+0000] {override.py:1900} INFO - Created Permission View: can read on DAG:example_workday_timetable
[2024-11-04T14:36:24.342+0000] {logging_mixin.py:190} INFO - [2024-11-04T14:36:24.342+0000] {override.py:1900} INFO - Created Permission View: can edit on DAG:example_workday_timetable
[2024-11-04T14:36:24.356+0000] {logging_mixin.py:190} INFO - [2024-11-04T14:36:24.355+0000] {override.py:1900} INFO - Created Permission View: can create on DAG Run:example_workday_timetable
[2024-11-04T14:36:24.367+0000] {logging_mixin.py:190} INFO - [2024-11-04T14:36:24.367+0000] {override.py:1900} INFO - Created Permission View: can delete on DAG Run:example_workday_timetable
[2024-11-04T14:36:24.378+0000] {logging_mixin.py:190} INFO - [2024-11-04T14:36:24.378+0000] {override.py:1900} INFO - Created Permission View: can read on DAG Run:example_workday_timetable
[2024-11-04T14:36:24.389+0000] {logging_mixin.py:190} INFO - [2024-11-04T14:36:24.389+0000] {override.py:1900} INFO - Created Permission View: menu access on DAG Run:example_workday_timetable
[2024-11-04T14:36:24.391+0000] {logging_mixin.py:190} INFO - [2024-11-04T14:36:24.390+0000] {dag.py:3239} INFO - Sync 1 DAGs
[2024-11-04T14:36:24.408+0000] {logging_mixin.py:190} INFO - [2024-11-04T14:36:24.407+0000] {dag.py:3262} INFO - Creating ORM DAG for example_workday_timetable
[2024-11-04T14:36:24.473+0000] {logging_mixin.py:190} INFO - [2024-11-04T14:36:24.473+0000] {dag.py:4180} INFO - Setting next_dagrun for example_workday_timetable to 2021-01-04 00:00:00+00:00, run_after=2021-01-05 00:00:00+00:00
[2024-11-04T14:36:24.506+0000] {processor.py:208} INFO - Processing /home/airflow/.local/lib/python3.12/site-packages/airflow/example_dags/example_workday_timetable.py took 0.379 seconds
[2024-11-04T14:36:54.723+0000] {processor.py:186} INFO - Started process (PID=485) to work on /home/airflow/.local/lib/python3.12/site-packages/airflow/example_dags/example_workday_timetable.py
[2024-11-04T14:36:54.725+0000] {processor.py:914} INFO - Processing file /home/airflow/.local/lib/python3.12/site-packages/airflow/example_dags/example_workday_timetable.py for tasks to queue
[2024-11-04T14:36:54.729+0000] {logging_mixin.py:190} INFO - [2024-11-04T14:36:54.728+0000] {dagbag.py:588} INFO - Filling up the DagBag from /home/airflow/.local/lib/python3.12/site-packages/airflow/example_dags/example_workday_timetable.py
[2024-11-04T14:36:54.734+0000] {processor.py:925} INFO - DAG(s) 'example_workday_timetable' retrieved from /home/airflow/.local/lib/python3.12/site-packages/airflow/example_dags/example_workday_timetable.py
[2024-11-04T14:36:54.751+0000] {logging_mixin.py:190} INFO - [2024-11-04T14:36:54.751+0000] {dag.py:3239} INFO - Sync 1 DAGs
[2024-11-04T14:36:54.802+0000] {logging_mixin.py:190} INFO - [2024-11-04T14:36:54.802+0000] {dag.py:4180} INFO - Setting next_dagrun for example_workday_timetable to 2021-01-04 00:00:00+00:00, run_after=2021-01-05 00:00:00+00:00
[2024-11-04T14:36:54.818+0000] {processor.py:208} INFO - Processing /home/airflow/.local/lib/python3.12/site-packages/airflow/example_dags/example_workday_timetable.py took 0.101 seconds
[2024-11-04T14:37:25.218+0000] {processor.py:186} INFO - Started process (PID=771) to work on /home/airflow/.local/lib/python3.12/site-packages/airflow/example_dags/example_workday_timetable.py
[2024-11-04T14:37:25.221+0000] {processor.py:914} INFO - Processing file /home/airflow/.local/lib/python3.12/site-packages/airflow/example_dags/example_workday_timetable.py for tasks to queue
[2024-11-04T14:37:25.225+0000] {logging_mixin.py:190} INFO - [2024-11-04T14:37:25.225+0000] {dagbag.py:588} INFO - Filling up the DagBag from /home/airflow/.local/lib/python3.12/site-packages/airflow/example_dags/example_workday_timetable.py
[2024-11-04T14:37:25.236+0000] {processor.py:925} INFO - DAG(s) 'example_workday_timetable' retrieved from /home/airflow/.local/lib/python3.12/site-packages/airflow/example_dags/example_workday_timetable.py
[2024-11-04T14:37:25.272+0000] {logging_mixin.py:190} INFO - [2024-11-04T14:37:25.272+0000] {dag.py:3239} INFO - Sync 1 DAGs
[2024-11-04T14:37:25.367+0000] {logging_mixin.py:190} INFO - [2024-11-04T14:37:25.366+0000] {dag.py:4180} INFO - Setting next_dagrun for example_workday_timetable to 2021-01-04 00:00:00+00:00, run_after=2021-01-05 00:00:00+00:00
[2024-11-04T14:37:25.409+0000] {processor.py:208} INFO - Processing /home/airflow/.local/lib/python3.12/site-packages/airflow/example_dags/example_workday_timetable.py took 0.201 seconds
[2024-11-04T14:37:56.177+0000] {processor.py:186} INFO - Started process (PID=1057) to work on /home/airflow/.local/lib/python3.12/site-packages/airflow/example_dags/example_workday_timetable.py
[2024-11-04T14:37:56.180+0000] {processor.py:914} INFO - Processing file /home/airflow/.local/lib/python3.12/site-packages/airflow/example_dags/example_workday_timetable.py for tasks to queue
[2024-11-04T14:37:56.185+0000] {logging_mixin.py:190} INFO - [2024-11-04T14:37:56.185+0000] {dagbag.py:588} INFO - Filling up the DagBag from /home/airflow/.local/lib/python3.12/site-packages/airflow/example_dags/example_workday_timetable.py
[2024-11-04T14:37:56.199+0000] {processor.py:925} INFO - DAG(s) 'example_workday_timetable' retrieved from /home/airflow/.local/lib/python3.12/site-packages/airflow/example_dags/example_workday_timetable.py
[2024-11-04T14:37:56.268+0000] {logging_mixin.py:190} INFO - [2024-11-04T14:37:56.268+0000] {dag.py:3239} INFO - Sync 1 DAGs
[2024-11-04T14:37:56.381+0000] {logging_mixin.py:190} INFO - [2024-11-04T14:37:56.380+0000] {dag.py:4180} INFO - Setting next_dagrun for example_workday_timetable to 2021-01-04 00:00:00+00:00, run_after=2021-01-05 00:00:00+00:00
[2024-11-04T14:37:56.417+0000] {processor.py:208} INFO - Processing /home/airflow/.local/lib/python3.12/site-packages/airflow/example_dags/example_workday_timetable.py took 0.253 seconds
[2024-11-04T14:38:27.098+0000] {processor.py:186} INFO - Started process (PID=1343) to work on /home/airflow/.local/lib/python3.12/site-packages/airflow/example_dags/example_workday_timetable.py
[2024-11-04T14:38:27.099+0000] {processor.py:914} INFO - Processing file /home/airflow/.local/lib/python3.12/site-packages/airflow/example_dags/example_workday_timetable.py for tasks to queue
[2024-11-04T14:38:27.102+0000] {logging_mixin.py:190} INFO - [2024-11-04T14:38:27.102+0000] {dagbag.py:588} INFO - Filling up the DagBag from /home/airflow/.local/lib/python3.12/site-packages/airflow/example_dags/example_workday_timetable.py
[2024-11-04T14:38:27.108+0000] {processor.py:925} INFO - DAG(s) 'example_workday_timetable' retrieved from /home/airflow/.local/lib/python3.12/site-packages/airflow/example_dags/example_workday_timetable.py
[2024-11-04T14:38:27.128+0000] {logging_mixin.py:190} INFO - [2024-11-04T14:38:27.128+0000] {dag.py:3239} INFO - Sync 1 DAGs
[2024-11-04T14:38:27.182+0000] {logging_mixin.py:190} INFO - [2024-11-04T14:38:27.182+0000] {dag.py:4180} INFO - Setting next_dagrun for example_workday_timetable to 2021-01-04 00:00:00+00:00, run_after=2021-01-05 00:00:00+00:00
[2024-11-04T14:38:27.202+0000] {processor.py:208} INFO - Processing /home/airflow/.local/lib/python3.12/site-packages/airflow/example_dags/example_workday_timetable.py took 0.111 seconds
[2024-11-04T14:38:57.604+0000] {processor.py:186} INFO - Started process (PID=1632) to work on /home/airflow/.local/lib/python3.12/site-packages/airflow/example_dags/example_workday_timetable.py
[2024-11-04T14:38:57.605+0000] {processor.py:914} INFO - Processing file /home/airflow/.local/lib/python3.12/site-packages/airflow/example_dags/example_workday_timetable.py for tasks to queue
[2024-11-04T14:38:57.608+0000] {logging_mixin.py:190} INFO - [2024-11-04T14:38:57.608+0000] {dagbag.py:588} INFO - Filling up the DagBag from /home/airflow/.local/lib/python3.12/site-packages/airflow/example_dags/example_workday_timetable.py
[2024-11-04T14:38:57.613+0000] {processor.py:925} INFO - DAG(s) 'example_workday_timetable' retrieved from /home/airflow/.local/lib/python3.12/site-packages/airflow/example_dags/example_workday_timetable.py
[2024-11-04T14:38:57.634+0000] {logging_mixin.py:190} INFO - [2024-11-04T14:38:57.634+0000] {dag.py:3239} INFO - Sync 1 DAGs
[2024-11-04T14:38:57.686+0000] {logging_mixin.py:190} INFO - [2024-11-04T14:38:57.685+0000] {dag.py:4180} INFO - Setting next_dagrun for example_workday_timetable to 2021-01-04 00:00:00+00:00, run_after=2021-01-05 00:00:00+00:00
[2024-11-04T14:38:57.707+0000] {processor.py:208} INFO - Processing /home/airflow/.local/lib/python3.12/site-packages/airflow/example_dags/example_workday_timetable.py took 0.109 seconds
[2024-11-04T14:39:28.369+0000] {processor.py:186} INFO - Started process (PID=1916) to work on /home/airflow/.local/lib/python3.12/site-packages/airflow/example_dags/example_workday_timetable.py
[2024-11-04T14:39:28.370+0000] {processor.py:914} INFO - Processing file /home/airflow/.local/lib/python3.12/site-packages/airflow/example_dags/example_workday_timetable.py for tasks to queue
[2024-11-04T14:39:28.373+0000] {logging_mixin.py:190} INFO - [2024-11-04T14:39:28.373+0000] {dagbag.py:588} INFO - Filling up the DagBag from /home/airflow/.local/lib/python3.12/site-packages/airflow/example_dags/example_workday_timetable.py
[2024-11-04T14:39:28.379+0000] {processor.py:925} INFO - DAG(s) 'example_workday_timetable' retrieved from /home/airflow/.local/lib/python3.12/site-packages/airflow/example_dags/example_workday_timetable.py
[2024-11-04T14:39:28.400+0000] {logging_mixin.py:190} INFO - [2024-11-04T14:39:28.399+0000] {dag.py:3239} INFO - Sync 1 DAGs
[2024-11-04T14:39:28.451+0000] {logging_mixin.py:190} INFO - [2024-11-04T14:39:28.451+0000] {dag.py:4180} INFO - Setting next_dagrun for example_workday_timetable to 2021-01-04 00:00:00+00:00, run_after=2021-01-05 00:00:00+00:00
[2024-11-04T14:39:28.474+0000] {processor.py:208} INFO - Processing /home/airflow/.local/lib/python3.12/site-packages/airflow/example_dags/example_workday_timetable.py took 0.111 seconds
[2024-11-04T14:39:59.094+0000] {processor.py:186} INFO - Started process (PID=2202) to work on /home/airflow/.local/lib/python3.12/site-packages/airflow/example_dags/example_workday_timetable.py
[2024-11-04T14:39:59.096+0000] {processor.py:914} INFO - Processing file /home/airflow/.local/lib/python3.12/site-packages/airflow/example_dags/example_workday_timetable.py for tasks to queue
[2024-11-04T14:39:59.100+0000] {logging_mixin.py:190} INFO - [2024-11-04T14:39:59.099+0000] {dagbag.py:588} INFO - Filling up the DagBag from /home/airflow/.local/lib/python3.12/site-packages/airflow/example_dags/example_workday_timetable.py
[2024-11-04T14:39:59.107+0000] {processor.py:925} INFO - DAG(s) 'example_workday_timetable' retrieved from /home/airflow/.local/lib/python3.12/site-packages/airflow/example_dags/example_workday_timetable.py
[2024-11-04T14:39:59.133+0000] {logging_mixin.py:190} INFO - [2024-11-04T14:39:59.132+0000] {dag.py:3239} INFO - Sync 1 DAGs
[2024-11-04T14:39:59.215+0000] {logging_mixin.py:190} INFO - [2024-11-04T14:39:59.214+0000] {dag.py:4180} INFO - Setting next_dagrun for example_workday_timetable to 2021-01-04 00:00:00+00:00, run_after=2021-01-05 00:00:00+00:00
[2024-11-04T14:39:59.247+0000] {processor.py:208} INFO - Processing /home/airflow/.local/lib/python3.12/site-packages/airflow/example_dags/example_workday_timetable.py took 0.159 seconds
[2024-11-04T14:40:29.720+0000] {processor.py:186} INFO - Started process (PID=2488) to work on /home/airflow/.local/lib/python3.12/site-packages/airflow/example_dags/example_workday_timetable.py
[2024-11-04T14:40:29.722+0000] {processor.py:914} INFO - Processing file /home/airflow/.local/lib/python3.12/site-packages/airflow/example_dags/example_workday_timetable.py for tasks to queue
[2024-11-04T14:40:29.725+0000] {logging_mixin.py:190} INFO - [2024-11-04T14:40:29.724+0000] {dagbag.py:588} INFO - Filling up the DagBag from /home/airflow/.local/lib/python3.12/site-packages/airflow/example_dags/example_workday_timetable.py
[2024-11-04T14:40:29.730+0000] {processor.py:925} INFO - DAG(s) 'example_workday_timetable' retrieved from /home/airflow/.local/lib/python3.12/site-packages/airflow/example_dags/example_workday_timetable.py
[2024-11-04T14:40:29.751+0000] {logging_mixin.py:190} INFO - [2024-11-04T14:40:29.750+0000] {dag.py:3239} INFO - Sync 1 DAGs
[2024-11-04T14:40:29.798+0000] {logging_mixin.py:190} INFO - [2024-11-04T14:40:29.798+0000] {dag.py:4180} INFO - Setting next_dagrun for example_workday_timetable to 2021-01-04 00:00:00+00:00, run_after=2021-01-05 00:00:00+00:00
[2024-11-04T14:40:29.819+0000] {processor.py:208} INFO - Processing /home/airflow/.local/lib/python3.12/site-packages/airflow/example_dags/example_workday_timetable.py took 0.105 seconds
[2024-11-04T14:40:59.978+0000] {processor.py:186} INFO - Started process (PID=2769) to work on /home/airflow/.local/lib/python3.12/site-packages/airflow/example_dags/example_workday_timetable.py
[2024-11-04T14:40:59.995+0000] {processor.py:914} INFO - Processing file /home/airflow/.local/lib/python3.12/site-packages/airflow/example_dags/example_workday_timetable.py for tasks to queue
[2024-11-04T14:41:00.038+0000] {logging_mixin.py:190} INFO - [2024-11-04T14:41:00.037+0000] {dagbag.py:588} INFO - Filling up the DagBag from /home/airflow/.local/lib/python3.12/site-packages/airflow/example_dags/example_workday_timetable.py
[2024-11-04T14:41:00.064+0000] {processor.py:925} INFO - DAG(s) 'example_workday_timetable' retrieved from /home/airflow/.local/lib/python3.12/site-packages/airflow/example_dags/example_workday_timetable.py
[2024-11-04T14:41:00.120+0000] {logging_mixin.py:190} INFO - [2024-11-04T14:41:00.120+0000] {dag.py:3239} INFO - Sync 1 DAGs
[2024-11-04T14:41:00.333+0000] {logging_mixin.py:190} INFO - [2024-11-04T14:41:00.333+0000] {dag.py:4180} INFO - Setting next_dagrun for example_workday_timetable to 2021-01-04 00:00:00+00:00, run_after=2021-01-05 00:00:00+00:00
[2024-11-04T14:41:00.399+0000] {processor.py:208} INFO - Processing /home/airflow/.local/lib/python3.12/site-packages/airflow/example_dags/example_workday_timetable.py took 0.487 seconds
[2024-11-04T14:41:30.640+0000] {processor.py:186} INFO - Started process (PID=3057) to work on /home/airflow/.local/lib/python3.12/site-packages/airflow/example_dags/example_workday_timetable.py
[2024-11-04T14:41:30.642+0000] {processor.py:914} INFO - Processing file /home/airflow/.local/lib/python3.12/site-packages/airflow/example_dags/example_workday_timetable.py for tasks to queue
[2024-11-04T14:41:30.646+0000] {logging_mixin.py:190} INFO - [2024-11-04T14:41:30.645+0000] {dagbag.py:588} INFO - Filling up the DagBag from /home/airflow/.local/lib/python3.12/site-packages/airflow/example_dags/example_workday_timetable.py
[2024-11-04T14:41:30.653+0000] {processor.py:925} INFO - DAG(s) 'example_workday_timetable' retrieved from /home/airflow/.local/lib/python3.12/site-packages/airflow/example_dags/example_workday_timetable.py
[2024-11-04T14:41:30.672+0000] {logging_mixin.py:190} INFO - [2024-11-04T14:41:30.672+0000] {dag.py:3239} INFO - Sync 1 DAGs
[2024-11-04T14:41:30.725+0000] {logging_mixin.py:190} INFO - [2024-11-04T14:41:30.725+0000] {dag.py:4180} INFO - Setting next_dagrun for example_workday_timetable to 2021-01-04 00:00:00+00:00, run_after=2021-01-05 00:00:00+00:00
[2024-11-04T14:41:30.745+0000] {processor.py:208} INFO - Processing /home/airflow/.local/lib/python3.12/site-packages/airflow/example_dags/example_workday_timetable.py took 0.111 seconds
[2024-11-04T14:42:01.157+0000] {processor.py:186} INFO - Started process (PID=3349) to work on /home/airflow/.local/lib/python3.12/site-packages/airflow/example_dags/example_workday_timetable.py
[2024-11-04T14:42:01.158+0000] {processor.py:914} INFO - Processing file /home/airflow/.local/lib/python3.12/site-packages/airflow/example_dags/example_workday_timetable.py for tasks to queue
[2024-11-04T14:42:01.160+0000] {logging_mixin.py:190} INFO - [2024-11-04T14:42:01.160+0000] {dagbag.py:588} INFO - Filling up the DagBag from /home/airflow/.local/lib/python3.12/site-packages/airflow/example_dags/example_workday_timetable.py
[2024-11-04T14:42:01.165+0000] {processor.py:925} INFO - DAG(s) 'example_workday_timetable' retrieved from /home/airflow/.local/lib/python3.12/site-packages/airflow/example_dags/example_workday_timetable.py
[2024-11-04T14:42:01.183+0000] {logging_mixin.py:190} INFO - [2024-11-04T14:42:01.182+0000] {dag.py:3239} INFO - Sync 1 DAGs
[2024-11-04T14:42:01.226+0000] {logging_mixin.py:190} INFO - [2024-11-04T14:42:01.226+0000] {dag.py:4180} INFO - Setting next_dagrun for example_workday_timetable to 2021-01-04 00:00:00+00:00, run_after=2021-01-05 00:00:00+00:00
[2024-11-04T14:42:01.243+0000] {processor.py:208} INFO - Processing /home/airflow/.local/lib/python3.12/site-packages/airflow/example_dags/example_workday_timetable.py took 0.091 seconds
[2024-11-04T14:42:31.904+0000] {processor.py:186} INFO - Started process (PID=3634) to work on /home/airflow/.local/lib/python3.12/site-packages/airflow/example_dags/example_workday_timetable.py
[2024-11-04T14:42:31.905+0000] {processor.py:914} INFO - Processing file /home/airflow/.local/lib/python3.12/site-packages/airflow/example_dags/example_workday_timetable.py for tasks to queue
[2024-11-04T14:42:31.907+0000] {logging_mixin.py:190} INFO - [2024-11-04T14:42:31.907+0000] {dagbag.py:588} INFO - Filling up the DagBag from /home/airflow/.local/lib/python3.12/site-packages/airflow/example_dags/example_workday_timetable.py
[2024-11-04T14:42:31.913+0000] {processor.py:925} INFO - DAG(s) 'example_workday_timetable' retrieved from /home/airflow/.local/lib/python3.12/site-packages/airflow/example_dags/example_workday_timetable.py
[2024-11-04T14:42:31.932+0000] {logging_mixin.py:190} INFO - [2024-11-04T14:42:31.932+0000] {dag.py:3239} INFO - Sync 1 DAGs
[2024-11-04T14:42:31.980+0000] {logging_mixin.py:190} INFO - [2024-11-04T14:42:31.980+0000] {dag.py:4180} INFO - Setting next_dagrun for example_workday_timetable to 2021-01-04 00:00:00+00:00, run_after=2021-01-05 00:00:00+00:00
[2024-11-04T14:42:32.008+0000] {processor.py:208} INFO - Processing /home/airflow/.local/lib/python3.12/site-packages/airflow/example_dags/example_workday_timetable.py took 0.109 seconds
[2024-11-04T14:43:02.364+0000] {processor.py:186} INFO - Started process (PID=3918) to work on /home/airflow/.local/lib/python3.12/site-packages/airflow/example_dags/example_workday_timetable.py
[2024-11-04T14:43:02.365+0000] {processor.py:914} INFO - Processing file /home/airflow/.local/lib/python3.12/site-packages/airflow/example_dags/example_workday_timetable.py for tasks to queue
[2024-11-04T14:43:02.367+0000] {logging_mixin.py:190} INFO - [2024-11-04T14:43:02.367+0000] {dagbag.py:588} INFO - Filling up the DagBag from /home/airflow/.local/lib/python3.12/site-packages/airflow/example_dags/example_workday_timetable.py
[2024-11-04T14:43:02.372+0000] {processor.py:925} INFO - DAG(s) 'example_workday_timetable' retrieved from /home/airflow/.local/lib/python3.12/site-packages/airflow/example_dags/example_workday_timetable.py
[2024-11-04T14:43:02.392+0000] {logging_mixin.py:190} INFO - [2024-11-04T14:43:02.391+0000] {dag.py:3239} INFO - Sync 1 DAGs
[2024-11-04T14:43:02.440+0000] {logging_mixin.py:190} INFO - [2024-11-04T14:43:02.440+0000] {dag.py:4180} INFO - Setting next_dagrun for example_workday_timetable to 2021-01-04 00:00:00+00:00, run_after=2021-01-05 00:00:00+00:00
[2024-11-04T14:43:02.459+0000] {processor.py:208} INFO - Processing /home/airflow/.local/lib/python3.12/site-packages/airflow/example_dags/example_workday_timetable.py took 0.101 seconds
[2024-11-04T14:44:51.892+0000] {processor.py:186} INFO - Started process (PID=211) to work on /home/airflow/.local/lib/python3.12/site-packages/airflow/example_dags/example_workday_timetable.py
[2024-11-04T14:44:51.894+0000] {processor.py:914} INFO - Processing file /home/airflow/.local/lib/python3.12/site-packages/airflow/example_dags/example_workday_timetable.py for tasks to queue
[2024-11-04T14:44:51.899+0000] {logging_mixin.py:190} INFO - [2024-11-04T14:44:51.898+0000] {dagbag.py:588} INFO - Filling up the DagBag from /home/airflow/.local/lib/python3.12/site-packages/airflow/example_dags/example_workday_timetable.py
[2024-11-04T14:44:51.908+0000] {processor.py:925} INFO - DAG(s) 'example_workday_timetable' retrieved from /home/airflow/.local/lib/python3.12/site-packages/airflow/example_dags/example_workday_timetable.py
[2024-11-04T14:44:52.113+0000] {logging_mixin.py:190} INFO - [2024-11-04T14:44:52.112+0000] {override.py:1900} INFO - Created Permission View: can delete on DAG:example_workday_timetable
[2024-11-04T14:44:52.131+0000] {logging_mixin.py:190} INFO - [2024-11-04T14:44:52.131+0000] {override.py:1900} INFO - Created Permission View: can read on DAG:example_workday_timetable
[2024-11-04T14:44:52.142+0000] {logging_mixin.py:190} INFO - [2024-11-04T14:44:52.142+0000] {override.py:1900} INFO - Created Permission View: can edit on DAG:example_workday_timetable
[2024-11-04T14:44:52.155+0000] {logging_mixin.py:190} INFO - [2024-11-04T14:44:52.154+0000] {override.py:1900} INFO - Created Permission View: can create on DAG Run:example_workday_timetable
[2024-11-04T14:44:52.165+0000] {logging_mixin.py:190} INFO - [2024-11-04T14:44:52.165+0000] {override.py:1900} INFO - Created Permission View: can delete on DAG Run:example_workday_timetable
[2024-11-04T14:44:52.177+0000] {logging_mixin.py:190} INFO - [2024-11-04T14:44:52.176+0000] {override.py:1900} INFO - Created Permission View: menu access on DAG Run:example_workday_timetable
[2024-11-04T14:44:52.188+0000] {logging_mixin.py:190} INFO - [2024-11-04T14:44:52.188+0000] {override.py:1900} INFO - Created Permission View: can read on DAG Run:example_workday_timetable
[2024-11-04T14:44:52.189+0000] {logging_mixin.py:190} INFO - [2024-11-04T14:44:52.189+0000] {dag.py:3239} INFO - Sync 1 DAGs
[2024-11-04T14:44:52.205+0000] {logging_mixin.py:190} INFO - [2024-11-04T14:44:52.205+0000] {dag.py:3262} INFO - Creating ORM DAG for example_workday_timetable
[2024-11-04T14:44:52.271+0000] {logging_mixin.py:190} INFO - [2024-11-04T14:44:52.271+0000] {dag.py:4180} INFO - Setting next_dagrun for example_workday_timetable to 2021-01-04 00:00:00+00:00, run_after=2021-01-05 00:00:00+00:00
[2024-11-04T14:44:52.298+0000] {processor.py:208} INFO - Processing /home/airflow/.local/lib/python3.12/site-packages/airflow/example_dags/example_workday_timetable.py took 0.418 seconds
[2024-11-04T14:45:22.448+0000] {processor.py:186} INFO - Started process (PID=494) to work on /home/airflow/.local/lib/python3.12/site-packages/airflow/example_dags/example_workday_timetable.py
[2024-11-04T14:45:22.449+0000] {processor.py:914} INFO - Processing file /home/airflow/.local/lib/python3.12/site-packages/airflow/example_dags/example_workday_timetable.py for tasks to queue
[2024-11-04T14:45:22.452+0000] {logging_mixin.py:190} INFO - [2024-11-04T14:45:22.451+0000] {dagbag.py:588} INFO - Filling up the DagBag from /home/airflow/.local/lib/python3.12/site-packages/airflow/example_dags/example_workday_timetable.py
[2024-11-04T14:45:22.456+0000] {processor.py:925} INFO - DAG(s) 'example_workday_timetable' retrieved from /home/airflow/.local/lib/python3.12/site-packages/airflow/example_dags/example_workday_timetable.py
[2024-11-04T14:45:22.474+0000] {logging_mixin.py:190} INFO - [2024-11-04T14:45:22.474+0000] {dag.py:3239} INFO - Sync 1 DAGs
[2024-11-04T14:45:22.514+0000] {logging_mixin.py:190} INFO - [2024-11-04T14:45:22.514+0000] {dag.py:4180} INFO - Setting next_dagrun for example_workday_timetable to 2021-01-04 00:00:00+00:00, run_after=2021-01-05 00:00:00+00:00
[2024-11-04T14:45:22.531+0000] {processor.py:208} INFO - Processing /home/airflow/.local/lib/python3.12/site-packages/airflow/example_dags/example_workday_timetable.py took 0.088 seconds
[2024-11-04T14:45:52.810+0000] {processor.py:186} INFO - Started process (PID=778) to work on /home/airflow/.local/lib/python3.12/site-packages/airflow/example_dags/example_workday_timetable.py
[2024-11-04T14:45:52.812+0000] {processor.py:914} INFO - Processing file /home/airflow/.local/lib/python3.12/site-packages/airflow/example_dags/example_workday_timetable.py for tasks to queue
[2024-11-04T14:45:52.814+0000] {logging_mixin.py:190} INFO - [2024-11-04T14:45:52.814+0000] {dagbag.py:588} INFO - Filling up the DagBag from /home/airflow/.local/lib/python3.12/site-packages/airflow/example_dags/example_workday_timetable.py
[2024-11-04T14:45:52.819+0000] {processor.py:925} INFO - DAG(s) 'example_workday_timetable' retrieved from /home/airflow/.local/lib/python3.12/site-packages/airflow/example_dags/example_workday_timetable.py
[2024-11-04T14:45:52.839+0000] {logging_mixin.py:190} INFO - [2024-11-04T14:45:52.839+0000] {dag.py:3239} INFO - Sync 1 DAGs
[2024-11-04T14:45:52.889+0000] {logging_mixin.py:190} INFO - [2024-11-04T14:45:52.889+0000] {dag.py:4180} INFO - Setting next_dagrun for example_workday_timetable to 2021-01-04 00:00:00+00:00, run_after=2021-01-05 00:00:00+00:00
[2024-11-04T14:45:52.909+0000] {processor.py:208} INFO - Processing /home/airflow/.local/lib/python3.12/site-packages/airflow/example_dags/example_workday_timetable.py took 0.104 seconds
[2024-11-04T14:46:24.016+0000] {processor.py:186} INFO - Started process (PID=1066) to work on /home/airflow/.local/lib/python3.12/site-packages/airflow/example_dags/example_workday_timetable.py
[2024-11-04T14:46:24.018+0000] {processor.py:914} INFO - Processing file /home/airflow/.local/lib/python3.12/site-packages/airflow/example_dags/example_workday_timetable.py for tasks to queue
[2024-11-04T14:46:24.021+0000] {logging_mixin.py:190} INFO - [2024-11-04T14:46:24.020+0000] {dagbag.py:588} INFO - Filling up the DagBag from /home/airflow/.local/lib/python3.12/site-packages/airflow/example_dags/example_workday_timetable.py
[2024-11-04T14:46:24.026+0000] {processor.py:925} INFO - DAG(s) 'example_workday_timetable' retrieved from /home/airflow/.local/lib/python3.12/site-packages/airflow/example_dags/example_workday_timetable.py
[2024-11-04T14:46:24.048+0000] {logging_mixin.py:190} INFO - [2024-11-04T14:46:24.048+0000] {dag.py:3239} INFO - Sync 1 DAGs
[2024-11-04T14:46:24.101+0000] {logging_mixin.py:190} INFO - [2024-11-04T14:46:24.101+0000] {dag.py:4180} INFO - Setting next_dagrun for example_workday_timetable to 2021-01-04 00:00:00+00:00, run_after=2021-01-05 00:00:00+00:00
[2024-11-04T14:46:24.124+0000] {processor.py:208} INFO - Processing /home/airflow/.local/lib/python3.12/site-packages/airflow/example_dags/example_workday_timetable.py took 0.114 seconds
[2024-11-04T14:46:54.741+0000] {processor.py:186} INFO - Started process (PID=1352) to work on /home/airflow/.local/lib/python3.12/site-packages/airflow/example_dags/example_workday_timetable.py
[2024-11-04T14:46:54.743+0000] {processor.py:914} INFO - Processing file /home/airflow/.local/lib/python3.12/site-packages/airflow/example_dags/example_workday_timetable.py for tasks to queue
[2024-11-04T14:46:54.746+0000] {logging_mixin.py:190} INFO - [2024-11-04T14:46:54.745+0000] {dagbag.py:588} INFO - Filling up the DagBag from /home/airflow/.local/lib/python3.12/site-packages/airflow/example_dags/example_workday_timetable.py
[2024-11-04T14:46:54.751+0000] {processor.py:925} INFO - DAG(s) 'example_workday_timetable' retrieved from /home/airflow/.local/lib/python3.12/site-packages/airflow/example_dags/example_workday_timetable.py
[2024-11-04T14:46:54.772+0000] {logging_mixin.py:190} INFO - [2024-11-04T14:46:54.771+0000] {dag.py:3239} INFO - Sync 1 DAGs
[2024-11-04T14:46:54.820+0000] {logging_mixin.py:190} INFO - [2024-11-04T14:46:54.820+0000] {dag.py:4180} INFO - Setting next_dagrun for example_workday_timetable to 2021-01-04 00:00:00+00:00, run_after=2021-01-05 00:00:00+00:00
[2024-11-04T14:46:54.840+0000] {processor.py:208} INFO - Processing /home/airflow/.local/lib/python3.12/site-packages/airflow/example_dags/example_workday_timetable.py took 0.105 seconds
[2024-11-04T14:49:12.066+0000] {processor.py:186} INFO - Started process (PID=204) to work on /home/airflow/.local/lib/python3.12/site-packages/airflow/example_dags/example_workday_timetable.py
[2024-11-04T14:49:12.068+0000] {processor.py:914} INFO - Processing file /home/airflow/.local/lib/python3.12/site-packages/airflow/example_dags/example_workday_timetable.py for tasks to queue
[2024-11-04T14:49:12.071+0000] {logging_mixin.py:190} INFO - [2024-11-04T14:49:12.071+0000] {dagbag.py:588} INFO - Filling up the DagBag from /home/airflow/.local/lib/python3.12/site-packages/airflow/example_dags/example_workday_timetable.py
[2024-11-04T14:49:12.079+0000] {processor.py:925} INFO - DAG(s) 'example_workday_timetable' retrieved from /home/airflow/.local/lib/python3.12/site-packages/airflow/example_dags/example_workday_timetable.py
[2024-11-04T14:49:12.212+0000] {logging_mixin.py:190} INFO - [2024-11-04T14:49:12.211+0000] {override.py:1900} INFO - Created Permission View: can edit on DAG:example_workday_timetable
[2024-11-04T14:49:12.229+0000] {logging_mixin.py:190} INFO - [2024-11-04T14:49:12.229+0000] {override.py:1900} INFO - Created Permission View: can delete on DAG:example_workday_timetable
[2024-11-04T14:49:12.241+0000] {logging_mixin.py:190} INFO - [2024-11-04T14:49:12.240+0000] {override.py:1900} INFO - Created Permission View: can read on DAG:example_workday_timetable
[2024-11-04T14:49:12.253+0000] {logging_mixin.py:190} INFO - [2024-11-04T14:49:12.253+0000] {override.py:1900} INFO - Created Permission View: can create on DAG Run:example_workday_timetable
[2024-11-04T14:49:12.264+0000] {logging_mixin.py:190} INFO - [2024-11-04T14:49:12.264+0000] {override.py:1900} INFO - Created Permission View: can read on DAG Run:example_workday_timetable
[2024-11-04T14:49:12.276+0000] {logging_mixin.py:190} INFO - [2024-11-04T14:49:12.275+0000] {override.py:1900} INFO - Created Permission View: can delete on DAG Run:example_workday_timetable
[2024-11-04T14:49:12.287+0000] {logging_mixin.py:190} INFO - [2024-11-04T14:49:12.287+0000] {override.py:1900} INFO - Created Permission View: menu access on DAG Run:example_workday_timetable
[2024-11-04T14:49:12.288+0000] {logging_mixin.py:190} INFO - [2024-11-04T14:49:12.288+0000] {dag.py:3239} INFO - Sync 1 DAGs
[2024-11-04T14:49:12.308+0000] {logging_mixin.py:190} INFO - [2024-11-04T14:49:12.307+0000] {dag.py:3262} INFO - Creating ORM DAG for example_workday_timetable
[2024-11-04T14:49:12.378+0000] {logging_mixin.py:190} INFO - [2024-11-04T14:49:12.378+0000] {dag.py:4180} INFO - Setting next_dagrun for example_workday_timetable to 2021-01-04 00:00:00+00:00, run_after=2021-01-05 00:00:00+00:00
[2024-11-04T14:49:12.412+0000] {processor.py:208} INFO - Processing /home/airflow/.local/lib/python3.12/site-packages/airflow/example_dags/example_workday_timetable.py took 0.353 seconds
