[2024-11-04T14:33:58.511+0000] {processor.py:186} INFO - Started process (PID=218) to work on /home/airflow/.local/lib/python3.12/site-packages/airflow/example_dags/example_python_decorator.py
[2024-11-04T14:33:58.513+0000] {processor.py:914} INFO - Processing file /home/airflow/.local/lib/python3.12/site-packages/airflow/example_dags/example_python_decorator.py for tasks to queue
[2024-11-04T14:33:58.519+0000] {logging_mixin.py:190} INFO - [2024-11-04T14:33:58.518+0000] {dagbag.py:588} INFO - Filling up the DagBag from /home/airflow/.local/lib/python3.12/site-packages/airflow/example_dags/example_python_decorator.py
[2024-11-04T14:33:58.564+0000] {processor.py:925} INFO - DAG(s) 'example_python_decorator' retrieved from /home/airflow/.local/lib/python3.12/site-packages/airflow/example_dags/example_python_decorator.py
[2024-11-04T14:33:58.773+0000] {logging_mixin.py:190} INFO - [2024-11-04T14:33:58.772+0000] {override.py:1900} INFO - Created Permission View: can edit on DAG:example_python_decorator
[2024-11-04T14:33:58.800+0000] {logging_mixin.py:190} INFO - [2024-11-04T14:33:58.800+0000] {override.py:1900} INFO - Created Permission View: can read on DAG:example_python_decorator
[2024-11-04T14:33:58.823+0000] {logging_mixin.py:190} INFO - [2024-11-04T14:33:58.822+0000] {override.py:1900} INFO - Created Permission View: can delete on DAG:example_python_decorator
[2024-11-04T14:33:58.846+0000] {logging_mixin.py:190} INFO - [2024-11-04T14:33:58.845+0000] {override.py:1900} INFO - Created Permission View: can read on DAG Run:example_python_decorator
[2024-11-04T14:33:58.865+0000] {logging_mixin.py:190} INFO - [2024-11-04T14:33:58.864+0000] {override.py:1900} INFO - Created Permission View: can delete on DAG Run:example_python_decorator
[2024-11-04T14:33:58.882+0000] {logging_mixin.py:190} INFO - [2024-11-04T14:33:58.881+0000] {override.py:1900} INFO - Created Permission View: menu access on DAG Run:example_python_decorator
[2024-11-04T14:33:58.899+0000] {logging_mixin.py:190} INFO - [2024-11-04T14:33:58.899+0000] {override.py:1900} INFO - Created Permission View: can create on DAG Run:example_python_decorator
[2024-11-04T14:33:58.901+0000] {logging_mixin.py:190} INFO - [2024-11-04T14:33:58.901+0000] {dag.py:3239} INFO - Sync 1 DAGs
[2024-11-04T14:33:58.940+0000] {logging_mixin.py:190} INFO - [2024-11-04T14:33:58.940+0000] {dag.py:3262} INFO - Creating ORM DAG for example_python_decorator
[2024-11-04T14:33:58.943+0000] {logging_mixin.py:190} INFO - [2024-11-04T14:33:58.942+0000] {dag.py:4180} INFO - Setting next_dagrun for example_python_decorator to None, run_after=None
[2024-11-04T14:33:58.986+0000] {processor.py:208} INFO - Processing /home/airflow/.local/lib/python3.12/site-packages/airflow/example_dags/example_python_decorator.py took 0.488 seconds
[2024-11-04T14:34:29.212+0000] {processor.py:186} INFO - Started process (PID=506) to work on /home/airflow/.local/lib/python3.12/site-packages/airflow/example_dags/example_python_decorator.py
[2024-11-04T14:34:29.214+0000] {processor.py:914} INFO - Processing file /home/airflow/.local/lib/python3.12/site-packages/airflow/example_dags/example_python_decorator.py for tasks to queue
[2024-11-04T14:34:29.217+0000] {logging_mixin.py:190} INFO - [2024-11-04T14:34:29.216+0000] {dagbag.py:588} INFO - Filling up the DagBag from /home/airflow/.local/lib/python3.12/site-packages/airflow/example_dags/example_python_decorator.py
[2024-11-04T14:34:29.231+0000] {processor.py:925} INFO - DAG(s) 'example_python_decorator' retrieved from /home/airflow/.local/lib/python3.12/site-packages/airflow/example_dags/example_python_decorator.py
[2024-11-04T14:34:29.258+0000] {logging_mixin.py:190} INFO - [2024-11-04T14:34:29.257+0000] {dag.py:3239} INFO - Sync 1 DAGs
[2024-11-04T14:34:29.275+0000] {logging_mixin.py:190} INFO - [2024-11-04T14:34:29.275+0000] {dag.py:4180} INFO - Setting next_dagrun for example_python_decorator to None, run_after=None
[2024-11-04T14:34:29.294+0000] {processor.py:208} INFO - Processing /home/airflow/.local/lib/python3.12/site-packages/airflow/example_dags/example_python_decorator.py took 0.089 seconds
[2024-11-04T14:34:59.422+0000] {processor.py:186} INFO - Started process (PID=793) to work on /home/airflow/.local/lib/python3.12/site-packages/airflow/example_dags/example_python_decorator.py
[2024-11-04T14:34:59.423+0000] {processor.py:914} INFO - Processing file /home/airflow/.local/lib/python3.12/site-packages/airflow/example_dags/example_python_decorator.py for tasks to queue
[2024-11-04T14:34:59.425+0000] {logging_mixin.py:190} INFO - [2024-11-04T14:34:59.425+0000] {dagbag.py:588} INFO - Filling up the DagBag from /home/airflow/.local/lib/python3.12/site-packages/airflow/example_dags/example_python_decorator.py
[2024-11-04T14:34:59.438+0000] {processor.py:925} INFO - DAG(s) 'example_python_decorator' retrieved from /home/airflow/.local/lib/python3.12/site-packages/airflow/example_dags/example_python_decorator.py
[2024-11-04T14:34:59.457+0000] {logging_mixin.py:190} INFO - [2024-11-04T14:34:59.457+0000] {dag.py:3239} INFO - Sync 1 DAGs
[2024-11-04T14:34:59.469+0000] {logging_mixin.py:190} INFO - [2024-11-04T14:34:59.469+0000] {dag.py:4180} INFO - Setting next_dagrun for example_python_decorator to None, run_after=None
[2024-11-04T14:34:59.487+0000] {processor.py:208} INFO - Processing /home/airflow/.local/lib/python3.12/site-packages/airflow/example_dags/example_python_decorator.py took 0.071 seconds
[2024-11-04T14:36:25.333+0000] {processor.py:186} INFO - Started process (PID=219) to work on /home/airflow/.local/lib/python3.12/site-packages/airflow/example_dags/example_python_decorator.py
[2024-11-04T14:36:25.335+0000] {processor.py:914} INFO - Processing file /home/airflow/.local/lib/python3.12/site-packages/airflow/example_dags/example_python_decorator.py for tasks to queue
[2024-11-04T14:36:25.341+0000] {logging_mixin.py:190} INFO - [2024-11-04T14:36:25.340+0000] {dagbag.py:588} INFO - Filling up the DagBag from /home/airflow/.local/lib/python3.12/site-packages/airflow/example_dags/example_python_decorator.py
[2024-11-04T14:36:25.391+0000] {processor.py:925} INFO - DAG(s) 'example_python_decorator' retrieved from /home/airflow/.local/lib/python3.12/site-packages/airflow/example_dags/example_python_decorator.py
[2024-11-04T14:36:25.620+0000] {logging_mixin.py:190} INFO - [2024-11-04T14:36:25.619+0000] {override.py:1900} INFO - Created Permission View: can delete on DAG:example_python_decorator
[2024-11-04T14:36:25.640+0000] {logging_mixin.py:190} INFO - [2024-11-04T14:36:25.639+0000] {override.py:1900} INFO - Created Permission View: can read on DAG:example_python_decorator
[2024-11-04T14:36:25.655+0000] {logging_mixin.py:190} INFO - [2024-11-04T14:36:25.654+0000] {override.py:1900} INFO - Created Permission View: can edit on DAG:example_python_decorator
[2024-11-04T14:36:25.671+0000] {logging_mixin.py:190} INFO - [2024-11-04T14:36:25.670+0000] {override.py:1900} INFO - Created Permission View: can create on DAG Run:example_python_decorator
[2024-11-04T14:36:25.686+0000] {logging_mixin.py:190} INFO - [2024-11-04T14:36:25.685+0000] {override.py:1900} INFO - Created Permission View: can delete on DAG Run:example_python_decorator
[2024-11-04T14:36:25.703+0000] {logging_mixin.py:190} INFO - [2024-11-04T14:36:25.702+0000] {override.py:1900} INFO - Created Permission View: can read on DAG Run:example_python_decorator
[2024-11-04T14:36:25.719+0000] {logging_mixin.py:190} INFO - [2024-11-04T14:36:25.719+0000] {override.py:1900} INFO - Created Permission View: menu access on DAG Run:example_python_decorator
[2024-11-04T14:36:25.721+0000] {logging_mixin.py:190} INFO - [2024-11-04T14:36:25.721+0000] {dag.py:3239} INFO - Sync 1 DAGs
[2024-11-04T14:36:25.750+0000] {logging_mixin.py:190} INFO - [2024-11-04T14:36:25.750+0000] {dag.py:3262} INFO - Creating ORM DAG for example_python_decorator
[2024-11-04T14:36:25.752+0000] {logging_mixin.py:190} INFO - [2024-11-04T14:36:25.752+0000] {dag.py:4180} INFO - Setting next_dagrun for example_python_decorator to None, run_after=None
[2024-11-04T14:36:25.794+0000] {processor.py:208} INFO - Processing /home/airflow/.local/lib/python3.12/site-packages/airflow/example_dags/example_python_decorator.py took 0.476 seconds
[2024-11-04T14:36:56.066+0000] {processor.py:186} INFO - Started process (PID=505) to work on /home/airflow/.local/lib/python3.12/site-packages/airflow/example_dags/example_python_decorator.py
[2024-11-04T14:36:56.068+0000] {processor.py:914} INFO - Processing file /home/airflow/.local/lib/python3.12/site-packages/airflow/example_dags/example_python_decorator.py for tasks to queue
[2024-11-04T14:36:56.070+0000] {logging_mixin.py:190} INFO - [2024-11-04T14:36:56.070+0000] {dagbag.py:588} INFO - Filling up the DagBag from /home/airflow/.local/lib/python3.12/site-packages/airflow/example_dags/example_python_decorator.py
[2024-11-04T14:36:56.081+0000] {processor.py:925} INFO - DAG(s) 'example_python_decorator' retrieved from /home/airflow/.local/lib/python3.12/site-packages/airflow/example_dags/example_python_decorator.py
[2024-11-04T14:36:56.099+0000] {logging_mixin.py:190} INFO - [2024-11-04T14:36:56.099+0000] {dag.py:3239} INFO - Sync 1 DAGs
[2024-11-04T14:36:56.110+0000] {logging_mixin.py:190} INFO - [2024-11-04T14:36:56.110+0000] {dag.py:4180} INFO - Setting next_dagrun for example_python_decorator to None, run_after=None
[2024-11-04T14:36:56.127+0000] {processor.py:208} INFO - Processing /home/airflow/.local/lib/python3.12/site-packages/airflow/example_dags/example_python_decorator.py took 0.067 seconds
[2024-11-04T14:37:26.725+0000] {processor.py:186} INFO - Started process (PID=791) to work on /home/airflow/.local/lib/python3.12/site-packages/airflow/example_dags/example_python_decorator.py
[2024-11-04T14:37:26.727+0000] {processor.py:914} INFO - Processing file /home/airflow/.local/lib/python3.12/site-packages/airflow/example_dags/example_python_decorator.py for tasks to queue
[2024-11-04T14:37:26.731+0000] {logging_mixin.py:190} INFO - [2024-11-04T14:37:26.731+0000] {dagbag.py:588} INFO - Filling up the DagBag from /home/airflow/.local/lib/python3.12/site-packages/airflow/example_dags/example_python_decorator.py
[2024-11-04T14:37:26.753+0000] {processor.py:925} INFO - DAG(s) 'example_python_decorator' retrieved from /home/airflow/.local/lib/python3.12/site-packages/airflow/example_dags/example_python_decorator.py
[2024-11-04T14:37:26.785+0000] {logging_mixin.py:190} INFO - [2024-11-04T14:37:26.785+0000] {dag.py:3239} INFO - Sync 1 DAGs
[2024-11-04T14:37:26.805+0000] {logging_mixin.py:190} INFO - [2024-11-04T14:37:26.805+0000] {dag.py:4180} INFO - Setting next_dagrun for example_python_decorator to None, run_after=None
[2024-11-04T14:37:26.835+0000] {processor.py:208} INFO - Processing /home/airflow/.local/lib/python3.12/site-packages/airflow/example_dags/example_python_decorator.py took 0.119 seconds
[2024-11-04T14:37:58.057+0000] {processor.py:186} INFO - Started process (PID=1077) to work on /home/airflow/.local/lib/python3.12/site-packages/airflow/example_dags/example_python_decorator.py
[2024-11-04T14:37:58.059+0000] {processor.py:914} INFO - Processing file /home/airflow/.local/lib/python3.12/site-packages/airflow/example_dags/example_python_decorator.py for tasks to queue
[2024-11-04T14:37:58.063+0000] {logging_mixin.py:190} INFO - [2024-11-04T14:37:58.062+0000] {dagbag.py:588} INFO - Filling up the DagBag from /home/airflow/.local/lib/python3.12/site-packages/airflow/example_dags/example_python_decorator.py
[2024-11-04T14:37:58.084+0000] {processor.py:925} INFO - DAG(s) 'example_python_decorator' retrieved from /home/airflow/.local/lib/python3.12/site-packages/airflow/example_dags/example_python_decorator.py
[2024-11-04T14:37:58.122+0000] {logging_mixin.py:190} INFO - [2024-11-04T14:37:58.121+0000] {dag.py:3239} INFO - Sync 1 DAGs
[2024-11-04T14:37:58.144+0000] {logging_mixin.py:190} INFO - [2024-11-04T14:37:58.144+0000] {dag.py:4180} INFO - Setting next_dagrun for example_python_decorator to None, run_after=None
[2024-11-04T14:37:58.210+0000] {processor.py:208} INFO - Processing /home/airflow/.local/lib/python3.12/site-packages/airflow/example_dags/example_python_decorator.py took 0.162 seconds
[2024-11-04T14:38:28.338+0000] {processor.py:186} INFO - Started process (PID=1365) to work on /home/airflow/.local/lib/python3.12/site-packages/airflow/example_dags/example_python_decorator.py
[2024-11-04T14:38:28.339+0000] {processor.py:914} INFO - Processing file /home/airflow/.local/lib/python3.12/site-packages/airflow/example_dags/example_python_decorator.py for tasks to queue
[2024-11-04T14:38:28.342+0000] {logging_mixin.py:190} INFO - [2024-11-04T14:38:28.341+0000] {dagbag.py:588} INFO - Filling up the DagBag from /home/airflow/.local/lib/python3.12/site-packages/airflow/example_dags/example_python_decorator.py
[2024-11-04T14:38:28.354+0000] {processor.py:925} INFO - DAG(s) 'example_python_decorator' retrieved from /home/airflow/.local/lib/python3.12/site-packages/airflow/example_dags/example_python_decorator.py
[2024-11-04T14:38:28.373+0000] {logging_mixin.py:190} INFO - [2024-11-04T14:38:28.373+0000] {dag.py:3239} INFO - Sync 1 DAGs
[2024-11-04T14:38:28.384+0000] {logging_mixin.py:190} INFO - [2024-11-04T14:38:28.384+0000] {dag.py:4180} INFO - Setting next_dagrun for example_python_decorator to None, run_after=None
[2024-11-04T14:38:28.401+0000] {processor.py:208} INFO - Processing /home/airflow/.local/lib/python3.12/site-packages/airflow/example_dags/example_python_decorator.py took 0.068 seconds
[2024-11-04T14:38:58.873+0000] {processor.py:186} INFO - Started process (PID=1650) to work on /home/airflow/.local/lib/python3.12/site-packages/airflow/example_dags/example_python_decorator.py
[2024-11-04T14:38:58.874+0000] {processor.py:914} INFO - Processing file /home/airflow/.local/lib/python3.12/site-packages/airflow/example_dags/example_python_decorator.py for tasks to queue
[2024-11-04T14:38:58.878+0000] {logging_mixin.py:190} INFO - [2024-11-04T14:38:58.878+0000] {dagbag.py:588} INFO - Filling up the DagBag from /home/airflow/.local/lib/python3.12/site-packages/airflow/example_dags/example_python_decorator.py
[2024-11-04T14:38:58.893+0000] {processor.py:925} INFO - DAG(s) 'example_python_decorator' retrieved from /home/airflow/.local/lib/python3.12/site-packages/airflow/example_dags/example_python_decorator.py
[2024-11-04T14:38:58.921+0000] {logging_mixin.py:190} INFO - [2024-11-04T14:38:58.921+0000] {dag.py:3239} INFO - Sync 1 DAGs
[2024-11-04T14:38:58.938+0000] {logging_mixin.py:190} INFO - [2024-11-04T14:38:58.937+0000] {dag.py:4180} INFO - Setting next_dagrun for example_python_decorator to None, run_after=None
[2024-11-04T14:38:58.967+0000] {processor.py:208} INFO - Processing /home/airflow/.local/lib/python3.12/site-packages/airflow/example_dags/example_python_decorator.py took 0.100 seconds
[2024-11-04T14:39:29.744+0000] {processor.py:186} INFO - Started process (PID=1936) to work on /home/airflow/.local/lib/python3.12/site-packages/airflow/example_dags/example_python_decorator.py
[2024-11-04T14:39:29.745+0000] {processor.py:914} INFO - Processing file /home/airflow/.local/lib/python3.12/site-packages/airflow/example_dags/example_python_decorator.py for tasks to queue
[2024-11-04T14:39:29.747+0000] {logging_mixin.py:190} INFO - [2024-11-04T14:39:29.747+0000] {dagbag.py:588} INFO - Filling up the DagBag from /home/airflow/.local/lib/python3.12/site-packages/airflow/example_dags/example_python_decorator.py
[2024-11-04T14:39:29.759+0000] {processor.py:925} INFO - DAG(s) 'example_python_decorator' retrieved from /home/airflow/.local/lib/python3.12/site-packages/airflow/example_dags/example_python_decorator.py
[2024-11-04T14:39:29.779+0000] {logging_mixin.py:190} INFO - [2024-11-04T14:39:29.779+0000] {dag.py:3239} INFO - Sync 1 DAGs
[2024-11-04T14:39:29.793+0000] {logging_mixin.py:190} INFO - [2024-11-04T14:39:29.793+0000] {dag.py:4180} INFO - Setting next_dagrun for example_python_decorator to None, run_after=None
[2024-11-04T14:39:29.817+0000] {processor.py:208} INFO - Processing /home/airflow/.local/lib/python3.12/site-packages/airflow/example_dags/example_python_decorator.py took 0.078 seconds
[2024-11-04T14:40:00.619+0000] {processor.py:186} INFO - Started process (PID=2228) to work on /home/airflow/.local/lib/python3.12/site-packages/airflow/example_dags/example_python_decorator.py
[2024-11-04T14:40:00.621+0000] {processor.py:914} INFO - Processing file /home/airflow/.local/lib/python3.12/site-packages/airflow/example_dags/example_python_decorator.py for tasks to queue
[2024-11-04T14:40:00.624+0000] {logging_mixin.py:190} INFO - [2024-11-04T14:40:00.624+0000] {dagbag.py:588} INFO - Filling up the DagBag from /home/airflow/.local/lib/python3.12/site-packages/airflow/example_dags/example_python_decorator.py
[2024-11-04T14:40:00.639+0000] {processor.py:925} INFO - DAG(s) 'example_python_decorator' retrieved from /home/airflow/.local/lib/python3.12/site-packages/airflow/example_dags/example_python_decorator.py
[2024-11-04T14:40:00.664+0000] {logging_mixin.py:190} INFO - [2024-11-04T14:40:00.664+0000] {dag.py:3239} INFO - Sync 1 DAGs
[2024-11-04T14:40:00.678+0000] {logging_mixin.py:190} INFO - [2024-11-04T14:40:00.678+0000] {dag.py:4180} INFO - Setting next_dagrun for example_python_decorator to None, run_after=None
[2024-11-04T14:40:00.705+0000] {processor.py:208} INFO - Processing /home/airflow/.local/lib/python3.12/site-packages/airflow/example_dags/example_python_decorator.py took 0.093 seconds
[2024-11-04T14:40:31.150+0000] {processor.py:186} INFO - Started process (PID=2514) to work on /home/airflow/.local/lib/python3.12/site-packages/airflow/example_dags/example_python_decorator.py
[2024-11-04T14:40:31.151+0000] {processor.py:914} INFO - Processing file /home/airflow/.local/lib/python3.12/site-packages/airflow/example_dags/example_python_decorator.py for tasks to queue
[2024-11-04T14:40:31.154+0000] {logging_mixin.py:190} INFO - [2024-11-04T14:40:31.153+0000] {dagbag.py:588} INFO - Filling up the DagBag from /home/airflow/.local/lib/python3.12/site-packages/airflow/example_dags/example_python_decorator.py
[2024-11-04T14:40:31.171+0000] {processor.py:925} INFO - DAG(s) 'example_python_decorator' retrieved from /home/airflow/.local/lib/python3.12/site-packages/airflow/example_dags/example_python_decorator.py
[2024-11-04T14:40:31.195+0000] {logging_mixin.py:190} INFO - [2024-11-04T14:40:31.194+0000] {dag.py:3239} INFO - Sync 1 DAGs
[2024-11-04T14:40:31.208+0000] {logging_mixin.py:190} INFO - [2024-11-04T14:40:31.208+0000] {dag.py:4180} INFO - Setting next_dagrun for example_python_decorator to None, run_after=None
[2024-11-04T14:40:31.234+0000] {processor.py:208} INFO - Processing /home/airflow/.local/lib/python3.12/site-packages/airflow/example_dags/example_python_decorator.py took 0.091 seconds
[2024-11-04T14:41:02.523+0000] {processor.py:186} INFO - Started process (PID=2800) to work on /home/airflow/.local/lib/python3.12/site-packages/airflow/example_dags/example_python_decorator.py
[2024-11-04T14:41:02.526+0000] {processor.py:914} INFO - Processing file /home/airflow/.local/lib/python3.12/site-packages/airflow/example_dags/example_python_decorator.py for tasks to queue
[2024-11-04T14:41:02.532+0000] {logging_mixin.py:190} INFO - [2024-11-04T14:41:02.531+0000] {dagbag.py:588} INFO - Filling up the DagBag from /home/airflow/.local/lib/python3.12/site-packages/airflow/example_dags/example_python_decorator.py
[2024-11-04T14:41:02.568+0000] {processor.py:925} INFO - DAG(s) 'example_python_decorator' retrieved from /home/airflow/.local/lib/python3.12/site-packages/airflow/example_dags/example_python_decorator.py
[2024-11-04T14:41:02.654+0000] {logging_mixin.py:190} INFO - [2024-11-04T14:41:02.653+0000] {dag.py:3239} INFO - Sync 1 DAGs
[2024-11-04T14:41:02.708+0000] {logging_mixin.py:190} INFO - [2024-11-04T14:41:02.708+0000] {dag.py:4180} INFO - Setting next_dagrun for example_python_decorator to None, run_after=None
[2024-11-04T14:41:02.782+0000] {processor.py:208} INFO - Processing /home/airflow/.local/lib/python3.12/site-packages/airflow/example_dags/example_python_decorator.py took 0.274 seconds
[2024-11-04T14:41:33.017+0000] {processor.py:186} INFO - Started process (PID=3086) to work on /home/airflow/.local/lib/python3.12/site-packages/airflow/example_dags/example_python_decorator.py
[2024-11-04T14:41:33.019+0000] {processor.py:914} INFO - Processing file /home/airflow/.local/lib/python3.12/site-packages/airflow/example_dags/example_python_decorator.py for tasks to queue
[2024-11-04T14:41:33.022+0000] {logging_mixin.py:190} INFO - [2024-11-04T14:41:33.022+0000] {dagbag.py:588} INFO - Filling up the DagBag from /home/airflow/.local/lib/python3.12/site-packages/airflow/example_dags/example_python_decorator.py
[2024-11-04T14:41:33.035+0000] {processor.py:925} INFO - DAG(s) 'example_python_decorator' retrieved from /home/airflow/.local/lib/python3.12/site-packages/airflow/example_dags/example_python_decorator.py
[2024-11-04T14:41:33.055+0000] {logging_mixin.py:190} INFO - [2024-11-04T14:41:33.055+0000] {dag.py:3239} INFO - Sync 1 DAGs
[2024-11-04T14:41:33.067+0000] {logging_mixin.py:190} INFO - [2024-11-04T14:41:33.067+0000] {dag.py:4180} INFO - Setting next_dagrun for example_python_decorator to None, run_after=None
[2024-11-04T14:41:33.085+0000] {processor.py:208} INFO - Processing /home/airflow/.local/lib/python3.12/site-packages/airflow/example_dags/example_python_decorator.py took 0.073 seconds
[2024-11-04T14:42:03.509+0000] {processor.py:186} INFO - Started process (PID=3374) to work on /home/airflow/.local/lib/python3.12/site-packages/airflow/example_dags/example_python_decorator.py
[2024-11-04T14:42:03.511+0000] {processor.py:914} INFO - Processing file /home/airflow/.local/lib/python3.12/site-packages/airflow/example_dags/example_python_decorator.py for tasks to queue
[2024-11-04T14:42:03.513+0000] {logging_mixin.py:190} INFO - [2024-11-04T14:42:03.513+0000] {dagbag.py:588} INFO - Filling up the DagBag from /home/airflow/.local/lib/python3.12/site-packages/airflow/example_dags/example_python_decorator.py
[2024-11-04T14:42:03.524+0000] {processor.py:925} INFO - DAG(s) 'example_python_decorator' retrieved from /home/airflow/.local/lib/python3.12/site-packages/airflow/example_dags/example_python_decorator.py
[2024-11-04T14:42:03.545+0000] {logging_mixin.py:190} INFO - [2024-11-04T14:42:03.545+0000] {dag.py:3239} INFO - Sync 1 DAGs
[2024-11-04T14:42:03.558+0000] {logging_mixin.py:190} INFO - [2024-11-04T14:42:03.557+0000] {dag.py:4180} INFO - Setting next_dagrun for example_python_decorator to None, run_after=None
[2024-11-04T14:42:03.575+0000] {processor.py:208} INFO - Processing /home/airflow/.local/lib/python3.12/site-packages/airflow/example_dags/example_python_decorator.py took 0.071 seconds
[2024-11-04T14:42:34.283+0000] {processor.py:186} INFO - Started process (PID=3659) to work on /home/airflow/.local/lib/python3.12/site-packages/airflow/example_dags/example_python_decorator.py
[2024-11-04T14:42:34.284+0000] {processor.py:914} INFO - Processing file /home/airflow/.local/lib/python3.12/site-packages/airflow/example_dags/example_python_decorator.py for tasks to queue
[2024-11-04T14:42:34.286+0000] {logging_mixin.py:190} INFO - [2024-11-04T14:42:34.286+0000] {dagbag.py:588} INFO - Filling up the DagBag from /home/airflow/.local/lib/python3.12/site-packages/airflow/example_dags/example_python_decorator.py
[2024-11-04T14:42:34.297+0000] {processor.py:925} INFO - DAG(s) 'example_python_decorator' retrieved from /home/airflow/.local/lib/python3.12/site-packages/airflow/example_dags/example_python_decorator.py
[2024-11-04T14:42:34.317+0000] {logging_mixin.py:190} INFO - [2024-11-04T14:42:34.317+0000] {dag.py:3239} INFO - Sync 1 DAGs
[2024-11-04T14:42:34.331+0000] {logging_mixin.py:190} INFO - [2024-11-04T14:42:34.331+0000] {dag.py:4180} INFO - Setting next_dagrun for example_python_decorator to None, run_after=None
[2024-11-04T14:42:34.349+0000] {processor.py:208} INFO - Processing /home/airflow/.local/lib/python3.12/site-packages/airflow/example_dags/example_python_decorator.py took 0.072 seconds
[2024-11-04T14:43:04.857+0000] {processor.py:186} INFO - Started process (PID=3945) to work on /home/airflow/.local/lib/python3.12/site-packages/airflow/example_dags/example_python_decorator.py
[2024-11-04T14:43:04.858+0000] {processor.py:914} INFO - Processing file /home/airflow/.local/lib/python3.12/site-packages/airflow/example_dags/example_python_decorator.py for tasks to queue
[2024-11-04T14:43:04.860+0000] {logging_mixin.py:190} INFO - [2024-11-04T14:43:04.860+0000] {dagbag.py:588} INFO - Filling up the DagBag from /home/airflow/.local/lib/python3.12/site-packages/airflow/example_dags/example_python_decorator.py
[2024-11-04T14:43:04.872+0000] {processor.py:925} INFO - DAG(s) 'example_python_decorator' retrieved from /home/airflow/.local/lib/python3.12/site-packages/airflow/example_dags/example_python_decorator.py
[2024-11-04T14:43:04.891+0000] {logging_mixin.py:190} INFO - [2024-11-04T14:43:04.891+0000] {dag.py:3239} INFO - Sync 1 DAGs
[2024-11-04T14:43:04.905+0000] {logging_mixin.py:190} INFO - [2024-11-04T14:43:04.904+0000] {dag.py:4180} INFO - Setting next_dagrun for example_python_decorator to None, run_after=None
[2024-11-04T14:43:04.923+0000] {processor.py:208} INFO - Processing /home/airflow/.local/lib/python3.12/site-packages/airflow/example_dags/example_python_decorator.py took 0.071 seconds
[2024-11-04T14:44:53.025+0000] {processor.py:186} INFO - Started process (PID=226) to work on /home/airflow/.local/lib/python3.12/site-packages/airflow/example_dags/example_python_decorator.py
[2024-11-04T14:44:53.027+0000] {processor.py:914} INFO - Processing file /home/airflow/.local/lib/python3.12/site-packages/airflow/example_dags/example_python_decorator.py for tasks to queue
[2024-11-04T14:44:53.032+0000] {logging_mixin.py:190} INFO - [2024-11-04T14:44:53.032+0000] {dagbag.py:588} INFO - Filling up the DagBag from /home/airflow/.local/lib/python3.12/site-packages/airflow/example_dags/example_python_decorator.py
[2024-11-04T14:44:53.096+0000] {processor.py:925} INFO - DAG(s) 'example_python_decorator' retrieved from /home/airflow/.local/lib/python3.12/site-packages/airflow/example_dags/example_python_decorator.py
[2024-11-04T14:44:53.298+0000] {logging_mixin.py:190} INFO - [2024-11-04T14:44:53.296+0000] {override.py:1900} INFO - Created Permission View: can delete on DAG:example_python_decorator
[2024-11-04T14:44:53.317+0000] {logging_mixin.py:190} INFO - [2024-11-04T14:44:53.316+0000] {override.py:1900} INFO - Created Permission View: can read on DAG:example_python_decorator
[2024-11-04T14:44:53.332+0000] {logging_mixin.py:190} INFO - [2024-11-04T14:44:53.332+0000] {override.py:1900} INFO - Created Permission View: can edit on DAG:example_python_decorator
[2024-11-04T14:44:53.350+0000] {logging_mixin.py:190} INFO - [2024-11-04T14:44:53.349+0000] {override.py:1900} INFO - Created Permission View: can create on DAG Run:example_python_decorator
[2024-11-04T14:44:53.367+0000] {logging_mixin.py:190} INFO - [2024-11-04T14:44:53.367+0000] {override.py:1900} INFO - Created Permission View: can delete on DAG Run:example_python_decorator
[2024-11-04T14:44:53.384+0000] {logging_mixin.py:190} INFO - [2024-11-04T14:44:53.383+0000] {override.py:1900} INFO - Created Permission View: menu access on DAG Run:example_python_decorator
[2024-11-04T14:44:53.399+0000] {logging_mixin.py:190} INFO - [2024-11-04T14:44:53.398+0000] {override.py:1900} INFO - Created Permission View: can read on DAG Run:example_python_decorator
[2024-11-04T14:44:53.400+0000] {logging_mixin.py:190} INFO - [2024-11-04T14:44:53.400+0000] {dag.py:3239} INFO - Sync 1 DAGs
[2024-11-04T14:44:53.422+0000] {logging_mixin.py:190} INFO - [2024-11-04T14:44:53.421+0000] {dag.py:3262} INFO - Creating ORM DAG for example_python_decorator
[2024-11-04T14:44:53.424+0000] {logging_mixin.py:190} INFO - [2024-11-04T14:44:53.424+0000] {dag.py:4180} INFO - Setting next_dagrun for example_python_decorator to None, run_after=None
[2024-11-04T14:44:53.457+0000] {processor.py:208} INFO - Processing /home/airflow/.local/lib/python3.12/site-packages/airflow/example_dags/example_python_decorator.py took 0.445 seconds
[2024-11-04T14:45:23.741+0000] {processor.py:186} INFO - Started process (PID=512) to work on /home/airflow/.local/lib/python3.12/site-packages/airflow/example_dags/example_python_decorator.py
[2024-11-04T14:45:23.742+0000] {processor.py:914} INFO - Processing file /home/airflow/.local/lib/python3.12/site-packages/airflow/example_dags/example_python_decorator.py for tasks to queue
[2024-11-04T14:45:23.746+0000] {logging_mixin.py:190} INFO - [2024-11-04T14:45:23.745+0000] {dagbag.py:588} INFO - Filling up the DagBag from /home/airflow/.local/lib/python3.12/site-packages/airflow/example_dags/example_python_decorator.py
[2024-11-04T14:45:23.764+0000] {processor.py:925} INFO - DAG(s) 'example_python_decorator' retrieved from /home/airflow/.local/lib/python3.12/site-packages/airflow/example_dags/example_python_decorator.py
[2024-11-04T14:45:23.790+0000] {logging_mixin.py:190} INFO - [2024-11-04T14:45:23.790+0000] {dag.py:3239} INFO - Sync 1 DAGs
[2024-11-04T14:45:23.809+0000] {logging_mixin.py:190} INFO - [2024-11-04T14:45:23.809+0000] {dag.py:4180} INFO - Setting next_dagrun for example_python_decorator to None, run_after=None
[2024-11-04T14:45:23.830+0000] {processor.py:208} INFO - Processing /home/airflow/.local/lib/python3.12/site-packages/airflow/example_dags/example_python_decorator.py took 0.097 seconds
[2024-11-04T14:45:54.168+0000] {processor.py:186} INFO - Started process (PID=800) to work on /home/airflow/.local/lib/python3.12/site-packages/airflow/example_dags/example_python_decorator.py
[2024-11-04T14:45:54.169+0000] {processor.py:914} INFO - Processing file /home/airflow/.local/lib/python3.12/site-packages/airflow/example_dags/example_python_decorator.py for tasks to queue
[2024-11-04T14:45:54.171+0000] {logging_mixin.py:190} INFO - [2024-11-04T14:45:54.171+0000] {dagbag.py:588} INFO - Filling up the DagBag from /home/airflow/.local/lib/python3.12/site-packages/airflow/example_dags/example_python_decorator.py
[2024-11-04T14:45:54.183+0000] {processor.py:925} INFO - DAG(s) 'example_python_decorator' retrieved from /home/airflow/.local/lib/python3.12/site-packages/airflow/example_dags/example_python_decorator.py
[2024-11-04T14:45:54.203+0000] {logging_mixin.py:190} INFO - [2024-11-04T14:45:54.202+0000] {dag.py:3239} INFO - Sync 1 DAGs
[2024-11-04T14:45:54.215+0000] {logging_mixin.py:190} INFO - [2024-11-04T14:45:54.215+0000] {dag.py:4180} INFO - Setting next_dagrun for example_python_decorator to None, run_after=None
[2024-11-04T14:45:54.232+0000] {processor.py:208} INFO - Processing /home/airflow/.local/lib/python3.12/site-packages/airflow/example_dags/example_python_decorator.py took 0.070 seconds
[2024-11-04T14:46:24.477+0000] {processor.py:186} INFO - Started process (PID=1085) to work on /home/airflow/.local/lib/python3.12/site-packages/airflow/example_dags/example_python_decorator.py
[2024-11-04T14:46:24.478+0000] {processor.py:914} INFO - Processing file /home/airflow/.local/lib/python3.12/site-packages/airflow/example_dags/example_python_decorator.py for tasks to queue
[2024-11-04T14:46:24.481+0000] {logging_mixin.py:190} INFO - [2024-11-04T14:46:24.480+0000] {dagbag.py:588} INFO - Filling up the DagBag from /home/airflow/.local/lib/python3.12/site-packages/airflow/example_dags/example_python_decorator.py
[2024-11-04T14:46:24.495+0000] {processor.py:925} INFO - DAG(s) 'example_python_decorator' retrieved from /home/airflow/.local/lib/python3.12/site-packages/airflow/example_dags/example_python_decorator.py
[2024-11-04T14:46:24.517+0000] {logging_mixin.py:190} INFO - [2024-11-04T14:46:24.517+0000] {dag.py:3239} INFO - Sync 1 DAGs
[2024-11-04T14:46:24.530+0000] {logging_mixin.py:190} INFO - [2024-11-04T14:46:24.530+0000] {dag.py:4180} INFO - Setting next_dagrun for example_python_decorator to None, run_after=None
[2024-11-04T14:46:24.551+0000] {processor.py:208} INFO - Processing /home/airflow/.local/lib/python3.12/site-packages/airflow/example_dags/example_python_decorator.py took 0.080 seconds
[2024-11-04T14:46:54.993+0000] {processor.py:186} INFO - Started process (PID=1370) to work on /home/airflow/.local/lib/python3.12/site-packages/airflow/example_dags/example_python_decorator.py
[2024-11-04T14:46:54.995+0000] {processor.py:914} INFO - Processing file /home/airflow/.local/lib/python3.12/site-packages/airflow/example_dags/example_python_decorator.py for tasks to queue
[2024-11-04T14:46:54.997+0000] {logging_mixin.py:190} INFO - [2024-11-04T14:46:54.997+0000] {dagbag.py:588} INFO - Filling up the DagBag from /home/airflow/.local/lib/python3.12/site-packages/airflow/example_dags/example_python_decorator.py
[2024-11-04T14:46:55.009+0000] {processor.py:925} INFO - DAG(s) 'example_python_decorator' retrieved from /home/airflow/.local/lib/python3.12/site-packages/airflow/example_dags/example_python_decorator.py
[2024-11-04T14:46:55.030+0000] {logging_mixin.py:190} INFO - [2024-11-04T14:46:55.030+0000] {dag.py:3239} INFO - Sync 1 DAGs
[2024-11-04T14:46:55.044+0000] {logging_mixin.py:190} INFO - [2024-11-04T14:46:55.043+0000] {dag.py:4180} INFO - Setting next_dagrun for example_python_decorator to None, run_after=None
[2024-11-04T14:46:55.063+0000] {processor.py:208} INFO - Processing /home/airflow/.local/lib/python3.12/site-packages/airflow/example_dags/example_python_decorator.py took 0.075 seconds
[2024-11-04T14:49:12.852+0000] {processor.py:186} INFO - Started process (PID=219) to work on /home/airflow/.local/lib/python3.12/site-packages/airflow/example_dags/example_python_decorator.py
[2024-11-04T14:49:12.854+0000] {processor.py:914} INFO - Processing file /home/airflow/.local/lib/python3.12/site-packages/airflow/example_dags/example_python_decorator.py for tasks to queue
[2024-11-04T14:49:12.857+0000] {logging_mixin.py:190} INFO - [2024-11-04T14:49:12.857+0000] {dagbag.py:588} INFO - Filling up the DagBag from /home/airflow/.local/lib/python3.12/site-packages/airflow/example_dags/example_python_decorator.py
[2024-11-04T14:49:12.891+0000] {processor.py:925} INFO - DAG(s) 'example_python_decorator' retrieved from /home/airflow/.local/lib/python3.12/site-packages/airflow/example_dags/example_python_decorator.py
[2024-11-04T14:49:13.032+0000] {logging_mixin.py:190} INFO - [2024-11-04T14:49:13.031+0000] {override.py:1900} INFO - Created Permission View: can edit on DAG:example_python_decorator
[2024-11-04T14:49:13.048+0000] {logging_mixin.py:190} INFO - [2024-11-04T14:49:13.048+0000] {override.py:1900} INFO - Created Permission View: can delete on DAG:example_python_decorator
[2024-11-04T14:49:13.059+0000] {logging_mixin.py:190} INFO - [2024-11-04T14:49:13.059+0000] {override.py:1900} INFO - Created Permission View: can read on DAG:example_python_decorator
[2024-11-04T14:49:13.073+0000] {logging_mixin.py:190} INFO - [2024-11-04T14:49:13.073+0000] {override.py:1900} INFO - Created Permission View: can create on DAG Run:example_python_decorator
[2024-11-04T14:49:13.085+0000] {logging_mixin.py:190} INFO - [2024-11-04T14:49:13.085+0000] {override.py:1900} INFO - Created Permission View: can read on DAG Run:example_python_decorator
[2024-11-04T14:49:13.097+0000] {logging_mixin.py:190} INFO - [2024-11-04T14:49:13.096+0000] {override.py:1900} INFO - Created Permission View: can delete on DAG Run:example_python_decorator
[2024-11-04T14:49:13.110+0000] {logging_mixin.py:190} INFO - [2024-11-04T14:49:13.110+0000] {override.py:1900} INFO - Created Permission View: menu access on DAG Run:example_python_decorator
[2024-11-04T14:49:13.112+0000] {logging_mixin.py:190} INFO - [2024-11-04T14:49:13.111+0000] {dag.py:3239} INFO - Sync 1 DAGs
[2024-11-04T14:49:13.133+0000] {logging_mixin.py:190} INFO - [2024-11-04T14:49:13.133+0000] {dag.py:3262} INFO - Creating ORM DAG for example_python_decorator
[2024-11-04T14:49:13.135+0000] {logging_mixin.py:190} INFO - [2024-11-04T14:49:13.135+0000] {dag.py:4180} INFO - Setting next_dagrun for example_python_decorator to None, run_after=None
[2024-11-04T14:49:13.163+0000] {processor.py:208} INFO - Processing /home/airflow/.local/lib/python3.12/site-packages/airflow/example_dags/example_python_decorator.py took 0.320 seconds
