[2024-11-04T14:34:07.027+0000] {processor.py:186} INFO - Started process (PID=384) to work on /home/airflow/.local/lib/python3.12/site-packages/airflow/example_dags/example_skip_dag.py
[2024-11-04T14:34:07.029+0000] {processor.py:914} INFO - Processing file /home/airflow/.local/lib/python3.12/site-packages/airflow/example_dags/example_skip_dag.py for tasks to queue
[2024-11-04T14:34:07.034+0000] {logging_mixin.py:190} INFO - [2024-11-04T14:34:07.033+0000] {dagbag.py:588} INFO - Filling up the DagBag from /home/airflow/.local/lib/python3.12/site-packages/airflow/example_dags/example_skip_dag.py
[2024-11-04T14:34:07.050+0000] {processor.py:925} INFO - DAG(s) 'example_skip_dag' retrieved from /home/airflow/.local/lib/python3.12/site-packages/airflow/example_dags/example_skip_dag.py
[2024-11-04T14:34:07.224+0000] {logging_mixin.py:190} INFO - [2024-11-04T14:34:07.223+0000] {override.py:1900} INFO - Created Permission View: can edit on DAG:example_skip_dag
[2024-11-04T14:34:07.247+0000] {logging_mixin.py:190} INFO - [2024-11-04T14:34:07.246+0000] {override.py:1900} INFO - Created Permission View: can read on DAG:example_skip_dag
[2024-11-04T14:34:07.264+0000] {logging_mixin.py:190} INFO - [2024-11-04T14:34:07.263+0000] {override.py:1900} INFO - Created Permission View: can delete on DAG:example_skip_dag
[2024-11-04T14:34:07.281+0000] {logging_mixin.py:190} INFO - [2024-11-04T14:34:07.280+0000] {override.py:1900} INFO - Created Permission View: can read on DAG Run:example_skip_dag
[2024-11-04T14:34:07.297+0000] {logging_mixin.py:190} INFO - [2024-11-04T14:34:07.296+0000] {override.py:1900} INFO - Created Permission View: can delete on DAG Run:example_skip_dag
[2024-11-04T14:34:07.311+0000] {logging_mixin.py:190} INFO - [2024-11-04T14:34:07.310+0000] {override.py:1900} INFO - Created Permission View: menu access on DAG Run:example_skip_dag
[2024-11-04T14:34:07.325+0000] {logging_mixin.py:190} INFO - [2024-11-04T14:34:07.324+0000] {override.py:1900} INFO - Created Permission View: can create on DAG Run:example_skip_dag
[2024-11-04T14:34:07.326+0000] {logging_mixin.py:190} INFO - [2024-11-04T14:34:07.326+0000] {dag.py:3239} INFO - Sync 1 DAGs
[2024-11-04T14:34:07.348+0000] {logging_mixin.py:190} INFO - [2024-11-04T14:34:07.348+0000] {dag.py:3262} INFO - Creating ORM DAG for example_skip_dag
[2024-11-04T14:34:07.363+0000] {logging_mixin.py:190} INFO - [2024-11-04T14:34:07.363+0000] {dag.py:4180} INFO - Setting next_dagrun for example_skip_dag to 2024-11-03 00:00:00+00:00, run_after=2024-11-04 00:00:00+00:00
[2024-11-04T14:34:07.396+0000] {processor.py:208} INFO - Processing /home/airflow/.local/lib/python3.12/site-packages/airflow/example_dags/example_skip_dag.py took 0.380 seconds
[2024-11-04T14:34:37.487+0000] {processor.py:186} INFO - Started process (PID=673) to work on /home/airflow/.local/lib/python3.12/site-packages/airflow/example_dags/example_skip_dag.py
[2024-11-04T14:34:37.488+0000] {processor.py:914} INFO - Processing file /home/airflow/.local/lib/python3.12/site-packages/airflow/example_dags/example_skip_dag.py for tasks to queue
[2024-11-04T14:34:37.491+0000] {logging_mixin.py:190} INFO - [2024-11-04T14:34:37.490+0000] {dagbag.py:588} INFO - Filling up the DagBag from /home/airflow/.local/lib/python3.12/site-packages/airflow/example_dags/example_skip_dag.py
[2024-11-04T14:34:37.499+0000] {processor.py:925} INFO - DAG(s) 'example_skip_dag' retrieved from /home/airflow/.local/lib/python3.12/site-packages/airflow/example_dags/example_skip_dag.py
[2024-11-04T14:34:37.520+0000] {logging_mixin.py:190} INFO - [2024-11-04T14:34:37.520+0000] {dag.py:3239} INFO - Sync 1 DAGs
[2024-11-04T14:34:37.541+0000] {logging_mixin.py:190} INFO - [2024-11-04T14:34:37.541+0000] {dag.py:4180} INFO - Setting next_dagrun for example_skip_dag to 2024-11-03 00:00:00+00:00, run_after=2024-11-04 00:00:00+00:00
[2024-11-04T14:34:37.566+0000] {processor.py:208} INFO - Processing /home/airflow/.local/lib/python3.12/site-packages/airflow/example_dags/example_skip_dag.py took 0.085 seconds
[2024-11-04T14:35:07.698+0000] {processor.py:186} INFO - Started process (PID=959) to work on /home/airflow/.local/lib/python3.12/site-packages/airflow/example_dags/example_skip_dag.py
[2024-11-04T14:35:07.700+0000] {processor.py:914} INFO - Processing file /home/airflow/.local/lib/python3.12/site-packages/airflow/example_dags/example_skip_dag.py for tasks to queue
[2024-11-04T14:35:07.702+0000] {logging_mixin.py:190} INFO - [2024-11-04T14:35:07.702+0000] {dagbag.py:588} INFO - Filling up the DagBag from /home/airflow/.local/lib/python3.12/site-packages/airflow/example_dags/example_skip_dag.py
[2024-11-04T14:35:07.708+0000] {processor.py:925} INFO - DAG(s) 'example_skip_dag' retrieved from /home/airflow/.local/lib/python3.12/site-packages/airflow/example_dags/example_skip_dag.py
[2024-11-04T14:35:07.727+0000] {logging_mixin.py:190} INFO - [2024-11-04T14:35:07.727+0000] {dag.py:3239} INFO - Sync 1 DAGs
[2024-11-04T14:35:07.744+0000] {logging_mixin.py:190} INFO - [2024-11-04T14:35:07.744+0000] {dag.py:4180} INFO - Setting next_dagrun for example_skip_dag to 2024-11-03 00:00:00+00:00, run_after=2024-11-04 00:00:00+00:00
[2024-11-04T14:35:07.759+0000] {processor.py:208} INFO - Processing /home/airflow/.local/lib/python3.12/site-packages/airflow/example_dags/example_skip_dag.py took 0.065 seconds
[2024-11-04T14:36:35.156+0000] {processor.py:186} INFO - Started process (PID=387) to work on /home/airflow/.local/lib/python3.12/site-packages/airflow/example_dags/example_skip_dag.py
[2024-11-04T14:36:35.158+0000] {processor.py:914} INFO - Processing file /home/airflow/.local/lib/python3.12/site-packages/airflow/example_dags/example_skip_dag.py for tasks to queue
[2024-11-04T14:36:35.162+0000] {logging_mixin.py:190} INFO - [2024-11-04T14:36:35.161+0000] {dagbag.py:588} INFO - Filling up the DagBag from /home/airflow/.local/lib/python3.12/site-packages/airflow/example_dags/example_skip_dag.py
[2024-11-04T14:36:35.172+0000] {processor.py:925} INFO - DAG(s) 'example_skip_dag' retrieved from /home/airflow/.local/lib/python3.12/site-packages/airflow/example_dags/example_skip_dag.py
[2024-11-04T14:36:35.338+0000] {logging_mixin.py:190} INFO - [2024-11-04T14:36:35.337+0000] {override.py:1900} INFO - Created Permission View: can delete on DAG:example_skip_dag
[2024-11-04T14:36:35.357+0000] {logging_mixin.py:190} INFO - [2024-11-04T14:36:35.356+0000] {override.py:1900} INFO - Created Permission View: can read on DAG:example_skip_dag
[2024-11-04T14:36:35.368+0000] {logging_mixin.py:190} INFO - [2024-11-04T14:36:35.368+0000] {override.py:1900} INFO - Created Permission View: can edit on DAG:example_skip_dag
[2024-11-04T14:36:35.382+0000] {logging_mixin.py:190} INFO - [2024-11-04T14:36:35.382+0000] {override.py:1900} INFO - Created Permission View: can create on DAG Run:example_skip_dag
[2024-11-04T14:36:35.395+0000] {logging_mixin.py:190} INFO - [2024-11-04T14:36:35.394+0000] {override.py:1900} INFO - Created Permission View: can delete on DAG Run:example_skip_dag
[2024-11-04T14:36:35.406+0000] {logging_mixin.py:190} INFO - [2024-11-04T14:36:35.405+0000] {override.py:1900} INFO - Created Permission View: can read on DAG Run:example_skip_dag
[2024-11-04T14:36:35.418+0000] {logging_mixin.py:190} INFO - [2024-11-04T14:36:35.417+0000] {override.py:1900} INFO - Created Permission View: menu access on DAG Run:example_skip_dag
[2024-11-04T14:36:35.419+0000] {logging_mixin.py:190} INFO - [2024-11-04T14:36:35.419+0000] {dag.py:3239} INFO - Sync 1 DAGs
[2024-11-04T14:36:35.440+0000] {logging_mixin.py:190} INFO - [2024-11-04T14:36:35.440+0000] {dag.py:3262} INFO - Creating ORM DAG for example_skip_dag
[2024-11-04T14:36:35.457+0000] {logging_mixin.py:190} INFO - [2024-11-04T14:36:35.457+0000] {dag.py:4180} INFO - Setting next_dagrun for example_skip_dag to 2024-11-03 00:00:00+00:00, run_after=2024-11-04 00:00:00+00:00
[2024-11-04T14:36:35.484+0000] {processor.py:208} INFO - Processing /home/airflow/.local/lib/python3.12/site-packages/airflow/example_dags/example_skip_dag.py took 0.335 seconds
[2024-11-04T14:37:06.310+0000] {processor.py:186} INFO - Started process (PID=673) to work on /home/airflow/.local/lib/python3.12/site-packages/airflow/example_dags/example_skip_dag.py
[2024-11-04T14:37:06.312+0000] {processor.py:914} INFO - Processing file /home/airflow/.local/lib/python3.12/site-packages/airflow/example_dags/example_skip_dag.py for tasks to queue
[2024-11-04T14:37:06.314+0000] {logging_mixin.py:190} INFO - [2024-11-04T14:37:06.314+0000] {dagbag.py:588} INFO - Filling up the DagBag from /home/airflow/.local/lib/python3.12/site-packages/airflow/example_dags/example_skip_dag.py
[2024-11-04T14:37:06.321+0000] {processor.py:925} INFO - DAG(s) 'example_skip_dag' retrieved from /home/airflow/.local/lib/python3.12/site-packages/airflow/example_dags/example_skip_dag.py
[2024-11-04T14:37:06.344+0000] {logging_mixin.py:190} INFO - [2024-11-04T14:37:06.344+0000] {dag.py:3239} INFO - Sync 1 DAGs
[2024-11-04T14:37:06.369+0000] {logging_mixin.py:190} INFO - [2024-11-04T14:37:06.369+0000] {dag.py:4180} INFO - Setting next_dagrun for example_skip_dag to 2024-11-03 00:00:00+00:00, run_after=2024-11-04 00:00:00+00:00
[2024-11-04T14:37:06.390+0000] {processor.py:208} INFO - Processing /home/airflow/.local/lib/python3.12/site-packages/airflow/example_dags/example_skip_dag.py took 0.085 seconds
[2024-11-04T14:37:36.544+0000] {processor.py:186} INFO - Started process (PID=959) to work on /home/airflow/.local/lib/python3.12/site-packages/airflow/example_dags/example_skip_dag.py
[2024-11-04T14:37:36.547+0000] {processor.py:914} INFO - Processing file /home/airflow/.local/lib/python3.12/site-packages/airflow/example_dags/example_skip_dag.py for tasks to queue
[2024-11-04T14:37:36.554+0000] {logging_mixin.py:190} INFO - [2024-11-04T14:37:36.553+0000] {dagbag.py:588} INFO - Filling up the DagBag from /home/airflow/.local/lib/python3.12/site-packages/airflow/example_dags/example_skip_dag.py
[2024-11-04T14:37:36.580+0000] {processor.py:925} INFO - DAG(s) 'example_skip_dag' retrieved from /home/airflow/.local/lib/python3.12/site-packages/airflow/example_dags/example_skip_dag.py
[2024-11-04T14:37:36.634+0000] {logging_mixin.py:190} INFO - [2024-11-04T14:37:36.633+0000] {dag.py:3239} INFO - Sync 1 DAGs
[2024-11-04T14:37:36.697+0000] {logging_mixin.py:190} INFO - [2024-11-04T14:37:36.697+0000] {dag.py:4180} INFO - Setting next_dagrun for example_skip_dag to 2024-11-03 00:00:00+00:00, run_after=2024-11-04 00:00:00+00:00
[2024-11-04T14:37:36.754+0000] {processor.py:208} INFO - Processing /home/airflow/.local/lib/python3.12/site-packages/airflow/example_dags/example_skip_dag.py took 0.231 seconds
[2024-11-04T14:38:07.351+0000] {processor.py:186} INFO - Started process (PID=1243) to work on /home/airflow/.local/lib/python3.12/site-packages/airflow/example_dags/example_skip_dag.py
[2024-11-04T14:38:07.354+0000] {processor.py:914} INFO - Processing file /home/airflow/.local/lib/python3.12/site-packages/airflow/example_dags/example_skip_dag.py for tasks to queue
[2024-11-04T14:38:07.363+0000] {logging_mixin.py:190} INFO - [2024-11-04T14:38:07.362+0000] {dagbag.py:588} INFO - Filling up the DagBag from /home/airflow/.local/lib/python3.12/site-packages/airflow/example_dags/example_skip_dag.py
[2024-11-04T14:38:07.391+0000] {processor.py:925} INFO - DAG(s) 'example_skip_dag' retrieved from /home/airflow/.local/lib/python3.12/site-packages/airflow/example_dags/example_skip_dag.py
[2024-11-04T14:38:07.472+0000] {logging_mixin.py:190} INFO - [2024-11-04T14:38:07.472+0000] {dag.py:3239} INFO - Sync 1 DAGs
[2024-11-04T14:38:07.582+0000] {logging_mixin.py:190} INFO - [2024-11-04T14:38:07.581+0000] {dag.py:4180} INFO - Setting next_dagrun for example_skip_dag to 2024-11-03 00:00:00+00:00, run_after=2024-11-04 00:00:00+00:00
[2024-11-04T14:38:07.659+0000] {processor.py:208} INFO - Processing /home/airflow/.local/lib/python3.12/site-packages/airflow/example_dags/example_skip_dag.py took 0.333 seconds
[2024-11-04T14:38:38.552+0000] {processor.py:186} INFO - Started process (PID=1532) to work on /home/airflow/.local/lib/python3.12/site-packages/airflow/example_dags/example_skip_dag.py
[2024-11-04T14:38:38.553+0000] {processor.py:914} INFO - Processing file /home/airflow/.local/lib/python3.12/site-packages/airflow/example_dags/example_skip_dag.py for tasks to queue
[2024-11-04T14:38:38.555+0000] {logging_mixin.py:190} INFO - [2024-11-04T14:38:38.555+0000] {dagbag.py:588} INFO - Filling up the DagBag from /home/airflow/.local/lib/python3.12/site-packages/airflow/example_dags/example_skip_dag.py
[2024-11-04T14:38:38.563+0000] {processor.py:925} INFO - DAG(s) 'example_skip_dag' retrieved from /home/airflow/.local/lib/python3.12/site-packages/airflow/example_dags/example_skip_dag.py
[2024-11-04T14:38:38.589+0000] {logging_mixin.py:190} INFO - [2024-11-04T14:38:38.588+0000] {dag.py:3239} INFO - Sync 1 DAGs
[2024-11-04T14:38:38.612+0000] {logging_mixin.py:190} INFO - [2024-11-04T14:38:38.612+0000] {dag.py:4180} INFO - Setting next_dagrun for example_skip_dag to 2024-11-03 00:00:00+00:00, run_after=2024-11-04 00:00:00+00:00
[2024-11-04T14:38:38.633+0000] {processor.py:208} INFO - Processing /home/airflow/.local/lib/python3.12/site-packages/airflow/example_dags/example_skip_dag.py took 0.087 seconds
[2024-11-04T14:39:09.186+0000] {processor.py:186} INFO - Started process (PID=1818) to work on /home/airflow/.local/lib/python3.12/site-packages/airflow/example_dags/example_skip_dag.py
[2024-11-04T14:39:09.189+0000] {processor.py:914} INFO - Processing file /home/airflow/.local/lib/python3.12/site-packages/airflow/example_dags/example_skip_dag.py for tasks to queue
[2024-11-04T14:39:09.196+0000] {logging_mixin.py:190} INFO - [2024-11-04T14:39:09.195+0000] {dagbag.py:588} INFO - Filling up the DagBag from /home/airflow/.local/lib/python3.12/site-packages/airflow/example_dags/example_skip_dag.py
[2024-11-04T14:39:09.213+0000] {processor.py:925} INFO - DAG(s) 'example_skip_dag' retrieved from /home/airflow/.local/lib/python3.12/site-packages/airflow/example_dags/example_skip_dag.py
[2024-11-04T14:39:09.239+0000] {logging_mixin.py:190} INFO - [2024-11-04T14:39:09.238+0000] {dag.py:3239} INFO - Sync 1 DAGs
[2024-11-04T14:39:09.263+0000] {logging_mixin.py:190} INFO - [2024-11-04T14:39:09.263+0000] {dag.py:4180} INFO - Setting next_dagrun for example_skip_dag to 2024-11-03 00:00:00+00:00, run_after=2024-11-04 00:00:00+00:00
[2024-11-04T14:39:09.289+0000] {processor.py:208} INFO - Processing /home/airflow/.local/lib/python3.12/site-packages/airflow/example_dags/example_skip_dag.py took 0.121 seconds
[2024-11-04T14:39:39.889+0000] {processor.py:186} INFO - Started process (PID=2104) to work on /home/airflow/.local/lib/python3.12/site-packages/airflow/example_dags/example_skip_dag.py
[2024-11-04T14:39:39.890+0000] {processor.py:914} INFO - Processing file /home/airflow/.local/lib/python3.12/site-packages/airflow/example_dags/example_skip_dag.py for tasks to queue
[2024-11-04T14:39:39.892+0000] {logging_mixin.py:190} INFO - [2024-11-04T14:39:39.892+0000] {dagbag.py:588} INFO - Filling up the DagBag from /home/airflow/.local/lib/python3.12/site-packages/airflow/example_dags/example_skip_dag.py
[2024-11-04T14:39:39.900+0000] {processor.py:925} INFO - DAG(s) 'example_skip_dag' retrieved from /home/airflow/.local/lib/python3.12/site-packages/airflow/example_dags/example_skip_dag.py
[2024-11-04T14:39:39.921+0000] {logging_mixin.py:190} INFO - [2024-11-04T14:39:39.921+0000] {dag.py:3239} INFO - Sync 1 DAGs
[2024-11-04T14:39:39.942+0000] {logging_mixin.py:190} INFO - [2024-11-04T14:39:39.941+0000] {dag.py:4180} INFO - Setting next_dagrun for example_skip_dag to 2024-11-03 00:00:00+00:00, run_after=2024-11-04 00:00:00+00:00
[2024-11-04T14:39:39.960+0000] {processor.py:208} INFO - Processing /home/airflow/.local/lib/python3.12/site-packages/airflow/example_dags/example_skip_dag.py took 0.076 seconds
[2024-11-04T14:40:10.431+0000] {processor.py:186} INFO - Started process (PID=2390) to work on /home/airflow/.local/lib/python3.12/site-packages/airflow/example_dags/example_skip_dag.py
[2024-11-04T14:40:10.434+0000] {processor.py:914} INFO - Processing file /home/airflow/.local/lib/python3.12/site-packages/airflow/example_dags/example_skip_dag.py for tasks to queue
[2024-11-04T14:40:10.439+0000] {logging_mixin.py:190} INFO - [2024-11-04T14:40:10.438+0000] {dagbag.py:588} INFO - Filling up the DagBag from /home/airflow/.local/lib/python3.12/site-packages/airflow/example_dags/example_skip_dag.py
[2024-11-04T14:40:10.454+0000] {processor.py:925} INFO - DAG(s) 'example_skip_dag' retrieved from /home/airflow/.local/lib/python3.12/site-packages/airflow/example_dags/example_skip_dag.py
[2024-11-04T14:40:10.496+0000] {logging_mixin.py:190} INFO - [2024-11-04T14:40:10.495+0000] {dag.py:3239} INFO - Sync 1 DAGs
[2024-11-04T14:40:10.550+0000] {logging_mixin.py:190} INFO - [2024-11-04T14:40:10.549+0000] {dag.py:4180} INFO - Setting next_dagrun for example_skip_dag to 2024-11-03 00:00:00+00:00, run_after=2024-11-04 00:00:00+00:00
[2024-11-04T14:40:10.583+0000] {processor.py:208} INFO - Processing /home/airflow/.local/lib/python3.12/site-packages/airflow/example_dags/example_skip_dag.py took 0.163 seconds
[2024-11-04T14:40:41.551+0000] {processor.py:186} INFO - Started process (PID=2676) to work on /home/airflow/.local/lib/python3.12/site-packages/airflow/example_dags/example_skip_dag.py
[2024-11-04T14:40:41.553+0000] {processor.py:914} INFO - Processing file /home/airflow/.local/lib/python3.12/site-packages/airflow/example_dags/example_skip_dag.py for tasks to queue
[2024-11-04T14:40:41.556+0000] {logging_mixin.py:190} INFO - [2024-11-04T14:40:41.556+0000] {dagbag.py:588} INFO - Filling up the DagBag from /home/airflow/.local/lib/python3.12/site-packages/airflow/example_dags/example_skip_dag.py
[2024-11-04T14:40:41.565+0000] {processor.py:925} INFO - DAG(s) 'example_skip_dag' retrieved from /home/airflow/.local/lib/python3.12/site-packages/airflow/example_dags/example_skip_dag.py
[2024-11-04T14:40:41.593+0000] {logging_mixin.py:190} INFO - [2024-11-04T14:40:41.593+0000] {dag.py:3239} INFO - Sync 1 DAGs
[2024-11-04T14:40:41.622+0000] {logging_mixin.py:190} INFO - [2024-11-04T14:40:41.622+0000] {dag.py:4180} INFO - Setting next_dagrun for example_skip_dag to 2024-11-03 00:00:00+00:00, run_after=2024-11-04 00:00:00+00:00
[2024-11-04T14:40:41.647+0000] {processor.py:208} INFO - Processing /home/airflow/.local/lib/python3.12/site-packages/airflow/example_dags/example_skip_dag.py took 0.103 seconds
[2024-11-04T14:41:15.000+0000] {processor.py:186} INFO - Started process (PID=2960) to work on /home/airflow/.local/lib/python3.12/site-packages/airflow/example_dags/example_skip_dag.py
[2024-11-04T14:41:15.004+0000] {processor.py:914} INFO - Processing file /home/airflow/.local/lib/python3.12/site-packages/airflow/example_dags/example_skip_dag.py for tasks to queue
[2024-11-04T14:41:15.012+0000] {logging_mixin.py:190} INFO - [2024-11-04T14:41:15.011+0000] {dagbag.py:588} INFO - Filling up the DagBag from /home/airflow/.local/lib/python3.12/site-packages/airflow/example_dags/example_skip_dag.py
[2024-11-04T14:41:15.055+0000] {processor.py:925} INFO - DAG(s) 'example_skip_dag' retrieved from /home/airflow/.local/lib/python3.12/site-packages/airflow/example_dags/example_skip_dag.py
[2024-11-04T14:41:15.151+0000] {logging_mixin.py:190} INFO - [2024-11-04T14:41:15.150+0000] {dag.py:3239} INFO - Sync 1 DAGs
[2024-11-04T14:41:15.244+0000] {logging_mixin.py:190} INFO - [2024-11-04T14:41:15.243+0000] {dag.py:4180} INFO - Setting next_dagrun for example_skip_dag to 2024-11-03 00:00:00+00:00, run_after=2024-11-04 00:00:00+00:00
[2024-11-04T14:41:15.309+0000] {processor.py:208} INFO - Processing /home/airflow/.local/lib/python3.12/site-packages/airflow/example_dags/example_skip_dag.py took 0.327 seconds
[2024-11-04T14:41:45.873+0000] {processor.py:186} INFO - Started process (PID=3248) to work on /home/airflow/.local/lib/python3.12/site-packages/airflow/example_dags/example_skip_dag.py
[2024-11-04T14:41:45.875+0000] {processor.py:914} INFO - Processing file /home/airflow/.local/lib/python3.12/site-packages/airflow/example_dags/example_skip_dag.py for tasks to queue
[2024-11-04T14:41:45.877+0000] {logging_mixin.py:190} INFO - [2024-11-04T14:41:45.877+0000] {dagbag.py:588} INFO - Filling up the DagBag from /home/airflow/.local/lib/python3.12/site-packages/airflow/example_dags/example_skip_dag.py
[2024-11-04T14:41:45.884+0000] {processor.py:925} INFO - DAG(s) 'example_skip_dag' retrieved from /home/airflow/.local/lib/python3.12/site-packages/airflow/example_dags/example_skip_dag.py
[2024-11-04T14:41:45.908+0000] {logging_mixin.py:190} INFO - [2024-11-04T14:41:45.908+0000] {dag.py:3239} INFO - Sync 1 DAGs
[2024-11-04T14:41:45.934+0000] {logging_mixin.py:190} INFO - [2024-11-04T14:41:45.934+0000] {dag.py:4180} INFO - Setting next_dagrun for example_skip_dag to 2024-11-03 00:00:00+00:00, run_after=2024-11-04 00:00:00+00:00
[2024-11-04T14:41:45.954+0000] {processor.py:208} INFO - Processing /home/airflow/.local/lib/python3.12/site-packages/airflow/example_dags/example_skip_dag.py took 0.087 seconds
[2024-11-04T14:42:16.854+0000] {processor.py:186} INFO - Started process (PID=3534) to work on /home/airflow/.local/lib/python3.12/site-packages/airflow/example_dags/example_skip_dag.py
[2024-11-04T14:42:16.855+0000] {processor.py:914} INFO - Processing file /home/airflow/.local/lib/python3.12/site-packages/airflow/example_dags/example_skip_dag.py for tasks to queue
[2024-11-04T14:42:16.858+0000] {logging_mixin.py:190} INFO - [2024-11-04T14:42:16.857+0000] {dagbag.py:588} INFO - Filling up the DagBag from /home/airflow/.local/lib/python3.12/site-packages/airflow/example_dags/example_skip_dag.py
[2024-11-04T14:42:16.865+0000] {processor.py:925} INFO - DAG(s) 'example_skip_dag' retrieved from /home/airflow/.local/lib/python3.12/site-packages/airflow/example_dags/example_skip_dag.py
[2024-11-04T14:42:16.887+0000] {logging_mixin.py:190} INFO - [2024-11-04T14:42:16.887+0000] {dag.py:3239} INFO - Sync 1 DAGs
[2024-11-04T14:42:16.906+0000] {logging_mixin.py:190} INFO - [2024-11-04T14:42:16.906+0000] {dag.py:4180} INFO - Setting next_dagrun for example_skip_dag to 2024-11-03 00:00:00+00:00, run_after=2024-11-04 00:00:00+00:00
[2024-11-04T14:42:16.921+0000] {processor.py:208} INFO - Processing /home/airflow/.local/lib/python3.12/site-packages/airflow/example_dags/example_skip_dag.py took 0.074 seconds
[2024-11-04T14:42:47.376+0000] {processor.py:186} INFO - Started process (PID=3819) to work on /home/airflow/.local/lib/python3.12/site-packages/airflow/example_dags/example_skip_dag.py
[2024-11-04T14:42:47.378+0000] {processor.py:914} INFO - Processing file /home/airflow/.local/lib/python3.12/site-packages/airflow/example_dags/example_skip_dag.py for tasks to queue
[2024-11-04T14:42:47.380+0000] {logging_mixin.py:190} INFO - [2024-11-04T14:42:47.380+0000] {dagbag.py:588} INFO - Filling up the DagBag from /home/airflow/.local/lib/python3.12/site-packages/airflow/example_dags/example_skip_dag.py
[2024-11-04T14:42:47.387+0000] {processor.py:925} INFO - DAG(s) 'example_skip_dag' retrieved from /home/airflow/.local/lib/python3.12/site-packages/airflow/example_dags/example_skip_dag.py
[2024-11-04T14:42:47.406+0000] {logging_mixin.py:190} INFO - [2024-11-04T14:42:47.405+0000] {dag.py:3239} INFO - Sync 1 DAGs
[2024-11-04T14:42:47.423+0000] {logging_mixin.py:190} INFO - [2024-11-04T14:42:47.423+0000] {dag.py:4180} INFO - Setting next_dagrun for example_skip_dag to 2024-11-03 00:00:00+00:00, run_after=2024-11-04 00:00:00+00:00
[2024-11-04T14:42:47.442+0000] {processor.py:208} INFO - Processing /home/airflow/.local/lib/python3.12/site-packages/airflow/example_dags/example_skip_dag.py took 0.071 seconds
[2024-11-04T14:45:01.083+0000] {processor.py:186} INFO - Started process (PID=386) to work on /home/airflow/.local/lib/python3.12/site-packages/airflow/example_dags/example_skip_dag.py
[2024-11-04T14:45:01.085+0000] {processor.py:914} INFO - Processing file /home/airflow/.local/lib/python3.12/site-packages/airflow/example_dags/example_skip_dag.py for tasks to queue
[2024-11-04T14:45:01.090+0000] {logging_mixin.py:190} INFO - [2024-11-04T14:45:01.089+0000] {dagbag.py:588} INFO - Filling up the DagBag from /home/airflow/.local/lib/python3.12/site-packages/airflow/example_dags/example_skip_dag.py
[2024-11-04T14:45:01.106+0000] {processor.py:925} INFO - DAG(s) 'example_skip_dag' retrieved from /home/airflow/.local/lib/python3.12/site-packages/airflow/example_dags/example_skip_dag.py
[2024-11-04T14:45:01.282+0000] {logging_mixin.py:190} INFO - [2024-11-04T14:45:01.281+0000] {override.py:1900} INFO - Created Permission View: can delete on DAG:example_skip_dag
[2024-11-04T14:45:01.300+0000] {logging_mixin.py:190} INFO - [2024-11-04T14:45:01.299+0000] {override.py:1900} INFO - Created Permission View: can read on DAG:example_skip_dag
[2024-11-04T14:45:01.312+0000] {logging_mixin.py:190} INFO - [2024-11-04T14:45:01.311+0000] {override.py:1900} INFO - Created Permission View: can edit on DAG:example_skip_dag
[2024-11-04T14:45:01.326+0000] {logging_mixin.py:190} INFO - [2024-11-04T14:45:01.325+0000] {override.py:1900} INFO - Created Permission View: can create on DAG Run:example_skip_dag
[2024-11-04T14:45:01.338+0000] {logging_mixin.py:190} INFO - [2024-11-04T14:45:01.338+0000] {override.py:1900} INFO - Created Permission View: can delete on DAG Run:example_skip_dag
[2024-11-04T14:45:01.350+0000] {logging_mixin.py:190} INFO - [2024-11-04T14:45:01.350+0000] {override.py:1900} INFO - Created Permission View: menu access on DAG Run:example_skip_dag
[2024-11-04T14:45:01.364+0000] {logging_mixin.py:190} INFO - [2024-11-04T14:45:01.363+0000] {override.py:1900} INFO - Created Permission View: can read on DAG Run:example_skip_dag
[2024-11-04T14:45:01.365+0000] {logging_mixin.py:190} INFO - [2024-11-04T14:45:01.365+0000] {dag.py:3239} INFO - Sync 1 DAGs
[2024-11-04T14:45:01.404+0000] {logging_mixin.py:190} INFO - [2024-11-04T14:45:01.404+0000] {dag.py:3262} INFO - Creating ORM DAG for example_skip_dag
[2024-11-04T14:45:01.423+0000] {logging_mixin.py:190} INFO - [2024-11-04T14:45:01.422+0000] {dag.py:4180} INFO - Setting next_dagrun for example_skip_dag to 2024-11-03 00:00:00+00:00, run_after=2024-11-04 00:00:00+00:00
[2024-11-04T14:45:01.466+0000] {processor.py:208} INFO - Processing /home/airflow/.local/lib/python3.12/site-packages/airflow/example_dags/example_skip_dag.py took 0.397 seconds
[2024-11-04T14:45:32.099+0000] {processor.py:186} INFO - Started process (PID=674) to work on /home/airflow/.local/lib/python3.12/site-packages/airflow/example_dags/example_skip_dag.py
[2024-11-04T14:45:32.101+0000] {processor.py:914} INFO - Processing file /home/airflow/.local/lib/python3.12/site-packages/airflow/example_dags/example_skip_dag.py for tasks to queue
[2024-11-04T14:45:32.104+0000] {logging_mixin.py:190} INFO - [2024-11-04T14:45:32.104+0000] {dagbag.py:588} INFO - Filling up the DagBag from /home/airflow/.local/lib/python3.12/site-packages/airflow/example_dags/example_skip_dag.py
[2024-11-04T14:45:32.113+0000] {processor.py:925} INFO - DAG(s) 'example_skip_dag' retrieved from /home/airflow/.local/lib/python3.12/site-packages/airflow/example_dags/example_skip_dag.py
[2024-11-04T14:45:32.140+0000] {logging_mixin.py:190} INFO - [2024-11-04T14:45:32.139+0000] {dag.py:3239} INFO - Sync 1 DAGs
[2024-11-04T14:45:32.167+0000] {logging_mixin.py:190} INFO - [2024-11-04T14:45:32.167+0000] {dag.py:4180} INFO - Setting next_dagrun for example_skip_dag to 2024-11-03 00:00:00+00:00, run_after=2024-11-04 00:00:00+00:00
[2024-11-04T14:45:32.193+0000] {processor.py:208} INFO - Processing /home/airflow/.local/lib/python3.12/site-packages/airflow/example_dags/example_skip_dag.py took 0.100 seconds
[2024-11-04T14:46:02.468+0000] {processor.py:186} INFO - Started process (PID=960) to work on /home/airflow/.local/lib/python3.12/site-packages/airflow/example_dags/example_skip_dag.py
[2024-11-04T14:46:02.469+0000] {processor.py:914} INFO - Processing file /home/airflow/.local/lib/python3.12/site-packages/airflow/example_dags/example_skip_dag.py for tasks to queue
[2024-11-04T14:46:02.471+0000] {logging_mixin.py:190} INFO - [2024-11-04T14:46:02.471+0000] {dagbag.py:588} INFO - Filling up the DagBag from /home/airflow/.local/lib/python3.12/site-packages/airflow/example_dags/example_skip_dag.py
[2024-11-04T14:46:02.477+0000] {processor.py:925} INFO - DAG(s) 'example_skip_dag' retrieved from /home/airflow/.local/lib/python3.12/site-packages/airflow/example_dags/example_skip_dag.py
[2024-11-04T14:46:02.496+0000] {logging_mixin.py:190} INFO - [2024-11-04T14:46:02.495+0000] {dag.py:3239} INFO - Sync 1 DAGs
[2024-11-04T14:46:02.515+0000] {logging_mixin.py:190} INFO - [2024-11-04T14:46:02.515+0000] {dag.py:4180} INFO - Setting next_dagrun for example_skip_dag to 2024-11-03 00:00:00+00:00, run_after=2024-11-04 00:00:00+00:00
[2024-11-04T14:46:02.535+0000] {processor.py:208} INFO - Processing /home/airflow/.local/lib/python3.12/site-packages/airflow/example_dags/example_skip_dag.py took 0.073 seconds
[2024-11-04T14:46:33.006+0000] {processor.py:186} INFO - Started process (PID=1246) to work on /home/airflow/.local/lib/python3.12/site-packages/airflow/example_dags/example_skip_dag.py
[2024-11-04T14:46:33.008+0000] {processor.py:914} INFO - Processing file /home/airflow/.local/lib/python3.12/site-packages/airflow/example_dags/example_skip_dag.py for tasks to queue
[2024-11-04T14:46:33.011+0000] {logging_mixin.py:190} INFO - [2024-11-04T14:46:33.010+0000] {dagbag.py:588} INFO - Filling up the DagBag from /home/airflow/.local/lib/python3.12/site-packages/airflow/example_dags/example_skip_dag.py
[2024-11-04T14:46:33.018+0000] {processor.py:925} INFO - DAG(s) 'example_skip_dag' retrieved from /home/airflow/.local/lib/python3.12/site-packages/airflow/example_dags/example_skip_dag.py
[2024-11-04T14:46:33.036+0000] {logging_mixin.py:190} INFO - [2024-11-04T14:46:33.036+0000] {dag.py:3239} INFO - Sync 1 DAGs
[2024-11-04T14:46:33.057+0000] {logging_mixin.py:190} INFO - [2024-11-04T14:46:33.057+0000] {dag.py:4180} INFO - Setting next_dagrun for example_skip_dag to 2024-11-03 00:00:00+00:00, run_after=2024-11-04 00:00:00+00:00
[2024-11-04T14:46:33.073+0000] {processor.py:208} INFO - Processing /home/airflow/.local/lib/python3.12/site-packages/airflow/example_dags/example_skip_dag.py took 0.072 seconds
[2024-11-04T14:47:03.223+0000] {processor.py:186} INFO - Started process (PID=1532) to work on /home/airflow/.local/lib/python3.12/site-packages/airflow/example_dags/example_skip_dag.py
[2024-11-04T14:47:03.224+0000] {processor.py:914} INFO - Processing file /home/airflow/.local/lib/python3.12/site-packages/airflow/example_dags/example_skip_dag.py for tasks to queue
[2024-11-04T14:47:03.226+0000] {logging_mixin.py:190} INFO - [2024-11-04T14:47:03.226+0000] {dagbag.py:588} INFO - Filling up the DagBag from /home/airflow/.local/lib/python3.12/site-packages/airflow/example_dags/example_skip_dag.py
[2024-11-04T14:47:03.233+0000] {processor.py:925} INFO - DAG(s) 'example_skip_dag' retrieved from /home/airflow/.local/lib/python3.12/site-packages/airflow/example_dags/example_skip_dag.py
[2024-11-04T14:47:03.254+0000] {logging_mixin.py:190} INFO - [2024-11-04T14:47:03.254+0000] {dag.py:3239} INFO - Sync 1 DAGs
[2024-11-04T14:47:03.273+0000] {logging_mixin.py:190} INFO - [2024-11-04T14:47:03.272+0000] {dag.py:4180} INFO - Setting next_dagrun for example_skip_dag to 2024-11-03 00:00:00+00:00, run_after=2024-11-04 00:00:00+00:00
[2024-11-04T14:47:03.290+0000] {processor.py:208} INFO - Processing /home/airflow/.local/lib/python3.12/site-packages/airflow/example_dags/example_skip_dag.py took 0.073 seconds
[2024-11-04T14:49:20.563+0000] {processor.py:186} INFO - Started process (PID=385) to work on /home/airflow/.local/lib/python3.12/site-packages/airflow/example_dags/example_skip_dag.py
[2024-11-04T14:49:20.565+0000] {processor.py:914} INFO - Processing file /home/airflow/.local/lib/python3.12/site-packages/airflow/example_dags/example_skip_dag.py for tasks to queue
[2024-11-04T14:49:20.570+0000] {logging_mixin.py:190} INFO - [2024-11-04T14:49:20.569+0000] {dagbag.py:588} INFO - Filling up the DagBag from /home/airflow/.local/lib/python3.12/site-packages/airflow/example_dags/example_skip_dag.py
[2024-11-04T14:49:20.585+0000] {processor.py:925} INFO - DAG(s) 'example_skip_dag' retrieved from /home/airflow/.local/lib/python3.12/site-packages/airflow/example_dags/example_skip_dag.py
[2024-11-04T14:49:20.740+0000] {logging_mixin.py:190} INFO - [2024-11-04T14:49:20.740+0000] {override.py:1900} INFO - Created Permission View: can edit on DAG:example_skip_dag
[2024-11-04T14:49:20.759+0000] {logging_mixin.py:190} INFO - [2024-11-04T14:49:20.758+0000] {override.py:1900} INFO - Created Permission View: can delete on DAG:example_skip_dag
[2024-11-04T14:49:20.774+0000] {logging_mixin.py:190} INFO - [2024-11-04T14:49:20.774+0000] {override.py:1900} INFO - Created Permission View: can read on DAG:example_skip_dag
[2024-11-04T14:49:20.790+0000] {logging_mixin.py:190} INFO - [2024-11-04T14:49:20.790+0000] {override.py:1900} INFO - Created Permission View: can create on DAG Run:example_skip_dag
[2024-11-04T14:49:20.804+0000] {logging_mixin.py:190} INFO - [2024-11-04T14:49:20.803+0000] {override.py:1900} INFO - Created Permission View: can read on DAG Run:example_skip_dag
[2024-11-04T14:49:20.817+0000] {logging_mixin.py:190} INFO - [2024-11-04T14:49:20.816+0000] {override.py:1900} INFO - Created Permission View: can delete on DAG Run:example_skip_dag
[2024-11-04T14:49:20.829+0000] {logging_mixin.py:190} INFO - [2024-11-04T14:49:20.829+0000] {override.py:1900} INFO - Created Permission View: menu access on DAG Run:example_skip_dag
[2024-11-04T14:49:20.830+0000] {logging_mixin.py:190} INFO - [2024-11-04T14:49:20.830+0000] {dag.py:3239} INFO - Sync 1 DAGs
[2024-11-04T14:49:20.854+0000] {logging_mixin.py:190} INFO - [2024-11-04T14:49:20.853+0000] {dag.py:3262} INFO - Creating ORM DAG for example_skip_dag
[2024-11-04T14:49:20.870+0000] {logging_mixin.py:190} INFO - [2024-11-04T14:49:20.870+0000] {dag.py:4180} INFO - Setting next_dagrun for example_skip_dag to 2024-11-03 00:00:00+00:00, run_after=2024-11-04 00:00:00+00:00
[2024-11-04T14:49:20.900+0000] {processor.py:208} INFO - Processing /home/airflow/.local/lib/python3.12/site-packages/airflow/example_dags/example_skip_dag.py took 0.347 seconds
