[2024-11-04T14:34:01.096+0000] {processor.py:186} INFO - Started process (PID=263) to work on /home/airflow/.local/lib/python3.12/site-packages/airflow/example_dags/example_task_group_decorator.py
[2024-11-04T14:34:01.098+0000] {processor.py:914} INFO - Processing file /home/airflow/.local/lib/python3.12/site-packages/airflow/example_dags/example_task_group_decorator.py for tasks to queue
[2024-11-04T14:34:01.102+0000] {logging_mixin.py:190} INFO - [2024-11-04T14:34:01.101+0000] {dagbag.py:588} INFO - Filling up the DagBag from /home/airflow/.local/lib/python3.12/site-packages/airflow/example_dags/example_task_group_decorator.py
[2024-11-04T14:34:01.125+0000] {processor.py:925} INFO - DAG(s) 'example_task_group_decorator' retrieved from /home/airflow/.local/lib/python3.12/site-packages/airflow/example_dags/example_task_group_decorator.py
[2024-11-04T14:34:01.292+0000] {logging_mixin.py:190} INFO - [2024-11-04T14:34:01.291+0000] {override.py:1900} INFO - Created Permission View: can edit on DAG:example_task_group_decorator
[2024-11-04T14:34:01.308+0000] {logging_mixin.py:190} INFO - [2024-11-04T14:34:01.307+0000] {override.py:1900} INFO - Created Permission View: can read on DAG:example_task_group_decorator
[2024-11-04T14:34:01.319+0000] {logging_mixin.py:190} INFO - [2024-11-04T14:34:01.318+0000] {override.py:1900} INFO - Created Permission View: can delete on DAG:example_task_group_decorator
[2024-11-04T14:34:01.333+0000] {logging_mixin.py:190} INFO - [2024-11-04T14:34:01.332+0000] {override.py:1900} INFO - Created Permission View: can read on DAG Run:example_task_group_decorator
[2024-11-04T14:34:01.345+0000] {logging_mixin.py:190} INFO - [2024-11-04T14:34:01.344+0000] {override.py:1900} INFO - Created Permission View: can delete on DAG Run:example_task_group_decorator
[2024-11-04T14:34:01.356+0000] {logging_mixin.py:190} INFO - [2024-11-04T14:34:01.355+0000] {override.py:1900} INFO - Created Permission View: menu access on DAG Run:example_task_group_decorator
[2024-11-04T14:34:01.368+0000] {logging_mixin.py:190} INFO - [2024-11-04T14:34:01.367+0000] {override.py:1900} INFO - Created Permission View: can create on DAG Run:example_task_group_decorator
[2024-11-04T14:34:01.369+0000] {logging_mixin.py:190} INFO - [2024-11-04T14:34:01.369+0000] {dag.py:3239} INFO - Sync 1 DAGs
[2024-11-04T14:34:01.386+0000] {logging_mixin.py:190} INFO - [2024-11-04T14:34:01.385+0000] {dag.py:3262} INFO - Creating ORM DAG for example_task_group_decorator
[2024-11-04T14:34:01.387+0000] {logging_mixin.py:190} INFO - [2024-11-04T14:34:01.387+0000] {dag.py:4180} INFO - Setting next_dagrun for example_task_group_decorator to None, run_after=None
[2024-11-04T14:34:01.418+0000] {processor.py:208} INFO - Processing /home/airflow/.local/lib/python3.12/site-packages/airflow/example_dags/example_task_group_decorator.py took 0.329 seconds
[2024-11-04T14:34:31.741+0000] {processor.py:186} INFO - Started process (PID=549) to work on /home/airflow/.local/lib/python3.12/site-packages/airflow/example_dags/example_task_group_decorator.py
[2024-11-04T14:34:31.743+0000] {processor.py:914} INFO - Processing file /home/airflow/.local/lib/python3.12/site-packages/airflow/example_dags/example_task_group_decorator.py for tasks to queue
[2024-11-04T14:34:31.745+0000] {logging_mixin.py:190} INFO - [2024-11-04T14:34:31.745+0000] {dagbag.py:588} INFO - Filling up the DagBag from /home/airflow/.local/lib/python3.12/site-packages/airflow/example_dags/example_task_group_decorator.py
[2024-11-04T14:34:31.759+0000] {processor.py:925} INFO - DAG(s) 'example_task_group_decorator' retrieved from /home/airflow/.local/lib/python3.12/site-packages/airflow/example_dags/example_task_group_decorator.py
[2024-11-04T14:34:31.783+0000] {logging_mixin.py:190} INFO - [2024-11-04T14:34:31.783+0000] {dag.py:3239} INFO - Sync 1 DAGs
[2024-11-04T14:34:31.794+0000] {logging_mixin.py:190} INFO - [2024-11-04T14:34:31.794+0000] {dag.py:4180} INFO - Setting next_dagrun for example_task_group_decorator to None, run_after=None
[2024-11-04T14:34:31.813+0000] {processor.py:208} INFO - Processing /home/airflow/.local/lib/python3.12/site-packages/airflow/example_dags/example_task_group_decorator.py took 0.077 seconds
[2024-11-04T14:35:01.920+0000] {processor.py:186} INFO - Started process (PID=833) to work on /home/airflow/.local/lib/python3.12/site-packages/airflow/example_dags/example_task_group_decorator.py
[2024-11-04T14:35:01.921+0000] {processor.py:914} INFO - Processing file /home/airflow/.local/lib/python3.12/site-packages/airflow/example_dags/example_task_group_decorator.py for tasks to queue
[2024-11-04T14:35:01.923+0000] {logging_mixin.py:190} INFO - [2024-11-04T14:35:01.923+0000] {dagbag.py:588} INFO - Filling up the DagBag from /home/airflow/.local/lib/python3.12/site-packages/airflow/example_dags/example_task_group_decorator.py
[2024-11-04T14:35:01.934+0000] {processor.py:925} INFO - DAG(s) 'example_task_group_decorator' retrieved from /home/airflow/.local/lib/python3.12/site-packages/airflow/example_dags/example_task_group_decorator.py
[2024-11-04T14:35:01.958+0000] {logging_mixin.py:190} INFO - [2024-11-04T14:35:01.957+0000] {dag.py:3239} INFO - Sync 1 DAGs
[2024-11-04T14:35:01.970+0000] {logging_mixin.py:190} INFO - [2024-11-04T14:35:01.969+0000] {dag.py:4180} INFO - Setting next_dagrun for example_task_group_decorator to None, run_after=None
[2024-11-04T14:35:01.985+0000] {processor.py:208} INFO - Processing /home/airflow/.local/lib/python3.12/site-packages/airflow/example_dags/example_task_group_decorator.py took 0.071 seconds
[2024-11-04T14:36:27.894+0000] {processor.py:186} INFO - Started process (PID=264) to work on /home/airflow/.local/lib/python3.12/site-packages/airflow/example_dags/example_task_group_decorator.py
[2024-11-04T14:36:27.897+0000] {processor.py:914} INFO - Processing file /home/airflow/.local/lib/python3.12/site-packages/airflow/example_dags/example_task_group_decorator.py for tasks to queue
[2024-11-04T14:36:27.903+0000] {logging_mixin.py:190} INFO - [2024-11-04T14:36:27.902+0000] {dagbag.py:588} INFO - Filling up the DagBag from /home/airflow/.local/lib/python3.12/site-packages/airflow/example_dags/example_task_group_decorator.py
[2024-11-04T14:36:27.947+0000] {processor.py:925} INFO - DAG(s) 'example_task_group_decorator' retrieved from /home/airflow/.local/lib/python3.12/site-packages/airflow/example_dags/example_task_group_decorator.py
[2024-11-04T14:36:28.142+0000] {logging_mixin.py:190} INFO - [2024-11-04T14:36:28.140+0000] {override.py:1900} INFO - Created Permission View: can delete on DAG:example_task_group_decorator
[2024-11-04T14:36:28.160+0000] {logging_mixin.py:190} INFO - [2024-11-04T14:36:28.160+0000] {override.py:1900} INFO - Created Permission View: can read on DAG:example_task_group_decorator
[2024-11-04T14:36:28.173+0000] {logging_mixin.py:190} INFO - [2024-11-04T14:36:28.173+0000] {override.py:1900} INFO - Created Permission View: can edit on DAG:example_task_group_decorator
[2024-11-04T14:36:28.188+0000] {logging_mixin.py:190} INFO - [2024-11-04T14:36:28.187+0000] {override.py:1900} INFO - Created Permission View: can create on DAG Run:example_task_group_decorator
[2024-11-04T14:36:28.198+0000] {logging_mixin.py:190} INFO - [2024-11-04T14:36:28.198+0000] {override.py:1900} INFO - Created Permission View: can delete on DAG Run:example_task_group_decorator
[2024-11-04T14:36:28.210+0000] {logging_mixin.py:190} INFO - [2024-11-04T14:36:28.210+0000] {override.py:1900} INFO - Created Permission View: can read on DAG Run:example_task_group_decorator
[2024-11-04T14:36:28.222+0000] {logging_mixin.py:190} INFO - [2024-11-04T14:36:28.222+0000] {override.py:1900} INFO - Created Permission View: menu access on DAG Run:example_task_group_decorator
[2024-11-04T14:36:28.224+0000] {logging_mixin.py:190} INFO - [2024-11-04T14:36:28.223+0000] {dag.py:3239} INFO - Sync 1 DAGs
[2024-11-04T14:36:28.244+0000] {logging_mixin.py:190} INFO - [2024-11-04T14:36:28.244+0000] {dag.py:3262} INFO - Creating ORM DAG for example_task_group_decorator
[2024-11-04T14:36:28.245+0000] {logging_mixin.py:190} INFO - [2024-11-04T14:36:28.245+0000] {dag.py:4180} INFO - Setting next_dagrun for example_task_group_decorator to None, run_after=None
[2024-11-04T14:36:28.271+0000] {processor.py:208} INFO - Processing /home/airflow/.local/lib/python3.12/site-packages/airflow/example_dags/example_task_group_decorator.py took 0.390 seconds
[2024-11-04T14:36:58.595+0000] {processor.py:186} INFO - Started process (PID=550) to work on /home/airflow/.local/lib/python3.12/site-packages/airflow/example_dags/example_task_group_decorator.py
[2024-11-04T14:36:58.596+0000] {processor.py:914} INFO - Processing file /home/airflow/.local/lib/python3.12/site-packages/airflow/example_dags/example_task_group_decorator.py for tasks to queue
[2024-11-04T14:36:58.598+0000] {logging_mixin.py:190} INFO - [2024-11-04T14:36:58.598+0000] {dagbag.py:588} INFO - Filling up the DagBag from /home/airflow/.local/lib/python3.12/site-packages/airflow/example_dags/example_task_group_decorator.py
[2024-11-04T14:36:58.610+0000] {processor.py:925} INFO - DAG(s) 'example_task_group_decorator' retrieved from /home/airflow/.local/lib/python3.12/site-packages/airflow/example_dags/example_task_group_decorator.py
[2024-11-04T14:36:58.634+0000] {logging_mixin.py:190} INFO - [2024-11-04T14:36:58.633+0000] {dag.py:3239} INFO - Sync 1 DAGs
[2024-11-04T14:36:58.646+0000] {logging_mixin.py:190} INFO - [2024-11-04T14:36:58.646+0000] {dag.py:4180} INFO - Setting next_dagrun for example_task_group_decorator to None, run_after=None
[2024-11-04T14:36:58.668+0000] {processor.py:208} INFO - Processing /home/airflow/.local/lib/python3.12/site-packages/airflow/example_dags/example_task_group_decorator.py took 0.079 seconds
[2024-11-04T14:37:29.544+0000] {processor.py:186} INFO - Started process (PID=836) to work on /home/airflow/.local/lib/python3.12/site-packages/airflow/example_dags/example_task_group_decorator.py
[2024-11-04T14:37:29.546+0000] {processor.py:914} INFO - Processing file /home/airflow/.local/lib/python3.12/site-packages/airflow/example_dags/example_task_group_decorator.py for tasks to queue
[2024-11-04T14:37:29.551+0000] {logging_mixin.py:190} INFO - [2024-11-04T14:37:29.550+0000] {dagbag.py:588} INFO - Filling up the DagBag from /home/airflow/.local/lib/python3.12/site-packages/airflow/example_dags/example_task_group_decorator.py
[2024-11-04T14:37:29.576+0000] {processor.py:925} INFO - DAG(s) 'example_task_group_decorator' retrieved from /home/airflow/.local/lib/python3.12/site-packages/airflow/example_dags/example_task_group_decorator.py
[2024-11-04T14:37:29.622+0000] {logging_mixin.py:190} INFO - [2024-11-04T14:37:29.622+0000] {dag.py:3239} INFO - Sync 1 DAGs
[2024-11-04T14:37:29.651+0000] {logging_mixin.py:190} INFO - [2024-11-04T14:37:29.651+0000] {dag.py:4180} INFO - Setting next_dagrun for example_task_group_decorator to None, run_after=None
[2024-11-04T14:37:29.687+0000] {processor.py:208} INFO - Processing /home/airflow/.local/lib/python3.12/site-packages/airflow/example_dags/example_task_group_decorator.py took 0.153 seconds
[2024-11-04T14:38:00.206+0000] {processor.py:186} INFO - Started process (PID=1122) to work on /home/airflow/.local/lib/python3.12/site-packages/airflow/example_dags/example_task_group_decorator.py
[2024-11-04T14:38:00.210+0000] {processor.py:914} INFO - Processing file /home/airflow/.local/lib/python3.12/site-packages/airflow/example_dags/example_task_group_decorator.py for tasks to queue
[2024-11-04T14:38:00.219+0000] {logging_mixin.py:190} INFO - [2024-11-04T14:38:00.219+0000] {dagbag.py:588} INFO - Filling up the DagBag from /home/airflow/.local/lib/python3.12/site-packages/airflow/example_dags/example_task_group_decorator.py
[2024-11-04T14:38:00.261+0000] {processor.py:925} INFO - DAG(s) 'example_task_group_decorator' retrieved from /home/airflow/.local/lib/python3.12/site-packages/airflow/example_dags/example_task_group_decorator.py
[2024-11-04T14:38:00.307+0000] {logging_mixin.py:190} INFO - [2024-11-04T14:38:00.307+0000] {dag.py:3239} INFO - Sync 1 DAGs
[2024-11-04T14:38:00.360+0000] {logging_mixin.py:190} INFO - [2024-11-04T14:38:00.359+0000] {dag.py:4180} INFO - Setting next_dagrun for example_task_group_decorator to None, run_after=None
[2024-11-04T14:38:00.402+0000] {processor.py:208} INFO - Processing /home/airflow/.local/lib/python3.12/site-packages/airflow/example_dags/example_task_group_decorator.py took 0.208 seconds
[2024-11-04T14:38:30.741+0000] {processor.py:186} INFO - Started process (PID=1410) to work on /home/airflow/.local/lib/python3.12/site-packages/airflow/example_dags/example_task_group_decorator.py
[2024-11-04T14:38:30.742+0000] {processor.py:914} INFO - Processing file /home/airflow/.local/lib/python3.12/site-packages/airflow/example_dags/example_task_group_decorator.py for tasks to queue
[2024-11-04T14:38:30.745+0000] {logging_mixin.py:190} INFO - [2024-11-04T14:38:30.744+0000] {dagbag.py:588} INFO - Filling up the DagBag from /home/airflow/.local/lib/python3.12/site-packages/airflow/example_dags/example_task_group_decorator.py
[2024-11-04T14:38:30.759+0000] {processor.py:925} INFO - DAG(s) 'example_task_group_decorator' retrieved from /home/airflow/.local/lib/python3.12/site-packages/airflow/example_dags/example_task_group_decorator.py
[2024-11-04T14:38:30.783+0000] {logging_mixin.py:190} INFO - [2024-11-04T14:38:30.783+0000] {dag.py:3239} INFO - Sync 1 DAGs
[2024-11-04T14:38:30.795+0000] {logging_mixin.py:190} INFO - [2024-11-04T14:38:30.794+0000] {dag.py:4180} INFO - Setting next_dagrun for example_task_group_decorator to None, run_after=None
[2024-11-04T14:38:30.810+0000] {processor.py:208} INFO - Processing /home/airflow/.local/lib/python3.12/site-packages/airflow/example_dags/example_task_group_decorator.py took 0.076 seconds
[2024-11-04T14:39:01.381+0000] {processor.py:186} INFO - Started process (PID=1696) to work on /home/airflow/.local/lib/python3.12/site-packages/airflow/example_dags/example_task_group_decorator.py
[2024-11-04T14:39:01.383+0000] {processor.py:914} INFO - Processing file /home/airflow/.local/lib/python3.12/site-packages/airflow/example_dags/example_task_group_decorator.py for tasks to queue
[2024-11-04T14:39:01.386+0000] {logging_mixin.py:190} INFO - [2024-11-04T14:39:01.385+0000] {dagbag.py:588} INFO - Filling up the DagBag from /home/airflow/.local/lib/python3.12/site-packages/airflow/example_dags/example_task_group_decorator.py
[2024-11-04T14:39:01.402+0000] {processor.py:925} INFO - DAG(s) 'example_task_group_decorator' retrieved from /home/airflow/.local/lib/python3.12/site-packages/airflow/example_dags/example_task_group_decorator.py
[2024-11-04T14:39:01.430+0000] {logging_mixin.py:190} INFO - [2024-11-04T14:39:01.430+0000] {dag.py:3239} INFO - Sync 1 DAGs
[2024-11-04T14:39:01.447+0000] {logging_mixin.py:190} INFO - [2024-11-04T14:39:01.447+0000] {dag.py:4180} INFO - Setting next_dagrun for example_task_group_decorator to None, run_after=None
[2024-11-04T14:39:01.470+0000] {processor.py:208} INFO - Processing /home/airflow/.local/lib/python3.12/site-packages/airflow/example_dags/example_task_group_decorator.py took 0.099 seconds
[2024-11-04T14:39:32.257+0000] {processor.py:186} INFO - Started process (PID=1984) to work on /home/airflow/.local/lib/python3.12/site-packages/airflow/example_dags/example_task_group_decorator.py
[2024-11-04T14:39:32.259+0000] {processor.py:914} INFO - Processing file /home/airflow/.local/lib/python3.12/site-packages/airflow/example_dags/example_task_group_decorator.py for tasks to queue
[2024-11-04T14:39:32.261+0000] {logging_mixin.py:190} INFO - [2024-11-04T14:39:32.261+0000] {dagbag.py:588} INFO - Filling up the DagBag from /home/airflow/.local/lib/python3.12/site-packages/airflow/example_dags/example_task_group_decorator.py
[2024-11-04T14:39:32.272+0000] {processor.py:925} INFO - DAG(s) 'example_task_group_decorator' retrieved from /home/airflow/.local/lib/python3.12/site-packages/airflow/example_dags/example_task_group_decorator.py
[2024-11-04T14:39:32.294+0000] {logging_mixin.py:190} INFO - [2024-11-04T14:39:32.294+0000] {dag.py:3239} INFO - Sync 1 DAGs
[2024-11-04T14:39:32.306+0000] {logging_mixin.py:190} INFO - [2024-11-04T14:39:32.306+0000] {dag.py:4180} INFO - Setting next_dagrun for example_task_group_decorator to None, run_after=None
[2024-11-04T14:39:32.324+0000] {processor.py:208} INFO - Processing /home/airflow/.local/lib/python3.12/site-packages/airflow/example_dags/example_task_group_decorator.py took 0.071 seconds
[2024-11-04T14:40:03.275+0000] {processor.py:186} INFO - Started process (PID=2270) to work on /home/airflow/.local/lib/python3.12/site-packages/airflow/example_dags/example_task_group_decorator.py
[2024-11-04T14:40:03.277+0000] {processor.py:914} INFO - Processing file /home/airflow/.local/lib/python3.12/site-packages/airflow/example_dags/example_task_group_decorator.py for tasks to queue
[2024-11-04T14:40:03.279+0000] {logging_mixin.py:190} INFO - [2024-11-04T14:40:03.279+0000] {dagbag.py:588} INFO - Filling up the DagBag from /home/airflow/.local/lib/python3.12/site-packages/airflow/example_dags/example_task_group_decorator.py
[2024-11-04T14:40:03.292+0000] {processor.py:925} INFO - DAG(s) 'example_task_group_decorator' retrieved from /home/airflow/.local/lib/python3.12/site-packages/airflow/example_dags/example_task_group_decorator.py
[2024-11-04T14:40:03.315+0000] {logging_mixin.py:190} INFO - [2024-11-04T14:40:03.314+0000] {dag.py:3239} INFO - Sync 1 DAGs
[2024-11-04T14:40:03.327+0000] {logging_mixin.py:190} INFO - [2024-11-04T14:40:03.327+0000] {dag.py:4180} INFO - Setting next_dagrun for example_task_group_decorator to None, run_after=None
[2024-11-04T14:40:03.348+0000] {processor.py:208} INFO - Processing /home/airflow/.local/lib/python3.12/site-packages/airflow/example_dags/example_task_group_decorator.py took 0.077 seconds
[2024-11-04T14:40:33.652+0000] {processor.py:186} INFO - Started process (PID=2556) to work on /home/airflow/.local/lib/python3.12/site-packages/airflow/example_dags/example_task_group_decorator.py
[2024-11-04T14:40:33.653+0000] {processor.py:914} INFO - Processing file /home/airflow/.local/lib/python3.12/site-packages/airflow/example_dags/example_task_group_decorator.py for tasks to queue
[2024-11-04T14:40:33.656+0000] {logging_mixin.py:190} INFO - [2024-11-04T14:40:33.655+0000] {dagbag.py:588} INFO - Filling up the DagBag from /home/airflow/.local/lib/python3.12/site-packages/airflow/example_dags/example_task_group_decorator.py
[2024-11-04T14:40:33.668+0000] {processor.py:925} INFO - DAG(s) 'example_task_group_decorator' retrieved from /home/airflow/.local/lib/python3.12/site-packages/airflow/example_dags/example_task_group_decorator.py
[2024-11-04T14:40:33.688+0000] {logging_mixin.py:190} INFO - [2024-11-04T14:40:33.688+0000] {dag.py:3239} INFO - Sync 1 DAGs
[2024-11-04T14:40:33.699+0000] {logging_mixin.py:190} INFO - [2024-11-04T14:40:33.699+0000] {dag.py:4180} INFO - Setting next_dagrun for example_task_group_decorator to None, run_after=None
[2024-11-04T14:40:33.718+0000] {processor.py:208} INFO - Processing /home/airflow/.local/lib/python3.12/site-packages/airflow/example_dags/example_task_group_decorator.py took 0.072 seconds
[2024-11-04T14:41:04.462+0000] {processor.py:186} INFO - Started process (PID=2845) to work on /home/airflow/.local/lib/python3.12/site-packages/airflow/example_dags/example_task_group_decorator.py
[2024-11-04T14:41:04.463+0000] {processor.py:914} INFO - Processing file /home/airflow/.local/lib/python3.12/site-packages/airflow/example_dags/example_task_group_decorator.py for tasks to queue
[2024-11-04T14:41:04.467+0000] {logging_mixin.py:190} INFO - [2024-11-04T14:41:04.466+0000] {dagbag.py:588} INFO - Filling up the DagBag from /home/airflow/.local/lib/python3.12/site-packages/airflow/example_dags/example_task_group_decorator.py
[2024-11-04T14:41:04.497+0000] {processor.py:925} INFO - DAG(s) 'example_task_group_decorator' retrieved from /home/airflow/.local/lib/python3.12/site-packages/airflow/example_dags/example_task_group_decorator.py
[2024-11-04T14:41:04.550+0000] {logging_mixin.py:190} INFO - [2024-11-04T14:41:04.549+0000] {dag.py:3239} INFO - Sync 1 DAGs
[2024-11-04T14:41:04.575+0000] {logging_mixin.py:190} INFO - [2024-11-04T14:41:04.575+0000] {dag.py:4180} INFO - Setting next_dagrun for example_task_group_decorator to None, run_after=None
[2024-11-04T14:41:04.614+0000] {processor.py:208} INFO - Processing /home/airflow/.local/lib/python3.12/site-packages/airflow/example_dags/example_task_group_decorator.py took 0.161 seconds
[2024-11-04T14:41:34.689+0000] {processor.py:186} INFO - Started process (PID=3131) to work on /home/airflow/.local/lib/python3.12/site-packages/airflow/example_dags/example_task_group_decorator.py
[2024-11-04T14:41:34.692+0000] {processor.py:914} INFO - Processing file /home/airflow/.local/lib/python3.12/site-packages/airflow/example_dags/example_task_group_decorator.py for tasks to queue
[2024-11-04T14:41:34.695+0000] {logging_mixin.py:190} INFO - [2024-11-04T14:41:34.694+0000] {dagbag.py:588} INFO - Filling up the DagBag from /home/airflow/.local/lib/python3.12/site-packages/airflow/example_dags/example_task_group_decorator.py
[2024-11-04T14:41:34.715+0000] {processor.py:925} INFO - DAG(s) 'example_task_group_decorator' retrieved from /home/airflow/.local/lib/python3.12/site-packages/airflow/example_dags/example_task_group_decorator.py
[2024-11-04T14:41:34.749+0000] {logging_mixin.py:190} INFO - [2024-11-04T14:41:34.748+0000] {dag.py:3239} INFO - Sync 1 DAGs
[2024-11-04T14:41:34.767+0000] {logging_mixin.py:190} INFO - [2024-11-04T14:41:34.767+0000] {dag.py:4180} INFO - Setting next_dagrun for example_task_group_decorator to None, run_after=None
[2024-11-04T14:41:34.800+0000] {processor.py:208} INFO - Processing /home/airflow/.local/lib/python3.12/site-packages/airflow/example_dags/example_task_group_decorator.py took 0.117 seconds
[2024-11-04T14:42:05.088+0000] {processor.py:186} INFO - Started process (PID=3414) to work on /home/airflow/.local/lib/python3.12/site-packages/airflow/example_dags/example_task_group_decorator.py
[2024-11-04T14:42:05.090+0000] {processor.py:914} INFO - Processing file /home/airflow/.local/lib/python3.12/site-packages/airflow/example_dags/example_task_group_decorator.py for tasks to queue
[2024-11-04T14:42:05.092+0000] {logging_mixin.py:190} INFO - [2024-11-04T14:42:05.092+0000] {dagbag.py:588} INFO - Filling up the DagBag from /home/airflow/.local/lib/python3.12/site-packages/airflow/example_dags/example_task_group_decorator.py
[2024-11-04T14:42:05.104+0000] {processor.py:925} INFO - DAG(s) 'example_task_group_decorator' retrieved from /home/airflow/.local/lib/python3.12/site-packages/airflow/example_dags/example_task_group_decorator.py
[2024-11-04T14:42:05.126+0000] {logging_mixin.py:190} INFO - [2024-11-04T14:42:05.126+0000] {dag.py:3239} INFO - Sync 1 DAGs
[2024-11-04T14:42:05.137+0000] {logging_mixin.py:190} INFO - [2024-11-04T14:42:05.137+0000] {dag.py:4180} INFO - Setting next_dagrun for example_task_group_decorator to None, run_after=None
[2024-11-04T14:42:05.155+0000] {processor.py:208} INFO - Processing /home/airflow/.local/lib/python3.12/site-packages/airflow/example_dags/example_task_group_decorator.py took 0.072 seconds
[2024-11-04T14:42:35.874+0000] {processor.py:186} INFO - Started process (PID=3702) to work on /home/airflow/.local/lib/python3.12/site-packages/airflow/example_dags/example_task_group_decorator.py
[2024-11-04T14:42:35.875+0000] {processor.py:914} INFO - Processing file /home/airflow/.local/lib/python3.12/site-packages/airflow/example_dags/example_task_group_decorator.py for tasks to queue
[2024-11-04T14:42:35.877+0000] {logging_mixin.py:190} INFO - [2024-11-04T14:42:35.877+0000] {dagbag.py:588} INFO - Filling up the DagBag from /home/airflow/.local/lib/python3.12/site-packages/airflow/example_dags/example_task_group_decorator.py
[2024-11-04T14:42:35.889+0000] {processor.py:925} INFO - DAG(s) 'example_task_group_decorator' retrieved from /home/airflow/.local/lib/python3.12/site-packages/airflow/example_dags/example_task_group_decorator.py
[2024-11-04T14:42:35.913+0000] {logging_mixin.py:190} INFO - [2024-11-04T14:42:35.912+0000] {dag.py:3239} INFO - Sync 1 DAGs
[2024-11-04T14:42:35.925+0000] {logging_mixin.py:190} INFO - [2024-11-04T14:42:35.925+0000] {dag.py:4180} INFO - Setting next_dagrun for example_task_group_decorator to None, run_after=None
[2024-11-04T14:42:35.945+0000] {processor.py:208} INFO - Processing /home/airflow/.local/lib/python3.12/site-packages/airflow/example_dags/example_task_group_decorator.py took 0.076 seconds
[2024-11-04T14:43:06.486+0000] {processor.py:186} INFO - Started process (PID=3988) to work on /home/airflow/.local/lib/python3.12/site-packages/airflow/example_dags/example_task_group_decorator.py
[2024-11-04T14:43:06.487+0000] {processor.py:914} INFO - Processing file /home/airflow/.local/lib/python3.12/site-packages/airflow/example_dags/example_task_group_decorator.py for tasks to queue
[2024-11-04T14:43:06.490+0000] {logging_mixin.py:190} INFO - [2024-11-04T14:43:06.490+0000] {dagbag.py:588} INFO - Filling up the DagBag from /home/airflow/.local/lib/python3.12/site-packages/airflow/example_dags/example_task_group_decorator.py
[2024-11-04T14:43:06.503+0000] {processor.py:925} INFO - DAG(s) 'example_task_group_decorator' retrieved from /home/airflow/.local/lib/python3.12/site-packages/airflow/example_dags/example_task_group_decorator.py
[2024-11-04T14:43:06.528+0000] {logging_mixin.py:190} INFO - [2024-11-04T14:43:06.528+0000] {dag.py:3239} INFO - Sync 1 DAGs
[2024-11-04T14:43:06.541+0000] {logging_mixin.py:190} INFO - [2024-11-04T14:43:06.541+0000] {dag.py:4180} INFO - Setting next_dagrun for example_task_group_decorator to None, run_after=None
[2024-11-04T14:43:06.561+0000] {processor.py:208} INFO - Processing /home/airflow/.local/lib/python3.12/site-packages/airflow/example_dags/example_task_group_decorator.py took 0.080 seconds
[2024-11-04T14:44:55.284+0000] {processor.py:186} INFO - Started process (PID=271) to work on /home/airflow/.local/lib/python3.12/site-packages/airflow/example_dags/example_task_group_decorator.py
[2024-11-04T14:44:55.286+0000] {processor.py:914} INFO - Processing file /home/airflow/.local/lib/python3.12/site-packages/airflow/example_dags/example_task_group_decorator.py for tasks to queue
[2024-11-04T14:44:55.290+0000] {logging_mixin.py:190} INFO - [2024-11-04T14:44:55.289+0000] {dagbag.py:588} INFO - Filling up the DagBag from /home/airflow/.local/lib/python3.12/site-packages/airflow/example_dags/example_task_group_decorator.py
[2024-11-04T14:44:55.313+0000] {processor.py:925} INFO - DAG(s) 'example_task_group_decorator' retrieved from /home/airflow/.local/lib/python3.12/site-packages/airflow/example_dags/example_task_group_decorator.py
[2024-11-04T14:44:55.458+0000] {logging_mixin.py:190} INFO - [2024-11-04T14:44:55.457+0000] {override.py:1900} INFO - Created Permission View: can delete on DAG:example_task_group_decorator
[2024-11-04T14:44:55.475+0000] {logging_mixin.py:190} INFO - [2024-11-04T14:44:55.474+0000] {override.py:1900} INFO - Created Permission View: can read on DAG:example_task_group_decorator
[2024-11-04T14:44:55.486+0000] {logging_mixin.py:190} INFO - [2024-11-04T14:44:55.485+0000] {override.py:1900} INFO - Created Permission View: can edit on DAG:example_task_group_decorator
[2024-11-04T14:44:55.499+0000] {logging_mixin.py:190} INFO - [2024-11-04T14:44:55.499+0000] {override.py:1900} INFO - Created Permission View: can create on DAG Run:example_task_group_decorator
[2024-11-04T14:44:55.511+0000] {logging_mixin.py:190} INFO - [2024-11-04T14:44:55.511+0000] {override.py:1900} INFO - Created Permission View: can delete on DAG Run:example_task_group_decorator
[2024-11-04T14:44:55.524+0000] {logging_mixin.py:190} INFO - [2024-11-04T14:44:55.524+0000] {override.py:1900} INFO - Created Permission View: menu access on DAG Run:example_task_group_decorator
[2024-11-04T14:44:55.537+0000] {logging_mixin.py:190} INFO - [2024-11-04T14:44:55.536+0000] {override.py:1900} INFO - Created Permission View: can read on DAG Run:example_task_group_decorator
[2024-11-04T14:44:55.538+0000] {logging_mixin.py:190} INFO - [2024-11-04T14:44:55.538+0000] {dag.py:3239} INFO - Sync 1 DAGs
[2024-11-04T14:44:55.557+0000] {logging_mixin.py:190} INFO - [2024-11-04T14:44:55.556+0000] {dag.py:3262} INFO - Creating ORM DAG for example_task_group_decorator
[2024-11-04T14:44:55.558+0000] {logging_mixin.py:190} INFO - [2024-11-04T14:44:55.558+0000] {dag.py:4180} INFO - Setting next_dagrun for example_task_group_decorator to None, run_after=None
[2024-11-04T14:44:55.585+0000] {processor.py:208} INFO - Processing /home/airflow/.local/lib/python3.12/site-packages/airflow/example_dags/example_task_group_decorator.py took 0.309 seconds
[2024-11-04T14:45:26.109+0000] {processor.py:186} INFO - Started process (PID=559) to work on /home/airflow/.local/lib/python3.12/site-packages/airflow/example_dags/example_task_group_decorator.py
[2024-11-04T14:45:26.111+0000] {processor.py:914} INFO - Processing file /home/airflow/.local/lib/python3.12/site-packages/airflow/example_dags/example_task_group_decorator.py for tasks to queue
[2024-11-04T14:45:26.115+0000] {logging_mixin.py:190} INFO - [2024-11-04T14:45:26.115+0000] {dagbag.py:588} INFO - Filling up the DagBag from /home/airflow/.local/lib/python3.12/site-packages/airflow/example_dags/example_task_group_decorator.py
[2024-11-04T14:45:26.138+0000] {processor.py:925} INFO - DAG(s) 'example_task_group_decorator' retrieved from /home/airflow/.local/lib/python3.12/site-packages/airflow/example_dags/example_task_group_decorator.py
[2024-11-04T14:45:26.172+0000] {logging_mixin.py:190} INFO - [2024-11-04T14:45:26.171+0000] {dag.py:3239} INFO - Sync 1 DAGs
[2024-11-04T14:45:26.190+0000] {logging_mixin.py:190} INFO - [2024-11-04T14:45:26.190+0000] {dag.py:4180} INFO - Setting next_dagrun for example_task_group_decorator to None, run_after=None
[2024-11-04T14:45:26.216+0000] {processor.py:208} INFO - Processing /home/airflow/.local/lib/python3.12/site-packages/airflow/example_dags/example_task_group_decorator.py took 0.117 seconds
[2024-11-04T14:45:56.811+0000] {processor.py:186} INFO - Started process (PID=843) to work on /home/airflow/.local/lib/python3.12/site-packages/airflow/example_dags/example_task_group_decorator.py
[2024-11-04T14:45:56.813+0000] {processor.py:914} INFO - Processing file /home/airflow/.local/lib/python3.12/site-packages/airflow/example_dags/example_task_group_decorator.py for tasks to queue
[2024-11-04T14:45:56.815+0000] {logging_mixin.py:190} INFO - [2024-11-04T14:45:56.815+0000] {dagbag.py:588} INFO - Filling up the DagBag from /home/airflow/.local/lib/python3.12/site-packages/airflow/example_dags/example_task_group_decorator.py
[2024-11-04T14:45:56.828+0000] {processor.py:925} INFO - DAG(s) 'example_task_group_decorator' retrieved from /home/airflow/.local/lib/python3.12/site-packages/airflow/example_dags/example_task_group_decorator.py
[2024-11-04T14:45:56.854+0000] {logging_mixin.py:190} INFO - [2024-11-04T14:45:56.853+0000] {dag.py:3239} INFO - Sync 1 DAGs
[2024-11-04T14:45:56.868+0000] {logging_mixin.py:190} INFO - [2024-11-04T14:45:56.867+0000] {dag.py:4180} INFO - Setting next_dagrun for example_task_group_decorator to None, run_after=None
[2024-11-04T14:45:56.892+0000] {processor.py:208} INFO - Processing /home/airflow/.local/lib/python3.12/site-packages/airflow/example_dags/example_task_group_decorator.py took 0.086 seconds
[2024-11-04T14:46:27.022+0000] {processor.py:186} INFO - Started process (PID=1126) to work on /home/airflow/.local/lib/python3.12/site-packages/airflow/example_dags/example_task_group_decorator.py
[2024-11-04T14:46:27.024+0000] {processor.py:914} INFO - Processing file /home/airflow/.local/lib/python3.12/site-packages/airflow/example_dags/example_task_group_decorator.py for tasks to queue
[2024-11-04T14:46:27.026+0000] {logging_mixin.py:190} INFO - [2024-11-04T14:46:27.026+0000] {dagbag.py:588} INFO - Filling up the DagBag from /home/airflow/.local/lib/python3.12/site-packages/airflow/example_dags/example_task_group_decorator.py
[2024-11-04T14:46:27.039+0000] {processor.py:925} INFO - DAG(s) 'example_task_group_decorator' retrieved from /home/airflow/.local/lib/python3.12/site-packages/airflow/example_dags/example_task_group_decorator.py
[2024-11-04T14:46:27.059+0000] {logging_mixin.py:190} INFO - [2024-11-04T14:46:27.059+0000] {dag.py:3239} INFO - Sync 1 DAGs
[2024-11-04T14:46:27.071+0000] {logging_mixin.py:190} INFO - [2024-11-04T14:46:27.071+0000] {dag.py:4180} INFO - Setting next_dagrun for example_task_group_decorator to None, run_after=None
[2024-11-04T14:46:27.091+0000] {processor.py:208} INFO - Processing /home/airflow/.local/lib/python3.12/site-packages/airflow/example_dags/example_task_group_decorator.py took 0.074 seconds
[2024-11-04T14:46:57.532+0000] {processor.py:186} INFO - Started process (PID=1415) to work on /home/airflow/.local/lib/python3.12/site-packages/airflow/example_dags/example_task_group_decorator.py
[2024-11-04T14:46:57.533+0000] {processor.py:914} INFO - Processing file /home/airflow/.local/lib/python3.12/site-packages/airflow/example_dags/example_task_group_decorator.py for tasks to queue
[2024-11-04T14:46:57.536+0000] {logging_mixin.py:190} INFO - [2024-11-04T14:46:57.536+0000] {dagbag.py:588} INFO - Filling up the DagBag from /home/airflow/.local/lib/python3.12/site-packages/airflow/example_dags/example_task_group_decorator.py
[2024-11-04T14:46:57.549+0000] {processor.py:925} INFO - DAG(s) 'example_task_group_decorator' retrieved from /home/airflow/.local/lib/python3.12/site-packages/airflow/example_dags/example_task_group_decorator.py
[2024-11-04T14:46:57.577+0000] {logging_mixin.py:190} INFO - [2024-11-04T14:46:57.577+0000] {dag.py:3239} INFO - Sync 1 DAGs
[2024-11-04T14:46:57.591+0000] {logging_mixin.py:190} INFO - [2024-11-04T14:46:57.591+0000] {dag.py:4180} INFO - Setting next_dagrun for example_task_group_decorator to None, run_after=None
[2024-11-04T14:46:57.615+0000] {processor.py:208} INFO - Processing /home/airflow/.local/lib/python3.12/site-packages/airflow/example_dags/example_task_group_decorator.py took 0.089 seconds
[2024-11-04T14:49:14.581+0000] {processor.py:186} INFO - Started process (PID=264) to work on /home/airflow/.local/lib/python3.12/site-packages/airflow/example_dags/example_task_group_decorator.py
[2024-11-04T14:49:14.583+0000] {processor.py:914} INFO - Processing file /home/airflow/.local/lib/python3.12/site-packages/airflow/example_dags/example_task_group_decorator.py for tasks to queue
[2024-11-04T14:49:14.586+0000] {logging_mixin.py:190} INFO - [2024-11-04T14:49:14.586+0000] {dagbag.py:588} INFO - Filling up the DagBag from /home/airflow/.local/lib/python3.12/site-packages/airflow/example_dags/example_task_group_decorator.py
[2024-11-04T14:49:14.607+0000] {processor.py:925} INFO - DAG(s) 'example_task_group_decorator' retrieved from /home/airflow/.local/lib/python3.12/site-packages/airflow/example_dags/example_task_group_decorator.py
[2024-11-04T14:49:14.761+0000] {logging_mixin.py:190} INFO - [2024-11-04T14:49:14.760+0000] {override.py:1900} INFO - Created Permission View: can edit on DAG:example_task_group_decorator
[2024-11-04T14:49:14.778+0000] {logging_mixin.py:190} INFO - [2024-11-04T14:49:14.777+0000] {override.py:1900} INFO - Created Permission View: can delete on DAG:example_task_group_decorator
[2024-11-04T14:49:14.790+0000] {logging_mixin.py:190} INFO - [2024-11-04T14:49:14.789+0000] {override.py:1900} INFO - Created Permission View: can read on DAG:example_task_group_decorator
[2024-11-04T14:49:14.803+0000] {logging_mixin.py:190} INFO - [2024-11-04T14:49:14.803+0000] {override.py:1900} INFO - Created Permission View: can create on DAG Run:example_task_group_decorator
[2024-11-04T14:49:14.815+0000] {logging_mixin.py:190} INFO - [2024-11-04T14:49:14.815+0000] {override.py:1900} INFO - Created Permission View: can read on DAG Run:example_task_group_decorator
[2024-11-04T14:49:14.827+0000] {logging_mixin.py:190} INFO - [2024-11-04T14:49:14.826+0000] {override.py:1900} INFO - Created Permission View: can delete on DAG Run:example_task_group_decorator
[2024-11-04T14:49:14.838+0000] {logging_mixin.py:190} INFO - [2024-11-04T14:49:14.838+0000] {override.py:1900} INFO - Created Permission View: menu access on DAG Run:example_task_group_decorator
[2024-11-04T14:49:14.840+0000] {logging_mixin.py:190} INFO - [2024-11-04T14:49:14.839+0000] {dag.py:3239} INFO - Sync 1 DAGs
[2024-11-04T14:49:14.856+0000] {logging_mixin.py:190} INFO - [2024-11-04T14:49:14.856+0000] {dag.py:3262} INFO - Creating ORM DAG for example_task_group_decorator
[2024-11-04T14:49:14.858+0000] {logging_mixin.py:190} INFO - [2024-11-04T14:49:14.858+0000] {dag.py:4180} INFO - Setting next_dagrun for example_task_group_decorator to None, run_after=None
[2024-11-04T14:49:14.883+0000] {processor.py:208} INFO - Processing /home/airflow/.local/lib/python3.12/site-packages/airflow/example_dags/example_task_group_decorator.py took 0.311 seconds
