[2024-11-04T14:34:02.476+0000] {processor.py:186} INFO - Started process (PID=293) to work on /home/airflow/.local/lib/python3.12/site-packages/airflow/example_dags/example_bash_operator.py
[2024-11-04T14:34:02.478+0000] {processor.py:914} INFO - Processing file /home/airflow/.local/lib/python3.12/site-packages/airflow/example_dags/example_bash_operator.py for tasks to queue
[2024-11-04T14:34:02.482+0000] {logging_mixin.py:190} INFO - [2024-11-04T14:34:02.481+0000] {dagbag.py:588} INFO - Filling up the DagBag from /home/airflow/.local/lib/python3.12/site-packages/airflow/example_dags/example_bash_operator.py
[2024-11-04T14:34:02.507+0000] {processor.py:925} INFO - DAG(s) 'example_bash_operator' retrieved from /home/airflow/.local/lib/python3.12/site-packages/airflow/example_dags/example_bash_operator.py
[2024-11-04T14:34:02.697+0000] {logging_mixin.py:190} INFO - [2024-11-04T14:34:02.696+0000] {override.py:1900} INFO - Created Permission View: can edit on DAG:example_bash_operator
[2024-11-04T14:34:02.714+0000] {logging_mixin.py:190} INFO - [2024-11-04T14:34:02.714+0000] {override.py:1900} INFO - Created Permission View: can read on DAG:example_bash_operator
[2024-11-04T14:34:02.726+0000] {logging_mixin.py:190} INFO - [2024-11-04T14:34:02.725+0000] {override.py:1900} INFO - Created Permission View: can delete on DAG:example_bash_operator
[2024-11-04T14:34:02.740+0000] {logging_mixin.py:190} INFO - [2024-11-04T14:34:02.739+0000] {override.py:1900} INFO - Created Permission View: can read on DAG Run:example_bash_operator
[2024-11-04T14:34:02.751+0000] {logging_mixin.py:190} INFO - [2024-11-04T14:34:02.751+0000] {override.py:1900} INFO - Created Permission View: can delete on DAG Run:example_bash_operator
[2024-11-04T14:34:02.763+0000] {logging_mixin.py:190} INFO - [2024-11-04T14:34:02.763+0000] {override.py:1900} INFO - Created Permission View: menu access on DAG Run:example_bash_operator
[2024-11-04T14:34:02.775+0000] {logging_mixin.py:190} INFO - [2024-11-04T14:34:02.775+0000] {override.py:1900} INFO - Created Permission View: can create on DAG Run:example_bash_operator
[2024-11-04T14:34:02.776+0000] {logging_mixin.py:190} INFO - [2024-11-04T14:34:02.776+0000] {dag.py:3239} INFO - Sync 1 DAGs
[2024-11-04T14:34:02.794+0000] {logging_mixin.py:190} INFO - [2024-11-04T14:34:02.794+0000] {dag.py:3262} INFO - Creating ORM DAG for example_bash_operator
[2024-11-04T14:34:02.812+0000] {logging_mixin.py:190} INFO - [2024-11-04T14:34:02.811+0000] {dag.py:4180} INFO - Setting next_dagrun for example_bash_operator to 2024-11-03 00:00:00+00:00, run_after=2024-11-04 00:00:00+00:00
[2024-11-04T14:34:02.842+0000] {processor.py:208} INFO - Processing /home/airflow/.local/lib/python3.12/site-packages/airflow/example_dags/example_bash_operator.py took 0.376 seconds
[2024-11-04T14:34:33.239+0000] {processor.py:186} INFO - Started process (PID=581) to work on /home/airflow/.local/lib/python3.12/site-packages/airflow/example_dags/example_bash_operator.py
[2024-11-04T14:34:33.241+0000] {processor.py:914} INFO - Processing file /home/airflow/.local/lib/python3.12/site-packages/airflow/example_dags/example_bash_operator.py for tasks to queue
[2024-11-04T14:34:33.243+0000] {logging_mixin.py:190} INFO - [2024-11-04T14:34:33.243+0000] {dagbag.py:588} INFO - Filling up the DagBag from /home/airflow/.local/lib/python3.12/site-packages/airflow/example_dags/example_bash_operator.py
[2024-11-04T14:34:33.255+0000] {processor.py:925} INFO - DAG(s) 'example_bash_operator' retrieved from /home/airflow/.local/lib/python3.12/site-packages/airflow/example_dags/example_bash_operator.py
[2024-11-04T14:34:33.281+0000] {logging_mixin.py:190} INFO - [2024-11-04T14:34:33.280+0000] {dag.py:3239} INFO - Sync 1 DAGs
[2024-11-04T14:34:33.302+0000] {logging_mixin.py:190} INFO - [2024-11-04T14:34:33.301+0000] {dag.py:4180} INFO - Setting next_dagrun for example_bash_operator to 2024-11-03 00:00:00+00:00, run_after=2024-11-04 00:00:00+00:00
[2024-11-04T14:34:33.319+0000] {processor.py:208} INFO - Processing /home/airflow/.local/lib/python3.12/site-packages/airflow/example_dags/example_bash_operator.py took 0.085 seconds
[2024-11-04T14:35:03.500+0000] {processor.py:186} INFO - Started process (PID=868) to work on /home/airflow/.local/lib/python3.12/site-packages/airflow/example_dags/example_bash_operator.py
[2024-11-04T14:35:03.501+0000] {processor.py:914} INFO - Processing file /home/airflow/.local/lib/python3.12/site-packages/airflow/example_dags/example_bash_operator.py for tasks to queue
[2024-11-04T14:35:03.504+0000] {logging_mixin.py:190} INFO - [2024-11-04T14:35:03.504+0000] {dagbag.py:588} INFO - Filling up the DagBag from /home/airflow/.local/lib/python3.12/site-packages/airflow/example_dags/example_bash_operator.py
[2024-11-04T14:35:03.515+0000] {processor.py:925} INFO - DAG(s) 'example_bash_operator' retrieved from /home/airflow/.local/lib/python3.12/site-packages/airflow/example_dags/example_bash_operator.py
[2024-11-04T14:35:03.538+0000] {logging_mixin.py:190} INFO - [2024-11-04T14:35:03.538+0000] {dag.py:3239} INFO - Sync 1 DAGs
[2024-11-04T14:35:03.558+0000] {logging_mixin.py:190} INFO - [2024-11-04T14:35:03.557+0000] {dag.py:4180} INFO - Setting next_dagrun for example_bash_operator to 2024-11-03 00:00:00+00:00, run_after=2024-11-04 00:00:00+00:00
[2024-11-04T14:35:03.576+0000] {processor.py:208} INFO - Processing /home/airflow/.local/lib/python3.12/site-packages/airflow/example_dags/example_bash_operator.py took 0.082 seconds
[2024-11-04T14:36:29.802+0000] {processor.py:186} INFO - Started process (PID=296) to work on /home/airflow/.local/lib/python3.12/site-packages/airflow/example_dags/example_bash_operator.py
[2024-11-04T14:36:29.804+0000] {processor.py:914} INFO - Processing file /home/airflow/.local/lib/python3.12/site-packages/airflow/example_dags/example_bash_operator.py for tasks to queue
[2024-11-04T14:36:29.810+0000] {logging_mixin.py:190} INFO - [2024-11-04T14:36:29.809+0000] {dagbag.py:588} INFO - Filling up the DagBag from /home/airflow/.local/lib/python3.12/site-packages/airflow/example_dags/example_bash_operator.py
[2024-11-04T14:36:29.832+0000] {processor.py:925} INFO - DAG(s) 'example_bash_operator' retrieved from /home/airflow/.local/lib/python3.12/site-packages/airflow/example_dags/example_bash_operator.py
[2024-11-04T14:36:30.064+0000] {logging_mixin.py:190} INFO - [2024-11-04T14:36:30.063+0000] {override.py:1900} INFO - Created Permission View: can delete on DAG:example_bash_operator
[2024-11-04T14:36:30.085+0000] {logging_mixin.py:190} INFO - [2024-11-04T14:36:30.085+0000] {override.py:1900} INFO - Created Permission View: can read on DAG:example_bash_operator
[2024-11-04T14:36:30.099+0000] {logging_mixin.py:190} INFO - [2024-11-04T14:36:30.099+0000] {override.py:1900} INFO - Created Permission View: can edit on DAG:example_bash_operator
[2024-11-04T14:36:30.115+0000] {logging_mixin.py:190} INFO - [2024-11-04T14:36:30.114+0000] {override.py:1900} INFO - Created Permission View: can create on DAG Run:example_bash_operator
[2024-11-04T14:36:30.129+0000] {logging_mixin.py:190} INFO - [2024-11-04T14:36:30.128+0000] {override.py:1900} INFO - Created Permission View: can delete on DAG Run:example_bash_operator
[2024-11-04T14:36:30.145+0000] {logging_mixin.py:190} INFO - [2024-11-04T14:36:30.144+0000] {override.py:1900} INFO - Created Permission View: can read on DAG Run:example_bash_operator
[2024-11-04T14:36:30.164+0000] {logging_mixin.py:190} INFO - [2024-11-04T14:36:30.163+0000] {override.py:1900} INFO - Created Permission View: menu access on DAG Run:example_bash_operator
[2024-11-04T14:36:30.166+0000] {logging_mixin.py:190} INFO - [2024-11-04T14:36:30.165+0000] {dag.py:3239} INFO - Sync 1 DAGs
[2024-11-04T14:36:30.194+0000] {logging_mixin.py:190} INFO - [2024-11-04T14:36:30.193+0000] {dag.py:3262} INFO - Creating ORM DAG for example_bash_operator
[2024-11-04T14:36:30.225+0000] {logging_mixin.py:190} INFO - [2024-11-04T14:36:30.225+0000] {dag.py:4180} INFO - Setting next_dagrun for example_bash_operator to 2024-11-03 00:00:00+00:00, run_after=2024-11-04 00:00:00+00:00
[2024-11-04T14:36:30.275+0000] {processor.py:208} INFO - Processing /home/airflow/.local/lib/python3.12/site-packages/airflow/example_dags/example_bash_operator.py took 0.481 seconds
[2024-11-04T14:37:01.072+0000] {processor.py:186} INFO - Started process (PID=588) to work on /home/airflow/.local/lib/python3.12/site-packages/airflow/example_dags/example_bash_operator.py
[2024-11-04T14:37:01.074+0000] {processor.py:914} INFO - Processing file /home/airflow/.local/lib/python3.12/site-packages/airflow/example_dags/example_bash_operator.py for tasks to queue
[2024-11-04T14:37:01.076+0000] {logging_mixin.py:190} INFO - [2024-11-04T14:37:01.076+0000] {dagbag.py:588} INFO - Filling up the DagBag from /home/airflow/.local/lib/python3.12/site-packages/airflow/example_dags/example_bash_operator.py
[2024-11-04T14:37:01.088+0000] {processor.py:925} INFO - DAG(s) 'example_bash_operator' retrieved from /home/airflow/.local/lib/python3.12/site-packages/airflow/example_dags/example_bash_operator.py
[2024-11-04T14:37:01.113+0000] {logging_mixin.py:190} INFO - [2024-11-04T14:37:01.113+0000] {dag.py:3239} INFO - Sync 1 DAGs
[2024-11-04T14:37:01.135+0000] {logging_mixin.py:190} INFO - [2024-11-04T14:37:01.134+0000] {dag.py:4180} INFO - Setting next_dagrun for example_bash_operator to 2024-11-03 00:00:00+00:00, run_after=2024-11-04 00:00:00+00:00
[2024-11-04T14:37:01.156+0000] {processor.py:208} INFO - Processing /home/airflow/.local/lib/python3.12/site-packages/airflow/example_dags/example_bash_operator.py took 0.089 seconds
[2024-11-04T14:37:31.363+0000] {processor.py:186} INFO - Started process (PID=874) to work on /home/airflow/.local/lib/python3.12/site-packages/airflow/example_dags/example_bash_operator.py
[2024-11-04T14:37:31.365+0000] {processor.py:914} INFO - Processing file /home/airflow/.local/lib/python3.12/site-packages/airflow/example_dags/example_bash_operator.py for tasks to queue
[2024-11-04T14:37:31.369+0000] {logging_mixin.py:190} INFO - [2024-11-04T14:37:31.368+0000] {dagbag.py:588} INFO - Filling up the DagBag from /home/airflow/.local/lib/python3.12/site-packages/airflow/example_dags/example_bash_operator.py
[2024-11-04T14:37:31.384+0000] {processor.py:925} INFO - DAG(s) 'example_bash_operator' retrieved from /home/airflow/.local/lib/python3.12/site-packages/airflow/example_dags/example_bash_operator.py
[2024-11-04T14:37:31.421+0000] {logging_mixin.py:190} INFO - [2024-11-04T14:37:31.420+0000] {dag.py:3239} INFO - Sync 1 DAGs
[2024-11-04T14:37:31.452+0000] {logging_mixin.py:190} INFO - [2024-11-04T14:37:31.452+0000] {dag.py:4180} INFO - Setting next_dagrun for example_bash_operator to 2024-11-03 00:00:00+00:00, run_after=2024-11-04 00:00:00+00:00
[2024-11-04T14:37:31.480+0000] {processor.py:208} INFO - Processing /home/airflow/.local/lib/python3.12/site-packages/airflow/example_dags/example_bash_operator.py took 0.124 seconds
[2024-11-04T14:38:01.751+0000] {processor.py:186} INFO - Started process (PID=1163) to work on /home/airflow/.local/lib/python3.12/site-packages/airflow/example_dags/example_bash_operator.py
[2024-11-04T14:38:01.753+0000] {processor.py:914} INFO - Processing file /home/airflow/.local/lib/python3.12/site-packages/airflow/example_dags/example_bash_operator.py for tasks to queue
[2024-11-04T14:38:01.759+0000] {logging_mixin.py:190} INFO - [2024-11-04T14:38:01.758+0000] {dagbag.py:588} INFO - Filling up the DagBag from /home/airflow/.local/lib/python3.12/site-packages/airflow/example_dags/example_bash_operator.py
[2024-11-04T14:38:01.788+0000] {processor.py:925} INFO - DAG(s) 'example_bash_operator' retrieved from /home/airflow/.local/lib/python3.12/site-packages/airflow/example_dags/example_bash_operator.py
[2024-11-04T14:38:01.855+0000] {logging_mixin.py:190} INFO - [2024-11-04T14:38:01.854+0000] {dag.py:3239} INFO - Sync 1 DAGs
[2024-11-04T14:38:01.926+0000] {logging_mixin.py:190} INFO - [2024-11-04T14:38:01.925+0000] {dag.py:4180} INFO - Setting next_dagrun for example_bash_operator to 2024-11-03 00:00:00+00:00, run_after=2024-11-04 00:00:00+00:00
[2024-11-04T14:38:01.973+0000] {processor.py:208} INFO - Processing /home/airflow/.local/lib/python3.12/site-packages/airflow/example_dags/example_bash_operator.py took 0.235 seconds
[2024-11-04T14:38:32.181+0000] {processor.py:186} INFO - Started process (PID=1445) to work on /home/airflow/.local/lib/python3.12/site-packages/airflow/example_dags/example_bash_operator.py
[2024-11-04T14:38:32.182+0000] {processor.py:914} INFO - Processing file /home/airflow/.local/lib/python3.12/site-packages/airflow/example_dags/example_bash_operator.py for tasks to queue
[2024-11-04T14:38:32.185+0000] {logging_mixin.py:190} INFO - [2024-11-04T14:38:32.185+0000] {dagbag.py:588} INFO - Filling up the DagBag from /home/airflow/.local/lib/python3.12/site-packages/airflow/example_dags/example_bash_operator.py
[2024-11-04T14:38:32.197+0000] {processor.py:925} INFO - DAG(s) 'example_bash_operator' retrieved from /home/airflow/.local/lib/python3.12/site-packages/airflow/example_dags/example_bash_operator.py
[2024-11-04T14:38:32.223+0000] {logging_mixin.py:190} INFO - [2024-11-04T14:38:32.222+0000] {dag.py:3239} INFO - Sync 1 DAGs
[2024-11-04T14:38:32.243+0000] {logging_mixin.py:190} INFO - [2024-11-04T14:38:32.242+0000] {dag.py:4180} INFO - Setting next_dagrun for example_bash_operator to 2024-11-03 00:00:00+00:00, run_after=2024-11-04 00:00:00+00:00
[2024-11-04T14:38:32.262+0000] {processor.py:208} INFO - Processing /home/airflow/.local/lib/python3.12/site-packages/airflow/example_dags/example_bash_operator.py took 0.086 seconds
[2024-11-04T14:39:02.901+0000] {processor.py:186} INFO - Started process (PID=1731) to work on /home/airflow/.local/lib/python3.12/site-packages/airflow/example_dags/example_bash_operator.py
[2024-11-04T14:39:02.903+0000] {processor.py:914} INFO - Processing file /home/airflow/.local/lib/python3.12/site-packages/airflow/example_dags/example_bash_operator.py for tasks to queue
[2024-11-04T14:39:02.907+0000] {logging_mixin.py:190} INFO - [2024-11-04T14:39:02.906+0000] {dagbag.py:588} INFO - Filling up the DagBag from /home/airflow/.local/lib/python3.12/site-packages/airflow/example_dags/example_bash_operator.py
[2024-11-04T14:39:02.923+0000] {processor.py:925} INFO - DAG(s) 'example_bash_operator' retrieved from /home/airflow/.local/lib/python3.12/site-packages/airflow/example_dags/example_bash_operator.py
[2024-11-04T14:39:02.961+0000] {logging_mixin.py:190} INFO - [2024-11-04T14:39:02.960+0000] {dag.py:3239} INFO - Sync 1 DAGs
[2024-11-04T14:39:02.997+0000] {logging_mixin.py:190} INFO - [2024-11-04T14:39:02.996+0000] {dag.py:4180} INFO - Setting next_dagrun for example_bash_operator to 2024-11-03 00:00:00+00:00, run_after=2024-11-04 00:00:00+00:00
[2024-11-04T14:39:03.028+0000] {processor.py:208} INFO - Processing /home/airflow/.local/lib/python3.12/site-packages/airflow/example_dags/example_bash_operator.py took 0.135 seconds
[2024-11-04T14:39:33.665+0000] {processor.py:186} INFO - Started process (PID=2017) to work on /home/airflow/.local/lib/python3.12/site-packages/airflow/example_dags/example_bash_operator.py
[2024-11-04T14:39:33.667+0000] {processor.py:914} INFO - Processing file /home/airflow/.local/lib/python3.12/site-packages/airflow/example_dags/example_bash_operator.py for tasks to queue
[2024-11-04T14:39:33.670+0000] {logging_mixin.py:190} INFO - [2024-11-04T14:39:33.670+0000] {dagbag.py:588} INFO - Filling up the DagBag from /home/airflow/.local/lib/python3.12/site-packages/airflow/example_dags/example_bash_operator.py
[2024-11-04T14:39:33.682+0000] {processor.py:925} INFO - DAG(s) 'example_bash_operator' retrieved from /home/airflow/.local/lib/python3.12/site-packages/airflow/example_dags/example_bash_operator.py
[2024-11-04T14:39:33.708+0000] {logging_mixin.py:190} INFO - [2024-11-04T14:39:33.708+0000] {dag.py:3239} INFO - Sync 1 DAGs
[2024-11-04T14:39:33.731+0000] {logging_mixin.py:190} INFO - [2024-11-04T14:39:33.731+0000] {dag.py:4180} INFO - Setting next_dagrun for example_bash_operator to 2024-11-03 00:00:00+00:00, run_after=2024-11-04 00:00:00+00:00
[2024-11-04T14:39:33.754+0000] {processor.py:208} INFO - Processing /home/airflow/.local/lib/python3.12/site-packages/airflow/example_dags/example_bash_operator.py took 0.095 seconds
[2024-11-04T14:40:04.054+0000] {processor.py:186} INFO - Started process (PID=2305) to work on /home/airflow/.local/lib/python3.12/site-packages/airflow/example_dags/example_bash_operator.py
[2024-11-04T14:40:04.055+0000] {processor.py:914} INFO - Processing file /home/airflow/.local/lib/python3.12/site-packages/airflow/example_dags/example_bash_operator.py for tasks to queue
[2024-11-04T14:40:04.057+0000] {logging_mixin.py:190} INFO - [2024-11-04T14:40:04.057+0000] {dagbag.py:588} INFO - Filling up the DagBag from /home/airflow/.local/lib/python3.12/site-packages/airflow/example_dags/example_bash_operator.py
[2024-11-04T14:40:04.072+0000] {processor.py:925} INFO - DAG(s) 'example_bash_operator' retrieved from /home/airflow/.local/lib/python3.12/site-packages/airflow/example_dags/example_bash_operator.py
[2024-11-04T14:40:04.097+0000] {logging_mixin.py:190} INFO - [2024-11-04T14:40:04.096+0000] {dag.py:3239} INFO - Sync 1 DAGs
[2024-11-04T14:40:04.127+0000] {logging_mixin.py:190} INFO - [2024-11-04T14:40:04.126+0000] {dag.py:4180} INFO - Setting next_dagrun for example_bash_operator to 2024-11-03 00:00:00+00:00, run_after=2024-11-04 00:00:00+00:00
[2024-11-04T14:40:04.154+0000] {processor.py:208} INFO - Processing /home/airflow/.local/lib/python3.12/site-packages/airflow/example_dags/example_bash_operator.py took 0.108 seconds
[2024-11-04T14:40:34.208+0000] {processor.py:186} INFO - Started process (PID=2594) to work on /home/airflow/.local/lib/python3.12/site-packages/airflow/example_dags/example_bash_operator.py
[2024-11-04T14:40:34.210+0000] {processor.py:914} INFO - Processing file /home/airflow/.local/lib/python3.12/site-packages/airflow/example_dags/example_bash_operator.py for tasks to queue
[2024-11-04T14:40:34.212+0000] {logging_mixin.py:190} INFO - [2024-11-04T14:40:34.212+0000] {dagbag.py:588} INFO - Filling up the DagBag from /home/airflow/.local/lib/python3.12/site-packages/airflow/example_dags/example_bash_operator.py
[2024-11-04T14:40:34.222+0000] {processor.py:925} INFO - DAG(s) 'example_bash_operator' retrieved from /home/airflow/.local/lib/python3.12/site-packages/airflow/example_dags/example_bash_operator.py
[2024-11-04T14:40:34.246+0000] {logging_mixin.py:190} INFO - [2024-11-04T14:40:34.246+0000] {dag.py:3239} INFO - Sync 1 DAGs
[2024-11-04T14:40:34.267+0000] {logging_mixin.py:190} INFO - [2024-11-04T14:40:34.267+0000] {dag.py:4180} INFO - Setting next_dagrun for example_bash_operator to 2024-11-03 00:00:00+00:00, run_after=2024-11-04 00:00:00+00:00
[2024-11-04T14:40:34.285+0000] {processor.py:208} INFO - Processing /home/airflow/.local/lib/python3.12/site-packages/airflow/example_dags/example_bash_operator.py took 0.082 seconds
[2024-11-04T14:41:05.617+0000] {processor.py:186} INFO - Started process (PID=2875) to work on /home/airflow/.local/lib/python3.12/site-packages/airflow/example_dags/example_bash_operator.py
[2024-11-04T14:41:05.619+0000] {processor.py:914} INFO - Processing file /home/airflow/.local/lib/python3.12/site-packages/airflow/example_dags/example_bash_operator.py for tasks to queue
[2024-11-04T14:41:05.626+0000] {logging_mixin.py:190} INFO - [2024-11-04T14:41:05.625+0000] {dagbag.py:588} INFO - Filling up the DagBag from /home/airflow/.local/lib/python3.12/site-packages/airflow/example_dags/example_bash_operator.py
[2024-11-04T14:41:05.660+0000] {processor.py:925} INFO - DAG(s) 'example_bash_operator' retrieved from /home/airflow/.local/lib/python3.12/site-packages/airflow/example_dags/example_bash_operator.py
[2024-11-04T14:41:05.800+0000] {logging_mixin.py:190} INFO - [2024-11-04T14:41:05.799+0000] {dag.py:3239} INFO - Sync 1 DAGs
[2024-11-04T14:41:05.960+0000] {logging_mixin.py:190} INFO - [2024-11-04T14:41:05.960+0000] {dag.py:4180} INFO - Setting next_dagrun for example_bash_operator to 2024-11-03 00:00:00+00:00, run_after=2024-11-04 00:00:00+00:00
[2024-11-04T14:41:06.063+0000] {processor.py:208} INFO - Processing /home/airflow/.local/lib/python3.12/site-packages/airflow/example_dags/example_bash_operator.py took 0.465 seconds
[2024-11-04T14:41:36.472+0000] {processor.py:186} INFO - Started process (PID=3163) to work on /home/airflow/.local/lib/python3.12/site-packages/airflow/example_dags/example_bash_operator.py
[2024-11-04T14:41:36.481+0000] {processor.py:914} INFO - Processing file /home/airflow/.local/lib/python3.12/site-packages/airflow/example_dags/example_bash_operator.py for tasks to queue
[2024-11-04T14:41:36.489+0000] {logging_mixin.py:190} INFO - [2024-11-04T14:41:36.488+0000] {dagbag.py:588} INFO - Filling up the DagBag from /home/airflow/.local/lib/python3.12/site-packages/airflow/example_dags/example_bash_operator.py
[2024-11-04T14:41:36.526+0000] {processor.py:925} INFO - DAG(s) 'example_bash_operator' retrieved from /home/airflow/.local/lib/python3.12/site-packages/airflow/example_dags/example_bash_operator.py
[2024-11-04T14:41:36.626+0000] {logging_mixin.py:190} INFO - [2024-11-04T14:41:36.625+0000] {dag.py:3239} INFO - Sync 1 DAGs
[2024-11-04T14:41:36.710+0000] {logging_mixin.py:190} INFO - [2024-11-04T14:41:36.710+0000] {dag.py:4180} INFO - Setting next_dagrun for example_bash_operator to 2024-11-03 00:00:00+00:00, run_after=2024-11-04 00:00:00+00:00
[2024-11-04T14:41:36.777+0000] {processor.py:208} INFO - Processing /home/airflow/.local/lib/python3.12/site-packages/airflow/example_dags/example_bash_operator.py took 0.329 seconds
[2024-11-04T14:42:07.716+0000] {processor.py:186} INFO - Started process (PID=3449) to work on /home/airflow/.local/lib/python3.12/site-packages/airflow/example_dags/example_bash_operator.py
[2024-11-04T14:42:07.718+0000] {processor.py:914} INFO - Processing file /home/airflow/.local/lib/python3.12/site-packages/airflow/example_dags/example_bash_operator.py for tasks to queue
[2024-11-04T14:42:07.721+0000] {logging_mixin.py:190} INFO - [2024-11-04T14:42:07.720+0000] {dagbag.py:588} INFO - Filling up the DagBag from /home/airflow/.local/lib/python3.12/site-packages/airflow/example_dags/example_bash_operator.py
[2024-11-04T14:42:07.733+0000] {processor.py:925} INFO - DAG(s) 'example_bash_operator' retrieved from /home/airflow/.local/lib/python3.12/site-packages/airflow/example_dags/example_bash_operator.py
[2024-11-04T14:42:07.759+0000] {logging_mixin.py:190} INFO - [2024-11-04T14:42:07.758+0000] {dag.py:3239} INFO - Sync 1 DAGs
[2024-11-04T14:42:07.782+0000] {logging_mixin.py:190} INFO - [2024-11-04T14:42:07.782+0000] {dag.py:4180} INFO - Setting next_dagrun for example_bash_operator to 2024-11-03 00:00:00+00:00, run_after=2024-11-04 00:00:00+00:00
[2024-11-04T14:42:07.802+0000] {processor.py:208} INFO - Processing /home/airflow/.local/lib/python3.12/site-packages/airflow/example_dags/example_bash_operator.py took 0.092 seconds
[2024-11-04T14:42:38.278+0000] {processor.py:186} INFO - Started process (PID=3734) to work on /home/airflow/.local/lib/python3.12/site-packages/airflow/example_dags/example_bash_operator.py
[2024-11-04T14:42:38.280+0000] {processor.py:914} INFO - Processing file /home/airflow/.local/lib/python3.12/site-packages/airflow/example_dags/example_bash_operator.py for tasks to queue
[2024-11-04T14:42:38.282+0000] {logging_mixin.py:190} INFO - [2024-11-04T14:42:38.282+0000] {dagbag.py:588} INFO - Filling up the DagBag from /home/airflow/.local/lib/python3.12/site-packages/airflow/example_dags/example_bash_operator.py
[2024-11-04T14:42:38.292+0000] {processor.py:925} INFO - DAG(s) 'example_bash_operator' retrieved from /home/airflow/.local/lib/python3.12/site-packages/airflow/example_dags/example_bash_operator.py
[2024-11-04T14:42:38.315+0000] {logging_mixin.py:190} INFO - [2024-11-04T14:42:38.314+0000] {dag.py:3239} INFO - Sync 1 DAGs
[2024-11-04T14:42:38.337+0000] {logging_mixin.py:190} INFO - [2024-11-04T14:42:38.337+0000] {dag.py:4180} INFO - Setting next_dagrun for example_bash_operator to 2024-11-03 00:00:00+00:00, run_after=2024-11-04 00:00:00+00:00
[2024-11-04T14:42:38.358+0000] {processor.py:208} INFO - Processing /home/airflow/.local/lib/python3.12/site-packages/airflow/example_dags/example_bash_operator.py took 0.085 seconds
[2024-11-04T14:43:08.945+0000] {processor.py:186} INFO - Started process (PID=4020) to work on /home/airflow/.local/lib/python3.12/site-packages/airflow/example_dags/example_bash_operator.py
[2024-11-04T14:43:08.947+0000] {processor.py:914} INFO - Processing file /home/airflow/.local/lib/python3.12/site-packages/airflow/example_dags/example_bash_operator.py for tasks to queue
[2024-11-04T14:43:08.949+0000] {logging_mixin.py:190} INFO - [2024-11-04T14:43:08.949+0000] {dagbag.py:588} INFO - Filling up the DagBag from /home/airflow/.local/lib/python3.12/site-packages/airflow/example_dags/example_bash_operator.py
[2024-11-04T14:43:08.962+0000] {processor.py:925} INFO - DAG(s) 'example_bash_operator' retrieved from /home/airflow/.local/lib/python3.12/site-packages/airflow/example_dags/example_bash_operator.py
[2024-11-04T14:43:08.989+0000] {logging_mixin.py:190} INFO - [2024-11-04T14:43:08.989+0000] {dag.py:3239} INFO - Sync 1 DAGs
[2024-11-04T14:43:09.014+0000] {logging_mixin.py:190} INFO - [2024-11-04T14:43:09.014+0000] {dag.py:4180} INFO - Setting next_dagrun for example_bash_operator to 2024-11-03 00:00:00+00:00, run_after=2024-11-04 00:00:00+00:00
[2024-11-04T14:43:09.035+0000] {processor.py:208} INFO - Processing /home/airflow/.local/lib/python3.12/site-packages/airflow/example_dags/example_bash_operator.py took 0.095 seconds
[2024-11-04T14:44:56.496+0000] {processor.py:186} INFO - Started process (PID=301) to work on /home/airflow/.local/lib/python3.12/site-packages/airflow/example_dags/example_bash_operator.py
[2024-11-04T14:44:56.498+0000] {processor.py:914} INFO - Processing file /home/airflow/.local/lib/python3.12/site-packages/airflow/example_dags/example_bash_operator.py for tasks to queue
[2024-11-04T14:44:56.502+0000] {logging_mixin.py:190} INFO - [2024-11-04T14:44:56.501+0000] {dagbag.py:588} INFO - Filling up the DagBag from /home/airflow/.local/lib/python3.12/site-packages/airflow/example_dags/example_bash_operator.py
[2024-11-04T14:44:56.524+0000] {processor.py:925} INFO - DAG(s) 'example_bash_operator' retrieved from /home/airflow/.local/lib/python3.12/site-packages/airflow/example_dags/example_bash_operator.py
[2024-11-04T14:44:56.695+0000] {logging_mixin.py:190} INFO - [2024-11-04T14:44:56.694+0000] {override.py:1900} INFO - Created Permission View: can delete on DAG:example_bash_operator
[2024-11-04T14:44:56.713+0000] {logging_mixin.py:190} INFO - [2024-11-04T14:44:56.712+0000] {override.py:1900} INFO - Created Permission View: can read on DAG:example_bash_operator
[2024-11-04T14:44:56.726+0000] {logging_mixin.py:190} INFO - [2024-11-04T14:44:56.725+0000] {override.py:1900} INFO - Created Permission View: can edit on DAG:example_bash_operator
[2024-11-04T14:44:56.739+0000] {logging_mixin.py:190} INFO - [2024-11-04T14:44:56.738+0000] {override.py:1900} INFO - Created Permission View: can create on DAG Run:example_bash_operator
[2024-11-04T14:44:56.751+0000] {logging_mixin.py:190} INFO - [2024-11-04T14:44:56.750+0000] {override.py:1900} INFO - Created Permission View: can delete on DAG Run:example_bash_operator
[2024-11-04T14:44:56.764+0000] {logging_mixin.py:190} INFO - [2024-11-04T14:44:56.763+0000] {override.py:1900} INFO - Created Permission View: menu access on DAG Run:example_bash_operator
[2024-11-04T14:44:56.779+0000] {logging_mixin.py:190} INFO - [2024-11-04T14:44:56.778+0000] {override.py:1900} INFO - Created Permission View: can read on DAG Run:example_bash_operator
[2024-11-04T14:44:56.780+0000] {logging_mixin.py:190} INFO - [2024-11-04T14:44:56.780+0000] {dag.py:3239} INFO - Sync 1 DAGs
[2024-11-04T14:44:56.801+0000] {logging_mixin.py:190} INFO - [2024-11-04T14:44:56.800+0000] {dag.py:3262} INFO - Creating ORM DAG for example_bash_operator
[2024-11-04T14:44:56.818+0000] {logging_mixin.py:190} INFO - [2024-11-04T14:44:56.818+0000] {dag.py:4180} INFO - Setting next_dagrun for example_bash_operator to 2024-11-03 00:00:00+00:00, run_after=2024-11-04 00:00:00+00:00
[2024-11-04T14:44:56.848+0000] {processor.py:208} INFO - Processing /home/airflow/.local/lib/python3.12/site-packages/airflow/example_dags/example_bash_operator.py took 0.362 seconds
[2024-11-04T14:45:27.064+0000] {processor.py:186} INFO - Started process (PID=589) to work on /home/airflow/.local/lib/python3.12/site-packages/airflow/example_dags/example_bash_operator.py
[2024-11-04T14:45:27.066+0000] {processor.py:914} INFO - Processing file /home/airflow/.local/lib/python3.12/site-packages/airflow/example_dags/example_bash_operator.py for tasks to queue
[2024-11-04T14:45:27.070+0000] {logging_mixin.py:190} INFO - [2024-11-04T14:45:27.069+0000] {dagbag.py:588} INFO - Filling up the DagBag from /home/airflow/.local/lib/python3.12/site-packages/airflow/example_dags/example_bash_operator.py
[2024-11-04T14:45:27.090+0000] {processor.py:925} INFO - DAG(s) 'example_bash_operator' retrieved from /home/airflow/.local/lib/python3.12/site-packages/airflow/example_dags/example_bash_operator.py
[2024-11-04T14:45:27.127+0000] {logging_mixin.py:190} INFO - [2024-11-04T14:45:27.127+0000] {dag.py:3239} INFO - Sync 1 DAGs
[2024-11-04T14:45:27.161+0000] {logging_mixin.py:190} INFO - [2024-11-04T14:45:27.161+0000] {dag.py:4180} INFO - Setting next_dagrun for example_bash_operator to 2024-11-03 00:00:00+00:00, run_after=2024-11-04 00:00:00+00:00
[2024-11-04T14:45:27.186+0000] {processor.py:208} INFO - Processing /home/airflow/.local/lib/python3.12/site-packages/airflow/example_dags/example_bash_operator.py took 0.132 seconds
[2024-11-04T14:45:57.312+0000] {processor.py:186} INFO - Started process (PID=875) to work on /home/airflow/.local/lib/python3.12/site-packages/airflow/example_dags/example_bash_operator.py
[2024-11-04T14:45:57.313+0000] {processor.py:914} INFO - Processing file /home/airflow/.local/lib/python3.12/site-packages/airflow/example_dags/example_bash_operator.py for tasks to queue
[2024-11-04T14:45:57.316+0000] {logging_mixin.py:190} INFO - [2024-11-04T14:45:57.315+0000] {dagbag.py:588} INFO - Filling up the DagBag from /home/airflow/.local/lib/python3.12/site-packages/airflow/example_dags/example_bash_operator.py
[2024-11-04T14:45:57.326+0000] {processor.py:925} INFO - DAG(s) 'example_bash_operator' retrieved from /home/airflow/.local/lib/python3.12/site-packages/airflow/example_dags/example_bash_operator.py
[2024-11-04T14:45:57.348+0000] {logging_mixin.py:190} INFO - [2024-11-04T14:45:57.348+0000] {dag.py:3239} INFO - Sync 1 DAGs
[2024-11-04T14:45:57.367+0000] {logging_mixin.py:190} INFO - [2024-11-04T14:45:57.367+0000] {dag.py:4180} INFO - Setting next_dagrun for example_bash_operator to 2024-11-03 00:00:00+00:00, run_after=2024-11-04 00:00:00+00:00
[2024-11-04T14:45:57.383+0000] {processor.py:208} INFO - Processing /home/airflow/.local/lib/python3.12/site-packages/airflow/example_dags/example_bash_operator.py took 0.076 seconds
[2024-11-04T14:46:27.574+0000] {processor.py:186} INFO - Started process (PID=1159) to work on /home/airflow/.local/lib/python3.12/site-packages/airflow/example_dags/example_bash_operator.py
[2024-11-04T14:46:27.576+0000] {processor.py:914} INFO - Processing file /home/airflow/.local/lib/python3.12/site-packages/airflow/example_dags/example_bash_operator.py for tasks to queue
[2024-11-04T14:46:27.579+0000] {logging_mixin.py:190} INFO - [2024-11-04T14:46:27.578+0000] {dagbag.py:588} INFO - Filling up the DagBag from /home/airflow/.local/lib/python3.12/site-packages/airflow/example_dags/example_bash_operator.py
[2024-11-04T14:46:27.593+0000] {processor.py:925} INFO - DAG(s) 'example_bash_operator' retrieved from /home/airflow/.local/lib/python3.12/site-packages/airflow/example_dags/example_bash_operator.py
[2024-11-04T14:46:27.620+0000] {logging_mixin.py:190} INFO - [2024-11-04T14:46:27.620+0000] {dag.py:3239} INFO - Sync 1 DAGs
[2024-11-04T14:46:27.645+0000] {logging_mixin.py:190} INFO - [2024-11-04T14:46:27.645+0000] {dag.py:4180} INFO - Setting next_dagrun for example_bash_operator to 2024-11-03 00:00:00+00:00, run_after=2024-11-04 00:00:00+00:00
[2024-11-04T14:46:27.669+0000] {processor.py:208} INFO - Processing /home/airflow/.local/lib/python3.12/site-packages/airflow/example_dags/example_bash_operator.py took 0.102 seconds
[2024-11-04T14:46:58.186+0000] {processor.py:186} INFO - Started process (PID=1447) to work on /home/airflow/.local/lib/python3.12/site-packages/airflow/example_dags/example_bash_operator.py
[2024-11-04T14:46:58.188+0000] {processor.py:914} INFO - Processing file /home/airflow/.local/lib/python3.12/site-packages/airflow/example_dags/example_bash_operator.py for tasks to queue
[2024-11-04T14:46:58.192+0000] {logging_mixin.py:190} INFO - [2024-11-04T14:46:58.191+0000] {dagbag.py:588} INFO - Filling up the DagBag from /home/airflow/.local/lib/python3.12/site-packages/airflow/example_dags/example_bash_operator.py
[2024-11-04T14:46:58.202+0000] {processor.py:925} INFO - DAG(s) 'example_bash_operator' retrieved from /home/airflow/.local/lib/python3.12/site-packages/airflow/example_dags/example_bash_operator.py
[2024-11-04T14:46:58.228+0000] {logging_mixin.py:190} INFO - [2024-11-04T14:46:58.228+0000] {dag.py:3239} INFO - Sync 1 DAGs
[2024-11-04T14:46:58.249+0000] {logging_mixin.py:190} INFO - [2024-11-04T14:46:58.249+0000] {dag.py:4180} INFO - Setting next_dagrun for example_bash_operator to 2024-11-03 00:00:00+00:00, run_after=2024-11-04 00:00:00+00:00
[2024-11-04T14:46:58.270+0000] {processor.py:208} INFO - Processing /home/airflow/.local/lib/python3.12/site-packages/airflow/example_dags/example_bash_operator.py took 0.088 seconds
[2024-11-04T14:49:16.036+0000] {processor.py:186} INFO - Started process (PID=294) to work on /home/airflow/.local/lib/python3.12/site-packages/airflow/example_dags/example_bash_operator.py
[2024-11-04T14:49:16.038+0000] {processor.py:914} INFO - Processing file /home/airflow/.local/lib/python3.12/site-packages/airflow/example_dags/example_bash_operator.py for tasks to queue
[2024-11-04T14:49:16.041+0000] {logging_mixin.py:190} INFO - [2024-11-04T14:49:16.041+0000] {dagbag.py:588} INFO - Filling up the DagBag from /home/airflow/.local/lib/python3.12/site-packages/airflow/example_dags/example_bash_operator.py
[2024-11-04T14:49:16.060+0000] {processor.py:925} INFO - DAG(s) 'example_bash_operator' retrieved from /home/airflow/.local/lib/python3.12/site-packages/airflow/example_dags/example_bash_operator.py
[2024-11-04T14:49:16.211+0000] {logging_mixin.py:190} INFO - [2024-11-04T14:49:16.210+0000] {override.py:1900} INFO - Created Permission View: can edit on DAG:example_bash_operator
[2024-11-04T14:49:16.227+0000] {logging_mixin.py:190} INFO - [2024-11-04T14:49:16.227+0000] {override.py:1900} INFO - Created Permission View: can delete on DAG:example_bash_operator
[2024-11-04T14:49:16.239+0000] {logging_mixin.py:190} INFO - [2024-11-04T14:49:16.239+0000] {override.py:1900} INFO - Created Permission View: can read on DAG:example_bash_operator
[2024-11-04T14:49:16.255+0000] {logging_mixin.py:190} INFO - [2024-11-04T14:49:16.254+0000] {override.py:1900} INFO - Created Permission View: can create on DAG Run:example_bash_operator
[2024-11-04T14:49:16.267+0000] {logging_mixin.py:190} INFO - [2024-11-04T14:49:16.267+0000] {override.py:1900} INFO - Created Permission View: can read on DAG Run:example_bash_operator
[2024-11-04T14:49:16.279+0000] {logging_mixin.py:190} INFO - [2024-11-04T14:49:16.279+0000] {override.py:1900} INFO - Created Permission View: can delete on DAG Run:example_bash_operator
[2024-11-04T14:49:16.291+0000] {logging_mixin.py:190} INFO - [2024-11-04T14:49:16.291+0000] {override.py:1900} INFO - Created Permission View: menu access on DAG Run:example_bash_operator
[2024-11-04T14:49:16.293+0000] {logging_mixin.py:190} INFO - [2024-11-04T14:49:16.292+0000] {dag.py:3239} INFO - Sync 1 DAGs
[2024-11-04T14:49:16.311+0000] {logging_mixin.py:190} INFO - [2024-11-04T14:49:16.310+0000] {dag.py:3262} INFO - Creating ORM DAG for example_bash_operator
[2024-11-04T14:49:16.328+0000] {logging_mixin.py:190} INFO - [2024-11-04T14:49:16.327+0000] {dag.py:4180} INFO - Setting next_dagrun for example_bash_operator to 2024-11-03 00:00:00+00:00, run_after=2024-11-04 00:00:00+00:00
[2024-11-04T14:49:16.360+0000] {processor.py:208} INFO - Processing /home/airflow/.local/lib/python3.12/site-packages/airflow/example_dags/example_bash_operator.py took 0.335 seconds
