[2024-11-04T14:34:02.905+0000] {processor.py:186} INFO - Started process (PID=303) to work on /home/airflow/.local/lib/python3.12/site-packages/airflow/example_dags/example_branch_python_dop_operator_3.py
[2024-11-04T14:34:02.907+0000] {processor.py:914} INFO - Processing file /home/airflow/.local/lib/python3.12/site-packages/airflow/example_dags/example_branch_python_dop_operator_3.py for tasks to queue
[2024-11-04T14:34:02.911+0000] {logging_mixin.py:190} INFO - [2024-11-04T14:34:02.910+0000] {dagbag.py:588} INFO - Filling up the DagBag from /home/airflow/.local/lib/python3.12/site-packages/airflow/example_dags/example_branch_python_dop_operator_3.py
[2024-11-04T14:34:02.931+0000] {processor.py:925} INFO - DAG(s) 'example_branch_dop_operator_v3' retrieved from /home/airflow/.local/lib/python3.12/site-packages/airflow/example_dags/example_branch_python_dop_operator_3.py
[2024-11-04T14:34:03.098+0000] {logging_mixin.py:190} INFO - [2024-11-04T14:34:03.098+0000] {override.py:1900} INFO - Created Permission View: can edit on DAG:example_branch_dop_operator_v3
[2024-11-04T14:34:03.116+0000] {logging_mixin.py:190} INFO - [2024-11-04T14:34:03.116+0000] {override.py:1900} INFO - Created Permission View: can read on DAG:example_branch_dop_operator_v3
[2024-11-04T14:34:03.129+0000] {logging_mixin.py:190} INFO - [2024-11-04T14:34:03.128+0000] {override.py:1900} INFO - Created Permission View: can delete on DAG:example_branch_dop_operator_v3
[2024-11-04T14:34:03.143+0000] {logging_mixin.py:190} INFO - [2024-11-04T14:34:03.143+0000] {override.py:1900} INFO - Created Permission View: can read on DAG Run:example_branch_dop_operator_v3
[2024-11-04T14:34:03.155+0000] {logging_mixin.py:190} INFO - [2024-11-04T14:34:03.154+0000] {override.py:1900} INFO - Created Permission View: can delete on DAG Run:example_branch_dop_operator_v3
[2024-11-04T14:34:03.167+0000] {logging_mixin.py:190} INFO - [2024-11-04T14:34:03.167+0000] {override.py:1900} INFO - Created Permission View: menu access on DAG Run:example_branch_dop_operator_v3
[2024-11-04T14:34:03.180+0000] {logging_mixin.py:190} INFO - [2024-11-04T14:34:03.180+0000] {override.py:1900} INFO - Created Permission View: can create on DAG Run:example_branch_dop_operator_v3
[2024-11-04T14:34:03.182+0000] {logging_mixin.py:190} INFO - [2024-11-04T14:34:03.181+0000] {dag.py:3239} INFO - Sync 1 DAGs
[2024-11-04T14:34:03.203+0000] {logging_mixin.py:190} INFO - [2024-11-04T14:34:03.202+0000] {dag.py:3262} INFO - Creating ORM DAG for example_branch_dop_operator_v3
[2024-11-04T14:34:03.224+0000] {logging_mixin.py:190} INFO - [2024-11-04T14:34:03.223+0000] {dag.py:4180} INFO - Setting next_dagrun for example_branch_dop_operator_v3 to 2024-11-04 14:33:00+00:00, run_after=2024-11-04 14:34:00+00:00
[2024-11-04T14:34:03.257+0000] {processor.py:208} INFO - Processing /home/airflow/.local/lib/python3.12/site-packages/airflow/example_dags/example_branch_python_dop_operator_3.py took 0.360 seconds
[2024-11-04T14:34:33.376+0000] {processor.py:186} INFO - Started process (PID=589) to work on /home/airflow/.local/lib/python3.12/site-packages/airflow/example_dags/example_branch_python_dop_operator_3.py
[2024-11-04T14:34:33.377+0000] {processor.py:914} INFO - Processing file /home/airflow/.local/lib/python3.12/site-packages/airflow/example_dags/example_branch_python_dop_operator_3.py for tasks to queue
[2024-11-04T14:34:33.379+0000] {logging_mixin.py:190} INFO - [2024-11-04T14:34:33.379+0000] {dagbag.py:588} INFO - Filling up the DagBag from /home/airflow/.local/lib/python3.12/site-packages/airflow/example_dags/example_branch_python_dop_operator_3.py
[2024-11-04T14:34:33.388+0000] {processor.py:925} INFO - DAG(s) 'example_branch_dop_operator_v3' retrieved from /home/airflow/.local/lib/python3.12/site-packages/airflow/example_dags/example_branch_python_dop_operator_3.py
[2024-11-04T14:34:33.408+0000] {logging_mixin.py:190} INFO - [2024-11-04T14:34:33.408+0000] {dag.py:3239} INFO - Sync 1 DAGs
[2024-11-04T14:34:33.429+0000] {logging_mixin.py:190} INFO - [2024-11-04T14:34:33.429+0000] {dag.py:4180} INFO - Setting next_dagrun for example_branch_dop_operator_v3 to 2024-11-04 14:33:00+00:00, run_after=2024-11-04 14:34:00+00:00
[2024-11-04T14:34:33.452+0000] {processor.py:208} INFO - Processing /home/airflow/.local/lib/python3.12/site-packages/airflow/example_dags/example_branch_python_dop_operator_3.py took 0.081 seconds
[2024-11-04T14:35:03.624+0000] {processor.py:186} INFO - Started process (PID=878) to work on /home/airflow/.local/lib/python3.12/site-packages/airflow/example_dags/example_branch_python_dop_operator_3.py
[2024-11-04T14:35:03.625+0000] {processor.py:914} INFO - Processing file /home/airflow/.local/lib/python3.12/site-packages/airflow/example_dags/example_branch_python_dop_operator_3.py for tasks to queue
[2024-11-04T14:35:03.628+0000] {logging_mixin.py:190} INFO - [2024-11-04T14:35:03.628+0000] {dagbag.py:588} INFO - Filling up the DagBag from /home/airflow/.local/lib/python3.12/site-packages/airflow/example_dags/example_branch_python_dop_operator_3.py
[2024-11-04T14:35:03.636+0000] {processor.py:925} INFO - DAG(s) 'example_branch_dop_operator_v3' retrieved from /home/airflow/.local/lib/python3.12/site-packages/airflow/example_dags/example_branch_python_dop_operator_3.py
[2024-11-04T14:35:03.654+0000] {logging_mixin.py:190} INFO - [2024-11-04T14:35:03.654+0000] {dag.py:3239} INFO - Sync 1 DAGs
[2024-11-04T14:35:03.674+0000] {logging_mixin.py:190} INFO - [2024-11-04T14:35:03.674+0000] {dag.py:4180} INFO - Setting next_dagrun for example_branch_dop_operator_v3 to 2024-11-04 14:34:00+00:00, run_after=2024-11-04 14:35:00+00:00
[2024-11-04T14:35:03.691+0000] {processor.py:208} INFO - Processing /home/airflow/.local/lib/python3.12/site-packages/airflow/example_dags/example_branch_python_dop_operator_3.py took 0.073 seconds
[2024-11-04T14:36:30.351+0000] {processor.py:186} INFO - Started process (PID=312) to work on /home/airflow/.local/lib/python3.12/site-packages/airflow/example_dags/example_branch_python_dop_operator_3.py
[2024-11-04T14:36:30.353+0000] {processor.py:914} INFO - Processing file /home/airflow/.local/lib/python3.12/site-packages/airflow/example_dags/example_branch_python_dop_operator_3.py for tasks to queue
[2024-11-04T14:36:30.359+0000] {logging_mixin.py:190} INFO - [2024-11-04T14:36:30.358+0000] {dagbag.py:588} INFO - Filling up the DagBag from /home/airflow/.local/lib/python3.12/site-packages/airflow/example_dags/example_branch_python_dop_operator_3.py
[2024-11-04T14:36:30.382+0000] {processor.py:925} INFO - DAG(s) 'example_branch_dop_operator_v3' retrieved from /home/airflow/.local/lib/python3.12/site-packages/airflow/example_dags/example_branch_python_dop_operator_3.py
[2024-11-04T14:36:30.655+0000] {logging_mixin.py:190} INFO - [2024-11-04T14:36:30.654+0000] {override.py:1900} INFO - Created Permission View: can delete on DAG:example_branch_dop_operator_v3
[2024-11-04T14:36:30.680+0000] {logging_mixin.py:190} INFO - [2024-11-04T14:36:30.679+0000] {override.py:1900} INFO - Created Permission View: can read on DAG:example_branch_dop_operator_v3
[2024-11-04T14:36:30.701+0000] {logging_mixin.py:190} INFO - [2024-11-04T14:36:30.701+0000] {override.py:1900} INFO - Created Permission View: can edit on DAG:example_branch_dop_operator_v3
[2024-11-04T14:36:30.725+0000] {logging_mixin.py:190} INFO - [2024-11-04T14:36:30.724+0000] {override.py:1900} INFO - Created Permission View: can create on DAG Run:example_branch_dop_operator_v3
[2024-11-04T14:36:30.748+0000] {logging_mixin.py:190} INFO - [2024-11-04T14:36:30.745+0000] {override.py:1900} INFO - Created Permission View: can delete on DAG Run:example_branch_dop_operator_v3
[2024-11-04T14:36:30.770+0000] {logging_mixin.py:190} INFO - [2024-11-04T14:36:30.769+0000] {override.py:1900} INFO - Created Permission View: can read on DAG Run:example_branch_dop_operator_v3
[2024-11-04T14:36:30.790+0000] {logging_mixin.py:190} INFO - [2024-11-04T14:36:30.789+0000] {override.py:1900} INFO - Created Permission View: menu access on DAG Run:example_branch_dop_operator_v3
[2024-11-04T14:36:30.792+0000] {logging_mixin.py:190} INFO - [2024-11-04T14:36:30.791+0000] {dag.py:3239} INFO - Sync 1 DAGs
[2024-11-04T14:36:30.826+0000] {logging_mixin.py:190} INFO - [2024-11-04T14:36:30.826+0000] {dag.py:3262} INFO - Creating ORM DAG for example_branch_dop_operator_v3
[2024-11-04T14:36:30.853+0000] {logging_mixin.py:190} INFO - [2024-11-04T14:36:30.852+0000] {dag.py:4180} INFO - Setting next_dagrun for example_branch_dop_operator_v3 to 2024-11-04 14:35:00+00:00, run_after=2024-11-04 14:36:00+00:00
[2024-11-04T14:36:30.886+0000] {processor.py:208} INFO - Processing /home/airflow/.local/lib/python3.12/site-packages/airflow/example_dags/example_branch_python_dop_operator_3.py took 0.547 seconds
[2024-11-04T14:37:01.196+0000] {processor.py:186} INFO - Started process (PID=598) to work on /home/airflow/.local/lib/python3.12/site-packages/airflow/example_dags/example_branch_python_dop_operator_3.py
[2024-11-04T14:37:01.197+0000] {processor.py:914} INFO - Processing file /home/airflow/.local/lib/python3.12/site-packages/airflow/example_dags/example_branch_python_dop_operator_3.py for tasks to queue
[2024-11-04T14:37:01.200+0000] {logging_mixin.py:190} INFO - [2024-11-04T14:37:01.199+0000] {dagbag.py:588} INFO - Filling up the DagBag from /home/airflow/.local/lib/python3.12/site-packages/airflow/example_dags/example_branch_python_dop_operator_3.py
[2024-11-04T14:37:01.208+0000] {processor.py:925} INFO - DAG(s) 'example_branch_dop_operator_v3' retrieved from /home/airflow/.local/lib/python3.12/site-packages/airflow/example_dags/example_branch_python_dop_operator_3.py
[2024-11-04T14:37:01.227+0000] {logging_mixin.py:190} INFO - [2024-11-04T14:37:01.227+0000] {dag.py:3239} INFO - Sync 1 DAGs
[2024-11-04T14:37:01.251+0000] {logging_mixin.py:190} INFO - [2024-11-04T14:37:01.250+0000] {dag.py:4180} INFO - Setting next_dagrun for example_branch_dop_operator_v3 to 2024-11-04 14:36:00+00:00, run_after=2024-11-04 14:37:00+00:00
[2024-11-04T14:37:01.268+0000] {processor.py:208} INFO - Processing /home/airflow/.local/lib/python3.12/site-packages/airflow/example_dags/example_branch_python_dop_operator_3.py took 0.077 seconds
[2024-11-04T14:37:31.543+0000] {processor.py:186} INFO - Started process (PID=884) to work on /home/airflow/.local/lib/python3.12/site-packages/airflow/example_dags/example_branch_python_dop_operator_3.py
[2024-11-04T14:37:31.545+0000] {processor.py:914} INFO - Processing file /home/airflow/.local/lib/python3.12/site-packages/airflow/example_dags/example_branch_python_dop_operator_3.py for tasks to queue
[2024-11-04T14:37:31.549+0000] {logging_mixin.py:190} INFO - [2024-11-04T14:37:31.549+0000] {dagbag.py:588} INFO - Filling up the DagBag from /home/airflow/.local/lib/python3.12/site-packages/airflow/example_dags/example_branch_python_dop_operator_3.py
[2024-11-04T14:37:31.563+0000] {processor.py:925} INFO - DAG(s) 'example_branch_dop_operator_v3' retrieved from /home/airflow/.local/lib/python3.12/site-packages/airflow/example_dags/example_branch_python_dop_operator_3.py
[2024-11-04T14:37:31.591+0000] {logging_mixin.py:190} INFO - [2024-11-04T14:37:31.591+0000] {dag.py:3239} INFO - Sync 1 DAGs
[2024-11-04T14:37:31.624+0000] {logging_mixin.py:190} INFO - [2024-11-04T14:37:31.624+0000] {dag.py:4180} INFO - Setting next_dagrun for example_branch_dop_operator_v3 to 2024-11-04 14:36:00+00:00, run_after=2024-11-04 14:37:00+00:00
[2024-11-04T14:37:31.653+0000] {processor.py:208} INFO - Processing /home/airflow/.local/lib/python3.12/site-packages/airflow/example_dags/example_branch_python_dop_operator_3.py took 0.118 seconds
[2024-11-04T14:38:01.801+0000] {processor.py:186} INFO - Started process (PID=1168) to work on /home/airflow/.local/lib/python3.12/site-packages/airflow/example_dags/example_branch_python_dop_operator_3.py
[2024-11-04T14:38:01.803+0000] {processor.py:914} INFO - Processing file /home/airflow/.local/lib/python3.12/site-packages/airflow/example_dags/example_branch_python_dop_operator_3.py for tasks to queue
[2024-11-04T14:38:01.809+0000] {logging_mixin.py:190} INFO - [2024-11-04T14:38:01.808+0000] {dagbag.py:588} INFO - Filling up the DagBag from /home/airflow/.local/lib/python3.12/site-packages/airflow/example_dags/example_branch_python_dop_operator_3.py
[2024-11-04T14:38:01.835+0000] {processor.py:925} INFO - DAG(s) 'example_branch_dop_operator_v3' retrieved from /home/airflow/.local/lib/python3.12/site-packages/airflow/example_dags/example_branch_python_dop_operator_3.py
[2024-11-04T14:38:01.889+0000] {logging_mixin.py:190} INFO - [2024-11-04T14:38:01.888+0000] {dag.py:3239} INFO - Sync 1 DAGs
[2024-11-04T14:38:01.946+0000] {logging_mixin.py:190} INFO - [2024-11-04T14:38:01.945+0000] {dag.py:4180} INFO - Setting next_dagrun for example_branch_dop_operator_v3 to 2024-11-04 14:37:00+00:00, run_after=2024-11-04 14:38:00+00:00
[2024-11-04T14:38:01.998+0000] {processor.py:208} INFO - Processing /home/airflow/.local/lib/python3.12/site-packages/airflow/example_dags/example_branch_python_dop_operator_3.py took 0.211 seconds
[2024-11-04T14:38:32.305+0000] {processor.py:186} INFO - Started process (PID=1455) to work on /home/airflow/.local/lib/python3.12/site-packages/airflow/example_dags/example_branch_python_dop_operator_3.py
[2024-11-04T14:38:32.306+0000] {processor.py:914} INFO - Processing file /home/airflow/.local/lib/python3.12/site-packages/airflow/example_dags/example_branch_python_dop_operator_3.py for tasks to queue
[2024-11-04T14:38:32.309+0000] {logging_mixin.py:190} INFO - [2024-11-04T14:38:32.309+0000] {dagbag.py:588} INFO - Filling up the DagBag from /home/airflow/.local/lib/python3.12/site-packages/airflow/example_dags/example_branch_python_dop_operator_3.py
[2024-11-04T14:38:32.318+0000] {processor.py:925} INFO - DAG(s) 'example_branch_dop_operator_v3' retrieved from /home/airflow/.local/lib/python3.12/site-packages/airflow/example_dags/example_branch_python_dop_operator_3.py
[2024-11-04T14:38:32.338+0000] {logging_mixin.py:190} INFO - [2024-11-04T14:38:32.337+0000] {dag.py:3239} INFO - Sync 1 DAGs
[2024-11-04T14:38:32.358+0000] {logging_mixin.py:190} INFO - [2024-11-04T14:38:32.358+0000] {dag.py:4180} INFO - Setting next_dagrun for example_branch_dop_operator_v3 to 2024-11-04 14:37:00+00:00, run_after=2024-11-04 14:38:00+00:00
[2024-11-04T14:38:32.378+0000] {processor.py:208} INFO - Processing /home/airflow/.local/lib/python3.12/site-packages/airflow/example_dags/example_branch_python_dop_operator_3.py took 0.079 seconds
[2024-11-04T14:39:03.085+0000] {processor.py:186} INFO - Started process (PID=1741) to work on /home/airflow/.local/lib/python3.12/site-packages/airflow/example_dags/example_branch_python_dop_operator_3.py
[2024-11-04T14:39:03.086+0000] {processor.py:914} INFO - Processing file /home/airflow/.local/lib/python3.12/site-packages/airflow/example_dags/example_branch_python_dop_operator_3.py for tasks to queue
[2024-11-04T14:39:03.089+0000] {logging_mixin.py:190} INFO - [2024-11-04T14:39:03.089+0000] {dagbag.py:588} INFO - Filling up the DagBag from /home/airflow/.local/lib/python3.12/site-packages/airflow/example_dags/example_branch_python_dop_operator_3.py
[2024-11-04T14:39:03.106+0000] {processor.py:925} INFO - DAG(s) 'example_branch_dop_operator_v3' retrieved from /home/airflow/.local/lib/python3.12/site-packages/airflow/example_dags/example_branch_python_dop_operator_3.py
[2024-11-04T14:39:03.146+0000] {logging_mixin.py:190} INFO - [2024-11-04T14:39:03.145+0000] {dag.py:3239} INFO - Sync 1 DAGs
[2024-11-04T14:39:03.185+0000] {logging_mixin.py:190} INFO - [2024-11-04T14:39:03.185+0000] {dag.py:4180} INFO - Setting next_dagrun for example_branch_dop_operator_v3 to 2024-11-04 14:38:00+00:00, run_after=2024-11-04 14:39:00+00:00
[2024-11-04T14:39:03.215+0000] {processor.py:208} INFO - Processing /home/airflow/.local/lib/python3.12/site-packages/airflow/example_dags/example_branch_python_dop_operator_3.py took 0.137 seconds
[2024-11-04T14:39:33.802+0000] {processor.py:186} INFO - Started process (PID=2027) to work on /home/airflow/.local/lib/python3.12/site-packages/airflow/example_dags/example_branch_python_dop_operator_3.py
[2024-11-04T14:39:33.803+0000] {processor.py:914} INFO - Processing file /home/airflow/.local/lib/python3.12/site-packages/airflow/example_dags/example_branch_python_dop_operator_3.py for tasks to queue
[2024-11-04T14:39:33.807+0000] {logging_mixin.py:190} INFO - [2024-11-04T14:39:33.807+0000] {dagbag.py:588} INFO - Filling up the DagBag from /home/airflow/.local/lib/python3.12/site-packages/airflow/example_dags/example_branch_python_dop_operator_3.py
[2024-11-04T14:39:33.817+0000] {processor.py:925} INFO - DAG(s) 'example_branch_dop_operator_v3' retrieved from /home/airflow/.local/lib/python3.12/site-packages/airflow/example_dags/example_branch_python_dop_operator_3.py
[2024-11-04T14:39:33.838+0000] {logging_mixin.py:190} INFO - [2024-11-04T14:39:33.838+0000] {dag.py:3239} INFO - Sync 1 DAGs
[2024-11-04T14:39:33.862+0000] {logging_mixin.py:190} INFO - [2024-11-04T14:39:33.862+0000] {dag.py:4180} INFO - Setting next_dagrun for example_branch_dop_operator_v3 to 2024-11-04 14:38:00+00:00, run_after=2024-11-04 14:39:00+00:00
[2024-11-04T14:39:33.882+0000] {processor.py:208} INFO - Processing /home/airflow/.local/lib/python3.12/site-packages/airflow/example_dags/example_branch_python_dop_operator_3.py took 0.086 seconds
[2024-11-04T14:40:04.223+0000] {processor.py:186} INFO - Started process (PID=2315) to work on /home/airflow/.local/lib/python3.12/site-packages/airflow/example_dags/example_branch_python_dop_operator_3.py
[2024-11-04T14:40:04.225+0000] {processor.py:914} INFO - Processing file /home/airflow/.local/lib/python3.12/site-packages/airflow/example_dags/example_branch_python_dop_operator_3.py for tasks to queue
[2024-11-04T14:40:04.228+0000] {logging_mixin.py:190} INFO - [2024-11-04T14:40:04.227+0000] {dagbag.py:588} INFO - Filling up the DagBag from /home/airflow/.local/lib/python3.12/site-packages/airflow/example_dags/example_branch_python_dop_operator_3.py
[2024-11-04T14:40:04.241+0000] {processor.py:925} INFO - DAG(s) 'example_branch_dop_operator_v3' retrieved from /home/airflow/.local/lib/python3.12/site-packages/airflow/example_dags/example_branch_python_dop_operator_3.py
[2024-11-04T14:40:04.266+0000] {logging_mixin.py:190} INFO - [2024-11-04T14:40:04.265+0000] {dag.py:3239} INFO - Sync 1 DAGs
[2024-11-04T14:40:04.295+0000] {logging_mixin.py:190} INFO - [2024-11-04T14:40:04.295+0000] {dag.py:4180} INFO - Setting next_dagrun for example_branch_dop_operator_v3 to 2024-11-04 14:39:00+00:00, run_after=2024-11-04 14:40:00+00:00
[2024-11-04T14:40:04.321+0000] {processor.py:208} INFO - Processing /home/airflow/.local/lib/python3.12/site-packages/airflow/example_dags/example_branch_python_dop_operator_3.py took 0.107 seconds
[2024-11-04T14:40:35.327+0000] {processor.py:186} INFO - Started process (PID=2601) to work on /home/airflow/.local/lib/python3.12/site-packages/airflow/example_dags/example_branch_python_dop_operator_3.py
[2024-11-04T14:40:35.328+0000] {processor.py:914} INFO - Processing file /home/airflow/.local/lib/python3.12/site-packages/airflow/example_dags/example_branch_python_dop_operator_3.py for tasks to queue
[2024-11-04T14:40:35.331+0000] {logging_mixin.py:190} INFO - [2024-11-04T14:40:35.331+0000] {dagbag.py:588} INFO - Filling up the DagBag from /home/airflow/.local/lib/python3.12/site-packages/airflow/example_dags/example_branch_python_dop_operator_3.py
[2024-11-04T14:40:35.340+0000] {processor.py:925} INFO - DAG(s) 'example_branch_dop_operator_v3' retrieved from /home/airflow/.local/lib/python3.12/site-packages/airflow/example_dags/example_branch_python_dop_operator_3.py
[2024-11-04T14:40:35.359+0000] {logging_mixin.py:190} INFO - [2024-11-04T14:40:35.359+0000] {dag.py:3239} INFO - Sync 1 DAGs
[2024-11-04T14:40:35.390+0000] {logging_mixin.py:190} INFO - [2024-11-04T14:40:35.390+0000] {dag.py:4180} INFO - Setting next_dagrun for example_branch_dop_operator_v3 to 2024-11-04 14:39:00+00:00, run_after=2024-11-04 14:40:00+00:00
[2024-11-04T14:40:35.415+0000] {processor.py:208} INFO - Processing /home/airflow/.local/lib/python3.12/site-packages/airflow/example_dags/example_branch_python_dop_operator_3.py took 0.093 seconds
[2024-11-04T14:41:06.215+0000] {processor.py:186} INFO - Started process (PID=2885) to work on /home/airflow/.local/lib/python3.12/site-packages/airflow/example_dags/example_branch_python_dop_operator_3.py
[2024-11-04T14:41:06.233+0000] {processor.py:914} INFO - Processing file /home/airflow/.local/lib/python3.12/site-packages/airflow/example_dags/example_branch_python_dop_operator_3.py for tasks to queue
[2024-11-04T14:41:06.250+0000] {logging_mixin.py:190} INFO - [2024-11-04T14:41:06.249+0000] {dagbag.py:588} INFO - Filling up the DagBag from /home/airflow/.local/lib/python3.12/site-packages/airflow/example_dags/example_branch_python_dop_operator_3.py
[2024-11-04T14:41:06.297+0000] {processor.py:925} INFO - DAG(s) 'example_branch_dop_operator_v3' retrieved from /home/airflow/.local/lib/python3.12/site-packages/airflow/example_dags/example_branch_python_dop_operator_3.py
[2024-11-04T14:41:06.410+0000] {logging_mixin.py:190} INFO - [2024-11-04T14:41:06.409+0000] {dag.py:3239} INFO - Sync 1 DAGs
[2024-11-04T14:41:07.065+0000] {logging_mixin.py:190} INFO - [2024-11-04T14:41:07.065+0000] {dag.py:4180} INFO - Setting next_dagrun for example_branch_dop_operator_v3 to 2024-11-04 14:40:00+00:00, run_after=2024-11-04 14:41:00+00:00
[2024-11-04T14:41:07.257+0000] {processor.py:208} INFO - Processing /home/airflow/.local/lib/python3.12/site-packages/airflow/example_dags/example_branch_python_dop_operator_3.py took 1.062 seconds
[2024-11-04T14:41:37.426+0000] {processor.py:186} INFO - Started process (PID=3171) to work on /home/airflow/.local/lib/python3.12/site-packages/airflow/example_dags/example_branch_python_dop_operator_3.py
[2024-11-04T14:41:37.429+0000] {processor.py:914} INFO - Processing file /home/airflow/.local/lib/python3.12/site-packages/airflow/example_dags/example_branch_python_dop_operator_3.py for tasks to queue
[2024-11-04T14:41:37.434+0000] {logging_mixin.py:190} INFO - [2024-11-04T14:41:37.434+0000] {dagbag.py:588} INFO - Filling up the DagBag from /home/airflow/.local/lib/python3.12/site-packages/airflow/example_dags/example_branch_python_dop_operator_3.py
[2024-11-04T14:41:37.453+0000] {processor.py:925} INFO - DAG(s) 'example_branch_dop_operator_v3' retrieved from /home/airflow/.local/lib/python3.12/site-packages/airflow/example_dags/example_branch_python_dop_operator_3.py
[2024-11-04T14:41:37.491+0000] {logging_mixin.py:190} INFO - [2024-11-04T14:41:37.490+0000] {dag.py:3239} INFO - Sync 1 DAGs
[2024-11-04T14:41:37.534+0000] {logging_mixin.py:190} INFO - [2024-11-04T14:41:37.534+0000] {dag.py:4180} INFO - Setting next_dagrun for example_branch_dop_operator_v3 to 2024-11-04 14:40:00+00:00, run_after=2024-11-04 14:41:00+00:00
[2024-11-04T14:41:37.577+0000] {processor.py:208} INFO - Processing /home/airflow/.local/lib/python3.12/site-packages/airflow/example_dags/example_branch_python_dop_operator_3.py took 0.162 seconds
[2024-11-04T14:42:07.851+0000] {processor.py:186} INFO - Started process (PID=3459) to work on /home/airflow/.local/lib/python3.12/site-packages/airflow/example_dags/example_branch_python_dop_operator_3.py
[2024-11-04T14:42:07.852+0000] {processor.py:914} INFO - Processing file /home/airflow/.local/lib/python3.12/site-packages/airflow/example_dags/example_branch_python_dop_operator_3.py for tasks to queue
[2024-11-04T14:42:07.854+0000] {logging_mixin.py:190} INFO - [2024-11-04T14:42:07.854+0000] {dagbag.py:588} INFO - Filling up the DagBag from /home/airflow/.local/lib/python3.12/site-packages/airflow/example_dags/example_branch_python_dop_operator_3.py
[2024-11-04T14:42:07.863+0000] {processor.py:925} INFO - DAG(s) 'example_branch_dop_operator_v3' retrieved from /home/airflow/.local/lib/python3.12/site-packages/airflow/example_dags/example_branch_python_dop_operator_3.py
[2024-11-04T14:42:07.883+0000] {logging_mixin.py:190} INFO - [2024-11-04T14:42:07.883+0000] {dag.py:3239} INFO - Sync 1 DAGs
[2024-11-04T14:42:07.904+0000] {logging_mixin.py:190} INFO - [2024-11-04T14:42:07.904+0000] {dag.py:4180} INFO - Setting next_dagrun for example_branch_dop_operator_v3 to 2024-11-04 14:41:00+00:00, run_after=2024-11-04 14:42:00+00:00
[2024-11-04T14:42:07.925+0000] {processor.py:208} INFO - Processing /home/airflow/.local/lib/python3.12/site-packages/airflow/example_dags/example_branch_python_dop_operator_3.py took 0.079 seconds
[2024-11-04T14:42:38.412+0000] {processor.py:186} INFO - Started process (PID=3744) to work on /home/airflow/.local/lib/python3.12/site-packages/airflow/example_dags/example_branch_python_dop_operator_3.py
[2024-11-04T14:42:38.414+0000] {processor.py:914} INFO - Processing file /home/airflow/.local/lib/python3.12/site-packages/airflow/example_dags/example_branch_python_dop_operator_3.py for tasks to queue
[2024-11-04T14:42:38.417+0000] {logging_mixin.py:190} INFO - [2024-11-04T14:42:38.416+0000] {dagbag.py:588} INFO - Filling up the DagBag from /home/airflow/.local/lib/python3.12/site-packages/airflow/example_dags/example_branch_python_dop_operator_3.py
[2024-11-04T14:42:38.427+0000] {processor.py:925} INFO - DAG(s) 'example_branch_dop_operator_v3' retrieved from /home/airflow/.local/lib/python3.12/site-packages/airflow/example_dags/example_branch_python_dop_operator_3.py
[2024-11-04T14:42:38.447+0000] {logging_mixin.py:190} INFO - [2024-11-04T14:42:38.447+0000] {dag.py:3239} INFO - Sync 1 DAGs
[2024-11-04T14:42:38.467+0000] {logging_mixin.py:190} INFO - [2024-11-04T14:42:38.467+0000] {dag.py:4180} INFO - Setting next_dagrun for example_branch_dop_operator_v3 to 2024-11-04 14:41:00+00:00, run_after=2024-11-04 14:42:00+00:00
[2024-11-04T14:42:38.489+0000] {processor.py:208} INFO - Processing /home/airflow/.local/lib/python3.12/site-packages/airflow/example_dags/example_branch_python_dop_operator_3.py took 0.084 seconds
[2024-11-04T14:43:09.060+0000] {processor.py:186} INFO - Started process (PID=4028) to work on /home/airflow/.local/lib/python3.12/site-packages/airflow/example_dags/example_branch_python_dop_operator_3.py
[2024-11-04T14:43:09.062+0000] {processor.py:914} INFO - Processing file /home/airflow/.local/lib/python3.12/site-packages/airflow/example_dags/example_branch_python_dop_operator_3.py for tasks to queue
[2024-11-04T14:43:09.064+0000] {logging_mixin.py:190} INFO - [2024-11-04T14:43:09.064+0000] {dagbag.py:588} INFO - Filling up the DagBag from /home/airflow/.local/lib/python3.12/site-packages/airflow/example_dags/example_branch_python_dop_operator_3.py
[2024-11-04T14:43:09.074+0000] {processor.py:925} INFO - DAG(s) 'example_branch_dop_operator_v3' retrieved from /home/airflow/.local/lib/python3.12/site-packages/airflow/example_dags/example_branch_python_dop_operator_3.py
[2024-11-04T14:43:09.091+0000] {logging_mixin.py:190} INFO - [2024-11-04T14:43:09.091+0000] {dag.py:3239} INFO - Sync 1 DAGs
[2024-11-04T14:43:09.112+0000] {logging_mixin.py:190} INFO - [2024-11-04T14:43:09.112+0000] {dag.py:4180} INFO - Setting next_dagrun for example_branch_dop_operator_v3 to 2024-11-04 14:42:00+00:00, run_after=2024-11-04 14:43:00+00:00
[2024-11-04T14:43:09.130+0000] {processor.py:208} INFO - Processing /home/airflow/.local/lib/python3.12/site-packages/airflow/example_dags/example_branch_python_dop_operator_3.py took 0.075 seconds
[2024-11-04T14:44:56.911+0000] {processor.py:186} INFO - Started process (PID=311) to work on /home/airflow/.local/lib/python3.12/site-packages/airflow/example_dags/example_branch_python_dop_operator_3.py
[2024-11-04T14:44:56.913+0000] {processor.py:914} INFO - Processing file /home/airflow/.local/lib/python3.12/site-packages/airflow/example_dags/example_branch_python_dop_operator_3.py for tasks to queue
[2024-11-04T14:44:56.916+0000] {logging_mixin.py:190} INFO - [2024-11-04T14:44:56.916+0000] {dagbag.py:588} INFO - Filling up the DagBag from /home/airflow/.local/lib/python3.12/site-packages/airflow/example_dags/example_branch_python_dop_operator_3.py
[2024-11-04T14:44:56.932+0000] {processor.py:925} INFO - DAG(s) 'example_branch_dop_operator_v3' retrieved from /home/airflow/.local/lib/python3.12/site-packages/airflow/example_dags/example_branch_python_dop_operator_3.py
[2024-11-04T14:44:57.084+0000] {logging_mixin.py:190} INFO - [2024-11-04T14:44:57.083+0000] {override.py:1900} INFO - Created Permission View: can delete on DAG:example_branch_dop_operator_v3
[2024-11-04T14:44:57.102+0000] {logging_mixin.py:190} INFO - [2024-11-04T14:44:57.101+0000] {override.py:1900} INFO - Created Permission View: can read on DAG:example_branch_dop_operator_v3
[2024-11-04T14:44:57.114+0000] {logging_mixin.py:190} INFO - [2024-11-04T14:44:57.114+0000] {override.py:1900} INFO - Created Permission View: can edit on DAG:example_branch_dop_operator_v3
[2024-11-04T14:44:57.129+0000] {logging_mixin.py:190} INFO - [2024-11-04T14:44:57.129+0000] {override.py:1900} INFO - Created Permission View: can create on DAG Run:example_branch_dop_operator_v3
[2024-11-04T14:44:57.144+0000] {logging_mixin.py:190} INFO - [2024-11-04T14:44:57.143+0000] {override.py:1900} INFO - Created Permission View: can delete on DAG Run:example_branch_dop_operator_v3
[2024-11-04T14:44:57.158+0000] {logging_mixin.py:190} INFO - [2024-11-04T14:44:57.158+0000] {override.py:1900} INFO - Created Permission View: menu access on DAG Run:example_branch_dop_operator_v3
[2024-11-04T14:44:57.172+0000] {logging_mixin.py:190} INFO - [2024-11-04T14:44:57.171+0000] {override.py:1900} INFO - Created Permission View: can read on DAG Run:example_branch_dop_operator_v3
[2024-11-04T14:44:57.173+0000] {logging_mixin.py:190} INFO - [2024-11-04T14:44:57.173+0000] {dag.py:3239} INFO - Sync 1 DAGs
[2024-11-04T14:44:57.194+0000] {logging_mixin.py:190} INFO - [2024-11-04T14:44:57.193+0000] {dag.py:3262} INFO - Creating ORM DAG for example_branch_dop_operator_v3
[2024-11-04T14:44:57.216+0000] {logging_mixin.py:190} INFO - [2024-11-04T14:44:57.215+0000] {dag.py:4180} INFO - Setting next_dagrun for example_branch_dop_operator_v3 to 2024-11-04 14:43:00+00:00, run_after=2024-11-04 14:44:00+00:00
[2024-11-04T14:44:57.248+0000] {processor.py:208} INFO - Processing /home/airflow/.local/lib/python3.12/site-packages/airflow/example_dags/example_branch_python_dop_operator_3.py took 0.345 seconds
[2024-11-04T14:45:27.418+0000] {processor.py:186} INFO - Started process (PID=599) to work on /home/airflow/.local/lib/python3.12/site-packages/airflow/example_dags/example_branch_python_dop_operator_3.py
[2024-11-04T14:45:27.420+0000] {processor.py:914} INFO - Processing file /home/airflow/.local/lib/python3.12/site-packages/airflow/example_dags/example_branch_python_dop_operator_3.py for tasks to queue
[2024-11-04T14:45:27.423+0000] {logging_mixin.py:190} INFO - [2024-11-04T14:45:27.423+0000] {dagbag.py:588} INFO - Filling up the DagBag from /home/airflow/.local/lib/python3.12/site-packages/airflow/example_dags/example_branch_python_dop_operator_3.py
[2024-11-04T14:45:27.435+0000] {processor.py:925} INFO - DAG(s) 'example_branch_dop_operator_v3' retrieved from /home/airflow/.local/lib/python3.12/site-packages/airflow/example_dags/example_branch_python_dop_operator_3.py
[2024-11-04T14:45:27.461+0000] {logging_mixin.py:190} INFO - [2024-11-04T14:45:27.461+0000] {dag.py:3239} INFO - Sync 1 DAGs
[2024-11-04T14:45:27.490+0000] {logging_mixin.py:190} INFO - [2024-11-04T14:45:27.490+0000] {dag.py:4180} INFO - Setting next_dagrun for example_branch_dop_operator_v3 to 2024-11-04 14:44:00+00:00, run_after=2024-11-04 14:45:00+00:00
[2024-11-04T14:45:27.515+0000] {processor.py:208} INFO - Processing /home/airflow/.local/lib/python3.12/site-packages/airflow/example_dags/example_branch_python_dop_operator_3.py took 0.105 seconds
[2024-11-04T14:45:58.457+0000] {processor.py:186} INFO - Started process (PID=885) to work on /home/airflow/.local/lib/python3.12/site-packages/airflow/example_dags/example_branch_python_dop_operator_3.py
[2024-11-04T14:45:58.459+0000] {processor.py:914} INFO - Processing file /home/airflow/.local/lib/python3.12/site-packages/airflow/example_dags/example_branch_python_dop_operator_3.py for tasks to queue
[2024-11-04T14:45:58.464+0000] {logging_mixin.py:190} INFO - [2024-11-04T14:45:58.462+0000] {dagbag.py:588} INFO - Filling up the DagBag from /home/airflow/.local/lib/python3.12/site-packages/airflow/example_dags/example_branch_python_dop_operator_3.py
[2024-11-04T14:45:58.474+0000] {processor.py:925} INFO - DAG(s) 'example_branch_dop_operator_v3' retrieved from /home/airflow/.local/lib/python3.12/site-packages/airflow/example_dags/example_branch_python_dop_operator_3.py
[2024-11-04T14:45:58.493+0000] {logging_mixin.py:190} INFO - [2024-11-04T14:45:58.493+0000] {dag.py:3239} INFO - Sync 1 DAGs
[2024-11-04T14:45:58.514+0000] {logging_mixin.py:190} INFO - [2024-11-04T14:45:58.513+0000] {dag.py:4180} INFO - Setting next_dagrun for example_branch_dop_operator_v3 to 2024-11-04 14:44:00+00:00, run_after=2024-11-04 14:45:00+00:00
[2024-11-04T14:45:58.533+0000] {processor.py:208} INFO - Processing /home/airflow/.local/lib/python3.12/site-packages/airflow/example_dags/example_branch_python_dop_operator_3.py took 0.083 seconds
[2024-11-04T14:46:28.735+0000] {processor.py:186} INFO - Started process (PID=1171) to work on /home/airflow/.local/lib/python3.12/site-packages/airflow/example_dags/example_branch_python_dop_operator_3.py
[2024-11-04T14:46:28.736+0000] {processor.py:914} INFO - Processing file /home/airflow/.local/lib/python3.12/site-packages/airflow/example_dags/example_branch_python_dop_operator_3.py for tasks to queue
[2024-11-04T14:46:28.738+0000] {logging_mixin.py:190} INFO - [2024-11-04T14:46:28.738+0000] {dagbag.py:588} INFO - Filling up the DagBag from /home/airflow/.local/lib/python3.12/site-packages/airflow/example_dags/example_branch_python_dop_operator_3.py
[2024-11-04T14:46:28.747+0000] {processor.py:925} INFO - DAG(s) 'example_branch_dop_operator_v3' retrieved from /home/airflow/.local/lib/python3.12/site-packages/airflow/example_dags/example_branch_python_dop_operator_3.py
[2024-11-04T14:46:28.765+0000] {logging_mixin.py:190} INFO - [2024-11-04T14:46:28.764+0000] {dag.py:3239} INFO - Sync 1 DAGs
[2024-11-04T14:46:28.786+0000] {logging_mixin.py:190} INFO - [2024-11-04T14:46:28.786+0000] {dag.py:4180} INFO - Setting next_dagrun for example_branch_dop_operator_v3 to 2024-11-04 14:45:00+00:00, run_after=2024-11-04 14:46:00+00:00
[2024-11-04T14:46:28.804+0000] {processor.py:208} INFO - Processing /home/airflow/.local/lib/python3.12/site-packages/airflow/example_dags/example_branch_python_dop_operator_3.py took 0.074 seconds
[2024-11-04T14:46:59.339+0000] {processor.py:186} INFO - Started process (PID=1457) to work on /home/airflow/.local/lib/python3.12/site-packages/airflow/example_dags/example_branch_python_dop_operator_3.py
[2024-11-04T14:46:59.341+0000] {processor.py:914} INFO - Processing file /home/airflow/.local/lib/python3.12/site-packages/airflow/example_dags/example_branch_python_dop_operator_3.py for tasks to queue
[2024-11-04T14:46:59.343+0000] {logging_mixin.py:190} INFO - [2024-11-04T14:46:59.343+0000] {dagbag.py:588} INFO - Filling up the DagBag from /home/airflow/.local/lib/python3.12/site-packages/airflow/example_dags/example_branch_python_dop_operator_3.py
[2024-11-04T14:46:59.355+0000] {processor.py:925} INFO - DAG(s) 'example_branch_dop_operator_v3' retrieved from /home/airflow/.local/lib/python3.12/site-packages/airflow/example_dags/example_branch_python_dop_operator_3.py
[2024-11-04T14:46:59.381+0000] {logging_mixin.py:190} INFO - [2024-11-04T14:46:59.380+0000] {dag.py:3239} INFO - Sync 1 DAGs
[2024-11-04T14:46:59.410+0000] {logging_mixin.py:190} INFO - [2024-11-04T14:46:59.410+0000] {dag.py:4180} INFO - Setting next_dagrun for example_branch_dop_operator_v3 to 2024-11-04 14:45:00+00:00, run_after=2024-11-04 14:46:00+00:00
[2024-11-04T14:46:59.433+0000] {processor.py:208} INFO - Processing /home/airflow/.local/lib/python3.12/site-packages/airflow/example_dags/example_branch_python_dop_operator_3.py took 0.100 seconds
[2024-11-04T14:49:16.443+0000] {processor.py:186} INFO - Started process (PID=306) to work on /home/airflow/.local/lib/python3.12/site-packages/airflow/example_dags/example_branch_python_dop_operator_3.py
[2024-11-04T14:49:16.445+0000] {processor.py:914} INFO - Processing file /home/airflow/.local/lib/python3.12/site-packages/airflow/example_dags/example_branch_python_dop_operator_3.py for tasks to queue
[2024-11-04T14:49:16.448+0000] {logging_mixin.py:190} INFO - [2024-11-04T14:49:16.448+0000] {dagbag.py:588} INFO - Filling up the DagBag from /home/airflow/.local/lib/python3.12/site-packages/airflow/example_dags/example_branch_python_dop_operator_3.py
[2024-11-04T14:49:16.463+0000] {processor.py:925} INFO - DAG(s) 'example_branch_dop_operator_v3' retrieved from /home/airflow/.local/lib/python3.12/site-packages/airflow/example_dags/example_branch_python_dop_operator_3.py
[2024-11-04T14:49:16.596+0000] {logging_mixin.py:190} INFO - [2024-11-04T14:49:16.595+0000] {override.py:1900} INFO - Created Permission View: can edit on DAG:example_branch_dop_operator_v3
[2024-11-04T14:49:16.613+0000] {logging_mixin.py:190} INFO - [2024-11-04T14:49:16.612+0000] {override.py:1900} INFO - Created Permission View: can delete on DAG:example_branch_dop_operator_v3
[2024-11-04T14:49:16.624+0000] {logging_mixin.py:190} INFO - [2024-11-04T14:49:16.624+0000] {override.py:1900} INFO - Created Permission View: can read on DAG:example_branch_dop_operator_v3
[2024-11-04T14:49:16.638+0000] {logging_mixin.py:190} INFO - [2024-11-04T14:49:16.638+0000] {override.py:1900} INFO - Created Permission View: can create on DAG Run:example_branch_dop_operator_v3
[2024-11-04T14:49:16.652+0000] {logging_mixin.py:190} INFO - [2024-11-04T14:49:16.651+0000] {override.py:1900} INFO - Created Permission View: can read on DAG Run:example_branch_dop_operator_v3
[2024-11-04T14:49:16.664+0000] {logging_mixin.py:190} INFO - [2024-11-04T14:49:16.663+0000] {override.py:1900} INFO - Created Permission View: can delete on DAG Run:example_branch_dop_operator_v3
[2024-11-04T14:49:16.675+0000] {logging_mixin.py:190} INFO - [2024-11-04T14:49:16.674+0000] {override.py:1900} INFO - Created Permission View: menu access on DAG Run:example_branch_dop_operator_v3
[2024-11-04T14:49:16.676+0000] {logging_mixin.py:190} INFO - [2024-11-04T14:49:16.676+0000] {dag.py:3239} INFO - Sync 1 DAGs
[2024-11-04T14:49:16.694+0000] {logging_mixin.py:190} INFO - [2024-11-04T14:49:16.693+0000] {dag.py:3262} INFO - Creating ORM DAG for example_branch_dop_operator_v3
[2024-11-04T14:49:16.713+0000] {logging_mixin.py:190} INFO - [2024-11-04T14:49:16.713+0000] {dag.py:4180} INFO - Setting next_dagrun for example_branch_dop_operator_v3 to 2024-11-04 14:48:00+00:00, run_after=2024-11-04 14:49:00+00:00
[2024-11-04T14:49:16.742+0000] {processor.py:208} INFO - Processing /home/airflow/.local/lib/python3.12/site-packages/airflow/example_dags/example_branch_python_dop_operator_3.py took 0.309 seconds
