[2024-11-04T14:34:01.499+0000] {processor.py:186} INFO - Started process (PID=273) to work on /home/airflow/.local/lib/python3.12/site-packages/airflow/example_dags/example_subdag_operator.py
[2024-11-04T14:34:01.501+0000] {processor.py:914} INFO - Processing file /home/airflow/.local/lib/python3.12/site-packages/airflow/example_dags/example_subdag_operator.py for tasks to queue
[2024-11-04T14:34:01.506+0000] {logging_mixin.py:190} INFO - [2024-11-04T14:34:01.505+0000] {dagbag.py:588} INFO - Filling up the DagBag from /home/airflow/.local/lib/python3.12/site-packages/airflow/example_dags/example_subdag_operator.py
[2024-11-04T14:34:01.552+0000] {processor.py:925} INFO - DAG(s) 'example_subdag_operator.section-1', 'example_subdag_operator.section-2', 'example_subdag_operator' retrieved from /home/airflow/.local/lib/python3.12/site-packages/airflow/example_dags/example_subdag_operator.py
[2024-11-04T14:34:01.691+0000] {logging_mixin.py:190} INFO - [2024-11-04T14:34:01.690+0000] {override.py:1900} INFO - Created Permission View: can edit on DAG:example_subdag_operator
[2024-11-04T14:34:01.709+0000] {logging_mixin.py:190} INFO - [2024-11-04T14:34:01.708+0000] {override.py:1900} INFO - Created Permission View: can read on DAG:example_subdag_operator
[2024-11-04T14:34:01.721+0000] {logging_mixin.py:190} INFO - [2024-11-04T14:34:01.721+0000] {override.py:1900} INFO - Created Permission View: can delete on DAG:example_subdag_operator
[2024-11-04T14:34:01.736+0000] {logging_mixin.py:190} INFO - [2024-11-04T14:34:01.736+0000] {override.py:1900} INFO - Created Permission View: can read on DAG Run:example_subdag_operator
[2024-11-04T14:34:01.748+0000] {logging_mixin.py:190} INFO - [2024-11-04T14:34:01.748+0000] {override.py:1900} INFO - Created Permission View: can delete on DAG Run:example_subdag_operator
[2024-11-04T14:34:01.760+0000] {logging_mixin.py:190} INFO - [2024-11-04T14:34:01.759+0000] {override.py:1900} INFO - Created Permission View: menu access on DAG Run:example_subdag_operator
[2024-11-04T14:34:01.772+0000] {logging_mixin.py:190} INFO - [2024-11-04T14:34:01.771+0000] {override.py:1900} INFO - Created Permission View: can create on DAG Run:example_subdag_operator
[2024-11-04T14:34:01.773+0000] {logging_mixin.py:190} INFO - [2024-11-04T14:34:01.773+0000] {dag.py:3239} INFO - Sync 3 DAGs
[2024-11-04T14:34:01.794+0000] {logging_mixin.py:190} INFO - [2024-11-04T14:34:01.794+0000] {dag.py:3262} INFO - Creating ORM DAG for example_subdag_operator
[2024-11-04T14:34:01.796+0000] {logging_mixin.py:190} INFO - [2024-11-04T14:34:01.796+0000] {dag.py:3262} INFO - Creating ORM DAG for example_subdag_operator.section-1
[2024-11-04T14:34:01.798+0000] {logging_mixin.py:190} INFO - [2024-11-04T14:34:01.797+0000] {dag.py:3262} INFO - Creating ORM DAG for example_subdag_operator.section-2
[2024-11-04T14:34:01.813+0000] {logging_mixin.py:190} INFO - [2024-11-04T14:34:01.813+0000] {dag.py:4180} INFO - Setting next_dagrun for example_subdag_operator to 2022-01-01 00:00:00+00:00, run_after=2022-01-01 00:00:00+00:00
[2024-11-04T14:34:01.815+0000] {logging_mixin.py:190} INFO - [2024-11-04T14:34:01.815+0000] {dag.py:4180} INFO - Setting next_dagrun for example_subdag_operator.section-1 to None, run_after=None
[2024-11-04T14:34:01.817+0000] {logging_mixin.py:190} INFO - [2024-11-04T14:34:01.816+0000] {dag.py:4180} INFO - Setting next_dagrun for example_subdag_operator.section-2 to None, run_after=None
[2024-11-04T14:34:01.834+0000] {logging_mixin.py:190} INFO - [2024-11-04T14:34:01.834+0000] {dag.py:3239} INFO - Sync 2 DAGs
[2024-11-04T14:34:01.847+0000] {logging_mixin.py:190} INFO - [2024-11-04T14:34:01.846+0000] {dag.py:4180} INFO - Setting next_dagrun for example_subdag_operator.section-1 to None, run_after=None
[2024-11-04T14:34:01.854+0000] {logging_mixin.py:190} INFO - [2024-11-04T14:34:01.854+0000] {dag.py:4180} INFO - Setting next_dagrun for example_subdag_operator.section-2 to None, run_after=None
[2024-11-04T14:34:01.880+0000] {processor.py:208} INFO - Processing /home/airflow/.local/lib/python3.12/site-packages/airflow/example_dags/example_subdag_operator.py took 0.390 seconds
[2024-11-04T14:34:31.951+0000] {processor.py:186} INFO - Started process (PID=559) to work on /home/airflow/.local/lib/python3.12/site-packages/airflow/example_dags/example_subdag_operator.py
[2024-11-04T14:34:31.952+0000] {processor.py:914} INFO - Processing file /home/airflow/.local/lib/python3.12/site-packages/airflow/example_dags/example_subdag_operator.py for tasks to queue
[2024-11-04T14:34:31.954+0000] {logging_mixin.py:190} INFO - [2024-11-04T14:34:31.954+0000] {dagbag.py:588} INFO - Filling up the DagBag from /home/airflow/.local/lib/python3.12/site-packages/airflow/example_dags/example_subdag_operator.py
[2024-11-04T14:34:31.975+0000] {processor.py:925} INFO - DAG(s) 'example_subdag_operator.section-1', 'example_subdag_operator.section-2', 'example_subdag_operator' retrieved from /home/airflow/.local/lib/python3.12/site-packages/airflow/example_dags/example_subdag_operator.py
[2024-11-04T14:34:31.989+0000] {logging_mixin.py:190} INFO - [2024-11-04T14:34:31.989+0000] {dag.py:3239} INFO - Sync 3 DAGs
[2024-11-04T14:34:32.008+0000] {logging_mixin.py:190} INFO - [2024-11-04T14:34:32.008+0000] {dag.py:4180} INFO - Setting next_dagrun for example_subdag_operator to 2022-01-01 00:00:00+00:00, run_after=2022-01-01 00:00:00+00:00
[2024-11-04T14:34:32.012+0000] {logging_mixin.py:190} INFO - [2024-11-04T14:34:32.012+0000] {dag.py:4180} INFO - Setting next_dagrun for example_subdag_operator.section-1 to None, run_after=None
[2024-11-04T14:34:32.014+0000] {logging_mixin.py:190} INFO - [2024-11-04T14:34:32.014+0000] {dag.py:4180} INFO - Setting next_dagrun for example_subdag_operator.section-2 to None, run_after=None
[2024-11-04T14:34:32.021+0000] {logging_mixin.py:190} INFO - [2024-11-04T14:34:32.021+0000] {dag.py:3239} INFO - Sync 2 DAGs
[2024-11-04T14:34:32.027+0000] {logging_mixin.py:190} INFO - [2024-11-04T14:34:32.026+0000] {dag.py:4180} INFO - Setting next_dagrun for example_subdag_operator.section-1 to None, run_after=None
[2024-11-04T14:34:32.028+0000] {logging_mixin.py:190} INFO - [2024-11-04T14:34:32.028+0000] {dag.py:4180} INFO - Setting next_dagrun for example_subdag_operator.section-2 to None, run_after=None
[2024-11-04T14:34:32.039+0000] {processor.py:208} INFO - Processing /home/airflow/.local/lib/python3.12/site-packages/airflow/example_dags/example_subdag_operator.py took 0.093 seconds
[2024-11-04T14:35:02.153+0000] {processor.py:186} INFO - Started process (PID=846) to work on /home/airflow/.local/lib/python3.12/site-packages/airflow/example_dags/example_subdag_operator.py
[2024-11-04T14:35:02.154+0000] {processor.py:914} INFO - Processing file /home/airflow/.local/lib/python3.12/site-packages/airflow/example_dags/example_subdag_operator.py for tasks to queue
[2024-11-04T14:35:02.157+0000] {logging_mixin.py:190} INFO - [2024-11-04T14:35:02.157+0000] {dagbag.py:588} INFO - Filling up the DagBag from /home/airflow/.local/lib/python3.12/site-packages/airflow/example_dags/example_subdag_operator.py
[2024-11-04T14:35:02.184+0000] {processor.py:925} INFO - DAG(s) 'example_subdag_operator.section-1', 'example_subdag_operator.section-2', 'example_subdag_operator' retrieved from /home/airflow/.local/lib/python3.12/site-packages/airflow/example_dags/example_subdag_operator.py
[2024-11-04T14:35:02.198+0000] {logging_mixin.py:190} INFO - [2024-11-04T14:35:02.198+0000] {dag.py:3239} INFO - Sync 3 DAGs
[2024-11-04T14:35:02.221+0000] {logging_mixin.py:190} INFO - [2024-11-04T14:35:02.220+0000] {dag.py:4180} INFO - Setting next_dagrun for example_subdag_operator to 2022-01-01 00:00:00+00:00, run_after=2022-01-01 00:00:00+00:00
[2024-11-04T14:35:02.225+0000] {logging_mixin.py:190} INFO - [2024-11-04T14:35:02.224+0000] {dag.py:4180} INFO - Setting next_dagrun for example_subdag_operator.section-1 to None, run_after=None
[2024-11-04T14:35:02.227+0000] {logging_mixin.py:190} INFO - [2024-11-04T14:35:02.227+0000] {dag.py:4180} INFO - Setting next_dagrun for example_subdag_operator.section-2 to None, run_after=None
[2024-11-04T14:35:02.234+0000] {logging_mixin.py:190} INFO - [2024-11-04T14:35:02.234+0000] {dag.py:3239} INFO - Sync 2 DAGs
[2024-11-04T14:35:02.239+0000] {logging_mixin.py:190} INFO - [2024-11-04T14:35:02.239+0000] {dag.py:4180} INFO - Setting next_dagrun for example_subdag_operator.section-1 to None, run_after=None
[2024-11-04T14:35:02.240+0000] {logging_mixin.py:190} INFO - [2024-11-04T14:35:02.240+0000] {dag.py:4180} INFO - Setting next_dagrun for example_subdag_operator.section-2 to None, run_after=None
[2024-11-04T14:35:02.252+0000] {processor.py:208} INFO - Processing /home/airflow/.local/lib/python3.12/site-packages/airflow/example_dags/example_subdag_operator.py took 0.104 seconds
[2024-11-04T14:36:28.662+0000] {processor.py:186} INFO - Started process (PID=276) to work on /home/airflow/.local/lib/python3.12/site-packages/airflow/example_dags/example_subdag_operator.py
[2024-11-04T14:36:28.664+0000] {processor.py:914} INFO - Processing file /home/airflow/.local/lib/python3.12/site-packages/airflow/example_dags/example_subdag_operator.py for tasks to queue
[2024-11-04T14:36:28.668+0000] {logging_mixin.py:190} INFO - [2024-11-04T14:36:28.667+0000] {dagbag.py:588} INFO - Filling up the DagBag from /home/airflow/.local/lib/python3.12/site-packages/airflow/example_dags/example_subdag_operator.py
[2024-11-04T14:36:28.703+0000] {processor.py:925} INFO - DAG(s) 'example_subdag_operator.section-1', 'example_subdag_operator.section-2', 'example_subdag_operator' retrieved from /home/airflow/.local/lib/python3.12/site-packages/airflow/example_dags/example_subdag_operator.py
[2024-11-04T14:36:28.827+0000] {logging_mixin.py:190} INFO - [2024-11-04T14:36:28.827+0000] {override.py:1900} INFO - Created Permission View: can delete on DAG:example_subdag_operator
[2024-11-04T14:36:28.843+0000] {logging_mixin.py:190} INFO - [2024-11-04T14:36:28.843+0000] {override.py:1900} INFO - Created Permission View: can read on DAG:example_subdag_operator
[2024-11-04T14:36:28.856+0000] {logging_mixin.py:190} INFO - [2024-11-04T14:36:28.855+0000] {override.py:1900} INFO - Created Permission View: can edit on DAG:example_subdag_operator
[2024-11-04T14:36:28.869+0000] {logging_mixin.py:190} INFO - [2024-11-04T14:36:28.868+0000] {override.py:1900} INFO - Created Permission View: can create on DAG Run:example_subdag_operator
[2024-11-04T14:36:28.882+0000] {logging_mixin.py:190} INFO - [2024-11-04T14:36:28.881+0000] {override.py:1900} INFO - Created Permission View: can delete on DAG Run:example_subdag_operator
[2024-11-04T14:36:28.893+0000] {logging_mixin.py:190} INFO - [2024-11-04T14:36:28.893+0000] {override.py:1900} INFO - Created Permission View: can read on DAG Run:example_subdag_operator
[2024-11-04T14:36:28.905+0000] {logging_mixin.py:190} INFO - [2024-11-04T14:36:28.905+0000] {override.py:1900} INFO - Created Permission View: menu access on DAG Run:example_subdag_operator
[2024-11-04T14:36:28.907+0000] {logging_mixin.py:190} INFO - [2024-11-04T14:36:28.906+0000] {dag.py:3239} INFO - Sync 3 DAGs
[2024-11-04T14:36:28.927+0000] {logging_mixin.py:190} INFO - [2024-11-04T14:36:28.927+0000] {dag.py:3262} INFO - Creating ORM DAG for example_subdag_operator
[2024-11-04T14:36:28.930+0000] {logging_mixin.py:190} INFO - [2024-11-04T14:36:28.929+0000] {dag.py:3262} INFO - Creating ORM DAG for example_subdag_operator.section-2
[2024-11-04T14:36:28.932+0000] {logging_mixin.py:190} INFO - [2024-11-04T14:36:28.931+0000] {dag.py:3262} INFO - Creating ORM DAG for example_subdag_operator.section-1
[2024-11-04T14:36:28.951+0000] {logging_mixin.py:190} INFO - [2024-11-04T14:36:28.951+0000] {dag.py:4180} INFO - Setting next_dagrun for example_subdag_operator to 2022-01-01 00:00:00+00:00, run_after=2022-01-01 00:00:00+00:00
[2024-11-04T14:36:28.953+0000] {logging_mixin.py:190} INFO - [2024-11-04T14:36:28.953+0000] {dag.py:4180} INFO - Setting next_dagrun for example_subdag_operator.section-1 to None, run_after=None
[2024-11-04T14:36:28.954+0000] {logging_mixin.py:190} INFO - [2024-11-04T14:36:28.954+0000] {dag.py:4180} INFO - Setting next_dagrun for example_subdag_operator.section-2 to None, run_after=None
[2024-11-04T14:36:28.968+0000] {logging_mixin.py:190} INFO - [2024-11-04T14:36:28.968+0000] {dag.py:3239} INFO - Sync 2 DAGs
[2024-11-04T14:36:28.977+0000] {logging_mixin.py:190} INFO - [2024-11-04T14:36:28.977+0000] {dag.py:4180} INFO - Setting next_dagrun for example_subdag_operator.section-1 to None, run_after=None
[2024-11-04T14:36:28.982+0000] {logging_mixin.py:190} INFO - [2024-11-04T14:36:28.982+0000] {dag.py:4180} INFO - Setting next_dagrun for example_subdag_operator.section-2 to None, run_after=None
[2024-11-04T14:36:29.006+0000] {processor.py:208} INFO - Processing /home/airflow/.local/lib/python3.12/site-packages/airflow/example_dags/example_subdag_operator.py took 0.352 seconds
[2024-11-04T14:36:59.806+0000] {processor.py:186} INFO - Started process (PID=562) to work on /home/airflow/.local/lib/python3.12/site-packages/airflow/example_dags/example_subdag_operator.py
[2024-11-04T14:36:59.808+0000] {processor.py:914} INFO - Processing file /home/airflow/.local/lib/python3.12/site-packages/airflow/example_dags/example_subdag_operator.py for tasks to queue
[2024-11-04T14:36:59.811+0000] {logging_mixin.py:190} INFO - [2024-11-04T14:36:59.810+0000] {dagbag.py:588} INFO - Filling up the DagBag from /home/airflow/.local/lib/python3.12/site-packages/airflow/example_dags/example_subdag_operator.py
[2024-11-04T14:36:59.835+0000] {processor.py:925} INFO - DAG(s) 'example_subdag_operator.section-1', 'example_subdag_operator.section-2', 'example_subdag_operator' retrieved from /home/airflow/.local/lib/python3.12/site-packages/airflow/example_dags/example_subdag_operator.py
[2024-11-04T14:36:59.847+0000] {logging_mixin.py:190} INFO - [2024-11-04T14:36:59.847+0000] {dag.py:3239} INFO - Sync 3 DAGs
[2024-11-04T14:36:59.866+0000] {logging_mixin.py:190} INFO - [2024-11-04T14:36:59.866+0000] {dag.py:4180} INFO - Setting next_dagrun for example_subdag_operator to 2022-01-01 00:00:00+00:00, run_after=2022-01-01 00:00:00+00:00
[2024-11-04T14:36:59.870+0000] {logging_mixin.py:190} INFO - [2024-11-04T14:36:59.870+0000] {dag.py:4180} INFO - Setting next_dagrun for example_subdag_operator.section-1 to None, run_after=None
[2024-11-04T14:36:59.873+0000] {logging_mixin.py:190} INFO - [2024-11-04T14:36:59.872+0000] {dag.py:4180} INFO - Setting next_dagrun for example_subdag_operator.section-2 to None, run_after=None
[2024-11-04T14:36:59.880+0000] {logging_mixin.py:190} INFO - [2024-11-04T14:36:59.879+0000] {dag.py:3239} INFO - Sync 2 DAGs
[2024-11-04T14:36:59.886+0000] {logging_mixin.py:190} INFO - [2024-11-04T14:36:59.886+0000] {dag.py:4180} INFO - Setting next_dagrun for example_subdag_operator.section-1 to None, run_after=None
[2024-11-04T14:36:59.887+0000] {logging_mixin.py:190} INFO - [2024-11-04T14:36:59.887+0000] {dag.py:4180} INFO - Setting next_dagrun for example_subdag_operator.section-2 to None, run_after=None
[2024-11-04T14:36:59.899+0000] {processor.py:208} INFO - Processing /home/airflow/.local/lib/python3.12/site-packages/airflow/example_dags/example_subdag_operator.py took 0.097 seconds
[2024-11-04T14:37:29.961+0000] {processor.py:186} INFO - Started process (PID=848) to work on /home/airflow/.local/lib/python3.12/site-packages/airflow/example_dags/example_subdag_operator.py
[2024-11-04T14:37:29.963+0000] {processor.py:914} INFO - Processing file /home/airflow/.local/lib/python3.12/site-packages/airflow/example_dags/example_subdag_operator.py for tasks to queue
[2024-11-04T14:37:29.966+0000] {logging_mixin.py:190} INFO - [2024-11-04T14:37:29.966+0000] {dagbag.py:588} INFO - Filling up the DagBag from /home/airflow/.local/lib/python3.12/site-packages/airflow/example_dags/example_subdag_operator.py
[2024-11-04T14:37:30.004+0000] {processor.py:925} INFO - DAG(s) 'example_subdag_operator.section-1', 'example_subdag_operator.section-2', 'example_subdag_operator' retrieved from /home/airflow/.local/lib/python3.12/site-packages/airflow/example_dags/example_subdag_operator.py
[2024-11-04T14:37:30.030+0000] {logging_mixin.py:190} INFO - [2024-11-04T14:37:30.030+0000] {dag.py:3239} INFO - Sync 3 DAGs
[2024-11-04T14:37:30.062+0000] {logging_mixin.py:190} INFO - [2024-11-04T14:37:30.062+0000] {dag.py:4180} INFO - Setting next_dagrun for example_subdag_operator to 2022-01-01 00:00:00+00:00, run_after=2022-01-01 00:00:00+00:00
[2024-11-04T14:37:30.069+0000] {logging_mixin.py:190} INFO - [2024-11-04T14:37:30.068+0000] {dag.py:4180} INFO - Setting next_dagrun for example_subdag_operator.section-1 to None, run_after=None
[2024-11-04T14:37:30.073+0000] {logging_mixin.py:190} INFO - [2024-11-04T14:37:30.072+0000] {dag.py:4180} INFO - Setting next_dagrun for example_subdag_operator.section-2 to None, run_after=None
[2024-11-04T14:37:30.086+0000] {logging_mixin.py:190} INFO - [2024-11-04T14:37:30.085+0000] {dag.py:3239} INFO - Sync 2 DAGs
[2024-11-04T14:37:30.095+0000] {logging_mixin.py:190} INFO - [2024-11-04T14:37:30.095+0000] {dag.py:4180} INFO - Setting next_dagrun for example_subdag_operator.section-1 to None, run_after=None
[2024-11-04T14:37:30.096+0000] {logging_mixin.py:190} INFO - [2024-11-04T14:37:30.096+0000] {dag.py:4180} INFO - Setting next_dagrun for example_subdag_operator.section-2 to None, run_after=None
[2024-11-04T14:37:30.130+0000] {processor.py:208} INFO - Processing /home/airflow/.local/lib/python3.12/site-packages/airflow/example_dags/example_subdag_operator.py took 0.177 seconds
[2024-11-04T14:38:01.225+0000] {processor.py:186} INFO - Started process (PID=1145) to work on /home/airflow/.local/lib/python3.12/site-packages/airflow/example_dags/example_subdag_operator.py
[2024-11-04T14:38:01.227+0000] {processor.py:914} INFO - Processing file /home/airflow/.local/lib/python3.12/site-packages/airflow/example_dags/example_subdag_operator.py for tasks to queue
[2024-11-04T14:38:01.232+0000] {logging_mixin.py:190} INFO - [2024-11-04T14:38:01.231+0000] {dagbag.py:588} INFO - Filling up the DagBag from /home/airflow/.local/lib/python3.12/site-packages/airflow/example_dags/example_subdag_operator.py
[2024-11-04T14:38:01.296+0000] {processor.py:925} INFO - DAG(s) 'example_subdag_operator.section-1', 'example_subdag_operator.section-2', 'example_subdag_operator' retrieved from /home/airflow/.local/lib/python3.12/site-packages/airflow/example_dags/example_subdag_operator.py
[2024-11-04T14:38:01.329+0000] {logging_mixin.py:190} INFO - [2024-11-04T14:38:01.328+0000] {dag.py:3239} INFO - Sync 3 DAGs
[2024-11-04T14:38:01.382+0000] {logging_mixin.py:190} INFO - [2024-11-04T14:38:01.381+0000] {dag.py:4180} INFO - Setting next_dagrun for example_subdag_operator to 2022-01-01 00:00:00+00:00, run_after=2022-01-01 00:00:00+00:00
[2024-11-04T14:38:01.390+0000] {logging_mixin.py:190} INFO - [2024-11-04T14:38:01.390+0000] {dag.py:4180} INFO - Setting next_dagrun for example_subdag_operator.section-1 to None, run_after=None
[2024-11-04T14:38:01.394+0000] {logging_mixin.py:190} INFO - [2024-11-04T14:38:01.393+0000] {dag.py:4180} INFO - Setting next_dagrun for example_subdag_operator.section-2 to None, run_after=None
[2024-11-04T14:38:01.411+0000] {logging_mixin.py:190} INFO - [2024-11-04T14:38:01.411+0000] {dag.py:3239} INFO - Sync 2 DAGs
[2024-11-04T14:38:01.427+0000] {logging_mixin.py:190} INFO - [2024-11-04T14:38:01.426+0000] {dag.py:4180} INFO - Setting next_dagrun for example_subdag_operator.section-1 to None, run_after=None
[2024-11-04T14:38:01.429+0000] {logging_mixin.py:190} INFO - [2024-11-04T14:38:01.428+0000] {dag.py:4180} INFO - Setting next_dagrun for example_subdag_operator.section-2 to None, run_after=None
[2024-11-04T14:38:01.456+0000] {processor.py:208} INFO - Processing /home/airflow/.local/lib/python3.12/site-packages/airflow/example_dags/example_subdag_operator.py took 0.244 seconds
[2024-11-04T14:38:31.924+0000] {processor.py:186} INFO - Started process (PID=1425) to work on /home/airflow/.local/lib/python3.12/site-packages/airflow/example_dags/example_subdag_operator.py
[2024-11-04T14:38:31.926+0000] {processor.py:914} INFO - Processing file /home/airflow/.local/lib/python3.12/site-packages/airflow/example_dags/example_subdag_operator.py for tasks to queue
[2024-11-04T14:38:31.928+0000] {logging_mixin.py:190} INFO - [2024-11-04T14:38:31.928+0000] {dagbag.py:588} INFO - Filling up the DagBag from /home/airflow/.local/lib/python3.12/site-packages/airflow/example_dags/example_subdag_operator.py
[2024-11-04T14:38:31.951+0000] {processor.py:925} INFO - DAG(s) 'example_subdag_operator.section-1', 'example_subdag_operator.section-2', 'example_subdag_operator' retrieved from /home/airflow/.local/lib/python3.12/site-packages/airflow/example_dags/example_subdag_operator.py
[2024-11-04T14:38:31.969+0000] {logging_mixin.py:190} INFO - [2024-11-04T14:38:31.969+0000] {dag.py:3239} INFO - Sync 3 DAGs
[2024-11-04T14:38:31.990+0000] {logging_mixin.py:190} INFO - [2024-11-04T14:38:31.990+0000] {dag.py:4180} INFO - Setting next_dagrun for example_subdag_operator to 2022-01-01 00:00:00+00:00, run_after=2022-01-01 00:00:00+00:00
[2024-11-04T14:38:31.994+0000] {logging_mixin.py:190} INFO - [2024-11-04T14:38:31.993+0000] {dag.py:4180} INFO - Setting next_dagrun for example_subdag_operator.section-1 to None, run_after=None
[2024-11-04T14:38:31.995+0000] {logging_mixin.py:190} INFO - [2024-11-04T14:38:31.995+0000] {dag.py:4180} INFO - Setting next_dagrun for example_subdag_operator.section-2 to None, run_after=None
[2024-11-04T14:38:32.002+0000] {logging_mixin.py:190} INFO - [2024-11-04T14:38:32.002+0000] {dag.py:3239} INFO - Sync 2 DAGs
[2024-11-04T14:38:32.008+0000] {logging_mixin.py:190} INFO - [2024-11-04T14:38:32.008+0000] {dag.py:4180} INFO - Setting next_dagrun for example_subdag_operator.section-1 to None, run_after=None
[2024-11-04T14:38:32.009+0000] {logging_mixin.py:190} INFO - [2024-11-04T14:38:32.009+0000] {dag.py:4180} INFO - Setting next_dagrun for example_subdag_operator.section-2 to None, run_after=None
[2024-11-04T14:38:32.021+0000] {processor.py:208} INFO - Processing /home/airflow/.local/lib/python3.12/site-packages/airflow/example_dags/example_subdag_operator.py took 0.101 seconds
[2024-11-04T14:39:02.546+0000] {processor.py:186} INFO - Started process (PID=1711) to work on /home/airflow/.local/lib/python3.12/site-packages/airflow/example_dags/example_subdag_operator.py
[2024-11-04T14:39:02.548+0000] {processor.py:914} INFO - Processing file /home/airflow/.local/lib/python3.12/site-packages/airflow/example_dags/example_subdag_operator.py for tasks to queue
[2024-11-04T14:39:02.550+0000] {logging_mixin.py:190} INFO - [2024-11-04T14:39:02.550+0000] {dagbag.py:588} INFO - Filling up the DagBag from /home/airflow/.local/lib/python3.12/site-packages/airflow/example_dags/example_subdag_operator.py
[2024-11-04T14:39:02.582+0000] {processor.py:925} INFO - DAG(s) 'example_subdag_operator.section-1', 'example_subdag_operator.section-2', 'example_subdag_operator' retrieved from /home/airflow/.local/lib/python3.12/site-packages/airflow/example_dags/example_subdag_operator.py
[2024-11-04T14:39:02.601+0000] {logging_mixin.py:190} INFO - [2024-11-04T14:39:02.601+0000] {dag.py:3239} INFO - Sync 3 DAGs
[2024-11-04T14:39:02.628+0000] {logging_mixin.py:190} INFO - [2024-11-04T14:39:02.628+0000] {dag.py:4180} INFO - Setting next_dagrun for example_subdag_operator to 2022-01-01 00:00:00+00:00, run_after=2022-01-01 00:00:00+00:00
[2024-11-04T14:39:02.633+0000] {logging_mixin.py:190} INFO - [2024-11-04T14:39:02.633+0000] {dag.py:4180} INFO - Setting next_dagrun for example_subdag_operator.section-1 to None, run_after=None
[2024-11-04T14:39:02.636+0000] {logging_mixin.py:190} INFO - [2024-11-04T14:39:02.636+0000] {dag.py:4180} INFO - Setting next_dagrun for example_subdag_operator.section-2 to None, run_after=None
[2024-11-04T14:39:02.646+0000] {logging_mixin.py:190} INFO - [2024-11-04T14:39:02.646+0000] {dag.py:3239} INFO - Sync 2 DAGs
[2024-11-04T14:39:02.654+0000] {logging_mixin.py:190} INFO - [2024-11-04T14:39:02.653+0000] {dag.py:4180} INFO - Setting next_dagrun for example_subdag_operator.section-1 to None, run_after=None
[2024-11-04T14:39:02.655+0000] {logging_mixin.py:190} INFO - [2024-11-04T14:39:02.654+0000] {dag.py:4180} INFO - Setting next_dagrun for example_subdag_operator.section-2 to None, run_after=None
[2024-11-04T14:39:02.671+0000] {processor.py:208} INFO - Processing /home/airflow/.local/lib/python3.12/site-packages/airflow/example_dags/example_subdag_operator.py took 0.132 seconds
[2024-11-04T14:39:33.388+0000] {processor.py:186} INFO - Started process (PID=1997) to work on /home/airflow/.local/lib/python3.12/site-packages/airflow/example_dags/example_subdag_operator.py
[2024-11-04T14:39:33.389+0000] {processor.py:914} INFO - Processing file /home/airflow/.local/lib/python3.12/site-packages/airflow/example_dags/example_subdag_operator.py for tasks to queue
[2024-11-04T14:39:33.392+0000] {logging_mixin.py:190} INFO - [2024-11-04T14:39:33.391+0000] {dagbag.py:588} INFO - Filling up the DagBag from /home/airflow/.local/lib/python3.12/site-packages/airflow/example_dags/example_subdag_operator.py
[2024-11-04T14:39:33.417+0000] {processor.py:925} INFO - DAG(s) 'example_subdag_operator.section-1', 'example_subdag_operator.section-2', 'example_subdag_operator' retrieved from /home/airflow/.local/lib/python3.12/site-packages/airflow/example_dags/example_subdag_operator.py
[2024-11-04T14:39:33.431+0000] {logging_mixin.py:190} INFO - [2024-11-04T14:39:33.431+0000] {dag.py:3239} INFO - Sync 3 DAGs
[2024-11-04T14:39:33.453+0000] {logging_mixin.py:190} INFO - [2024-11-04T14:39:33.453+0000] {dag.py:4180} INFO - Setting next_dagrun for example_subdag_operator to 2022-01-01 00:00:00+00:00, run_after=2022-01-01 00:00:00+00:00
[2024-11-04T14:39:33.458+0000] {logging_mixin.py:190} INFO - [2024-11-04T14:39:33.458+0000] {dag.py:4180} INFO - Setting next_dagrun for example_subdag_operator.section-1 to None, run_after=None
[2024-11-04T14:39:33.460+0000] {logging_mixin.py:190} INFO - [2024-11-04T14:39:33.460+0000] {dag.py:4180} INFO - Setting next_dagrun for example_subdag_operator.section-2 to None, run_after=None
[2024-11-04T14:39:33.467+0000] {logging_mixin.py:190} INFO - [2024-11-04T14:39:33.467+0000] {dag.py:3239} INFO - Sync 2 DAGs
[2024-11-04T14:39:33.471+0000] {logging_mixin.py:190} INFO - [2024-11-04T14:39:33.471+0000] {dag.py:4180} INFO - Setting next_dagrun for example_subdag_operator.section-1 to None, run_after=None
[2024-11-04T14:39:33.472+0000] {logging_mixin.py:190} INFO - [2024-11-04T14:39:33.472+0000] {dag.py:4180} INFO - Setting next_dagrun for example_subdag_operator.section-2 to None, run_after=None
[2024-11-04T14:39:33.484+0000] {processor.py:208} INFO - Processing /home/airflow/.local/lib/python3.12/site-packages/airflow/example_dags/example_subdag_operator.py took 0.101 seconds
[2024-11-04T14:40:03.745+0000] {processor.py:186} INFO - Started process (PID=2285) to work on /home/airflow/.local/lib/python3.12/site-packages/airflow/example_dags/example_subdag_operator.py
[2024-11-04T14:40:03.747+0000] {processor.py:914} INFO - Processing file /home/airflow/.local/lib/python3.12/site-packages/airflow/example_dags/example_subdag_operator.py for tasks to queue
[2024-11-04T14:40:03.749+0000] {logging_mixin.py:190} INFO - [2024-11-04T14:40:03.749+0000] {dagbag.py:588} INFO - Filling up the DagBag from /home/airflow/.local/lib/python3.12/site-packages/airflow/example_dags/example_subdag_operator.py
[2024-11-04T14:40:03.782+0000] {processor.py:925} INFO - DAG(s) 'example_subdag_operator.section-1', 'example_subdag_operator.section-2', 'example_subdag_operator' retrieved from /home/airflow/.local/lib/python3.12/site-packages/airflow/example_dags/example_subdag_operator.py
[2024-11-04T14:40:03.801+0000] {logging_mixin.py:190} INFO - [2024-11-04T14:40:03.800+0000] {dag.py:3239} INFO - Sync 3 DAGs
[2024-11-04T14:40:03.826+0000] {logging_mixin.py:190} INFO - [2024-11-04T14:40:03.826+0000] {dag.py:4180} INFO - Setting next_dagrun for example_subdag_operator to 2022-01-01 00:00:00+00:00, run_after=2022-01-01 00:00:00+00:00
[2024-11-04T14:40:03.830+0000] {logging_mixin.py:190} INFO - [2024-11-04T14:40:03.830+0000] {dag.py:4180} INFO - Setting next_dagrun for example_subdag_operator.section-1 to None, run_after=None
[2024-11-04T14:40:03.832+0000] {logging_mixin.py:190} INFO - [2024-11-04T14:40:03.832+0000] {dag.py:4180} INFO - Setting next_dagrun for example_subdag_operator.section-2 to None, run_after=None
[2024-11-04T14:40:03.843+0000] {logging_mixin.py:190} INFO - [2024-11-04T14:40:03.842+0000] {dag.py:3239} INFO - Sync 2 DAGs
[2024-11-04T14:40:03.850+0000] {logging_mixin.py:190} INFO - [2024-11-04T14:40:03.849+0000] {dag.py:4180} INFO - Setting next_dagrun for example_subdag_operator.section-1 to None, run_after=None
[2024-11-04T14:40:03.851+0000] {logging_mixin.py:190} INFO - [2024-11-04T14:40:03.851+0000] {dag.py:4180} INFO - Setting next_dagrun for example_subdag_operator.section-2 to None, run_after=None
[2024-11-04T14:40:03.869+0000] {processor.py:208} INFO - Processing /home/airflow/.local/lib/python3.12/site-packages/airflow/example_dags/example_subdag_operator.py took 0.130 seconds
[2024-11-04T14:40:33.965+0000] {processor.py:186} INFO - Started process (PID=2574) to work on /home/airflow/.local/lib/python3.12/site-packages/airflow/example_dags/example_subdag_operator.py
[2024-11-04T14:40:33.966+0000] {processor.py:914} INFO - Processing file /home/airflow/.local/lib/python3.12/site-packages/airflow/example_dags/example_subdag_operator.py for tasks to queue
[2024-11-04T14:40:33.968+0000] {logging_mixin.py:190} INFO - [2024-11-04T14:40:33.968+0000] {dagbag.py:588} INFO - Filling up the DagBag from /home/airflow/.local/lib/python3.12/site-packages/airflow/example_dags/example_subdag_operator.py
[2024-11-04T14:40:33.987+0000] {processor.py:925} INFO - DAG(s) 'example_subdag_operator.section-1', 'example_subdag_operator.section-2', 'example_subdag_operator' retrieved from /home/airflow/.local/lib/python3.12/site-packages/airflow/example_dags/example_subdag_operator.py
[2024-11-04T14:40:33.999+0000] {logging_mixin.py:190} INFO - [2024-11-04T14:40:33.999+0000] {dag.py:3239} INFO - Sync 3 DAGs
[2024-11-04T14:40:34.017+0000] {logging_mixin.py:190} INFO - [2024-11-04T14:40:34.017+0000] {dag.py:4180} INFO - Setting next_dagrun for example_subdag_operator to 2022-01-01 00:00:00+00:00, run_after=2022-01-01 00:00:00+00:00
[2024-11-04T14:40:34.021+0000] {logging_mixin.py:190} INFO - [2024-11-04T14:40:34.020+0000] {dag.py:4180} INFO - Setting next_dagrun for example_subdag_operator.section-1 to None, run_after=None
[2024-11-04T14:40:34.022+0000] {logging_mixin.py:190} INFO - [2024-11-04T14:40:34.022+0000] {dag.py:4180} INFO - Setting next_dagrun for example_subdag_operator.section-2 to None, run_after=None
[2024-11-04T14:40:34.028+0000] {logging_mixin.py:190} INFO - [2024-11-04T14:40:34.028+0000] {dag.py:3239} INFO - Sync 2 DAGs
[2024-11-04T14:40:34.032+0000] {logging_mixin.py:190} INFO - [2024-11-04T14:40:34.032+0000] {dag.py:4180} INFO - Setting next_dagrun for example_subdag_operator.section-1 to None, run_after=None
[2024-11-04T14:40:34.033+0000] {logging_mixin.py:190} INFO - [2024-11-04T14:40:34.033+0000] {dag.py:4180} INFO - Setting next_dagrun for example_subdag_operator.section-2 to None, run_after=None
[2024-11-04T14:40:34.042+0000] {processor.py:208} INFO - Processing /home/airflow/.local/lib/python3.12/site-packages/airflow/example_dags/example_subdag_operator.py took 0.083 seconds
[2024-11-04T14:41:04.967+0000] {processor.py:186} INFO - Started process (PID=2857) to work on /home/airflow/.local/lib/python3.12/site-packages/airflow/example_dags/example_subdag_operator.py
[2024-11-04T14:41:04.969+0000] {processor.py:914} INFO - Processing file /home/airflow/.local/lib/python3.12/site-packages/airflow/example_dags/example_subdag_operator.py for tasks to queue
[2024-11-04T14:41:04.973+0000] {logging_mixin.py:190} INFO - [2024-11-04T14:41:04.972+0000] {dagbag.py:588} INFO - Filling up the DagBag from /home/airflow/.local/lib/python3.12/site-packages/airflow/example_dags/example_subdag_operator.py
[2024-11-04T14:41:05.027+0000] {processor.py:925} INFO - DAG(s) 'example_subdag_operator.section-1', 'example_subdag_operator.section-2', 'example_subdag_operator' retrieved from /home/airflow/.local/lib/python3.12/site-packages/airflow/example_dags/example_subdag_operator.py
[2024-11-04T14:41:05.064+0000] {logging_mixin.py:190} INFO - [2024-11-04T14:41:05.063+0000] {dag.py:3239} INFO - Sync 3 DAGs
[2024-11-04T14:41:05.141+0000] {logging_mixin.py:190} INFO - [2024-11-04T14:41:05.140+0000] {dag.py:4180} INFO - Setting next_dagrun for example_subdag_operator to 2022-01-01 00:00:00+00:00, run_after=2022-01-01 00:00:00+00:00
[2024-11-04T14:41:05.150+0000] {logging_mixin.py:190} INFO - [2024-11-04T14:41:05.150+0000] {dag.py:4180} INFO - Setting next_dagrun for example_subdag_operator.section-1 to None, run_after=None
[2024-11-04T14:41:05.154+0000] {logging_mixin.py:190} INFO - [2024-11-04T14:41:05.153+0000] {dag.py:4180} INFO - Setting next_dagrun for example_subdag_operator.section-2 to None, run_after=None
[2024-11-04T14:41:05.169+0000] {logging_mixin.py:190} INFO - [2024-11-04T14:41:05.168+0000] {dag.py:3239} INFO - Sync 2 DAGs
[2024-11-04T14:41:05.183+0000] {logging_mixin.py:190} INFO - [2024-11-04T14:41:05.182+0000] {dag.py:4180} INFO - Setting next_dagrun for example_subdag_operator.section-1 to None, run_after=None
[2024-11-04T14:41:05.184+0000] {logging_mixin.py:190} INFO - [2024-11-04T14:41:05.184+0000] {dag.py:4180} INFO - Setting next_dagrun for example_subdag_operator.section-2 to None, run_after=None
[2024-11-04T14:41:05.242+0000] {processor.py:208} INFO - Processing /home/airflow/.local/lib/python3.12/site-packages/airflow/example_dags/example_subdag_operator.py took 0.287 seconds
[2024-11-04T14:41:35.545+0000] {processor.py:186} INFO - Started process (PID=3148) to work on /home/airflow/.local/lib/python3.12/site-packages/airflow/example_dags/example_subdag_operator.py
[2024-11-04T14:41:35.548+0000] {processor.py:914} INFO - Processing file /home/airflow/.local/lib/python3.12/site-packages/airflow/example_dags/example_subdag_operator.py for tasks to queue
[2024-11-04T14:41:35.553+0000] {logging_mixin.py:190} INFO - [2024-11-04T14:41:35.552+0000] {dagbag.py:588} INFO - Filling up the DagBag from /home/airflow/.local/lib/python3.12/site-packages/airflow/example_dags/example_subdag_operator.py
[2024-11-04T14:41:35.604+0000] {processor.py:925} INFO - DAG(s) 'example_subdag_operator.section-1', 'example_subdag_operator.section-2', 'example_subdag_operator' retrieved from /home/airflow/.local/lib/python3.12/site-packages/airflow/example_dags/example_subdag_operator.py
[2024-11-04T14:41:35.640+0000] {logging_mixin.py:190} INFO - [2024-11-04T14:41:35.640+0000] {dag.py:3239} INFO - Sync 3 DAGs
[2024-11-04T14:41:35.692+0000] {logging_mixin.py:190} INFO - [2024-11-04T14:41:35.692+0000] {dag.py:4180} INFO - Setting next_dagrun for example_subdag_operator to 2022-01-01 00:00:00+00:00, run_after=2022-01-01 00:00:00+00:00
[2024-11-04T14:41:35.701+0000] {logging_mixin.py:190} INFO - [2024-11-04T14:41:35.701+0000] {dag.py:4180} INFO - Setting next_dagrun for example_subdag_operator.section-1 to None, run_after=None
[2024-11-04T14:41:35.706+0000] {logging_mixin.py:190} INFO - [2024-11-04T14:41:35.706+0000] {dag.py:4180} INFO - Setting next_dagrun for example_subdag_operator.section-2 to None, run_after=None
[2024-11-04T14:41:35.724+0000] {logging_mixin.py:190} INFO - [2024-11-04T14:41:35.724+0000] {dag.py:3239} INFO - Sync 2 DAGs
[2024-11-04T14:41:35.742+0000] {logging_mixin.py:190} INFO - [2024-11-04T14:41:35.741+0000] {dag.py:4180} INFO - Setting next_dagrun for example_subdag_operator.section-1 to None, run_after=None
[2024-11-04T14:41:35.744+0000] {logging_mixin.py:190} INFO - [2024-11-04T14:41:35.743+0000] {dag.py:4180} INFO - Setting next_dagrun for example_subdag_operator.section-2 to None, run_after=None
[2024-11-04T14:41:35.771+0000] {processor.py:208} INFO - Processing /home/airflow/.local/lib/python3.12/site-packages/airflow/example_dags/example_subdag_operator.py took 0.238 seconds
[2024-11-04T14:42:06.550+0000] {processor.py:186} INFO - Started process (PID=3434) to work on /home/airflow/.local/lib/python3.12/site-packages/airflow/example_dags/example_subdag_operator.py
[2024-11-04T14:42:06.552+0000] {processor.py:914} INFO - Processing file /home/airflow/.local/lib/python3.12/site-packages/airflow/example_dags/example_subdag_operator.py for tasks to queue
[2024-11-04T14:42:06.555+0000] {logging_mixin.py:190} INFO - [2024-11-04T14:42:06.554+0000] {dagbag.py:588} INFO - Filling up the DagBag from /home/airflow/.local/lib/python3.12/site-packages/airflow/example_dags/example_subdag_operator.py
[2024-11-04T14:42:06.583+0000] {processor.py:925} INFO - DAG(s) 'example_subdag_operator.section-1', 'example_subdag_operator.section-2', 'example_subdag_operator' retrieved from /home/airflow/.local/lib/python3.12/site-packages/airflow/example_dags/example_subdag_operator.py
[2024-11-04T14:42:06.598+0000] {logging_mixin.py:190} INFO - [2024-11-04T14:42:06.598+0000] {dag.py:3239} INFO - Sync 3 DAGs
[2024-11-04T14:42:06.620+0000] {logging_mixin.py:190} INFO - [2024-11-04T14:42:06.620+0000] {dag.py:4180} INFO - Setting next_dagrun for example_subdag_operator to 2022-01-01 00:00:00+00:00, run_after=2022-01-01 00:00:00+00:00
[2024-11-04T14:42:06.623+0000] {logging_mixin.py:190} INFO - [2024-11-04T14:42:06.623+0000] {dag.py:4180} INFO - Setting next_dagrun for example_subdag_operator.section-1 to None, run_after=None
[2024-11-04T14:42:06.627+0000] {logging_mixin.py:190} INFO - [2024-11-04T14:42:06.626+0000] {dag.py:4180} INFO - Setting next_dagrun for example_subdag_operator.section-2 to None, run_after=None
[2024-11-04T14:42:06.634+0000] {logging_mixin.py:190} INFO - [2024-11-04T14:42:06.634+0000] {dag.py:3239} INFO - Sync 2 DAGs
[2024-11-04T14:42:06.640+0000] {logging_mixin.py:190} INFO - [2024-11-04T14:42:06.640+0000] {dag.py:4180} INFO - Setting next_dagrun for example_subdag_operator.section-1 to None, run_after=None
[2024-11-04T14:42:06.641+0000] {logging_mixin.py:190} INFO - [2024-11-04T14:42:06.641+0000] {dag.py:4180} INFO - Setting next_dagrun for example_subdag_operator.section-2 to None, run_after=None
[2024-11-04T14:42:06.656+0000] {processor.py:208} INFO - Processing /home/airflow/.local/lib/python3.12/site-packages/airflow/example_dags/example_subdag_operator.py took 0.112 seconds
[2024-11-04T14:42:37.120+0000] {processor.py:186} INFO - Started process (PID=3719) to work on /home/airflow/.local/lib/python3.12/site-packages/airflow/example_dags/example_subdag_operator.py
[2024-11-04T14:42:37.122+0000] {processor.py:914} INFO - Processing file /home/airflow/.local/lib/python3.12/site-packages/airflow/example_dags/example_subdag_operator.py for tasks to queue
[2024-11-04T14:42:37.124+0000] {logging_mixin.py:190} INFO - [2024-11-04T14:42:37.124+0000] {dagbag.py:588} INFO - Filling up the DagBag from /home/airflow/.local/lib/python3.12/site-packages/airflow/example_dags/example_subdag_operator.py
[2024-11-04T14:42:37.148+0000] {processor.py:925} INFO - DAG(s) 'example_subdag_operator.section-1', 'example_subdag_operator.section-2', 'example_subdag_operator' retrieved from /home/airflow/.local/lib/python3.12/site-packages/airflow/example_dags/example_subdag_operator.py
[2024-11-04T14:42:37.161+0000] {logging_mixin.py:190} INFO - [2024-11-04T14:42:37.161+0000] {dag.py:3239} INFO - Sync 3 DAGs
[2024-11-04T14:42:37.182+0000] {logging_mixin.py:190} INFO - [2024-11-04T14:42:37.182+0000] {dag.py:4180} INFO - Setting next_dagrun for example_subdag_operator to 2022-01-01 00:00:00+00:00, run_after=2022-01-01 00:00:00+00:00
[2024-11-04T14:42:37.186+0000] {logging_mixin.py:190} INFO - [2024-11-04T14:42:37.186+0000] {dag.py:4180} INFO - Setting next_dagrun for example_subdag_operator.section-1 to None, run_after=None
[2024-11-04T14:42:37.188+0000] {logging_mixin.py:190} INFO - [2024-11-04T14:42:37.188+0000] {dag.py:4180} INFO - Setting next_dagrun for example_subdag_operator.section-2 to None, run_after=None
[2024-11-04T14:42:37.196+0000] {logging_mixin.py:190} INFO - [2024-11-04T14:42:37.196+0000] {dag.py:3239} INFO - Sync 2 DAGs
[2024-11-04T14:42:37.201+0000] {logging_mixin.py:190} INFO - [2024-11-04T14:42:37.201+0000] {dag.py:4180} INFO - Setting next_dagrun for example_subdag_operator.section-1 to None, run_after=None
[2024-11-04T14:42:37.202+0000] {logging_mixin.py:190} INFO - [2024-11-04T14:42:37.202+0000] {dag.py:4180} INFO - Setting next_dagrun for example_subdag_operator.section-2 to None, run_after=None
[2024-11-04T14:42:37.215+0000] {processor.py:208} INFO - Processing /home/airflow/.local/lib/python3.12/site-packages/airflow/example_dags/example_subdag_operator.py took 0.099 seconds
[2024-11-04T14:43:07.755+0000] {processor.py:186} INFO - Started process (PID=4005) to work on /home/airflow/.local/lib/python3.12/site-packages/airflow/example_dags/example_subdag_operator.py
[2024-11-04T14:43:07.757+0000] {processor.py:914} INFO - Processing file /home/airflow/.local/lib/python3.12/site-packages/airflow/example_dags/example_subdag_operator.py for tasks to queue
[2024-11-04T14:43:07.761+0000] {logging_mixin.py:190} INFO - [2024-11-04T14:43:07.760+0000] {dagbag.py:588} INFO - Filling up the DagBag from /home/airflow/.local/lib/python3.12/site-packages/airflow/example_dags/example_subdag_operator.py
[2024-11-04T14:43:07.795+0000] {processor.py:925} INFO - DAG(s) 'example_subdag_operator.section-1', 'example_subdag_operator.section-2', 'example_subdag_operator' retrieved from /home/airflow/.local/lib/python3.12/site-packages/airflow/example_dags/example_subdag_operator.py
[2024-11-04T14:43:07.813+0000] {logging_mixin.py:190} INFO - [2024-11-04T14:43:07.813+0000] {dag.py:3239} INFO - Sync 3 DAGs
[2024-11-04T14:43:07.838+0000] {logging_mixin.py:190} INFO - [2024-11-04T14:43:07.838+0000] {dag.py:4180} INFO - Setting next_dagrun for example_subdag_operator to 2022-01-01 00:00:00+00:00, run_after=2022-01-01 00:00:00+00:00
[2024-11-04T14:43:07.842+0000] {logging_mixin.py:190} INFO - [2024-11-04T14:43:07.842+0000] {dag.py:4180} INFO - Setting next_dagrun for example_subdag_operator.section-1 to None, run_after=None
[2024-11-04T14:43:07.845+0000] {logging_mixin.py:190} INFO - [2024-11-04T14:43:07.845+0000] {dag.py:4180} INFO - Setting next_dagrun for example_subdag_operator.section-2 to None, run_after=None
[2024-11-04T14:43:07.855+0000] {logging_mixin.py:190} INFO - [2024-11-04T14:43:07.855+0000] {dag.py:3239} INFO - Sync 2 DAGs
[2024-11-04T14:43:07.862+0000] {logging_mixin.py:190} INFO - [2024-11-04T14:43:07.862+0000] {dag.py:4180} INFO - Setting next_dagrun for example_subdag_operator.section-1 to None, run_after=None
[2024-11-04T14:43:07.863+0000] {logging_mixin.py:190} INFO - [2024-11-04T14:43:07.863+0000] {dag.py:4180} INFO - Setting next_dagrun for example_subdag_operator.section-2 to None, run_after=None
[2024-11-04T14:43:07.880+0000] {processor.py:208} INFO - Processing /home/airflow/.local/lib/python3.12/site-packages/airflow/example_dags/example_subdag_operator.py took 0.133 seconds
[2024-11-04T14:44:55.649+0000] {processor.py:186} INFO - Started process (PID=281) to work on /home/airflow/.local/lib/python3.12/site-packages/airflow/example_dags/example_subdag_operator.py
[2024-11-04T14:44:55.650+0000] {processor.py:914} INFO - Processing file /home/airflow/.local/lib/python3.12/site-packages/airflow/example_dags/example_subdag_operator.py for tasks to queue
[2024-11-04T14:44:55.654+0000] {logging_mixin.py:190} INFO - [2024-11-04T14:44:55.653+0000] {dagbag.py:588} INFO - Filling up the DagBag from /home/airflow/.local/lib/python3.12/site-packages/airflow/example_dags/example_subdag_operator.py
[2024-11-04T14:44:55.698+0000] {processor.py:925} INFO - DAG(s) 'example_subdag_operator.section-1', 'example_subdag_operator.section-2', 'example_subdag_operator' retrieved from /home/airflow/.local/lib/python3.12/site-packages/airflow/example_dags/example_subdag_operator.py
[2024-11-04T14:44:55.846+0000] {logging_mixin.py:190} INFO - [2024-11-04T14:44:55.845+0000] {override.py:1900} INFO - Created Permission View: can delete on DAG:example_subdag_operator
[2024-11-04T14:44:55.863+0000] {logging_mixin.py:190} INFO - [2024-11-04T14:44:55.862+0000] {override.py:1900} INFO - Created Permission View: can read on DAG:example_subdag_operator
[2024-11-04T14:44:55.874+0000] {logging_mixin.py:190} INFO - [2024-11-04T14:44:55.874+0000] {override.py:1900} INFO - Created Permission View: can edit on DAG:example_subdag_operator
[2024-11-04T14:44:55.888+0000] {logging_mixin.py:190} INFO - [2024-11-04T14:44:55.887+0000] {override.py:1900} INFO - Created Permission View: can create on DAG Run:example_subdag_operator
[2024-11-04T14:44:55.899+0000] {logging_mixin.py:190} INFO - [2024-11-04T14:44:55.899+0000] {override.py:1900} INFO - Created Permission View: can delete on DAG Run:example_subdag_operator
[2024-11-04T14:44:55.911+0000] {logging_mixin.py:190} INFO - [2024-11-04T14:44:55.910+0000] {override.py:1900} INFO - Created Permission View: menu access on DAG Run:example_subdag_operator
[2024-11-04T14:44:55.924+0000] {logging_mixin.py:190} INFO - [2024-11-04T14:44:55.923+0000] {override.py:1900} INFO - Created Permission View: can read on DAG Run:example_subdag_operator
[2024-11-04T14:44:55.925+0000] {logging_mixin.py:190} INFO - [2024-11-04T14:44:55.925+0000] {dag.py:3239} INFO - Sync 3 DAGs
[2024-11-04T14:44:55.944+0000] {logging_mixin.py:190} INFO - [2024-11-04T14:44:55.944+0000] {dag.py:3262} INFO - Creating ORM DAG for example_subdag_operator
[2024-11-04T14:44:55.946+0000] {logging_mixin.py:190} INFO - [2024-11-04T14:44:55.946+0000] {dag.py:3262} INFO - Creating ORM DAG for example_subdag_operator.section-2
[2024-11-04T14:44:55.947+0000] {logging_mixin.py:190} INFO - [2024-11-04T14:44:55.947+0000] {dag.py:3262} INFO - Creating ORM DAG for example_subdag_operator.section-1
[2024-11-04T14:44:55.961+0000] {logging_mixin.py:190} INFO - [2024-11-04T14:44:55.961+0000] {dag.py:4180} INFO - Setting next_dagrun for example_subdag_operator to 2022-01-01 00:00:00+00:00, run_after=2022-01-01 00:00:00+00:00
[2024-11-04T14:44:55.963+0000] {logging_mixin.py:190} INFO - [2024-11-04T14:44:55.963+0000] {dag.py:4180} INFO - Setting next_dagrun for example_subdag_operator.section-1 to None, run_after=None
[2024-11-04T14:44:55.964+0000] {logging_mixin.py:190} INFO - [2024-11-04T14:44:55.964+0000] {dag.py:4180} INFO - Setting next_dagrun for example_subdag_operator.section-2 to None, run_after=None
[2024-11-04T14:44:55.978+0000] {logging_mixin.py:190} INFO - [2024-11-04T14:44:55.978+0000] {dag.py:3239} INFO - Sync 2 DAGs
[2024-11-04T14:44:55.987+0000] {logging_mixin.py:190} INFO - [2024-11-04T14:44:55.987+0000] {dag.py:4180} INFO - Setting next_dagrun for example_subdag_operator.section-1 to None, run_after=None
[2024-11-04T14:44:55.992+0000] {logging_mixin.py:190} INFO - [2024-11-04T14:44:55.992+0000] {dag.py:4180} INFO - Setting next_dagrun for example_subdag_operator.section-2 to None, run_after=None
[2024-11-04T14:44:56.013+0000] {processor.py:208} INFO - Processing /home/airflow/.local/lib/python3.12/site-packages/airflow/example_dags/example_subdag_operator.py took 0.373 seconds
[2024-11-04T14:45:26.279+0000] {processor.py:186} INFO - Started process (PID=567) to work on /home/airflow/.local/lib/python3.12/site-packages/airflow/example_dags/example_subdag_operator.py
[2024-11-04T14:45:26.281+0000] {processor.py:914} INFO - Processing file /home/airflow/.local/lib/python3.12/site-packages/airflow/example_dags/example_subdag_operator.py for tasks to queue
[2024-11-04T14:45:26.284+0000] {logging_mixin.py:190} INFO - [2024-11-04T14:45:26.284+0000] {dagbag.py:588} INFO - Filling up the DagBag from /home/airflow/.local/lib/python3.12/site-packages/airflow/example_dags/example_subdag_operator.py
[2024-11-04T14:45:26.318+0000] {processor.py:925} INFO - DAG(s) 'example_subdag_operator.section-1', 'example_subdag_operator.section-2', 'example_subdag_operator' retrieved from /home/airflow/.local/lib/python3.12/site-packages/airflow/example_dags/example_subdag_operator.py
[2024-11-04T14:45:26.338+0000] {logging_mixin.py:190} INFO - [2024-11-04T14:45:26.338+0000] {dag.py:3239} INFO - Sync 3 DAGs
[2024-11-04T14:45:26.371+0000] {logging_mixin.py:190} INFO - [2024-11-04T14:45:26.370+0000] {dag.py:4180} INFO - Setting next_dagrun for example_subdag_operator to 2022-01-01 00:00:00+00:00, run_after=2022-01-01 00:00:00+00:00
[2024-11-04T14:45:26.376+0000] {logging_mixin.py:190} INFO - [2024-11-04T14:45:26.376+0000] {dag.py:4180} INFO - Setting next_dagrun for example_subdag_operator.section-1 to None, run_after=None
[2024-11-04T14:45:26.379+0000] {logging_mixin.py:190} INFO - [2024-11-04T14:45:26.378+0000] {dag.py:4180} INFO - Setting next_dagrun for example_subdag_operator.section-2 to None, run_after=None
[2024-11-04T14:45:26.389+0000] {logging_mixin.py:190} INFO - [2024-11-04T14:45:26.389+0000] {dag.py:3239} INFO - Sync 2 DAGs
[2024-11-04T14:45:26.398+0000] {logging_mixin.py:190} INFO - [2024-11-04T14:45:26.397+0000] {dag.py:4180} INFO - Setting next_dagrun for example_subdag_operator.section-1 to None, run_after=None
[2024-11-04T14:45:26.399+0000] {logging_mixin.py:190} INFO - [2024-11-04T14:45:26.399+0000] {dag.py:4180} INFO - Setting next_dagrun for example_subdag_operator.section-2 to None, run_after=None
[2024-11-04T14:45:26.418+0000] {processor.py:208} INFO - Processing /home/airflow/.local/lib/python3.12/site-packages/airflow/example_dags/example_subdag_operator.py took 0.146 seconds
[2024-11-04T14:45:57.034+0000] {processor.py:186} INFO - Started process (PID=853) to work on /home/airflow/.local/lib/python3.12/site-packages/airflow/example_dags/example_subdag_operator.py
[2024-11-04T14:45:57.035+0000] {processor.py:914} INFO - Processing file /home/airflow/.local/lib/python3.12/site-packages/airflow/example_dags/example_subdag_operator.py for tasks to queue
[2024-11-04T14:45:57.038+0000] {logging_mixin.py:190} INFO - [2024-11-04T14:45:57.038+0000] {dagbag.py:588} INFO - Filling up the DagBag from /home/airflow/.local/lib/python3.12/site-packages/airflow/example_dags/example_subdag_operator.py
[2024-11-04T14:45:57.062+0000] {processor.py:925} INFO - DAG(s) 'example_subdag_operator.section-1', 'example_subdag_operator.section-2', 'example_subdag_operator' retrieved from /home/airflow/.local/lib/python3.12/site-packages/airflow/example_dags/example_subdag_operator.py
[2024-11-04T14:45:57.078+0000] {logging_mixin.py:190} INFO - [2024-11-04T14:45:57.077+0000] {dag.py:3239} INFO - Sync 3 DAGs
[2024-11-04T14:45:57.103+0000] {logging_mixin.py:190} INFO - [2024-11-04T14:45:57.102+0000] {dag.py:4180} INFO - Setting next_dagrun for example_subdag_operator to 2022-01-01 00:00:00+00:00, run_after=2022-01-01 00:00:00+00:00
[2024-11-04T14:45:57.107+0000] {logging_mixin.py:190} INFO - [2024-11-04T14:45:57.107+0000] {dag.py:4180} INFO - Setting next_dagrun for example_subdag_operator.section-1 to None, run_after=None
[2024-11-04T14:45:57.109+0000] {logging_mixin.py:190} INFO - [2024-11-04T14:45:57.109+0000] {dag.py:4180} INFO - Setting next_dagrun for example_subdag_operator.section-2 to None, run_after=None
[2024-11-04T14:45:57.117+0000] {logging_mixin.py:190} INFO - [2024-11-04T14:45:57.117+0000] {dag.py:3239} INFO - Sync 2 DAGs
[2024-11-04T14:45:57.123+0000] {logging_mixin.py:190} INFO - [2024-11-04T14:45:57.123+0000] {dag.py:4180} INFO - Setting next_dagrun for example_subdag_operator.section-1 to None, run_after=None
[2024-11-04T14:45:57.124+0000] {logging_mixin.py:190} INFO - [2024-11-04T14:45:57.124+0000] {dag.py:4180} INFO - Setting next_dagrun for example_subdag_operator.section-2 to None, run_after=None
[2024-11-04T14:45:57.137+0000] {processor.py:208} INFO - Processing /home/airflow/.local/lib/python3.12/site-packages/airflow/example_dags/example_subdag_operator.py took 0.110 seconds
[2024-11-04T14:46:27.269+0000] {processor.py:186} INFO - Started process (PID=1139) to work on /home/airflow/.local/lib/python3.12/site-packages/airflow/example_dags/example_subdag_operator.py
[2024-11-04T14:46:27.270+0000] {processor.py:914} INFO - Processing file /home/airflow/.local/lib/python3.12/site-packages/airflow/example_dags/example_subdag_operator.py for tasks to queue
[2024-11-04T14:46:27.273+0000] {logging_mixin.py:190} INFO - [2024-11-04T14:46:27.273+0000] {dagbag.py:588} INFO - Filling up the DagBag from /home/airflow/.local/lib/python3.12/site-packages/airflow/example_dags/example_subdag_operator.py
[2024-11-04T14:46:27.298+0000] {processor.py:925} INFO - DAG(s) 'example_subdag_operator.section-1', 'example_subdag_operator.section-2', 'example_subdag_operator' retrieved from /home/airflow/.local/lib/python3.12/site-packages/airflow/example_dags/example_subdag_operator.py
[2024-11-04T14:46:27.313+0000] {logging_mixin.py:190} INFO - [2024-11-04T14:46:27.313+0000] {dag.py:3239} INFO - Sync 3 DAGs
[2024-11-04T14:46:27.335+0000] {logging_mixin.py:190} INFO - [2024-11-04T14:46:27.335+0000] {dag.py:4180} INFO - Setting next_dagrun for example_subdag_operator to 2022-01-01 00:00:00+00:00, run_after=2022-01-01 00:00:00+00:00
[2024-11-04T14:46:27.339+0000] {logging_mixin.py:190} INFO - [2024-11-04T14:46:27.339+0000] {dag.py:4180} INFO - Setting next_dagrun for example_subdag_operator.section-1 to None, run_after=None
[2024-11-04T14:46:27.341+0000] {logging_mixin.py:190} INFO - [2024-11-04T14:46:27.341+0000] {dag.py:4180} INFO - Setting next_dagrun for example_subdag_operator.section-2 to None, run_after=None
[2024-11-04T14:46:27.348+0000] {logging_mixin.py:190} INFO - [2024-11-04T14:46:27.348+0000] {dag.py:3239} INFO - Sync 2 DAGs
[2024-11-04T14:46:27.355+0000] {logging_mixin.py:190} INFO - [2024-11-04T14:46:27.354+0000] {dag.py:4180} INFO - Setting next_dagrun for example_subdag_operator.section-1 to None, run_after=None
[2024-11-04T14:46:27.356+0000] {logging_mixin.py:190} INFO - [2024-11-04T14:46:27.355+0000] {dag.py:4180} INFO - Setting next_dagrun for example_subdag_operator.section-2 to None, run_after=None
[2024-11-04T14:46:27.371+0000] {processor.py:208} INFO - Processing /home/airflow/.local/lib/python3.12/site-packages/airflow/example_dags/example_subdag_operator.py took 0.108 seconds
[2024-11-04T14:46:57.766+0000] {processor.py:186} INFO - Started process (PID=1425) to work on /home/airflow/.local/lib/python3.12/site-packages/airflow/example_dags/example_subdag_operator.py
[2024-11-04T14:46:57.767+0000] {processor.py:914} INFO - Processing file /home/airflow/.local/lib/python3.12/site-packages/airflow/example_dags/example_subdag_operator.py for tasks to queue
[2024-11-04T14:46:57.770+0000] {logging_mixin.py:190} INFO - [2024-11-04T14:46:57.770+0000] {dagbag.py:588} INFO - Filling up the DagBag from /home/airflow/.local/lib/python3.12/site-packages/airflow/example_dags/example_subdag_operator.py
[2024-11-04T14:46:57.799+0000] {processor.py:925} INFO - DAG(s) 'example_subdag_operator.section-1', 'example_subdag_operator.section-2', 'example_subdag_operator' retrieved from /home/airflow/.local/lib/python3.12/site-packages/airflow/example_dags/example_subdag_operator.py
[2024-11-04T14:46:57.816+0000] {logging_mixin.py:190} INFO - [2024-11-04T14:46:57.815+0000] {dag.py:3239} INFO - Sync 3 DAGs
[2024-11-04T14:46:57.840+0000] {logging_mixin.py:190} INFO - [2024-11-04T14:46:57.839+0000] {dag.py:4180} INFO - Setting next_dagrun for example_subdag_operator to 2022-01-01 00:00:00+00:00, run_after=2022-01-01 00:00:00+00:00
[2024-11-04T14:46:57.843+0000] {logging_mixin.py:190} INFO - [2024-11-04T14:46:57.843+0000] {dag.py:4180} INFO - Setting next_dagrun for example_subdag_operator.section-1 to None, run_after=None
[2024-11-04T14:46:57.846+0000] {logging_mixin.py:190} INFO - [2024-11-04T14:46:57.845+0000] {dag.py:4180} INFO - Setting next_dagrun for example_subdag_operator.section-2 to None, run_after=None
[2024-11-04T14:46:57.853+0000] {logging_mixin.py:190} INFO - [2024-11-04T14:46:57.852+0000] {dag.py:3239} INFO - Sync 2 DAGs
[2024-11-04T14:46:57.860+0000] {logging_mixin.py:190} INFO - [2024-11-04T14:46:57.860+0000] {dag.py:4180} INFO - Setting next_dagrun for example_subdag_operator.section-1 to None, run_after=None
[2024-11-04T14:46:57.861+0000] {logging_mixin.py:190} INFO - [2024-11-04T14:46:57.861+0000] {dag.py:4180} INFO - Setting next_dagrun for example_subdag_operator.section-2 to None, run_after=None
[2024-11-04T14:46:57.874+0000] {processor.py:208} INFO - Processing /home/airflow/.local/lib/python3.12/site-packages/airflow/example_dags/example_subdag_operator.py took 0.113 seconds
[2024-11-04T14:49:15.280+0000] {processor.py:186} INFO - Started process (PID=276) to work on /home/airflow/.local/lib/python3.12/site-packages/airflow/example_dags/example_subdag_operator.py
[2024-11-04T14:49:15.282+0000] {processor.py:914} INFO - Processing file /home/airflow/.local/lib/python3.12/site-packages/airflow/example_dags/example_subdag_operator.py for tasks to queue
[2024-11-04T14:49:15.285+0000] {logging_mixin.py:190} INFO - [2024-11-04T14:49:15.285+0000] {dagbag.py:588} INFO - Filling up the DagBag from /home/airflow/.local/lib/python3.12/site-packages/airflow/example_dags/example_subdag_operator.py
[2024-11-04T14:49:15.324+0000] {processor.py:925} INFO - DAG(s) 'example_subdag_operator.section-1', 'example_subdag_operator.section-2', 'example_subdag_operator' retrieved from /home/airflow/.local/lib/python3.12/site-packages/airflow/example_dags/example_subdag_operator.py
[2024-11-04T14:49:15.444+0000] {logging_mixin.py:190} INFO - [2024-11-04T14:49:15.444+0000] {override.py:1900} INFO - Created Permission View: can edit on DAG:example_subdag_operator
[2024-11-04T14:49:15.459+0000] {logging_mixin.py:190} INFO - [2024-11-04T14:49:15.459+0000] {override.py:1900} INFO - Created Permission View: can delete on DAG:example_subdag_operator
[2024-11-04T14:49:15.470+0000] {logging_mixin.py:190} INFO - [2024-11-04T14:49:15.469+0000] {override.py:1900} INFO - Created Permission View: can read on DAG:example_subdag_operator
[2024-11-04T14:49:15.482+0000] {logging_mixin.py:190} INFO - [2024-11-04T14:49:15.482+0000] {override.py:1900} INFO - Created Permission View: can create on DAG Run:example_subdag_operator
[2024-11-04T14:49:15.493+0000] {logging_mixin.py:190} INFO - [2024-11-04T14:49:15.493+0000] {override.py:1900} INFO - Created Permission View: can read on DAG Run:example_subdag_operator
[2024-11-04T14:49:15.504+0000] {logging_mixin.py:190} INFO - [2024-11-04T14:49:15.504+0000] {override.py:1900} INFO - Created Permission View: can delete on DAG Run:example_subdag_operator
[2024-11-04T14:49:15.515+0000] {logging_mixin.py:190} INFO - [2024-11-04T14:49:15.514+0000] {override.py:1900} INFO - Created Permission View: menu access on DAG Run:example_subdag_operator
[2024-11-04T14:49:15.516+0000] {logging_mixin.py:190} INFO - [2024-11-04T14:49:15.515+0000] {dag.py:3239} INFO - Sync 3 DAGs
[2024-11-04T14:49:15.532+0000] {logging_mixin.py:190} INFO - [2024-11-04T14:49:15.531+0000] {dag.py:3262} INFO - Creating ORM DAG for example_subdag_operator.section-1
[2024-11-04T14:49:15.533+0000] {logging_mixin.py:190} INFO - [2024-11-04T14:49:15.533+0000] {dag.py:3262} INFO - Creating ORM DAG for example_subdag_operator
[2024-11-04T14:49:15.534+0000] {logging_mixin.py:190} INFO - [2024-11-04T14:49:15.534+0000] {dag.py:3262} INFO - Creating ORM DAG for example_subdag_operator.section-2
[2024-11-04T14:49:15.546+0000] {logging_mixin.py:190} INFO - [2024-11-04T14:49:15.545+0000] {dag.py:4180} INFO - Setting next_dagrun for example_subdag_operator to 2022-01-01 00:00:00+00:00, run_after=2022-01-01 00:00:00+00:00
[2024-11-04T14:49:15.547+0000] {logging_mixin.py:190} INFO - [2024-11-04T14:49:15.547+0000] {dag.py:4180} INFO - Setting next_dagrun for example_subdag_operator.section-1 to None, run_after=None
[2024-11-04T14:49:15.549+0000] {logging_mixin.py:190} INFO - [2024-11-04T14:49:15.548+0000] {dag.py:4180} INFO - Setting next_dagrun for example_subdag_operator.section-2 to None, run_after=None
[2024-11-04T14:49:15.561+0000] {logging_mixin.py:190} INFO - [2024-11-04T14:49:15.561+0000] {dag.py:3239} INFO - Sync 2 DAGs
[2024-11-04T14:49:15.569+0000] {logging_mixin.py:190} INFO - [2024-11-04T14:49:15.568+0000] {dag.py:4180} INFO - Setting next_dagrun for example_subdag_operator.section-1 to None, run_after=None
[2024-11-04T14:49:15.573+0000] {logging_mixin.py:190} INFO - [2024-11-04T14:49:15.573+0000] {dag.py:4180} INFO - Setting next_dagrun for example_subdag_operator.section-2 to None, run_after=None
[2024-11-04T14:49:15.593+0000] {processor.py:208} INFO - Processing /home/airflow/.local/lib/python3.12/site-packages/airflow/example_dags/example_subdag_operator.py took 0.320 seconds
