[2024-11-04T14:34:04.525+0000] {processor.py:186} INFO - Started process (PID=339) to work on /home/airflow/.local/lib/python3.12/site-packages/airflow/example_dags/example_complex.py
[2024-11-04T14:34:04.527+0000] {processor.py:914} INFO - Processing file /home/airflow/.local/lib/python3.12/site-packages/airflow/example_dags/example_complex.py for tasks to queue
[2024-11-04T14:34:04.532+0000] {logging_mixin.py:190} INFO - [2024-11-04T14:34:04.531+0000] {dagbag.py:588} INFO - Filling up the DagBag from /home/airflow/.local/lib/python3.12/site-packages/airflow/example_dags/example_complex.py
[2024-11-04T14:34:04.558+0000] {processor.py:925} INFO - DAG(s) 'example_complex' retrieved from /home/airflow/.local/lib/python3.12/site-packages/airflow/example_dags/example_complex.py
[2024-11-04T14:34:04.754+0000] {logging_mixin.py:190} INFO - [2024-11-04T14:34:04.753+0000] {override.py:1900} INFO - Created Permission View: can edit on DAG:example_complex
[2024-11-04T14:34:04.775+0000] {logging_mixin.py:190} INFO - [2024-11-04T14:34:04.774+0000] {override.py:1900} INFO - Created Permission View: can read on DAG:example_complex
[2024-11-04T14:34:04.789+0000] {logging_mixin.py:190} INFO - [2024-11-04T14:34:04.788+0000] {override.py:1900} INFO - Created Permission View: can delete on DAG:example_complex
[2024-11-04T14:34:04.805+0000] {logging_mixin.py:190} INFO - [2024-11-04T14:34:04.804+0000] {override.py:1900} INFO - Created Permission View: can read on DAG Run:example_complex
[2024-11-04T14:34:04.818+0000] {logging_mixin.py:190} INFO - [2024-11-04T14:34:04.818+0000] {override.py:1900} INFO - Created Permission View: can delete on DAG Run:example_complex
[2024-11-04T14:34:04.833+0000] {logging_mixin.py:190} INFO - [2024-11-04T14:34:04.832+0000] {override.py:1900} INFO - Created Permission View: menu access on DAG Run:example_complex
[2024-11-04T14:34:04.845+0000] {logging_mixin.py:190} INFO - [2024-11-04T14:34:04.845+0000] {override.py:1900} INFO - Created Permission View: can create on DAG Run:example_complex
[2024-11-04T14:34:04.847+0000] {logging_mixin.py:190} INFO - [2024-11-04T14:34:04.847+0000] {dag.py:3239} INFO - Sync 1 DAGs
[2024-11-04T14:34:04.873+0000] {logging_mixin.py:190} INFO - [2024-11-04T14:34:04.872+0000] {dag.py:3262} INFO - Creating ORM DAG for example_complex
[2024-11-04T14:34:04.875+0000] {logging_mixin.py:190} INFO - [2024-11-04T14:34:04.874+0000] {dag.py:4180} INFO - Setting next_dagrun for example_complex to None, run_after=None
[2024-11-04T14:34:04.911+0000] {processor.py:208} INFO - Processing /home/airflow/.local/lib/python3.12/site-packages/airflow/example_dags/example_complex.py took 0.396 seconds
[2024-11-04T14:34:35.718+0000] {processor.py:186} INFO - Started process (PID=626) to work on /home/airflow/.local/lib/python3.12/site-packages/airflow/example_dags/example_complex.py
[2024-11-04T14:34:35.719+0000] {processor.py:914} INFO - Processing file /home/airflow/.local/lib/python3.12/site-packages/airflow/example_dags/example_complex.py for tasks to queue
[2024-11-04T14:34:35.722+0000] {logging_mixin.py:190} INFO - [2024-11-04T14:34:35.722+0000] {dagbag.py:588} INFO - Filling up the DagBag from /home/airflow/.local/lib/python3.12/site-packages/airflow/example_dags/example_complex.py
[2024-11-04T14:34:35.735+0000] {processor.py:925} INFO - DAG(s) 'example_complex' retrieved from /home/airflow/.local/lib/python3.12/site-packages/airflow/example_dags/example_complex.py
[2024-11-04T14:34:35.767+0000] {logging_mixin.py:190} INFO - [2024-11-04T14:34:35.767+0000] {dag.py:3239} INFO - Sync 1 DAGs
[2024-11-04T14:34:35.779+0000] {logging_mixin.py:190} INFO - [2024-11-04T14:34:35.779+0000] {dag.py:4180} INFO - Setting next_dagrun for example_complex to None, run_after=None
[2024-11-04T14:34:35.801+0000] {processor.py:208} INFO - Processing /home/airflow/.local/lib/python3.12/site-packages/airflow/example_dags/example_complex.py took 0.088 seconds
[2024-11-04T14:35:05.961+0000] {processor.py:186} INFO - Started process (PID=909) to work on /home/airflow/.local/lib/python3.12/site-packages/airflow/example_dags/example_complex.py
[2024-11-04T14:35:05.962+0000] {processor.py:914} INFO - Processing file /home/airflow/.local/lib/python3.12/site-packages/airflow/example_dags/example_complex.py for tasks to queue
[2024-11-04T14:35:05.965+0000] {logging_mixin.py:190} INFO - [2024-11-04T14:35:05.964+0000] {dagbag.py:588} INFO - Filling up the DagBag from /home/airflow/.local/lib/python3.12/site-packages/airflow/example_dags/example_complex.py
[2024-11-04T14:35:05.974+0000] {processor.py:925} INFO - DAG(s) 'example_complex' retrieved from /home/airflow/.local/lib/python3.12/site-packages/airflow/example_dags/example_complex.py
[2024-11-04T14:35:06.000+0000] {logging_mixin.py:190} INFO - [2024-11-04T14:35:06.000+0000] {dag.py:3239} INFO - Sync 1 DAGs
[2024-11-04T14:35:06.012+0000] {logging_mixin.py:190} INFO - [2024-11-04T14:35:06.012+0000] {dag.py:4180} INFO - Setting next_dagrun for example_complex to None, run_after=None
[2024-11-04T14:35:06.031+0000] {processor.py:208} INFO - Processing /home/airflow/.local/lib/python3.12/site-packages/airflow/example_dags/example_complex.py took 0.075 seconds
[2024-11-04T14:36:32.318+0000] {processor.py:186} INFO - Started process (PID=340) to work on /home/airflow/.local/lib/python3.12/site-packages/airflow/example_dags/example_complex.py
[2024-11-04T14:36:32.320+0000] {processor.py:914} INFO - Processing file /home/airflow/.local/lib/python3.12/site-packages/airflow/example_dags/example_complex.py for tasks to queue
[2024-11-04T14:36:32.325+0000] {logging_mixin.py:190} INFO - [2024-11-04T14:36:32.324+0000] {dagbag.py:588} INFO - Filling up the DagBag from /home/airflow/.local/lib/python3.12/site-packages/airflow/example_dags/example_complex.py
[2024-11-04T14:36:32.350+0000] {processor.py:925} INFO - DAG(s) 'example_complex' retrieved from /home/airflow/.local/lib/python3.12/site-packages/airflow/example_dags/example_complex.py
[2024-11-04T14:36:32.550+0000] {logging_mixin.py:190} INFO - [2024-11-04T14:36:32.549+0000] {override.py:1900} INFO - Created Permission View: can delete on DAG:example_complex
[2024-11-04T14:36:32.570+0000] {logging_mixin.py:190} INFO - [2024-11-04T14:36:32.569+0000] {override.py:1900} INFO - Created Permission View: can read on DAG:example_complex
[2024-11-04T14:36:32.584+0000] {logging_mixin.py:190} INFO - [2024-11-04T14:36:32.583+0000] {override.py:1900} INFO - Created Permission View: can edit on DAG:example_complex
[2024-11-04T14:36:32.600+0000] {logging_mixin.py:190} INFO - [2024-11-04T14:36:32.599+0000] {override.py:1900} INFO - Created Permission View: can create on DAG Run:example_complex
[2024-11-04T14:36:32.614+0000] {logging_mixin.py:190} INFO - [2024-11-04T14:36:32.614+0000] {override.py:1900} INFO - Created Permission View: can delete on DAG Run:example_complex
[2024-11-04T14:36:32.630+0000] {logging_mixin.py:190} INFO - [2024-11-04T14:36:32.630+0000] {override.py:1900} INFO - Created Permission View: can read on DAG Run:example_complex
[2024-11-04T14:36:32.647+0000] {logging_mixin.py:190} INFO - [2024-11-04T14:36:32.646+0000] {override.py:1900} INFO - Created Permission View: menu access on DAG Run:example_complex
[2024-11-04T14:36:32.648+0000] {logging_mixin.py:190} INFO - [2024-11-04T14:36:32.648+0000] {dag.py:3239} INFO - Sync 1 DAGs
[2024-11-04T14:36:32.669+0000] {logging_mixin.py:190} INFO - [2024-11-04T14:36:32.669+0000] {dag.py:3262} INFO - Creating ORM DAG for example_complex
[2024-11-04T14:36:32.671+0000] {logging_mixin.py:190} INFO - [2024-11-04T14:36:32.671+0000] {dag.py:4180} INFO - Setting next_dagrun for example_complex to None, run_after=None
[2024-11-04T14:36:32.706+0000] {processor.py:208} INFO - Processing /home/airflow/.local/lib/python3.12/site-packages/airflow/example_dags/example_complex.py took 0.401 seconds
[2024-11-04T14:37:03.469+0000] {processor.py:186} INFO - Started process (PID=626) to work on /home/airflow/.local/lib/python3.12/site-packages/airflow/example_dags/example_complex.py
[2024-11-04T14:37:03.470+0000] {processor.py:914} INFO - Processing file /home/airflow/.local/lib/python3.12/site-packages/airflow/example_dags/example_complex.py for tasks to queue
[2024-11-04T14:37:03.473+0000] {logging_mixin.py:190} INFO - [2024-11-04T14:37:03.473+0000] {dagbag.py:588} INFO - Filling up the DagBag from /home/airflow/.local/lib/python3.12/site-packages/airflow/example_dags/example_complex.py
[2024-11-04T14:37:03.483+0000] {processor.py:925} INFO - DAG(s) 'example_complex' retrieved from /home/airflow/.local/lib/python3.12/site-packages/airflow/example_dags/example_complex.py
[2024-11-04T14:37:03.512+0000] {logging_mixin.py:190} INFO - [2024-11-04T14:37:03.512+0000] {dag.py:3239} INFO - Sync 1 DAGs
[2024-11-04T14:37:03.525+0000] {logging_mixin.py:190} INFO - [2024-11-04T14:37:03.525+0000] {dag.py:4180} INFO - Setting next_dagrun for example_complex to None, run_after=None
[2024-11-04T14:37:03.545+0000] {processor.py:208} INFO - Processing /home/airflow/.local/lib/python3.12/site-packages/airflow/example_dags/example_complex.py took 0.081 seconds
[2024-11-04T14:37:33.931+0000] {processor.py:186} INFO - Started process (PID=912) to work on /home/airflow/.local/lib/python3.12/site-packages/airflow/example_dags/example_complex.py
[2024-11-04T14:37:33.933+0000] {processor.py:914} INFO - Processing file /home/airflow/.local/lib/python3.12/site-packages/airflow/example_dags/example_complex.py for tasks to queue
[2024-11-04T14:37:33.937+0000] {logging_mixin.py:190} INFO - [2024-11-04T14:37:33.936+0000] {dagbag.py:588} INFO - Filling up the DagBag from /home/airflow/.local/lib/python3.12/site-packages/airflow/example_dags/example_complex.py
[2024-11-04T14:37:33.955+0000] {processor.py:925} INFO - DAG(s) 'example_complex' retrieved from /home/airflow/.local/lib/python3.12/site-packages/airflow/example_dags/example_complex.py
[2024-11-04T14:37:34.011+0000] {logging_mixin.py:190} INFO - [2024-11-04T14:37:34.011+0000] {dag.py:3239} INFO - Sync 1 DAGs
[2024-11-04T14:37:34.033+0000] {logging_mixin.py:190} INFO - [2024-11-04T14:37:34.033+0000] {dag.py:4180} INFO - Setting next_dagrun for example_complex to None, run_after=None
[2024-11-04T14:37:34.066+0000] {processor.py:208} INFO - Processing /home/airflow/.local/lib/python3.12/site-packages/airflow/example_dags/example_complex.py took 0.144 seconds
[2024-11-04T14:38:04.701+0000] {processor.py:186} INFO - Started process (PID=1198) to work on /home/airflow/.local/lib/python3.12/site-packages/airflow/example_dags/example_complex.py
[2024-11-04T14:38:04.703+0000] {processor.py:914} INFO - Processing file /home/airflow/.local/lib/python3.12/site-packages/airflow/example_dags/example_complex.py for tasks to queue
[2024-11-04T14:38:04.708+0000] {logging_mixin.py:190} INFO - [2024-11-04T14:38:04.707+0000] {dagbag.py:588} INFO - Filling up the DagBag from /home/airflow/.local/lib/python3.12/site-packages/airflow/example_dags/example_complex.py
[2024-11-04T14:38:04.730+0000] {processor.py:925} INFO - DAG(s) 'example_complex' retrieved from /home/airflow/.local/lib/python3.12/site-packages/airflow/example_dags/example_complex.py
[2024-11-04T14:38:04.959+0000] {logging_mixin.py:190} INFO - [2024-11-04T14:38:04.958+0000] {dag.py:3239} INFO - Sync 1 DAGs
[2024-11-04T14:38:05.126+0000] {logging_mixin.py:190} INFO - [2024-11-04T14:38:05.125+0000] {dag.py:4180} INFO - Setting next_dagrun for example_complex to None, run_after=None
[2024-11-04T14:38:05.291+0000] {processor.py:208} INFO - Processing /home/airflow/.local/lib/python3.12/site-packages/airflow/example_dags/example_complex.py took 0.612 seconds
[2024-11-04T14:38:35.602+0000] {processor.py:186} INFO - Started process (PID=1482) to work on /home/airflow/.local/lib/python3.12/site-packages/airflow/example_dags/example_complex.py
[2024-11-04T14:38:35.603+0000] {processor.py:914} INFO - Processing file /home/airflow/.local/lib/python3.12/site-packages/airflow/example_dags/example_complex.py for tasks to queue
[2024-11-04T14:38:35.606+0000] {logging_mixin.py:190} INFO - [2024-11-04T14:38:35.606+0000] {dagbag.py:588} INFO - Filling up the DagBag from /home/airflow/.local/lib/python3.12/site-packages/airflow/example_dags/example_complex.py
[2024-11-04T14:38:35.618+0000] {processor.py:925} INFO - DAG(s) 'example_complex' retrieved from /home/airflow/.local/lib/python3.12/site-packages/airflow/example_dags/example_complex.py
[2024-11-04T14:38:35.648+0000] {logging_mixin.py:190} INFO - [2024-11-04T14:38:35.648+0000] {dag.py:3239} INFO - Sync 1 DAGs
[2024-11-04T14:38:35.660+0000] {logging_mixin.py:190} INFO - [2024-11-04T14:38:35.660+0000] {dag.py:4180} INFO - Setting next_dagrun for example_complex to None, run_after=None
[2024-11-04T14:38:35.684+0000] {processor.py:208} INFO - Processing /home/airflow/.local/lib/python3.12/site-packages/airflow/example_dags/example_complex.py took 0.088 seconds
[2024-11-04T14:39:06.486+0000] {processor.py:186} INFO - Started process (PID=1768) to work on /home/airflow/.local/lib/python3.12/site-packages/airflow/example_dags/example_complex.py
[2024-11-04T14:39:06.487+0000] {processor.py:914} INFO - Processing file /home/airflow/.local/lib/python3.12/site-packages/airflow/example_dags/example_complex.py for tasks to queue
[2024-11-04T14:39:06.490+0000] {logging_mixin.py:190} INFO - [2024-11-04T14:39:06.490+0000] {dagbag.py:588} INFO - Filling up the DagBag from /home/airflow/.local/lib/python3.12/site-packages/airflow/example_dags/example_complex.py
[2024-11-04T14:39:06.500+0000] {processor.py:925} INFO - DAG(s) 'example_complex' retrieved from /home/airflow/.local/lib/python3.12/site-packages/airflow/example_dags/example_complex.py
[2024-11-04T14:39:06.529+0000] {logging_mixin.py:190} INFO - [2024-11-04T14:39:06.528+0000] {dag.py:3239} INFO - Sync 1 DAGs
[2024-11-04T14:39:06.542+0000] {logging_mixin.py:190} INFO - [2024-11-04T14:39:06.541+0000] {dag.py:4180} INFO - Setting next_dagrun for example_complex to None, run_after=None
[2024-11-04T14:39:06.563+0000] {processor.py:208} INFO - Processing /home/airflow/.local/lib/python3.12/site-packages/airflow/example_dags/example_complex.py took 0.083 seconds
[2024-11-04T14:39:37.147+0000] {processor.py:186} INFO - Started process (PID=2054) to work on /home/airflow/.local/lib/python3.12/site-packages/airflow/example_dags/example_complex.py
[2024-11-04T14:39:37.148+0000] {processor.py:914} INFO - Processing file /home/airflow/.local/lib/python3.12/site-packages/airflow/example_dags/example_complex.py for tasks to queue
[2024-11-04T14:39:37.150+0000] {logging_mixin.py:190} INFO - [2024-11-04T14:39:37.150+0000] {dagbag.py:588} INFO - Filling up the DagBag from /home/airflow/.local/lib/python3.12/site-packages/airflow/example_dags/example_complex.py
[2024-11-04T14:39:37.160+0000] {processor.py:925} INFO - DAG(s) 'example_complex' retrieved from /home/airflow/.local/lib/python3.12/site-packages/airflow/example_dags/example_complex.py
[2024-11-04T14:39:37.188+0000] {logging_mixin.py:190} INFO - [2024-11-04T14:39:37.187+0000] {dag.py:3239} INFO - Sync 1 DAGs
[2024-11-04T14:39:37.200+0000] {logging_mixin.py:190} INFO - [2024-11-04T14:39:37.200+0000] {dag.py:4180} INFO - Setting next_dagrun for example_complex to None, run_after=None
[2024-11-04T14:39:37.219+0000] {processor.py:208} INFO - Processing /home/airflow/.local/lib/python3.12/site-packages/airflow/example_dags/example_complex.py took 0.078 seconds
[2024-11-04T14:40:07.566+0000] {processor.py:186} INFO - Started process (PID=2340) to work on /home/airflow/.local/lib/python3.12/site-packages/airflow/example_dags/example_complex.py
[2024-11-04T14:40:07.568+0000] {processor.py:914} INFO - Processing file /home/airflow/.local/lib/python3.12/site-packages/airflow/example_dags/example_complex.py for tasks to queue
[2024-11-04T14:40:07.575+0000] {logging_mixin.py:190} INFO - [2024-11-04T14:40:07.574+0000] {dagbag.py:588} INFO - Filling up the DagBag from /home/airflow/.local/lib/python3.12/site-packages/airflow/example_dags/example_complex.py
[2024-11-04T14:40:07.597+0000] {processor.py:925} INFO - DAG(s) 'example_complex' retrieved from /home/airflow/.local/lib/python3.12/site-packages/airflow/example_dags/example_complex.py
[2024-11-04T14:40:07.647+0000] {logging_mixin.py:190} INFO - [2024-11-04T14:40:07.647+0000] {dag.py:3239} INFO - Sync 1 DAGs
[2024-11-04T14:40:07.683+0000] {logging_mixin.py:190} INFO - [2024-11-04T14:40:07.682+0000] {dag.py:4180} INFO - Setting next_dagrun for example_complex to None, run_after=None
[2024-11-04T14:40:07.716+0000] {processor.py:208} INFO - Processing /home/airflow/.local/lib/python3.12/site-packages/airflow/example_dags/example_complex.py took 0.162 seconds
[2024-11-04T14:40:37.909+0000] {processor.py:186} INFO - Started process (PID=2626) to work on /home/airflow/.local/lib/python3.12/site-packages/airflow/example_dags/example_complex.py
[2024-11-04T14:40:37.911+0000] {processor.py:914} INFO - Processing file /home/airflow/.local/lib/python3.12/site-packages/airflow/example_dags/example_complex.py for tasks to queue
[2024-11-04T14:40:37.915+0000] {logging_mixin.py:190} INFO - [2024-11-04T14:40:37.914+0000] {dagbag.py:588} INFO - Filling up the DagBag from /home/airflow/.local/lib/python3.12/site-packages/airflow/example_dags/example_complex.py
[2024-11-04T14:40:37.924+0000] {processor.py:925} INFO - DAG(s) 'example_complex' retrieved from /home/airflow/.local/lib/python3.12/site-packages/airflow/example_dags/example_complex.py
[2024-11-04T14:40:37.953+0000] {logging_mixin.py:190} INFO - [2024-11-04T14:40:37.952+0000] {dag.py:3239} INFO - Sync 1 DAGs
[2024-11-04T14:40:37.967+0000] {logging_mixin.py:190} INFO - [2024-11-04T14:40:37.967+0000] {dag.py:4180} INFO - Setting next_dagrun for example_complex to None, run_after=None
[2024-11-04T14:40:37.986+0000] {processor.py:208} INFO - Processing /home/airflow/.local/lib/python3.12/site-packages/airflow/example_dags/example_complex.py took 0.082 seconds
[2024-11-04T14:41:08.739+0000] {processor.py:186} INFO - Started process (PID=2912) to work on /home/airflow/.local/lib/python3.12/site-packages/airflow/example_dags/example_complex.py
[2024-11-04T14:41:08.743+0000] {processor.py:914} INFO - Processing file /home/airflow/.local/lib/python3.12/site-packages/airflow/example_dags/example_complex.py for tasks to queue
[2024-11-04T14:41:08.756+0000] {logging_mixin.py:190} INFO - [2024-11-04T14:41:08.755+0000] {dagbag.py:588} INFO - Filling up the DagBag from /home/airflow/.local/lib/python3.12/site-packages/airflow/example_dags/example_complex.py
[2024-11-04T14:41:08.812+0000] {processor.py:925} INFO - DAG(s) 'example_complex' retrieved from /home/airflow/.local/lib/python3.12/site-packages/airflow/example_dags/example_complex.py
[2024-11-04T14:41:08.942+0000] {logging_mixin.py:190} INFO - [2024-11-04T14:41:08.941+0000] {dag.py:3239} INFO - Sync 1 DAGs
[2024-11-04T14:41:09.024+0000] {logging_mixin.py:190} INFO - [2024-11-04T14:41:09.023+0000] {dag.py:4180} INFO - Setting next_dagrun for example_complex to None, run_after=None
[2024-11-04T14:41:09.127+0000] {processor.py:208} INFO - Processing /home/airflow/.local/lib/python3.12/site-packages/airflow/example_dags/example_complex.py took 0.410 seconds
[2024-11-04T14:41:39.965+0000] {processor.py:186} INFO - Started process (PID=3198) to work on /home/airflow/.local/lib/python3.12/site-packages/airflow/example_dags/example_complex.py
[2024-11-04T14:41:39.969+0000] {processor.py:914} INFO - Processing file /home/airflow/.local/lib/python3.12/site-packages/airflow/example_dags/example_complex.py for tasks to queue
[2024-11-04T14:41:39.973+0000] {logging_mixin.py:190} INFO - [2024-11-04T14:41:39.972+0000] {dagbag.py:588} INFO - Filling up the DagBag from /home/airflow/.local/lib/python3.12/site-packages/airflow/example_dags/example_complex.py
[2024-11-04T14:41:39.989+0000] {processor.py:925} INFO - DAG(s) 'example_complex' retrieved from /home/airflow/.local/lib/python3.12/site-packages/airflow/example_dags/example_complex.py
[2024-11-04T14:41:40.034+0000] {logging_mixin.py:190} INFO - [2024-11-04T14:41:40.034+0000] {dag.py:3239} INFO - Sync 1 DAGs
[2024-11-04T14:41:40.055+0000] {logging_mixin.py:190} INFO - [2024-11-04T14:41:40.055+0000] {dag.py:4180} INFO - Setting next_dagrun for example_complex to None, run_after=None
[2024-11-04T14:41:40.084+0000] {processor.py:208} INFO - Processing /home/airflow/.local/lib/python3.12/site-packages/airflow/example_dags/example_complex.py took 0.136 seconds
[2024-11-04T14:42:10.228+0000] {processor.py:186} INFO - Started process (PID=3484) to work on /home/airflow/.local/lib/python3.12/site-packages/airflow/example_dags/example_complex.py
[2024-11-04T14:42:10.230+0000] {processor.py:914} INFO - Processing file /home/airflow/.local/lib/python3.12/site-packages/airflow/example_dags/example_complex.py for tasks to queue
[2024-11-04T14:42:10.233+0000] {logging_mixin.py:190} INFO - [2024-11-04T14:42:10.233+0000] {dagbag.py:588} INFO - Filling up the DagBag from /home/airflow/.local/lib/python3.12/site-packages/airflow/example_dags/example_complex.py
[2024-11-04T14:42:10.244+0000] {processor.py:925} INFO - DAG(s) 'example_complex' retrieved from /home/airflow/.local/lib/python3.12/site-packages/airflow/example_dags/example_complex.py
[2024-11-04T14:42:10.272+0000] {logging_mixin.py:190} INFO - [2024-11-04T14:42:10.272+0000] {dag.py:3239} INFO - Sync 1 DAGs
[2024-11-04T14:42:10.286+0000] {logging_mixin.py:190} INFO - [2024-11-04T14:42:10.285+0000] {dag.py:4180} INFO - Setting next_dagrun for example_complex to None, run_after=None
[2024-11-04T14:42:10.303+0000] {processor.py:208} INFO - Processing /home/airflow/.local/lib/python3.12/site-packages/airflow/example_dags/example_complex.py took 0.083 seconds
[2024-11-04T14:42:40.838+0000] {processor.py:186} INFO - Started process (PID=3769) to work on /home/airflow/.local/lib/python3.12/site-packages/airflow/example_dags/example_complex.py
[2024-11-04T14:42:40.839+0000] {processor.py:914} INFO - Processing file /home/airflow/.local/lib/python3.12/site-packages/airflow/example_dags/example_complex.py for tasks to queue
[2024-11-04T14:42:40.841+0000] {logging_mixin.py:190} INFO - [2024-11-04T14:42:40.841+0000] {dagbag.py:588} INFO - Filling up the DagBag from /home/airflow/.local/lib/python3.12/site-packages/airflow/example_dags/example_complex.py
[2024-11-04T14:42:40.851+0000] {processor.py:925} INFO - DAG(s) 'example_complex' retrieved from /home/airflow/.local/lib/python3.12/site-packages/airflow/example_dags/example_complex.py
[2024-11-04T14:42:40.882+0000] {logging_mixin.py:190} INFO - [2024-11-04T14:42:40.881+0000] {dag.py:3239} INFO - Sync 1 DAGs
[2024-11-04T14:42:40.896+0000] {logging_mixin.py:190} INFO - [2024-11-04T14:42:40.895+0000] {dag.py:4180} INFO - Setting next_dagrun for example_complex to None, run_after=None
[2024-11-04T14:42:40.917+0000] {processor.py:208} INFO - Processing /home/airflow/.local/lib/python3.12/site-packages/airflow/example_dags/example_complex.py took 0.085 seconds
[2024-11-04T14:43:11.435+0000] {processor.py:186} INFO - Started process (PID=4055) to work on /home/airflow/.local/lib/python3.12/site-packages/airflow/example_dags/example_complex.py
[2024-11-04T14:43:11.437+0000] {processor.py:914} INFO - Processing file /home/airflow/.local/lib/python3.12/site-packages/airflow/example_dags/example_complex.py for tasks to queue
[2024-11-04T14:43:11.440+0000] {logging_mixin.py:190} INFO - [2024-11-04T14:43:11.439+0000] {dagbag.py:588} INFO - Filling up the DagBag from /home/airflow/.local/lib/python3.12/site-packages/airflow/example_dags/example_complex.py
[2024-11-04T14:43:11.458+0000] {processor.py:925} INFO - DAG(s) 'example_complex' retrieved from /home/airflow/.local/lib/python3.12/site-packages/airflow/example_dags/example_complex.py
[2024-11-04T14:43:11.487+0000] {logging_mixin.py:190} INFO - [2024-11-04T14:43:11.487+0000] {dag.py:3239} INFO - Sync 1 DAGs
[2024-11-04T14:43:11.501+0000] {logging_mixin.py:190} INFO - [2024-11-04T14:43:11.501+0000] {dag.py:4180} INFO - Setting next_dagrun for example_complex to None, run_after=None
[2024-11-04T14:43:11.530+0000] {processor.py:208} INFO - Processing /home/airflow/.local/lib/python3.12/site-packages/airflow/example_dags/example_complex.py took 0.100 seconds
[2024-11-04T14:44:58.314+0000] {processor.py:186} INFO - Started process (PID=341) to work on /home/airflow/.local/lib/python3.12/site-packages/airflow/example_dags/example_complex.py
[2024-11-04T14:44:58.316+0000] {processor.py:914} INFO - Processing file /home/airflow/.local/lib/python3.12/site-packages/airflow/example_dags/example_complex.py for tasks to queue
[2024-11-04T14:44:58.321+0000] {logging_mixin.py:190} INFO - [2024-11-04T14:44:58.320+0000] {dagbag.py:588} INFO - Filling up the DagBag from /home/airflow/.local/lib/python3.12/site-packages/airflow/example_dags/example_complex.py
[2024-11-04T14:44:58.341+0000] {processor.py:925} INFO - DAG(s) 'example_complex' retrieved from /home/airflow/.local/lib/python3.12/site-packages/airflow/example_dags/example_complex.py
[2024-11-04T14:44:58.554+0000] {logging_mixin.py:190} INFO - [2024-11-04T14:44:58.553+0000] {override.py:1900} INFO - Created Permission View: can delete on DAG:example_complex
[2024-11-04T14:44:58.574+0000] {logging_mixin.py:190} INFO - [2024-11-04T14:44:58.574+0000] {override.py:1900} INFO - Created Permission View: can read on DAG:example_complex
[2024-11-04T14:44:58.590+0000] {logging_mixin.py:190} INFO - [2024-11-04T14:44:58.590+0000] {override.py:1900} INFO - Created Permission View: can edit on DAG:example_complex
[2024-11-04T14:44:58.607+0000] {logging_mixin.py:190} INFO - [2024-11-04T14:44:58.607+0000] {override.py:1900} INFO - Created Permission View: can create on DAG Run:example_complex
[2024-11-04T14:44:58.622+0000] {logging_mixin.py:190} INFO - [2024-11-04T14:44:58.622+0000] {override.py:1900} INFO - Created Permission View: can delete on DAG Run:example_complex
[2024-11-04T14:44:58.636+0000] {logging_mixin.py:190} INFO - [2024-11-04T14:44:58.636+0000] {override.py:1900} INFO - Created Permission View: menu access on DAG Run:example_complex
[2024-11-04T14:44:58.649+0000] {logging_mixin.py:190} INFO - [2024-11-04T14:44:58.649+0000] {override.py:1900} INFO - Created Permission View: can read on DAG Run:example_complex
[2024-11-04T14:44:58.651+0000] {logging_mixin.py:190} INFO - [2024-11-04T14:44:58.650+0000] {dag.py:3239} INFO - Sync 1 DAGs
[2024-11-04T14:44:58.671+0000] {logging_mixin.py:190} INFO - [2024-11-04T14:44:58.671+0000] {dag.py:3262} INFO - Creating ORM DAG for example_complex
[2024-11-04T14:44:58.673+0000] {logging_mixin.py:190} INFO - [2024-11-04T14:44:58.673+0000] {dag.py:4180} INFO - Setting next_dagrun for example_complex to None, run_after=None
[2024-11-04T14:44:58.706+0000] {processor.py:208} INFO - Processing /home/airflow/.local/lib/python3.12/site-packages/airflow/example_dags/example_complex.py took 0.402 seconds
[2024-11-04T14:45:28.907+0000] {processor.py:186} INFO - Started process (PID=624) to work on /home/airflow/.local/lib/python3.12/site-packages/airflow/example_dags/example_complex.py
[2024-11-04T14:45:28.909+0000] {processor.py:914} INFO - Processing file /home/airflow/.local/lib/python3.12/site-packages/airflow/example_dags/example_complex.py for tasks to queue
[2024-11-04T14:45:28.911+0000] {logging_mixin.py:190} INFO - [2024-11-04T14:45:28.911+0000] {dagbag.py:588} INFO - Filling up the DagBag from /home/airflow/.local/lib/python3.12/site-packages/airflow/example_dags/example_complex.py
[2024-11-04T14:45:28.924+0000] {processor.py:925} INFO - DAG(s) 'example_complex' retrieved from /home/airflow/.local/lib/python3.12/site-packages/airflow/example_dags/example_complex.py
[2024-11-04T14:45:28.958+0000] {logging_mixin.py:190} INFO - [2024-11-04T14:45:28.958+0000] {dag.py:3239} INFO - Sync 1 DAGs
[2024-11-04T14:45:28.974+0000] {logging_mixin.py:190} INFO - [2024-11-04T14:45:28.974+0000] {dag.py:4180} INFO - Setting next_dagrun for example_complex to None, run_after=None
[2024-11-04T14:45:29.007+0000] {processor.py:208} INFO - Processing /home/airflow/.local/lib/python3.12/site-packages/airflow/example_dags/example_complex.py took 0.107 seconds
[2024-11-04T14:45:59.792+0000] {processor.py:186} INFO - Started process (PID=908) to work on /home/airflow/.local/lib/python3.12/site-packages/airflow/example_dags/example_complex.py
[2024-11-04T14:45:59.794+0000] {processor.py:914} INFO - Processing file /home/airflow/.local/lib/python3.12/site-packages/airflow/example_dags/example_complex.py for tasks to queue
[2024-11-04T14:45:59.798+0000] {logging_mixin.py:190} INFO - [2024-11-04T14:45:59.797+0000] {dagbag.py:588} INFO - Filling up the DagBag from /home/airflow/.local/lib/python3.12/site-packages/airflow/example_dags/example_complex.py
[2024-11-04T14:45:59.810+0000] {processor.py:925} INFO - DAG(s) 'example_complex' retrieved from /home/airflow/.local/lib/python3.12/site-packages/airflow/example_dags/example_complex.py
[2024-11-04T14:45:59.856+0000] {logging_mixin.py:190} INFO - [2024-11-04T14:45:59.856+0000] {dag.py:3239} INFO - Sync 1 DAGs
[2024-11-04T14:45:59.875+0000] {logging_mixin.py:190} INFO - [2024-11-04T14:45:59.875+0000] {dag.py:4180} INFO - Setting next_dagrun for example_complex to None, run_after=None
[2024-11-04T14:45:59.895+0000] {processor.py:208} INFO - Processing /home/airflow/.local/lib/python3.12/site-packages/airflow/example_dags/example_complex.py took 0.109 seconds
[2024-11-04T14:46:30.000+0000] {processor.py:186} INFO - Started process (PID=1194) to work on /home/airflow/.local/lib/python3.12/site-packages/airflow/example_dags/example_complex.py
[2024-11-04T14:46:30.002+0000] {processor.py:914} INFO - Processing file /home/airflow/.local/lib/python3.12/site-packages/airflow/example_dags/example_complex.py for tasks to queue
[2024-11-04T14:46:30.004+0000] {logging_mixin.py:190} INFO - [2024-11-04T14:46:30.004+0000] {dagbag.py:588} INFO - Filling up the DagBag from /home/airflow/.local/lib/python3.12/site-packages/airflow/example_dags/example_complex.py
[2024-11-04T14:46:30.015+0000] {processor.py:925} INFO - DAG(s) 'example_complex' retrieved from /home/airflow/.local/lib/python3.12/site-packages/airflow/example_dags/example_complex.py
[2024-11-04T14:46:30.048+0000] {logging_mixin.py:190} INFO - [2024-11-04T14:46:30.048+0000] {dag.py:3239} INFO - Sync 1 DAGs
[2024-11-04T14:46:30.063+0000] {logging_mixin.py:190} INFO - [2024-11-04T14:46:30.063+0000] {dag.py:4180} INFO - Setting next_dagrun for example_complex to None, run_after=None
[2024-11-04T14:46:30.082+0000] {processor.py:208} INFO - Processing /home/airflow/.local/lib/python3.12/site-packages/airflow/example_dags/example_complex.py took 0.088 seconds
[2024-11-04T14:47:00.619+0000] {processor.py:186} INFO - Started process (PID=1480) to work on /home/airflow/.local/lib/python3.12/site-packages/airflow/example_dags/example_complex.py
[2024-11-04T14:47:00.621+0000] {processor.py:914} INFO - Processing file /home/airflow/.local/lib/python3.12/site-packages/airflow/example_dags/example_complex.py for tasks to queue
[2024-11-04T14:47:00.623+0000] {logging_mixin.py:190} INFO - [2024-11-04T14:47:00.623+0000] {dagbag.py:588} INFO - Filling up the DagBag from /home/airflow/.local/lib/python3.12/site-packages/airflow/example_dags/example_complex.py
[2024-11-04T14:47:00.633+0000] {processor.py:925} INFO - DAG(s) 'example_complex' retrieved from /home/airflow/.local/lib/python3.12/site-packages/airflow/example_dags/example_complex.py
[2024-11-04T14:47:00.661+0000] {logging_mixin.py:190} INFO - [2024-11-04T14:47:00.661+0000] {dag.py:3239} INFO - Sync 1 DAGs
[2024-11-04T14:47:00.673+0000] {logging_mixin.py:190} INFO - [2024-11-04T14:47:00.673+0000] {dag.py:4180} INFO - Setting next_dagrun for example_complex to None, run_after=None
[2024-11-04T14:47:00.688+0000] {processor.py:208} INFO - Processing /home/airflow/.local/lib/python3.12/site-packages/airflow/example_dags/example_complex.py took 0.074 seconds
[2024-11-04T14:49:17.949+0000] {processor.py:186} INFO - Started process (PID=340) to work on /home/airflow/.local/lib/python3.12/site-packages/airflow/example_dags/example_complex.py
[2024-11-04T14:49:17.951+0000] {processor.py:914} INFO - Processing file /home/airflow/.local/lib/python3.12/site-packages/airflow/example_dags/example_complex.py for tasks to queue
[2024-11-04T14:49:17.955+0000] {logging_mixin.py:190} INFO - [2024-11-04T14:49:17.955+0000] {dagbag.py:588} INFO - Filling up the DagBag from /home/airflow/.local/lib/python3.12/site-packages/airflow/example_dags/example_complex.py
[2024-11-04T14:49:17.975+0000] {processor.py:925} INFO - DAG(s) 'example_complex' retrieved from /home/airflow/.local/lib/python3.12/site-packages/airflow/example_dags/example_complex.py
[2024-11-04T14:49:18.165+0000] {logging_mixin.py:190} INFO - [2024-11-04T14:49:18.164+0000] {override.py:1900} INFO - Created Permission View: can edit on DAG:example_complex
[2024-11-04T14:49:18.183+0000] {logging_mixin.py:190} INFO - [2024-11-04T14:49:18.182+0000] {override.py:1900} INFO - Created Permission View: can delete on DAG:example_complex
[2024-11-04T14:49:18.196+0000] {logging_mixin.py:190} INFO - [2024-11-04T14:49:18.195+0000] {override.py:1900} INFO - Created Permission View: can read on DAG:example_complex
[2024-11-04T14:49:18.213+0000] {logging_mixin.py:190} INFO - [2024-11-04T14:49:18.212+0000] {override.py:1900} INFO - Created Permission View: can create on DAG Run:example_complex
[2024-11-04T14:49:18.226+0000] {logging_mixin.py:190} INFO - [2024-11-04T14:49:18.225+0000] {override.py:1900} INFO - Created Permission View: can read on DAG Run:example_complex
[2024-11-04T14:49:18.239+0000] {logging_mixin.py:190} INFO - [2024-11-04T14:49:18.239+0000] {override.py:1900} INFO - Created Permission View: can delete on DAG Run:example_complex
[2024-11-04T14:49:18.252+0000] {logging_mixin.py:190} INFO - [2024-11-04T14:49:18.252+0000] {override.py:1900} INFO - Created Permission View: menu access on DAG Run:example_complex
[2024-11-04T14:49:18.254+0000] {logging_mixin.py:190} INFO - [2024-11-04T14:49:18.253+0000] {dag.py:3239} INFO - Sync 1 DAGs
[2024-11-04T14:49:18.275+0000] {logging_mixin.py:190} INFO - [2024-11-04T14:49:18.274+0000] {dag.py:3262} INFO - Creating ORM DAG for example_complex
[2024-11-04T14:49:18.277+0000] {logging_mixin.py:190} INFO - [2024-11-04T14:49:18.276+0000] {dag.py:4180} INFO - Setting next_dagrun for example_complex to None, run_after=None
[2024-11-04T14:49:18.309+0000] {processor.py:208} INFO - Processing /home/airflow/.local/lib/python3.12/site-packages/airflow/example_dags/example_complex.py took 0.370 seconds
