[2024-11-04T14:33:56.271+0000] {processor.py:186} INFO - Started process (PID=183) to work on /home/airflow/.local/lib/python3.12/site-packages/airflow/example_dags/example_latest_only_with_trigger.py
[2024-11-04T14:33:56.274+0000] {processor.py:914} INFO - Processing file /home/airflow/.local/lib/python3.12/site-packages/airflow/example_dags/example_latest_only_with_trigger.py for tasks to queue
[2024-11-04T14:33:56.280+0000] {logging_mixin.py:190} INFO - [2024-11-04T14:33:56.279+0000] {dagbag.py:588} INFO - Filling up the DagBag from /home/airflow/.local/lib/python3.12/site-packages/airflow/example_dags/example_latest_only_with_trigger.py
[2024-11-04T14:33:56.296+0000] {processor.py:925} INFO - DAG(s) 'latest_only_with_trigger' retrieved from /home/airflow/.local/lib/python3.12/site-packages/airflow/example_dags/example_latest_only_with_trigger.py
[2024-11-04T14:33:56.500+0000] {logging_mixin.py:190} INFO - [2024-11-04T14:33:56.499+0000] {override.py:1900} INFO - Created Permission View: can edit on DAG:latest_only_with_trigger
[2024-11-04T14:33:56.522+0000] {logging_mixin.py:190} INFO - [2024-11-04T14:33:56.522+0000] {override.py:1900} INFO - Created Permission View: can read on DAG:latest_only_with_trigger
[2024-11-04T14:33:56.536+0000] {logging_mixin.py:190} INFO - [2024-11-04T14:33:56.536+0000] {override.py:1900} INFO - Created Permission View: can delete on DAG:latest_only_with_trigger
[2024-11-04T14:33:56.552+0000] {logging_mixin.py:190} INFO - [2024-11-04T14:33:56.551+0000] {override.py:1900} INFO - Created Permission View: can read on DAG Run:latest_only_with_trigger
[2024-11-04T14:33:56.566+0000] {logging_mixin.py:190} INFO - [2024-11-04T14:33:56.566+0000] {override.py:1900} INFO - Created Permission View: can delete on DAG Run:latest_only_with_trigger
[2024-11-04T14:33:56.581+0000] {logging_mixin.py:190} INFO - [2024-11-04T14:33:56.581+0000] {override.py:1900} INFO - Created Permission View: menu access on DAG Run:latest_only_with_trigger
[2024-11-04T14:33:56.594+0000] {logging_mixin.py:190} INFO - [2024-11-04T14:33:56.594+0000] {override.py:1900} INFO - Created Permission View: can create on DAG Run:latest_only_with_trigger
[2024-11-04T14:33:56.596+0000] {logging_mixin.py:190} INFO - [2024-11-04T14:33:56.596+0000] {dag.py:3239} INFO - Sync 1 DAGs
[2024-11-04T14:33:56.618+0000] {logging_mixin.py:190} INFO - [2024-11-04T14:33:56.618+0000] {dag.py:3262} INFO - Creating ORM DAG for latest_only_with_trigger
[2024-11-04T14:33:56.636+0000] {logging_mixin.py:190} INFO - [2024-11-04T14:33:56.635+0000] {dag.py:4180} INFO - Setting next_dagrun for latest_only_with_trigger to 2024-11-04 08:00:00+00:00, run_after=2024-11-04 12:00:00+00:00
[2024-11-04T14:33:56.669+0000] {processor.py:208} INFO - Processing /home/airflow/.local/lib/python3.12/site-packages/airflow/example_dags/example_latest_only_with_trigger.py took 0.409 seconds
[2024-11-04T14:34:27.358+0000] {processor.py:186} INFO - Started process (PID=469) to work on /home/airflow/.local/lib/python3.12/site-packages/airflow/example_dags/example_latest_only_with_trigger.py
[2024-11-04T14:34:27.359+0000] {processor.py:914} INFO - Processing file /home/airflow/.local/lib/python3.12/site-packages/airflow/example_dags/example_latest_only_with_trigger.py for tasks to queue
[2024-11-04T14:34:27.365+0000] {logging_mixin.py:190} INFO - [2024-11-04T14:34:27.365+0000] {dagbag.py:588} INFO - Filling up the DagBag from /home/airflow/.local/lib/python3.12/site-packages/airflow/example_dags/example_latest_only_with_trigger.py
[2024-11-04T14:34:27.375+0000] {processor.py:925} INFO - DAG(s) 'latest_only_with_trigger' retrieved from /home/airflow/.local/lib/python3.12/site-packages/airflow/example_dags/example_latest_only_with_trigger.py
[2024-11-04T14:34:27.400+0000] {logging_mixin.py:190} INFO - [2024-11-04T14:34:27.399+0000] {dag.py:3239} INFO - Sync 1 DAGs
[2024-11-04T14:34:27.421+0000] {logging_mixin.py:190} INFO - [2024-11-04T14:34:27.421+0000] {dag.py:4180} INFO - Setting next_dagrun for latest_only_with_trigger to 2024-11-04 08:00:00+00:00, run_after=2024-11-04 12:00:00+00:00
[2024-11-04T14:34:27.441+0000] {processor.py:208} INFO - Processing /home/airflow/.local/lib/python3.12/site-packages/airflow/example_dags/example_latest_only_with_trigger.py took 0.089 seconds
[2024-11-04T14:34:57.716+0000] {processor.py:186} INFO - Started process (PID=756) to work on /home/airflow/.local/lib/python3.12/site-packages/airflow/example_dags/example_latest_only_with_trigger.py
[2024-11-04T14:34:57.717+0000] {processor.py:914} INFO - Processing file /home/airflow/.local/lib/python3.12/site-packages/airflow/example_dags/example_latest_only_with_trigger.py for tasks to queue
[2024-11-04T14:34:57.720+0000] {logging_mixin.py:190} INFO - [2024-11-04T14:34:57.720+0000] {dagbag.py:588} INFO - Filling up the DagBag from /home/airflow/.local/lib/python3.12/site-packages/airflow/example_dags/example_latest_only_with_trigger.py
[2024-11-04T14:34:57.726+0000] {processor.py:925} INFO - DAG(s) 'latest_only_with_trigger' retrieved from /home/airflow/.local/lib/python3.12/site-packages/airflow/example_dags/example_latest_only_with_trigger.py
[2024-11-04T14:34:57.746+0000] {logging_mixin.py:190} INFO - [2024-11-04T14:34:57.745+0000] {dag.py:3239} INFO - Sync 1 DAGs
[2024-11-04T14:34:57.767+0000] {logging_mixin.py:190} INFO - [2024-11-04T14:34:57.766+0000] {dag.py:4180} INFO - Setting next_dagrun for latest_only_with_trigger to 2024-11-04 08:00:00+00:00, run_after=2024-11-04 12:00:00+00:00
[2024-11-04T14:34:57.785+0000] {processor.py:208} INFO - Processing /home/airflow/.local/lib/python3.12/site-packages/airflow/example_dags/example_latest_only_with_trigger.py took 0.075 seconds
[2024-11-04T14:36:23.335+0000] {processor.py:186} INFO - Started process (PID=184) to work on /home/airflow/.local/lib/python3.12/site-packages/airflow/example_dags/example_latest_only_with_trigger.py
[2024-11-04T14:36:23.337+0000] {processor.py:914} INFO - Processing file /home/airflow/.local/lib/python3.12/site-packages/airflow/example_dags/example_latest_only_with_trigger.py for tasks to queue
[2024-11-04T14:36:23.340+0000] {logging_mixin.py:190} INFO - [2024-11-04T14:36:23.340+0000] {dagbag.py:588} INFO - Filling up the DagBag from /home/airflow/.local/lib/python3.12/site-packages/airflow/example_dags/example_latest_only_with_trigger.py
[2024-11-04T14:36:23.349+0000] {processor.py:925} INFO - DAG(s) 'latest_only_with_trigger' retrieved from /home/airflow/.local/lib/python3.12/site-packages/airflow/example_dags/example_latest_only_with_trigger.py
[2024-11-04T14:36:23.474+0000] {logging_mixin.py:190} INFO - [2024-11-04T14:36:23.474+0000] {override.py:1900} INFO - Created Permission View: can delete on DAG:latest_only_with_trigger
[2024-11-04T14:36:23.489+0000] {logging_mixin.py:190} INFO - [2024-11-04T14:36:23.489+0000] {override.py:1900} INFO - Created Permission View: can read on DAG:latest_only_with_trigger
[2024-11-04T14:36:23.499+0000] {logging_mixin.py:190} INFO - [2024-11-04T14:36:23.499+0000] {override.py:1900} INFO - Created Permission View: can edit on DAG:latest_only_with_trigger
[2024-11-04T14:36:23.509+0000] {logging_mixin.py:190} INFO - [2024-11-04T14:36:23.509+0000] {override.py:1900} INFO - Created Permission View: can create on DAG Run:latest_only_with_trigger
[2024-11-04T14:36:23.519+0000] {logging_mixin.py:190} INFO - [2024-11-04T14:36:23.519+0000] {override.py:1900} INFO - Created Permission View: can delete on DAG Run:latest_only_with_trigger
[2024-11-04T14:36:23.528+0000] {logging_mixin.py:190} INFO - [2024-11-04T14:36:23.528+0000] {override.py:1900} INFO - Created Permission View: can read on DAG Run:latest_only_with_trigger
[2024-11-04T14:36:23.538+0000] {logging_mixin.py:190} INFO - [2024-11-04T14:36:23.538+0000] {override.py:1900} INFO - Created Permission View: menu access on DAG Run:latest_only_with_trigger
[2024-11-04T14:36:23.539+0000] {logging_mixin.py:190} INFO - [2024-11-04T14:36:23.539+0000] {dag.py:3239} INFO - Sync 1 DAGs
[2024-11-04T14:36:23.555+0000] {logging_mixin.py:190} INFO - [2024-11-04T14:36:23.555+0000] {dag.py:3262} INFO - Creating ORM DAG for latest_only_with_trigger
[2024-11-04T14:36:23.567+0000] {logging_mixin.py:190} INFO - [2024-11-04T14:36:23.567+0000] {dag.py:4180} INFO - Setting next_dagrun for latest_only_with_trigger to 2024-11-04 08:00:00+00:00, run_after=2024-11-04 12:00:00+00:00
[2024-11-04T14:36:23.590+0000] {processor.py:208} INFO - Processing /home/airflow/.local/lib/python3.12/site-packages/airflow/example_dags/example_latest_only_with_trigger.py took 0.262 seconds
[2024-11-04T14:36:54.463+0000] {processor.py:186} INFO - Started process (PID=470) to work on /home/airflow/.local/lib/python3.12/site-packages/airflow/example_dags/example_latest_only_with_trigger.py
[2024-11-04T14:36:54.464+0000] {processor.py:914} INFO - Processing file /home/airflow/.local/lib/python3.12/site-packages/airflow/example_dags/example_latest_only_with_trigger.py for tasks to queue
[2024-11-04T14:36:54.468+0000] {logging_mixin.py:190} INFO - [2024-11-04T14:36:54.467+0000] {dagbag.py:588} INFO - Filling up the DagBag from /home/airflow/.local/lib/python3.12/site-packages/airflow/example_dags/example_latest_only_with_trigger.py
[2024-11-04T14:36:54.475+0000] {processor.py:925} INFO - DAG(s) 'latest_only_with_trigger' retrieved from /home/airflow/.local/lib/python3.12/site-packages/airflow/example_dags/example_latest_only_with_trigger.py
[2024-11-04T14:36:54.493+0000] {logging_mixin.py:190} INFO - [2024-11-04T14:36:54.493+0000] {dag.py:3239} INFO - Sync 1 DAGs
[2024-11-04T14:36:54.514+0000] {logging_mixin.py:190} INFO - [2024-11-04T14:36:54.514+0000] {dag.py:4180} INFO - Setting next_dagrun for latest_only_with_trigger to 2024-11-04 08:00:00+00:00, run_after=2024-11-04 12:00:00+00:00
[2024-11-04T14:36:54.532+0000] {processor.py:208} INFO - Processing /home/airflow/.local/lib/python3.12/site-packages/airflow/example_dags/example_latest_only_with_trigger.py took 0.074 seconds
[2024-11-04T14:37:24.764+0000] {processor.py:186} INFO - Started process (PID=756) to work on /home/airflow/.local/lib/python3.12/site-packages/airflow/example_dags/example_latest_only_with_trigger.py
[2024-11-04T14:37:24.767+0000] {processor.py:914} INFO - Processing file /home/airflow/.local/lib/python3.12/site-packages/airflow/example_dags/example_latest_only_with_trigger.py for tasks to queue
[2024-11-04T14:37:24.773+0000] {logging_mixin.py:190} INFO - [2024-11-04T14:37:24.772+0000] {dagbag.py:588} INFO - Filling up the DagBag from /home/airflow/.local/lib/python3.12/site-packages/airflow/example_dags/example_latest_only_with_trigger.py
[2024-11-04T14:37:24.791+0000] {processor.py:925} INFO - DAG(s) 'latest_only_with_trigger' retrieved from /home/airflow/.local/lib/python3.12/site-packages/airflow/example_dags/example_latest_only_with_trigger.py
[2024-11-04T14:37:24.833+0000] {logging_mixin.py:190} INFO - [2024-11-04T14:37:24.832+0000] {dag.py:3239} INFO - Sync 1 DAGs
[2024-11-04T14:37:24.876+0000] {logging_mixin.py:190} INFO - [2024-11-04T14:37:24.876+0000] {dag.py:4180} INFO - Setting next_dagrun for latest_only_with_trigger to 2024-11-04 08:00:00+00:00, run_after=2024-11-04 12:00:00+00:00
[2024-11-04T14:37:24.913+0000] {processor.py:208} INFO - Processing /home/airflow/.local/lib/python3.12/site-packages/airflow/example_dags/example_latest_only_with_trigger.py took 0.168 seconds
[2024-11-04T14:37:55.210+0000] {processor.py:186} INFO - Started process (PID=1039) to work on /home/airflow/.local/lib/python3.12/site-packages/airflow/example_dags/example_latest_only_with_trigger.py
[2024-11-04T14:37:55.216+0000] {processor.py:914} INFO - Processing file /home/airflow/.local/lib/python3.12/site-packages/airflow/example_dags/example_latest_only_with_trigger.py for tasks to queue
[2024-11-04T14:37:55.230+0000] {logging_mixin.py:190} INFO - [2024-11-04T14:37:55.228+0000] {dagbag.py:588} INFO - Filling up the DagBag from /home/airflow/.local/lib/python3.12/site-packages/airflow/example_dags/example_latest_only_with_trigger.py
[2024-11-04T14:37:55.243+0000] {processor.py:925} INFO - DAG(s) 'latest_only_with_trigger' retrieved from /home/airflow/.local/lib/python3.12/site-packages/airflow/example_dags/example_latest_only_with_trigger.py
[2024-11-04T14:37:55.347+0000] {logging_mixin.py:190} INFO - [2024-11-04T14:37:55.347+0000] {dag.py:3239} INFO - Sync 1 DAGs
[2024-11-04T14:37:55.459+0000] {logging_mixin.py:190} INFO - [2024-11-04T14:37:55.458+0000] {dag.py:4180} INFO - Setting next_dagrun for latest_only_with_trigger to 2024-11-04 08:00:00+00:00, run_after=2024-11-04 12:00:00+00:00
[2024-11-04T14:37:55.530+0000] {processor.py:208} INFO - Processing /home/airflow/.local/lib/python3.12/site-packages/airflow/example_dags/example_latest_only_with_trigger.py took 0.356 seconds
[2024-11-04T14:38:25.937+0000] {processor.py:186} INFO - Started process (PID=1325) to work on /home/airflow/.local/lib/python3.12/site-packages/airflow/example_dags/example_latest_only_with_trigger.py
[2024-11-04T14:38:25.938+0000] {processor.py:914} INFO - Processing file /home/airflow/.local/lib/python3.12/site-packages/airflow/example_dags/example_latest_only_with_trigger.py for tasks to queue
[2024-11-04T14:38:25.942+0000] {logging_mixin.py:190} INFO - [2024-11-04T14:38:25.941+0000] {dagbag.py:588} INFO - Filling up the DagBag from /home/airflow/.local/lib/python3.12/site-packages/airflow/example_dags/example_latest_only_with_trigger.py
[2024-11-04T14:38:25.950+0000] {processor.py:925} INFO - DAG(s) 'latest_only_with_trigger' retrieved from /home/airflow/.local/lib/python3.12/site-packages/airflow/example_dags/example_latest_only_with_trigger.py
[2024-11-04T14:38:25.974+0000] {logging_mixin.py:190} INFO - [2024-11-04T14:38:25.973+0000] {dag.py:3239} INFO - Sync 1 DAGs
[2024-11-04T14:38:25.999+0000] {logging_mixin.py:190} INFO - [2024-11-04T14:38:25.998+0000] {dag.py:4180} INFO - Setting next_dagrun for latest_only_with_trigger to 2024-11-04 08:00:00+00:00, run_after=2024-11-04 12:00:00+00:00
[2024-11-04T14:38:26.034+0000] {processor.py:208} INFO - Processing /home/airflow/.local/lib/python3.12/site-packages/airflow/example_dags/example_latest_only_with_trigger.py took 0.104 seconds
[2024-11-04T14:38:56.198+0000] {processor.py:186} INFO - Started process (PID=1612) to work on /home/airflow/.local/lib/python3.12/site-packages/airflow/example_dags/example_latest_only_with_trigger.py
[2024-11-04T14:38:56.199+0000] {processor.py:914} INFO - Processing file /home/airflow/.local/lib/python3.12/site-packages/airflow/example_dags/example_latest_only_with_trigger.py for tasks to queue
[2024-11-04T14:38:56.202+0000] {logging_mixin.py:190} INFO - [2024-11-04T14:38:56.202+0000] {dagbag.py:588} INFO - Filling up the DagBag from /home/airflow/.local/lib/python3.12/site-packages/airflow/example_dags/example_latest_only_with_trigger.py
[2024-11-04T14:38:56.212+0000] {processor.py:925} INFO - DAG(s) 'latest_only_with_trigger' retrieved from /home/airflow/.local/lib/python3.12/site-packages/airflow/example_dags/example_latest_only_with_trigger.py
[2024-11-04T14:38:56.235+0000] {logging_mixin.py:190} INFO - [2024-11-04T14:38:56.235+0000] {dag.py:3239} INFO - Sync 1 DAGs
[2024-11-04T14:38:56.257+0000] {logging_mixin.py:190} INFO - [2024-11-04T14:38:56.257+0000] {dag.py:4180} INFO - Setting next_dagrun for latest_only_with_trigger to 2024-11-04 08:00:00+00:00, run_after=2024-11-04 12:00:00+00:00
[2024-11-04T14:38:56.280+0000] {processor.py:208} INFO - Processing /home/airflow/.local/lib/python3.12/site-packages/airflow/example_dags/example_latest_only_with_trigger.py took 0.090 seconds
[2024-11-04T14:39:27.232+0000] {processor.py:186} INFO - Started process (PID=1898) to work on /home/airflow/.local/lib/python3.12/site-packages/airflow/example_dags/example_latest_only_with_trigger.py
[2024-11-04T14:39:27.233+0000] {processor.py:914} INFO - Processing file /home/airflow/.local/lib/python3.12/site-packages/airflow/example_dags/example_latest_only_with_trigger.py for tasks to queue
[2024-11-04T14:39:27.236+0000] {logging_mixin.py:190} INFO - [2024-11-04T14:39:27.235+0000] {dagbag.py:588} INFO - Filling up the DagBag from /home/airflow/.local/lib/python3.12/site-packages/airflow/example_dags/example_latest_only_with_trigger.py
[2024-11-04T14:39:27.242+0000] {processor.py:925} INFO - DAG(s) 'latest_only_with_trigger' retrieved from /home/airflow/.local/lib/python3.12/site-packages/airflow/example_dags/example_latest_only_with_trigger.py
[2024-11-04T14:39:27.263+0000] {logging_mixin.py:190} INFO - [2024-11-04T14:39:27.263+0000] {dag.py:3239} INFO - Sync 1 DAGs
[2024-11-04T14:39:27.283+0000] {logging_mixin.py:190} INFO - [2024-11-04T14:39:27.282+0000] {dag.py:4180} INFO - Setting next_dagrun for latest_only_with_trigger to 2024-11-04 08:00:00+00:00, run_after=2024-11-04 12:00:00+00:00
[2024-11-04T14:39:27.303+0000] {processor.py:208} INFO - Processing /home/airflow/.local/lib/python3.12/site-packages/airflow/example_dags/example_latest_only_with_trigger.py took 0.077 seconds
[2024-11-04T14:39:57.920+0000] {processor.py:186} INFO - Started process (PID=2184) to work on /home/airflow/.local/lib/python3.12/site-packages/airflow/example_dags/example_latest_only_with_trigger.py
[2024-11-04T14:39:57.921+0000] {processor.py:914} INFO - Processing file /home/airflow/.local/lib/python3.12/site-packages/airflow/example_dags/example_latest_only_with_trigger.py for tasks to queue
[2024-11-04T14:39:57.923+0000] {logging_mixin.py:190} INFO - [2024-11-04T14:39:57.923+0000] {dagbag.py:588} INFO - Filling up the DagBag from /home/airflow/.local/lib/python3.12/site-packages/airflow/example_dags/example_latest_only_with_trigger.py
[2024-11-04T14:39:57.932+0000] {processor.py:925} INFO - DAG(s) 'latest_only_with_trigger' retrieved from /home/airflow/.local/lib/python3.12/site-packages/airflow/example_dags/example_latest_only_with_trigger.py
[2024-11-04T14:39:57.961+0000] {logging_mixin.py:190} INFO - [2024-11-04T14:39:57.961+0000] {dag.py:3239} INFO - Sync 1 DAGs
[2024-11-04T14:39:57.986+0000] {logging_mixin.py:190} INFO - [2024-11-04T14:39:57.986+0000] {dag.py:4180} INFO - Setting next_dagrun for latest_only_with_trigger to 2024-11-04 08:00:00+00:00, run_after=2024-11-04 12:00:00+00:00
[2024-11-04T14:39:58.012+0000] {processor.py:208} INFO - Processing /home/airflow/.local/lib/python3.12/site-packages/airflow/example_dags/example_latest_only_with_trigger.py took 0.100 seconds
[2024-11-04T14:40:28.581+0000] {processor.py:186} INFO - Started process (PID=2470) to work on /home/airflow/.local/lib/python3.12/site-packages/airflow/example_dags/example_latest_only_with_trigger.py
[2024-11-04T14:40:28.583+0000] {processor.py:914} INFO - Processing file /home/airflow/.local/lib/python3.12/site-packages/airflow/example_dags/example_latest_only_with_trigger.py for tasks to queue
[2024-11-04T14:40:28.585+0000] {logging_mixin.py:190} INFO - [2024-11-04T14:40:28.585+0000] {dagbag.py:588} INFO - Filling up the DagBag from /home/airflow/.local/lib/python3.12/site-packages/airflow/example_dags/example_latest_only_with_trigger.py
[2024-11-04T14:40:28.593+0000] {processor.py:925} INFO - DAG(s) 'latest_only_with_trigger' retrieved from /home/airflow/.local/lib/python3.12/site-packages/airflow/example_dags/example_latest_only_with_trigger.py
[2024-11-04T14:40:28.616+0000] {logging_mixin.py:190} INFO - [2024-11-04T14:40:28.616+0000] {dag.py:3239} INFO - Sync 1 DAGs
[2024-11-04T14:40:28.641+0000] {logging_mixin.py:190} INFO - [2024-11-04T14:40:28.641+0000] {dag.py:4180} INFO - Setting next_dagrun for latest_only_with_trigger to 2024-11-04 08:00:00+00:00, run_after=2024-11-04 12:00:00+00:00
[2024-11-04T14:40:28.662+0000] {processor.py:208} INFO - Processing /home/airflow/.local/lib/python3.12/site-packages/airflow/example_dags/example_latest_only_with_trigger.py took 0.087 seconds
[2024-11-04T14:40:59.315+0000] {processor.py:186} INFO - Started process (PID=2756) to work on /home/airflow/.local/lib/python3.12/site-packages/airflow/example_dags/example_latest_only_with_trigger.py
[2024-11-04T14:40:59.321+0000] {processor.py:914} INFO - Processing file /home/airflow/.local/lib/python3.12/site-packages/airflow/example_dags/example_latest_only_with_trigger.py for tasks to queue
[2024-11-04T14:40:59.335+0000] {logging_mixin.py:190} INFO - [2024-11-04T14:40:59.334+0000] {dagbag.py:588} INFO - Filling up the DagBag from /home/airflow/.local/lib/python3.12/site-packages/airflow/example_dags/example_latest_only_with_trigger.py
[2024-11-04T14:40:59.361+0000] {processor.py:925} INFO - DAG(s) 'latest_only_with_trigger' retrieved from /home/airflow/.local/lib/python3.12/site-packages/airflow/example_dags/example_latest_only_with_trigger.py
[2024-11-04T14:40:59.501+0000] {logging_mixin.py:190} INFO - [2024-11-04T14:40:59.500+0000] {dag.py:3239} INFO - Sync 1 DAGs
[2024-11-04T14:40:59.663+0000] {logging_mixin.py:190} INFO - [2024-11-04T14:40:59.659+0000] {dag.py:4180} INFO - Setting next_dagrun for latest_only_with_trigger to 2024-11-04 08:00:00+00:00, run_after=2024-11-04 12:00:00+00:00
[2024-11-04T14:40:59.822+0000] {processor.py:208} INFO - Processing /home/airflow/.local/lib/python3.12/site-packages/airflow/example_dags/example_latest_only_with_trigger.py took 0.540 seconds
[2024-11-04T14:41:30.394+0000] {processor.py:186} INFO - Started process (PID=3042) to work on /home/airflow/.local/lib/python3.12/site-packages/airflow/example_dags/example_latest_only_with_trigger.py
[2024-11-04T14:41:30.396+0000] {processor.py:914} INFO - Processing file /home/airflow/.local/lib/python3.12/site-packages/airflow/example_dags/example_latest_only_with_trigger.py for tasks to queue
[2024-11-04T14:41:30.399+0000] {logging_mixin.py:190} INFO - [2024-11-04T14:41:30.399+0000] {dagbag.py:588} INFO - Filling up the DagBag from /home/airflow/.local/lib/python3.12/site-packages/airflow/example_dags/example_latest_only_with_trigger.py
[2024-11-04T14:41:30.406+0000] {processor.py:925} INFO - DAG(s) 'latest_only_with_trigger' retrieved from /home/airflow/.local/lib/python3.12/site-packages/airflow/example_dags/example_latest_only_with_trigger.py
[2024-11-04T14:41:30.426+0000] {logging_mixin.py:190} INFO - [2024-11-04T14:41:30.426+0000] {dag.py:3239} INFO - Sync 1 DAGs
[2024-11-04T14:41:30.447+0000] {logging_mixin.py:190} INFO - [2024-11-04T14:41:30.447+0000] {dag.py:4180} INFO - Setting next_dagrun for latest_only_with_trigger to 2024-11-04 08:00:00+00:00, run_after=2024-11-04 12:00:00+00:00
[2024-11-04T14:41:30.468+0000] {processor.py:208} INFO - Processing /home/airflow/.local/lib/python3.12/site-packages/airflow/example_dags/example_latest_only_with_trigger.py took 0.080 seconds
[2024-11-04T14:42:00.918+0000] {processor.py:186} INFO - Started process (PID=3334) to work on /home/airflow/.local/lib/python3.12/site-packages/airflow/example_dags/example_latest_only_with_trigger.py
[2024-11-04T14:42:00.920+0000] {processor.py:914} INFO - Processing file /home/airflow/.local/lib/python3.12/site-packages/airflow/example_dags/example_latest_only_with_trigger.py for tasks to queue
[2024-11-04T14:42:00.922+0000] {logging_mixin.py:190} INFO - [2024-11-04T14:42:00.921+0000] {dagbag.py:588} INFO - Filling up the DagBag from /home/airflow/.local/lib/python3.12/site-packages/airflow/example_dags/example_latest_only_with_trigger.py
[2024-11-04T14:42:00.928+0000] {processor.py:925} INFO - DAG(s) 'latest_only_with_trigger' retrieved from /home/airflow/.local/lib/python3.12/site-packages/airflow/example_dags/example_latest_only_with_trigger.py
[2024-11-04T14:42:00.950+0000] {logging_mixin.py:190} INFO - [2024-11-04T14:42:00.950+0000] {dag.py:3239} INFO - Sync 1 DAGs
[2024-11-04T14:42:00.971+0000] {logging_mixin.py:190} INFO - [2024-11-04T14:42:00.971+0000] {dag.py:4180} INFO - Setting next_dagrun for latest_only_with_trigger to 2024-11-04 08:00:00+00:00, run_after=2024-11-04 12:00:00+00:00
[2024-11-04T14:42:00.989+0000] {processor.py:208} INFO - Processing /home/airflow/.local/lib/python3.12/site-packages/airflow/example_dags/example_latest_only_with_trigger.py took 0.077 seconds
[2024-11-04T14:42:31.673+0000] {processor.py:186} INFO - Started process (PID=3619) to work on /home/airflow/.local/lib/python3.12/site-packages/airflow/example_dags/example_latest_only_with_trigger.py
[2024-11-04T14:42:31.674+0000] {processor.py:914} INFO - Processing file /home/airflow/.local/lib/python3.12/site-packages/airflow/example_dags/example_latest_only_with_trigger.py for tasks to queue
[2024-11-04T14:42:31.676+0000] {logging_mixin.py:190} INFO - [2024-11-04T14:42:31.676+0000] {dagbag.py:588} INFO - Filling up the DagBag from /home/airflow/.local/lib/python3.12/site-packages/airflow/example_dags/example_latest_only_with_trigger.py
[2024-11-04T14:42:31.683+0000] {processor.py:925} INFO - DAG(s) 'latest_only_with_trigger' retrieved from /home/airflow/.local/lib/python3.12/site-packages/airflow/example_dags/example_latest_only_with_trigger.py
[2024-11-04T14:42:31.703+0000] {logging_mixin.py:190} INFO - [2024-11-04T14:42:31.703+0000] {dag.py:3239} INFO - Sync 1 DAGs
[2024-11-04T14:42:31.724+0000] {logging_mixin.py:190} INFO - [2024-11-04T14:42:31.724+0000] {dag.py:4180} INFO - Setting next_dagrun for latest_only_with_trigger to 2024-11-04 08:00:00+00:00, run_after=2024-11-04 12:00:00+00:00
[2024-11-04T14:42:31.742+0000] {processor.py:208} INFO - Processing /home/airflow/.local/lib/python3.12/site-packages/airflow/example_dags/example_latest_only_with_trigger.py took 0.074 seconds
[2024-11-04T14:43:02.243+0000] {processor.py:186} INFO - Started process (PID=3905) to work on /home/airflow/.local/lib/python3.12/site-packages/airflow/example_dags/example_latest_only_with_trigger.py
[2024-11-04T14:43:02.244+0000] {processor.py:914} INFO - Processing file /home/airflow/.local/lib/python3.12/site-packages/airflow/example_dags/example_latest_only_with_trigger.py for tasks to queue
[2024-11-04T14:43:02.247+0000] {logging_mixin.py:190} INFO - [2024-11-04T14:43:02.247+0000] {dagbag.py:588} INFO - Filling up the DagBag from /home/airflow/.local/lib/python3.12/site-packages/airflow/example_dags/example_latest_only_with_trigger.py
[2024-11-04T14:43:02.254+0000] {processor.py:925} INFO - DAG(s) 'latest_only_with_trigger' retrieved from /home/airflow/.local/lib/python3.12/site-packages/airflow/example_dags/example_latest_only_with_trigger.py
[2024-11-04T14:43:02.274+0000] {logging_mixin.py:190} INFO - [2024-11-04T14:43:02.274+0000] {dag.py:3239} INFO - Sync 1 DAGs
[2024-11-04T14:43:02.295+0000] {logging_mixin.py:190} INFO - [2024-11-04T14:43:02.295+0000] {dag.py:4180} INFO - Setting next_dagrun for latest_only_with_trigger to 2024-11-04 08:00:00+00:00, run_after=2024-11-04 12:00:00+00:00
[2024-11-04T14:43:02.314+0000] {processor.py:208} INFO - Processing /home/airflow/.local/lib/python3.12/site-packages/airflow/example_dags/example_latest_only_with_trigger.py took 0.077 seconds
[2024-11-04T14:44:50.971+0000] {processor.py:186} INFO - Started process (PID=191) to work on /home/airflow/.local/lib/python3.12/site-packages/airflow/example_dags/example_latest_only_with_trigger.py
[2024-11-04T14:44:50.972+0000] {processor.py:914} INFO - Processing file /home/airflow/.local/lib/python3.12/site-packages/airflow/example_dags/example_latest_only_with_trigger.py for tasks to queue
[2024-11-04T14:44:50.977+0000] {logging_mixin.py:190} INFO - [2024-11-04T14:44:50.976+0000] {dagbag.py:588} INFO - Filling up the DagBag from /home/airflow/.local/lib/python3.12/site-packages/airflow/example_dags/example_latest_only_with_trigger.py
[2024-11-04T14:44:50.988+0000] {processor.py:925} INFO - DAG(s) 'latest_only_with_trigger' retrieved from /home/airflow/.local/lib/python3.12/site-packages/airflow/example_dags/example_latest_only_with_trigger.py
[2024-11-04T14:44:51.143+0000] {logging_mixin.py:190} INFO - [2024-11-04T14:44:51.142+0000] {override.py:1900} INFO - Created Permission View: can delete on DAG:latest_only_with_trigger
[2024-11-04T14:44:51.161+0000] {logging_mixin.py:190} INFO - [2024-11-04T14:44:51.160+0000] {override.py:1900} INFO - Created Permission View: can read on DAG:latest_only_with_trigger
[2024-11-04T14:44:51.173+0000] {logging_mixin.py:190} INFO - [2024-11-04T14:44:51.172+0000] {override.py:1900} INFO - Created Permission View: can edit on DAG:latest_only_with_trigger
[2024-11-04T14:44:51.186+0000] {logging_mixin.py:190} INFO - [2024-11-04T14:44:51.185+0000] {override.py:1900} INFO - Created Permission View: can create on DAG Run:latest_only_with_trigger
[2024-11-04T14:44:51.197+0000] {logging_mixin.py:190} INFO - [2024-11-04T14:44:51.197+0000] {override.py:1900} INFO - Created Permission View: can delete on DAG Run:latest_only_with_trigger
[2024-11-04T14:44:51.208+0000] {logging_mixin.py:190} INFO - [2024-11-04T14:44:51.208+0000] {override.py:1900} INFO - Created Permission View: menu access on DAG Run:latest_only_with_trigger
[2024-11-04T14:44:51.219+0000] {logging_mixin.py:190} INFO - [2024-11-04T14:44:51.219+0000] {override.py:1900} INFO - Created Permission View: can read on DAG Run:latest_only_with_trigger
[2024-11-04T14:44:51.220+0000] {logging_mixin.py:190} INFO - [2024-11-04T14:44:51.220+0000] {dag.py:3239} INFO - Sync 1 DAGs
[2024-11-04T14:44:51.246+0000] {logging_mixin.py:190} INFO - [2024-11-04T14:44:51.245+0000] {dag.py:3262} INFO - Creating ORM DAG for latest_only_with_trigger
[2024-11-04T14:44:51.270+0000] {logging_mixin.py:190} INFO - [2024-11-04T14:44:51.269+0000] {dag.py:4180} INFO - Setting next_dagrun for latest_only_with_trigger to 2024-11-04 08:00:00+00:00, run_after=2024-11-04 12:00:00+00:00
[2024-11-04T14:44:51.302+0000] {processor.py:208} INFO - Processing /home/airflow/.local/lib/python3.12/site-packages/airflow/example_dags/example_latest_only_with_trigger.py took 0.341 seconds
[2024-11-04T14:45:22.084+0000] {processor.py:186} INFO - Started process (PID=477) to work on /home/airflow/.local/lib/python3.12/site-packages/airflow/example_dags/example_latest_only_with_trigger.py
[2024-11-04T14:45:22.086+0000] {processor.py:914} INFO - Processing file /home/airflow/.local/lib/python3.12/site-packages/airflow/example_dags/example_latest_only_with_trigger.py for tasks to queue
[2024-11-04T14:45:22.090+0000] {logging_mixin.py:190} INFO - [2024-11-04T14:45:22.089+0000] {dagbag.py:588} INFO - Filling up the DagBag from /home/airflow/.local/lib/python3.12/site-packages/airflow/example_dags/example_latest_only_with_trigger.py
[2024-11-04T14:45:22.103+0000] {processor.py:925} INFO - DAG(s) 'latest_only_with_trigger' retrieved from /home/airflow/.local/lib/python3.12/site-packages/airflow/example_dags/example_latest_only_with_trigger.py
[2024-11-04T14:45:22.132+0000] {logging_mixin.py:190} INFO - [2024-11-04T14:45:22.131+0000] {dag.py:3239} INFO - Sync 1 DAGs
[2024-11-04T14:45:22.156+0000] {logging_mixin.py:190} INFO - [2024-11-04T14:45:22.156+0000] {dag.py:4180} INFO - Setting next_dagrun for latest_only_with_trigger to 2024-11-04 08:00:00+00:00, run_after=2024-11-04 12:00:00+00:00
[2024-11-04T14:45:22.181+0000] {processor.py:208} INFO - Processing /home/airflow/.local/lib/python3.12/site-packages/airflow/example_dags/example_latest_only_with_trigger.py took 0.102 seconds
[2024-11-04T14:45:52.550+0000] {processor.py:186} INFO - Started process (PID=763) to work on /home/airflow/.local/lib/python3.12/site-packages/airflow/example_dags/example_latest_only_with_trigger.py
[2024-11-04T14:45:52.551+0000] {processor.py:914} INFO - Processing file /home/airflow/.local/lib/python3.12/site-packages/airflow/example_dags/example_latest_only_with_trigger.py for tasks to queue
[2024-11-04T14:45:52.554+0000] {logging_mixin.py:190} INFO - [2024-11-04T14:45:52.554+0000] {dagbag.py:588} INFO - Filling up the DagBag from /home/airflow/.local/lib/python3.12/site-packages/airflow/example_dags/example_latest_only_with_trigger.py
[2024-11-04T14:45:52.561+0000] {processor.py:925} INFO - DAG(s) 'latest_only_with_trigger' retrieved from /home/airflow/.local/lib/python3.12/site-packages/airflow/example_dags/example_latest_only_with_trigger.py
[2024-11-04T14:45:52.586+0000] {logging_mixin.py:190} INFO - [2024-11-04T14:45:52.585+0000] {dag.py:3239} INFO - Sync 1 DAGs
[2024-11-04T14:45:52.612+0000] {logging_mixin.py:190} INFO - [2024-11-04T14:45:52.612+0000] {dag.py:4180} INFO - Setting next_dagrun for latest_only_with_trigger to 2024-11-04 08:00:00+00:00, run_after=2024-11-04 12:00:00+00:00
[2024-11-04T14:45:52.637+0000] {processor.py:208} INFO - Processing /home/airflow/.local/lib/python3.12/site-packages/airflow/example_dags/example_latest_only_with_trigger.py took 0.093 seconds
[2024-11-04T14:46:23.609+0000] {processor.py:186} INFO - Started process (PID=1049) to work on /home/airflow/.local/lib/python3.12/site-packages/airflow/example_dags/example_latest_only_with_trigger.py
[2024-11-04T14:46:23.610+0000] {processor.py:914} INFO - Processing file /home/airflow/.local/lib/python3.12/site-packages/airflow/example_dags/example_latest_only_with_trigger.py for tasks to queue
[2024-11-04T14:46:23.613+0000] {logging_mixin.py:190} INFO - [2024-11-04T14:46:23.613+0000] {dagbag.py:588} INFO - Filling up the DagBag from /home/airflow/.local/lib/python3.12/site-packages/airflow/example_dags/example_latest_only_with_trigger.py
[2024-11-04T14:46:23.620+0000] {processor.py:925} INFO - DAG(s) 'latest_only_with_trigger' retrieved from /home/airflow/.local/lib/python3.12/site-packages/airflow/example_dags/example_latest_only_with_trigger.py
[2024-11-04T14:46:23.645+0000] {logging_mixin.py:190} INFO - [2024-11-04T14:46:23.645+0000] {dag.py:3239} INFO - Sync 1 DAGs
[2024-11-04T14:46:23.668+0000] {logging_mixin.py:190} INFO - [2024-11-04T14:46:23.668+0000] {dag.py:4180} INFO - Setting next_dagrun for latest_only_with_trigger to 2024-11-04 08:00:00+00:00, run_after=2024-11-04 12:00:00+00:00
[2024-11-04T14:46:23.692+0000] {processor.py:208} INFO - Processing /home/airflow/.local/lib/python3.12/site-packages/airflow/example_dags/example_latest_only_with_trigger.py took 0.089 seconds
[2024-11-04T14:46:54.384+0000] {processor.py:186} INFO - Started process (PID=1335) to work on /home/airflow/.local/lib/python3.12/site-packages/airflow/example_dags/example_latest_only_with_trigger.py
[2024-11-04T14:46:54.386+0000] {processor.py:914} INFO - Processing file /home/airflow/.local/lib/python3.12/site-packages/airflow/example_dags/example_latest_only_with_trigger.py for tasks to queue
[2024-11-04T14:46:54.391+0000] {logging_mixin.py:190} INFO - [2024-11-04T14:46:54.391+0000] {dagbag.py:588} INFO - Filling up the DagBag from /home/airflow/.local/lib/python3.12/site-packages/airflow/example_dags/example_latest_only_with_trigger.py
[2024-11-04T14:46:54.399+0000] {processor.py:925} INFO - DAG(s) 'latest_only_with_trigger' retrieved from /home/airflow/.local/lib/python3.12/site-packages/airflow/example_dags/example_latest_only_with_trigger.py
[2024-11-04T14:46:54.424+0000] {logging_mixin.py:190} INFO - [2024-11-04T14:46:54.424+0000] {dag.py:3239} INFO - Sync 1 DAGs
[2024-11-04T14:46:54.447+0000] {logging_mixin.py:190} INFO - [2024-11-04T14:46:54.446+0000] {dag.py:4180} INFO - Setting next_dagrun for latest_only_with_trigger to 2024-11-04 08:00:00+00:00, run_after=2024-11-04 12:00:00+00:00
[2024-11-04T14:46:54.466+0000] {processor.py:208} INFO - Processing /home/airflow/.local/lib/python3.12/site-packages/airflow/example_dags/example_latest_only_with_trigger.py took 0.088 seconds
[2024-11-04T14:49:10.908+0000] {processor.py:186} INFO - Started process (PID=184) to work on /home/airflow/.local/lib/python3.12/site-packages/airflow/example_dags/example_latest_only_with_trigger.py
[2024-11-04T14:49:10.910+0000] {processor.py:914} INFO - Processing file /home/airflow/.local/lib/python3.12/site-packages/airflow/example_dags/example_latest_only_with_trigger.py for tasks to queue
[2024-11-04T14:49:10.914+0000] {logging_mixin.py:190} INFO - [2024-11-04T14:49:10.914+0000] {dagbag.py:588} INFO - Filling up the DagBag from /home/airflow/.local/lib/python3.12/site-packages/airflow/example_dags/example_latest_only_with_trigger.py
[2024-11-04T14:49:10.924+0000] {processor.py:925} INFO - DAG(s) 'latest_only_with_trigger' retrieved from /home/airflow/.local/lib/python3.12/site-packages/airflow/example_dags/example_latest_only_with_trigger.py
[2024-11-04T14:49:11.071+0000] {logging_mixin.py:190} INFO - [2024-11-04T14:49:11.069+0000] {override.py:1900} INFO - Created Permission View: can edit on DAG:latest_only_with_trigger
[2024-11-04T14:49:11.088+0000] {logging_mixin.py:190} INFO - [2024-11-04T14:49:11.088+0000] {override.py:1900} INFO - Created Permission View: can delete on DAG:latest_only_with_trigger
[2024-11-04T14:49:11.100+0000] {logging_mixin.py:190} INFO - [2024-11-04T14:49:11.099+0000] {override.py:1900} INFO - Created Permission View: can read on DAG:latest_only_with_trigger
[2024-11-04T14:49:11.113+0000] {logging_mixin.py:190} INFO - [2024-11-04T14:49:11.113+0000] {override.py:1900} INFO - Created Permission View: can create on DAG Run:latest_only_with_trigger
[2024-11-04T14:49:11.125+0000] {logging_mixin.py:190} INFO - [2024-11-04T14:49:11.124+0000] {override.py:1900} INFO - Created Permission View: can read on DAG Run:latest_only_with_trigger
[2024-11-04T14:49:11.137+0000] {logging_mixin.py:190} INFO - [2024-11-04T14:49:11.136+0000] {override.py:1900} INFO - Created Permission View: can delete on DAG Run:latest_only_with_trigger
[2024-11-04T14:49:11.148+0000] {logging_mixin.py:190} INFO - [2024-11-04T14:49:11.148+0000] {override.py:1900} INFO - Created Permission View: menu access on DAG Run:latest_only_with_trigger
[2024-11-04T14:49:11.149+0000] {logging_mixin.py:190} INFO - [2024-11-04T14:49:11.149+0000] {dag.py:3239} INFO - Sync 1 DAGs
[2024-11-04T14:49:11.166+0000] {logging_mixin.py:190} INFO - [2024-11-04T14:49:11.166+0000] {dag.py:3262} INFO - Creating ORM DAG for latest_only_with_trigger
[2024-11-04T14:49:11.180+0000] {logging_mixin.py:190} INFO - [2024-11-04T14:49:11.179+0000] {dag.py:4180} INFO - Setting next_dagrun for latest_only_with_trigger to 2024-11-04 08:00:00+00:00, run_after=2024-11-04 12:00:00+00:00
[2024-11-04T14:49:11.205+0000] {processor.py:208} INFO - Processing /home/airflow/.local/lib/python3.12/site-packages/airflow/example_dags/example_latest_only_with_trigger.py took 0.305 seconds
