[2024-11-04T14:34:05.405+0000] {processor.py:186} INFO - Started process (PID=349) to work on /home/airflow/.local/lib/python3.12/site-packages/airflow/example_dags/example_params_trigger_ui.py
[2024-11-04T14:34:05.407+0000] {processor.py:914} INFO - Processing file /home/airflow/.local/lib/python3.12/site-packages/airflow/example_dags/example_params_trigger_ui.py for tasks to queue
[2024-11-04T14:34:05.411+0000] {logging_mixin.py:190} INFO - [2024-11-04T14:34:05.411+0000] {dagbag.py:588} INFO - Filling up the DagBag from /home/airflow/.local/lib/python3.12/site-packages/airflow/example_dags/example_params_trigger_ui.py
[2024-11-04T14:34:05.437+0000] {processor.py:925} INFO - DAG(s) 'example_params_trigger_ui' retrieved from /home/airflow/.local/lib/python3.12/site-packages/airflow/example_dags/example_params_trigger_ui.py
[2024-11-04T14:34:05.674+0000] {logging_mixin.py:190} INFO - [2024-11-04T14:34:05.673+0000] {override.py:1900} INFO - Created Permission View: can edit on DAG:example_params_trigger_ui
[2024-11-04T14:34:05.694+0000] {logging_mixin.py:190} INFO - [2024-11-04T14:34:05.693+0000] {override.py:1900} INFO - Created Permission View: can read on DAG:example_params_trigger_ui
[2024-11-04T14:34:05.710+0000] {logging_mixin.py:190} INFO - [2024-11-04T14:34:05.709+0000] {override.py:1900} INFO - Created Permission View: can delete on DAG:example_params_trigger_ui
[2024-11-04T14:34:05.725+0000] {logging_mixin.py:190} INFO - [2024-11-04T14:34:05.725+0000] {override.py:1900} INFO - Created Permission View: can read on DAG Run:example_params_trigger_ui
[2024-11-04T14:34:05.739+0000] {logging_mixin.py:190} INFO - [2024-11-04T14:34:05.739+0000] {override.py:1900} INFO - Created Permission View: can delete on DAG Run:example_params_trigger_ui
[2024-11-04T14:34:05.752+0000] {logging_mixin.py:190} INFO - [2024-11-04T14:34:05.751+0000] {override.py:1900} INFO - Created Permission View: menu access on DAG Run:example_params_trigger_ui
[2024-11-04T14:34:05.766+0000] {logging_mixin.py:190} INFO - [2024-11-04T14:34:05.765+0000] {override.py:1900} INFO - Created Permission View: can create on DAG Run:example_params_trigger_ui
[2024-11-04T14:34:05.768+0000] {logging_mixin.py:190} INFO - [2024-11-04T14:34:05.768+0000] {dag.py:3239} INFO - Sync 1 DAGs
[2024-11-04T14:34:05.799+0000] {logging_mixin.py:190} INFO - [2024-11-04T14:34:05.799+0000] {dag.py:3262} INFO - Creating ORM DAG for example_params_trigger_ui
[2024-11-04T14:34:05.802+0000] {logging_mixin.py:190} INFO - [2024-11-04T14:34:05.801+0000] {dag.py:4180} INFO - Setting next_dagrun for example_params_trigger_ui to None, run_after=None
[2024-11-04T14:34:05.838+0000] {processor.py:208} INFO - Processing /home/airflow/.local/lib/python3.12/site-packages/airflow/example_dags/example_params_trigger_ui.py took 0.442 seconds
[2024-11-04T14:34:35.956+0000] {processor.py:186} INFO - Started process (PID=636) to work on /home/airflow/.local/lib/python3.12/site-packages/airflow/example_dags/example_params_trigger_ui.py
[2024-11-04T14:34:35.957+0000] {processor.py:914} INFO - Processing file /home/airflow/.local/lib/python3.12/site-packages/airflow/example_dags/example_params_trigger_ui.py for tasks to queue
[2024-11-04T14:34:35.960+0000] {logging_mixin.py:190} INFO - [2024-11-04T14:34:35.960+0000] {dagbag.py:588} INFO - Filling up the DagBag from /home/airflow/.local/lib/python3.12/site-packages/airflow/example_dags/example_params_trigger_ui.py
[2024-11-04T14:34:35.971+0000] {processor.py:925} INFO - DAG(s) 'example_params_trigger_ui' retrieved from /home/airflow/.local/lib/python3.12/site-packages/airflow/example_dags/example_params_trigger_ui.py
[2024-11-04T14:34:36.010+0000] {logging_mixin.py:190} INFO - [2024-11-04T14:34:36.010+0000] {dag.py:3239} INFO - Sync 1 DAGs
[2024-11-04T14:34:36.024+0000] {logging_mixin.py:190} INFO - [2024-11-04T14:34:36.024+0000] {dag.py:4180} INFO - Setting next_dagrun for example_params_trigger_ui to None, run_after=None
[2024-11-04T14:34:36.045+0000] {processor.py:208} INFO - Processing /home/airflow/.local/lib/python3.12/site-packages/airflow/example_dags/example_params_trigger_ui.py took 0.094 seconds
[2024-11-04T14:35:06.319+0000] {processor.py:186} INFO - Started process (PID=924) to work on /home/airflow/.local/lib/python3.12/site-packages/airflow/example_dags/example_params_trigger_ui.py
[2024-11-04T14:35:06.320+0000] {processor.py:914} INFO - Processing file /home/airflow/.local/lib/python3.12/site-packages/airflow/example_dags/example_params_trigger_ui.py for tasks to queue
[2024-11-04T14:35:06.323+0000] {logging_mixin.py:190} INFO - [2024-11-04T14:35:06.322+0000] {dagbag.py:588} INFO - Filling up the DagBag from /home/airflow/.local/lib/python3.12/site-packages/airflow/example_dags/example_params_trigger_ui.py
[2024-11-04T14:35:06.332+0000] {processor.py:925} INFO - DAG(s) 'example_params_trigger_ui' retrieved from /home/airflow/.local/lib/python3.12/site-packages/airflow/example_dags/example_params_trigger_ui.py
[2024-11-04T14:35:06.367+0000] {logging_mixin.py:190} INFO - [2024-11-04T14:35:06.366+0000] {dag.py:3239} INFO - Sync 1 DAGs
[2024-11-04T14:35:06.379+0000] {logging_mixin.py:190} INFO - [2024-11-04T14:35:06.378+0000] {dag.py:4180} INFO - Setting next_dagrun for example_params_trigger_ui to None, run_after=None
[2024-11-04T14:35:06.398+0000] {processor.py:208} INFO - Processing /home/airflow/.local/lib/python3.12/site-packages/airflow/example_dags/example_params_trigger_ui.py took 0.084 seconds
[2024-11-04T14:36:33.165+0000] {processor.py:186} INFO - Started process (PID=352) to work on /home/airflow/.local/lib/python3.12/site-packages/airflow/example_dags/example_params_trigger_ui.py
[2024-11-04T14:36:33.167+0000] {processor.py:914} INFO - Processing file /home/airflow/.local/lib/python3.12/site-packages/airflow/example_dags/example_params_trigger_ui.py for tasks to queue
[2024-11-04T14:36:33.170+0000] {logging_mixin.py:190} INFO - [2024-11-04T14:36:33.170+0000] {dagbag.py:588} INFO - Filling up the DagBag from /home/airflow/.local/lib/python3.12/site-packages/airflow/example_dags/example_params_trigger_ui.py
[2024-11-04T14:36:33.187+0000] {processor.py:925} INFO - DAG(s) 'example_params_trigger_ui' retrieved from /home/airflow/.local/lib/python3.12/site-packages/airflow/example_dags/example_params_trigger_ui.py
[2024-11-04T14:36:33.353+0000] {logging_mixin.py:190} INFO - [2024-11-04T14:36:33.352+0000] {override.py:1900} INFO - Created Permission View: can delete on DAG:example_params_trigger_ui
[2024-11-04T14:36:33.369+0000] {logging_mixin.py:190} INFO - [2024-11-04T14:36:33.368+0000] {override.py:1900} INFO - Created Permission View: can read on DAG:example_params_trigger_ui
[2024-11-04T14:36:33.381+0000] {logging_mixin.py:190} INFO - [2024-11-04T14:36:33.380+0000] {override.py:1900} INFO - Created Permission View: can edit on DAG:example_params_trigger_ui
[2024-11-04T14:36:33.394+0000] {logging_mixin.py:190} INFO - [2024-11-04T14:36:33.394+0000] {override.py:1900} INFO - Created Permission View: can create on DAG Run:example_params_trigger_ui
[2024-11-04T14:36:33.404+0000] {logging_mixin.py:190} INFO - [2024-11-04T14:36:33.404+0000] {override.py:1900} INFO - Created Permission View: can delete on DAG Run:example_params_trigger_ui
[2024-11-04T14:36:33.414+0000] {logging_mixin.py:190} INFO - [2024-11-04T14:36:33.414+0000] {override.py:1900} INFO - Created Permission View: can read on DAG Run:example_params_trigger_ui
[2024-11-04T14:36:33.426+0000] {logging_mixin.py:190} INFO - [2024-11-04T14:36:33.425+0000] {override.py:1900} INFO - Created Permission View: menu access on DAG Run:example_params_trigger_ui
[2024-11-04T14:36:33.427+0000] {logging_mixin.py:190} INFO - [2024-11-04T14:36:33.427+0000] {dag.py:3239} INFO - Sync 1 DAGs
[2024-11-04T14:36:33.444+0000] {logging_mixin.py:190} INFO - [2024-11-04T14:36:33.444+0000] {dag.py:3262} INFO - Creating ORM DAG for example_params_trigger_ui
[2024-11-04T14:36:33.446+0000] {logging_mixin.py:190} INFO - [2024-11-04T14:36:33.445+0000] {dag.py:4180} INFO - Setting next_dagrun for example_params_trigger_ui to None, run_after=None
[2024-11-04T14:36:33.474+0000] {processor.py:208} INFO - Processing /home/airflow/.local/lib/python3.12/site-packages/airflow/example_dags/example_params_trigger_ui.py took 0.317 seconds
[2024-11-04T14:37:03.880+0000] {processor.py:186} INFO - Started process (PID=638) to work on /home/airflow/.local/lib/python3.12/site-packages/airflow/example_dags/example_params_trigger_ui.py
[2024-11-04T14:37:03.881+0000] {processor.py:914} INFO - Processing file /home/airflow/.local/lib/python3.12/site-packages/airflow/example_dags/example_params_trigger_ui.py for tasks to queue
[2024-11-04T14:37:03.883+0000] {logging_mixin.py:190} INFO - [2024-11-04T14:37:03.883+0000] {dagbag.py:588} INFO - Filling up the DagBag from /home/airflow/.local/lib/python3.12/site-packages/airflow/example_dags/example_params_trigger_ui.py
[2024-11-04T14:37:03.894+0000] {processor.py:925} INFO - DAG(s) 'example_params_trigger_ui' retrieved from /home/airflow/.local/lib/python3.12/site-packages/airflow/example_dags/example_params_trigger_ui.py
[2024-11-04T14:37:03.928+0000] {logging_mixin.py:190} INFO - [2024-11-04T14:37:03.928+0000] {dag.py:3239} INFO - Sync 1 DAGs
[2024-11-04T14:37:03.942+0000] {logging_mixin.py:190} INFO - [2024-11-04T14:37:03.942+0000] {dag.py:4180} INFO - Setting next_dagrun for example_params_trigger_ui to None, run_after=None
[2024-11-04T14:37:03.962+0000] {processor.py:208} INFO - Processing /home/airflow/.local/lib/python3.12/site-packages/airflow/example_dags/example_params_trigger_ui.py took 0.087 seconds
[2024-11-04T14:37:34.329+0000] {processor.py:186} INFO - Started process (PID=922) to work on /home/airflow/.local/lib/python3.12/site-packages/airflow/example_dags/example_params_trigger_ui.py
[2024-11-04T14:37:34.331+0000] {processor.py:914} INFO - Processing file /home/airflow/.local/lib/python3.12/site-packages/airflow/example_dags/example_params_trigger_ui.py for tasks to queue
[2024-11-04T14:37:34.335+0000] {logging_mixin.py:190} INFO - [2024-11-04T14:37:34.335+0000] {dagbag.py:588} INFO - Filling up the DagBag from /home/airflow/.local/lib/python3.12/site-packages/airflow/example_dags/example_params_trigger_ui.py
[2024-11-04T14:37:34.352+0000] {processor.py:925} INFO - DAG(s) 'example_params_trigger_ui' retrieved from /home/airflow/.local/lib/python3.12/site-packages/airflow/example_dags/example_params_trigger_ui.py
[2024-11-04T14:37:34.435+0000] {logging_mixin.py:190} INFO - [2024-11-04T14:37:34.435+0000] {dag.py:3239} INFO - Sync 1 DAGs
[2024-11-04T14:37:34.465+0000] {logging_mixin.py:190} INFO - [2024-11-04T14:37:34.464+0000] {dag.py:4180} INFO - Setting next_dagrun for example_params_trigger_ui to None, run_after=None
[2024-11-04T14:37:34.510+0000] {processor.py:208} INFO - Processing /home/airflow/.local/lib/python3.12/site-packages/airflow/example_dags/example_params_trigger_ui.py took 0.190 seconds
[2024-11-04T14:38:05.912+0000] {processor.py:186} INFO - Started process (PID=1208) to work on /home/airflow/.local/lib/python3.12/site-packages/airflow/example_dags/example_params_trigger_ui.py
[2024-11-04T14:38:05.916+0000] {processor.py:914} INFO - Processing file /home/airflow/.local/lib/python3.12/site-packages/airflow/example_dags/example_params_trigger_ui.py for tasks to queue
[2024-11-04T14:38:05.922+0000] {logging_mixin.py:190} INFO - [2024-11-04T14:38:05.921+0000] {dagbag.py:588} INFO - Filling up the DagBag from /home/airflow/.local/lib/python3.12/site-packages/airflow/example_dags/example_params_trigger_ui.py
[2024-11-04T14:38:05.969+0000] {processor.py:925} INFO - DAG(s) 'example_params_trigger_ui' retrieved from /home/airflow/.local/lib/python3.12/site-packages/airflow/example_dags/example_params_trigger_ui.py
[2024-11-04T14:38:06.126+0000] {logging_mixin.py:190} INFO - [2024-11-04T14:38:06.125+0000] {dag.py:3239} INFO - Sync 1 DAGs
[2024-11-04T14:38:06.188+0000] {logging_mixin.py:190} INFO - [2024-11-04T14:38:06.187+0000] {dag.py:4180} INFO - Setting next_dagrun for example_params_trigger_ui to None, run_after=None
[2024-11-04T14:38:06.260+0000] {processor.py:208} INFO - Processing /home/airflow/.local/lib/python3.12/site-packages/airflow/example_dags/example_params_trigger_ui.py took 0.368 seconds
[2024-11-04T14:38:36.896+0000] {processor.py:186} INFO - Started process (PID=1495) to work on /home/airflow/.local/lib/python3.12/site-packages/airflow/example_dags/example_params_trigger_ui.py
[2024-11-04T14:38:36.898+0000] {processor.py:914} INFO - Processing file /home/airflow/.local/lib/python3.12/site-packages/airflow/example_dags/example_params_trigger_ui.py for tasks to queue
[2024-11-04T14:38:36.902+0000] {logging_mixin.py:190} INFO - [2024-11-04T14:38:36.902+0000] {dagbag.py:588} INFO - Filling up the DagBag from /home/airflow/.local/lib/python3.12/site-packages/airflow/example_dags/example_params_trigger_ui.py
[2024-11-04T14:38:36.916+0000] {processor.py:925} INFO - DAG(s) 'example_params_trigger_ui' retrieved from /home/airflow/.local/lib/python3.12/site-packages/airflow/example_dags/example_params_trigger_ui.py
[2024-11-04T14:38:36.959+0000] {logging_mixin.py:190} INFO - [2024-11-04T14:38:36.958+0000] {dag.py:3239} INFO - Sync 1 DAGs
[2024-11-04T14:38:36.988+0000] {logging_mixin.py:190} INFO - [2024-11-04T14:38:36.988+0000] {dag.py:4180} INFO - Setting next_dagrun for example_params_trigger_ui to None, run_after=None
[2024-11-04T14:38:37.038+0000] {processor.py:208} INFO - Processing /home/airflow/.local/lib/python3.12/site-packages/airflow/example_dags/example_params_trigger_ui.py took 0.151 seconds
[2024-11-04T14:39:07.662+0000] {processor.py:186} INFO - Started process (PID=1781) to work on /home/airflow/.local/lib/python3.12/site-packages/airflow/example_dags/example_params_trigger_ui.py
[2024-11-04T14:39:07.663+0000] {processor.py:914} INFO - Processing file /home/airflow/.local/lib/python3.12/site-packages/airflow/example_dags/example_params_trigger_ui.py for tasks to queue
[2024-11-04T14:39:07.666+0000] {logging_mixin.py:190} INFO - [2024-11-04T14:39:07.666+0000] {dagbag.py:588} INFO - Filling up the DagBag from /home/airflow/.local/lib/python3.12/site-packages/airflow/example_dags/example_params_trigger_ui.py
[2024-11-04T14:39:07.676+0000] {processor.py:925} INFO - DAG(s) 'example_params_trigger_ui' retrieved from /home/airflow/.local/lib/python3.12/site-packages/airflow/example_dags/example_params_trigger_ui.py
[2024-11-04T14:39:07.712+0000] {logging_mixin.py:190} INFO - [2024-11-04T14:39:07.711+0000] {dag.py:3239} INFO - Sync 1 DAGs
[2024-11-04T14:39:07.724+0000] {logging_mixin.py:190} INFO - [2024-11-04T14:39:07.724+0000] {dag.py:4180} INFO - Setting next_dagrun for example_params_trigger_ui to None, run_after=None
[2024-11-04T14:39:07.744+0000] {processor.py:208} INFO - Processing /home/airflow/.local/lib/python3.12/site-packages/airflow/example_dags/example_params_trigger_ui.py took 0.087 seconds
[2024-11-04T14:39:38.338+0000] {processor.py:186} INFO - Started process (PID=2067) to work on /home/airflow/.local/lib/python3.12/site-packages/airflow/example_dags/example_params_trigger_ui.py
[2024-11-04T14:39:38.340+0000] {processor.py:914} INFO - Processing file /home/airflow/.local/lib/python3.12/site-packages/airflow/example_dags/example_params_trigger_ui.py for tasks to queue
[2024-11-04T14:39:38.342+0000] {logging_mixin.py:190} INFO - [2024-11-04T14:39:38.342+0000] {dagbag.py:588} INFO - Filling up the DagBag from /home/airflow/.local/lib/python3.12/site-packages/airflow/example_dags/example_params_trigger_ui.py
[2024-11-04T14:39:38.351+0000] {processor.py:925} INFO - DAG(s) 'example_params_trigger_ui' retrieved from /home/airflow/.local/lib/python3.12/site-packages/airflow/example_dags/example_params_trigger_ui.py
[2024-11-04T14:39:38.389+0000] {logging_mixin.py:190} INFO - [2024-11-04T14:39:38.389+0000] {dag.py:3239} INFO - Sync 1 DAGs
[2024-11-04T14:39:38.406+0000] {logging_mixin.py:190} INFO - [2024-11-04T14:39:38.406+0000] {dag.py:4180} INFO - Setting next_dagrun for example_params_trigger_ui to None, run_after=None
[2024-11-04T14:39:38.427+0000] {processor.py:208} INFO - Processing /home/airflow/.local/lib/python3.12/site-packages/airflow/example_dags/example_params_trigger_ui.py took 0.095 seconds
[2024-11-04T14:40:08.882+0000] {processor.py:186} INFO - Started process (PID=2353) to work on /home/airflow/.local/lib/python3.12/site-packages/airflow/example_dags/example_params_trigger_ui.py
[2024-11-04T14:40:08.885+0000] {processor.py:914} INFO - Processing file /home/airflow/.local/lib/python3.12/site-packages/airflow/example_dags/example_params_trigger_ui.py for tasks to queue
[2024-11-04T14:40:08.890+0000] {logging_mixin.py:190} INFO - [2024-11-04T14:40:08.889+0000] {dagbag.py:588} INFO - Filling up the DagBag from /home/airflow/.local/lib/python3.12/site-packages/airflow/example_dags/example_params_trigger_ui.py
[2024-11-04T14:40:08.912+0000] {processor.py:925} INFO - DAG(s) 'example_params_trigger_ui' retrieved from /home/airflow/.local/lib/python3.12/site-packages/airflow/example_dags/example_params_trigger_ui.py
[2024-11-04T14:40:09.026+0000] {logging_mixin.py:190} INFO - [2024-11-04T14:40:09.025+0000] {dag.py:3239} INFO - Sync 1 DAGs
[2024-11-04T14:40:09.057+0000] {logging_mixin.py:190} INFO - [2024-11-04T14:40:09.057+0000] {dag.py:4180} INFO - Setting next_dagrun for example_params_trigger_ui to None, run_after=None
[2024-11-04T14:40:09.103+0000] {processor.py:208} INFO - Processing /home/airflow/.local/lib/python3.12/site-packages/airflow/example_dags/example_params_trigger_ui.py took 0.231 seconds
[2024-11-04T14:40:39.930+0000] {processor.py:186} INFO - Started process (PID=2639) to work on /home/airflow/.local/lib/python3.12/site-packages/airflow/example_dags/example_params_trigger_ui.py
[2024-11-04T14:40:39.931+0000] {processor.py:914} INFO - Processing file /home/airflow/.local/lib/python3.12/site-packages/airflow/example_dags/example_params_trigger_ui.py for tasks to queue
[2024-11-04T14:40:39.934+0000] {logging_mixin.py:190} INFO - [2024-11-04T14:40:39.934+0000] {dagbag.py:588} INFO - Filling up the DagBag from /home/airflow/.local/lib/python3.12/site-packages/airflow/example_dags/example_params_trigger_ui.py
[2024-11-04T14:40:39.944+0000] {processor.py:925} INFO - DAG(s) 'example_params_trigger_ui' retrieved from /home/airflow/.local/lib/python3.12/site-packages/airflow/example_dags/example_params_trigger_ui.py
[2024-11-04T14:40:39.987+0000] {logging_mixin.py:190} INFO - [2024-11-04T14:40:39.987+0000] {dag.py:3239} INFO - Sync 1 DAGs
[2024-11-04T14:40:40.000+0000] {logging_mixin.py:190} INFO - [2024-11-04T14:40:39.999+0000] {dag.py:4180} INFO - Setting next_dagrun for example_params_trigger_ui to None, run_after=None
[2024-11-04T14:40:40.023+0000] {processor.py:208} INFO - Processing /home/airflow/.local/lib/python3.12/site-packages/airflow/example_dags/example_params_trigger_ui.py took 0.098 seconds
[2024-11-04T14:41:11.317+0000] {processor.py:186} INFO - Started process (PID=2925) to work on /home/airflow/.local/lib/python3.12/site-packages/airflow/example_dags/example_params_trigger_ui.py
[2024-11-04T14:41:11.325+0000] {processor.py:914} INFO - Processing file /home/airflow/.local/lib/python3.12/site-packages/airflow/example_dags/example_params_trigger_ui.py for tasks to queue
[2024-11-04T14:41:11.342+0000] {logging_mixin.py:190} INFO - [2024-11-04T14:41:11.341+0000] {dagbag.py:588} INFO - Filling up the DagBag from /home/airflow/.local/lib/python3.12/site-packages/airflow/example_dags/example_params_trigger_ui.py
[2024-11-04T14:41:11.387+0000] {processor.py:925} INFO - DAG(s) 'example_params_trigger_ui' retrieved from /home/airflow/.local/lib/python3.12/site-packages/airflow/example_dags/example_params_trigger_ui.py
[2024-11-04T14:41:11.615+0000] {logging_mixin.py:190} INFO - [2024-11-04T14:41:11.613+0000] {dag.py:3239} INFO - Sync 1 DAGs
[2024-11-04T14:41:11.734+0000] {logging_mixin.py:190} INFO - [2024-11-04T14:41:11.733+0000] {dag.py:4180} INFO - Setting next_dagrun for example_params_trigger_ui to None, run_after=None
[2024-11-04T14:41:11.844+0000] {processor.py:208} INFO - Processing /home/airflow/.local/lib/python3.12/site-packages/airflow/example_dags/example_params_trigger_ui.py took 0.552 seconds
[2024-11-04T14:41:42.174+0000] {processor.py:186} INFO - Started process (PID=3208) to work on /home/airflow/.local/lib/python3.12/site-packages/airflow/example_dags/example_params_trigger_ui.py
[2024-11-04T14:41:42.176+0000] {processor.py:914} INFO - Processing file /home/airflow/.local/lib/python3.12/site-packages/airflow/example_dags/example_params_trigger_ui.py for tasks to queue
[2024-11-04T14:41:42.178+0000] {logging_mixin.py:190} INFO - [2024-11-04T14:41:42.178+0000] {dagbag.py:588} INFO - Filling up the DagBag from /home/airflow/.local/lib/python3.12/site-packages/airflow/example_dags/example_params_trigger_ui.py
[2024-11-04T14:41:42.189+0000] {processor.py:925} INFO - DAG(s) 'example_params_trigger_ui' retrieved from /home/airflow/.local/lib/python3.12/site-packages/airflow/example_dags/example_params_trigger_ui.py
[2024-11-04T14:41:42.224+0000] {logging_mixin.py:190} INFO - [2024-11-04T14:41:42.224+0000] {dag.py:3239} INFO - Sync 1 DAGs
[2024-11-04T14:41:42.238+0000] {logging_mixin.py:190} INFO - [2024-11-04T14:41:42.238+0000] {dag.py:4180} INFO - Setting next_dagrun for example_params_trigger_ui to None, run_after=None
[2024-11-04T14:41:42.262+0000] {processor.py:208} INFO - Processing /home/airflow/.local/lib/python3.12/site-packages/airflow/example_dags/example_params_trigger_ui.py took 0.096 seconds
[2024-11-04T14:42:12.405+0000] {processor.py:186} INFO - Started process (PID=3494) to work on /home/airflow/.local/lib/python3.12/site-packages/airflow/example_dags/example_params_trigger_ui.py
[2024-11-04T14:42:12.406+0000] {processor.py:914} INFO - Processing file /home/airflow/.local/lib/python3.12/site-packages/airflow/example_dags/example_params_trigger_ui.py for tasks to queue
[2024-11-04T14:42:12.409+0000] {logging_mixin.py:190} INFO - [2024-11-04T14:42:12.409+0000] {dagbag.py:588} INFO - Filling up the DagBag from /home/airflow/.local/lib/python3.12/site-packages/airflow/example_dags/example_params_trigger_ui.py
[2024-11-04T14:42:12.419+0000] {processor.py:925} INFO - DAG(s) 'example_params_trigger_ui' retrieved from /home/airflow/.local/lib/python3.12/site-packages/airflow/example_dags/example_params_trigger_ui.py
[2024-11-04T14:42:12.455+0000] {logging_mixin.py:190} INFO - [2024-11-04T14:42:12.455+0000] {dag.py:3239} INFO - Sync 1 DAGs
[2024-11-04T14:42:12.468+0000] {logging_mixin.py:190} INFO - [2024-11-04T14:42:12.467+0000] {dag.py:4180} INFO - Setting next_dagrun for example_params_trigger_ui to None, run_after=None
[2024-11-04T14:42:12.487+0000] {processor.py:208} INFO - Processing /home/airflow/.local/lib/python3.12/site-packages/airflow/example_dags/example_params_trigger_ui.py took 0.091 seconds
[2024-11-04T14:42:42.877+0000] {processor.py:186} INFO - Started process (PID=3779) to work on /home/airflow/.local/lib/python3.12/site-packages/airflow/example_dags/example_params_trigger_ui.py
[2024-11-04T14:42:42.878+0000] {processor.py:914} INFO - Processing file /home/airflow/.local/lib/python3.12/site-packages/airflow/example_dags/example_params_trigger_ui.py for tasks to queue
[2024-11-04T14:42:42.880+0000] {logging_mixin.py:190} INFO - [2024-11-04T14:42:42.880+0000] {dagbag.py:588} INFO - Filling up the DagBag from /home/airflow/.local/lib/python3.12/site-packages/airflow/example_dags/example_params_trigger_ui.py
[2024-11-04T14:42:42.889+0000] {processor.py:925} INFO - DAG(s) 'example_params_trigger_ui' retrieved from /home/airflow/.local/lib/python3.12/site-packages/airflow/example_dags/example_params_trigger_ui.py
[2024-11-04T14:42:42.924+0000] {logging_mixin.py:190} INFO - [2024-11-04T14:42:42.924+0000] {dag.py:3239} INFO - Sync 1 DAGs
[2024-11-04T14:42:42.936+0000] {logging_mixin.py:190} INFO - [2024-11-04T14:42:42.936+0000] {dag.py:4180} INFO - Setting next_dagrun for example_params_trigger_ui to None, run_after=None
[2024-11-04T14:42:42.956+0000] {processor.py:208} INFO - Processing /home/airflow/.local/lib/python3.12/site-packages/airflow/example_dags/example_params_trigger_ui.py took 0.085 seconds
[2024-11-04T14:43:13.648+0000] {processor.py:186} INFO - Started process (PID=4129) to work on /home/airflow/.local/lib/python3.12/site-packages/airflow/example_dags/example_params_trigger_ui.py
[2024-11-04T14:43:13.650+0000] {processor.py:914} INFO - Processing file /home/airflow/.local/lib/python3.12/site-packages/airflow/example_dags/example_params_trigger_ui.py for tasks to queue
[2024-11-04T14:43:13.669+0000] {logging_mixin.py:190} INFO - [2024-11-04T14:43:13.666+0000] {dagbag.py:588} INFO - Filling up the DagBag from /home/airflow/.local/lib/python3.12/site-packages/airflow/example_dags/example_params_trigger_ui.py
[2024-11-04T14:43:13.714+0000] {processor.py:925} INFO - DAG(s) 'example_params_trigger_ui' retrieved from /home/airflow/.local/lib/python3.12/site-packages/airflow/example_dags/example_params_trigger_ui.py
[2024-11-04T14:43:13.862+0000] {logging_mixin.py:190} INFO - [2024-11-04T14:43:13.861+0000] {dag.py:3239} INFO - Sync 1 DAGs
[2024-11-04T14:43:13.920+0000] {logging_mixin.py:190} INFO - [2024-11-04T14:43:13.920+0000] {dag.py:4180} INFO - Setting next_dagrun for example_params_trigger_ui to None, run_after=None
[2024-11-04T14:43:13.979+0000] {processor.py:208} INFO - Processing /home/airflow/.local/lib/python3.12/site-packages/airflow/example_dags/example_params_trigger_ui.py took 0.363 seconds
[2024-11-04T14:44:59.134+0000] {processor.py:186} INFO - Started process (PID=351) to work on /home/airflow/.local/lib/python3.12/site-packages/airflow/example_dags/example_params_trigger_ui.py
[2024-11-04T14:44:59.136+0000] {processor.py:914} INFO - Processing file /home/airflow/.local/lib/python3.12/site-packages/airflow/example_dags/example_params_trigger_ui.py for tasks to queue
[2024-11-04T14:44:59.140+0000] {logging_mixin.py:190} INFO - [2024-11-04T14:44:59.139+0000] {dagbag.py:588} INFO - Filling up the DagBag from /home/airflow/.local/lib/python3.12/site-packages/airflow/example_dags/example_params_trigger_ui.py
[2024-11-04T14:44:59.159+0000] {processor.py:925} INFO - DAG(s) 'example_params_trigger_ui' retrieved from /home/airflow/.local/lib/python3.12/site-packages/airflow/example_dags/example_params_trigger_ui.py
[2024-11-04T14:44:59.353+0000] {logging_mixin.py:190} INFO - [2024-11-04T14:44:59.351+0000] {override.py:1900} INFO - Created Permission View: can delete on DAG:example_params_trigger_ui
[2024-11-04T14:44:59.371+0000] {logging_mixin.py:190} INFO - [2024-11-04T14:44:59.370+0000] {override.py:1900} INFO - Created Permission View: can read on DAG:example_params_trigger_ui
[2024-11-04T14:44:59.385+0000] {logging_mixin.py:190} INFO - [2024-11-04T14:44:59.384+0000] {override.py:1900} INFO - Created Permission View: can edit on DAG:example_params_trigger_ui
[2024-11-04T14:44:59.400+0000] {logging_mixin.py:190} INFO - [2024-11-04T14:44:59.399+0000] {override.py:1900} INFO - Created Permission View: can create on DAG Run:example_params_trigger_ui
[2024-11-04T14:44:59.413+0000] {logging_mixin.py:190} INFO - [2024-11-04T14:44:59.412+0000] {override.py:1900} INFO - Created Permission View: can delete on DAG Run:example_params_trigger_ui
[2024-11-04T14:44:59.427+0000] {logging_mixin.py:190} INFO - [2024-11-04T14:44:59.426+0000] {override.py:1900} INFO - Created Permission View: menu access on DAG Run:example_params_trigger_ui
[2024-11-04T14:44:59.441+0000] {logging_mixin.py:190} INFO - [2024-11-04T14:44:59.440+0000] {override.py:1900} INFO - Created Permission View: can read on DAG Run:example_params_trigger_ui
[2024-11-04T14:44:59.442+0000] {logging_mixin.py:190} INFO - [2024-11-04T14:44:59.442+0000] {dag.py:3239} INFO - Sync 1 DAGs
[2024-11-04T14:44:59.467+0000] {logging_mixin.py:190} INFO - [2024-11-04T14:44:59.467+0000] {dag.py:3262} INFO - Creating ORM DAG for example_params_trigger_ui
[2024-11-04T14:44:59.470+0000] {logging_mixin.py:190} INFO - [2024-11-04T14:44:59.469+0000] {dag.py:4180} INFO - Setting next_dagrun for example_params_trigger_ui to None, run_after=None
[2024-11-04T14:44:59.506+0000] {processor.py:208} INFO - Processing /home/airflow/.local/lib/python3.12/site-packages/airflow/example_dags/example_params_trigger_ui.py took 0.382 seconds
[2024-11-04T14:45:30.297+0000] {processor.py:186} INFO - Started process (PID=637) to work on /home/airflow/.local/lib/python3.12/site-packages/airflow/example_dags/example_params_trigger_ui.py
[2024-11-04T14:45:30.299+0000] {processor.py:914} INFO - Processing file /home/airflow/.local/lib/python3.12/site-packages/airflow/example_dags/example_params_trigger_ui.py for tasks to queue
[2024-11-04T14:45:30.304+0000] {logging_mixin.py:190} INFO - [2024-11-04T14:45:30.303+0000] {dagbag.py:588} INFO - Filling up the DagBag from /home/airflow/.local/lib/python3.12/site-packages/airflow/example_dags/example_params_trigger_ui.py
[2024-11-04T14:45:30.328+0000] {processor.py:925} INFO - DAG(s) 'example_params_trigger_ui' retrieved from /home/airflow/.local/lib/python3.12/site-packages/airflow/example_dags/example_params_trigger_ui.py
[2024-11-04T14:45:30.405+0000] {logging_mixin.py:190} INFO - [2024-11-04T14:45:30.405+0000] {dag.py:3239} INFO - Sync 1 DAGs
[2024-11-04T14:45:30.429+0000] {logging_mixin.py:190} INFO - [2024-11-04T14:45:30.428+0000] {dag.py:4180} INFO - Setting next_dagrun for example_params_trigger_ui to None, run_after=None
[2024-11-04T14:45:30.464+0000] {processor.py:208} INFO - Processing /home/airflow/.local/lib/python3.12/site-packages/airflow/example_dags/example_params_trigger_ui.py took 0.179 seconds
[2024-11-04T14:46:01.047+0000] {processor.py:186} INFO - Started process (PID=923) to work on /home/airflow/.local/lib/python3.12/site-packages/airflow/example_dags/example_params_trigger_ui.py
[2024-11-04T14:46:01.049+0000] {processor.py:914} INFO - Processing file /home/airflow/.local/lib/python3.12/site-packages/airflow/example_dags/example_params_trigger_ui.py for tasks to queue
[2024-11-04T14:46:01.051+0000] {logging_mixin.py:190} INFO - [2024-11-04T14:46:01.051+0000] {dagbag.py:588} INFO - Filling up the DagBag from /home/airflow/.local/lib/python3.12/site-packages/airflow/example_dags/example_params_trigger_ui.py
[2024-11-04T14:46:01.061+0000] {processor.py:925} INFO - DAG(s) 'example_params_trigger_ui' retrieved from /home/airflow/.local/lib/python3.12/site-packages/airflow/example_dags/example_params_trigger_ui.py
[2024-11-04T14:46:01.100+0000] {logging_mixin.py:190} INFO - [2024-11-04T14:46:01.099+0000] {dag.py:3239} INFO - Sync 1 DAGs
[2024-11-04T14:46:01.115+0000] {logging_mixin.py:190} INFO - [2024-11-04T14:46:01.115+0000] {dag.py:4180} INFO - Setting next_dagrun for example_params_trigger_ui to None, run_after=None
[2024-11-04T14:46:01.135+0000] {processor.py:208} INFO - Processing /home/airflow/.local/lib/python3.12/site-packages/airflow/example_dags/example_params_trigger_ui.py took 0.093 seconds
[2024-11-04T14:46:31.245+0000] {processor.py:186} INFO - Started process (PID=1209) to work on /home/airflow/.local/lib/python3.12/site-packages/airflow/example_dags/example_params_trigger_ui.py
[2024-11-04T14:46:31.246+0000] {processor.py:914} INFO - Processing file /home/airflow/.local/lib/python3.12/site-packages/airflow/example_dags/example_params_trigger_ui.py for tasks to queue
[2024-11-04T14:46:31.248+0000] {logging_mixin.py:190} INFO - [2024-11-04T14:46:31.248+0000] {dagbag.py:588} INFO - Filling up the DagBag from /home/airflow/.local/lib/python3.12/site-packages/airflow/example_dags/example_params_trigger_ui.py
[2024-11-04T14:46:31.258+0000] {processor.py:925} INFO - DAG(s) 'example_params_trigger_ui' retrieved from /home/airflow/.local/lib/python3.12/site-packages/airflow/example_dags/example_params_trigger_ui.py
[2024-11-04T14:46:31.296+0000] {logging_mixin.py:190} INFO - [2024-11-04T14:46:31.296+0000] {dag.py:3239} INFO - Sync 1 DAGs
[2024-11-04T14:46:31.309+0000] {logging_mixin.py:190} INFO - [2024-11-04T14:46:31.309+0000] {dag.py:4180} INFO - Setting next_dagrun for example_params_trigger_ui to None, run_after=None
[2024-11-04T14:46:31.330+0000] {processor.py:208} INFO - Processing /home/airflow/.local/lib/python3.12/site-packages/airflow/example_dags/example_params_trigger_ui.py took 0.090 seconds
[2024-11-04T14:47:01.812+0000] {processor.py:186} INFO - Started process (PID=1495) to work on /home/airflow/.local/lib/python3.12/site-packages/airflow/example_dags/example_params_trigger_ui.py
[2024-11-04T14:47:01.813+0000] {processor.py:914} INFO - Processing file /home/airflow/.local/lib/python3.12/site-packages/airflow/example_dags/example_params_trigger_ui.py for tasks to queue
[2024-11-04T14:47:01.816+0000] {logging_mixin.py:190} INFO - [2024-11-04T14:47:01.816+0000] {dagbag.py:588} INFO - Filling up the DagBag from /home/airflow/.local/lib/python3.12/site-packages/airflow/example_dags/example_params_trigger_ui.py
[2024-11-04T14:47:01.825+0000] {processor.py:925} INFO - DAG(s) 'example_params_trigger_ui' retrieved from /home/airflow/.local/lib/python3.12/site-packages/airflow/example_dags/example_params_trigger_ui.py
[2024-11-04T14:47:01.860+0000] {logging_mixin.py:190} INFO - [2024-11-04T14:47:01.859+0000] {dag.py:3239} INFO - Sync 1 DAGs
[2024-11-04T14:47:01.872+0000] {logging_mixin.py:190} INFO - [2024-11-04T14:47:01.872+0000] {dag.py:4180} INFO - Setting next_dagrun for example_params_trigger_ui to None, run_after=None
[2024-11-04T14:47:01.889+0000] {processor.py:208} INFO - Processing /home/airflow/.local/lib/python3.12/site-packages/airflow/example_dags/example_params_trigger_ui.py took 0.083 seconds
[2024-11-04T14:49:18.748+0000] {processor.py:186} INFO - Started process (PID=352) to work on /home/airflow/.local/lib/python3.12/site-packages/airflow/example_dags/example_params_trigger_ui.py
[2024-11-04T14:49:18.750+0000] {processor.py:914} INFO - Processing file /home/airflow/.local/lib/python3.12/site-packages/airflow/example_dags/example_params_trigger_ui.py for tasks to queue
[2024-11-04T14:49:18.754+0000] {logging_mixin.py:190} INFO - [2024-11-04T14:49:18.754+0000] {dagbag.py:588} INFO - Filling up the DagBag from /home/airflow/.local/lib/python3.12/site-packages/airflow/example_dags/example_params_trigger_ui.py
[2024-11-04T14:49:18.773+0000] {processor.py:925} INFO - DAG(s) 'example_params_trigger_ui' retrieved from /home/airflow/.local/lib/python3.12/site-packages/airflow/example_dags/example_params_trigger_ui.py
[2024-11-04T14:49:18.991+0000] {logging_mixin.py:190} INFO - [2024-11-04T14:49:18.991+0000] {override.py:1900} INFO - Created Permission View: can edit on DAG:example_params_trigger_ui
[2024-11-04T14:49:19.011+0000] {logging_mixin.py:190} INFO - [2024-11-04T14:49:19.010+0000] {override.py:1900} INFO - Created Permission View: can delete on DAG:example_params_trigger_ui
[2024-11-04T14:49:19.025+0000] {logging_mixin.py:190} INFO - [2024-11-04T14:49:19.025+0000] {override.py:1900} INFO - Created Permission View: can read on DAG:example_params_trigger_ui
[2024-11-04T14:49:19.042+0000] {logging_mixin.py:190} INFO - [2024-11-04T14:49:19.042+0000] {override.py:1900} INFO - Created Permission View: can create on DAG Run:example_params_trigger_ui
[2024-11-04T14:49:19.056+0000] {logging_mixin.py:190} INFO - [2024-11-04T14:49:19.056+0000] {override.py:1900} INFO - Created Permission View: can read on DAG Run:example_params_trigger_ui
[2024-11-04T14:49:19.069+0000] {logging_mixin.py:190} INFO - [2024-11-04T14:49:19.069+0000] {override.py:1900} INFO - Created Permission View: can delete on DAG Run:example_params_trigger_ui
[2024-11-04T14:49:19.081+0000] {logging_mixin.py:190} INFO - [2024-11-04T14:49:19.081+0000] {override.py:1900} INFO - Created Permission View: menu access on DAG Run:example_params_trigger_ui
[2024-11-04T14:49:19.083+0000] {logging_mixin.py:190} INFO - [2024-11-04T14:49:19.082+0000] {dag.py:3239} INFO - Sync 1 DAGs
[2024-11-04T14:49:19.107+0000] {logging_mixin.py:190} INFO - [2024-11-04T14:49:19.107+0000] {dag.py:3262} INFO - Creating ORM DAG for example_params_trigger_ui
[2024-11-04T14:49:19.109+0000] {logging_mixin.py:190} INFO - [2024-11-04T14:49:19.109+0000] {dag.py:4180} INFO - Setting next_dagrun for example_params_trigger_ui to None, run_after=None
[2024-11-04T14:49:19.143+0000] {processor.py:208} INFO - Processing /home/airflow/.local/lib/python3.12/site-packages/airflow/example_dags/example_params_trigger_ui.py took 0.404 seconds
