[2024-11-04T14:34:01.861+0000] {processor.py:186} INFO - Started process (PID=278) to work on /home/airflow/.local/lib/python3.12/site-packages/airflow/example_dags/example_xcomargs.py
[2024-11-04T14:34:01.863+0000] {processor.py:914} INFO - Processing file /home/airflow/.local/lib/python3.12/site-packages/airflow/example_dags/example_xcomargs.py for tasks to queue
[2024-11-04T14:34:01.867+0000] {logging_mixin.py:190} INFO - [2024-11-04T14:34:01.867+0000] {dagbag.py:588} INFO - Filling up the DagBag from /home/airflow/.local/lib/python3.12/site-packages/airflow/example_dags/example_xcomargs.py
[2024-11-04T14:34:01.885+0000] {processor.py:925} INFO - DAG(s) 'example_xcom_args_with_operators', 'example_xcom_args' retrieved from /home/airflow/.local/lib/python3.12/site-packages/airflow/example_dags/example_xcomargs.py
[2024-11-04T14:34:02.087+0000] {logging_mixin.py:190} INFO - [2024-11-04T14:34:02.086+0000] {override.py:1900} INFO - Created Permission View: can edit on DAG:example_xcom_args_with_operators
[2024-11-04T14:34:02.107+0000] {logging_mixin.py:190} INFO - [2024-11-04T14:34:02.106+0000] {override.py:1900} INFO - Created Permission View: can read on DAG:example_xcom_args_with_operators
[2024-11-04T14:34:02.121+0000] {logging_mixin.py:190} INFO - [2024-11-04T14:34:02.120+0000] {override.py:1900} INFO - Created Permission View: can delete on DAG:example_xcom_args_with_operators
[2024-11-04T14:34:02.136+0000] {logging_mixin.py:190} INFO - [2024-11-04T14:34:02.136+0000] {override.py:1900} INFO - Created Permission View: can read on DAG Run:example_xcom_args_with_operators
[2024-11-04T14:34:02.149+0000] {logging_mixin.py:190} INFO - [2024-11-04T14:34:02.149+0000] {override.py:1900} INFO - Created Permission View: can delete on DAG Run:example_xcom_args_with_operators
[2024-11-04T14:34:02.162+0000] {logging_mixin.py:190} INFO - [2024-11-04T14:34:02.161+0000] {override.py:1900} INFO - Created Permission View: menu access on DAG Run:example_xcom_args_with_operators
[2024-11-04T14:34:02.174+0000] {logging_mixin.py:190} INFO - [2024-11-04T14:34:02.174+0000] {override.py:1900} INFO - Created Permission View: can create on DAG Run:example_xcom_args_with_operators
[2024-11-04T14:34:02.198+0000] {logging_mixin.py:190} INFO - [2024-11-04T14:34:02.197+0000] {override.py:1900} INFO - Created Permission View: can edit on DAG:example_xcom_args
[2024-11-04T14:34:02.212+0000] {logging_mixin.py:190} INFO - [2024-11-04T14:34:02.212+0000] {override.py:1900} INFO - Created Permission View: can read on DAG:example_xcom_args
[2024-11-04T14:34:02.224+0000] {logging_mixin.py:190} INFO - [2024-11-04T14:34:02.223+0000] {override.py:1900} INFO - Created Permission View: can delete on DAG:example_xcom_args
[2024-11-04T14:34:02.236+0000] {logging_mixin.py:190} INFO - [2024-11-04T14:34:02.236+0000] {override.py:1900} INFO - Created Permission View: can read on DAG Run:example_xcom_args
[2024-11-04T14:34:02.248+0000] {logging_mixin.py:190} INFO - [2024-11-04T14:34:02.247+0000] {override.py:1900} INFO - Created Permission View: can delete on DAG Run:example_xcom_args
[2024-11-04T14:34:02.259+0000] {logging_mixin.py:190} INFO - [2024-11-04T14:34:02.259+0000] {override.py:1900} INFO - Created Permission View: menu access on DAG Run:example_xcom_args
[2024-11-04T14:34:02.277+0000] {logging_mixin.py:190} INFO - [2024-11-04T14:34:02.276+0000] {override.py:1900} INFO - Created Permission View: can create on DAG Run:example_xcom_args
[2024-11-04T14:34:02.278+0000] {logging_mixin.py:190} INFO - [2024-11-04T14:34:02.278+0000] {dag.py:3239} INFO - Sync 2 DAGs
[2024-11-04T14:34:02.308+0000] {logging_mixin.py:190} INFO - [2024-11-04T14:34:02.307+0000] {dag.py:3262} INFO - Creating ORM DAG for example_xcom_args
[2024-11-04T14:34:02.310+0000] {logging_mixin.py:190} INFO - [2024-11-04T14:34:02.309+0000] {dag.py:3262} INFO - Creating ORM DAG for example_xcom_args_with_operators
[2024-11-04T14:34:02.312+0000] {logging_mixin.py:190} INFO - [2024-11-04T14:34:02.311+0000] {dag.py:4180} INFO - Setting next_dagrun for example_xcom_args to None, run_after=None
[2024-11-04T14:34:02.313+0000] {logging_mixin.py:190} INFO - [2024-11-04T14:34:02.313+0000] {dag.py:4180} INFO - Setting next_dagrun for example_xcom_args_with_operators to None, run_after=None
[2024-11-04T14:34:02.348+0000] {processor.py:208} INFO - Processing /home/airflow/.local/lib/python3.12/site-packages/airflow/example_dags/example_xcomargs.py took 0.495 seconds
[2024-11-04T14:34:32.994+0000] {processor.py:186} INFO - Started process (PID=566) to work on /home/airflow/.local/lib/python3.12/site-packages/airflow/example_dags/example_xcomargs.py
[2024-11-04T14:34:32.995+0000] {processor.py:914} INFO - Processing file /home/airflow/.local/lib/python3.12/site-packages/airflow/example_dags/example_xcomargs.py for tasks to queue
[2024-11-04T14:34:32.997+0000] {logging_mixin.py:190} INFO - [2024-11-04T14:34:32.997+0000] {dagbag.py:588} INFO - Filling up the DagBag from /home/airflow/.local/lib/python3.12/site-packages/airflow/example_dags/example_xcomargs.py
[2024-11-04T14:34:33.006+0000] {processor.py:925} INFO - DAG(s) 'example_xcom_args_with_operators', 'example_xcom_args' retrieved from /home/airflow/.local/lib/python3.12/site-packages/airflow/example_dags/example_xcomargs.py
[2024-11-04T14:34:33.032+0000] {logging_mixin.py:190} INFO - [2024-11-04T14:34:33.032+0000] {dag.py:3239} INFO - Sync 2 DAGs
[2024-11-04T14:34:33.045+0000] {logging_mixin.py:190} INFO - [2024-11-04T14:34:33.045+0000] {dag.py:4180} INFO - Setting next_dagrun for example_xcom_args to None, run_after=None
[2024-11-04T14:34:33.050+0000] {logging_mixin.py:190} INFO - [2024-11-04T14:34:33.049+0000] {dag.py:4180} INFO - Setting next_dagrun for example_xcom_args_with_operators to None, run_after=None
[2024-11-04T14:34:33.071+0000] {processor.py:208} INFO - Processing /home/airflow/.local/lib/python3.12/site-packages/airflow/example_dags/example_xcomargs.py took 0.083 seconds
[2024-11-04T14:35:03.267+0000] {processor.py:186} INFO - Started process (PID=853) to work on /home/airflow/.local/lib/python3.12/site-packages/airflow/example_dags/example_xcomargs.py
[2024-11-04T14:35:03.268+0000] {processor.py:914} INFO - Processing file /home/airflow/.local/lib/python3.12/site-packages/airflow/example_dags/example_xcomargs.py for tasks to queue
[2024-11-04T14:35:03.271+0000] {logging_mixin.py:190} INFO - [2024-11-04T14:35:03.271+0000] {dagbag.py:588} INFO - Filling up the DagBag from /home/airflow/.local/lib/python3.12/site-packages/airflow/example_dags/example_xcomargs.py
[2024-11-04T14:35:03.279+0000] {processor.py:925} INFO - DAG(s) 'example_xcom_args_with_operators', 'example_xcom_args' retrieved from /home/airflow/.local/lib/python3.12/site-packages/airflow/example_dags/example_xcomargs.py
[2024-11-04T14:35:03.305+0000] {logging_mixin.py:190} INFO - [2024-11-04T14:35:03.305+0000] {dag.py:3239} INFO - Sync 2 DAGs
[2024-11-04T14:35:03.317+0000] {logging_mixin.py:190} INFO - [2024-11-04T14:35:03.317+0000] {dag.py:4180} INFO - Setting next_dagrun for example_xcom_args to None, run_after=None
[2024-11-04T14:35:03.322+0000] {logging_mixin.py:190} INFO - [2024-11-04T14:35:03.322+0000] {dag.py:4180} INFO - Setting next_dagrun for example_xcom_args_with_operators to None, run_after=None
[2024-11-04T14:35:03.340+0000] {processor.py:208} INFO - Processing /home/airflow/.local/lib/python3.12/site-packages/airflow/example_dags/example_xcomargs.py took 0.079 seconds
[2024-11-04T14:36:28.662+0000] {processor.py:186} INFO - Started process (PID=279) to work on /home/airflow/.local/lib/python3.12/site-packages/airflow/example_dags/example_xcomargs.py
[2024-11-04T14:36:28.664+0000] {processor.py:914} INFO - Processing file /home/airflow/.local/lib/python3.12/site-packages/airflow/example_dags/example_xcomargs.py for tasks to queue
[2024-11-04T14:36:28.668+0000] {logging_mixin.py:190} INFO - [2024-11-04T14:36:28.667+0000] {dagbag.py:588} INFO - Filling up the DagBag from /home/airflow/.local/lib/python3.12/site-packages/airflow/example_dags/example_xcomargs.py
[2024-11-04T14:36:28.680+0000] {processor.py:925} INFO - DAG(s) 'example_xcom_args', 'example_xcom_args_with_operators' retrieved from /home/airflow/.local/lib/python3.12/site-packages/airflow/example_dags/example_xcomargs.py
[2024-11-04T14:36:28.809+0000] {logging_mixin.py:190} INFO - [2024-11-04T14:36:28.808+0000] {override.py:1900} INFO - Created Permission View: can delete on DAG:example_xcom_args
[2024-11-04T14:36:28.826+0000] {logging_mixin.py:190} INFO - [2024-11-04T14:36:28.826+0000] {override.py:1900} INFO - Created Permission View: can read on DAG:example_xcom_args
[2024-11-04T14:36:28.838+0000] {logging_mixin.py:190} INFO - [2024-11-04T14:36:28.837+0000] {override.py:1900} INFO - Created Permission View: can edit on DAG:example_xcom_args
[2024-11-04T14:36:28.853+0000] {logging_mixin.py:190} INFO - [2024-11-04T14:36:28.852+0000] {override.py:1900} INFO - Created Permission View: can create on DAG Run:example_xcom_args
[2024-11-04T14:36:28.865+0000] {logging_mixin.py:190} INFO - [2024-11-04T14:36:28.864+0000] {override.py:1900} INFO - Created Permission View: can delete on DAG Run:example_xcom_args
[2024-11-04T14:36:28.878+0000] {logging_mixin.py:190} INFO - [2024-11-04T14:36:28.877+0000] {override.py:1900} INFO - Created Permission View: can read on DAG Run:example_xcom_args
[2024-11-04T14:36:28.890+0000] {logging_mixin.py:190} INFO - [2024-11-04T14:36:28.889+0000] {override.py:1900} INFO - Created Permission View: menu access on DAG Run:example_xcom_args
[2024-11-04T14:36:28.915+0000] {logging_mixin.py:190} INFO - [2024-11-04T14:36:28.914+0000] {override.py:1900} INFO - Created Permission View: can delete on DAG:example_xcom_args_with_operators
[2024-11-04T14:36:28.927+0000] {logging_mixin.py:190} INFO - [2024-11-04T14:36:28.926+0000] {override.py:1900} INFO - Created Permission View: can read on DAG:example_xcom_args_with_operators
[2024-11-04T14:36:28.944+0000] {logging_mixin.py:190} INFO - [2024-11-04T14:36:28.943+0000] {override.py:1900} INFO - Created Permission View: can edit on DAG:example_xcom_args_with_operators
[2024-11-04T14:36:28.959+0000] {logging_mixin.py:190} INFO - [2024-11-04T14:36:28.958+0000] {override.py:1900} INFO - Created Permission View: can create on DAG Run:example_xcom_args_with_operators
[2024-11-04T14:36:28.972+0000] {logging_mixin.py:190} INFO - [2024-11-04T14:36:28.971+0000] {override.py:1900} INFO - Created Permission View: can delete on DAG Run:example_xcom_args_with_operators
[2024-11-04T14:36:28.984+0000] {logging_mixin.py:190} INFO - [2024-11-04T14:36:28.984+0000] {override.py:1900} INFO - Created Permission View: can read on DAG Run:example_xcom_args_with_operators
[2024-11-04T14:36:28.996+0000] {logging_mixin.py:190} INFO - [2024-11-04T14:36:28.995+0000] {override.py:1900} INFO - Created Permission View: menu access on DAG Run:example_xcom_args_with_operators
[2024-11-04T14:36:28.998+0000] {logging_mixin.py:190} INFO - [2024-11-04T14:36:28.997+0000] {dag.py:3239} INFO - Sync 2 DAGs
[2024-11-04T14:36:29.020+0000] {logging_mixin.py:190} INFO - [2024-11-04T14:36:29.019+0000] {dag.py:3262} INFO - Creating ORM DAG for example_xcom_args
[2024-11-04T14:36:29.022+0000] {logging_mixin.py:190} INFO - [2024-11-04T14:36:29.021+0000] {dag.py:3262} INFO - Creating ORM DAG for example_xcom_args_with_operators
[2024-11-04T14:36:29.023+0000] {logging_mixin.py:190} INFO - [2024-11-04T14:36:29.023+0000] {dag.py:4180} INFO - Setting next_dagrun for example_xcom_args to None, run_after=None
[2024-11-04T14:36:29.025+0000] {logging_mixin.py:190} INFO - [2024-11-04T14:36:29.024+0000] {dag.py:4180} INFO - Setting next_dagrun for example_xcom_args_with_operators to None, run_after=None
[2024-11-04T14:36:29.059+0000] {processor.py:208} INFO - Processing /home/airflow/.local/lib/python3.12/site-packages/airflow/example_dags/example_xcomargs.py took 0.404 seconds
[2024-11-04T14:36:59.806+0000] {processor.py:186} INFO - Started process (PID=565) to work on /home/airflow/.local/lib/python3.12/site-packages/airflow/example_dags/example_xcomargs.py
[2024-11-04T14:36:59.808+0000] {processor.py:914} INFO - Processing file /home/airflow/.local/lib/python3.12/site-packages/airflow/example_dags/example_xcomargs.py for tasks to queue
[2024-11-04T14:36:59.811+0000] {logging_mixin.py:190} INFO - [2024-11-04T14:36:59.810+0000] {dagbag.py:588} INFO - Filling up the DagBag from /home/airflow/.local/lib/python3.12/site-packages/airflow/example_dags/example_xcomargs.py
[2024-11-04T14:36:59.819+0000] {processor.py:925} INFO - DAG(s) 'example_xcom_args_with_operators', 'example_xcom_args' retrieved from /home/airflow/.local/lib/python3.12/site-packages/airflow/example_dags/example_xcomargs.py
[2024-11-04T14:36:59.841+0000] {logging_mixin.py:190} INFO - [2024-11-04T14:36:59.840+0000] {dag.py:3239} INFO - Sync 2 DAGs
[2024-11-04T14:36:59.853+0000] {logging_mixin.py:190} INFO - [2024-11-04T14:36:59.853+0000] {dag.py:4180} INFO - Setting next_dagrun for example_xcom_args to None, run_after=None
[2024-11-04T14:36:59.857+0000] {logging_mixin.py:190} INFO - [2024-11-04T14:36:59.857+0000] {dag.py:4180} INFO - Setting next_dagrun for example_xcom_args_with_operators to None, run_after=None
[2024-11-04T14:36:59.876+0000] {processor.py:208} INFO - Processing /home/airflow/.local/lib/python3.12/site-packages/airflow/example_dags/example_xcomargs.py took 0.075 seconds
[2024-11-04T14:37:29.961+0000] {processor.py:186} INFO - Started process (PID=851) to work on /home/airflow/.local/lib/python3.12/site-packages/airflow/example_dags/example_xcomargs.py
[2024-11-04T14:37:29.963+0000] {processor.py:914} INFO - Processing file /home/airflow/.local/lib/python3.12/site-packages/airflow/example_dags/example_xcomargs.py for tasks to queue
[2024-11-04T14:37:29.966+0000] {logging_mixin.py:190} INFO - [2024-11-04T14:37:29.966+0000] {dagbag.py:588} INFO - Filling up the DagBag from /home/airflow/.local/lib/python3.12/site-packages/airflow/example_dags/example_xcomargs.py
[2024-11-04T14:37:29.979+0000] {processor.py:925} INFO - DAG(s) 'example_xcom_args_with_operators', 'example_xcom_args' retrieved from /home/airflow/.local/lib/python3.12/site-packages/airflow/example_dags/example_xcomargs.py
[2024-11-04T14:37:30.013+0000] {logging_mixin.py:190} INFO - [2024-11-04T14:37:30.013+0000] {dag.py:3239} INFO - Sync 2 DAGs
[2024-11-04T14:37:30.033+0000] {logging_mixin.py:190} INFO - [2024-11-04T14:37:30.032+0000] {dag.py:4180} INFO - Setting next_dagrun for example_xcom_args to None, run_after=None
[2024-11-04T14:37:30.040+0000] {logging_mixin.py:190} INFO - [2024-11-04T14:37:30.039+0000] {dag.py:4180} INFO - Setting next_dagrun for example_xcom_args_with_operators to None, run_after=None
[2024-11-04T14:37:30.071+0000] {processor.py:208} INFO - Processing /home/airflow/.local/lib/python3.12/site-packages/airflow/example_dags/example_xcomargs.py took 0.119 seconds
[2024-11-04T14:38:00.916+0000] {processor.py:186} INFO - Started process (PID=1140) to work on /home/airflow/.local/lib/python3.12/site-packages/airflow/example_dags/example_xcomargs.py
[2024-11-04T14:38:00.918+0000] {processor.py:914} INFO - Processing file /home/airflow/.local/lib/python3.12/site-packages/airflow/example_dags/example_xcomargs.py for tasks to queue
[2024-11-04T14:38:00.924+0000] {logging_mixin.py:190} INFO - [2024-11-04T14:38:00.923+0000] {dagbag.py:588} INFO - Filling up the DagBag from /home/airflow/.local/lib/python3.12/site-packages/airflow/example_dags/example_xcomargs.py
[2024-11-04T14:38:00.946+0000] {processor.py:925} INFO - DAG(s) 'example_xcom_args_with_operators', 'example_xcom_args' retrieved from /home/airflow/.local/lib/python3.12/site-packages/airflow/example_dags/example_xcomargs.py
[2024-11-04T14:38:01.018+0000] {logging_mixin.py:190} INFO - [2024-11-04T14:38:01.018+0000] {dag.py:3239} INFO - Sync 2 DAGs
[2024-11-04T14:38:01.059+0000] {logging_mixin.py:190} INFO - [2024-11-04T14:38:01.058+0000] {dag.py:4180} INFO - Setting next_dagrun for example_xcom_args to None, run_after=None
[2024-11-04T14:38:01.075+0000] {logging_mixin.py:190} INFO - [2024-11-04T14:38:01.075+0000] {dag.py:4180} INFO - Setting next_dagrun for example_xcom_args_with_operators to None, run_after=None
[2024-11-04T14:38:01.124+0000] {processor.py:208} INFO - Processing /home/airflow/.local/lib/python3.12/site-packages/airflow/example_dags/example_xcomargs.py took 0.221 seconds
[2024-11-04T14:38:31.999+0000] {processor.py:186} INFO - Started process (PID=1430) to work on /home/airflow/.local/lib/python3.12/site-packages/airflow/example_dags/example_xcomargs.py
[2024-11-04T14:38:32.000+0000] {processor.py:914} INFO - Processing file /home/airflow/.local/lib/python3.12/site-packages/airflow/example_dags/example_xcomargs.py for tasks to queue
[2024-11-04T14:38:32.003+0000] {logging_mixin.py:190} INFO - [2024-11-04T14:38:32.003+0000] {dagbag.py:588} INFO - Filling up the DagBag from /home/airflow/.local/lib/python3.12/site-packages/airflow/example_dags/example_xcomargs.py
[2024-11-04T14:38:32.012+0000] {processor.py:925} INFO - DAG(s) 'example_xcom_args', 'example_xcom_args_with_operators' retrieved from /home/airflow/.local/lib/python3.12/site-packages/airflow/example_dags/example_xcomargs.py
[2024-11-04T14:38:32.035+0000] {logging_mixin.py:190} INFO - [2024-11-04T14:38:32.034+0000] {dag.py:3239} INFO - Sync 2 DAGs
[2024-11-04T14:38:32.048+0000] {logging_mixin.py:190} INFO - [2024-11-04T14:38:32.048+0000] {dag.py:4180} INFO - Setting next_dagrun for example_xcom_args to None, run_after=None
[2024-11-04T14:38:32.052+0000] {logging_mixin.py:190} INFO - [2024-11-04T14:38:32.052+0000] {dag.py:4180} INFO - Setting next_dagrun for example_xcom_args_with_operators to None, run_after=None
[2024-11-04T14:38:32.070+0000] {processor.py:208} INFO - Processing /home/airflow/.local/lib/python3.12/site-packages/airflow/example_dags/example_xcomargs.py took 0.077 seconds
[2024-11-04T14:39:02.678+0000] {processor.py:186} INFO - Started process (PID=1716) to work on /home/airflow/.local/lib/python3.12/site-packages/airflow/example_dags/example_xcomargs.py
[2024-11-04T14:39:02.679+0000] {processor.py:914} INFO - Processing file /home/airflow/.local/lib/python3.12/site-packages/airflow/example_dags/example_xcomargs.py for tasks to queue
[2024-11-04T14:39:02.683+0000] {logging_mixin.py:190} INFO - [2024-11-04T14:39:02.682+0000] {dagbag.py:588} INFO - Filling up the DagBag from /home/airflow/.local/lib/python3.12/site-packages/airflow/example_dags/example_xcomargs.py
[2024-11-04T14:39:02.695+0000] {processor.py:925} INFO - DAG(s) 'example_xcom_args_with_operators', 'example_xcom_args' retrieved from /home/airflow/.local/lib/python3.12/site-packages/airflow/example_dags/example_xcomargs.py
[2024-11-04T14:39:02.729+0000] {logging_mixin.py:190} INFO - [2024-11-04T14:39:02.728+0000] {dag.py:3239} INFO - Sync 2 DAGs
[2024-11-04T14:39:02.748+0000] {logging_mixin.py:190} INFO - [2024-11-04T14:39:02.747+0000] {dag.py:4180} INFO - Setting next_dagrun for example_xcom_args to None, run_after=None
[2024-11-04T14:39:02.753+0000] {logging_mixin.py:190} INFO - [2024-11-04T14:39:02.752+0000] {dag.py:4180} INFO - Setting next_dagrun for example_xcom_args_with_operators to None, run_after=None
[2024-11-04T14:39:02.777+0000] {processor.py:208} INFO - Processing /home/airflow/.local/lib/python3.12/site-packages/airflow/example_dags/example_xcomargs.py took 0.106 seconds
[2024-11-04T14:39:33.479+0000] {processor.py:186} INFO - Started process (PID=2002) to work on /home/airflow/.local/lib/python3.12/site-packages/airflow/example_dags/example_xcomargs.py
[2024-11-04T14:39:33.480+0000] {processor.py:914} INFO - Processing file /home/airflow/.local/lib/python3.12/site-packages/airflow/example_dags/example_xcomargs.py for tasks to queue
[2024-11-04T14:39:33.482+0000] {logging_mixin.py:190} INFO - [2024-11-04T14:39:33.482+0000] {dagbag.py:588} INFO - Filling up the DagBag from /home/airflow/.local/lib/python3.12/site-packages/airflow/example_dags/example_xcomargs.py
[2024-11-04T14:39:33.492+0000] {processor.py:925} INFO - DAG(s) 'example_xcom_args', 'example_xcom_args_with_operators' retrieved from /home/airflow/.local/lib/python3.12/site-packages/airflow/example_dags/example_xcomargs.py
[2024-11-04T14:39:33.515+0000] {logging_mixin.py:190} INFO - [2024-11-04T14:39:33.515+0000] {dag.py:3239} INFO - Sync 2 DAGs
[2024-11-04T14:39:33.528+0000] {logging_mixin.py:190} INFO - [2024-11-04T14:39:33.527+0000] {dag.py:4180} INFO - Setting next_dagrun for example_xcom_args to None, run_after=None
[2024-11-04T14:39:33.532+0000] {logging_mixin.py:190} INFO - [2024-11-04T14:39:33.532+0000] {dag.py:4180} INFO - Setting next_dagrun for example_xcom_args_with_operators to None, run_after=None
[2024-11-04T14:39:33.550+0000] {processor.py:208} INFO - Processing /home/airflow/.local/lib/python3.12/site-packages/airflow/example_dags/example_xcomargs.py took 0.076 seconds
[2024-11-04T14:40:03.745+0000] {processor.py:186} INFO - Started process (PID=2288) to work on /home/airflow/.local/lib/python3.12/site-packages/airflow/example_dags/example_xcomargs.py
[2024-11-04T14:40:03.747+0000] {processor.py:914} INFO - Processing file /home/airflow/.local/lib/python3.12/site-packages/airflow/example_dags/example_xcomargs.py for tasks to queue
[2024-11-04T14:40:03.749+0000] {logging_mixin.py:190} INFO - [2024-11-04T14:40:03.749+0000] {dagbag.py:588} INFO - Filling up the DagBag from /home/airflow/.local/lib/python3.12/site-packages/airflow/example_dags/example_xcomargs.py
[2024-11-04T14:40:03.759+0000] {processor.py:925} INFO - DAG(s) 'example_xcom_args_with_operators', 'example_xcom_args' retrieved from /home/airflow/.local/lib/python3.12/site-packages/airflow/example_dags/example_xcomargs.py
[2024-11-04T14:40:03.789+0000] {logging_mixin.py:190} INFO - [2024-11-04T14:40:03.789+0000] {dag.py:3239} INFO - Sync 2 DAGs
[2024-11-04T14:40:03.807+0000] {logging_mixin.py:190} INFO - [2024-11-04T14:40:03.806+0000] {dag.py:4180} INFO - Setting next_dagrun for example_xcom_args to None, run_after=None
[2024-11-04T14:40:03.811+0000] {logging_mixin.py:190} INFO - [2024-11-04T14:40:03.811+0000] {dag.py:4180} INFO - Setting next_dagrun for example_xcom_args_with_operators to None, run_after=None
[2024-11-04T14:40:03.832+0000] {processor.py:208} INFO - Processing /home/airflow/.local/lib/python3.12/site-packages/airflow/example_dags/example_xcomargs.py took 0.092 seconds
[2024-11-04T14:40:33.885+0000] {processor.py:186} INFO - Started process (PID=2569) to work on /home/airflow/.local/lib/python3.12/site-packages/airflow/example_dags/example_xcomargs.py
[2024-11-04T14:40:33.886+0000] {processor.py:914} INFO - Processing file /home/airflow/.local/lib/python3.12/site-packages/airflow/example_dags/example_xcomargs.py for tasks to queue
[2024-11-04T14:40:33.888+0000] {logging_mixin.py:190} INFO - [2024-11-04T14:40:33.888+0000] {dagbag.py:588} INFO - Filling up the DagBag from /home/airflow/.local/lib/python3.12/site-packages/airflow/example_dags/example_xcomargs.py
[2024-11-04T14:40:33.896+0000] {processor.py:925} INFO - DAG(s) 'example_xcom_args_with_operators', 'example_xcom_args' retrieved from /home/airflow/.local/lib/python3.12/site-packages/airflow/example_dags/example_xcomargs.py
[2024-11-04T14:40:33.916+0000] {logging_mixin.py:190} INFO - [2024-11-04T14:40:33.916+0000] {dag.py:3239} INFO - Sync 2 DAGs
[2024-11-04T14:40:33.930+0000] {logging_mixin.py:190} INFO - [2024-11-04T14:40:33.929+0000] {dag.py:4180} INFO - Setting next_dagrun for example_xcom_args to None, run_after=None
[2024-11-04T14:40:33.935+0000] {logging_mixin.py:190} INFO - [2024-11-04T14:40:33.935+0000] {dag.py:4180} INFO - Setting next_dagrun for example_xcom_args_with_operators to None, run_after=None
[2024-11-04T14:40:33.953+0000] {processor.py:208} INFO - Processing /home/airflow/.local/lib/python3.12/site-packages/airflow/example_dags/example_xcomargs.py took 0.074 seconds
[2024-11-04T14:41:04.967+0000] {processor.py:186} INFO - Started process (PID=2860) to work on /home/airflow/.local/lib/python3.12/site-packages/airflow/example_dags/example_xcomargs.py
[2024-11-04T14:41:04.969+0000] {processor.py:914} INFO - Processing file /home/airflow/.local/lib/python3.12/site-packages/airflow/example_dags/example_xcomargs.py for tasks to queue
[2024-11-04T14:41:04.973+0000] {logging_mixin.py:190} INFO - [2024-11-04T14:41:04.972+0000] {dagbag.py:588} INFO - Filling up the DagBag from /home/airflow/.local/lib/python3.12/site-packages/airflow/example_dags/example_xcomargs.py
[2024-11-04T14:41:04.991+0000] {processor.py:925} INFO - DAG(s) 'example_xcom_args_with_operators', 'example_xcom_args' retrieved from /home/airflow/.local/lib/python3.12/site-packages/airflow/example_dags/example_xcomargs.py
[2024-11-04T14:41:05.041+0000] {logging_mixin.py:190} INFO - [2024-11-04T14:41:05.040+0000] {dag.py:3239} INFO - Sync 2 DAGs
[2024-11-04T14:41:05.084+0000] {logging_mixin.py:190} INFO - [2024-11-04T14:41:05.083+0000] {dag.py:4180} INFO - Setting next_dagrun for example_xcom_args to None, run_after=None
[2024-11-04T14:41:05.105+0000] {logging_mixin.py:190} INFO - [2024-11-04T14:41:05.104+0000] {dag.py:4180} INFO - Setting next_dagrun for example_xcom_args_with_operators to None, run_after=None
[2024-11-04T14:41:05.231+0000] {processor.py:208} INFO - Processing /home/airflow/.local/lib/python3.12/site-packages/airflow/example_dags/example_xcomargs.py took 0.276 seconds
[2024-11-04T14:41:35.319+0000] {processor.py:186} INFO - Started process (PID=3143) to work on /home/airflow/.local/lib/python3.12/site-packages/airflow/example_dags/example_xcomargs.py
[2024-11-04T14:41:35.322+0000] {processor.py:914} INFO - Processing file /home/airflow/.local/lib/python3.12/site-packages/airflow/example_dags/example_xcomargs.py for tasks to queue
[2024-11-04T14:41:35.326+0000] {logging_mixin.py:190} INFO - [2024-11-04T14:41:35.326+0000] {dagbag.py:588} INFO - Filling up the DagBag from /home/airflow/.local/lib/python3.12/site-packages/airflow/example_dags/example_xcomargs.py
[2024-11-04T14:41:35.346+0000] {processor.py:925} INFO - DAG(s) 'example_xcom_args', 'example_xcom_args_with_operators' retrieved from /home/airflow/.local/lib/python3.12/site-packages/airflow/example_dags/example_xcomargs.py
[2024-11-04T14:41:35.395+0000] {logging_mixin.py:190} INFO - [2024-11-04T14:41:35.394+0000] {dag.py:3239} INFO - Sync 2 DAGs
[2024-11-04T14:41:35.419+0000] {logging_mixin.py:190} INFO - [2024-11-04T14:41:35.419+0000] {dag.py:4180} INFO - Setting next_dagrun for example_xcom_args to None, run_after=None
[2024-11-04T14:41:35.428+0000] {logging_mixin.py:190} INFO - [2024-11-04T14:41:35.427+0000] {dag.py:4180} INFO - Setting next_dagrun for example_xcom_args_with_operators to None, run_after=None
[2024-11-04T14:41:35.460+0000] {processor.py:208} INFO - Processing /home/airflow/.local/lib/python3.12/site-packages/airflow/example_dags/example_xcomargs.py took 0.151 seconds
[2024-11-04T14:42:05.526+0000] {processor.py:186} INFO - Started process (PID=3429) to work on /home/airflow/.local/lib/python3.12/site-packages/airflow/example_dags/example_xcomargs.py
[2024-11-04T14:42:05.527+0000] {processor.py:914} INFO - Processing file /home/airflow/.local/lib/python3.12/site-packages/airflow/example_dags/example_xcomargs.py for tasks to queue
[2024-11-04T14:42:05.529+0000] {logging_mixin.py:190} INFO - [2024-11-04T14:42:05.529+0000] {dagbag.py:588} INFO - Filling up the DagBag from /home/airflow/.local/lib/python3.12/site-packages/airflow/example_dags/example_xcomargs.py
[2024-11-04T14:42:05.539+0000] {processor.py:925} INFO - DAG(s) 'example_xcom_args', 'example_xcom_args_with_operators' retrieved from /home/airflow/.local/lib/python3.12/site-packages/airflow/example_dags/example_xcomargs.py
[2024-11-04T14:42:05.560+0000] {logging_mixin.py:190} INFO - [2024-11-04T14:42:05.560+0000] {dag.py:3239} INFO - Sync 2 DAGs
[2024-11-04T14:42:05.575+0000] {logging_mixin.py:190} INFO - [2024-11-04T14:42:05.575+0000] {dag.py:4180} INFO - Setting next_dagrun for example_xcom_args to None, run_after=None
[2024-11-04T14:42:05.579+0000] {logging_mixin.py:190} INFO - [2024-11-04T14:42:05.579+0000] {dag.py:4180} INFO - Setting next_dagrun for example_xcom_args_with_operators to None, run_after=None
[2024-11-04T14:42:05.597+0000] {processor.py:208} INFO - Processing /home/airflow/.local/lib/python3.12/site-packages/airflow/example_dags/example_xcomargs.py took 0.076 seconds
[2024-11-04T14:42:36.075+0000] {processor.py:186} INFO - Started process (PID=3712) to work on /home/airflow/.local/lib/python3.12/site-packages/airflow/example_dags/example_xcomargs.py
[2024-11-04T14:42:36.076+0000] {processor.py:914} INFO - Processing file /home/airflow/.local/lib/python3.12/site-packages/airflow/example_dags/example_xcomargs.py for tasks to queue
[2024-11-04T14:42:36.079+0000] {logging_mixin.py:190} INFO - [2024-11-04T14:42:36.078+0000] {dagbag.py:588} INFO - Filling up the DagBag from /home/airflow/.local/lib/python3.12/site-packages/airflow/example_dags/example_xcomargs.py
[2024-11-04T14:42:36.087+0000] {processor.py:925} INFO - DAG(s) 'example_xcom_args', 'example_xcom_args_with_operators' retrieved from /home/airflow/.local/lib/python3.12/site-packages/airflow/example_dags/example_xcomargs.py
[2024-11-04T14:42:36.105+0000] {logging_mixin.py:190} INFO - [2024-11-04T14:42:36.105+0000] {dag.py:3239} INFO - Sync 2 DAGs
[2024-11-04T14:42:36.116+0000] {logging_mixin.py:190} INFO - [2024-11-04T14:42:36.116+0000] {dag.py:4180} INFO - Setting next_dagrun for example_xcom_args to None, run_after=None
[2024-11-04T14:42:36.120+0000] {logging_mixin.py:190} INFO - [2024-11-04T14:42:36.119+0000] {dag.py:4180} INFO - Setting next_dagrun for example_xcom_args_with_operators to None, run_after=None
[2024-11-04T14:42:36.132+0000] {processor.py:208} INFO - Processing /home/airflow/.local/lib/python3.12/site-packages/airflow/example_dags/example_xcomargs.py took 0.063 seconds
[2024-11-04T14:43:06.704+0000] {processor.py:186} INFO - Started process (PID=3998) to work on /home/airflow/.local/lib/python3.12/site-packages/airflow/example_dags/example_xcomargs.py
[2024-11-04T14:43:06.706+0000] {processor.py:914} INFO - Processing file /home/airflow/.local/lib/python3.12/site-packages/airflow/example_dags/example_xcomargs.py for tasks to queue
[2024-11-04T14:43:06.708+0000] {logging_mixin.py:190} INFO - [2024-11-04T14:43:06.707+0000] {dagbag.py:588} INFO - Filling up the DagBag from /home/airflow/.local/lib/python3.12/site-packages/airflow/example_dags/example_xcomargs.py
[2024-11-04T14:43:06.716+0000] {processor.py:925} INFO - DAG(s) 'example_xcom_args_with_operators', 'example_xcom_args' retrieved from /home/airflow/.local/lib/python3.12/site-packages/airflow/example_dags/example_xcomargs.py
[2024-11-04T14:43:06.737+0000] {logging_mixin.py:190} INFO - [2024-11-04T14:43:06.737+0000] {dag.py:3239} INFO - Sync 2 DAGs
[2024-11-04T14:43:06.749+0000] {logging_mixin.py:190} INFO - [2024-11-04T14:43:06.749+0000] {dag.py:4180} INFO - Setting next_dagrun for example_xcom_args to None, run_after=None
[2024-11-04T14:43:06.753+0000] {logging_mixin.py:190} INFO - [2024-11-04T14:43:06.753+0000] {dag.py:4180} INFO - Setting next_dagrun for example_xcom_args_with_operators to None, run_after=None
[2024-11-04T14:43:06.768+0000] {processor.py:208} INFO - Processing /home/airflow/.local/lib/python3.12/site-packages/airflow/example_dags/example_xcomargs.py took 0.070 seconds
[2024-11-04T14:44:55.960+0000] {processor.py:186} INFO - Started process (PID=286) to work on /home/airflow/.local/lib/python3.12/site-packages/airflow/example_dags/example_xcomargs.py
[2024-11-04T14:44:55.962+0000] {processor.py:914} INFO - Processing file /home/airflow/.local/lib/python3.12/site-packages/airflow/example_dags/example_xcomargs.py for tasks to queue
[2024-11-04T14:44:55.965+0000] {logging_mixin.py:190} INFO - [2024-11-04T14:44:55.965+0000] {dagbag.py:588} INFO - Filling up the DagBag from /home/airflow/.local/lib/python3.12/site-packages/airflow/example_dags/example_xcomargs.py
[2024-11-04T14:44:55.980+0000] {processor.py:925} INFO - DAG(s) 'example_xcom_args_with_operators', 'example_xcom_args' retrieved from /home/airflow/.local/lib/python3.12/site-packages/airflow/example_dags/example_xcomargs.py
[2024-11-04T14:44:56.122+0000] {logging_mixin.py:190} INFO - [2024-11-04T14:44:56.121+0000] {override.py:1900} INFO - Created Permission View: can delete on DAG:example_xcom_args_with_operators
[2024-11-04T14:44:56.141+0000] {logging_mixin.py:190} INFO - [2024-11-04T14:44:56.140+0000] {override.py:1900} INFO - Created Permission View: can read on DAG:example_xcom_args_with_operators
[2024-11-04T14:44:56.155+0000] {logging_mixin.py:190} INFO - [2024-11-04T14:44:56.155+0000] {override.py:1900} INFO - Created Permission View: can edit on DAG:example_xcom_args_with_operators
[2024-11-04T14:44:56.169+0000] {logging_mixin.py:190} INFO - [2024-11-04T14:44:56.169+0000] {override.py:1900} INFO - Created Permission View: can create on DAG Run:example_xcom_args_with_operators
[2024-11-04T14:44:56.182+0000] {logging_mixin.py:190} INFO - [2024-11-04T14:44:56.181+0000] {override.py:1900} INFO - Created Permission View: can delete on DAG Run:example_xcom_args_with_operators
[2024-11-04T14:44:56.194+0000] {logging_mixin.py:190} INFO - [2024-11-04T14:44:56.194+0000] {override.py:1900} INFO - Created Permission View: menu access on DAG Run:example_xcom_args_with_operators
[2024-11-04T14:44:56.206+0000] {logging_mixin.py:190} INFO - [2024-11-04T14:44:56.206+0000] {override.py:1900} INFO - Created Permission View: can read on DAG Run:example_xcom_args_with_operators
[2024-11-04T14:44:56.230+0000] {logging_mixin.py:190} INFO - [2024-11-04T14:44:56.230+0000] {override.py:1900} INFO - Created Permission View: can delete on DAG:example_xcom_args
[2024-11-04T14:44:56.243+0000] {logging_mixin.py:190} INFO - [2024-11-04T14:44:56.243+0000] {override.py:1900} INFO - Created Permission View: can read on DAG:example_xcom_args
[2024-11-04T14:44:56.255+0000] {logging_mixin.py:190} INFO - [2024-11-04T14:44:56.255+0000] {override.py:1900} INFO - Created Permission View: can edit on DAG:example_xcom_args
[2024-11-04T14:44:56.269+0000] {logging_mixin.py:190} INFO - [2024-11-04T14:44:56.269+0000] {override.py:1900} INFO - Created Permission View: can create on DAG Run:example_xcom_args
[2024-11-04T14:44:56.282+0000] {logging_mixin.py:190} INFO - [2024-11-04T14:44:56.281+0000] {override.py:1900} INFO - Created Permission View: can delete on DAG Run:example_xcom_args
[2024-11-04T14:44:56.294+0000] {logging_mixin.py:190} INFO - [2024-11-04T14:44:56.293+0000] {override.py:1900} INFO - Created Permission View: menu access on DAG Run:example_xcom_args
[2024-11-04T14:44:56.306+0000] {logging_mixin.py:190} INFO - [2024-11-04T14:44:56.306+0000] {override.py:1900} INFO - Created Permission View: can read on DAG Run:example_xcom_args
[2024-11-04T14:44:56.308+0000] {logging_mixin.py:190} INFO - [2024-11-04T14:44:56.307+0000] {dag.py:3239} INFO - Sync 2 DAGs
[2024-11-04T14:44:56.326+0000] {logging_mixin.py:190} INFO - [2024-11-04T14:44:56.326+0000] {dag.py:3262} INFO - Creating ORM DAG for example_xcom_args_with_operators
[2024-11-04T14:44:56.328+0000] {logging_mixin.py:190} INFO - [2024-11-04T14:44:56.328+0000] {dag.py:3262} INFO - Creating ORM DAG for example_xcom_args
[2024-11-04T14:44:56.329+0000] {logging_mixin.py:190} INFO - [2024-11-04T14:44:56.329+0000] {dag.py:4180} INFO - Setting next_dagrun for example_xcom_args to None, run_after=None
[2024-11-04T14:44:56.331+0000] {logging_mixin.py:190} INFO - [2024-11-04T14:44:56.331+0000] {dag.py:4180} INFO - Setting next_dagrun for example_xcom_args_with_operators to None, run_after=None
[2024-11-04T14:44:56.374+0000] {processor.py:208} INFO - Processing /home/airflow/.local/lib/python3.12/site-packages/airflow/example_dags/example_xcomargs.py took 0.422 seconds
[2024-11-04T14:45:26.440+0000] {processor.py:186} INFO - Started process (PID=572) to work on /home/airflow/.local/lib/python3.12/site-packages/airflow/example_dags/example_xcomargs.py
[2024-11-04T14:45:26.442+0000] {processor.py:914} INFO - Processing file /home/airflow/.local/lib/python3.12/site-packages/airflow/example_dags/example_xcomargs.py for tasks to queue
[2024-11-04T14:45:26.446+0000] {logging_mixin.py:190} INFO - [2024-11-04T14:45:26.445+0000] {dagbag.py:588} INFO - Filling up the DagBag from /home/airflow/.local/lib/python3.12/site-packages/airflow/example_dags/example_xcomargs.py
[2024-11-04T14:45:26.459+0000] {processor.py:925} INFO - DAG(s) 'example_xcom_args_with_operators', 'example_xcom_args' retrieved from /home/airflow/.local/lib/python3.12/site-packages/airflow/example_dags/example_xcomargs.py
[2024-11-04T14:45:26.488+0000] {logging_mixin.py:190} INFO - [2024-11-04T14:45:26.487+0000] {dag.py:3239} INFO - Sync 2 DAGs
[2024-11-04T14:45:26.507+0000] {logging_mixin.py:190} INFO - [2024-11-04T14:45:26.506+0000] {dag.py:4180} INFO - Setting next_dagrun for example_xcom_args to None, run_after=None
[2024-11-04T14:45:26.512+0000] {logging_mixin.py:190} INFO - [2024-11-04T14:45:26.512+0000] {dag.py:4180} INFO - Setting next_dagrun for example_xcom_args_with_operators to None, run_after=None
[2024-11-04T14:45:26.543+0000] {processor.py:208} INFO - Processing /home/airflow/.local/lib/python3.12/site-packages/airflow/example_dags/example_xcomargs.py took 0.112 seconds
[2024-11-04T14:45:57.065+0000] {processor.py:186} INFO - Started process (PID=858) to work on /home/airflow/.local/lib/python3.12/site-packages/airflow/example_dags/example_xcomargs.py
[2024-11-04T14:45:57.067+0000] {processor.py:914} INFO - Processing file /home/airflow/.local/lib/python3.12/site-packages/airflow/example_dags/example_xcomargs.py for tasks to queue
[2024-11-04T14:45:57.070+0000] {logging_mixin.py:190} INFO - [2024-11-04T14:45:57.069+0000] {dagbag.py:588} INFO - Filling up the DagBag from /home/airflow/.local/lib/python3.12/site-packages/airflow/example_dags/example_xcomargs.py
[2024-11-04T14:45:57.079+0000] {processor.py:925} INFO - DAG(s) 'example_xcom_args_with_operators', 'example_xcom_args' retrieved from /home/airflow/.local/lib/python3.12/site-packages/airflow/example_dags/example_xcomargs.py
[2024-11-04T14:45:57.106+0000] {logging_mixin.py:190} INFO - [2024-11-04T14:45:57.106+0000] {dag.py:3239} INFO - Sync 2 DAGs
[2024-11-04T14:45:57.119+0000] {logging_mixin.py:190} INFO - [2024-11-04T14:45:57.119+0000] {dag.py:4180} INFO - Setting next_dagrun for example_xcom_args to None, run_after=None
[2024-11-04T14:45:57.123+0000] {logging_mixin.py:190} INFO - [2024-11-04T14:45:57.122+0000] {dag.py:4180} INFO - Setting next_dagrun for example_xcom_args_with_operators to None, run_after=None
[2024-11-04T14:45:57.139+0000] {processor.py:208} INFO - Processing /home/airflow/.local/lib/python3.12/site-packages/airflow/example_dags/example_xcomargs.py took 0.079 seconds
[2024-11-04T14:46:27.350+0000] {processor.py:186} INFO - Started process (PID=1144) to work on /home/airflow/.local/lib/python3.12/site-packages/airflow/example_dags/example_xcomargs.py
[2024-11-04T14:46:27.351+0000] {processor.py:914} INFO - Processing file /home/airflow/.local/lib/python3.12/site-packages/airflow/example_dags/example_xcomargs.py for tasks to queue
[2024-11-04T14:46:27.354+0000] {logging_mixin.py:190} INFO - [2024-11-04T14:46:27.354+0000] {dagbag.py:588} INFO - Filling up the DagBag from /home/airflow/.local/lib/python3.12/site-packages/airflow/example_dags/example_xcomargs.py
[2024-11-04T14:46:27.364+0000] {processor.py:925} INFO - DAG(s) 'example_xcom_args_with_operators', 'example_xcom_args' retrieved from /home/airflow/.local/lib/python3.12/site-packages/airflow/example_dags/example_xcomargs.py
[2024-11-04T14:46:27.392+0000] {logging_mixin.py:190} INFO - [2024-11-04T14:46:27.391+0000] {dag.py:3239} INFO - Sync 2 DAGs
[2024-11-04T14:46:27.406+0000] {logging_mixin.py:190} INFO - [2024-11-04T14:46:27.406+0000] {dag.py:4180} INFO - Setting next_dagrun for example_xcom_args to None, run_after=None
[2024-11-04T14:46:27.411+0000] {logging_mixin.py:190} INFO - [2024-11-04T14:46:27.410+0000] {dag.py:4180} INFO - Setting next_dagrun for example_xcom_args_with_operators to None, run_after=None
[2024-11-04T14:46:27.431+0000] {processor.py:208} INFO - Processing /home/airflow/.local/lib/python3.12/site-packages/airflow/example_dags/example_xcomargs.py took 0.087 seconds
[2024-11-04T14:46:57.923+0000] {processor.py:186} INFO - Started process (PID=1432) to work on /home/airflow/.local/lib/python3.12/site-packages/airflow/example_dags/example_xcomargs.py
[2024-11-04T14:46:57.924+0000] {processor.py:914} INFO - Processing file /home/airflow/.local/lib/python3.12/site-packages/airflow/example_dags/example_xcomargs.py for tasks to queue
[2024-11-04T14:46:57.926+0000] {logging_mixin.py:190} INFO - [2024-11-04T14:46:57.926+0000] {dagbag.py:588} INFO - Filling up the DagBag from /home/airflow/.local/lib/python3.12/site-packages/airflow/example_dags/example_xcomargs.py
[2024-11-04T14:46:57.934+0000] {processor.py:925} INFO - DAG(s) 'example_xcom_args_with_operators', 'example_xcom_args' retrieved from /home/airflow/.local/lib/python3.12/site-packages/airflow/example_dags/example_xcomargs.py
[2024-11-04T14:46:57.958+0000] {logging_mixin.py:190} INFO - [2024-11-04T14:46:57.958+0000] {dag.py:3239} INFO - Sync 2 DAGs
[2024-11-04T14:46:57.971+0000] {logging_mixin.py:190} INFO - [2024-11-04T14:46:57.971+0000] {dag.py:4180} INFO - Setting next_dagrun for example_xcom_args to None, run_after=None
[2024-11-04T14:46:57.975+0000] {logging_mixin.py:190} INFO - [2024-11-04T14:46:57.975+0000] {dag.py:4180} INFO - Setting next_dagrun for example_xcom_args_with_operators to None, run_after=None
[2024-11-04T14:46:57.994+0000] {processor.py:208} INFO - Processing /home/airflow/.local/lib/python3.12/site-packages/airflow/example_dags/example_xcomargs.py took 0.077 seconds
[2024-11-04T14:49:15.281+0000] {processor.py:186} INFO - Started process (PID=279) to work on /home/airflow/.local/lib/python3.12/site-packages/airflow/example_dags/example_xcomargs.py
[2024-11-04T14:49:15.283+0000] {processor.py:914} INFO - Processing file /home/airflow/.local/lib/python3.12/site-packages/airflow/example_dags/example_xcomargs.py for tasks to queue
[2024-11-04T14:49:15.286+0000] {logging_mixin.py:190} INFO - [2024-11-04T14:49:15.286+0000] {dagbag.py:588} INFO - Filling up the DagBag from /home/airflow/.local/lib/python3.12/site-packages/airflow/example_dags/example_xcomargs.py
[2024-11-04T14:49:15.303+0000] {processor.py:925} INFO - DAG(s) 'example_xcom_args', 'example_xcom_args_with_operators' retrieved from /home/airflow/.local/lib/python3.12/site-packages/airflow/example_dags/example_xcomargs.py
[2024-11-04T14:49:15.432+0000] {logging_mixin.py:190} INFO - [2024-11-04T14:49:15.432+0000] {override.py:1900} INFO - Created Permission View: can edit on DAG:example_xcom_args
[2024-11-04T14:49:15.447+0000] {logging_mixin.py:190} INFO - [2024-11-04T14:49:15.447+0000] {override.py:1900} INFO - Created Permission View: can delete on DAG:example_xcom_args
[2024-11-04T14:49:15.458+0000] {logging_mixin.py:190} INFO - [2024-11-04T14:49:15.458+0000] {override.py:1900} INFO - Created Permission View: can read on DAG:example_xcom_args
[2024-11-04T14:49:15.471+0000] {logging_mixin.py:190} INFO - [2024-11-04T14:49:15.471+0000] {override.py:1900} INFO - Created Permission View: can create on DAG Run:example_xcom_args
[2024-11-04T14:49:15.481+0000] {logging_mixin.py:190} INFO - [2024-11-04T14:49:15.481+0000] {override.py:1900} INFO - Created Permission View: can read on DAG Run:example_xcom_args
[2024-11-04T14:49:15.492+0000] {logging_mixin.py:190} INFO - [2024-11-04T14:49:15.491+0000] {override.py:1900} INFO - Created Permission View: can delete on DAG Run:example_xcom_args
[2024-11-04T14:49:15.503+0000] {logging_mixin.py:190} INFO - [2024-11-04T14:49:15.502+0000] {override.py:1900} INFO - Created Permission View: menu access on DAG Run:example_xcom_args
[2024-11-04T14:49:15.524+0000] {logging_mixin.py:190} INFO - [2024-11-04T14:49:15.524+0000] {override.py:1900} INFO - Created Permission View: can edit on DAG:example_xcom_args_with_operators
[2024-11-04T14:49:15.535+0000] {logging_mixin.py:190} INFO - [2024-11-04T14:49:15.534+0000] {override.py:1900} INFO - Created Permission View: can delete on DAG:example_xcom_args_with_operators
[2024-11-04T14:49:15.546+0000] {logging_mixin.py:190} INFO - [2024-11-04T14:49:15.545+0000] {override.py:1900} INFO - Created Permission View: can read on DAG:example_xcom_args_with_operators
[2024-11-04T14:49:15.560+0000] {logging_mixin.py:190} INFO - [2024-11-04T14:49:15.559+0000] {override.py:1900} INFO - Created Permission View: can create on DAG Run:example_xcom_args_with_operators
[2024-11-04T14:49:15.571+0000] {logging_mixin.py:190} INFO - [2024-11-04T14:49:15.570+0000] {override.py:1900} INFO - Created Permission View: can read on DAG Run:example_xcom_args_with_operators
[2024-11-04T14:49:15.582+0000] {logging_mixin.py:190} INFO - [2024-11-04T14:49:15.582+0000] {override.py:1900} INFO - Created Permission View: can delete on DAG Run:example_xcom_args_with_operators
[2024-11-04T14:49:15.593+0000] {logging_mixin.py:190} INFO - [2024-11-04T14:49:15.593+0000] {override.py:1900} INFO - Created Permission View: menu access on DAG Run:example_xcom_args_with_operators
[2024-11-04T14:49:15.594+0000] {logging_mixin.py:190} INFO - [2024-11-04T14:49:15.594+0000] {dag.py:3239} INFO - Sync 2 DAGs
[2024-11-04T14:49:15.611+0000] {logging_mixin.py:190} INFO - [2024-11-04T14:49:15.611+0000] {dag.py:3262} INFO - Creating ORM DAG for example_xcom_args
[2024-11-04T14:49:15.613+0000] {logging_mixin.py:190} INFO - [2024-11-04T14:49:15.613+0000] {dag.py:3262} INFO - Creating ORM DAG for example_xcom_args_with_operators
[2024-11-04T14:49:15.615+0000] {logging_mixin.py:190} INFO - [2024-11-04T14:49:15.614+0000] {dag.py:4180} INFO - Setting next_dagrun for example_xcom_args to None, run_after=None
[2024-11-04T14:49:15.616+0000] {logging_mixin.py:190} INFO - [2024-11-04T14:49:15.616+0000] {dag.py:4180} INFO - Setting next_dagrun for example_xcom_args_with_operators to None, run_after=None
[2024-11-04T14:49:15.651+0000] {processor.py:208} INFO - Processing /home/airflow/.local/lib/python3.12/site-packages/airflow/example_dags/example_xcomargs.py took 0.378 seconds
