[2024-11-04T14:33:56.752+0000] {processor.py:186} INFO - Started process (PID=188) to work on /home/airflow/.local/lib/python3.12/site-packages/airflow/example_dags/example_external_task_marker_dag.py
[2024-11-04T14:33:56.754+0000] {processor.py:914} INFO - Processing file /home/airflow/.local/lib/python3.12/site-packages/airflow/example_dags/example_external_task_marker_dag.py for tasks to queue
[2024-11-04T14:33:56.759+0000] {logging_mixin.py:190} INFO - [2024-11-04T14:33:56.759+0000] {dagbag.py:588} INFO - Filling up the DagBag from /home/airflow/.local/lib/python3.12/site-packages/airflow/example_dags/example_external_task_marker_dag.py
[2024-11-04T14:33:56.774+0000] {processor.py:925} INFO - DAG(s) 'example_external_task_marker_parent', 'example_external_task_marker_child' retrieved from /home/airflow/.local/lib/python3.12/site-packages/airflow/example_dags/example_external_task_marker_dag.py
[2024-11-04T14:33:56.967+0000] {logging_mixin.py:190} INFO - [2024-11-04T14:33:56.965+0000] {override.py:1900} INFO - Created Permission View: can edit on DAG:example_external_task_marker_parent
[2024-11-04T14:33:57.013+0000] {logging_mixin.py:190} INFO - [2024-11-04T14:33:57.013+0000] {override.py:1900} INFO - Created Permission View: can read on DAG:example_external_task_marker_parent
[2024-11-04T14:33:57.030+0000] {logging_mixin.py:190} INFO - [2024-11-04T14:33:57.029+0000] {override.py:1900} INFO - Created Permission View: can delete on DAG:example_external_task_marker_parent
[2024-11-04T14:33:57.062+0000] {logging_mixin.py:190} INFO - [2024-11-04T14:33:57.061+0000] {override.py:1900} INFO - Created Permission View: can read on DAG Run:example_external_task_marker_parent
[2024-11-04T14:33:57.084+0000] {logging_mixin.py:190} INFO - [2024-11-04T14:33:57.083+0000] {override.py:1900} INFO - Created Permission View: can delete on DAG Run:example_external_task_marker_parent
[2024-11-04T14:33:57.101+0000] {logging_mixin.py:190} INFO - [2024-11-04T14:33:57.100+0000] {override.py:1900} INFO - Created Permission View: menu access on DAG Run:example_external_task_marker_parent
[2024-11-04T14:33:57.118+0000] {logging_mixin.py:190} INFO - [2024-11-04T14:33:57.117+0000] {override.py:1900} INFO - Created Permission View: can create on DAG Run:example_external_task_marker_parent
[2024-11-04T14:33:57.151+0000] {logging_mixin.py:190} INFO - [2024-11-04T14:33:57.150+0000] {override.py:1900} INFO - Created Permission View: can edit on DAG:example_external_task_marker_child
[2024-11-04T14:33:57.165+0000] {logging_mixin.py:190} INFO - [2024-11-04T14:33:57.164+0000] {override.py:1900} INFO - Created Permission View: can read on DAG:example_external_task_marker_child
[2024-11-04T14:33:57.179+0000] {logging_mixin.py:190} INFO - [2024-11-04T14:33:57.179+0000] {override.py:1900} INFO - Created Permission View: can delete on DAG:example_external_task_marker_child
[2024-11-04T14:33:57.196+0000] {logging_mixin.py:190} INFO - [2024-11-04T14:33:57.195+0000] {override.py:1900} INFO - Created Permission View: can read on DAG Run:example_external_task_marker_child
[2024-11-04T14:33:57.210+0000] {logging_mixin.py:190} INFO - [2024-11-04T14:33:57.209+0000] {override.py:1900} INFO - Created Permission View: can delete on DAG Run:example_external_task_marker_child
[2024-11-04T14:33:57.223+0000] {logging_mixin.py:190} INFO - [2024-11-04T14:33:57.223+0000] {override.py:1900} INFO - Created Permission View: menu access on DAG Run:example_external_task_marker_child
[2024-11-04T14:33:57.237+0000] {logging_mixin.py:190} INFO - [2024-11-04T14:33:57.237+0000] {override.py:1900} INFO - Created Permission View: can create on DAG Run:example_external_task_marker_child
[2024-11-04T14:33:57.239+0000] {logging_mixin.py:190} INFO - [2024-11-04T14:33:57.238+0000] {dag.py:3239} INFO - Sync 2 DAGs
[2024-11-04T14:33:57.261+0000] {logging_mixin.py:190} INFO - [2024-11-04T14:33:57.260+0000] {dag.py:3262} INFO - Creating ORM DAG for example_external_task_marker_child
[2024-11-04T14:33:57.263+0000] {logging_mixin.py:190} INFO - [2024-11-04T14:33:57.263+0000] {dag.py:3262} INFO - Creating ORM DAG for example_external_task_marker_parent
[2024-11-04T14:33:57.267+0000] {logging_mixin.py:190} INFO - [2024-11-04T14:33:57.266+0000] {dag.py:4180} INFO - Setting next_dagrun for example_external_task_marker_child to None, run_after=None
[2024-11-04T14:33:57.270+0000] {logging_mixin.py:190} INFO - [2024-11-04T14:33:57.269+0000] {dag.py:4180} INFO - Setting next_dagrun for example_external_task_marker_parent to None, run_after=None
[2024-11-04T14:33:57.322+0000] {processor.py:208} INFO - Processing /home/airflow/.local/lib/python3.12/site-packages/airflow/example_dags/example_external_task_marker_dag.py took 0.579 seconds
[2024-11-04T14:34:27.491+0000] {processor.py:186} INFO - Started process (PID=475) to work on /home/airflow/.local/lib/python3.12/site-packages/airflow/example_dags/example_external_task_marker_dag.py
[2024-11-04T14:34:27.493+0000] {processor.py:914} INFO - Processing file /home/airflow/.local/lib/python3.12/site-packages/airflow/example_dags/example_external_task_marker_dag.py for tasks to queue
[2024-11-04T14:34:27.499+0000] {logging_mixin.py:190} INFO - [2024-11-04T14:34:27.498+0000] {dagbag.py:588} INFO - Filling up the DagBag from /home/airflow/.local/lib/python3.12/site-packages/airflow/example_dags/example_external_task_marker_dag.py
[2024-11-04T14:34:27.514+0000] {processor.py:925} INFO - DAG(s) 'example_external_task_marker_parent', 'example_external_task_marker_child' retrieved from /home/airflow/.local/lib/python3.12/site-packages/airflow/example_dags/example_external_task_marker_dag.py
[2024-11-04T14:34:27.542+0000] {logging_mixin.py:190} INFO - [2024-11-04T14:34:27.542+0000] {dag.py:3239} INFO - Sync 2 DAGs
[2024-11-04T14:34:27.558+0000] {logging_mixin.py:190} INFO - [2024-11-04T14:34:27.558+0000] {dag.py:4180} INFO - Setting next_dagrun for example_external_task_marker_child to None, run_after=None
[2024-11-04T14:34:27.563+0000] {logging_mixin.py:190} INFO - [2024-11-04T14:34:27.562+0000] {dag.py:4180} INFO - Setting next_dagrun for example_external_task_marker_parent to None, run_after=None
[2024-11-04T14:34:27.585+0000] {processor.py:208} INFO - Processing /home/airflow/.local/lib/python3.12/site-packages/airflow/example_dags/example_external_task_marker_dag.py took 0.100 seconds
[2024-11-04T14:34:57.838+0000] {processor.py:186} INFO - Started process (PID=763) to work on /home/airflow/.local/lib/python3.12/site-packages/airflow/example_dags/example_external_task_marker_dag.py
[2024-11-04T14:34:57.839+0000] {processor.py:914} INFO - Processing file /home/airflow/.local/lib/python3.12/site-packages/airflow/example_dags/example_external_task_marker_dag.py for tasks to queue
[2024-11-04T14:34:57.842+0000] {logging_mixin.py:190} INFO - [2024-11-04T14:34:57.842+0000] {dagbag.py:588} INFO - Filling up the DagBag from /home/airflow/.local/lib/python3.12/site-packages/airflow/example_dags/example_external_task_marker_dag.py
[2024-11-04T14:34:57.848+0000] {processor.py:925} INFO - DAG(s) 'example_external_task_marker_parent', 'example_external_task_marker_child' retrieved from /home/airflow/.local/lib/python3.12/site-packages/airflow/example_dags/example_external_task_marker_dag.py
[2024-11-04T14:34:57.869+0000] {logging_mixin.py:190} INFO - [2024-11-04T14:34:57.868+0000] {dag.py:3239} INFO - Sync 2 DAGs
[2024-11-04T14:34:57.882+0000] {logging_mixin.py:190} INFO - [2024-11-04T14:34:57.882+0000] {dag.py:4180} INFO - Setting next_dagrun for example_external_task_marker_child to None, run_after=None
[2024-11-04T14:34:57.886+0000] {logging_mixin.py:190} INFO - [2024-11-04T14:34:57.886+0000] {dag.py:4180} INFO - Setting next_dagrun for example_external_task_marker_parent to None, run_after=None
[2024-11-04T14:34:57.901+0000] {processor.py:208} INFO - Processing /home/airflow/.local/lib/python3.12/site-packages/airflow/example_dags/example_external_task_marker_dag.py took 0.068 seconds
[2024-11-04T14:36:23.646+0000] {processor.py:186} INFO - Started process (PID=189) to work on /home/airflow/.local/lib/python3.12/site-packages/airflow/example_dags/example_external_task_marker_dag.py
[2024-11-04T14:36:23.647+0000] {processor.py:914} INFO - Processing file /home/airflow/.local/lib/python3.12/site-packages/airflow/example_dags/example_external_task_marker_dag.py for tasks to queue
[2024-11-04T14:36:23.651+0000] {logging_mixin.py:190} INFO - [2024-11-04T14:36:23.650+0000] {dagbag.py:588} INFO - Filling up the DagBag from /home/airflow/.local/lib/python3.12/site-packages/airflow/example_dags/example_external_task_marker_dag.py
[2024-11-04T14:36:23.661+0000] {processor.py:925} INFO - DAG(s) 'example_external_task_marker_child', 'example_external_task_marker_parent' retrieved from /home/airflow/.local/lib/python3.12/site-packages/airflow/example_dags/example_external_task_marker_dag.py
[2024-11-04T14:36:23.798+0000] {logging_mixin.py:190} INFO - [2024-11-04T14:36:23.797+0000] {override.py:1900} INFO - Created Permission View: can delete on DAG:example_external_task_marker_child
[2024-11-04T14:36:23.816+0000] {logging_mixin.py:190} INFO - [2024-11-04T14:36:23.816+0000] {override.py:1900} INFO - Created Permission View: can read on DAG:example_external_task_marker_child
[2024-11-04T14:36:23.827+0000] {logging_mixin.py:190} INFO - [2024-11-04T14:36:23.827+0000] {override.py:1900} INFO - Created Permission View: can edit on DAG:example_external_task_marker_child
[2024-11-04T14:36:23.845+0000] {logging_mixin.py:190} INFO - [2024-11-04T14:36:23.844+0000] {override.py:1900} INFO - Created Permission View: can create on DAG Run:example_external_task_marker_child
[2024-11-04T14:36:23.858+0000] {logging_mixin.py:190} INFO - [2024-11-04T14:36:23.857+0000] {override.py:1900} INFO - Created Permission View: can delete on DAG Run:example_external_task_marker_child
[2024-11-04T14:36:23.870+0000] {logging_mixin.py:190} INFO - [2024-11-04T14:36:23.869+0000] {override.py:1900} INFO - Created Permission View: can read on DAG Run:example_external_task_marker_child
[2024-11-04T14:36:23.883+0000] {logging_mixin.py:190} INFO - [2024-11-04T14:36:23.882+0000] {override.py:1900} INFO - Created Permission View: menu access on DAG Run:example_external_task_marker_child
[2024-11-04T14:36:23.904+0000] {logging_mixin.py:190} INFO - [2024-11-04T14:36:23.904+0000] {override.py:1900} INFO - Created Permission View: can delete on DAG:example_external_task_marker_parent
[2024-11-04T14:36:23.917+0000] {logging_mixin.py:190} INFO - [2024-11-04T14:36:23.916+0000] {override.py:1900} INFO - Created Permission View: can read on DAG:example_external_task_marker_parent
[2024-11-04T14:36:23.933+0000] {logging_mixin.py:190} INFO - [2024-11-04T14:36:23.933+0000] {override.py:1900} INFO - Created Permission View: can edit on DAG:example_external_task_marker_parent
[2024-11-04T14:36:23.952+0000] {logging_mixin.py:190} INFO - [2024-11-04T14:36:23.952+0000] {override.py:1900} INFO - Created Permission View: can create on DAG Run:example_external_task_marker_parent
[2024-11-04T14:36:23.970+0000] {logging_mixin.py:190} INFO - [2024-11-04T14:36:23.969+0000] {override.py:1900} INFO - Created Permission View: can delete on DAG Run:example_external_task_marker_parent
[2024-11-04T14:36:23.986+0000] {logging_mixin.py:190} INFO - [2024-11-04T14:36:23.985+0000] {override.py:1900} INFO - Created Permission View: can read on DAG Run:example_external_task_marker_parent
[2024-11-04T14:36:24.002+0000] {logging_mixin.py:190} INFO - [2024-11-04T14:36:24.002+0000] {override.py:1900} INFO - Created Permission View: menu access on DAG Run:example_external_task_marker_parent
[2024-11-04T14:36:24.004+0000] {logging_mixin.py:190} INFO - [2024-11-04T14:36:24.003+0000] {dag.py:3239} INFO - Sync 2 DAGs
[2024-11-04T14:36:24.025+0000] {logging_mixin.py:190} INFO - [2024-11-04T14:36:24.025+0000] {dag.py:3262} INFO - Creating ORM DAG for example_external_task_marker_child
[2024-11-04T14:36:24.027+0000] {logging_mixin.py:190} INFO - [2024-11-04T14:36:24.027+0000] {dag.py:3262} INFO - Creating ORM DAG for example_external_task_marker_parent
[2024-11-04T14:36:24.029+0000] {logging_mixin.py:190} INFO - [2024-11-04T14:36:24.029+0000] {dag.py:4180} INFO - Setting next_dagrun for example_external_task_marker_child to None, run_after=None
[2024-11-04T14:36:24.032+0000] {logging_mixin.py:190} INFO - [2024-11-04T14:36:24.031+0000] {dag.py:4180} INFO - Setting next_dagrun for example_external_task_marker_parent to None, run_after=None
[2024-11-04T14:36:24.071+0000] {processor.py:208} INFO - Processing /home/airflow/.local/lib/python3.12/site-packages/airflow/example_dags/example_external_task_marker_dag.py took 0.432 seconds
[2024-11-04T14:36:54.571+0000] {processor.py:186} INFO - Started process (PID=475) to work on /home/airflow/.local/lib/python3.12/site-packages/airflow/example_dags/example_external_task_marker_dag.py
[2024-11-04T14:36:54.573+0000] {processor.py:914} INFO - Processing file /home/airflow/.local/lib/python3.12/site-packages/airflow/example_dags/example_external_task_marker_dag.py for tasks to queue
[2024-11-04T14:36:54.575+0000] {logging_mixin.py:190} INFO - [2024-11-04T14:36:54.575+0000] {dagbag.py:588} INFO - Filling up the DagBag from /home/airflow/.local/lib/python3.12/site-packages/airflow/example_dags/example_external_task_marker_dag.py
[2024-11-04T14:36:54.582+0000] {processor.py:925} INFO - DAG(s) 'example_external_task_marker_child', 'example_external_task_marker_parent' retrieved from /home/airflow/.local/lib/python3.12/site-packages/airflow/example_dags/example_external_task_marker_dag.py
[2024-11-04T14:36:54.604+0000] {logging_mixin.py:190} INFO - [2024-11-04T14:36:54.604+0000] {dag.py:3239} INFO - Sync 2 DAGs
[2024-11-04T14:36:54.617+0000] {logging_mixin.py:190} INFO - [2024-11-04T14:36:54.617+0000] {dag.py:4180} INFO - Setting next_dagrun for example_external_task_marker_child to None, run_after=None
[2024-11-04T14:36:54.621+0000] {logging_mixin.py:190} INFO - [2024-11-04T14:36:54.621+0000] {dag.py:4180} INFO - Setting next_dagrun for example_external_task_marker_parent to None, run_after=None
[2024-11-04T14:36:54.639+0000] {processor.py:208} INFO - Processing /home/airflow/.local/lib/python3.12/site-packages/airflow/example_dags/example_external_task_marker_dag.py took 0.074 seconds
[2024-11-04T14:37:24.983+0000] {processor.py:186} INFO - Started process (PID=761) to work on /home/airflow/.local/lib/python3.12/site-packages/airflow/example_dags/example_external_task_marker_dag.py
[2024-11-04T14:37:24.985+0000] {processor.py:914} INFO - Processing file /home/airflow/.local/lib/python3.12/site-packages/airflow/example_dags/example_external_task_marker_dag.py for tasks to queue
[2024-11-04T14:37:24.990+0000] {logging_mixin.py:190} INFO - [2024-11-04T14:37:24.989+0000] {dagbag.py:588} INFO - Filling up the DagBag from /home/airflow/.local/lib/python3.12/site-packages/airflow/example_dags/example_external_task_marker_dag.py
[2024-11-04T14:37:25.003+0000] {processor.py:925} INFO - DAG(s) 'example_external_task_marker_child', 'example_external_task_marker_parent' retrieved from /home/airflow/.local/lib/python3.12/site-packages/airflow/example_dags/example_external_task_marker_dag.py
[2024-11-04T14:37:25.046+0000] {logging_mixin.py:190} INFO - [2024-11-04T14:37:25.046+0000] {dag.py:3239} INFO - Sync 2 DAGs
[2024-11-04T14:37:25.073+0000] {logging_mixin.py:190} INFO - [2024-11-04T14:37:25.073+0000] {dag.py:4180} INFO - Setting next_dagrun for example_external_task_marker_child to None, run_after=None
[2024-11-04T14:37:25.081+0000] {logging_mixin.py:190} INFO - [2024-11-04T14:37:25.081+0000] {dag.py:4180} INFO - Setting next_dagrun for example_external_task_marker_parent to None, run_after=None
[2024-11-04T14:37:25.109+0000] {processor.py:208} INFO - Processing /home/airflow/.local/lib/python3.12/site-packages/airflow/example_dags/example_external_task_marker_dag.py took 0.136 seconds
[2024-11-04T14:37:55.220+0000] {processor.py:186} INFO - Started process (PID=1042) to work on /home/airflow/.local/lib/python3.12/site-packages/airflow/example_dags/example_external_task_marker_dag.py
[2024-11-04T14:37:55.226+0000] {processor.py:914} INFO - Processing file /home/airflow/.local/lib/python3.12/site-packages/airflow/example_dags/example_external_task_marker_dag.py for tasks to queue
[2024-11-04T14:37:55.237+0000] {logging_mixin.py:190} INFO - [2024-11-04T14:37:55.236+0000] {dagbag.py:588} INFO - Filling up the DagBag from /home/airflow/.local/lib/python3.12/site-packages/airflow/example_dags/example_external_task_marker_dag.py
[2024-11-04T14:37:55.261+0000] {processor.py:925} INFO - DAG(s) 'example_external_task_marker_child', 'example_external_task_marker_parent' retrieved from /home/airflow/.local/lib/python3.12/site-packages/airflow/example_dags/example_external_task_marker_dag.py
[2024-11-04T14:37:55.371+0000] {logging_mixin.py:190} INFO - [2024-11-04T14:37:55.370+0000] {dag.py:3239} INFO - Sync 2 DAGs
[2024-11-04T14:37:55.471+0000] {logging_mixin.py:190} INFO - [2024-11-04T14:37:55.470+0000] {dag.py:4180} INFO - Setting next_dagrun for example_external_task_marker_child to None, run_after=None
[2024-11-04T14:37:55.482+0000] {logging_mixin.py:190} INFO - [2024-11-04T14:37:55.481+0000] {dag.py:4180} INFO - Setting next_dagrun for example_external_task_marker_parent to None, run_after=None
[2024-11-04T14:37:55.547+0000] {processor.py:208} INFO - Processing /home/airflow/.local/lib/python3.12/site-packages/airflow/example_dags/example_external_task_marker_dag.py took 0.353 seconds
[2024-11-04T14:38:25.937+0000] {processor.py:186} INFO - Started process (PID=1328) to work on /home/airflow/.local/lib/python3.12/site-packages/airflow/example_dags/example_external_task_marker_dag.py
[2024-11-04T14:38:25.939+0000] {processor.py:914} INFO - Processing file /home/airflow/.local/lib/python3.12/site-packages/airflow/example_dags/example_external_task_marker_dag.py for tasks to queue
[2024-11-04T14:38:25.942+0000] {logging_mixin.py:190} INFO - [2024-11-04T14:38:25.942+0000] {dagbag.py:588} INFO - Filling up the DagBag from /home/airflow/.local/lib/python3.12/site-packages/airflow/example_dags/example_external_task_marker_dag.py
[2024-11-04T14:38:25.952+0000] {processor.py:925} INFO - DAG(s) 'example_external_task_marker_parent', 'example_external_task_marker_child' retrieved from /home/airflow/.local/lib/python3.12/site-packages/airflow/example_dags/example_external_task_marker_dag.py
[2024-11-04T14:38:25.977+0000] {logging_mixin.py:190} INFO - [2024-11-04T14:38:25.977+0000] {dag.py:3239} INFO - Sync 2 DAGs
[2024-11-04T14:38:25.995+0000] {logging_mixin.py:190} INFO - [2024-11-04T14:38:25.995+0000] {dag.py:4180} INFO - Setting next_dagrun for example_external_task_marker_child to None, run_after=None
[2024-11-04T14:38:26.001+0000] {logging_mixin.py:190} INFO - [2024-11-04T14:38:26.001+0000] {dag.py:4180} INFO - Setting next_dagrun for example_external_task_marker_parent to None, run_after=None
[2024-11-04T14:38:26.037+0000] {processor.py:208} INFO - Processing /home/airflow/.local/lib/python3.12/site-packages/airflow/example_dags/example_external_task_marker_dag.py took 0.105 seconds
[2024-11-04T14:38:56.198+0000] {processor.py:186} INFO - Started process (PID=1615) to work on /home/airflow/.local/lib/python3.12/site-packages/airflow/example_dags/example_external_task_marker_dag.py
[2024-11-04T14:38:56.199+0000] {processor.py:914} INFO - Processing file /home/airflow/.local/lib/python3.12/site-packages/airflow/example_dags/example_external_task_marker_dag.py for tasks to queue
[2024-11-04T14:38:56.202+0000] {logging_mixin.py:190} INFO - [2024-11-04T14:38:56.201+0000] {dagbag.py:588} INFO - Filling up the DagBag from /home/airflow/.local/lib/python3.12/site-packages/airflow/example_dags/example_external_task_marker_dag.py
[2024-11-04T14:38:56.212+0000] {processor.py:925} INFO - DAG(s) 'example_external_task_marker_child', 'example_external_task_marker_parent' retrieved from /home/airflow/.local/lib/python3.12/site-packages/airflow/example_dags/example_external_task_marker_dag.py
[2024-11-04T14:38:56.238+0000] {logging_mixin.py:190} INFO - [2024-11-04T14:38:56.238+0000] {dag.py:3239} INFO - Sync 2 DAGs
[2024-11-04T14:38:56.253+0000] {logging_mixin.py:190} INFO - [2024-11-04T14:38:56.253+0000] {dag.py:4180} INFO - Setting next_dagrun for example_external_task_marker_child to None, run_after=None
[2024-11-04T14:38:56.258+0000] {logging_mixin.py:190} INFO - [2024-11-04T14:38:56.257+0000] {dag.py:4180} INFO - Setting next_dagrun for example_external_task_marker_parent to None, run_after=None
[2024-11-04T14:38:56.280+0000] {processor.py:208} INFO - Processing /home/airflow/.local/lib/python3.12/site-packages/airflow/example_dags/example_external_task_marker_dag.py took 0.090 seconds
[2024-11-04T14:39:27.232+0000] {processor.py:186} INFO - Started process (PID=1901) to work on /home/airflow/.local/lib/python3.12/site-packages/airflow/example_dags/example_external_task_marker_dag.py
[2024-11-04T14:39:27.233+0000] {processor.py:914} INFO - Processing file /home/airflow/.local/lib/python3.12/site-packages/airflow/example_dags/example_external_task_marker_dag.py for tasks to queue
[2024-11-04T14:39:27.236+0000] {logging_mixin.py:190} INFO - [2024-11-04T14:39:27.235+0000] {dagbag.py:588} INFO - Filling up the DagBag from /home/airflow/.local/lib/python3.12/site-packages/airflow/example_dags/example_external_task_marker_dag.py
[2024-11-04T14:39:27.243+0000] {processor.py:925} INFO - DAG(s) 'example_external_task_marker_child', 'example_external_task_marker_parent' retrieved from /home/airflow/.local/lib/python3.12/site-packages/airflow/example_dags/example_external_task_marker_dag.py
[2024-11-04T14:39:27.266+0000] {logging_mixin.py:190} INFO - [2024-11-04T14:39:27.266+0000] {dag.py:3239} INFO - Sync 2 DAGs
[2024-11-04T14:39:27.281+0000] {logging_mixin.py:190} INFO - [2024-11-04T14:39:27.280+0000] {dag.py:4180} INFO - Setting next_dagrun for example_external_task_marker_child to None, run_after=None
[2024-11-04T14:39:27.285+0000] {logging_mixin.py:190} INFO - [2024-11-04T14:39:27.285+0000] {dag.py:4180} INFO - Setting next_dagrun for example_external_task_marker_parent to None, run_after=None
[2024-11-04T14:39:27.304+0000] {processor.py:208} INFO - Processing /home/airflow/.local/lib/python3.12/site-packages/airflow/example_dags/example_external_task_marker_dag.py took 0.077 seconds
[2024-11-04T14:39:57.919+0000] {processor.py:186} INFO - Started process (PID=2187) to work on /home/airflow/.local/lib/python3.12/site-packages/airflow/example_dags/example_external_task_marker_dag.py
[2024-11-04T14:39:57.921+0000] {processor.py:914} INFO - Processing file /home/airflow/.local/lib/python3.12/site-packages/airflow/example_dags/example_external_task_marker_dag.py for tasks to queue
[2024-11-04T14:39:57.923+0000] {logging_mixin.py:190} INFO - [2024-11-04T14:39:57.923+0000] {dagbag.py:588} INFO - Filling up the DagBag from /home/airflow/.local/lib/python3.12/site-packages/airflow/example_dags/example_external_task_marker_dag.py
[2024-11-04T14:39:57.931+0000] {processor.py:925} INFO - DAG(s) 'example_external_task_marker_child', 'example_external_task_marker_parent' retrieved from /home/airflow/.local/lib/python3.12/site-packages/airflow/example_dags/example_external_task_marker_dag.py
[2024-11-04T14:39:57.964+0000] {logging_mixin.py:190} INFO - [2024-11-04T14:39:57.963+0000] {dag.py:3239} INFO - Sync 2 DAGs
[2024-11-04T14:39:57.982+0000] {logging_mixin.py:190} INFO - [2024-11-04T14:39:57.981+0000] {dag.py:4180} INFO - Setting next_dagrun for example_external_task_marker_child to None, run_after=None
[2024-11-04T14:39:57.989+0000] {logging_mixin.py:190} INFO - [2024-11-04T14:39:57.989+0000] {dag.py:4180} INFO - Setting next_dagrun for example_external_task_marker_parent to None, run_after=None
[2024-11-04T14:39:58.012+0000] {processor.py:208} INFO - Processing /home/airflow/.local/lib/python3.12/site-packages/airflow/example_dags/example_external_task_marker_dag.py took 0.100 seconds
[2024-11-04T14:40:28.583+0000] {processor.py:186} INFO - Started process (PID=2473) to work on /home/airflow/.local/lib/python3.12/site-packages/airflow/example_dags/example_external_task_marker_dag.py
[2024-11-04T14:40:28.584+0000] {processor.py:914} INFO - Processing file /home/airflow/.local/lib/python3.12/site-packages/airflow/example_dags/example_external_task_marker_dag.py for tasks to queue
[2024-11-04T14:40:28.587+0000] {logging_mixin.py:190} INFO - [2024-11-04T14:40:28.587+0000] {dagbag.py:588} INFO - Filling up the DagBag from /home/airflow/.local/lib/python3.12/site-packages/airflow/example_dags/example_external_task_marker_dag.py
[2024-11-04T14:40:28.595+0000] {processor.py:925} INFO - DAG(s) 'example_external_task_marker_child', 'example_external_task_marker_parent' retrieved from /home/airflow/.local/lib/python3.12/site-packages/airflow/example_dags/example_external_task_marker_dag.py
[2024-11-04T14:40:28.620+0000] {logging_mixin.py:190} INFO - [2024-11-04T14:40:28.620+0000] {dag.py:3239} INFO - Sync 2 DAGs
[2024-11-04T14:40:28.634+0000] {logging_mixin.py:190} INFO - [2024-11-04T14:40:28.634+0000] {dag.py:4180} INFO - Setting next_dagrun for example_external_task_marker_child to None, run_after=None
[2024-11-04T14:40:28.639+0000] {logging_mixin.py:190} INFO - [2024-11-04T14:40:28.639+0000] {dag.py:4180} INFO - Setting next_dagrun for example_external_task_marker_parent to None, run_after=None
[2024-11-04T14:40:28.659+0000] {processor.py:208} INFO - Processing /home/airflow/.local/lib/python3.12/site-packages/airflow/example_dags/example_external_task_marker_dag.py took 0.082 seconds
[2024-11-04T14:40:59.314+0000] {processor.py:186} INFO - Started process (PID=2759) to work on /home/airflow/.local/lib/python3.12/site-packages/airflow/example_dags/example_external_task_marker_dag.py
[2024-11-04T14:40:59.318+0000] {processor.py:914} INFO - Processing file /home/airflow/.local/lib/python3.12/site-packages/airflow/example_dags/example_external_task_marker_dag.py for tasks to queue
[2024-11-04T14:40:59.330+0000] {logging_mixin.py:190} INFO - [2024-11-04T14:40:59.327+0000] {dagbag.py:588} INFO - Filling up the DagBag from /home/airflow/.local/lib/python3.12/site-packages/airflow/example_dags/example_external_task_marker_dag.py
[2024-11-04T14:40:59.361+0000] {processor.py:925} INFO - DAG(s) 'example_external_task_marker_child', 'example_external_task_marker_parent' retrieved from /home/airflow/.local/lib/python3.12/site-packages/airflow/example_dags/example_external_task_marker_dag.py
[2024-11-04T14:40:59.502+0000] {logging_mixin.py:190} INFO - [2024-11-04T14:40:59.502+0000] {dag.py:3239} INFO - Sync 2 DAGs
[2024-11-04T14:40:59.614+0000] {logging_mixin.py:190} INFO - [2024-11-04T14:40:59.613+0000] {dag.py:4180} INFO - Setting next_dagrun for example_external_task_marker_child to None, run_after=None
[2024-11-04T14:40:59.634+0000] {logging_mixin.py:190} INFO - [2024-11-04T14:40:59.633+0000] {dag.py:4180} INFO - Setting next_dagrun for example_external_task_marker_parent to None, run_after=None
[2024-11-04T14:40:59.787+0000] {processor.py:208} INFO - Processing /home/airflow/.local/lib/python3.12/site-packages/airflow/example_dags/example_external_task_marker_dag.py took 0.495 seconds
[2024-11-04T14:41:30.394+0000] {processor.py:186} INFO - Started process (PID=3045) to work on /home/airflow/.local/lib/python3.12/site-packages/airflow/example_dags/example_external_task_marker_dag.py
[2024-11-04T14:41:30.396+0000] {processor.py:914} INFO - Processing file /home/airflow/.local/lib/python3.12/site-packages/airflow/example_dags/example_external_task_marker_dag.py for tasks to queue
[2024-11-04T14:41:30.400+0000] {logging_mixin.py:190} INFO - [2024-11-04T14:41:30.399+0000] {dagbag.py:588} INFO - Filling up the DagBag from /home/airflow/.local/lib/python3.12/site-packages/airflow/example_dags/example_external_task_marker_dag.py
[2024-11-04T14:41:30.406+0000] {processor.py:925} INFO - DAG(s) 'example_external_task_marker_child', 'example_external_task_marker_parent' retrieved from /home/airflow/.local/lib/python3.12/site-packages/airflow/example_dags/example_external_task_marker_dag.py
[2024-11-04T14:41:30.430+0000] {logging_mixin.py:190} INFO - [2024-11-04T14:41:30.430+0000] {dag.py:3239} INFO - Sync 2 DAGs
[2024-11-04T14:41:30.443+0000] {logging_mixin.py:190} INFO - [2024-11-04T14:41:30.443+0000] {dag.py:4180} INFO - Setting next_dagrun for example_external_task_marker_child to None, run_after=None
[2024-11-04T14:41:30.447+0000] {logging_mixin.py:190} INFO - [2024-11-04T14:41:30.447+0000] {dag.py:4180} INFO - Setting next_dagrun for example_external_task_marker_parent to None, run_after=None
[2024-11-04T14:41:30.468+0000] {processor.py:208} INFO - Processing /home/airflow/.local/lib/python3.12/site-packages/airflow/example_dags/example_external_task_marker_dag.py took 0.080 seconds
[2024-11-04T14:42:00.918+0000] {processor.py:186} INFO - Started process (PID=3337) to work on /home/airflow/.local/lib/python3.12/site-packages/airflow/example_dags/example_external_task_marker_dag.py
[2024-11-04T14:42:00.919+0000] {processor.py:914} INFO - Processing file /home/airflow/.local/lib/python3.12/site-packages/airflow/example_dags/example_external_task_marker_dag.py for tasks to queue
[2024-11-04T14:42:00.922+0000] {logging_mixin.py:190} INFO - [2024-11-04T14:42:00.921+0000] {dagbag.py:588} INFO - Filling up the DagBag from /home/airflow/.local/lib/python3.12/site-packages/airflow/example_dags/example_external_task_marker_dag.py
[2024-11-04T14:42:00.928+0000] {processor.py:925} INFO - DAG(s) 'example_external_task_marker_child', 'example_external_task_marker_parent' retrieved from /home/airflow/.local/lib/python3.12/site-packages/airflow/example_dags/example_external_task_marker_dag.py
[2024-11-04T14:42:00.952+0000] {logging_mixin.py:190} INFO - [2024-11-04T14:42:00.951+0000] {dag.py:3239} INFO - Sync 2 DAGs
[2024-11-04T14:42:00.964+0000] {logging_mixin.py:190} INFO - [2024-11-04T14:42:00.964+0000] {dag.py:4180} INFO - Setting next_dagrun for example_external_task_marker_child to None, run_after=None
[2024-11-04T14:42:00.969+0000] {logging_mixin.py:190} INFO - [2024-11-04T14:42:00.969+0000] {dag.py:4180} INFO - Setting next_dagrun for example_external_task_marker_parent to None, run_after=None
[2024-11-04T14:42:00.989+0000] {processor.py:208} INFO - Processing /home/airflow/.local/lib/python3.12/site-packages/airflow/example_dags/example_external_task_marker_dag.py took 0.077 seconds
[2024-11-04T14:42:31.671+0000] {processor.py:186} INFO - Started process (PID=3622) to work on /home/airflow/.local/lib/python3.12/site-packages/airflow/example_dags/example_external_task_marker_dag.py
[2024-11-04T14:42:31.672+0000] {processor.py:914} INFO - Processing file /home/airflow/.local/lib/python3.12/site-packages/airflow/example_dags/example_external_task_marker_dag.py for tasks to queue
[2024-11-04T14:42:31.675+0000] {logging_mixin.py:190} INFO - [2024-11-04T14:42:31.675+0000] {dagbag.py:588} INFO - Filling up the DagBag from /home/airflow/.local/lib/python3.12/site-packages/airflow/example_dags/example_external_task_marker_dag.py
[2024-11-04T14:42:31.682+0000] {processor.py:925} INFO - DAG(s) 'example_external_task_marker_parent', 'example_external_task_marker_child' retrieved from /home/airflow/.local/lib/python3.12/site-packages/airflow/example_dags/example_external_task_marker_dag.py
[2024-11-04T14:42:31.706+0000] {logging_mixin.py:190} INFO - [2024-11-04T14:42:31.706+0000] {dag.py:3239} INFO - Sync 2 DAGs
[2024-11-04T14:42:31.720+0000] {logging_mixin.py:190} INFO - [2024-11-04T14:42:31.720+0000] {dag.py:4180} INFO - Setting next_dagrun for example_external_task_marker_child to None, run_after=None
[2024-11-04T14:42:31.724+0000] {logging_mixin.py:190} INFO - [2024-11-04T14:42:31.724+0000] {dag.py:4180} INFO - Setting next_dagrun for example_external_task_marker_parent to None, run_after=None
[2024-11-04T14:42:31.741+0000] {processor.py:208} INFO - Processing /home/airflow/.local/lib/python3.12/site-packages/airflow/example_dags/example_external_task_marker_dag.py took 0.076 seconds
[2024-11-04T14:43:02.243+0000] {processor.py:186} INFO - Started process (PID=3908) to work on /home/airflow/.local/lib/python3.12/site-packages/airflow/example_dags/example_external_task_marker_dag.py
[2024-11-04T14:43:02.245+0000] {processor.py:914} INFO - Processing file /home/airflow/.local/lib/python3.12/site-packages/airflow/example_dags/example_external_task_marker_dag.py for tasks to queue
[2024-11-04T14:43:02.247+0000] {logging_mixin.py:190} INFO - [2024-11-04T14:43:02.247+0000] {dagbag.py:588} INFO - Filling up the DagBag from /home/airflow/.local/lib/python3.12/site-packages/airflow/example_dags/example_external_task_marker_dag.py
[2024-11-04T14:43:02.256+0000] {processor.py:925} INFO - DAG(s) 'example_external_task_marker_parent', 'example_external_task_marker_child' retrieved from /home/airflow/.local/lib/python3.12/site-packages/airflow/example_dags/example_external_task_marker_dag.py
[2024-11-04T14:43:02.278+0000] {logging_mixin.py:190} INFO - [2024-11-04T14:43:02.278+0000] {dag.py:3239} INFO - Sync 2 DAGs
[2024-11-04T14:43:02.292+0000] {logging_mixin.py:190} INFO - [2024-11-04T14:43:02.292+0000] {dag.py:4180} INFO - Setting next_dagrun for example_external_task_marker_child to None, run_after=None
[2024-11-04T14:43:02.296+0000] {logging_mixin.py:190} INFO - [2024-11-04T14:43:02.296+0000] {dag.py:4180} INFO - Setting next_dagrun for example_external_task_marker_parent to None, run_after=None
[2024-11-04T14:43:02.314+0000] {processor.py:208} INFO - Processing /home/airflow/.local/lib/python3.12/site-packages/airflow/example_dags/example_external_task_marker_dag.py took 0.076 seconds
[2024-11-04T14:44:51.397+0000] {processor.py:186} INFO - Started process (PID=198) to work on /home/airflow/.local/lib/python3.12/site-packages/airflow/example_dags/example_external_task_marker_dag.py
[2024-11-04T14:44:51.399+0000] {processor.py:914} INFO - Processing file /home/airflow/.local/lib/python3.12/site-packages/airflow/example_dags/example_external_task_marker_dag.py for tasks to queue
[2024-11-04T14:44:51.403+0000] {logging_mixin.py:190} INFO - [2024-11-04T14:44:51.402+0000] {dagbag.py:588} INFO - Filling up the DagBag from /home/airflow/.local/lib/python3.12/site-packages/airflow/example_dags/example_external_task_marker_dag.py
[2024-11-04T14:44:51.416+0000] {processor.py:925} INFO - DAG(s) 'example_external_task_marker_child', 'example_external_task_marker_parent' retrieved from /home/airflow/.local/lib/python3.12/site-packages/airflow/example_dags/example_external_task_marker_dag.py
[2024-11-04T14:44:51.579+0000] {logging_mixin.py:190} INFO - [2024-11-04T14:44:51.578+0000] {override.py:1900} INFO - Created Permission View: can delete on DAG:example_external_task_marker_child
[2024-11-04T14:44:51.600+0000] {logging_mixin.py:190} INFO - [2024-11-04T14:44:51.600+0000] {override.py:1900} INFO - Created Permission View: can read on DAG:example_external_task_marker_child
[2024-11-04T14:44:51.613+0000] {logging_mixin.py:190} INFO - [2024-11-04T14:44:51.612+0000] {override.py:1900} INFO - Created Permission View: can edit on DAG:example_external_task_marker_child
[2024-11-04T14:44:51.628+0000] {logging_mixin.py:190} INFO - [2024-11-04T14:44:51.628+0000] {override.py:1900} INFO - Created Permission View: can create on DAG Run:example_external_task_marker_child
[2024-11-04T14:44:51.641+0000] {logging_mixin.py:190} INFO - [2024-11-04T14:44:51.641+0000] {override.py:1900} INFO - Created Permission View: can delete on DAG Run:example_external_task_marker_child
[2024-11-04T14:44:51.654+0000] {logging_mixin.py:190} INFO - [2024-11-04T14:44:51.653+0000] {override.py:1900} INFO - Created Permission View: menu access on DAG Run:example_external_task_marker_child
[2024-11-04T14:44:51.668+0000] {logging_mixin.py:190} INFO - [2024-11-04T14:44:51.667+0000] {override.py:1900} INFO - Created Permission View: can read on DAG Run:example_external_task_marker_child
[2024-11-04T14:44:51.689+0000] {logging_mixin.py:190} INFO - [2024-11-04T14:44:51.688+0000] {override.py:1900} INFO - Created Permission View: can delete on DAG:example_external_task_marker_parent
[2024-11-04T14:44:51.702+0000] {logging_mixin.py:190} INFO - [2024-11-04T14:44:51.701+0000] {override.py:1900} INFO - Created Permission View: can read on DAG:example_external_task_marker_parent
[2024-11-04T14:44:51.713+0000] {logging_mixin.py:190} INFO - [2024-11-04T14:44:51.713+0000] {override.py:1900} INFO - Created Permission View: can edit on DAG:example_external_task_marker_parent
[2024-11-04T14:44:51.728+0000] {logging_mixin.py:190} INFO - [2024-11-04T14:44:51.728+0000] {override.py:1900} INFO - Created Permission View: can create on DAG Run:example_external_task_marker_parent
[2024-11-04T14:44:51.741+0000] {logging_mixin.py:190} INFO - [2024-11-04T14:44:51.740+0000] {override.py:1900} INFO - Created Permission View: can delete on DAG Run:example_external_task_marker_parent
[2024-11-04T14:44:51.754+0000] {logging_mixin.py:190} INFO - [2024-11-04T14:44:51.753+0000] {override.py:1900} INFO - Created Permission View: menu access on DAG Run:example_external_task_marker_parent
[2024-11-04T14:44:51.767+0000] {logging_mixin.py:190} INFO - [2024-11-04T14:44:51.767+0000] {override.py:1900} INFO - Created Permission View: can read on DAG Run:example_external_task_marker_parent
[2024-11-04T14:44:51.769+0000] {logging_mixin.py:190} INFO - [2024-11-04T14:44:51.768+0000] {dag.py:3239} INFO - Sync 2 DAGs
[2024-11-04T14:44:51.789+0000] {logging_mixin.py:190} INFO - [2024-11-04T14:44:51.789+0000] {dag.py:3262} INFO - Creating ORM DAG for example_external_task_marker_parent
[2024-11-04T14:44:51.791+0000] {logging_mixin.py:190} INFO - [2024-11-04T14:44:51.791+0000] {dag.py:3262} INFO - Creating ORM DAG for example_external_task_marker_child
[2024-11-04T14:44:51.793+0000] {logging_mixin.py:190} INFO - [2024-11-04T14:44:51.793+0000] {dag.py:4180} INFO - Setting next_dagrun for example_external_task_marker_child to None, run_after=None
[2024-11-04T14:44:51.795+0000] {logging_mixin.py:190} INFO - [2024-11-04T14:44:51.795+0000] {dag.py:4180} INFO - Setting next_dagrun for example_external_task_marker_parent to None, run_after=None
[2024-11-04T14:44:51.824+0000] {processor.py:208} INFO - Processing /home/airflow/.local/lib/python3.12/site-packages/airflow/example_dags/example_external_task_marker_dag.py took 0.435 seconds
[2024-11-04T14:45:22.228+0000] {processor.py:186} INFO - Started process (PID=482) to work on /home/airflow/.local/lib/python3.12/site-packages/airflow/example_dags/example_external_task_marker_dag.py
[2024-11-04T14:45:22.229+0000] {processor.py:914} INFO - Processing file /home/airflow/.local/lib/python3.12/site-packages/airflow/example_dags/example_external_task_marker_dag.py for tasks to queue
[2024-11-04T14:45:22.231+0000] {logging_mixin.py:190} INFO - [2024-11-04T14:45:22.231+0000] {dagbag.py:588} INFO - Filling up the DagBag from /home/airflow/.local/lib/python3.12/site-packages/airflow/example_dags/example_external_task_marker_dag.py
[2024-11-04T14:45:22.238+0000] {processor.py:925} INFO - DAG(s) 'example_external_task_marker_parent', 'example_external_task_marker_child' retrieved from /home/airflow/.local/lib/python3.12/site-packages/airflow/example_dags/example_external_task_marker_dag.py
[2024-11-04T14:45:22.260+0000] {logging_mixin.py:190} INFO - [2024-11-04T14:45:22.260+0000] {dag.py:3239} INFO - Sync 2 DAGs
[2024-11-04T14:45:22.273+0000] {logging_mixin.py:190} INFO - [2024-11-04T14:45:22.272+0000] {dag.py:4180} INFO - Setting next_dagrun for example_external_task_marker_child to None, run_after=None
[2024-11-04T14:45:22.276+0000] {logging_mixin.py:190} INFO - [2024-11-04T14:45:22.276+0000] {dag.py:4180} INFO - Setting next_dagrun for example_external_task_marker_parent to None, run_after=None
[2024-11-04T14:45:22.291+0000] {processor.py:208} INFO - Processing /home/airflow/.local/lib/python3.12/site-packages/airflow/example_dags/example_external_task_marker_dag.py took 0.068 seconds
[2024-11-04T14:45:52.683+0000] {processor.py:186} INFO - Started process (PID=768) to work on /home/airflow/.local/lib/python3.12/site-packages/airflow/example_dags/example_external_task_marker_dag.py
[2024-11-04T14:45:52.685+0000] {processor.py:914} INFO - Processing file /home/airflow/.local/lib/python3.12/site-packages/airflow/example_dags/example_external_task_marker_dag.py for tasks to queue
[2024-11-04T14:45:52.687+0000] {logging_mixin.py:190} INFO - [2024-11-04T14:45:52.687+0000] {dagbag.py:588} INFO - Filling up the DagBag from /home/airflow/.local/lib/python3.12/site-packages/airflow/example_dags/example_external_task_marker_dag.py
[2024-11-04T14:45:52.694+0000] {processor.py:925} INFO - DAG(s) 'example_external_task_marker_child', 'example_external_task_marker_parent' retrieved from /home/airflow/.local/lib/python3.12/site-packages/airflow/example_dags/example_external_task_marker_dag.py
[2024-11-04T14:45:52.719+0000] {logging_mixin.py:190} INFO - [2024-11-04T14:45:52.719+0000] {dag.py:3239} INFO - Sync 2 DAGs
[2024-11-04T14:45:52.733+0000] {logging_mixin.py:190} INFO - [2024-11-04T14:45:52.733+0000] {dag.py:4180} INFO - Setting next_dagrun for example_external_task_marker_child to None, run_after=None
[2024-11-04T14:45:52.737+0000] {logging_mixin.py:190} INFO - [2024-11-04T14:45:52.737+0000] {dag.py:4180} INFO - Setting next_dagrun for example_external_task_marker_parent to None, run_after=None
[2024-11-04T14:45:52.758+0000] {processor.py:208} INFO - Processing /home/airflow/.local/lib/python3.12/site-packages/airflow/example_dags/example_external_task_marker_dag.py took 0.080 seconds
[2024-11-04T14:46:23.741+0000] {processor.py:186} INFO - Started process (PID=1054) to work on /home/airflow/.local/lib/python3.12/site-packages/airflow/example_dags/example_external_task_marker_dag.py
[2024-11-04T14:46:23.742+0000] {processor.py:914} INFO - Processing file /home/airflow/.local/lib/python3.12/site-packages/airflow/example_dags/example_external_task_marker_dag.py for tasks to queue
[2024-11-04T14:46:23.746+0000] {logging_mixin.py:190} INFO - [2024-11-04T14:46:23.745+0000] {dagbag.py:588} INFO - Filling up the DagBag from /home/airflow/.local/lib/python3.12/site-packages/airflow/example_dags/example_external_task_marker_dag.py
[2024-11-04T14:46:23.754+0000] {processor.py:925} INFO - DAG(s) 'example_external_task_marker_child', 'example_external_task_marker_parent' retrieved from /home/airflow/.local/lib/python3.12/site-packages/airflow/example_dags/example_external_task_marker_dag.py
[2024-11-04T14:46:23.779+0000] {logging_mixin.py:190} INFO - [2024-11-04T14:46:23.778+0000] {dag.py:3239} INFO - Sync 2 DAGs
[2024-11-04T14:46:23.798+0000] {logging_mixin.py:190} INFO - [2024-11-04T14:46:23.797+0000] {dag.py:4180} INFO - Setting next_dagrun for example_external_task_marker_child to None, run_after=None
[2024-11-04T14:46:23.802+0000] {logging_mixin.py:190} INFO - [2024-11-04T14:46:23.802+0000] {dag.py:4180} INFO - Setting next_dagrun for example_external_task_marker_parent to None, run_after=None
[2024-11-04T14:46:23.822+0000] {processor.py:208} INFO - Processing /home/airflow/.local/lib/python3.12/site-packages/airflow/example_dags/example_external_task_marker_dag.py took 0.087 seconds
[2024-11-04T14:46:54.507+0000] {processor.py:186} INFO - Started process (PID=1340) to work on /home/airflow/.local/lib/python3.12/site-packages/airflow/example_dags/example_external_task_marker_dag.py
[2024-11-04T14:46:54.508+0000] {processor.py:914} INFO - Processing file /home/airflow/.local/lib/python3.12/site-packages/airflow/example_dags/example_external_task_marker_dag.py for tasks to queue
[2024-11-04T14:46:54.511+0000] {logging_mixin.py:190} INFO - [2024-11-04T14:46:54.511+0000] {dagbag.py:588} INFO - Filling up the DagBag from /home/airflow/.local/lib/python3.12/site-packages/airflow/example_dags/example_external_task_marker_dag.py
[2024-11-04T14:46:54.519+0000] {processor.py:925} INFO - DAG(s) 'example_external_task_marker_parent', 'example_external_task_marker_child' retrieved from /home/airflow/.local/lib/python3.12/site-packages/airflow/example_dags/example_external_task_marker_dag.py
[2024-11-04T14:46:54.542+0000] {logging_mixin.py:190} INFO - [2024-11-04T14:46:54.542+0000] {dag.py:3239} INFO - Sync 2 DAGs
[2024-11-04T14:46:54.556+0000] {logging_mixin.py:190} INFO - [2024-11-04T14:46:54.555+0000] {dag.py:4180} INFO - Setting next_dagrun for example_external_task_marker_child to None, run_after=None
[2024-11-04T14:46:54.560+0000] {logging_mixin.py:190} INFO - [2024-11-04T14:46:54.560+0000] {dag.py:4180} INFO - Setting next_dagrun for example_external_task_marker_parent to None, run_after=None
[2024-11-04T14:46:54.579+0000] {processor.py:208} INFO - Processing /home/airflow/.local/lib/python3.12/site-packages/airflow/example_dags/example_external_task_marker_dag.py took 0.077 seconds
[2024-11-04T14:49:11.272+0000] {processor.py:186} INFO - Started process (PID=191) to work on /home/airflow/.local/lib/python3.12/site-packages/airflow/example_dags/example_external_task_marker_dag.py
[2024-11-04T14:49:11.273+0000] {processor.py:914} INFO - Processing file /home/airflow/.local/lib/python3.12/site-packages/airflow/example_dags/example_external_task_marker_dag.py for tasks to queue
[2024-11-04T14:49:11.278+0000] {logging_mixin.py:190} INFO - [2024-11-04T14:49:11.277+0000] {dagbag.py:588} INFO - Filling up the DagBag from /home/airflow/.local/lib/python3.12/site-packages/airflow/example_dags/example_external_task_marker_dag.py
[2024-11-04T14:49:11.290+0000] {processor.py:925} INFO - DAG(s) 'example_external_task_marker_child', 'example_external_task_marker_parent' retrieved from /home/airflow/.local/lib/python3.12/site-packages/airflow/example_dags/example_external_task_marker_dag.py
[2024-11-04T14:49:11.438+0000] {logging_mixin.py:190} INFO - [2024-11-04T14:49:11.437+0000] {override.py:1900} INFO - Created Permission View: can edit on DAG:example_external_task_marker_child
[2024-11-04T14:49:11.456+0000] {logging_mixin.py:190} INFO - [2024-11-04T14:49:11.456+0000] {override.py:1900} INFO - Created Permission View: can delete on DAG:example_external_task_marker_child
[2024-11-04T14:49:11.469+0000] {logging_mixin.py:190} INFO - [2024-11-04T14:49:11.469+0000] {override.py:1900} INFO - Created Permission View: can read on DAG:example_external_task_marker_child
[2024-11-04T14:49:11.482+0000] {logging_mixin.py:190} INFO - [2024-11-04T14:49:11.481+0000] {override.py:1900} INFO - Created Permission View: can create on DAG Run:example_external_task_marker_child
[2024-11-04T14:49:11.492+0000] {logging_mixin.py:190} INFO - [2024-11-04T14:49:11.492+0000] {override.py:1900} INFO - Created Permission View: can read on DAG Run:example_external_task_marker_child
[2024-11-04T14:49:11.502+0000] {logging_mixin.py:190} INFO - [2024-11-04T14:49:11.502+0000] {override.py:1900} INFO - Created Permission View: can delete on DAG Run:example_external_task_marker_child
[2024-11-04T14:49:11.512+0000] {logging_mixin.py:190} INFO - [2024-11-04T14:49:11.512+0000] {override.py:1900} INFO - Created Permission View: menu access on DAG Run:example_external_task_marker_child
[2024-11-04T14:49:11.530+0000] {logging_mixin.py:190} INFO - [2024-11-04T14:49:11.530+0000] {override.py:1900} INFO - Created Permission View: can edit on DAG:example_external_task_marker_parent
[2024-11-04T14:49:11.541+0000] {logging_mixin.py:190} INFO - [2024-11-04T14:49:11.541+0000] {override.py:1900} INFO - Created Permission View: can delete on DAG:example_external_task_marker_parent
[2024-11-04T14:49:11.551+0000] {logging_mixin.py:190} INFO - [2024-11-04T14:49:11.550+0000] {override.py:1900} INFO - Created Permission View: can read on DAG:example_external_task_marker_parent
[2024-11-04T14:49:11.562+0000] {logging_mixin.py:190} INFO - [2024-11-04T14:49:11.561+0000] {override.py:1900} INFO - Created Permission View: can create on DAG Run:example_external_task_marker_parent
[2024-11-04T14:49:11.572+0000] {logging_mixin.py:190} INFO - [2024-11-04T14:49:11.572+0000] {override.py:1900} INFO - Created Permission View: can read on DAG Run:example_external_task_marker_parent
[2024-11-04T14:49:11.581+0000] {logging_mixin.py:190} INFO - [2024-11-04T14:49:11.581+0000] {override.py:1900} INFO - Created Permission View: can delete on DAG Run:example_external_task_marker_parent
[2024-11-04T14:49:11.592+0000] {logging_mixin.py:190} INFO - [2024-11-04T14:49:11.592+0000] {override.py:1900} INFO - Created Permission View: menu access on DAG Run:example_external_task_marker_parent
[2024-11-04T14:49:11.593+0000] {logging_mixin.py:190} INFO - [2024-11-04T14:49:11.593+0000] {dag.py:3239} INFO - Sync 2 DAGs
[2024-11-04T14:49:11.611+0000] {logging_mixin.py:190} INFO - [2024-11-04T14:49:11.611+0000] {dag.py:3262} INFO - Creating ORM DAG for example_external_task_marker_child
[2024-11-04T14:49:11.612+0000] {logging_mixin.py:190} INFO - [2024-11-04T14:49:11.612+0000] {dag.py:3262} INFO - Creating ORM DAG for example_external_task_marker_parent
[2024-11-04T14:49:11.614+0000] {logging_mixin.py:190} INFO - [2024-11-04T14:49:11.614+0000] {dag.py:4180} INFO - Setting next_dagrun for example_external_task_marker_child to None, run_after=None
[2024-11-04T14:49:11.616+0000] {logging_mixin.py:190} INFO - [2024-11-04T14:49:11.616+0000] {dag.py:4180} INFO - Setting next_dagrun for example_external_task_marker_parent to None, run_after=None
[2024-11-04T14:49:11.642+0000] {processor.py:208} INFO - Processing /home/airflow/.local/lib/python3.12/site-packages/airflow/example_dags/example_external_task_marker_dag.py took 0.378 seconds
