[2024-11-04T14:34:05.909+0000] {processor.py:186} INFO - Started process (PID=359) to work on /home/airflow/.local/lib/python3.12/site-packages/airflow/example_dags/example_setup_teardown.py
[2024-11-04T14:34:05.911+0000] {processor.py:914} INFO - Processing file /home/airflow/.local/lib/python3.12/site-packages/airflow/example_dags/example_setup_teardown.py for tasks to queue
[2024-11-04T14:34:05.915+0000] {logging_mixin.py:190} INFO - [2024-11-04T14:34:05.915+0000] {dagbag.py:588} INFO - Filling up the DagBag from /home/airflow/.local/lib/python3.12/site-packages/airflow/example_dags/example_setup_teardown.py
[2024-11-04T14:34:05.939+0000] {processor.py:925} INFO - DAG(s) 'example_setup_teardown' retrieved from /home/airflow/.local/lib/python3.12/site-packages/airflow/example_dags/example_setup_teardown.py
[2024-11-04T14:34:06.149+0000] {logging_mixin.py:190} INFO - [2024-11-04T14:34:06.148+0000] {override.py:1900} INFO - Created Permission View: can edit on DAG:example_setup_teardown
[2024-11-04T14:34:06.171+0000] {logging_mixin.py:190} INFO - [2024-11-04T14:34:06.170+0000] {override.py:1900} INFO - Created Permission View: can read on DAG:example_setup_teardown
[2024-11-04T14:34:06.184+0000] {logging_mixin.py:190} INFO - [2024-11-04T14:34:06.183+0000] {override.py:1900} INFO - Created Permission View: can delete on DAG:example_setup_teardown
[2024-11-04T14:34:06.199+0000] {logging_mixin.py:190} INFO - [2024-11-04T14:34:06.199+0000] {override.py:1900} INFO - Created Permission View: can read on DAG Run:example_setup_teardown
[2024-11-04T14:34:06.213+0000] {logging_mixin.py:190} INFO - [2024-11-04T14:34:06.213+0000] {override.py:1900} INFO - Created Permission View: can delete on DAG Run:example_setup_teardown
[2024-11-04T14:34:06.228+0000] {logging_mixin.py:190} INFO - [2024-11-04T14:34:06.227+0000] {override.py:1900} INFO - Created Permission View: menu access on DAG Run:example_setup_teardown
[2024-11-04T14:34:06.243+0000] {logging_mixin.py:190} INFO - [2024-11-04T14:34:06.243+0000] {override.py:1900} INFO - Created Permission View: can create on DAG Run:example_setup_teardown
[2024-11-04T14:34:06.245+0000] {logging_mixin.py:190} INFO - [2024-11-04T14:34:06.245+0000] {dag.py:3239} INFO - Sync 1 DAGs
[2024-11-04T14:34:06.267+0000] {logging_mixin.py:190} INFO - [2024-11-04T14:34:06.266+0000] {dag.py:3262} INFO - Creating ORM DAG for example_setup_teardown
[2024-11-04T14:34:06.269+0000] {logging_mixin.py:190} INFO - [2024-11-04T14:34:06.269+0000] {dag.py:4180} INFO - Setting next_dagrun for example_setup_teardown to None, run_after=None
[2024-11-04T14:34:06.304+0000] {processor.py:208} INFO - Processing /home/airflow/.local/lib/python3.12/site-packages/airflow/example_dags/example_setup_teardown.py took 0.405 seconds
[2024-11-04T14:34:37.113+0000] {processor.py:186} INFO - Started process (PID=648) to work on /home/airflow/.local/lib/python3.12/site-packages/airflow/example_dags/example_setup_teardown.py
[2024-11-04T14:34:37.114+0000] {processor.py:914} INFO - Processing file /home/airflow/.local/lib/python3.12/site-packages/airflow/example_dags/example_setup_teardown.py for tasks to queue
[2024-11-04T14:34:37.118+0000] {logging_mixin.py:190} INFO - [2024-11-04T14:34:37.117+0000] {dagbag.py:588} INFO - Filling up the DagBag from /home/airflow/.local/lib/python3.12/site-packages/airflow/example_dags/example_setup_teardown.py
[2024-11-04T14:34:37.128+0000] {processor.py:925} INFO - DAG(s) 'example_setup_teardown' retrieved from /home/airflow/.local/lib/python3.12/site-packages/airflow/example_dags/example_setup_teardown.py
[2024-11-04T14:34:37.154+0000] {logging_mixin.py:190} INFO - [2024-11-04T14:34:37.154+0000] {dag.py:3239} INFO - Sync 1 DAGs
[2024-11-04T14:34:37.171+0000] {logging_mixin.py:190} INFO - [2024-11-04T14:34:37.170+0000] {dag.py:4180} INFO - Setting next_dagrun for example_setup_teardown to None, run_after=None
[2024-11-04T14:34:37.200+0000] {processor.py:208} INFO - Processing /home/airflow/.local/lib/python3.12/site-packages/airflow/example_dags/example_setup_teardown.py took 0.094 seconds
[2024-11-04T14:35:07.340+0000] {processor.py:186} INFO - Started process (PID=934) to work on /home/airflow/.local/lib/python3.12/site-packages/airflow/example_dags/example_setup_teardown.py
[2024-11-04T14:35:07.341+0000] {processor.py:914} INFO - Processing file /home/airflow/.local/lib/python3.12/site-packages/airflow/example_dags/example_setup_teardown.py for tasks to queue
[2024-11-04T14:35:07.344+0000] {logging_mixin.py:190} INFO - [2024-11-04T14:35:07.344+0000] {dagbag.py:588} INFO - Filling up the DagBag from /home/airflow/.local/lib/python3.12/site-packages/airflow/example_dags/example_setup_teardown.py
[2024-11-04T14:35:07.351+0000] {processor.py:925} INFO - DAG(s) 'example_setup_teardown' retrieved from /home/airflow/.local/lib/python3.12/site-packages/airflow/example_dags/example_setup_teardown.py
[2024-11-04T14:35:07.371+0000] {logging_mixin.py:190} INFO - [2024-11-04T14:35:07.371+0000] {dag.py:3239} INFO - Sync 1 DAGs
[2024-11-04T14:35:07.384+0000] {logging_mixin.py:190} INFO - [2024-11-04T14:35:07.384+0000] {dag.py:4180} INFO - Setting next_dagrun for example_setup_teardown to None, run_after=None
[2024-11-04T14:35:07.406+0000] {processor.py:208} INFO - Processing /home/airflow/.local/lib/python3.12/site-packages/airflow/example_dags/example_setup_teardown.py took 0.071 seconds
[2024-11-04T14:36:33.545+0000] {processor.py:186} INFO - Started process (PID=360) to work on /home/airflow/.local/lib/python3.12/site-packages/airflow/example_dags/example_setup_teardown.py
[2024-11-04T14:36:33.547+0000] {processor.py:914} INFO - Processing file /home/airflow/.local/lib/python3.12/site-packages/airflow/example_dags/example_setup_teardown.py for tasks to queue
[2024-11-04T14:36:33.551+0000] {logging_mixin.py:190} INFO - [2024-11-04T14:36:33.550+0000] {dagbag.py:588} INFO - Filling up the DagBag from /home/airflow/.local/lib/python3.12/site-packages/airflow/example_dags/example_setup_teardown.py
[2024-11-04T14:36:33.565+0000] {processor.py:925} INFO - DAG(s) 'example_setup_teardown' retrieved from /home/airflow/.local/lib/python3.12/site-packages/airflow/example_dags/example_setup_teardown.py
[2024-11-04T14:36:33.751+0000] {logging_mixin.py:190} INFO - [2024-11-04T14:36:33.750+0000] {override.py:1900} INFO - Created Permission View: can delete on DAG:example_setup_teardown
[2024-11-04T14:36:33.770+0000] {logging_mixin.py:190} INFO - [2024-11-04T14:36:33.770+0000] {override.py:1900} INFO - Created Permission View: can read on DAG:example_setup_teardown
[2024-11-04T14:36:33.785+0000] {logging_mixin.py:190} INFO - [2024-11-04T14:36:33.784+0000] {override.py:1900} INFO - Created Permission View: can edit on DAG:example_setup_teardown
[2024-11-04T14:36:33.802+0000] {logging_mixin.py:190} INFO - [2024-11-04T14:36:33.801+0000] {override.py:1900} INFO - Created Permission View: can create on DAG Run:example_setup_teardown
[2024-11-04T14:36:33.816+0000] {logging_mixin.py:190} INFO - [2024-11-04T14:36:33.816+0000] {override.py:1900} INFO - Created Permission View: can delete on DAG Run:example_setup_teardown
[2024-11-04T14:36:33.829+0000] {logging_mixin.py:190} INFO - [2024-11-04T14:36:33.828+0000] {override.py:1900} INFO - Created Permission View: can read on DAG Run:example_setup_teardown
[2024-11-04T14:36:33.842+0000] {logging_mixin.py:190} INFO - [2024-11-04T14:36:33.841+0000] {override.py:1900} INFO - Created Permission View: menu access on DAG Run:example_setup_teardown
[2024-11-04T14:36:33.843+0000] {logging_mixin.py:190} INFO - [2024-11-04T14:36:33.843+0000] {dag.py:3239} INFO - Sync 1 DAGs
[2024-11-04T14:36:33.865+0000] {logging_mixin.py:190} INFO - [2024-11-04T14:36:33.864+0000] {dag.py:3262} INFO - Creating ORM DAG for example_setup_teardown
[2024-11-04T14:36:33.866+0000] {logging_mixin.py:190} INFO - [2024-11-04T14:36:33.866+0000] {dag.py:4180} INFO - Setting next_dagrun for example_setup_teardown to None, run_after=None
[2024-11-04T14:36:33.897+0000] {processor.py:208} INFO - Processing /home/airflow/.local/lib/python3.12/site-packages/airflow/example_dags/example_setup_teardown.py took 0.361 seconds
[2024-11-04T14:37:04.006+0000] {processor.py:186} INFO - Started process (PID=646) to work on /home/airflow/.local/lib/python3.12/site-packages/airflow/example_dags/example_setup_teardown.py
[2024-11-04T14:37:04.008+0000] {processor.py:914} INFO - Processing file /home/airflow/.local/lib/python3.12/site-packages/airflow/example_dags/example_setup_teardown.py for tasks to queue
[2024-11-04T14:37:04.010+0000] {logging_mixin.py:190} INFO - [2024-11-04T14:37:04.010+0000] {dagbag.py:588} INFO - Filling up the DagBag from /home/airflow/.local/lib/python3.12/site-packages/airflow/example_dags/example_setup_teardown.py
[2024-11-04T14:37:04.018+0000] {processor.py:925} INFO - DAG(s) 'example_setup_teardown' retrieved from /home/airflow/.local/lib/python3.12/site-packages/airflow/example_dags/example_setup_teardown.py
[2024-11-04T14:37:04.038+0000] {logging_mixin.py:190} INFO - [2024-11-04T14:37:04.037+0000] {dag.py:3239} INFO - Sync 1 DAGs
[2024-11-04T14:37:04.051+0000] {logging_mixin.py:190} INFO - [2024-11-04T14:37:04.051+0000] {dag.py:4180} INFO - Setting next_dagrun for example_setup_teardown to None, run_after=None
[2024-11-04T14:37:04.073+0000] {processor.py:208} INFO - Processing /home/airflow/.local/lib/python3.12/site-packages/airflow/example_dags/example_setup_teardown.py took 0.072 seconds
[2024-11-04T14:37:34.607+0000] {processor.py:186} INFO - Started process (PID=932) to work on /home/airflow/.local/lib/python3.12/site-packages/airflow/example_dags/example_setup_teardown.py
[2024-11-04T14:37:34.611+0000] {processor.py:914} INFO - Processing file /home/airflow/.local/lib/python3.12/site-packages/airflow/example_dags/example_setup_teardown.py for tasks to queue
[2024-11-04T14:37:34.617+0000] {logging_mixin.py:190} INFO - [2024-11-04T14:37:34.616+0000] {dagbag.py:588} INFO - Filling up the DagBag from /home/airflow/.local/lib/python3.12/site-packages/airflow/example_dags/example_setup_teardown.py
[2024-11-04T14:37:34.641+0000] {processor.py:925} INFO - DAG(s) 'example_setup_teardown' retrieved from /home/airflow/.local/lib/python3.12/site-packages/airflow/example_dags/example_setup_teardown.py
[2024-11-04T14:37:34.692+0000] {logging_mixin.py:190} INFO - [2024-11-04T14:37:34.691+0000] {dag.py:3239} INFO - Sync 1 DAGs
[2024-11-04T14:37:34.741+0000] {logging_mixin.py:190} INFO - [2024-11-04T14:37:34.739+0000] {dag.py:4180} INFO - Setting next_dagrun for example_setup_teardown to None, run_after=None
[2024-11-04T14:37:34.784+0000] {processor.py:208} INFO - Processing /home/airflow/.local/lib/python3.12/site-packages/airflow/example_dags/example_setup_teardown.py took 0.195 seconds
[2024-11-04T14:38:06.387+0000] {processor.py:186} INFO - Started process (PID=1218) to work on /home/airflow/.local/lib/python3.12/site-packages/airflow/example_dags/example_setup_teardown.py
[2024-11-04T14:38:06.391+0000] {processor.py:914} INFO - Processing file /home/airflow/.local/lib/python3.12/site-packages/airflow/example_dags/example_setup_teardown.py for tasks to queue
[2024-11-04T14:38:06.409+0000] {logging_mixin.py:190} INFO - [2024-11-04T14:38:06.398+0000] {dagbag.py:588} INFO - Filling up the DagBag from /home/airflow/.local/lib/python3.12/site-packages/airflow/example_dags/example_setup_teardown.py
[2024-11-04T14:38:06.443+0000] {processor.py:925} INFO - DAG(s) 'example_setup_teardown' retrieved from /home/airflow/.local/lib/python3.12/site-packages/airflow/example_dags/example_setup_teardown.py
[2024-11-04T14:38:06.515+0000] {logging_mixin.py:190} INFO - [2024-11-04T14:38:06.514+0000] {dag.py:3239} INFO - Sync 1 DAGs
[2024-11-04T14:38:06.570+0000] {logging_mixin.py:190} INFO - [2024-11-04T14:38:06.570+0000] {dag.py:4180} INFO - Setting next_dagrun for example_setup_teardown to None, run_after=None
[2024-11-04T14:38:06.637+0000] {processor.py:208} INFO - Processing /home/airflow/.local/lib/python3.12/site-packages/airflow/example_dags/example_setup_teardown.py took 0.277 seconds
[2024-11-04T14:38:37.219+0000] {processor.py:186} INFO - Started process (PID=1505) to work on /home/airflow/.local/lib/python3.12/site-packages/airflow/example_dags/example_setup_teardown.py
[2024-11-04T14:38:37.220+0000] {processor.py:914} INFO - Processing file /home/airflow/.local/lib/python3.12/site-packages/airflow/example_dags/example_setup_teardown.py for tasks to queue
[2024-11-04T14:38:37.223+0000] {logging_mixin.py:190} INFO - [2024-11-04T14:38:37.223+0000] {dagbag.py:588} INFO - Filling up the DagBag from /home/airflow/.local/lib/python3.12/site-packages/airflow/example_dags/example_setup_teardown.py
[2024-11-04T14:38:37.236+0000] {processor.py:925} INFO - DAG(s) 'example_setup_teardown' retrieved from /home/airflow/.local/lib/python3.12/site-packages/airflow/example_dags/example_setup_teardown.py
[2024-11-04T14:38:37.258+0000] {logging_mixin.py:190} INFO - [2024-11-04T14:38:37.258+0000] {dag.py:3239} INFO - Sync 1 DAGs
[2024-11-04T14:38:37.272+0000] {logging_mixin.py:190} INFO - [2024-11-04T14:38:37.271+0000] {dag.py:4180} INFO - Setting next_dagrun for example_setup_teardown to None, run_after=None
[2024-11-04T14:38:37.292+0000] {processor.py:208} INFO - Processing /home/airflow/.local/lib/python3.12/site-packages/airflow/example_dags/example_setup_teardown.py took 0.080 seconds
[2024-11-04T14:39:07.831+0000] {processor.py:186} INFO - Started process (PID=1791) to work on /home/airflow/.local/lib/python3.12/site-packages/airflow/example_dags/example_setup_teardown.py
[2024-11-04T14:39:07.832+0000] {processor.py:914} INFO - Processing file /home/airflow/.local/lib/python3.12/site-packages/airflow/example_dags/example_setup_teardown.py for tasks to queue
[2024-11-04T14:39:07.835+0000] {logging_mixin.py:190} INFO - [2024-11-04T14:39:07.834+0000] {dagbag.py:588} INFO - Filling up the DagBag from /home/airflow/.local/lib/python3.12/site-packages/airflow/example_dags/example_setup_teardown.py
[2024-11-04T14:39:07.843+0000] {processor.py:925} INFO - DAG(s) 'example_setup_teardown' retrieved from /home/airflow/.local/lib/python3.12/site-packages/airflow/example_dags/example_setup_teardown.py
[2024-11-04T14:39:07.862+0000] {logging_mixin.py:190} INFO - [2024-11-04T14:39:07.862+0000] {dag.py:3239} INFO - Sync 1 DAGs
[2024-11-04T14:39:07.874+0000] {logging_mixin.py:190} INFO - [2024-11-04T14:39:07.874+0000] {dag.py:4180} INFO - Setting next_dagrun for example_setup_teardown to None, run_after=None
[2024-11-04T14:39:07.893+0000] {processor.py:208} INFO - Processing /home/airflow/.local/lib/python3.12/site-packages/airflow/example_dags/example_setup_teardown.py took 0.067 seconds
[2024-11-04T14:39:38.545+0000] {processor.py:186} INFO - Started process (PID=2077) to work on /home/airflow/.local/lib/python3.12/site-packages/airflow/example_dags/example_setup_teardown.py
[2024-11-04T14:39:38.547+0000] {processor.py:914} INFO - Processing file /home/airflow/.local/lib/python3.12/site-packages/airflow/example_dags/example_setup_teardown.py for tasks to queue
[2024-11-04T14:39:38.549+0000] {logging_mixin.py:190} INFO - [2024-11-04T14:39:38.549+0000] {dagbag.py:588} INFO - Filling up the DagBag from /home/airflow/.local/lib/python3.12/site-packages/airflow/example_dags/example_setup_teardown.py
[2024-11-04T14:39:38.560+0000] {processor.py:925} INFO - DAG(s) 'example_setup_teardown' retrieved from /home/airflow/.local/lib/python3.12/site-packages/airflow/example_dags/example_setup_teardown.py
[2024-11-04T14:39:38.581+0000] {logging_mixin.py:190} INFO - [2024-11-04T14:39:38.581+0000] {dag.py:3239} INFO - Sync 1 DAGs
[2024-11-04T14:39:38.594+0000] {logging_mixin.py:190} INFO - [2024-11-04T14:39:38.594+0000] {dag.py:4180} INFO - Setting next_dagrun for example_setup_teardown to None, run_after=None
[2024-11-04T14:39:38.612+0000] {processor.py:208} INFO - Processing /home/airflow/.local/lib/python3.12/site-packages/airflow/example_dags/example_setup_teardown.py took 0.072 seconds
[2024-11-04T14:40:09.373+0000] {processor.py:186} INFO - Started process (PID=2363) to work on /home/airflow/.local/lib/python3.12/site-packages/airflow/example_dags/example_setup_teardown.py
[2024-11-04T14:40:09.375+0000] {processor.py:914} INFO - Processing file /home/airflow/.local/lib/python3.12/site-packages/airflow/example_dags/example_setup_teardown.py for tasks to queue
[2024-11-04T14:40:09.380+0000] {logging_mixin.py:190} INFO - [2024-11-04T14:40:09.380+0000] {dagbag.py:588} INFO - Filling up the DagBag from /home/airflow/.local/lib/python3.12/site-packages/airflow/example_dags/example_setup_teardown.py
[2024-11-04T14:40:09.404+0000] {processor.py:925} INFO - DAG(s) 'example_setup_teardown' retrieved from /home/airflow/.local/lib/python3.12/site-packages/airflow/example_dags/example_setup_teardown.py
[2024-11-04T14:40:09.456+0000] {logging_mixin.py:190} INFO - [2024-11-04T14:40:09.455+0000] {dag.py:3239} INFO - Sync 1 DAGs
[2024-11-04T14:40:09.497+0000] {logging_mixin.py:190} INFO - [2024-11-04T14:40:09.496+0000] {dag.py:4180} INFO - Setting next_dagrun for example_setup_teardown to None, run_after=None
[2024-11-04T14:40:09.603+0000] {processor.py:208} INFO - Processing /home/airflow/.local/lib/python3.12/site-packages/airflow/example_dags/example_setup_teardown.py took 0.243 seconds
[2024-11-04T14:40:40.191+0000] {processor.py:186} INFO - Started process (PID=2649) to work on /home/airflow/.local/lib/python3.12/site-packages/airflow/example_dags/example_setup_teardown.py
[2024-11-04T14:40:40.192+0000] {processor.py:914} INFO - Processing file /home/airflow/.local/lib/python3.12/site-packages/airflow/example_dags/example_setup_teardown.py for tasks to queue
[2024-11-04T14:40:40.195+0000] {logging_mixin.py:190} INFO - [2024-11-04T14:40:40.194+0000] {dagbag.py:588} INFO - Filling up the DagBag from /home/airflow/.local/lib/python3.12/site-packages/airflow/example_dags/example_setup_teardown.py
[2024-11-04T14:40:40.202+0000] {processor.py:925} INFO - DAG(s) 'example_setup_teardown' retrieved from /home/airflow/.local/lib/python3.12/site-packages/airflow/example_dags/example_setup_teardown.py
[2024-11-04T14:40:40.224+0000] {logging_mixin.py:190} INFO - [2024-11-04T14:40:40.224+0000] {dag.py:3239} INFO - Sync 1 DAGs
[2024-11-04T14:40:40.237+0000] {logging_mixin.py:190} INFO - [2024-11-04T14:40:40.237+0000] {dag.py:4180} INFO - Setting next_dagrun for example_setup_teardown to None, run_after=None
[2024-11-04T14:40:40.258+0000] {processor.py:208} INFO - Processing /home/airflow/.local/lib/python3.12/site-packages/airflow/example_dags/example_setup_teardown.py took 0.072 seconds
[2024-11-04T14:41:13.322+0000] {processor.py:186} INFO - Started process (PID=2935) to work on /home/airflow/.local/lib/python3.12/site-packages/airflow/example_dags/example_setup_teardown.py
[2024-11-04T14:41:13.330+0000] {processor.py:914} INFO - Processing file /home/airflow/.local/lib/python3.12/site-packages/airflow/example_dags/example_setup_teardown.py for tasks to queue
[2024-11-04T14:41:13.337+0000] {logging_mixin.py:190} INFO - [2024-11-04T14:41:13.336+0000] {dagbag.py:588} INFO - Filling up the DagBag from /home/airflow/.local/lib/python3.12/site-packages/airflow/example_dags/example_setup_teardown.py
[2024-11-04T14:41:13.379+0000] {processor.py:925} INFO - DAG(s) 'example_setup_teardown' retrieved from /home/airflow/.local/lib/python3.12/site-packages/airflow/example_dags/example_setup_teardown.py
[2024-11-04T14:41:13.459+0000] {logging_mixin.py:190} INFO - [2024-11-04T14:41:13.458+0000] {dag.py:3239} INFO - Sync 1 DAGs
[2024-11-04T14:41:13.549+0000] {logging_mixin.py:190} INFO - [2024-11-04T14:41:13.548+0000] {dag.py:4180} INFO - Setting next_dagrun for example_setup_teardown to None, run_after=None
[2024-11-04T14:41:13.652+0000] {processor.py:208} INFO - Processing /home/airflow/.local/lib/python3.12/site-packages/airflow/example_dags/example_setup_teardown.py took 0.356 seconds
[2024-11-04T14:41:44.600+0000] {processor.py:186} INFO - Started process (PID=3223) to work on /home/airflow/.local/lib/python3.12/site-packages/airflow/example_dags/example_setup_teardown.py
[2024-11-04T14:41:44.603+0000] {processor.py:914} INFO - Processing file /home/airflow/.local/lib/python3.12/site-packages/airflow/example_dags/example_setup_teardown.py for tasks to queue
[2024-11-04T14:41:44.605+0000] {logging_mixin.py:190} INFO - [2024-11-04T14:41:44.605+0000] {dagbag.py:588} INFO - Filling up the DagBag from /home/airflow/.local/lib/python3.12/site-packages/airflow/example_dags/example_setup_teardown.py
[2024-11-04T14:41:44.612+0000] {processor.py:925} INFO - DAG(s) 'example_setup_teardown' retrieved from /home/airflow/.local/lib/python3.12/site-packages/airflow/example_dags/example_setup_teardown.py
[2024-11-04T14:41:44.633+0000] {logging_mixin.py:190} INFO - [2024-11-04T14:41:44.633+0000] {dag.py:3239} INFO - Sync 1 DAGs
[2024-11-04T14:41:44.647+0000] {logging_mixin.py:190} INFO - [2024-11-04T14:41:44.647+0000] {dag.py:4180} INFO - Setting next_dagrun for example_setup_teardown to None, run_after=None
[2024-11-04T14:41:44.668+0000] {processor.py:208} INFO - Processing /home/airflow/.local/lib/python3.12/site-packages/airflow/example_dags/example_setup_teardown.py took 0.073 seconds
[2024-11-04T14:42:15.563+0000] {processor.py:186} INFO - Started process (PID=3509) to work on /home/airflow/.local/lib/python3.12/site-packages/airflow/example_dags/example_setup_teardown.py
[2024-11-04T14:42:15.565+0000] {processor.py:914} INFO - Processing file /home/airflow/.local/lib/python3.12/site-packages/airflow/example_dags/example_setup_teardown.py for tasks to queue
[2024-11-04T14:42:15.567+0000] {logging_mixin.py:190} INFO - [2024-11-04T14:42:15.567+0000] {dagbag.py:588} INFO - Filling up the DagBag from /home/airflow/.local/lib/python3.12/site-packages/airflow/example_dags/example_setup_teardown.py
[2024-11-04T14:42:15.574+0000] {processor.py:925} INFO - DAG(s) 'example_setup_teardown' retrieved from /home/airflow/.local/lib/python3.12/site-packages/airflow/example_dags/example_setup_teardown.py
[2024-11-04T14:42:15.596+0000] {logging_mixin.py:190} INFO - [2024-11-04T14:42:15.596+0000] {dag.py:3239} INFO - Sync 1 DAGs
[2024-11-04T14:42:15.609+0000] {logging_mixin.py:190} INFO - [2024-11-04T14:42:15.609+0000] {dag.py:4180} INFO - Setting next_dagrun for example_setup_teardown to None, run_after=None
[2024-11-04T14:42:15.631+0000] {processor.py:208} INFO - Processing /home/airflow/.local/lib/python3.12/site-packages/airflow/example_dags/example_setup_teardown.py took 0.074 seconds
[2024-11-04T14:42:46.117+0000] {processor.py:186} INFO - Started process (PID=3794) to work on /home/airflow/.local/lib/python3.12/site-packages/airflow/example_dags/example_setup_teardown.py
[2024-11-04T14:42:46.119+0000] {processor.py:914} INFO - Processing file /home/airflow/.local/lib/python3.12/site-packages/airflow/example_dags/example_setup_teardown.py for tasks to queue
[2024-11-04T14:42:46.122+0000] {logging_mixin.py:190} INFO - [2024-11-04T14:42:46.121+0000] {dagbag.py:588} INFO - Filling up the DagBag from /home/airflow/.local/lib/python3.12/site-packages/airflow/example_dags/example_setup_teardown.py
[2024-11-04T14:42:46.129+0000] {processor.py:925} INFO - DAG(s) 'example_setup_teardown' retrieved from /home/airflow/.local/lib/python3.12/site-packages/airflow/example_dags/example_setup_teardown.py
[2024-11-04T14:42:46.150+0000] {logging_mixin.py:190} INFO - [2024-11-04T14:42:46.150+0000] {dag.py:3239} INFO - Sync 1 DAGs
[2024-11-04T14:42:46.162+0000] {logging_mixin.py:190} INFO - [2024-11-04T14:42:46.162+0000] {dag.py:4180} INFO - Setting next_dagrun for example_setup_teardown to None, run_after=None
[2024-11-04T14:42:46.183+0000] {processor.py:208} INFO - Processing /home/airflow/.local/lib/python3.12/site-packages/airflow/example_dags/example_setup_teardown.py took 0.071 seconds
[2024-11-04T14:44:59.577+0000] {processor.py:186} INFO - Started process (PID=361) to work on /home/airflow/.local/lib/python3.12/site-packages/airflow/example_dags/example_setup_teardown.py
[2024-11-04T14:44:59.579+0000] {processor.py:914} INFO - Processing file /home/airflow/.local/lib/python3.12/site-packages/airflow/example_dags/example_setup_teardown.py for tasks to queue
[2024-11-04T14:44:59.583+0000] {logging_mixin.py:190} INFO - [2024-11-04T14:44:59.582+0000] {dagbag.py:588} INFO - Filling up the DagBag from /home/airflow/.local/lib/python3.12/site-packages/airflow/example_dags/example_setup_teardown.py
[2024-11-04T14:44:59.598+0000] {processor.py:925} INFO - DAG(s) 'example_setup_teardown' retrieved from /home/airflow/.local/lib/python3.12/site-packages/airflow/example_dags/example_setup_teardown.py
[2024-11-04T14:44:59.909+0000] {logging_mixin.py:190} INFO - [2024-11-04T14:44:59.905+0000] {override.py:1900} INFO - Created Permission View: can delete on DAG:example_setup_teardown
[2024-11-04T14:44:59.946+0000] {logging_mixin.py:190} INFO - [2024-11-04T14:44:59.945+0000] {override.py:1900} INFO - Created Permission View: can read on DAG:example_setup_teardown
[2024-11-04T14:44:59.966+0000] {logging_mixin.py:190} INFO - [2024-11-04T14:44:59.965+0000] {override.py:1900} INFO - Created Permission View: can edit on DAG:example_setup_teardown
[2024-11-04T14:44:59.986+0000] {logging_mixin.py:190} INFO - [2024-11-04T14:44:59.985+0000] {override.py:1900} INFO - Created Permission View: can create on DAG Run:example_setup_teardown
[2024-11-04T14:45:00.008+0000] {logging_mixin.py:190} INFO - [2024-11-04T14:45:00.006+0000] {override.py:1900} INFO - Created Permission View: can delete on DAG Run:example_setup_teardown
[2024-11-04T14:45:00.029+0000] {logging_mixin.py:190} INFO - [2024-11-04T14:45:00.029+0000] {override.py:1900} INFO - Created Permission View: menu access on DAG Run:example_setup_teardown
[2024-11-04T14:45:00.048+0000] {logging_mixin.py:190} INFO - [2024-11-04T14:45:00.047+0000] {override.py:1900} INFO - Created Permission View: can read on DAG Run:example_setup_teardown
[2024-11-04T14:45:00.050+0000] {logging_mixin.py:190} INFO - [2024-11-04T14:45:00.049+0000] {dag.py:3239} INFO - Sync 1 DAGs
[2024-11-04T14:45:00.087+0000] {logging_mixin.py:190} INFO - [2024-11-04T14:45:00.086+0000] {dag.py:3262} INFO - Creating ORM DAG for example_setup_teardown
[2024-11-04T14:45:00.089+0000] {logging_mixin.py:190} INFO - [2024-11-04T14:45:00.089+0000] {dag.py:4180} INFO - Setting next_dagrun for example_setup_teardown to None, run_after=None
[2024-11-04T14:45:00.140+0000] {processor.py:208} INFO - Processing /home/airflow/.local/lib/python3.12/site-packages/airflow/example_dags/example_setup_teardown.py took 0.573 seconds
[2024-11-04T14:45:30.616+0000] {processor.py:186} INFO - Started process (PID=647) to work on /home/airflow/.local/lib/python3.12/site-packages/airflow/example_dags/example_setup_teardown.py
[2024-11-04T14:45:30.618+0000] {processor.py:914} INFO - Processing file /home/airflow/.local/lib/python3.12/site-packages/airflow/example_dags/example_setup_teardown.py for tasks to queue
[2024-11-04T14:45:30.622+0000] {logging_mixin.py:190} INFO - [2024-11-04T14:45:30.622+0000] {dagbag.py:588} INFO - Filling up the DagBag from /home/airflow/.local/lib/python3.12/site-packages/airflow/example_dags/example_setup_teardown.py
[2024-11-04T14:45:30.635+0000] {processor.py:925} INFO - DAG(s) 'example_setup_teardown' retrieved from /home/airflow/.local/lib/python3.12/site-packages/airflow/example_dags/example_setup_teardown.py
[2024-11-04T14:45:30.668+0000] {logging_mixin.py:190} INFO - [2024-11-04T14:45:30.667+0000] {dag.py:3239} INFO - Sync 1 DAGs
[2024-11-04T14:45:30.690+0000] {logging_mixin.py:190} INFO - [2024-11-04T14:45:30.689+0000] {dag.py:4180} INFO - Setting next_dagrun for example_setup_teardown to None, run_after=None
[2024-11-04T14:45:30.727+0000] {processor.py:208} INFO - Processing /home/airflow/.local/lib/python3.12/site-packages/airflow/example_dags/example_setup_teardown.py took 0.120 seconds
[2024-11-04T14:46:01.218+0000] {processor.py:186} INFO - Started process (PID=933) to work on /home/airflow/.local/lib/python3.12/site-packages/airflow/example_dags/example_setup_teardown.py
[2024-11-04T14:46:01.219+0000] {processor.py:914} INFO - Processing file /home/airflow/.local/lib/python3.12/site-packages/airflow/example_dags/example_setup_teardown.py for tasks to queue
[2024-11-04T14:46:01.222+0000] {logging_mixin.py:190} INFO - [2024-11-04T14:46:01.222+0000] {dagbag.py:588} INFO - Filling up the DagBag from /home/airflow/.local/lib/python3.12/site-packages/airflow/example_dags/example_setup_teardown.py
[2024-11-04T14:46:01.229+0000] {processor.py:925} INFO - DAG(s) 'example_setup_teardown' retrieved from /home/airflow/.local/lib/python3.12/site-packages/airflow/example_dags/example_setup_teardown.py
[2024-11-04T14:46:01.250+0000] {logging_mixin.py:190} INFO - [2024-11-04T14:46:01.250+0000] {dag.py:3239} INFO - Sync 1 DAGs
[2024-11-04T14:46:01.262+0000] {logging_mixin.py:190} INFO - [2024-11-04T14:46:01.262+0000] {dag.py:4180} INFO - Setting next_dagrun for example_setup_teardown to None, run_after=None
[2024-11-04T14:46:01.280+0000] {processor.py:208} INFO - Processing /home/airflow/.local/lib/python3.12/site-packages/airflow/example_dags/example_setup_teardown.py took 0.069 seconds
[2024-11-04T14:46:31.548+0000] {processor.py:186} INFO - Started process (PID=1221) to work on /home/airflow/.local/lib/python3.12/site-packages/airflow/example_dags/example_setup_teardown.py
[2024-11-04T14:46:31.550+0000] {processor.py:914} INFO - Processing file /home/airflow/.local/lib/python3.12/site-packages/airflow/example_dags/example_setup_teardown.py for tasks to queue
[2024-11-04T14:46:31.554+0000] {logging_mixin.py:190} INFO - [2024-11-04T14:46:31.553+0000] {dagbag.py:588} INFO - Filling up the DagBag from /home/airflow/.local/lib/python3.12/site-packages/airflow/example_dags/example_setup_teardown.py
[2024-11-04T14:46:31.566+0000] {processor.py:925} INFO - DAG(s) 'example_setup_teardown' retrieved from /home/airflow/.local/lib/python3.12/site-packages/airflow/example_dags/example_setup_teardown.py
[2024-11-04T14:46:31.596+0000] {logging_mixin.py:190} INFO - [2024-11-04T14:46:31.596+0000] {dag.py:3239} INFO - Sync 1 DAGs
[2024-11-04T14:46:31.620+0000] {logging_mixin.py:190} INFO - [2024-11-04T14:46:31.619+0000] {dag.py:4180} INFO - Setting next_dagrun for example_setup_teardown to None, run_after=None
[2024-11-04T14:46:31.648+0000] {processor.py:208} INFO - Processing /home/airflow/.local/lib/python3.12/site-packages/airflow/example_dags/example_setup_teardown.py took 0.107 seconds
[2024-11-04T14:47:01.967+0000] {processor.py:186} INFO - Started process (PID=1505) to work on /home/airflow/.local/lib/python3.12/site-packages/airflow/example_dags/example_setup_teardown.py
[2024-11-04T14:47:01.968+0000] {processor.py:914} INFO - Processing file /home/airflow/.local/lib/python3.12/site-packages/airflow/example_dags/example_setup_teardown.py for tasks to queue
[2024-11-04T14:47:01.971+0000] {logging_mixin.py:190} INFO - [2024-11-04T14:47:01.971+0000] {dagbag.py:588} INFO - Filling up the DagBag from /home/airflow/.local/lib/python3.12/site-packages/airflow/example_dags/example_setup_teardown.py
[2024-11-04T14:47:01.978+0000] {processor.py:925} INFO - DAG(s) 'example_setup_teardown' retrieved from /home/airflow/.local/lib/python3.12/site-packages/airflow/example_dags/example_setup_teardown.py
[2024-11-04T14:47:01.999+0000] {logging_mixin.py:190} INFO - [2024-11-04T14:47:01.999+0000] {dag.py:3239} INFO - Sync 1 DAGs
[2024-11-04T14:47:02.011+0000] {logging_mixin.py:190} INFO - [2024-11-04T14:47:02.011+0000] {dag.py:4180} INFO - Setting next_dagrun for example_setup_teardown to None, run_after=None
[2024-11-04T14:47:02.032+0000] {processor.py:208} INFO - Processing /home/airflow/.local/lib/python3.12/site-packages/airflow/example_dags/example_setup_teardown.py took 0.070 seconds
[2024-11-04T14:49:19.230+0000] {processor.py:186} INFO - Started process (PID=362) to work on /home/airflow/.local/lib/python3.12/site-packages/airflow/example_dags/example_setup_teardown.py
[2024-11-04T14:49:19.232+0000] {processor.py:914} INFO - Processing file /home/airflow/.local/lib/python3.12/site-packages/airflow/example_dags/example_setup_teardown.py for tasks to queue
[2024-11-04T14:49:19.236+0000] {logging_mixin.py:190} INFO - [2024-11-04T14:49:19.235+0000] {dagbag.py:588} INFO - Filling up the DagBag from /home/airflow/.local/lib/python3.12/site-packages/airflow/example_dags/example_setup_teardown.py
[2024-11-04T14:49:19.251+0000] {processor.py:925} INFO - DAG(s) 'example_setup_teardown' retrieved from /home/airflow/.local/lib/python3.12/site-packages/airflow/example_dags/example_setup_teardown.py
[2024-11-04T14:49:19.439+0000] {logging_mixin.py:190} INFO - [2024-11-04T14:49:19.438+0000] {override.py:1900} INFO - Created Permission View: can edit on DAG:example_setup_teardown
[2024-11-04T14:49:19.461+0000] {logging_mixin.py:190} INFO - [2024-11-04T14:49:19.460+0000] {override.py:1900} INFO - Created Permission View: can delete on DAG:example_setup_teardown
[2024-11-04T14:49:19.474+0000] {logging_mixin.py:190} INFO - [2024-11-04T14:49:19.474+0000] {override.py:1900} INFO - Created Permission View: can read on DAG:example_setup_teardown
[2024-11-04T14:49:19.491+0000] {logging_mixin.py:190} INFO - [2024-11-04T14:49:19.490+0000] {override.py:1900} INFO - Created Permission View: can create on DAG Run:example_setup_teardown
[2024-11-04T14:49:19.503+0000] {logging_mixin.py:190} INFO - [2024-11-04T14:49:19.503+0000] {override.py:1900} INFO - Created Permission View: can read on DAG Run:example_setup_teardown
[2024-11-04T14:49:19.516+0000] {logging_mixin.py:190} INFO - [2024-11-04T14:49:19.515+0000] {override.py:1900} INFO - Created Permission View: can delete on DAG Run:example_setup_teardown
[2024-11-04T14:49:19.530+0000] {logging_mixin.py:190} INFO - [2024-11-04T14:49:19.529+0000] {override.py:1900} INFO - Created Permission View: menu access on DAG Run:example_setup_teardown
[2024-11-04T14:49:19.531+0000] {logging_mixin.py:190} INFO - [2024-11-04T14:49:19.531+0000] {dag.py:3239} INFO - Sync 1 DAGs
[2024-11-04T14:49:19.558+0000] {logging_mixin.py:190} INFO - [2024-11-04T14:49:19.558+0000] {dag.py:3262} INFO - Creating ORM DAG for example_setup_teardown
[2024-11-04T14:49:19.560+0000] {logging_mixin.py:190} INFO - [2024-11-04T14:49:19.560+0000] {dag.py:4180} INFO - Setting next_dagrun for example_setup_teardown to None, run_after=None
[2024-11-04T14:49:19.595+0000] {processor.py:208} INFO - Processing /home/airflow/.local/lib/python3.12/site-packages/airflow/example_dags/example_setup_teardown.py took 0.375 seconds
