[2024-11-04T14:34:00.819+0000] {processor.py:186} INFO - Started process (PID=258) to work on /home/airflow/.local/lib/python3.12/site-packages/airflow/example_dags/example_inlet_event_extra.py
[2024-11-04T14:34:00.821+0000] {processor.py:914} INFO - Processing file /home/airflow/.local/lib/python3.12/site-packages/airflow/example_dags/example_inlet_event_extra.py for tasks to queue
[2024-11-04T14:34:00.825+0000] {logging_mixin.py:190} INFO - [2024-11-04T14:34:00.825+0000] {dagbag.py:588} INFO - Filling up the DagBag from /home/airflow/.local/lib/python3.12/site-packages/airflow/example_dags/example_inlet_event_extra.py
[2024-11-04T14:34:01.000+0000] {processor.py:925} INFO - DAG(s) 'read_dataset_event', 'read_dataset_event_from_classic' retrieved from /home/airflow/.local/lib/python3.12/site-packages/airflow/example_dags/example_inlet_event_extra.py
[2024-11-04T14:34:01.144+0000] {logging_mixin.py:190} INFO - [2024-11-04T14:34:01.143+0000] {override.py:1900} INFO - Created Permission View: can edit on DAG:read_dataset_event
[2024-11-04T14:34:01.160+0000] {logging_mixin.py:190} INFO - [2024-11-04T14:34:01.160+0000] {override.py:1900} INFO - Created Permission View: can read on DAG:read_dataset_event
[2024-11-04T14:34:01.172+0000] {logging_mixin.py:190} INFO - [2024-11-04T14:34:01.171+0000] {override.py:1900} INFO - Created Permission View: can delete on DAG:read_dataset_event
[2024-11-04T14:34:01.185+0000] {logging_mixin.py:190} INFO - [2024-11-04T14:34:01.185+0000] {override.py:1900} INFO - Created Permission View: can read on DAG Run:read_dataset_event
[2024-11-04T14:34:01.197+0000] {logging_mixin.py:190} INFO - [2024-11-04T14:34:01.197+0000] {override.py:1900} INFO - Created Permission View: can delete on DAG Run:read_dataset_event
[2024-11-04T14:34:01.208+0000] {logging_mixin.py:190} INFO - [2024-11-04T14:34:01.208+0000] {override.py:1900} INFO - Created Permission View: menu access on DAG Run:read_dataset_event
[2024-11-04T14:34:01.222+0000] {logging_mixin.py:190} INFO - [2024-11-04T14:34:01.221+0000] {override.py:1900} INFO - Created Permission View: can create on DAG Run:read_dataset_event
[2024-11-04T14:34:01.246+0000] {logging_mixin.py:190} INFO - [2024-11-04T14:34:01.245+0000] {override.py:1900} INFO - Created Permission View: can edit on DAG:read_dataset_event_from_classic
[2024-11-04T14:34:01.257+0000] {logging_mixin.py:190} INFO - [2024-11-04T14:34:01.256+0000] {override.py:1900} INFO - Created Permission View: can read on DAG:read_dataset_event_from_classic
[2024-11-04T14:34:01.271+0000] {logging_mixin.py:190} INFO - [2024-11-04T14:34:01.271+0000] {override.py:1900} INFO - Created Permission View: can delete on DAG:read_dataset_event_from_classic
[2024-11-04T14:34:01.288+0000] {logging_mixin.py:190} INFO - [2024-11-04T14:34:01.288+0000] {override.py:1900} INFO - Created Permission View: can read on DAG Run:read_dataset_event_from_classic
[2024-11-04T14:34:01.299+0000] {logging_mixin.py:190} INFO - [2024-11-04T14:34:01.299+0000] {override.py:1900} INFO - Created Permission View: can delete on DAG Run:read_dataset_event_from_classic
[2024-11-04T14:34:01.310+0000] {logging_mixin.py:190} INFO - [2024-11-04T14:34:01.309+0000] {override.py:1900} INFO - Created Permission View: menu access on DAG Run:read_dataset_event_from_classic
[2024-11-04T14:34:01.321+0000] {logging_mixin.py:190} INFO - [2024-11-04T14:34:01.320+0000] {override.py:1900} INFO - Created Permission View: can create on DAG Run:read_dataset_event_from_classic
[2024-11-04T14:34:01.322+0000] {logging_mixin.py:190} INFO - [2024-11-04T14:34:01.322+0000] {dag.py:3239} INFO - Sync 2 DAGs
[2024-11-04T14:34:01.338+0000] {logging_mixin.py:190} INFO - [2024-11-04T14:34:01.338+0000] {dag.py:3262} INFO - Creating ORM DAG for read_dataset_event_from_classic
[2024-11-04T14:34:01.340+0000] {logging_mixin.py:190} INFO - [2024-11-04T14:34:01.340+0000] {dag.py:3262} INFO - Creating ORM DAG for read_dataset_event
[2024-11-04T14:34:01.354+0000] {logging_mixin.py:190} INFO - [2024-11-04T14:34:01.354+0000] {dag.py:4180} INFO - Setting next_dagrun for read_dataset_event to 2024-11-03 00:00:00+00:00, run_after=2024-11-04 00:00:00+00:00
[2024-11-04T14:34:01.357+0000] {logging_mixin.py:190} INFO - [2024-11-04T14:34:01.357+0000] {dag.py:4180} INFO - Setting next_dagrun for read_dataset_event_from_classic to 2024-11-03 00:00:00+00:00, run_after=2024-11-04 00:00:00+00:00
[2024-11-04T14:34:01.383+0000] {processor.py:208} INFO - Processing /home/airflow/.local/lib/python3.12/site-packages/airflow/example_dags/example_inlet_event_extra.py took 0.572 seconds
[2024-11-04T14:34:31.741+0000] {processor.py:186} INFO - Started process (PID=546) to work on /home/airflow/.local/lib/python3.12/site-packages/airflow/example_dags/example_inlet_event_extra.py
[2024-11-04T14:34:31.742+0000] {processor.py:914} INFO - Processing file /home/airflow/.local/lib/python3.12/site-packages/airflow/example_dags/example_inlet_event_extra.py for tasks to queue
[2024-11-04T14:34:31.745+0000] {logging_mixin.py:190} INFO - [2024-11-04T14:34:31.745+0000] {dagbag.py:588} INFO - Filling up the DagBag from /home/airflow/.local/lib/python3.12/site-packages/airflow/example_dags/example_inlet_event_extra.py
[2024-11-04T14:34:31.843+0000] {processor.py:925} INFO - DAG(s) 'read_dataset_event', 'read_dataset_event_from_classic' retrieved from /home/airflow/.local/lib/python3.12/site-packages/airflow/example_dags/example_inlet_event_extra.py
[2024-11-04T14:34:31.863+0000] {logging_mixin.py:190} INFO - [2024-11-04T14:34:31.863+0000] {dag.py:3239} INFO - Sync 2 DAGs
[2024-11-04T14:34:31.884+0000] {logging_mixin.py:190} INFO - [2024-11-04T14:34:31.884+0000] {dag.py:4180} INFO - Setting next_dagrun for read_dataset_event to 2024-11-03 00:00:00+00:00, run_after=2024-11-04 00:00:00+00:00
[2024-11-04T14:34:31.888+0000] {logging_mixin.py:190} INFO - [2024-11-04T14:34:31.888+0000] {dag.py:4180} INFO - Setting next_dagrun for read_dataset_event_from_classic to 2024-11-03 00:00:00+00:00, run_after=2024-11-04 00:00:00+00:00
[2024-11-04T14:34:31.905+0000] {processor.py:208} INFO - Processing /home/airflow/.local/lib/python3.12/site-packages/airflow/example_dags/example_inlet_event_extra.py took 0.169 seconds
[2024-11-04T14:35:02.032+0000] {processor.py:186} INFO - Started process (PID=838) to work on /home/airflow/.local/lib/python3.12/site-packages/airflow/example_dags/example_inlet_event_extra.py
[2024-11-04T14:35:02.034+0000] {processor.py:914} INFO - Processing file /home/airflow/.local/lib/python3.12/site-packages/airflow/example_dags/example_inlet_event_extra.py for tasks to queue
[2024-11-04T14:35:02.036+0000] {logging_mixin.py:190} INFO - [2024-11-04T14:35:02.035+0000] {dagbag.py:588} INFO - Filling up the DagBag from /home/airflow/.local/lib/python3.12/site-packages/airflow/example_dags/example_inlet_event_extra.py
[2024-11-04T14:35:02.130+0000] {processor.py:925} INFO - DAG(s) 'read_dataset_event_from_classic', 'read_dataset_event' retrieved from /home/airflow/.local/lib/python3.12/site-packages/airflow/example_dags/example_inlet_event_extra.py
[2024-11-04T14:35:02.154+0000] {logging_mixin.py:190} INFO - [2024-11-04T14:35:02.154+0000] {dag.py:3239} INFO - Sync 2 DAGs
[2024-11-04T14:35:02.178+0000] {logging_mixin.py:190} INFO - [2024-11-04T14:35:02.178+0000] {dag.py:4180} INFO - Setting next_dagrun for read_dataset_event to 2024-11-03 00:00:00+00:00, run_after=2024-11-04 00:00:00+00:00
[2024-11-04T14:35:02.183+0000] {logging_mixin.py:190} INFO - [2024-11-04T14:35:02.183+0000] {dag.py:4180} INFO - Setting next_dagrun for read_dataset_event_from_classic to 2024-11-03 00:00:00+00:00, run_after=2024-11-04 00:00:00+00:00
[2024-11-04T14:35:02.201+0000] {processor.py:208} INFO - Processing /home/airflow/.local/lib/python3.12/site-packages/airflow/example_dags/example_inlet_event_extra.py took 0.175 seconds
[2024-11-04T14:36:27.618+0000] {processor.py:186} INFO - Started process (PID=259) to work on /home/airflow/.local/lib/python3.12/site-packages/airflow/example_dags/example_inlet_event_extra.py
[2024-11-04T14:36:27.619+0000] {processor.py:914} INFO - Processing file /home/airflow/.local/lib/python3.12/site-packages/airflow/example_dags/example_inlet_event_extra.py for tasks to queue
[2024-11-04T14:36:27.623+0000] {logging_mixin.py:190} INFO - [2024-11-04T14:36:27.622+0000] {dagbag.py:588} INFO - Filling up the DagBag from /home/airflow/.local/lib/python3.12/site-packages/airflow/example_dags/example_inlet_event_extra.py
[2024-11-04T14:36:27.796+0000] {processor.py:925} INFO - DAG(s) 'read_dataset_event_from_classic', 'read_dataset_event' retrieved from /home/airflow/.local/lib/python3.12/site-packages/airflow/example_dags/example_inlet_event_extra.py
[2024-11-04T14:36:27.995+0000] {logging_mixin.py:190} INFO - [2024-11-04T14:36:27.994+0000] {override.py:1900} INFO - Created Permission View: can delete on DAG:read_dataset_event_from_classic
[2024-11-04T14:36:28.016+0000] {logging_mixin.py:190} INFO - [2024-11-04T14:36:28.015+0000] {override.py:1900} INFO - Created Permission View: can read on DAG:read_dataset_event_from_classic
[2024-11-04T14:36:28.028+0000] {logging_mixin.py:190} INFO - [2024-11-04T14:36:28.028+0000] {override.py:1900} INFO - Created Permission View: can edit on DAG:read_dataset_event_from_classic
[2024-11-04T14:36:28.045+0000] {logging_mixin.py:190} INFO - [2024-11-04T14:36:28.044+0000] {override.py:1900} INFO - Created Permission View: can create on DAG Run:read_dataset_event_from_classic
[2024-11-04T14:36:28.060+0000] {logging_mixin.py:190} INFO - [2024-11-04T14:36:28.059+0000] {override.py:1900} INFO - Created Permission View: can delete on DAG Run:read_dataset_event_from_classic
[2024-11-04T14:36:28.075+0000] {logging_mixin.py:190} INFO - [2024-11-04T14:36:28.075+0000] {override.py:1900} INFO - Created Permission View: can read on DAG Run:read_dataset_event_from_classic
[2024-11-04T14:36:28.090+0000] {logging_mixin.py:190} INFO - [2024-11-04T14:36:28.090+0000] {override.py:1900} INFO - Created Permission View: menu access on DAG Run:read_dataset_event_from_classic
[2024-11-04T14:36:28.118+0000] {logging_mixin.py:190} INFO - [2024-11-04T14:36:28.118+0000] {override.py:1900} INFO - Created Permission View: can delete on DAG:read_dataset_event
[2024-11-04T14:36:28.134+0000] {logging_mixin.py:190} INFO - [2024-11-04T14:36:28.134+0000] {override.py:1900} INFO - Created Permission View: can read on DAG:read_dataset_event
[2024-11-04T14:36:28.147+0000] {logging_mixin.py:190} INFO - [2024-11-04T14:36:28.147+0000] {override.py:1900} INFO - Created Permission View: can edit on DAG:read_dataset_event
[2024-11-04T14:36:28.162+0000] {logging_mixin.py:190} INFO - [2024-11-04T14:36:28.161+0000] {override.py:1900} INFO - Created Permission View: can create on DAG Run:read_dataset_event
[2024-11-04T14:36:28.174+0000] {logging_mixin.py:190} INFO - [2024-11-04T14:36:28.174+0000] {override.py:1900} INFO - Created Permission View: can delete on DAG Run:read_dataset_event
[2024-11-04T14:36:28.187+0000] {logging_mixin.py:190} INFO - [2024-11-04T14:36:28.186+0000] {override.py:1900} INFO - Created Permission View: can read on DAG Run:read_dataset_event
[2024-11-04T14:36:28.200+0000] {logging_mixin.py:190} INFO - [2024-11-04T14:36:28.199+0000] {override.py:1900} INFO - Created Permission View: menu access on DAG Run:read_dataset_event
[2024-11-04T14:36:28.201+0000] {logging_mixin.py:190} INFO - [2024-11-04T14:36:28.200+0000] {dag.py:3239} INFO - Sync 2 DAGs
[2024-11-04T14:36:28.219+0000] {logging_mixin.py:190} INFO - [2024-11-04T14:36:28.218+0000] {dag.py:3262} INFO - Creating ORM DAG for read_dataset_event_from_classic
[2024-11-04T14:36:28.220+0000] {logging_mixin.py:190} INFO - [2024-11-04T14:36:28.220+0000] {dag.py:3262} INFO - Creating ORM DAG for read_dataset_event
[2024-11-04T14:36:28.236+0000] {logging_mixin.py:190} INFO - [2024-11-04T14:36:28.236+0000] {dag.py:4180} INFO - Setting next_dagrun for read_dataset_event to 2024-11-03 00:00:00+00:00, run_after=2024-11-04 00:00:00+00:00
[2024-11-04T14:36:28.239+0000] {logging_mixin.py:190} INFO - [2024-11-04T14:36:28.239+0000] {dag.py:4180} INFO - Setting next_dagrun for read_dataset_event_from_classic to 2024-11-03 00:00:00+00:00, run_after=2024-11-04 00:00:00+00:00
[2024-11-04T14:36:28.267+0000] {processor.py:208} INFO - Processing /home/airflow/.local/lib/python3.12/site-packages/airflow/example_dags/example_inlet_event_extra.py took 0.658 seconds
[2024-11-04T14:36:58.594+0000] {processor.py:186} INFO - Started process (PID=547) to work on /home/airflow/.local/lib/python3.12/site-packages/airflow/example_dags/example_inlet_event_extra.py
[2024-11-04T14:36:58.595+0000] {processor.py:914} INFO - Processing file /home/airflow/.local/lib/python3.12/site-packages/airflow/example_dags/example_inlet_event_extra.py for tasks to queue
[2024-11-04T14:36:58.598+0000] {logging_mixin.py:190} INFO - [2024-11-04T14:36:58.597+0000] {dagbag.py:588} INFO - Filling up the DagBag from /home/airflow/.local/lib/python3.12/site-packages/airflow/example_dags/example_inlet_event_extra.py
[2024-11-04T14:36:58.692+0000] {processor.py:925} INFO - DAG(s) 'read_dataset_event', 'read_dataset_event_from_classic' retrieved from /home/airflow/.local/lib/python3.12/site-packages/airflow/example_dags/example_inlet_event_extra.py
[2024-11-04T14:36:58.713+0000] {logging_mixin.py:190} INFO - [2024-11-04T14:36:58.713+0000] {dag.py:3239} INFO - Sync 2 DAGs
[2024-11-04T14:36:58.733+0000] {logging_mixin.py:190} INFO - [2024-11-04T14:36:58.733+0000] {dag.py:4180} INFO - Setting next_dagrun for read_dataset_event to 2024-11-03 00:00:00+00:00, run_after=2024-11-04 00:00:00+00:00
[2024-11-04T14:36:58.737+0000] {logging_mixin.py:190} INFO - [2024-11-04T14:36:58.737+0000] {dag.py:4180} INFO - Setting next_dagrun for read_dataset_event_from_classic to 2024-11-03 00:00:00+00:00, run_after=2024-11-04 00:00:00+00:00
[2024-11-04T14:36:58.754+0000] {processor.py:208} INFO - Processing /home/airflow/.local/lib/python3.12/site-packages/airflow/example_dags/example_inlet_event_extra.py took 0.165 seconds
[2024-11-04T14:37:29.227+0000] {processor.py:186} INFO - Started process (PID=831) to work on /home/airflow/.local/lib/python3.12/site-packages/airflow/example_dags/example_inlet_event_extra.py
[2024-11-04T14:37:29.233+0000] {processor.py:914} INFO - Processing file /home/airflow/.local/lib/python3.12/site-packages/airflow/example_dags/example_inlet_event_extra.py for tasks to queue
[2024-11-04T14:37:29.242+0000] {logging_mixin.py:190} INFO - [2024-11-04T14:37:29.240+0000] {dagbag.py:588} INFO - Filling up the DagBag from /home/airflow/.local/lib/python3.12/site-packages/airflow/example_dags/example_inlet_event_extra.py
[2024-11-04T14:37:29.554+0000] {processor.py:925} INFO - DAG(s) 'read_dataset_event_from_classic', 'read_dataset_event' retrieved from /home/airflow/.local/lib/python3.12/site-packages/airflow/example_dags/example_inlet_event_extra.py
[2024-11-04T14:37:29.593+0000] {logging_mixin.py:190} INFO - [2024-11-04T14:37:29.593+0000] {dag.py:3239} INFO - Sync 2 DAGs
[2024-11-04T14:37:29.637+0000] {logging_mixin.py:190} INFO - [2024-11-04T14:37:29.637+0000] {dag.py:4180} INFO - Setting next_dagrun for read_dataset_event to 2024-11-03 00:00:00+00:00, run_after=2024-11-04 00:00:00+00:00
[2024-11-04T14:37:29.646+0000] {logging_mixin.py:190} INFO - [2024-11-04T14:37:29.646+0000] {dag.py:4180} INFO - Setting next_dagrun for read_dataset_event_from_classic to 2024-11-03 00:00:00+00:00, run_after=2024-11-04 00:00:00+00:00
[2024-11-04T14:37:29.677+0000] {processor.py:208} INFO - Processing /home/airflow/.local/lib/python3.12/site-packages/airflow/example_dags/example_inlet_event_extra.py took 0.468 seconds
[2024-11-04T14:38:00.200+0000] {processor.py:186} INFO - Started process (PID=1119) to work on /home/airflow/.local/lib/python3.12/site-packages/airflow/example_dags/example_inlet_event_extra.py
[2024-11-04T14:38:00.203+0000] {processor.py:914} INFO - Processing file /home/airflow/.local/lib/python3.12/site-packages/airflow/example_dags/example_inlet_event_extra.py for tasks to queue
[2024-11-04T14:38:00.208+0000] {logging_mixin.py:190} INFO - [2024-11-04T14:38:00.207+0000] {dagbag.py:588} INFO - Filling up the DagBag from /home/airflow/.local/lib/python3.12/site-packages/airflow/example_dags/example_inlet_event_extra.py
[2024-11-04T14:38:00.578+0000] {processor.py:925} INFO - DAG(s) 'read_dataset_event_from_classic', 'read_dataset_event' retrieved from /home/airflow/.local/lib/python3.12/site-packages/airflow/example_dags/example_inlet_event_extra.py
[2024-11-04T14:38:00.656+0000] {logging_mixin.py:190} INFO - [2024-11-04T14:38:00.655+0000] {dag.py:3239} INFO - Sync 2 DAGs
[2024-11-04T14:38:00.759+0000] {logging_mixin.py:190} INFO - [2024-11-04T14:38:00.759+0000] {dag.py:4180} INFO - Setting next_dagrun for read_dataset_event to 2024-11-03 00:00:00+00:00, run_after=2024-11-04 00:00:00+00:00
[2024-11-04T14:38:00.770+0000] {logging_mixin.py:190} INFO - [2024-11-04T14:38:00.769+0000] {dag.py:4180} INFO - Setting next_dagrun for read_dataset_event_from_classic to 2024-11-03 00:00:00+00:00, run_after=2024-11-04 00:00:00+00:00
[2024-11-04T14:38:00.807+0000] {processor.py:208} INFO - Processing /home/airflow/.local/lib/python3.12/site-packages/airflow/example_dags/example_inlet_event_extra.py took 0.619 seconds
[2024-11-04T14:38:31.769+0000] {processor.py:186} INFO - Started process (PID=1417) to work on /home/airflow/.local/lib/python3.12/site-packages/airflow/example_dags/example_inlet_event_extra.py
[2024-11-04T14:38:31.770+0000] {processor.py:914} INFO - Processing file /home/airflow/.local/lib/python3.12/site-packages/airflow/example_dags/example_inlet_event_extra.py for tasks to queue
[2024-11-04T14:38:31.774+0000] {logging_mixin.py:190} INFO - [2024-11-04T14:38:31.774+0000] {dagbag.py:588} INFO - Filling up the DagBag from /home/airflow/.local/lib/python3.12/site-packages/airflow/example_dags/example_inlet_event_extra.py
[2024-11-04T14:38:31.888+0000] {processor.py:925} INFO - DAG(s) 'read_dataset_event', 'read_dataset_event_from_classic' retrieved from /home/airflow/.local/lib/python3.12/site-packages/airflow/example_dags/example_inlet_event_extra.py
[2024-11-04T14:38:31.909+0000] {logging_mixin.py:190} INFO - [2024-11-04T14:38:31.909+0000] {dag.py:3239} INFO - Sync 2 DAGs
[2024-11-04T14:38:31.932+0000] {logging_mixin.py:190} INFO - [2024-11-04T14:38:31.932+0000] {dag.py:4180} INFO - Setting next_dagrun for read_dataset_event to 2024-11-03 00:00:00+00:00, run_after=2024-11-04 00:00:00+00:00
[2024-11-04T14:38:31.937+0000] {logging_mixin.py:190} INFO - [2024-11-04T14:38:31.937+0000] {dag.py:4180} INFO - Setting next_dagrun for read_dataset_event_from_classic to 2024-11-03 00:00:00+00:00, run_after=2024-11-04 00:00:00+00:00
[2024-11-04T14:38:31.953+0000] {processor.py:208} INFO - Processing /home/airflow/.local/lib/python3.12/site-packages/airflow/example_dags/example_inlet_event_extra.py took 0.191 seconds
[2024-11-04T14:39:02.401+0000] {processor.py:186} INFO - Started process (PID=1703) to work on /home/airflow/.local/lib/python3.12/site-packages/airflow/example_dags/example_inlet_event_extra.py
[2024-11-04T14:39:02.403+0000] {processor.py:914} INFO - Processing file /home/airflow/.local/lib/python3.12/site-packages/airflow/example_dags/example_inlet_event_extra.py for tasks to queue
[2024-11-04T14:39:02.406+0000] {logging_mixin.py:190} INFO - [2024-11-04T14:39:02.405+0000] {dagbag.py:588} INFO - Filling up the DagBag from /home/airflow/.local/lib/python3.12/site-packages/airflow/example_dags/example_inlet_event_extra.py
[2024-11-04T14:39:02.535+0000] {processor.py:925} INFO - DAG(s) 'read_dataset_event_from_classic', 'read_dataset_event' retrieved from /home/airflow/.local/lib/python3.12/site-packages/airflow/example_dags/example_inlet_event_extra.py
[2024-11-04T14:39:02.564+0000] {logging_mixin.py:190} INFO - [2024-11-04T14:39:02.563+0000] {dag.py:3239} INFO - Sync 2 DAGs
[2024-11-04T14:39:02.591+0000] {logging_mixin.py:190} INFO - [2024-11-04T14:39:02.591+0000] {dag.py:4180} INFO - Setting next_dagrun for read_dataset_event to 2024-11-03 00:00:00+00:00, run_after=2024-11-04 00:00:00+00:00
[2024-11-04T14:39:02.601+0000] {logging_mixin.py:190} INFO - [2024-11-04T14:39:02.601+0000] {dag.py:4180} INFO - Setting next_dagrun for read_dataset_event_from_classic to 2024-11-03 00:00:00+00:00, run_after=2024-11-04 00:00:00+00:00
[2024-11-04T14:39:02.625+0000] {processor.py:208} INFO - Processing /home/airflow/.local/lib/python3.12/site-packages/airflow/example_dags/example_inlet_event_extra.py took 0.230 seconds
[2024-11-04T14:39:33.271+0000] {processor.py:186} INFO - Started process (PID=1989) to work on /home/airflow/.local/lib/python3.12/site-packages/airflow/example_dags/example_inlet_event_extra.py
[2024-11-04T14:39:33.272+0000] {processor.py:914} INFO - Processing file /home/airflow/.local/lib/python3.12/site-packages/airflow/example_dags/example_inlet_event_extra.py for tasks to queue
[2024-11-04T14:39:33.275+0000] {logging_mixin.py:190} INFO - [2024-11-04T14:39:33.274+0000] {dagbag.py:588} INFO - Filling up the DagBag from /home/airflow/.local/lib/python3.12/site-packages/airflow/example_dags/example_inlet_event_extra.py
[2024-11-04T14:39:33.367+0000] {processor.py:925} INFO - DAG(s) 'read_dataset_event_from_classic', 'read_dataset_event' retrieved from /home/airflow/.local/lib/python3.12/site-packages/airflow/example_dags/example_inlet_event_extra.py
[2024-11-04T14:39:33.386+0000] {logging_mixin.py:190} INFO - [2024-11-04T14:39:33.386+0000] {dag.py:3239} INFO - Sync 2 DAGs
[2024-11-04T14:39:33.407+0000] {logging_mixin.py:190} INFO - [2024-11-04T14:39:33.407+0000] {dag.py:4180} INFO - Setting next_dagrun for read_dataset_event to 2024-11-03 00:00:00+00:00, run_after=2024-11-04 00:00:00+00:00
[2024-11-04T14:39:33.413+0000] {logging_mixin.py:190} INFO - [2024-11-04T14:39:33.412+0000] {dag.py:4180} INFO - Setting next_dagrun for read_dataset_event_from_classic to 2024-11-03 00:00:00+00:00, run_after=2024-11-04 00:00:00+00:00
[2024-11-04T14:39:33.433+0000] {processor.py:208} INFO - Processing /home/airflow/.local/lib/python3.12/site-packages/airflow/example_dags/example_inlet_event_extra.py took 0.166 seconds
[2024-11-04T14:40:03.527+0000] {processor.py:186} INFO - Started process (PID=2280) to work on /home/airflow/.local/lib/python3.12/site-packages/airflow/example_dags/example_inlet_event_extra.py
[2024-11-04T14:40:03.529+0000] {processor.py:914} INFO - Processing file /home/airflow/.local/lib/python3.12/site-packages/airflow/example_dags/example_inlet_event_extra.py for tasks to queue
[2024-11-04T14:40:03.531+0000] {logging_mixin.py:190} INFO - [2024-11-04T14:40:03.531+0000] {dagbag.py:588} INFO - Filling up the DagBag from /home/airflow/.local/lib/python3.12/site-packages/airflow/example_dags/example_inlet_event_extra.py
[2024-11-04T14:40:03.639+0000] {processor.py:925} INFO - DAG(s) 'read_dataset_event', 'read_dataset_event_from_classic' retrieved from /home/airflow/.local/lib/python3.12/site-packages/airflow/example_dags/example_inlet_event_extra.py
[2024-11-04T14:40:03.659+0000] {logging_mixin.py:190} INFO - [2024-11-04T14:40:03.659+0000] {dag.py:3239} INFO - Sync 2 DAGs
[2024-11-04T14:40:03.679+0000] {logging_mixin.py:190} INFO - [2024-11-04T14:40:03.679+0000] {dag.py:4180} INFO - Setting next_dagrun for read_dataset_event to 2024-11-03 00:00:00+00:00, run_after=2024-11-04 00:00:00+00:00
[2024-11-04T14:40:03.684+0000] {logging_mixin.py:190} INFO - [2024-11-04T14:40:03.684+0000] {dag.py:4180} INFO - Setting next_dagrun for read_dataset_event_from_classic to 2024-11-03 00:00:00+00:00, run_after=2024-11-04 00:00:00+00:00
[2024-11-04T14:40:03.699+0000] {processor.py:208} INFO - Processing /home/airflow/.local/lib/python3.12/site-packages/airflow/example_dags/example_inlet_event_extra.py took 0.177 seconds
[2024-11-04T14:40:33.763+0000] {processor.py:186} INFO - Started process (PID=2561) to work on /home/airflow/.local/lib/python3.12/site-packages/airflow/example_dags/example_inlet_event_extra.py
[2024-11-04T14:40:33.765+0000] {processor.py:914} INFO - Processing file /home/airflow/.local/lib/python3.12/site-packages/airflow/example_dags/example_inlet_event_extra.py for tasks to queue
[2024-11-04T14:40:33.768+0000] {logging_mixin.py:190} INFO - [2024-11-04T14:40:33.767+0000] {dagbag.py:588} INFO - Filling up the DagBag from /home/airflow/.local/lib/python3.12/site-packages/airflow/example_dags/example_inlet_event_extra.py
[2024-11-04T14:40:33.864+0000] {processor.py:925} INFO - DAG(s) 'read_dataset_event', 'read_dataset_event_from_classic' retrieved from /home/airflow/.local/lib/python3.12/site-packages/airflow/example_dags/example_inlet_event_extra.py
[2024-11-04T14:40:33.882+0000] {logging_mixin.py:190} INFO - [2024-11-04T14:40:33.882+0000] {dag.py:3239} INFO - Sync 2 DAGs
[2024-11-04T14:40:33.902+0000] {logging_mixin.py:190} INFO - [2024-11-04T14:40:33.902+0000] {dag.py:4180} INFO - Setting next_dagrun for read_dataset_event to 2024-11-03 00:00:00+00:00, run_after=2024-11-04 00:00:00+00:00
[2024-11-04T14:40:33.907+0000] {logging_mixin.py:190} INFO - [2024-11-04T14:40:33.907+0000] {dag.py:4180} INFO - Setting next_dagrun for read_dataset_event_from_classic to 2024-11-03 00:00:00+00:00, run_after=2024-11-04 00:00:00+00:00
[2024-11-04T14:40:33.922+0000] {processor.py:208} INFO - Processing /home/airflow/.local/lib/python3.12/site-packages/airflow/example_dags/example_inlet_event_extra.py took 0.164 seconds
[2024-11-04T14:41:04.318+0000] {processor.py:186} INFO - Started process (PID=2840) to work on /home/airflow/.local/lib/python3.12/site-packages/airflow/example_dags/example_inlet_event_extra.py
[2024-11-04T14:41:04.320+0000] {processor.py:914} INFO - Processing file /home/airflow/.local/lib/python3.12/site-packages/airflow/example_dags/example_inlet_event_extra.py for tasks to queue
[2024-11-04T14:41:04.323+0000] {logging_mixin.py:190} INFO - [2024-11-04T14:41:04.323+0000] {dagbag.py:588} INFO - Filling up the DagBag from /home/airflow/.local/lib/python3.12/site-packages/airflow/example_dags/example_inlet_event_extra.py
[2024-11-04T14:41:04.461+0000] {processor.py:925} INFO - DAG(s) 'read_dataset_event', 'read_dataset_event_from_classic' retrieved from /home/airflow/.local/lib/python3.12/site-packages/airflow/example_dags/example_inlet_event_extra.py
[2024-11-04T14:41:04.501+0000] {logging_mixin.py:190} INFO - [2024-11-04T14:41:04.501+0000] {dag.py:3239} INFO - Sync 2 DAGs
[2024-11-04T14:41:04.552+0000] {logging_mixin.py:190} INFO - [2024-11-04T14:41:04.551+0000] {dag.py:4180} INFO - Setting next_dagrun for read_dataset_event to 2024-11-03 00:00:00+00:00, run_after=2024-11-04 00:00:00+00:00
[2024-11-04T14:41:04.563+0000] {logging_mixin.py:190} INFO - [2024-11-04T14:41:04.562+0000] {dag.py:4180} INFO - Setting next_dagrun for read_dataset_event_from_classic to 2024-11-03 00:00:00+00:00, run_after=2024-11-04 00:00:00+00:00
[2024-11-04T14:41:04.602+0000] {processor.py:208} INFO - Processing /home/airflow/.local/lib/python3.12/site-packages/airflow/example_dags/example_inlet_event_extra.py took 0.291 seconds
[2024-11-04T14:41:34.689+0000] {processor.py:186} INFO - Started process (PID=3128) to work on /home/airflow/.local/lib/python3.12/site-packages/airflow/example_dags/example_inlet_event_extra.py
[2024-11-04T14:41:34.692+0000] {processor.py:914} INFO - Processing file /home/airflow/.local/lib/python3.12/site-packages/airflow/example_dags/example_inlet_event_extra.py for tasks to queue
[2024-11-04T14:41:34.694+0000] {logging_mixin.py:190} INFO - [2024-11-04T14:41:34.694+0000] {dagbag.py:588} INFO - Filling up the DagBag from /home/airflow/.local/lib/python3.12/site-packages/airflow/example_dags/example_inlet_event_extra.py
[2024-11-04T14:41:34.858+0000] {processor.py:925} INFO - DAG(s) 'read_dataset_event', 'read_dataset_event_from_classic' retrieved from /home/airflow/.local/lib/python3.12/site-packages/airflow/example_dags/example_inlet_event_extra.py
[2024-11-04T14:41:34.890+0000] {logging_mixin.py:190} INFO - [2024-11-04T14:41:34.889+0000] {dag.py:3239} INFO - Sync 2 DAGs
[2024-11-04T14:41:34.923+0000] {logging_mixin.py:190} INFO - [2024-11-04T14:41:34.923+0000] {dag.py:4180} INFO - Setting next_dagrun for read_dataset_event to 2024-11-03 00:00:00+00:00, run_after=2024-11-04 00:00:00+00:00
[2024-11-04T14:41:34.931+0000] {logging_mixin.py:190} INFO - [2024-11-04T14:41:34.930+0000] {dag.py:4180} INFO - Setting next_dagrun for read_dataset_event_from_classic to 2024-11-03 00:00:00+00:00, run_after=2024-11-04 00:00:00+00:00
[2024-11-04T14:41:34.964+0000] {processor.py:208} INFO - Processing /home/airflow/.local/lib/python3.12/site-packages/airflow/example_dags/example_inlet_event_extra.py took 0.283 seconds
[2024-11-04T14:42:05.210+0000] {processor.py:186} INFO - Started process (PID=3419) to work on /home/airflow/.local/lib/python3.12/site-packages/airflow/example_dags/example_inlet_event_extra.py
[2024-11-04T14:42:05.212+0000] {processor.py:914} INFO - Processing file /home/airflow/.local/lib/python3.12/site-packages/airflow/example_dags/example_inlet_event_extra.py for tasks to queue
[2024-11-04T14:42:05.215+0000] {logging_mixin.py:190} INFO - [2024-11-04T14:42:05.214+0000] {dagbag.py:588} INFO - Filling up the DagBag from /home/airflow/.local/lib/python3.12/site-packages/airflow/example_dags/example_inlet_event_extra.py
[2024-11-04T14:42:05.300+0000] {processor.py:925} INFO - DAG(s) 'read_dataset_event_from_classic', 'read_dataset_event' retrieved from /home/airflow/.local/lib/python3.12/site-packages/airflow/example_dags/example_inlet_event_extra.py
[2024-11-04T14:42:05.323+0000] {logging_mixin.py:190} INFO - [2024-11-04T14:42:05.322+0000] {dag.py:3239} INFO - Sync 2 DAGs
[2024-11-04T14:42:05.340+0000] {logging_mixin.py:190} INFO - [2024-11-04T14:42:05.339+0000] {dag.py:4180} INFO - Setting next_dagrun for read_dataset_event to 2024-11-03 00:00:00+00:00, run_after=2024-11-04 00:00:00+00:00
[2024-11-04T14:42:05.344+0000] {logging_mixin.py:190} INFO - [2024-11-04T14:42:05.344+0000] {dag.py:4180} INFO - Setting next_dagrun for read_dataset_event_from_classic to 2024-11-03 00:00:00+00:00, run_after=2024-11-04 00:00:00+00:00
[2024-11-04T14:42:05.359+0000] {processor.py:208} INFO - Processing /home/airflow/.local/lib/python3.12/site-packages/airflow/example_dags/example_inlet_event_extra.py took 0.154 seconds
[2024-11-04T14:42:35.873+0000] {processor.py:186} INFO - Started process (PID=3699) to work on /home/airflow/.local/lib/python3.12/site-packages/airflow/example_dags/example_inlet_event_extra.py
[2024-11-04T14:42:35.875+0000] {processor.py:914} INFO - Processing file /home/airflow/.local/lib/python3.12/site-packages/airflow/example_dags/example_inlet_event_extra.py for tasks to queue
[2024-11-04T14:42:35.877+0000] {logging_mixin.py:190} INFO - [2024-11-04T14:42:35.877+0000] {dagbag.py:588} INFO - Filling up the DagBag from /home/airflow/.local/lib/python3.12/site-packages/airflow/example_dags/example_inlet_event_extra.py
[2024-11-04T14:42:35.972+0000] {processor.py:925} INFO - DAG(s) 'read_dataset_event', 'read_dataset_event_from_classic' retrieved from /home/airflow/.local/lib/python3.12/site-packages/airflow/example_dags/example_inlet_event_extra.py
[2024-11-04T14:42:35.991+0000] {logging_mixin.py:190} INFO - [2024-11-04T14:42:35.991+0000] {dag.py:3239} INFO - Sync 2 DAGs
[2024-11-04T14:42:36.010+0000] {logging_mixin.py:190} INFO - [2024-11-04T14:42:36.010+0000] {dag.py:4180} INFO - Setting next_dagrun for read_dataset_event to 2024-11-03 00:00:00+00:00, run_after=2024-11-04 00:00:00+00:00
[2024-11-04T14:42:36.016+0000] {logging_mixin.py:190} INFO - [2024-11-04T14:42:36.015+0000] {dag.py:4180} INFO - Setting next_dagrun for read_dataset_event_from_classic to 2024-11-03 00:00:00+00:00, run_after=2024-11-04 00:00:00+00:00
[2024-11-04T14:42:36.032+0000] {processor.py:208} INFO - Processing /home/airflow/.local/lib/python3.12/site-packages/airflow/example_dags/example_inlet_event_extra.py took 0.164 seconds
[2024-11-04T14:43:06.486+0000] {processor.py:186} INFO - Started process (PID=3985) to work on /home/airflow/.local/lib/python3.12/site-packages/airflow/example_dags/example_inlet_event_extra.py
[2024-11-04T14:43:06.487+0000] {processor.py:914} INFO - Processing file /home/airflow/.local/lib/python3.12/site-packages/airflow/example_dags/example_inlet_event_extra.py for tasks to queue
[2024-11-04T14:43:06.490+0000] {logging_mixin.py:190} INFO - [2024-11-04T14:43:06.490+0000] {dagbag.py:588} INFO - Filling up the DagBag from /home/airflow/.local/lib/python3.12/site-packages/airflow/example_dags/example_inlet_event_extra.py
[2024-11-04T14:43:06.590+0000] {processor.py:925} INFO - DAG(s) 'read_dataset_event', 'read_dataset_event_from_classic' retrieved from /home/airflow/.local/lib/python3.12/site-packages/airflow/example_dags/example_inlet_event_extra.py
[2024-11-04T14:43:06.610+0000] {logging_mixin.py:190} INFO - [2024-11-04T14:43:06.610+0000] {dag.py:3239} INFO - Sync 2 DAGs
[2024-11-04T14:43:06.633+0000] {logging_mixin.py:190} INFO - [2024-11-04T14:43:06.633+0000] {dag.py:4180} INFO - Setting next_dagrun for read_dataset_event to 2024-11-03 00:00:00+00:00, run_after=2024-11-04 00:00:00+00:00
[2024-11-04T14:43:06.639+0000] {logging_mixin.py:190} INFO - [2024-11-04T14:43:06.639+0000] {dag.py:4180} INFO - Setting next_dagrun for read_dataset_event_from_classic to 2024-11-03 00:00:00+00:00, run_after=2024-11-04 00:00:00+00:00
[2024-11-04T14:43:06.658+0000] {processor.py:208} INFO - Processing /home/airflow/.local/lib/python3.12/site-packages/airflow/example_dags/example_inlet_event_extra.py took 0.178 seconds
[2024-11-04T14:44:54.971+0000] {processor.py:186} INFO - Started process (PID=266) to work on /home/airflow/.local/lib/python3.12/site-packages/airflow/example_dags/example_inlet_event_extra.py
[2024-11-04T14:44:54.973+0000] {processor.py:914} INFO - Processing file /home/airflow/.local/lib/python3.12/site-packages/airflow/example_dags/example_inlet_event_extra.py for tasks to queue
[2024-11-04T14:44:54.976+0000] {logging_mixin.py:190} INFO - [2024-11-04T14:44:54.976+0000] {dagbag.py:588} INFO - Filling up the DagBag from /home/airflow/.local/lib/python3.12/site-packages/airflow/example_dags/example_inlet_event_extra.py
[2024-11-04T14:44:55.128+0000] {processor.py:925} INFO - DAG(s) 'read_dataset_event_from_classic', 'read_dataset_event' retrieved from /home/airflow/.local/lib/python3.12/site-packages/airflow/example_dags/example_inlet_event_extra.py
[2024-11-04T14:44:55.274+0000] {logging_mixin.py:190} INFO - [2024-11-04T14:44:55.274+0000] {override.py:1900} INFO - Created Permission View: can delete on DAG:read_dataset_event_from_classic
[2024-11-04T14:44:55.291+0000] {logging_mixin.py:190} INFO - [2024-11-04T14:44:55.291+0000] {override.py:1900} INFO - Created Permission View: can read on DAG:read_dataset_event_from_classic
[2024-11-04T14:44:55.303+0000] {logging_mixin.py:190} INFO - [2024-11-04T14:44:55.303+0000] {override.py:1900} INFO - Created Permission View: can edit on DAG:read_dataset_event_from_classic
[2024-11-04T14:44:55.318+0000] {logging_mixin.py:190} INFO - [2024-11-04T14:44:55.317+0000] {override.py:1900} INFO - Created Permission View: can create on DAG Run:read_dataset_event_from_classic
[2024-11-04T14:44:55.330+0000] {logging_mixin.py:190} INFO - [2024-11-04T14:44:55.330+0000] {override.py:1900} INFO - Created Permission View: can delete on DAG Run:read_dataset_event_from_classic
[2024-11-04T14:44:55.342+0000] {logging_mixin.py:190} INFO - [2024-11-04T14:44:55.342+0000] {override.py:1900} INFO - Created Permission View: menu access on DAG Run:read_dataset_event_from_classic
[2024-11-04T14:44:55.355+0000] {logging_mixin.py:190} INFO - [2024-11-04T14:44:55.354+0000] {override.py:1900} INFO - Created Permission View: can read on DAG Run:read_dataset_event_from_classic
[2024-11-04T14:44:55.377+0000] {logging_mixin.py:190} INFO - [2024-11-04T14:44:55.376+0000] {override.py:1900} INFO - Created Permission View: can delete on DAG:read_dataset_event
[2024-11-04T14:44:55.388+0000] {logging_mixin.py:190} INFO - [2024-11-04T14:44:55.388+0000] {override.py:1900} INFO - Created Permission View: can read on DAG:read_dataset_event
[2024-11-04T14:44:55.400+0000] {logging_mixin.py:190} INFO - [2024-11-04T14:44:55.399+0000] {override.py:1900} INFO - Created Permission View: can edit on DAG:read_dataset_event
[2024-11-04T14:44:55.413+0000] {logging_mixin.py:190} INFO - [2024-11-04T14:44:55.413+0000] {override.py:1900} INFO - Created Permission View: can create on DAG Run:read_dataset_event
[2024-11-04T14:44:55.424+0000] {logging_mixin.py:190} INFO - [2024-11-04T14:44:55.424+0000] {override.py:1900} INFO - Created Permission View: can delete on DAG Run:read_dataset_event
[2024-11-04T14:44:55.436+0000] {logging_mixin.py:190} INFO - [2024-11-04T14:44:55.435+0000] {override.py:1900} INFO - Created Permission View: menu access on DAG Run:read_dataset_event
[2024-11-04T14:44:55.447+0000] {logging_mixin.py:190} INFO - [2024-11-04T14:44:55.446+0000] {override.py:1900} INFO - Created Permission View: can read on DAG Run:read_dataset_event
[2024-11-04T14:44:55.448+0000] {logging_mixin.py:190} INFO - [2024-11-04T14:44:55.448+0000] {dag.py:3239} INFO - Sync 2 DAGs
[2024-11-04T14:44:55.466+0000] {logging_mixin.py:190} INFO - [2024-11-04T14:44:55.465+0000] {dag.py:3262} INFO - Creating ORM DAG for read_dataset_event
[2024-11-04T14:44:55.467+0000] {logging_mixin.py:190} INFO - [2024-11-04T14:44:55.467+0000] {dag.py:3262} INFO - Creating ORM DAG for read_dataset_event_from_classic
[2024-11-04T14:44:55.482+0000] {logging_mixin.py:190} INFO - [2024-11-04T14:44:55.482+0000] {dag.py:4180} INFO - Setting next_dagrun for read_dataset_event to 2024-11-03 00:00:00+00:00, run_after=2024-11-04 00:00:00+00:00
[2024-11-04T14:44:55.485+0000] {logging_mixin.py:190} INFO - [2024-11-04T14:44:55.485+0000] {dag.py:4180} INFO - Setting next_dagrun for read_dataset_event_from_classic to 2024-11-03 00:00:00+00:00, run_after=2024-11-04 00:00:00+00:00
[2024-11-04T14:44:55.512+0000] {processor.py:208} INFO - Processing /home/airflow/.local/lib/python3.12/site-packages/airflow/example_dags/example_inlet_event_extra.py took 0.549 seconds
[2024-11-04T14:45:25.719+0000] {processor.py:186} INFO - Started process (PID=554) to work on /home/airflow/.local/lib/python3.12/site-packages/airflow/example_dags/example_inlet_event_extra.py
[2024-11-04T14:45:25.724+0000] {processor.py:914} INFO - Processing file /home/airflow/.local/lib/python3.12/site-packages/airflow/example_dags/example_inlet_event_extra.py for tasks to queue
[2024-11-04T14:45:25.730+0000] {logging_mixin.py:190} INFO - [2024-11-04T14:45:25.730+0000] {dagbag.py:588} INFO - Filling up the DagBag from /home/airflow/.local/lib/python3.12/site-packages/airflow/example_dags/example_inlet_event_extra.py
[2024-11-04T14:45:25.927+0000] {processor.py:925} INFO - DAG(s) 'read_dataset_event', 'read_dataset_event_from_classic' retrieved from /home/airflow/.local/lib/python3.12/site-packages/airflow/example_dags/example_inlet_event_extra.py
[2024-11-04T14:45:25.972+0000] {logging_mixin.py:190} INFO - [2024-11-04T14:45:25.972+0000] {dag.py:3239} INFO - Sync 2 DAGs
[2024-11-04T14:45:26.011+0000] {logging_mixin.py:190} INFO - [2024-11-04T14:45:26.010+0000] {dag.py:4180} INFO - Setting next_dagrun for read_dataset_event to 2024-11-03 00:00:00+00:00, run_after=2024-11-04 00:00:00+00:00
[2024-11-04T14:45:26.018+0000] {logging_mixin.py:190} INFO - [2024-11-04T14:45:26.018+0000] {dag.py:4180} INFO - Setting next_dagrun for read_dataset_event_from_classic to 2024-11-03 00:00:00+00:00, run_after=2024-11-04 00:00:00+00:00
[2024-11-04T14:45:26.041+0000] {processor.py:208} INFO - Processing /home/airflow/.local/lib/python3.12/site-packages/airflow/example_dags/example_inlet_event_extra.py took 0.339 seconds
[2024-11-04T14:45:56.812+0000] {processor.py:186} INFO - Started process (PID=840) to work on /home/airflow/.local/lib/python3.12/site-packages/airflow/example_dags/example_inlet_event_extra.py
[2024-11-04T14:45:56.813+0000] {processor.py:914} INFO - Processing file /home/airflow/.local/lib/python3.12/site-packages/airflow/example_dags/example_inlet_event_extra.py for tasks to queue
[2024-11-04T14:45:56.816+0000] {logging_mixin.py:190} INFO - [2024-11-04T14:45:56.815+0000] {dagbag.py:588} INFO - Filling up the DagBag from /home/airflow/.local/lib/python3.12/site-packages/airflow/example_dags/example_inlet_event_extra.py
[2024-11-04T14:45:56.916+0000] {processor.py:925} INFO - DAG(s) 'read_dataset_event', 'read_dataset_event_from_classic' retrieved from /home/airflow/.local/lib/python3.12/site-packages/airflow/example_dags/example_inlet_event_extra.py
[2024-11-04T14:45:56.936+0000] {logging_mixin.py:190} INFO - [2024-11-04T14:45:56.936+0000] {dag.py:3239} INFO - Sync 2 DAGs
[2024-11-04T14:45:56.961+0000] {logging_mixin.py:190} INFO - [2024-11-04T14:45:56.961+0000] {dag.py:4180} INFO - Setting next_dagrun for read_dataset_event to 2024-11-03 00:00:00+00:00, run_after=2024-11-04 00:00:00+00:00
[2024-11-04T14:45:56.966+0000] {logging_mixin.py:190} INFO - [2024-11-04T14:45:56.966+0000] {dag.py:4180} INFO - Setting next_dagrun for read_dataset_event_from_classic to 2024-11-03 00:00:00+00:00, run_after=2024-11-04 00:00:00+00:00
[2024-11-04T14:45:56.985+0000] {processor.py:208} INFO - Processing /home/airflow/.local/lib/python3.12/site-packages/airflow/example_dags/example_inlet_event_extra.py took 0.179 seconds
[2024-11-04T14:46:27.143+0000] {processor.py:186} INFO - Started process (PID=1131) to work on /home/airflow/.local/lib/python3.12/site-packages/airflow/example_dags/example_inlet_event_extra.py
[2024-11-04T14:46:27.145+0000] {processor.py:914} INFO - Processing file /home/airflow/.local/lib/python3.12/site-packages/airflow/example_dags/example_inlet_event_extra.py for tasks to queue
[2024-11-04T14:46:27.147+0000] {logging_mixin.py:190} INFO - [2024-11-04T14:46:27.147+0000] {dagbag.py:588} INFO - Filling up the DagBag from /home/airflow/.local/lib/python3.12/site-packages/airflow/example_dags/example_inlet_event_extra.py
[2024-11-04T14:46:27.239+0000] {processor.py:925} INFO - DAG(s) 'read_dataset_event', 'read_dataset_event_from_classic' retrieved from /home/airflow/.local/lib/python3.12/site-packages/airflow/example_dags/example_inlet_event_extra.py
[2024-11-04T14:46:27.261+0000] {logging_mixin.py:190} INFO - [2024-11-04T14:46:27.260+0000] {dag.py:3239} INFO - Sync 2 DAGs
[2024-11-04T14:46:27.282+0000] {logging_mixin.py:190} INFO - [2024-11-04T14:46:27.281+0000] {dag.py:4180} INFO - Setting next_dagrun for read_dataset_event to 2024-11-03 00:00:00+00:00, run_after=2024-11-04 00:00:00+00:00
[2024-11-04T14:46:27.288+0000] {logging_mixin.py:190} INFO - [2024-11-04T14:46:27.288+0000] {dag.py:4180} INFO - Setting next_dagrun for read_dataset_event_from_classic to 2024-11-03 00:00:00+00:00, run_after=2024-11-04 00:00:00+00:00
[2024-11-04T14:46:27.303+0000] {processor.py:208} INFO - Processing /home/airflow/.local/lib/python3.12/site-packages/airflow/example_dags/example_inlet_event_extra.py took 0.165 seconds
[2024-11-04T14:46:57.533+0000] {processor.py:186} INFO - Started process (PID=1412) to work on /home/airflow/.local/lib/python3.12/site-packages/airflow/example_dags/example_inlet_event_extra.py
[2024-11-04T14:46:57.534+0000] {processor.py:914} INFO - Processing file /home/airflow/.local/lib/python3.12/site-packages/airflow/example_dags/example_inlet_event_extra.py for tasks to queue
[2024-11-04T14:46:57.537+0000] {logging_mixin.py:190} INFO - [2024-11-04T14:46:57.536+0000] {dagbag.py:588} INFO - Filling up the DagBag from /home/airflow/.local/lib/python3.12/site-packages/airflow/example_dags/example_inlet_event_extra.py
[2024-11-04T14:46:57.641+0000] {processor.py:925} INFO - DAG(s) 'read_dataset_event', 'read_dataset_event_from_classic' retrieved from /home/airflow/.local/lib/python3.12/site-packages/airflow/example_dags/example_inlet_event_extra.py
[2024-11-04T14:46:57.662+0000] {logging_mixin.py:190} INFO - [2024-11-04T14:46:57.662+0000] {dag.py:3239} INFO - Sync 2 DAGs
[2024-11-04T14:46:57.683+0000] {logging_mixin.py:190} INFO - [2024-11-04T14:46:57.683+0000] {dag.py:4180} INFO - Setting next_dagrun for read_dataset_event to 2024-11-03 00:00:00+00:00, run_after=2024-11-04 00:00:00+00:00
[2024-11-04T14:46:57.689+0000] {logging_mixin.py:190} INFO - [2024-11-04T14:46:57.689+0000] {dag.py:4180} INFO - Setting next_dagrun for read_dataset_event_from_classic to 2024-11-03 00:00:00+00:00, run_after=2024-11-04 00:00:00+00:00
[2024-11-04T14:46:57.709+0000] {processor.py:208} INFO - Processing /home/airflow/.local/lib/python3.12/site-packages/airflow/example_dags/example_inlet_event_extra.py took 0.183 seconds
[2024-11-04T14:49:14.328+0000] {processor.py:186} INFO - Started process (PID=259) to work on /home/airflow/.local/lib/python3.12/site-packages/airflow/example_dags/example_inlet_event_extra.py
[2024-11-04T14:49:14.330+0000] {processor.py:914} INFO - Processing file /home/airflow/.local/lib/python3.12/site-packages/airflow/example_dags/example_inlet_event_extra.py for tasks to queue
[2024-11-04T14:49:14.333+0000] {logging_mixin.py:190} INFO - [2024-11-04T14:49:14.333+0000] {dagbag.py:588} INFO - Filling up the DagBag from /home/airflow/.local/lib/python3.12/site-packages/airflow/example_dags/example_inlet_event_extra.py
[2024-11-04T14:49:14.486+0000] {processor.py:925} INFO - DAG(s) 'read_dataset_event_from_classic', 'read_dataset_event' retrieved from /home/airflow/.local/lib/python3.12/site-packages/airflow/example_dags/example_inlet_event_extra.py
[2024-11-04T14:49:14.622+0000] {logging_mixin.py:190} INFO - [2024-11-04T14:49:14.621+0000] {override.py:1900} INFO - Created Permission View: can edit on DAG:read_dataset_event_from_classic
[2024-11-04T14:49:14.638+0000] {logging_mixin.py:190} INFO - [2024-11-04T14:49:14.638+0000] {override.py:1900} INFO - Created Permission View: can delete on DAG:read_dataset_event_from_classic
[2024-11-04T14:49:14.652+0000] {logging_mixin.py:190} INFO - [2024-11-04T14:49:14.651+0000] {override.py:1900} INFO - Created Permission View: can read on DAG:read_dataset_event_from_classic
[2024-11-04T14:49:14.667+0000] {logging_mixin.py:190} INFO - [2024-11-04T14:49:14.666+0000] {override.py:1900} INFO - Created Permission View: can create on DAG Run:read_dataset_event_from_classic
[2024-11-04T14:49:14.680+0000] {logging_mixin.py:190} INFO - [2024-11-04T14:49:14.679+0000] {override.py:1900} INFO - Created Permission View: can read on DAG Run:read_dataset_event_from_classic
[2024-11-04T14:49:14.693+0000] {logging_mixin.py:190} INFO - [2024-11-04T14:49:14.692+0000] {override.py:1900} INFO - Created Permission View: can delete on DAG Run:read_dataset_event_from_classic
[2024-11-04T14:49:14.706+0000] {logging_mixin.py:190} INFO - [2024-11-04T14:49:14.706+0000] {override.py:1900} INFO - Created Permission View: menu access on DAG Run:read_dataset_event_from_classic
[2024-11-04T14:49:14.728+0000] {logging_mixin.py:190} INFO - [2024-11-04T14:49:14.728+0000] {override.py:1900} INFO - Created Permission View: can edit on DAG:read_dataset_event
[2024-11-04T14:49:14.740+0000] {logging_mixin.py:190} INFO - [2024-11-04T14:49:14.740+0000] {override.py:1900} INFO - Created Permission View: can delete on DAG:read_dataset_event
[2024-11-04T14:49:14.752+0000] {logging_mixin.py:190} INFO - [2024-11-04T14:49:14.752+0000] {override.py:1900} INFO - Created Permission View: can read on DAG:read_dataset_event
[2024-11-04T14:49:14.767+0000] {logging_mixin.py:190} INFO - [2024-11-04T14:49:14.767+0000] {override.py:1900} INFO - Created Permission View: can create on DAG Run:read_dataset_event
[2024-11-04T14:49:14.779+0000] {logging_mixin.py:190} INFO - [2024-11-04T14:49:14.779+0000] {override.py:1900} INFO - Created Permission View: can read on DAG Run:read_dataset_event
[2024-11-04T14:49:14.791+0000] {logging_mixin.py:190} INFO - [2024-11-04T14:49:14.791+0000] {override.py:1900} INFO - Created Permission View: can delete on DAG Run:read_dataset_event
[2024-11-04T14:49:14.802+0000] {logging_mixin.py:190} INFO - [2024-11-04T14:49:14.802+0000] {override.py:1900} INFO - Created Permission View: menu access on DAG Run:read_dataset_event
[2024-11-04T14:49:14.803+0000] {logging_mixin.py:190} INFO - [2024-11-04T14:49:14.803+0000] {dag.py:3239} INFO - Sync 2 DAGs
[2024-11-04T14:49:14.821+0000] {logging_mixin.py:190} INFO - [2024-11-04T14:49:14.820+0000] {dag.py:3262} INFO - Creating ORM DAG for read_dataset_event
[2024-11-04T14:49:14.822+0000] {logging_mixin.py:190} INFO - [2024-11-04T14:49:14.822+0000] {dag.py:3262} INFO - Creating ORM DAG for read_dataset_event_from_classic
[2024-11-04T14:49:14.837+0000] {logging_mixin.py:190} INFO - [2024-11-04T14:49:14.836+0000] {dag.py:4180} INFO - Setting next_dagrun for read_dataset_event to 2024-11-03 00:00:00+00:00, run_after=2024-11-04 00:00:00+00:00
[2024-11-04T14:49:14.840+0000] {logging_mixin.py:190} INFO - [2024-11-04T14:49:14.839+0000] {dag.py:4180} INFO - Setting next_dagrun for read_dataset_event_from_classic to 2024-11-03 00:00:00+00:00, run_after=2024-11-04 00:00:00+00:00
[2024-11-04T14:49:14.867+0000] {processor.py:208} INFO - Processing /home/airflow/.local/lib/python3.12/site-packages/airflow/example_dags/example_inlet_event_extra.py took 0.547 seconds
