[2024-11-04T14:34:02.423+0000] {processor.py:186} INFO - Started process (PID=288) to work on /home/airflow/.local/lib/python3.12/site-packages/airflow/example_dags/example_short_circuit_decorator.py
[2024-11-04T14:34:02.426+0000] {processor.py:914} INFO - Processing file /home/airflow/.local/lib/python3.12/site-packages/airflow/example_dags/example_short_circuit_decorator.py for tasks to queue
[2024-11-04T14:34:02.434+0000] {logging_mixin.py:190} INFO - [2024-11-04T14:34:02.433+0000] {dagbag.py:588} INFO - Filling up the DagBag from /home/airflow/.local/lib/python3.12/site-packages/airflow/example_dags/example_short_circuit_decorator.py
[2024-11-04T14:34:02.461+0000] {processor.py:925} INFO - DAG(s) 'example_short_circuit_decorator' retrieved from /home/airflow/.local/lib/python3.12/site-packages/airflow/example_dags/example_short_circuit_decorator.py
[2024-11-04T14:34:02.649+0000] {logging_mixin.py:190} INFO - [2024-11-04T14:34:02.647+0000] {override.py:1900} INFO - Created Permission View: can edit on DAG:example_short_circuit_decorator
[2024-11-04T14:34:02.667+0000] {logging_mixin.py:190} INFO - [2024-11-04T14:34:02.666+0000] {override.py:1900} INFO - Created Permission View: can read on DAG:example_short_circuit_decorator
[2024-11-04T14:34:02.679+0000] {logging_mixin.py:190} INFO - [2024-11-04T14:34:02.678+0000] {override.py:1900} INFO - Created Permission View: can delete on DAG:example_short_circuit_decorator
[2024-11-04T14:34:02.693+0000] {logging_mixin.py:190} INFO - [2024-11-04T14:34:02.693+0000] {override.py:1900} INFO - Created Permission View: can read on DAG Run:example_short_circuit_decorator
[2024-11-04T14:34:02.705+0000] {logging_mixin.py:190} INFO - [2024-11-04T14:34:02.705+0000] {override.py:1900} INFO - Created Permission View: can delete on DAG Run:example_short_circuit_decorator
[2024-11-04T14:34:02.718+0000] {logging_mixin.py:190} INFO - [2024-11-04T14:34:02.717+0000] {override.py:1900} INFO - Created Permission View: menu access on DAG Run:example_short_circuit_decorator
[2024-11-04T14:34:02.732+0000] {logging_mixin.py:190} INFO - [2024-11-04T14:34:02.731+0000] {override.py:1900} INFO - Created Permission View: can create on DAG Run:example_short_circuit_decorator
[2024-11-04T14:34:02.733+0000] {logging_mixin.py:190} INFO - [2024-11-04T14:34:02.733+0000] {dag.py:3239} INFO - Sync 1 DAGs
[2024-11-04T14:34:02.751+0000] {logging_mixin.py:190} INFO - [2024-11-04T14:34:02.750+0000] {dag.py:3262} INFO - Creating ORM DAG for example_short_circuit_decorator
[2024-11-04T14:34:02.752+0000] {logging_mixin.py:190} INFO - [2024-11-04T14:34:02.752+0000] {dag.py:4180} INFO - Setting next_dagrun for example_short_circuit_decorator to None, run_after=None
[2024-11-04T14:34:02.778+0000] {processor.py:208} INFO - Processing /home/airflow/.local/lib/python3.12/site-packages/airflow/example_dags/example_short_circuit_decorator.py took 0.364 seconds
[2024-11-04T14:34:33.120+0000] {processor.py:186} INFO - Started process (PID=576) to work on /home/airflow/.local/lib/python3.12/site-packages/airflow/example_dags/example_short_circuit_decorator.py
[2024-11-04T14:34:33.122+0000] {processor.py:914} INFO - Processing file /home/airflow/.local/lib/python3.12/site-packages/airflow/example_dags/example_short_circuit_decorator.py for tasks to queue
[2024-11-04T14:34:33.124+0000] {logging_mixin.py:190} INFO - [2024-11-04T14:34:33.124+0000] {dagbag.py:588} INFO - Filling up the DagBag from /home/airflow/.local/lib/python3.12/site-packages/airflow/example_dags/example_short_circuit_decorator.py
[2024-11-04T14:34:33.132+0000] {processor.py:925} INFO - DAG(s) 'example_short_circuit_decorator' retrieved from /home/airflow/.local/lib/python3.12/site-packages/airflow/example_dags/example_short_circuit_decorator.py
[2024-11-04T14:34:33.153+0000] {logging_mixin.py:190} INFO - [2024-11-04T14:34:33.153+0000] {dag.py:3239} INFO - Sync 1 DAGs
[2024-11-04T14:34:33.165+0000] {logging_mixin.py:190} INFO - [2024-11-04T14:34:33.165+0000] {dag.py:4180} INFO - Setting next_dagrun for example_short_circuit_decorator to None, run_after=None
[2024-11-04T14:34:33.184+0000] {processor.py:208} INFO - Processing /home/airflow/.local/lib/python3.12/site-packages/airflow/example_dags/example_short_circuit_decorator.py took 0.068 seconds
[2024-11-04T14:35:03.394+0000] {processor.py:186} INFO - Started process (PID=863) to work on /home/airflow/.local/lib/python3.12/site-packages/airflow/example_dags/example_short_circuit_decorator.py
[2024-11-04T14:35:03.395+0000] {processor.py:914} INFO - Processing file /home/airflow/.local/lib/python3.12/site-packages/airflow/example_dags/example_short_circuit_decorator.py for tasks to queue
[2024-11-04T14:35:03.398+0000] {logging_mixin.py:190} INFO - [2024-11-04T14:35:03.398+0000] {dagbag.py:588} INFO - Filling up the DagBag from /home/airflow/.local/lib/python3.12/site-packages/airflow/example_dags/example_short_circuit_decorator.py
[2024-11-04T14:35:03.406+0000] {processor.py:925} INFO - DAG(s) 'example_short_circuit_decorator' retrieved from /home/airflow/.local/lib/python3.12/site-packages/airflow/example_dags/example_short_circuit_decorator.py
[2024-11-04T14:35:03.427+0000] {logging_mixin.py:190} INFO - [2024-11-04T14:35:03.427+0000] {dag.py:3239} INFO - Sync 1 DAGs
[2024-11-04T14:35:03.439+0000] {logging_mixin.py:190} INFO - [2024-11-04T14:35:03.439+0000] {dag.py:4180} INFO - Setting next_dagrun for example_short_circuit_decorator to None, run_after=None
[2024-11-04T14:35:03.455+0000] {processor.py:208} INFO - Processing /home/airflow/.local/lib/python3.12/site-packages/airflow/example_dags/example_short_circuit_decorator.py took 0.066 seconds
[2024-11-04T14:36:29.140+0000] {processor.py:186} INFO - Started process (PID=289) to work on /home/airflow/.local/lib/python3.12/site-packages/airflow/example_dags/example_short_circuit_decorator.py
[2024-11-04T14:36:29.147+0000] {processor.py:914} INFO - Processing file /home/airflow/.local/lib/python3.12/site-packages/airflow/example_dags/example_short_circuit_decorator.py for tasks to queue
[2024-11-04T14:36:29.159+0000] {logging_mixin.py:190} INFO - [2024-11-04T14:36:29.158+0000] {dagbag.py:588} INFO - Filling up the DagBag from /home/airflow/.local/lib/python3.12/site-packages/airflow/example_dags/example_short_circuit_decorator.py
[2024-11-04T14:36:29.205+0000] {processor.py:925} INFO - DAG(s) 'example_short_circuit_decorator' retrieved from /home/airflow/.local/lib/python3.12/site-packages/airflow/example_dags/example_short_circuit_decorator.py
[2024-11-04T14:36:29.571+0000] {logging_mixin.py:190} INFO - [2024-11-04T14:36:29.570+0000] {override.py:1900} INFO - Created Permission View: can delete on DAG:example_short_circuit_decorator
[2024-11-04T14:36:29.595+0000] {logging_mixin.py:190} INFO - [2024-11-04T14:36:29.595+0000] {override.py:1900} INFO - Created Permission View: can read on DAG:example_short_circuit_decorator
[2024-11-04T14:36:29.612+0000] {logging_mixin.py:190} INFO - [2024-11-04T14:36:29.611+0000] {override.py:1900} INFO - Created Permission View: can edit on DAG:example_short_circuit_decorator
[2024-11-04T14:36:29.628+0000] {logging_mixin.py:190} INFO - [2024-11-04T14:36:29.628+0000] {override.py:1900} INFO - Created Permission View: can create on DAG Run:example_short_circuit_decorator
[2024-11-04T14:36:29.643+0000] {logging_mixin.py:190} INFO - [2024-11-04T14:36:29.642+0000] {override.py:1900} INFO - Created Permission View: can delete on DAG Run:example_short_circuit_decorator
[2024-11-04T14:36:29.657+0000] {logging_mixin.py:190} INFO - [2024-11-04T14:36:29.656+0000] {override.py:1900} INFO - Created Permission View: can read on DAG Run:example_short_circuit_decorator
[2024-11-04T14:36:29.670+0000] {logging_mixin.py:190} INFO - [2024-11-04T14:36:29.670+0000] {override.py:1900} INFO - Created Permission View: menu access on DAG Run:example_short_circuit_decorator
[2024-11-04T14:36:29.672+0000] {logging_mixin.py:190} INFO - [2024-11-04T14:36:29.671+0000] {dag.py:3239} INFO - Sync 1 DAGs
[2024-11-04T14:36:29.698+0000] {logging_mixin.py:190} INFO - [2024-11-04T14:36:29.697+0000] {dag.py:3262} INFO - Creating ORM DAG for example_short_circuit_decorator
[2024-11-04T14:36:29.700+0000] {logging_mixin.py:190} INFO - [2024-11-04T14:36:29.699+0000] {dag.py:4180} INFO - Setting next_dagrun for example_short_circuit_decorator to None, run_after=None
[2024-11-04T14:36:29.735+0000] {processor.py:208} INFO - Processing /home/airflow/.local/lib/python3.12/site-packages/airflow/example_dags/example_short_circuit_decorator.py took 0.617 seconds
[2024-11-04T14:36:59.949+0000] {processor.py:186} INFO - Started process (PID=575) to work on /home/airflow/.local/lib/python3.12/site-packages/airflow/example_dags/example_short_circuit_decorator.py
[2024-11-04T14:36:59.950+0000] {processor.py:914} INFO - Processing file /home/airflow/.local/lib/python3.12/site-packages/airflow/example_dags/example_short_circuit_decorator.py for tasks to queue
[2024-11-04T14:36:59.953+0000] {logging_mixin.py:190} INFO - [2024-11-04T14:36:59.952+0000] {dagbag.py:588} INFO - Filling up the DagBag from /home/airflow/.local/lib/python3.12/site-packages/airflow/example_dags/example_short_circuit_decorator.py
[2024-11-04T14:36:59.961+0000] {processor.py:925} INFO - DAG(s) 'example_short_circuit_decorator' retrieved from /home/airflow/.local/lib/python3.12/site-packages/airflow/example_dags/example_short_circuit_decorator.py
[2024-11-04T14:36:59.984+0000] {logging_mixin.py:190} INFO - [2024-11-04T14:36:59.984+0000] {dag.py:3239} INFO - Sync 1 DAGs
[2024-11-04T14:36:59.998+0000] {logging_mixin.py:190} INFO - [2024-11-04T14:36:59.997+0000] {dag.py:4180} INFO - Setting next_dagrun for example_short_circuit_decorator to None, run_after=None
[2024-11-04T14:37:00.019+0000] {processor.py:208} INFO - Processing /home/airflow/.local/lib/python3.12/site-packages/airflow/example_dags/example_short_circuit_decorator.py took 0.076 seconds
[2024-11-04T14:37:30.201+0000] {processor.py:186} INFO - Started process (PID=867) to work on /home/airflow/.local/lib/python3.12/site-packages/airflow/example_dags/example_short_circuit_decorator.py
[2024-11-04T14:37:30.203+0000] {processor.py:914} INFO - Processing file /home/airflow/.local/lib/python3.12/site-packages/airflow/example_dags/example_short_circuit_decorator.py for tasks to queue
[2024-11-04T14:37:30.207+0000] {logging_mixin.py:190} INFO - [2024-11-04T14:37:30.207+0000] {dagbag.py:588} INFO - Filling up the DagBag from /home/airflow/.local/lib/python3.12/site-packages/airflow/example_dags/example_short_circuit_decorator.py
[2024-11-04T14:37:30.224+0000] {processor.py:925} INFO - DAG(s) 'example_short_circuit_decorator' retrieved from /home/airflow/.local/lib/python3.12/site-packages/airflow/example_dags/example_short_circuit_decorator.py
[2024-11-04T14:37:30.261+0000] {logging_mixin.py:190} INFO - [2024-11-04T14:37:30.261+0000] {dag.py:3239} INFO - Sync 1 DAGs
[2024-11-04T14:37:30.286+0000] {logging_mixin.py:190} INFO - [2024-11-04T14:37:30.286+0000] {dag.py:4180} INFO - Setting next_dagrun for example_short_circuit_decorator to None, run_after=None
[2024-11-04T14:37:30.319+0000] {processor.py:208} INFO - Processing /home/airflow/.local/lib/python3.12/site-packages/airflow/example_dags/example_short_circuit_decorator.py took 0.126 seconds
[2024-11-04T14:38:01.500+0000] {processor.py:186} INFO - Started process (PID=1153) to work on /home/airflow/.local/lib/python3.12/site-packages/airflow/example_dags/example_short_circuit_decorator.py
[2024-11-04T14:38:01.502+0000] {processor.py:914} INFO - Processing file /home/airflow/.local/lib/python3.12/site-packages/airflow/example_dags/example_short_circuit_decorator.py for tasks to queue
[2024-11-04T14:38:01.508+0000] {logging_mixin.py:190} INFO - [2024-11-04T14:38:01.507+0000] {dagbag.py:588} INFO - Filling up the DagBag from /home/airflow/.local/lib/python3.12/site-packages/airflow/example_dags/example_short_circuit_decorator.py
[2024-11-04T14:38:01.530+0000] {processor.py:925} INFO - DAG(s) 'example_short_circuit_decorator' retrieved from /home/airflow/.local/lib/python3.12/site-packages/airflow/example_dags/example_short_circuit_decorator.py
[2024-11-04T14:38:01.583+0000] {logging_mixin.py:190} INFO - [2024-11-04T14:38:01.582+0000] {dag.py:3239} INFO - Sync 1 DAGs
[2024-11-04T14:38:01.611+0000] {logging_mixin.py:190} INFO - [2024-11-04T14:38:01.610+0000] {dag.py:4180} INFO - Setting next_dagrun for example_short_circuit_decorator to None, run_after=None
[2024-11-04T14:38:01.662+0000] {processor.py:208} INFO - Processing /home/airflow/.local/lib/python3.12/site-packages/airflow/example_dags/example_short_circuit_decorator.py took 0.176 seconds
[2024-11-04T14:38:32.112+0000] {processor.py:186} INFO - Started process (PID=1440) to work on /home/airflow/.local/lib/python3.12/site-packages/airflow/example_dags/example_short_circuit_decorator.py
[2024-11-04T14:38:32.113+0000] {processor.py:914} INFO - Processing file /home/airflow/.local/lib/python3.12/site-packages/airflow/example_dags/example_short_circuit_decorator.py for tasks to queue
[2024-11-04T14:38:32.116+0000] {logging_mixin.py:190} INFO - [2024-11-04T14:38:32.115+0000] {dagbag.py:588} INFO - Filling up the DagBag from /home/airflow/.local/lib/python3.12/site-packages/airflow/example_dags/example_short_circuit_decorator.py
[2024-11-04T14:38:32.124+0000] {processor.py:925} INFO - DAG(s) 'example_short_circuit_decorator' retrieved from /home/airflow/.local/lib/python3.12/site-packages/airflow/example_dags/example_short_circuit_decorator.py
[2024-11-04T14:38:32.145+0000] {logging_mixin.py:190} INFO - [2024-11-04T14:38:32.145+0000] {dag.py:3239} INFO - Sync 1 DAGs
[2024-11-04T14:38:32.159+0000] {logging_mixin.py:190} INFO - [2024-11-04T14:38:32.158+0000] {dag.py:4180} INFO - Setting next_dagrun for example_short_circuit_decorator to None, run_after=None
[2024-11-04T14:38:32.175+0000] {processor.py:208} INFO - Processing /home/airflow/.local/lib/python3.12/site-packages/airflow/example_dags/example_short_circuit_decorator.py took 0.069 seconds
[2024-11-04T14:39:02.837+0000] {processor.py:186} INFO - Started process (PID=1726) to work on /home/airflow/.local/lib/python3.12/site-packages/airflow/example_dags/example_short_circuit_decorator.py
[2024-11-04T14:39:02.838+0000] {processor.py:914} INFO - Processing file /home/airflow/.local/lib/python3.12/site-packages/airflow/example_dags/example_short_circuit_decorator.py for tasks to queue
[2024-11-04T14:39:02.843+0000] {logging_mixin.py:190} INFO - [2024-11-04T14:39:02.843+0000] {dagbag.py:588} INFO - Filling up the DagBag from /home/airflow/.local/lib/python3.12/site-packages/airflow/example_dags/example_short_circuit_decorator.py
[2024-11-04T14:39:02.858+0000] {processor.py:925} INFO - DAG(s) 'example_short_circuit_decorator' retrieved from /home/airflow/.local/lib/python3.12/site-packages/airflow/example_dags/example_short_circuit_decorator.py
[2024-11-04T14:39:02.890+0000] {logging_mixin.py:190} INFO - [2024-11-04T14:39:02.890+0000] {dag.py:3239} INFO - Sync 1 DAGs
[2024-11-04T14:39:02.909+0000] {logging_mixin.py:190} INFO - [2024-11-04T14:39:02.909+0000] {dag.py:4180} INFO - Setting next_dagrun for example_short_circuit_decorator to None, run_after=None
[2024-11-04T14:39:02.938+0000] {processor.py:208} INFO - Processing /home/airflow/.local/lib/python3.12/site-packages/airflow/example_dags/example_short_circuit_decorator.py took 0.109 seconds
[2024-11-04T14:39:33.596+0000] {processor.py:186} INFO - Started process (PID=2012) to work on /home/airflow/.local/lib/python3.12/site-packages/airflow/example_dags/example_short_circuit_decorator.py
[2024-11-04T14:39:33.597+0000] {processor.py:914} INFO - Processing file /home/airflow/.local/lib/python3.12/site-packages/airflow/example_dags/example_short_circuit_decorator.py for tasks to queue
[2024-11-04T14:39:33.599+0000] {logging_mixin.py:190} INFO - [2024-11-04T14:39:33.599+0000] {dagbag.py:588} INFO - Filling up the DagBag from /home/airflow/.local/lib/python3.12/site-packages/airflow/example_dags/example_short_circuit_decorator.py
[2024-11-04T14:39:33.609+0000] {processor.py:925} INFO - DAG(s) 'example_short_circuit_decorator' retrieved from /home/airflow/.local/lib/python3.12/site-packages/airflow/example_dags/example_short_circuit_decorator.py
[2024-11-04T14:39:33.638+0000] {logging_mixin.py:190} INFO - [2024-11-04T14:39:33.638+0000] {dag.py:3239} INFO - Sync 1 DAGs
[2024-11-04T14:39:33.655+0000] {logging_mixin.py:190} INFO - [2024-11-04T14:39:33.655+0000] {dag.py:4180} INFO - Setting next_dagrun for example_short_circuit_decorator to None, run_after=None
[2024-11-04T14:39:33.676+0000] {processor.py:208} INFO - Processing /home/airflow/.local/lib/python3.12/site-packages/airflow/example_dags/example_short_circuit_decorator.py took 0.086 seconds
[2024-11-04T14:40:03.928+0000] {processor.py:186} INFO - Started process (PID=2298) to work on /home/airflow/.local/lib/python3.12/site-packages/airflow/example_dags/example_short_circuit_decorator.py
[2024-11-04T14:40:03.929+0000] {processor.py:914} INFO - Processing file /home/airflow/.local/lib/python3.12/site-packages/airflow/example_dags/example_short_circuit_decorator.py for tasks to queue
[2024-11-04T14:40:03.932+0000] {logging_mixin.py:190} INFO - [2024-11-04T14:40:03.932+0000] {dagbag.py:588} INFO - Filling up the DagBag from /home/airflow/.local/lib/python3.12/site-packages/airflow/example_dags/example_short_circuit_decorator.py
[2024-11-04T14:40:03.944+0000] {processor.py:925} INFO - DAG(s) 'example_short_circuit_decorator' retrieved from /home/airflow/.local/lib/python3.12/site-packages/airflow/example_dags/example_short_circuit_decorator.py
[2024-11-04T14:40:03.969+0000] {logging_mixin.py:190} INFO - [2024-11-04T14:40:03.968+0000] {dag.py:3239} INFO - Sync 1 DAGs
[2024-11-04T14:40:03.982+0000] {logging_mixin.py:190} INFO - [2024-11-04T14:40:03.982+0000] {dag.py:4180} INFO - Setting next_dagrun for example_short_circuit_decorator to None, run_after=None
[2024-11-04T14:40:04.006+0000] {processor.py:208} INFO - Processing /home/airflow/.local/lib/python3.12/site-packages/airflow/example_dags/example_short_circuit_decorator.py took 0.084 seconds
[2024-11-04T14:40:34.087+0000] {processor.py:186} INFO - Started process (PID=2584) to work on /home/airflow/.local/lib/python3.12/site-packages/airflow/example_dags/example_short_circuit_decorator.py
[2024-11-04T14:40:34.088+0000] {processor.py:914} INFO - Processing file /home/airflow/.local/lib/python3.12/site-packages/airflow/example_dags/example_short_circuit_decorator.py for tasks to queue
[2024-11-04T14:40:34.090+0000] {logging_mixin.py:190} INFO - [2024-11-04T14:40:34.090+0000] {dagbag.py:588} INFO - Filling up the DagBag from /home/airflow/.local/lib/python3.12/site-packages/airflow/example_dags/example_short_circuit_decorator.py
[2024-11-04T14:40:34.098+0000] {processor.py:925} INFO - DAG(s) 'example_short_circuit_decorator' retrieved from /home/airflow/.local/lib/python3.12/site-packages/airflow/example_dags/example_short_circuit_decorator.py
[2024-11-04T14:40:34.121+0000] {logging_mixin.py:190} INFO - [2024-11-04T14:40:34.121+0000] {dag.py:3239} INFO - Sync 1 DAGs
[2024-11-04T14:40:34.134+0000] {logging_mixin.py:190} INFO - [2024-11-04T14:40:34.134+0000] {dag.py:4180} INFO - Setting next_dagrun for example_short_circuit_decorator to None, run_after=None
[2024-11-04T14:40:34.152+0000] {processor.py:208} INFO - Processing /home/airflow/.local/lib/python3.12/site-packages/airflow/example_dags/example_short_circuit_decorator.py took 0.070 seconds
[2024-11-04T14:41:05.612+0000] {processor.py:186} INFO - Started process (PID=2872) to work on /home/airflow/.local/lib/python3.12/site-packages/airflow/example_dags/example_short_circuit_decorator.py
[2024-11-04T14:41:05.616+0000] {processor.py:914} INFO - Processing file /home/airflow/.local/lib/python3.12/site-packages/airflow/example_dags/example_short_circuit_decorator.py for tasks to queue
[2024-11-04T14:41:05.623+0000] {logging_mixin.py:190} INFO - [2024-11-04T14:41:05.622+0000] {dagbag.py:588} INFO - Filling up the DagBag from /home/airflow/.local/lib/python3.12/site-packages/airflow/example_dags/example_short_circuit_decorator.py
[2024-11-04T14:41:05.652+0000] {processor.py:925} INFO - DAG(s) 'example_short_circuit_decorator' retrieved from /home/airflow/.local/lib/python3.12/site-packages/airflow/example_dags/example_short_circuit_decorator.py
[2024-11-04T14:41:05.755+0000] {logging_mixin.py:190} INFO - [2024-11-04T14:41:05.754+0000] {dag.py:3239} INFO - Sync 1 DAGs
[2024-11-04T14:41:05.838+0000] {logging_mixin.py:190} INFO - [2024-11-04T14:41:05.838+0000] {dag.py:4180} INFO - Setting next_dagrun for example_short_circuit_decorator to None, run_after=None
[2024-11-04T14:41:05.932+0000] {processor.py:208} INFO - Processing /home/airflow/.local/lib/python3.12/site-packages/airflow/example_dags/example_short_circuit_decorator.py took 0.334 seconds
[2024-11-04T14:41:36.097+0000] {processor.py:186} INFO - Started process (PID=3158) to work on /home/airflow/.local/lib/python3.12/site-packages/airflow/example_dags/example_short_circuit_decorator.py
[2024-11-04T14:41:36.100+0000] {processor.py:914} INFO - Processing file /home/airflow/.local/lib/python3.12/site-packages/airflow/example_dags/example_short_circuit_decorator.py for tasks to queue
[2024-11-04T14:41:36.105+0000] {logging_mixin.py:190} INFO - [2024-11-04T14:41:36.104+0000] {dagbag.py:588} INFO - Filling up the DagBag from /home/airflow/.local/lib/python3.12/site-packages/airflow/example_dags/example_short_circuit_decorator.py
[2024-11-04T14:41:36.128+0000] {processor.py:925} INFO - DAG(s) 'example_short_circuit_decorator' retrieved from /home/airflow/.local/lib/python3.12/site-packages/airflow/example_dags/example_short_circuit_decorator.py
[2024-11-04T14:41:36.169+0000] {logging_mixin.py:190} INFO - [2024-11-04T14:41:36.168+0000] {dag.py:3239} INFO - Sync 1 DAGs
[2024-11-04T14:41:36.208+0000] {logging_mixin.py:190} INFO - [2024-11-04T14:41:36.208+0000] {dag.py:4180} INFO - Setting next_dagrun for example_short_circuit_decorator to None, run_after=None
[2024-11-04T14:41:36.260+0000] {processor.py:208} INFO - Processing /home/airflow/.local/lib/python3.12/site-packages/airflow/example_dags/example_short_circuit_decorator.py took 0.176 seconds
[2024-11-04T14:42:06.690+0000] {processor.py:186} INFO - Started process (PID=3444) to work on /home/airflow/.local/lib/python3.12/site-packages/airflow/example_dags/example_short_circuit_decorator.py
[2024-11-04T14:42:06.691+0000] {processor.py:914} INFO - Processing file /home/airflow/.local/lib/python3.12/site-packages/airflow/example_dags/example_short_circuit_decorator.py for tasks to queue
[2024-11-04T14:42:06.694+0000] {logging_mixin.py:190} INFO - [2024-11-04T14:42:06.694+0000] {dagbag.py:588} INFO - Filling up the DagBag from /home/airflow/.local/lib/python3.12/site-packages/airflow/example_dags/example_short_circuit_decorator.py
[2024-11-04T14:42:06.704+0000] {processor.py:925} INFO - DAG(s) 'example_short_circuit_decorator' retrieved from /home/airflow/.local/lib/python3.12/site-packages/airflow/example_dags/example_short_circuit_decorator.py
[2024-11-04T14:42:06.730+0000] {logging_mixin.py:190} INFO - [2024-11-04T14:42:06.730+0000] {dag.py:3239} INFO - Sync 1 DAGs
[2024-11-04T14:42:06.744+0000] {logging_mixin.py:190} INFO - [2024-11-04T14:42:06.743+0000] {dag.py:4180} INFO - Setting next_dagrun for example_short_circuit_decorator to None, run_after=None
[2024-11-04T14:42:06.764+0000] {processor.py:208} INFO - Processing /home/airflow/.local/lib/python3.12/site-packages/airflow/example_dags/example_short_circuit_decorator.py took 0.081 seconds
[2024-11-04T14:42:37.245+0000] {processor.py:186} INFO - Started process (PID=3729) to work on /home/airflow/.local/lib/python3.12/site-packages/airflow/example_dags/example_short_circuit_decorator.py
[2024-11-04T14:42:37.246+0000] {processor.py:914} INFO - Processing file /home/airflow/.local/lib/python3.12/site-packages/airflow/example_dags/example_short_circuit_decorator.py for tasks to queue
[2024-11-04T14:42:37.249+0000] {logging_mixin.py:190} INFO - [2024-11-04T14:42:37.248+0000] {dagbag.py:588} INFO - Filling up the DagBag from /home/airflow/.local/lib/python3.12/site-packages/airflow/example_dags/example_short_circuit_decorator.py
[2024-11-04T14:42:37.257+0000] {processor.py:925} INFO - DAG(s) 'example_short_circuit_decorator' retrieved from /home/airflow/.local/lib/python3.12/site-packages/airflow/example_dags/example_short_circuit_decorator.py
[2024-11-04T14:42:37.275+0000] {logging_mixin.py:190} INFO - [2024-11-04T14:42:37.274+0000] {dag.py:3239} INFO - Sync 1 DAGs
[2024-11-04T14:42:37.286+0000] {logging_mixin.py:190} INFO - [2024-11-04T14:42:37.286+0000] {dag.py:4180} INFO - Setting next_dagrun for example_short_circuit_decorator to None, run_after=None
[2024-11-04T14:42:37.304+0000] {processor.py:208} INFO - Processing /home/airflow/.local/lib/python3.12/site-packages/airflow/example_dags/example_short_circuit_decorator.py took 0.064 seconds
[2024-11-04T14:43:07.908+0000] {processor.py:186} INFO - Started process (PID=4013) to work on /home/airflow/.local/lib/python3.12/site-packages/airflow/example_dags/example_short_circuit_decorator.py
[2024-11-04T14:43:07.909+0000] {processor.py:914} INFO - Processing file /home/airflow/.local/lib/python3.12/site-packages/airflow/example_dags/example_short_circuit_decorator.py for tasks to queue
[2024-11-04T14:43:07.911+0000] {logging_mixin.py:190} INFO - [2024-11-04T14:43:07.911+0000] {dagbag.py:588} INFO - Filling up the DagBag from /home/airflow/.local/lib/python3.12/site-packages/airflow/example_dags/example_short_circuit_decorator.py
[2024-11-04T14:43:07.921+0000] {processor.py:925} INFO - DAG(s) 'example_short_circuit_decorator' retrieved from /home/airflow/.local/lib/python3.12/site-packages/airflow/example_dags/example_short_circuit_decorator.py
[2024-11-04T14:43:07.941+0000] {logging_mixin.py:190} INFO - [2024-11-04T14:43:07.940+0000] {dag.py:3239} INFO - Sync 1 DAGs
[2024-11-04T14:43:07.953+0000] {logging_mixin.py:190} INFO - [2024-11-04T14:43:07.952+0000] {dag.py:4180} INFO - Setting next_dagrun for example_short_circuit_decorator to None, run_after=None
[2024-11-04T14:43:07.971+0000] {processor.py:208} INFO - Processing /home/airflow/.local/lib/python3.12/site-packages/airflow/example_dags/example_short_circuit_decorator.py took 0.069 seconds
[2024-11-04T14:44:56.436+0000] {processor.py:186} INFO - Started process (PID=296) to work on /home/airflow/.local/lib/python3.12/site-packages/airflow/example_dags/example_short_circuit_decorator.py
[2024-11-04T14:44:56.438+0000] {processor.py:914} INFO - Processing file /home/airflow/.local/lib/python3.12/site-packages/airflow/example_dags/example_short_circuit_decorator.py for tasks to queue
[2024-11-04T14:44:56.442+0000] {logging_mixin.py:190} INFO - [2024-11-04T14:44:56.441+0000] {dagbag.py:588} INFO - Filling up the DagBag from /home/airflow/.local/lib/python3.12/site-packages/airflow/example_dags/example_short_circuit_decorator.py
[2024-11-04T14:44:56.458+0000] {processor.py:925} INFO - DAG(s) 'example_short_circuit_decorator' retrieved from /home/airflow/.local/lib/python3.12/site-packages/airflow/example_dags/example_short_circuit_decorator.py
[2024-11-04T14:44:56.620+0000] {logging_mixin.py:190} INFO - [2024-11-04T14:44:56.619+0000] {override.py:1900} INFO - Created Permission View: can delete on DAG:example_short_circuit_decorator
[2024-11-04T14:44:56.638+0000] {logging_mixin.py:190} INFO - [2024-11-04T14:44:56.637+0000] {override.py:1900} INFO - Created Permission View: can read on DAG:example_short_circuit_decorator
[2024-11-04T14:44:56.650+0000] {logging_mixin.py:190} INFO - [2024-11-04T14:44:56.650+0000] {override.py:1900} INFO - Created Permission View: can edit on DAG:example_short_circuit_decorator
[2024-11-04T14:44:56.664+0000] {logging_mixin.py:190} INFO - [2024-11-04T14:44:56.664+0000] {override.py:1900} INFO - Created Permission View: can create on DAG Run:example_short_circuit_decorator
[2024-11-04T14:44:56.676+0000] {logging_mixin.py:190} INFO - [2024-11-04T14:44:56.676+0000] {override.py:1900} INFO - Created Permission View: can delete on DAG Run:example_short_circuit_decorator
[2024-11-04T14:44:56.689+0000] {logging_mixin.py:190} INFO - [2024-11-04T14:44:56.688+0000] {override.py:1900} INFO - Created Permission View: menu access on DAG Run:example_short_circuit_decorator
[2024-11-04T14:44:56.702+0000] {logging_mixin.py:190} INFO - [2024-11-04T14:44:56.701+0000] {override.py:1900} INFO - Created Permission View: can read on DAG Run:example_short_circuit_decorator
[2024-11-04T14:44:56.703+0000] {logging_mixin.py:190} INFO - [2024-11-04T14:44:56.703+0000] {dag.py:3239} INFO - Sync 1 DAGs
[2024-11-04T14:44:56.722+0000] {logging_mixin.py:190} INFO - [2024-11-04T14:44:56.722+0000] {dag.py:3262} INFO - Creating ORM DAG for example_short_circuit_decorator
[2024-11-04T14:44:56.724+0000] {logging_mixin.py:190} INFO - [2024-11-04T14:44:56.724+0000] {dag.py:4180} INFO - Setting next_dagrun for example_short_circuit_decorator to None, run_after=None
[2024-11-04T14:44:56.751+0000] {processor.py:208} INFO - Processing /home/airflow/.local/lib/python3.12/site-packages/airflow/example_dags/example_short_circuit_decorator.py took 0.325 seconds
[2024-11-04T14:45:26.871+0000] {processor.py:186} INFO - Started process (PID=584) to work on /home/airflow/.local/lib/python3.12/site-packages/airflow/example_dags/example_short_circuit_decorator.py
[2024-11-04T14:45:26.873+0000] {processor.py:914} INFO - Processing file /home/airflow/.local/lib/python3.12/site-packages/airflow/example_dags/example_short_circuit_decorator.py for tasks to queue
[2024-11-04T14:45:26.877+0000] {logging_mixin.py:190} INFO - [2024-11-04T14:45:26.877+0000] {dagbag.py:588} INFO - Filling up the DagBag from /home/airflow/.local/lib/python3.12/site-packages/airflow/example_dags/example_short_circuit_decorator.py
[2024-11-04T14:45:26.892+0000] {processor.py:925} INFO - DAG(s) 'example_short_circuit_decorator' retrieved from /home/airflow/.local/lib/python3.12/site-packages/airflow/example_dags/example_short_circuit_decorator.py
[2024-11-04T14:45:26.928+0000] {logging_mixin.py:190} INFO - [2024-11-04T14:45:26.928+0000] {dag.py:3239} INFO - Sync 1 DAGs
[2024-11-04T14:45:26.950+0000] {logging_mixin.py:190} INFO - [2024-11-04T14:45:26.950+0000] {dag.py:4180} INFO - Setting next_dagrun for example_short_circuit_decorator to None, run_after=None
[2024-11-04T14:45:26.981+0000] {processor.py:208} INFO - Processing /home/airflow/.local/lib/python3.12/site-packages/airflow/example_dags/example_short_circuit_decorator.py took 0.120 seconds
[2024-11-04T14:45:57.190+0000] {processor.py:186} INFO - Started process (PID=868) to work on /home/airflow/.local/lib/python3.12/site-packages/airflow/example_dags/example_short_circuit_decorator.py
[2024-11-04T14:45:57.191+0000] {processor.py:914} INFO - Processing file /home/airflow/.local/lib/python3.12/site-packages/airflow/example_dags/example_short_circuit_decorator.py for tasks to queue
[2024-11-04T14:45:57.194+0000] {logging_mixin.py:190} INFO - [2024-11-04T14:45:57.194+0000] {dagbag.py:588} INFO - Filling up the DagBag from /home/airflow/.local/lib/python3.12/site-packages/airflow/example_dags/example_short_circuit_decorator.py
[2024-11-04T14:45:57.202+0000] {processor.py:925} INFO - DAG(s) 'example_short_circuit_decorator' retrieved from /home/airflow/.local/lib/python3.12/site-packages/airflow/example_dags/example_short_circuit_decorator.py
[2024-11-04T14:45:57.226+0000] {logging_mixin.py:190} INFO - [2024-11-04T14:45:57.225+0000] {dag.py:3239} INFO - Sync 1 DAGs
[2024-11-04T14:45:57.239+0000] {logging_mixin.py:190} INFO - [2024-11-04T14:45:57.238+0000] {dag.py:4180} INFO - Setting next_dagrun for example_short_circuit_decorator to None, run_after=None
[2024-11-04T14:45:57.259+0000] {processor.py:208} INFO - Processing /home/airflow/.local/lib/python3.12/site-packages/airflow/example_dags/example_short_circuit_decorator.py took 0.074 seconds
[2024-11-04T14:46:27.485+0000] {processor.py:186} INFO - Started process (PID=1154) to work on /home/airflow/.local/lib/python3.12/site-packages/airflow/example_dags/example_short_circuit_decorator.py
[2024-11-04T14:46:27.486+0000] {processor.py:914} INFO - Processing file /home/airflow/.local/lib/python3.12/site-packages/airflow/example_dags/example_short_circuit_decorator.py for tasks to queue
[2024-11-04T14:46:27.489+0000] {logging_mixin.py:190} INFO - [2024-11-04T14:46:27.489+0000] {dagbag.py:588} INFO - Filling up the DagBag from /home/airflow/.local/lib/python3.12/site-packages/airflow/example_dags/example_short_circuit_decorator.py
[2024-11-04T14:46:27.499+0000] {processor.py:925} INFO - DAG(s) 'example_short_circuit_decorator' retrieved from /home/airflow/.local/lib/python3.12/site-packages/airflow/example_dags/example_short_circuit_decorator.py
[2024-11-04T14:46:27.526+0000] {logging_mixin.py:190} INFO - [2024-11-04T14:46:27.525+0000] {dag.py:3239} INFO - Sync 1 DAGs
[2024-11-04T14:46:27.541+0000] {logging_mixin.py:190} INFO - [2024-11-04T14:46:27.540+0000] {dag.py:4180} INFO - Setting next_dagrun for example_short_circuit_decorator to None, run_after=None
[2024-11-04T14:46:27.563+0000] {processor.py:208} INFO - Processing /home/airflow/.local/lib/python3.12/site-packages/airflow/example_dags/example_short_circuit_decorator.py took 0.085 seconds
[2024-11-04T14:46:58.045+0000] {processor.py:186} INFO - Started process (PID=1440) to work on /home/airflow/.local/lib/python3.12/site-packages/airflow/example_dags/example_short_circuit_decorator.py
[2024-11-04T14:46:58.046+0000] {processor.py:914} INFO - Processing file /home/airflow/.local/lib/python3.12/site-packages/airflow/example_dags/example_short_circuit_decorator.py for tasks to queue
[2024-11-04T14:46:58.048+0000] {logging_mixin.py:190} INFO - [2024-11-04T14:46:58.048+0000] {dagbag.py:588} INFO - Filling up the DagBag from /home/airflow/.local/lib/python3.12/site-packages/airflow/example_dags/example_short_circuit_decorator.py
[2024-11-04T14:46:58.058+0000] {processor.py:925} INFO - DAG(s) 'example_short_circuit_decorator' retrieved from /home/airflow/.local/lib/python3.12/site-packages/airflow/example_dags/example_short_circuit_decorator.py
[2024-11-04T14:46:58.082+0000] {logging_mixin.py:190} INFO - [2024-11-04T14:46:58.081+0000] {dag.py:3239} INFO - Sync 1 DAGs
[2024-11-04T14:46:58.099+0000] {logging_mixin.py:190} INFO - [2024-11-04T14:46:58.098+0000] {dag.py:4180} INFO - Setting next_dagrun for example_short_circuit_decorator to None, run_after=None
[2024-11-04T14:46:58.123+0000] {processor.py:208} INFO - Processing /home/airflow/.local/lib/python3.12/site-packages/airflow/example_dags/example_short_circuit_decorator.py took 0.084 seconds
[2024-11-04T14:49:15.717+0000] {processor.py:186} INFO - Started process (PID=289) to work on /home/airflow/.local/lib/python3.12/site-packages/airflow/example_dags/example_short_circuit_decorator.py
[2024-11-04T14:49:15.719+0000] {processor.py:914} INFO - Processing file /home/airflow/.local/lib/python3.12/site-packages/airflow/example_dags/example_short_circuit_decorator.py for tasks to queue
[2024-11-04T14:49:15.723+0000] {logging_mixin.py:190} INFO - [2024-11-04T14:49:15.723+0000] {dagbag.py:588} INFO - Filling up the DagBag from /home/airflow/.local/lib/python3.12/site-packages/airflow/example_dags/example_short_circuit_decorator.py
[2024-11-04T14:49:15.738+0000] {processor.py:925} INFO - DAG(s) 'example_short_circuit_decorator' retrieved from /home/airflow/.local/lib/python3.12/site-packages/airflow/example_dags/example_short_circuit_decorator.py
[2024-11-04T14:49:15.896+0000] {logging_mixin.py:190} INFO - [2024-11-04T14:49:15.895+0000] {override.py:1900} INFO - Created Permission View: can edit on DAG:example_short_circuit_decorator
[2024-11-04T14:49:15.912+0000] {logging_mixin.py:190} INFO - [2024-11-04T14:49:15.911+0000] {override.py:1900} INFO - Created Permission View: can delete on DAG:example_short_circuit_decorator
[2024-11-04T14:49:15.923+0000] {logging_mixin.py:190} INFO - [2024-11-04T14:49:15.923+0000] {override.py:1900} INFO - Created Permission View: can read on DAG:example_short_circuit_decorator
[2024-11-04T14:49:15.937+0000] {logging_mixin.py:190} INFO - [2024-11-04T14:49:15.936+0000] {override.py:1900} INFO - Created Permission View: can create on DAG Run:example_short_circuit_decorator
[2024-11-04T14:49:15.949+0000] {logging_mixin.py:190} INFO - [2024-11-04T14:49:15.949+0000] {override.py:1900} INFO - Created Permission View: can read on DAG Run:example_short_circuit_decorator
[2024-11-04T14:49:15.961+0000] {logging_mixin.py:190} INFO - [2024-11-04T14:49:15.960+0000] {override.py:1900} INFO - Created Permission View: can delete on DAG Run:example_short_circuit_decorator
[2024-11-04T14:49:15.972+0000] {logging_mixin.py:190} INFO - [2024-11-04T14:49:15.971+0000] {override.py:1900} INFO - Created Permission View: menu access on DAG Run:example_short_circuit_decorator
[2024-11-04T14:49:15.973+0000] {logging_mixin.py:190} INFO - [2024-11-04T14:49:15.973+0000] {dag.py:3239} INFO - Sync 1 DAGs
[2024-11-04T14:49:15.991+0000] {logging_mixin.py:190} INFO - [2024-11-04T14:49:15.990+0000] {dag.py:3262} INFO - Creating ORM DAG for example_short_circuit_decorator
[2024-11-04T14:49:15.992+0000] {logging_mixin.py:190} INFO - [2024-11-04T14:49:15.992+0000] {dag.py:4180} INFO - Setting next_dagrun for example_short_circuit_decorator to None, run_after=None
[2024-11-04T14:49:16.020+0000] {processor.py:208} INFO - Processing /home/airflow/.local/lib/python3.12/site-packages/airflow/example_dags/example_short_circuit_decorator.py took 0.310 seconds
