[2024-11-04T14:34:03.254+0000] {processor.py:186} INFO - Started process (PID=308) to work on /home/airflow/.local/lib/python3.12/site-packages/airflow/example_dags/example_short_circuit_operator.py
[2024-11-04T14:34:03.256+0000] {processor.py:914} INFO - Processing file /home/airflow/.local/lib/python3.12/site-packages/airflow/example_dags/example_short_circuit_operator.py for tasks to queue
[2024-11-04T14:34:03.261+0000] {logging_mixin.py:190} INFO - [2024-11-04T14:34:03.260+0000] {dagbag.py:588} INFO - Filling up the DagBag from /home/airflow/.local/lib/python3.12/site-packages/airflow/example_dags/example_short_circuit_operator.py
[2024-11-04T14:34:03.277+0000] {processor.py:925} INFO - DAG(s) 'example_short_circuit_operator' retrieved from /home/airflow/.local/lib/python3.12/site-packages/airflow/example_dags/example_short_circuit_operator.py
[2024-11-04T14:34:03.429+0000] {logging_mixin.py:190} INFO - [2024-11-04T14:34:03.427+0000] {override.py:1900} INFO - Created Permission View: can edit on DAG:example_short_circuit_operator
[2024-11-04T14:34:03.451+0000] {logging_mixin.py:190} INFO - [2024-11-04T14:34:03.450+0000] {override.py:1900} INFO - Created Permission View: can read on DAG:example_short_circuit_operator
[2024-11-04T14:34:03.465+0000] {logging_mixin.py:190} INFO - [2024-11-04T14:34:03.464+0000] {override.py:1900} INFO - Created Permission View: can delete on DAG:example_short_circuit_operator
[2024-11-04T14:34:03.478+0000] {logging_mixin.py:190} INFO - [2024-11-04T14:34:03.478+0000] {override.py:1900} INFO - Created Permission View: can read on DAG Run:example_short_circuit_operator
[2024-11-04T14:34:03.491+0000] {logging_mixin.py:190} INFO - [2024-11-04T14:34:03.491+0000] {override.py:1900} INFO - Created Permission View: can delete on DAG Run:example_short_circuit_operator
[2024-11-04T14:34:03.503+0000] {logging_mixin.py:190} INFO - [2024-11-04T14:34:03.503+0000] {override.py:1900} INFO - Created Permission View: menu access on DAG Run:example_short_circuit_operator
[2024-11-04T14:34:03.515+0000] {logging_mixin.py:190} INFO - [2024-11-04T14:34:03.515+0000] {override.py:1900} INFO - Created Permission View: can create on DAG Run:example_short_circuit_operator
[2024-11-04T14:34:03.517+0000] {logging_mixin.py:190} INFO - [2024-11-04T14:34:03.516+0000] {dag.py:3239} INFO - Sync 1 DAGs
[2024-11-04T14:34:03.533+0000] {logging_mixin.py:190} INFO - [2024-11-04T14:34:03.532+0000] {dag.py:3262} INFO - Creating ORM DAG for example_short_circuit_operator
[2024-11-04T14:34:03.534+0000] {logging_mixin.py:190} INFO - [2024-11-04T14:34:03.534+0000] {dag.py:4180} INFO - Setting next_dagrun for example_short_circuit_operator to None, run_after=None
[2024-11-04T14:34:03.561+0000] {processor.py:208} INFO - Processing /home/airflow/.local/lib/python3.12/site-packages/airflow/example_dags/example_short_circuit_operator.py took 0.315 seconds
[2024-11-04T14:34:34.393+0000] {processor.py:186} INFO - Started process (PID=603) to work on /home/airflow/.local/lib/python3.12/site-packages/airflow/example_dags/example_short_circuit_operator.py
[2024-11-04T14:34:34.395+0000] {processor.py:914} INFO - Processing file /home/airflow/.local/lib/python3.12/site-packages/airflow/example_dags/example_short_circuit_operator.py for tasks to queue
[2024-11-04T14:34:34.398+0000] {logging_mixin.py:190} INFO - [2024-11-04T14:34:34.397+0000] {dagbag.py:588} INFO - Filling up the DagBag from /home/airflow/.local/lib/python3.12/site-packages/airflow/example_dags/example_short_circuit_operator.py
[2024-11-04T14:34:34.406+0000] {processor.py:925} INFO - DAG(s) 'example_short_circuit_operator' retrieved from /home/airflow/.local/lib/python3.12/site-packages/airflow/example_dags/example_short_circuit_operator.py
[2024-11-04T14:34:34.430+0000] {logging_mixin.py:190} INFO - [2024-11-04T14:34:34.429+0000] {dag.py:3239} INFO - Sync 1 DAGs
[2024-11-04T14:34:34.442+0000] {logging_mixin.py:190} INFO - [2024-11-04T14:34:34.441+0000] {dag.py:4180} INFO - Setting next_dagrun for example_short_circuit_operator to None, run_after=None
[2024-11-04T14:34:34.464+0000] {processor.py:208} INFO - Processing /home/airflow/.local/lib/python3.12/site-packages/airflow/example_dags/example_short_circuit_operator.py took 0.077 seconds
[2024-11-04T14:35:04.640+0000] {processor.py:186} INFO - Started process (PID=889) to work on /home/airflow/.local/lib/python3.12/site-packages/airflow/example_dags/example_short_circuit_operator.py
[2024-11-04T14:35:04.642+0000] {processor.py:914} INFO - Processing file /home/airflow/.local/lib/python3.12/site-packages/airflow/example_dags/example_short_circuit_operator.py for tasks to queue
[2024-11-04T14:35:04.644+0000] {logging_mixin.py:190} INFO - [2024-11-04T14:35:04.644+0000] {dagbag.py:588} INFO - Filling up the DagBag from /home/airflow/.local/lib/python3.12/site-packages/airflow/example_dags/example_short_circuit_operator.py
[2024-11-04T14:35:04.651+0000] {processor.py:925} INFO - DAG(s) 'example_short_circuit_operator' retrieved from /home/airflow/.local/lib/python3.12/site-packages/airflow/example_dags/example_short_circuit_operator.py
[2024-11-04T14:35:04.671+0000] {logging_mixin.py:190} INFO - [2024-11-04T14:35:04.671+0000] {dag.py:3239} INFO - Sync 1 DAGs
[2024-11-04T14:35:04.683+0000] {logging_mixin.py:190} INFO - [2024-11-04T14:35:04.683+0000] {dag.py:4180} INFO - Setting next_dagrun for example_short_circuit_operator to None, run_after=None
[2024-11-04T14:35:04.702+0000] {processor.py:208} INFO - Processing /home/airflow/.local/lib/python3.12/site-packages/airflow/example_dags/example_short_circuit_operator.py took 0.068 seconds
[2024-11-04T14:36:30.372+0000] {processor.py:186} INFO - Started process (PID=315) to work on /home/airflow/.local/lib/python3.12/site-packages/airflow/example_dags/example_short_circuit_operator.py
[2024-11-04T14:36:30.374+0000] {processor.py:914} INFO - Processing file /home/airflow/.local/lib/python3.12/site-packages/airflow/example_dags/example_short_circuit_operator.py for tasks to queue
[2024-11-04T14:36:30.380+0000] {logging_mixin.py:190} INFO - [2024-11-04T14:36:30.379+0000] {dagbag.py:588} INFO - Filling up the DagBag from /home/airflow/.local/lib/python3.12/site-packages/airflow/example_dags/example_short_circuit_operator.py
[2024-11-04T14:36:30.401+0000] {processor.py:925} INFO - DAG(s) 'example_short_circuit_operator' retrieved from /home/airflow/.local/lib/python3.12/site-packages/airflow/example_dags/example_short_circuit_operator.py
[2024-11-04T14:36:30.680+0000] {logging_mixin.py:190} INFO - [2024-11-04T14:36:30.678+0000] {override.py:1900} INFO - Created Permission View: can delete on DAG:example_short_circuit_operator
[2024-11-04T14:36:30.710+0000] {logging_mixin.py:190} INFO - [2024-11-04T14:36:30.710+0000] {override.py:1900} INFO - Created Permission View: can read on DAG:example_short_circuit_operator
[2024-11-04T14:36:30.733+0000] {logging_mixin.py:190} INFO - [2024-11-04T14:36:30.732+0000] {override.py:1900} INFO - Created Permission View: can edit on DAG:example_short_circuit_operator
[2024-11-04T14:36:30.757+0000] {logging_mixin.py:190} INFO - [2024-11-04T14:36:30.756+0000] {override.py:1900} INFO - Created Permission View: can create on DAG Run:example_short_circuit_operator
[2024-11-04T14:36:30.778+0000] {logging_mixin.py:190} INFO - [2024-11-04T14:36:30.777+0000] {override.py:1900} INFO - Created Permission View: can delete on DAG Run:example_short_circuit_operator
[2024-11-04T14:36:30.799+0000] {logging_mixin.py:190} INFO - [2024-11-04T14:36:30.798+0000] {override.py:1900} INFO - Created Permission View: can read on DAG Run:example_short_circuit_operator
[2024-11-04T14:36:30.819+0000] {logging_mixin.py:190} INFO - [2024-11-04T14:36:30.819+0000] {override.py:1900} INFO - Created Permission View: menu access on DAG Run:example_short_circuit_operator
[2024-11-04T14:36:30.821+0000] {logging_mixin.py:190} INFO - [2024-11-04T14:36:30.821+0000] {dag.py:3239} INFO - Sync 1 DAGs
[2024-11-04T14:36:30.847+0000] {logging_mixin.py:190} INFO - [2024-11-04T14:36:30.846+0000] {dag.py:3262} INFO - Creating ORM DAG for example_short_circuit_operator
[2024-11-04T14:36:30.849+0000] {logging_mixin.py:190} INFO - [2024-11-04T14:36:30.848+0000] {dag.py:4180} INFO - Setting next_dagrun for example_short_circuit_operator to None, run_after=None
[2024-11-04T14:36:30.885+0000] {processor.py:208} INFO - Processing /home/airflow/.local/lib/python3.12/site-packages/airflow/example_dags/example_short_circuit_operator.py took 0.526 seconds
[2024-11-04T14:37:01.197+0000] {processor.py:186} INFO - Started process (PID=601) to work on /home/airflow/.local/lib/python3.12/site-packages/airflow/example_dags/example_short_circuit_operator.py
[2024-11-04T14:37:01.198+0000] {processor.py:914} INFO - Processing file /home/airflow/.local/lib/python3.12/site-packages/airflow/example_dags/example_short_circuit_operator.py for tasks to queue
[2024-11-04T14:37:01.201+0000] {logging_mixin.py:190} INFO - [2024-11-04T14:37:01.200+0000] {dagbag.py:588} INFO - Filling up the DagBag from /home/airflow/.local/lib/python3.12/site-packages/airflow/example_dags/example_short_circuit_operator.py
[2024-11-04T14:37:01.208+0000] {processor.py:925} INFO - DAG(s) 'example_short_circuit_operator' retrieved from /home/airflow/.local/lib/python3.12/site-packages/airflow/example_dags/example_short_circuit_operator.py
[2024-11-04T14:37:01.230+0000] {logging_mixin.py:190} INFO - [2024-11-04T14:37:01.230+0000] {dag.py:3239} INFO - Sync 1 DAGs
[2024-11-04T14:37:01.243+0000] {logging_mixin.py:190} INFO - [2024-11-04T14:37:01.242+0000] {dag.py:4180} INFO - Setting next_dagrun for example_short_circuit_operator to None, run_after=None
[2024-11-04T14:37:01.260+0000] {processor.py:208} INFO - Processing /home/airflow/.local/lib/python3.12/site-packages/airflow/example_dags/example_short_circuit_operator.py took 0.068 seconds
[2024-11-04T14:37:31.723+0000] {processor.py:186} INFO - Started process (PID=889) to work on /home/airflow/.local/lib/python3.12/site-packages/airflow/example_dags/example_short_circuit_operator.py
[2024-11-04T14:37:31.725+0000] {processor.py:914} INFO - Processing file /home/airflow/.local/lib/python3.12/site-packages/airflow/example_dags/example_short_circuit_operator.py for tasks to queue
[2024-11-04T14:37:31.728+0000] {logging_mixin.py:190} INFO - [2024-11-04T14:37:31.728+0000] {dagbag.py:588} INFO - Filling up the DagBag from /home/airflow/.local/lib/python3.12/site-packages/airflow/example_dags/example_short_circuit_operator.py
[2024-11-04T14:37:31.740+0000] {processor.py:925} INFO - DAG(s) 'example_short_circuit_operator' retrieved from /home/airflow/.local/lib/python3.12/site-packages/airflow/example_dags/example_short_circuit_operator.py
[2024-11-04T14:37:31.778+0000] {logging_mixin.py:190} INFO - [2024-11-04T14:37:31.777+0000] {dag.py:3239} INFO - Sync 1 DAGs
[2024-11-04T14:37:31.798+0000] {logging_mixin.py:190} INFO - [2024-11-04T14:37:31.798+0000] {dag.py:4180} INFO - Setting next_dagrun for example_short_circuit_operator to None, run_after=None
[2024-11-04T14:37:31.835+0000] {processor.py:208} INFO - Processing /home/airflow/.local/lib/python3.12/site-packages/airflow/example_dags/example_short_circuit_operator.py took 0.119 seconds
[2024-11-04T14:38:02.099+0000] {processor.py:186} INFO - Started process (PID=1175) to work on /home/airflow/.local/lib/python3.12/site-packages/airflow/example_dags/example_short_circuit_operator.py
[2024-11-04T14:38:02.103+0000] {processor.py:914} INFO - Processing file /home/airflow/.local/lib/python3.12/site-packages/airflow/example_dags/example_short_circuit_operator.py for tasks to queue
[2024-11-04T14:38:02.110+0000] {logging_mixin.py:190} INFO - [2024-11-04T14:38:02.109+0000] {dagbag.py:588} INFO - Filling up the DagBag from /home/airflow/.local/lib/python3.12/site-packages/airflow/example_dags/example_short_circuit_operator.py
[2024-11-04T14:38:02.129+0000] {processor.py:925} INFO - DAG(s) 'example_short_circuit_operator' retrieved from /home/airflow/.local/lib/python3.12/site-packages/airflow/example_dags/example_short_circuit_operator.py
[2024-11-04T14:38:02.175+0000] {logging_mixin.py:190} INFO - [2024-11-04T14:38:02.175+0000] {dag.py:3239} INFO - Sync 1 DAGs
[2024-11-04T14:38:02.209+0000] {logging_mixin.py:190} INFO - [2024-11-04T14:38:02.208+0000] {dag.py:4180} INFO - Setting next_dagrun for example_short_circuit_operator to None, run_after=None
[2024-11-04T14:38:02.257+0000] {processor.py:208} INFO - Processing /home/airflow/.local/lib/python3.12/site-packages/airflow/example_dags/example_short_circuit_operator.py took 0.173 seconds
[2024-11-04T14:38:32.330+0000] {processor.py:186} INFO - Started process (PID=1460) to work on /home/airflow/.local/lib/python3.12/site-packages/airflow/example_dags/example_short_circuit_operator.py
[2024-11-04T14:38:32.332+0000] {processor.py:914} INFO - Processing file /home/airflow/.local/lib/python3.12/site-packages/airflow/example_dags/example_short_circuit_operator.py for tasks to queue
[2024-11-04T14:38:32.334+0000] {logging_mixin.py:190} INFO - [2024-11-04T14:38:32.334+0000] {dagbag.py:588} INFO - Filling up the DagBag from /home/airflow/.local/lib/python3.12/site-packages/airflow/example_dags/example_short_circuit_operator.py
[2024-11-04T14:38:32.342+0000] {processor.py:925} INFO - DAG(s) 'example_short_circuit_operator' retrieved from /home/airflow/.local/lib/python3.12/site-packages/airflow/example_dags/example_short_circuit_operator.py
[2024-11-04T14:38:32.362+0000] {logging_mixin.py:190} INFO - [2024-11-04T14:38:32.362+0000] {dag.py:3239} INFO - Sync 1 DAGs
[2024-11-04T14:38:32.375+0000] {logging_mixin.py:190} INFO - [2024-11-04T14:38:32.375+0000] {dag.py:4180} INFO - Setting next_dagrun for example_short_circuit_operator to None, run_after=None
[2024-11-04T14:38:32.395+0000] {processor.py:208} INFO - Processing /home/airflow/.local/lib/python3.12/site-packages/airflow/example_dags/example_short_circuit_operator.py took 0.069 seconds
[2024-11-04T14:39:03.166+0000] {processor.py:186} INFO - Started process (PID=1746) to work on /home/airflow/.local/lib/python3.12/site-packages/airflow/example_dags/example_short_circuit_operator.py
[2024-11-04T14:39:03.168+0000] {processor.py:914} INFO - Processing file /home/airflow/.local/lib/python3.12/site-packages/airflow/example_dags/example_short_circuit_operator.py for tasks to queue
[2024-11-04T14:39:03.171+0000] {logging_mixin.py:190} INFO - [2024-11-04T14:39:03.170+0000] {dagbag.py:588} INFO - Filling up the DagBag from /home/airflow/.local/lib/python3.12/site-packages/airflow/example_dags/example_short_circuit_operator.py
[2024-11-04T14:39:03.185+0000] {processor.py:925} INFO - DAG(s) 'example_short_circuit_operator' retrieved from /home/airflow/.local/lib/python3.12/site-packages/airflow/example_dags/example_short_circuit_operator.py
[2024-11-04T14:39:03.219+0000] {logging_mixin.py:190} INFO - [2024-11-04T14:39:03.219+0000] {dag.py:3239} INFO - Sync 1 DAGs
[2024-11-04T14:39:03.242+0000] {logging_mixin.py:190} INFO - [2024-11-04T14:39:03.242+0000] {dag.py:4180} INFO - Setting next_dagrun for example_short_circuit_operator to None, run_after=None
[2024-11-04T14:39:03.276+0000] {processor.py:208} INFO - Processing /home/airflow/.local/lib/python3.12/site-packages/airflow/example_dags/example_short_circuit_operator.py took 0.121 seconds
[2024-11-04T14:39:33.847+0000] {processor.py:186} INFO - Started process (PID=2032) to work on /home/airflow/.local/lib/python3.12/site-packages/airflow/example_dags/example_short_circuit_operator.py
[2024-11-04T14:39:33.848+0000] {processor.py:914} INFO - Processing file /home/airflow/.local/lib/python3.12/site-packages/airflow/example_dags/example_short_circuit_operator.py for tasks to queue
[2024-11-04T14:39:33.850+0000] {logging_mixin.py:190} INFO - [2024-11-04T14:39:33.850+0000] {dagbag.py:588} INFO - Filling up the DagBag from /home/airflow/.local/lib/python3.12/site-packages/airflow/example_dags/example_short_circuit_operator.py
[2024-11-04T14:39:33.860+0000] {processor.py:925} INFO - DAG(s) 'example_short_circuit_operator' retrieved from /home/airflow/.local/lib/python3.12/site-packages/airflow/example_dags/example_short_circuit_operator.py
[2024-11-04T14:39:33.883+0000] {logging_mixin.py:190} INFO - [2024-11-04T14:39:33.883+0000] {dag.py:3239} INFO - Sync 1 DAGs
[2024-11-04T14:39:33.897+0000] {logging_mixin.py:190} INFO - [2024-11-04T14:39:33.897+0000] {dag.py:4180} INFO - Setting next_dagrun for example_short_circuit_operator to None, run_after=None
[2024-11-04T14:39:33.916+0000] {processor.py:208} INFO - Processing /home/airflow/.local/lib/python3.12/site-packages/airflow/example_dags/example_short_circuit_operator.py took 0.075 seconds
[2024-11-04T14:40:04.396+0000] {processor.py:186} INFO - Started process (PID=2320) to work on /home/airflow/.local/lib/python3.12/site-packages/airflow/example_dags/example_short_circuit_operator.py
[2024-11-04T14:40:04.398+0000] {processor.py:914} INFO - Processing file /home/airflow/.local/lib/python3.12/site-packages/airflow/example_dags/example_short_circuit_operator.py for tasks to queue
[2024-11-04T14:40:04.403+0000] {logging_mixin.py:190} INFO - [2024-11-04T14:40:04.402+0000] {dagbag.py:588} INFO - Filling up the DagBag from /home/airflow/.local/lib/python3.12/site-packages/airflow/example_dags/example_short_circuit_operator.py
[2024-11-04T14:40:04.413+0000] {processor.py:925} INFO - DAG(s) 'example_short_circuit_operator' retrieved from /home/airflow/.local/lib/python3.12/site-packages/airflow/example_dags/example_short_circuit_operator.py
[2024-11-04T14:40:04.444+0000] {logging_mixin.py:190} INFO - [2024-11-04T14:40:04.444+0000] {dag.py:3239} INFO - Sync 1 DAGs
[2024-11-04T14:40:04.463+0000] {logging_mixin.py:190} INFO - [2024-11-04T14:40:04.462+0000] {dag.py:4180} INFO - Setting next_dagrun for example_short_circuit_operator to None, run_after=None
[2024-11-04T14:40:04.493+0000] {processor.py:208} INFO - Processing /home/airflow/.local/lib/python3.12/site-packages/airflow/example_dags/example_short_circuit_operator.py took 0.104 seconds
[2024-11-04T14:40:35.327+0000] {processor.py:186} INFO - Started process (PID=2604) to work on /home/airflow/.local/lib/python3.12/site-packages/airflow/example_dags/example_short_circuit_operator.py
[2024-11-04T14:40:35.328+0000] {processor.py:914} INFO - Processing file /home/airflow/.local/lib/python3.12/site-packages/airflow/example_dags/example_short_circuit_operator.py for tasks to queue
[2024-11-04T14:40:35.331+0000] {logging_mixin.py:190} INFO - [2024-11-04T14:40:35.331+0000] {dagbag.py:588} INFO - Filling up the DagBag from /home/airflow/.local/lib/python3.12/site-packages/airflow/example_dags/example_short_circuit_operator.py
[2024-11-04T14:40:35.339+0000] {processor.py:925} INFO - DAG(s) 'example_short_circuit_operator' retrieved from /home/airflow/.local/lib/python3.12/site-packages/airflow/example_dags/example_short_circuit_operator.py
[2024-11-04T14:40:35.362+0000] {logging_mixin.py:190} INFO - [2024-11-04T14:40:35.362+0000] {dag.py:3239} INFO - Sync 1 DAGs
[2024-11-04T14:40:35.381+0000] {logging_mixin.py:190} INFO - [2024-11-04T14:40:35.381+0000] {dag.py:4180} INFO - Setting next_dagrun for example_short_circuit_operator to None, run_after=None
[2024-11-04T14:40:35.406+0000] {processor.py:208} INFO - Processing /home/airflow/.local/lib/python3.12/site-packages/airflow/example_dags/example_short_circuit_operator.py took 0.084 seconds
[2024-11-04T14:41:07.399+0000] {processor.py:186} INFO - Started process (PID=2890) to work on /home/airflow/.local/lib/python3.12/site-packages/airflow/example_dags/example_short_circuit_operator.py
[2024-11-04T14:41:07.411+0000] {processor.py:914} INFO - Processing file /home/airflow/.local/lib/python3.12/site-packages/airflow/example_dags/example_short_circuit_operator.py for tasks to queue
[2024-11-04T14:41:07.420+0000] {logging_mixin.py:190} INFO - [2024-11-04T14:41:07.418+0000] {dagbag.py:588} INFO - Filling up the DagBag from /home/airflow/.local/lib/python3.12/site-packages/airflow/example_dags/example_short_circuit_operator.py
[2024-11-04T14:41:07.458+0000] {processor.py:925} INFO - DAG(s) 'example_short_circuit_operator' retrieved from /home/airflow/.local/lib/python3.12/site-packages/airflow/example_dags/example_short_circuit_operator.py
[2024-11-04T14:41:07.566+0000] {logging_mixin.py:190} INFO - [2024-11-04T14:41:07.563+0000] {dag.py:3239} INFO - Sync 1 DAGs
[2024-11-04T14:41:07.656+0000] {logging_mixin.py:190} INFO - [2024-11-04T14:41:07.655+0000] {dag.py:4180} INFO - Setting next_dagrun for example_short_circuit_operator to None, run_after=None
[2024-11-04T14:41:07.744+0000] {processor.py:208} INFO - Processing /home/airflow/.local/lib/python3.12/site-packages/airflow/example_dags/example_short_circuit_operator.py took 0.369 seconds
[2024-11-04T14:41:38.445+0000] {processor.py:186} INFO - Started process (PID=3178) to work on /home/airflow/.local/lib/python3.12/site-packages/airflow/example_dags/example_short_circuit_operator.py
[2024-11-04T14:41:38.448+0000] {processor.py:914} INFO - Processing file /home/airflow/.local/lib/python3.12/site-packages/airflow/example_dags/example_short_circuit_operator.py for tasks to queue
[2024-11-04T14:41:38.451+0000] {logging_mixin.py:190} INFO - [2024-11-04T14:41:38.451+0000] {dagbag.py:588} INFO - Filling up the DagBag from /home/airflow/.local/lib/python3.12/site-packages/airflow/example_dags/example_short_circuit_operator.py
[2024-11-04T14:41:38.464+0000] {processor.py:925} INFO - DAG(s) 'example_short_circuit_operator' retrieved from /home/airflow/.local/lib/python3.12/site-packages/airflow/example_dags/example_short_circuit_operator.py
[2024-11-04T14:41:38.498+0000] {logging_mixin.py:190} INFO - [2024-11-04T14:41:38.498+0000] {dag.py:3239} INFO - Sync 1 DAGs
[2024-11-04T14:41:38.519+0000] {logging_mixin.py:190} INFO - [2024-11-04T14:41:38.519+0000] {dag.py:4180} INFO - Setting next_dagrun for example_short_circuit_operator to None, run_after=None
[2024-11-04T14:41:38.548+0000] {processor.py:208} INFO - Processing /home/airflow/.local/lib/python3.12/site-packages/airflow/example_dags/example_short_circuit_operator.py took 0.111 seconds
[2024-11-04T14:42:08.863+0000] {processor.py:186} INFO - Started process (PID=3464) to work on /home/airflow/.local/lib/python3.12/site-packages/airflow/example_dags/example_short_circuit_operator.py
[2024-11-04T14:42:08.865+0000] {processor.py:914} INFO - Processing file /home/airflow/.local/lib/python3.12/site-packages/airflow/example_dags/example_short_circuit_operator.py for tasks to queue
[2024-11-04T14:42:08.868+0000] {logging_mixin.py:190} INFO - [2024-11-04T14:42:08.868+0000] {dagbag.py:588} INFO - Filling up the DagBag from /home/airflow/.local/lib/python3.12/site-packages/airflow/example_dags/example_short_circuit_operator.py
[2024-11-04T14:42:08.876+0000] {processor.py:925} INFO - DAG(s) 'example_short_circuit_operator' retrieved from /home/airflow/.local/lib/python3.12/site-packages/airflow/example_dags/example_short_circuit_operator.py
[2024-11-04T14:42:08.901+0000] {logging_mixin.py:190} INFO - [2024-11-04T14:42:08.901+0000] {dag.py:3239} INFO - Sync 1 DAGs
[2024-11-04T14:42:08.915+0000] {logging_mixin.py:190} INFO - [2024-11-04T14:42:08.915+0000] {dag.py:4180} INFO - Setting next_dagrun for example_short_circuit_operator to None, run_after=None
[2024-11-04T14:42:08.938+0000] {processor.py:208} INFO - Processing /home/airflow/.local/lib/python3.12/site-packages/airflow/example_dags/example_short_circuit_operator.py took 0.081 seconds
[2024-11-04T14:42:39.443+0000] {processor.py:186} INFO - Started process (PID=3749) to work on /home/airflow/.local/lib/python3.12/site-packages/airflow/example_dags/example_short_circuit_operator.py
[2024-11-04T14:42:39.445+0000] {processor.py:914} INFO - Processing file /home/airflow/.local/lib/python3.12/site-packages/airflow/example_dags/example_short_circuit_operator.py for tasks to queue
[2024-11-04T14:42:39.450+0000] {logging_mixin.py:190} INFO - [2024-11-04T14:42:39.449+0000] {dagbag.py:588} INFO - Filling up the DagBag from /home/airflow/.local/lib/python3.12/site-packages/airflow/example_dags/example_short_circuit_operator.py
[2024-11-04T14:42:39.464+0000] {processor.py:925} INFO - DAG(s) 'example_short_circuit_operator' retrieved from /home/airflow/.local/lib/python3.12/site-packages/airflow/example_dags/example_short_circuit_operator.py
[2024-11-04T14:42:39.488+0000] {logging_mixin.py:190} INFO - [2024-11-04T14:42:39.488+0000] {dag.py:3239} INFO - Sync 1 DAGs
[2024-11-04T14:42:39.512+0000] {logging_mixin.py:190} INFO - [2024-11-04T14:42:39.511+0000] {dag.py:4180} INFO - Setting next_dagrun for example_short_circuit_operator to None, run_after=None
[2024-11-04T14:42:39.537+0000] {processor.py:208} INFO - Processing /home/airflow/.local/lib/python3.12/site-packages/airflow/example_dags/example_short_circuit_operator.py took 0.100 seconds
[2024-11-04T14:43:10.091+0000] {processor.py:186} INFO - Started process (PID=4035) to work on /home/airflow/.local/lib/python3.12/site-packages/airflow/example_dags/example_short_circuit_operator.py
[2024-11-04T14:43:10.092+0000] {processor.py:914} INFO - Processing file /home/airflow/.local/lib/python3.12/site-packages/airflow/example_dags/example_short_circuit_operator.py for tasks to queue
[2024-11-04T14:43:10.095+0000] {logging_mixin.py:190} INFO - [2024-11-04T14:43:10.095+0000] {dagbag.py:588} INFO - Filling up the DagBag from /home/airflow/.local/lib/python3.12/site-packages/airflow/example_dags/example_short_circuit_operator.py
[2024-11-04T14:43:10.103+0000] {processor.py:925} INFO - DAG(s) 'example_short_circuit_operator' retrieved from /home/airflow/.local/lib/python3.12/site-packages/airflow/example_dags/example_short_circuit_operator.py
[2024-11-04T14:43:10.126+0000] {logging_mixin.py:190} INFO - [2024-11-04T14:43:10.125+0000] {dag.py:3239} INFO - Sync 1 DAGs
[2024-11-04T14:43:10.137+0000] {logging_mixin.py:190} INFO - [2024-11-04T14:43:10.137+0000] {dag.py:4180} INFO - Setting next_dagrun for example_short_circuit_operator to None, run_after=None
[2024-11-04T14:43:10.158+0000] {processor.py:208} INFO - Processing /home/airflow/.local/lib/python3.12/site-packages/airflow/example_dags/example_short_circuit_operator.py took 0.074 seconds
[2024-11-04T14:44:57.192+0000] {processor.py:186} INFO - Started process (PID=316) to work on /home/airflow/.local/lib/python3.12/site-packages/airflow/example_dags/example_short_circuit_operator.py
[2024-11-04T14:44:57.194+0000] {processor.py:914} INFO - Processing file /home/airflow/.local/lib/python3.12/site-packages/airflow/example_dags/example_short_circuit_operator.py for tasks to queue
[2024-11-04T14:44:57.198+0000] {logging_mixin.py:190} INFO - [2024-11-04T14:44:57.197+0000] {dagbag.py:588} INFO - Filling up the DagBag from /home/airflow/.local/lib/python3.12/site-packages/airflow/example_dags/example_short_circuit_operator.py
[2024-11-04T14:44:57.212+0000] {processor.py:925} INFO - DAG(s) 'example_short_circuit_operator' retrieved from /home/airflow/.local/lib/python3.12/site-packages/airflow/example_dags/example_short_circuit_operator.py
[2024-11-04T14:44:57.394+0000] {logging_mixin.py:190} INFO - [2024-11-04T14:44:57.393+0000] {override.py:1900} INFO - Created Permission View: can delete on DAG:example_short_circuit_operator
[2024-11-04T14:44:57.411+0000] {logging_mixin.py:190} INFO - [2024-11-04T14:44:57.410+0000] {override.py:1900} INFO - Created Permission View: can read on DAG:example_short_circuit_operator
[2024-11-04T14:44:57.423+0000] {logging_mixin.py:190} INFO - [2024-11-04T14:44:57.423+0000] {override.py:1900} INFO - Created Permission View: can edit on DAG:example_short_circuit_operator
[2024-11-04T14:44:57.438+0000] {logging_mixin.py:190} INFO - [2024-11-04T14:44:57.438+0000] {override.py:1900} INFO - Created Permission View: can create on DAG Run:example_short_circuit_operator
[2024-11-04T14:44:57.451+0000] {logging_mixin.py:190} INFO - [2024-11-04T14:44:57.451+0000] {override.py:1900} INFO - Created Permission View: can delete on DAG Run:example_short_circuit_operator
[2024-11-04T14:44:57.463+0000] {logging_mixin.py:190} INFO - [2024-11-04T14:44:57.463+0000] {override.py:1900} INFO - Created Permission View: menu access on DAG Run:example_short_circuit_operator
[2024-11-04T14:44:57.475+0000] {logging_mixin.py:190} INFO - [2024-11-04T14:44:57.474+0000] {override.py:1900} INFO - Created Permission View: can read on DAG Run:example_short_circuit_operator
[2024-11-04T14:44:57.476+0000] {logging_mixin.py:190} INFO - [2024-11-04T14:44:57.476+0000] {dag.py:3239} INFO - Sync 1 DAGs
[2024-11-04T14:44:57.494+0000] {logging_mixin.py:190} INFO - [2024-11-04T14:44:57.494+0000] {dag.py:3262} INFO - Creating ORM DAG for example_short_circuit_operator
[2024-11-04T14:44:57.496+0000] {logging_mixin.py:190} INFO - [2024-11-04T14:44:57.496+0000] {dag.py:4180} INFO - Setting next_dagrun for example_short_circuit_operator to None, run_after=None
[2024-11-04T14:44:57.522+0000] {processor.py:208} INFO - Processing /home/airflow/.local/lib/python3.12/site-packages/airflow/example_dags/example_short_circuit_operator.py took 0.341 seconds
[2024-11-04T14:45:28.435+0000] {processor.py:186} INFO - Started process (PID=604) to work on /home/airflow/.local/lib/python3.12/site-packages/airflow/example_dags/example_short_circuit_operator.py
[2024-11-04T14:45:28.437+0000] {processor.py:914} INFO - Processing file /home/airflow/.local/lib/python3.12/site-packages/airflow/example_dags/example_short_circuit_operator.py for tasks to queue
[2024-11-04T14:45:28.441+0000] {logging_mixin.py:190} INFO - [2024-11-04T14:45:28.441+0000] {dagbag.py:588} INFO - Filling up the DagBag from /home/airflow/.local/lib/python3.12/site-packages/airflow/example_dags/example_short_circuit_operator.py
[2024-11-04T14:45:28.450+0000] {processor.py:925} INFO - DAG(s) 'example_short_circuit_operator' retrieved from /home/airflow/.local/lib/python3.12/site-packages/airflow/example_dags/example_short_circuit_operator.py
[2024-11-04T14:45:28.477+0000] {logging_mixin.py:190} INFO - [2024-11-04T14:45:28.476+0000] {dag.py:3239} INFO - Sync 1 DAGs
[2024-11-04T14:45:28.492+0000] {logging_mixin.py:190} INFO - [2024-11-04T14:45:28.491+0000] {dag.py:4180} INFO - Setting next_dagrun for example_short_circuit_operator to None, run_after=None
[2024-11-04T14:45:28.511+0000] {processor.py:208} INFO - Processing /home/airflow/.local/lib/python3.12/site-packages/airflow/example_dags/example_short_circuit_operator.py took 0.082 seconds
[2024-11-04T14:45:58.588+0000] {processor.py:186} INFO - Started process (PID=890) to work on /home/airflow/.local/lib/python3.12/site-packages/airflow/example_dags/example_short_circuit_operator.py
[2024-11-04T14:45:58.589+0000] {processor.py:914} INFO - Processing file /home/airflow/.local/lib/python3.12/site-packages/airflow/example_dags/example_short_circuit_operator.py for tasks to queue
[2024-11-04T14:45:58.591+0000] {logging_mixin.py:190} INFO - [2024-11-04T14:45:58.591+0000] {dagbag.py:588} INFO - Filling up the DagBag from /home/airflow/.local/lib/python3.12/site-packages/airflow/example_dags/example_short_circuit_operator.py
[2024-11-04T14:45:58.598+0000] {processor.py:925} INFO - DAG(s) 'example_short_circuit_operator' retrieved from /home/airflow/.local/lib/python3.12/site-packages/airflow/example_dags/example_short_circuit_operator.py
[2024-11-04T14:45:58.621+0000] {logging_mixin.py:190} INFO - [2024-11-04T14:45:58.620+0000] {dag.py:3239} INFO - Sync 1 DAGs
[2024-11-04T14:45:58.634+0000] {logging_mixin.py:190} INFO - [2024-11-04T14:45:58.634+0000] {dag.py:4180} INFO - Setting next_dagrun for example_short_circuit_operator to None, run_after=None
[2024-11-04T14:45:58.654+0000] {processor.py:208} INFO - Processing /home/airflow/.local/lib/python3.12/site-packages/airflow/example_dags/example_short_circuit_operator.py took 0.073 seconds
[2024-11-04T14:46:28.735+0000] {processor.py:186} INFO - Started process (PID=1174) to work on /home/airflow/.local/lib/python3.12/site-packages/airflow/example_dags/example_short_circuit_operator.py
[2024-11-04T14:46:28.736+0000] {processor.py:914} INFO - Processing file /home/airflow/.local/lib/python3.12/site-packages/airflow/example_dags/example_short_circuit_operator.py for tasks to queue
[2024-11-04T14:46:28.738+0000] {logging_mixin.py:190} INFO - [2024-11-04T14:46:28.738+0000] {dagbag.py:588} INFO - Filling up the DagBag from /home/airflow/.local/lib/python3.12/site-packages/airflow/example_dags/example_short_circuit_operator.py
[2024-11-04T14:46:28.746+0000] {processor.py:925} INFO - DAG(s) 'example_short_circuit_operator' retrieved from /home/airflow/.local/lib/python3.12/site-packages/airflow/example_dags/example_short_circuit_operator.py
[2024-11-04T14:46:28.767+0000] {logging_mixin.py:190} INFO - [2024-11-04T14:46:28.767+0000] {dag.py:3239} INFO - Sync 1 DAGs
[2024-11-04T14:46:28.780+0000] {logging_mixin.py:190} INFO - [2024-11-04T14:46:28.779+0000] {dag.py:4180} INFO - Setting next_dagrun for example_short_circuit_operator to None, run_after=None
[2024-11-04T14:46:28.801+0000] {processor.py:208} INFO - Processing /home/airflow/.local/lib/python3.12/site-packages/airflow/example_dags/example_short_circuit_operator.py took 0.071 seconds
[2024-11-04T14:46:59.339+0000] {processor.py:186} INFO - Started process (PID=1460) to work on /home/airflow/.local/lib/python3.12/site-packages/airflow/example_dags/example_short_circuit_operator.py
[2024-11-04T14:46:59.340+0000] {processor.py:914} INFO - Processing file /home/airflow/.local/lib/python3.12/site-packages/airflow/example_dags/example_short_circuit_operator.py for tasks to queue
[2024-11-04T14:46:59.343+0000] {logging_mixin.py:190} INFO - [2024-11-04T14:46:59.342+0000] {dagbag.py:588} INFO - Filling up the DagBag from /home/airflow/.local/lib/python3.12/site-packages/airflow/example_dags/example_short_circuit_operator.py
[2024-11-04T14:46:59.351+0000] {processor.py:925} INFO - DAG(s) 'example_short_circuit_operator' retrieved from /home/airflow/.local/lib/python3.12/site-packages/airflow/example_dags/example_short_circuit_operator.py
[2024-11-04T14:46:59.379+0000] {logging_mixin.py:190} INFO - [2024-11-04T14:46:59.379+0000] {dag.py:3239} INFO - Sync 1 DAGs
[2024-11-04T14:46:59.398+0000] {logging_mixin.py:190} INFO - [2024-11-04T14:46:59.397+0000] {dag.py:4180} INFO - Setting next_dagrun for example_short_circuit_operator to None, run_after=None
[2024-11-04T14:46:59.421+0000] {processor.py:208} INFO - Processing /home/airflow/.local/lib/python3.12/site-packages/airflow/example_dags/example_short_circuit_operator.py took 0.088 seconds
[2024-11-04T14:49:16.454+0000] {processor.py:186} INFO - Started process (PID=309) to work on /home/airflow/.local/lib/python3.12/site-packages/airflow/example_dags/example_short_circuit_operator.py
[2024-11-04T14:49:16.456+0000] {processor.py:914} INFO - Processing file /home/airflow/.local/lib/python3.12/site-packages/airflow/example_dags/example_short_circuit_operator.py for tasks to queue
[2024-11-04T14:49:16.460+0000] {logging_mixin.py:190} INFO - [2024-11-04T14:49:16.459+0000] {dagbag.py:588} INFO - Filling up the DagBag from /home/airflow/.local/lib/python3.12/site-packages/airflow/example_dags/example_short_circuit_operator.py
[2024-11-04T14:49:16.472+0000] {processor.py:925} INFO - DAG(s) 'example_short_circuit_operator' retrieved from /home/airflow/.local/lib/python3.12/site-packages/airflow/example_dags/example_short_circuit_operator.py
[2024-11-04T14:49:16.626+0000] {logging_mixin.py:190} INFO - [2024-11-04T14:49:16.626+0000] {override.py:1900} INFO - Created Permission View: can edit on DAG:example_short_circuit_operator
[2024-11-04T14:49:16.642+0000] {logging_mixin.py:190} INFO - [2024-11-04T14:49:16.642+0000] {override.py:1900} INFO - Created Permission View: can delete on DAG:example_short_circuit_operator
[2024-11-04T14:49:16.656+0000] {logging_mixin.py:190} INFO - [2024-11-04T14:49:16.655+0000] {override.py:1900} INFO - Created Permission View: can read on DAG:example_short_circuit_operator
[2024-11-04T14:49:16.670+0000] {logging_mixin.py:190} INFO - [2024-11-04T14:49:16.670+0000] {override.py:1900} INFO - Created Permission View: can create on DAG Run:example_short_circuit_operator
[2024-11-04T14:49:16.681+0000] {logging_mixin.py:190} INFO - [2024-11-04T14:49:16.681+0000] {override.py:1900} INFO - Created Permission View: can read on DAG Run:example_short_circuit_operator
[2024-11-04T14:49:16.694+0000] {logging_mixin.py:190} INFO - [2024-11-04T14:49:16.693+0000] {override.py:1900} INFO - Created Permission View: can delete on DAG Run:example_short_circuit_operator
[2024-11-04T14:49:16.706+0000] {logging_mixin.py:190} INFO - [2024-11-04T14:49:16.706+0000] {override.py:1900} INFO - Created Permission View: menu access on DAG Run:example_short_circuit_operator
[2024-11-04T14:49:16.708+0000] {logging_mixin.py:190} INFO - [2024-11-04T14:49:16.708+0000] {dag.py:3239} INFO - Sync 1 DAGs
[2024-11-04T14:49:16.727+0000] {logging_mixin.py:190} INFO - [2024-11-04T14:49:16.727+0000] {dag.py:3262} INFO - Creating ORM DAG for example_short_circuit_operator
[2024-11-04T14:49:16.729+0000] {logging_mixin.py:190} INFO - [2024-11-04T14:49:16.728+0000] {dag.py:4180} INFO - Setting next_dagrun for example_short_circuit_operator to None, run_after=None
[2024-11-04T14:49:16.754+0000] {processor.py:208} INFO - Processing /home/airflow/.local/lib/python3.12/site-packages/airflow/example_dags/example_short_circuit_operator.py took 0.309 seconds
