[2024-11-04T14:33:59.704+0000] {processor.py:186} INFO - Started process (PID=233) to work on /home/airflow/.local/lib/python3.12/site-packages/airflow/example_dags/example_branch_datetime_operator.py
[2024-11-04T14:33:59.706+0000] {processor.py:914} INFO - Processing file /home/airflow/.local/lib/python3.12/site-packages/airflow/example_dags/example_branch_datetime_operator.py for tasks to queue
[2024-11-04T14:33:59.711+0000] {logging_mixin.py:190} INFO - [2024-11-04T14:33:59.710+0000] {dagbag.py:588} INFO - Filling up the DagBag from /home/airflow/.local/lib/python3.12/site-packages/airflow/example_dags/example_branch_datetime_operator.py
[2024-11-04T14:33:59.741+0000] {processor.py:925} INFO - DAG(s) 'example_branch_datetime_operator', 'example_branch_datetime_operator_3', 'example_branch_datetime_operator_2' retrieved from /home/airflow/.local/lib/python3.12/site-packages/airflow/example_dags/example_branch_datetime_operator.py
[2024-11-04T14:33:59.937+0000] {logging_mixin.py:190} INFO - [2024-11-04T14:33:59.935+0000] {override.py:1900} INFO - Created Permission View: can edit on DAG:example_branch_datetime_operator
[2024-11-04T14:33:59.959+0000] {logging_mixin.py:190} INFO - [2024-11-04T14:33:59.958+0000] {override.py:1900} INFO - Created Permission View: can read on DAG:example_branch_datetime_operator
[2024-11-04T14:33:59.973+0000] {logging_mixin.py:190} INFO - [2024-11-04T14:33:59.972+0000] {override.py:1900} INFO - Created Permission View: can delete on DAG:example_branch_datetime_operator
[2024-11-04T14:33:59.989+0000] {logging_mixin.py:190} INFO - [2024-11-04T14:33:59.988+0000] {override.py:1900} INFO - Created Permission View: can read on DAG Run:example_branch_datetime_operator
[2024-11-04T14:34:00.002+0000] {logging_mixin.py:190} INFO - [2024-11-04T14:34:00.001+0000] {override.py:1900} INFO - Created Permission View: can delete on DAG Run:example_branch_datetime_operator
[2024-11-04T14:34:00.016+0000] {logging_mixin.py:190} INFO - [2024-11-04T14:34:00.016+0000] {override.py:1900} INFO - Created Permission View: menu access on DAG Run:example_branch_datetime_operator
[2024-11-04T14:34:00.033+0000] {logging_mixin.py:190} INFO - [2024-11-04T14:34:00.033+0000] {override.py:1900} INFO - Created Permission View: can create on DAG Run:example_branch_datetime_operator
[2024-11-04T14:34:00.060+0000] {logging_mixin.py:190} INFO - [2024-11-04T14:34:00.060+0000] {override.py:1900} INFO - Created Permission View: can edit on DAG:example_branch_datetime_operator_3
[2024-11-04T14:34:00.074+0000] {logging_mixin.py:190} INFO - [2024-11-04T14:34:00.073+0000] {override.py:1900} INFO - Created Permission View: can read on DAG:example_branch_datetime_operator_3
[2024-11-04T14:34:00.087+0000] {logging_mixin.py:190} INFO - [2024-11-04T14:34:00.087+0000] {override.py:1900} INFO - Created Permission View: can delete on DAG:example_branch_datetime_operator_3
[2024-11-04T14:34:00.102+0000] {logging_mixin.py:190} INFO - [2024-11-04T14:34:00.101+0000] {override.py:1900} INFO - Created Permission View: can read on DAG Run:example_branch_datetime_operator_3
[2024-11-04T14:34:00.114+0000] {logging_mixin.py:190} INFO - [2024-11-04T14:34:00.114+0000] {override.py:1900} INFO - Created Permission View: can delete on DAG Run:example_branch_datetime_operator_3
[2024-11-04T14:34:00.126+0000] {logging_mixin.py:190} INFO - [2024-11-04T14:34:00.125+0000] {override.py:1900} INFO - Created Permission View: menu access on DAG Run:example_branch_datetime_operator_3
[2024-11-04T14:34:00.139+0000] {logging_mixin.py:190} INFO - [2024-11-04T14:34:00.139+0000] {override.py:1900} INFO - Created Permission View: can create on DAG Run:example_branch_datetime_operator_3
[2024-11-04T14:34:00.164+0000] {logging_mixin.py:190} INFO - [2024-11-04T14:34:00.163+0000] {override.py:1900} INFO - Created Permission View: can edit on DAG:example_branch_datetime_operator_2
[2024-11-04T14:34:00.178+0000] {logging_mixin.py:190} INFO - [2024-11-04T14:34:00.177+0000] {override.py:1900} INFO - Created Permission View: can read on DAG:example_branch_datetime_operator_2
[2024-11-04T14:34:00.190+0000] {logging_mixin.py:190} INFO - [2024-11-04T14:34:00.190+0000] {override.py:1900} INFO - Created Permission View: can delete on DAG:example_branch_datetime_operator_2
[2024-11-04T14:34:00.205+0000] {logging_mixin.py:190} INFO - [2024-11-04T14:34:00.205+0000] {override.py:1900} INFO - Created Permission View: can read on DAG Run:example_branch_datetime_operator_2
[2024-11-04T14:34:00.218+0000] {logging_mixin.py:190} INFO - [2024-11-04T14:34:00.218+0000] {override.py:1900} INFO - Created Permission View: can delete on DAG Run:example_branch_datetime_operator_2
[2024-11-04T14:34:00.230+0000] {logging_mixin.py:190} INFO - [2024-11-04T14:34:00.230+0000] {override.py:1900} INFO - Created Permission View: menu access on DAG Run:example_branch_datetime_operator_2
[2024-11-04T14:34:00.244+0000] {logging_mixin.py:190} INFO - [2024-11-04T14:34:00.243+0000] {override.py:1900} INFO - Created Permission View: can create on DAG Run:example_branch_datetime_operator_2
[2024-11-04T14:34:00.245+0000] {logging_mixin.py:190} INFO - [2024-11-04T14:34:00.245+0000] {dag.py:3239} INFO - Sync 3 DAGs
[2024-11-04T14:34:00.267+0000] {logging_mixin.py:190} INFO - [2024-11-04T14:34:00.266+0000] {dag.py:3262} INFO - Creating ORM DAG for example_branch_datetime_operator
[2024-11-04T14:34:00.269+0000] {logging_mixin.py:190} INFO - [2024-11-04T14:34:00.268+0000] {dag.py:3262} INFO - Creating ORM DAG for example_branch_datetime_operator_3
[2024-11-04T14:34:00.272+0000] {logging_mixin.py:190} INFO - [2024-11-04T14:34:00.271+0000] {dag.py:3262} INFO - Creating ORM DAG for example_branch_datetime_operator_2
[2024-11-04T14:34:00.290+0000] {logging_mixin.py:190} INFO - [2024-11-04T14:34:00.290+0000] {dag.py:4180} INFO - Setting next_dagrun for example_branch_datetime_operator to 2024-11-03 00:00:00+00:00, run_after=2024-11-04 00:00:00+00:00
[2024-11-04T14:34:00.295+0000] {logging_mixin.py:190} INFO - [2024-11-04T14:34:00.295+0000] {dag.py:4180} INFO - Setting next_dagrun for example_branch_datetime_operator_2 to 2024-11-03 00:00:00+00:00, run_after=2024-11-04 00:00:00+00:00
[2024-11-04T14:34:00.299+0000] {logging_mixin.py:190} INFO - [2024-11-04T14:34:00.299+0000] {dag.py:4180} INFO - Setting next_dagrun for example_branch_datetime_operator_3 to 2024-11-03 00:00:00+00:00, run_after=2024-11-04 00:00:00+00:00
[2024-11-04T14:34:00.336+0000] {processor.py:208} INFO - Processing /home/airflow/.local/lib/python3.12/site-packages/airflow/example_dags/example_branch_datetime_operator.py took 0.643 seconds
[2024-11-04T14:34:30.464+0000] {processor.py:186} INFO - Started process (PID=526) to work on /home/airflow/.local/lib/python3.12/site-packages/airflow/example_dags/example_branch_datetime_operator.py
[2024-11-04T14:34:30.466+0000] {processor.py:914} INFO - Processing file /home/airflow/.local/lib/python3.12/site-packages/airflow/example_dags/example_branch_datetime_operator.py for tasks to queue
[2024-11-04T14:34:30.468+0000] {logging_mixin.py:190} INFO - [2024-11-04T14:34:30.468+0000] {dagbag.py:588} INFO - Filling up the DagBag from /home/airflow/.local/lib/python3.12/site-packages/airflow/example_dags/example_branch_datetime_operator.py
[2024-11-04T14:34:30.477+0000] {processor.py:925} INFO - DAG(s) 'example_branch_datetime_operator_2', 'example_branch_datetime_operator', 'example_branch_datetime_operator_3' retrieved from /home/airflow/.local/lib/python3.12/site-packages/airflow/example_dags/example_branch_datetime_operator.py
[2024-11-04T14:34:30.501+0000] {logging_mixin.py:190} INFO - [2024-11-04T14:34:30.501+0000] {dag.py:3239} INFO - Sync 3 DAGs
[2024-11-04T14:34:30.520+0000] {logging_mixin.py:190} INFO - [2024-11-04T14:34:30.520+0000] {dag.py:4180} INFO - Setting next_dagrun for example_branch_datetime_operator to 2024-11-03 00:00:00+00:00, run_after=2024-11-04 00:00:00+00:00
[2024-11-04T14:34:30.525+0000] {logging_mixin.py:190} INFO - [2024-11-04T14:34:30.525+0000] {dag.py:4180} INFO - Setting next_dagrun for example_branch_datetime_operator_2 to 2024-11-03 00:00:00+00:00, run_after=2024-11-04 00:00:00+00:00
[2024-11-04T14:34:30.528+0000] {logging_mixin.py:190} INFO - [2024-11-04T14:34:30.528+0000] {dag.py:4180} INFO - Setting next_dagrun for example_branch_datetime_operator_3 to 2024-11-03 00:00:00+00:00, run_after=2024-11-04 00:00:00+00:00
[2024-11-04T14:34:30.544+0000] {processor.py:208} INFO - Processing /home/airflow/.local/lib/python3.12/site-packages/airflow/example_dags/example_branch_datetime_operator.py took 0.086 seconds
[2024-11-04T14:35:00.674+0000] {processor.py:186} INFO - Started process (PID=813) to work on /home/airflow/.local/lib/python3.12/site-packages/airflow/example_dags/example_branch_datetime_operator.py
[2024-11-04T14:35:00.675+0000] {processor.py:914} INFO - Processing file /home/airflow/.local/lib/python3.12/site-packages/airflow/example_dags/example_branch_datetime_operator.py for tasks to queue
[2024-11-04T14:35:00.678+0000] {logging_mixin.py:190} INFO - [2024-11-04T14:35:00.678+0000] {dagbag.py:588} INFO - Filling up the DagBag from /home/airflow/.local/lib/python3.12/site-packages/airflow/example_dags/example_branch_datetime_operator.py
[2024-11-04T14:35:00.687+0000] {processor.py:925} INFO - DAG(s) 'example_branch_datetime_operator_3', 'example_branch_datetime_operator', 'example_branch_datetime_operator_2' retrieved from /home/airflow/.local/lib/python3.12/site-packages/airflow/example_dags/example_branch_datetime_operator.py
[2024-11-04T14:35:00.712+0000] {logging_mixin.py:190} INFO - [2024-11-04T14:35:00.711+0000] {dag.py:3239} INFO - Sync 3 DAGs
[2024-11-04T14:35:00.732+0000] {logging_mixin.py:190} INFO - [2024-11-04T14:35:00.731+0000] {dag.py:4180} INFO - Setting next_dagrun for example_branch_datetime_operator to 2024-11-03 00:00:00+00:00, run_after=2024-11-04 00:00:00+00:00
[2024-11-04T14:35:00.736+0000] {logging_mixin.py:190} INFO - [2024-11-04T14:35:00.736+0000] {dag.py:4180} INFO - Setting next_dagrun for example_branch_datetime_operator_2 to 2024-11-03 00:00:00+00:00, run_after=2024-11-04 00:00:00+00:00
[2024-11-04T14:35:00.739+0000] {logging_mixin.py:190} INFO - [2024-11-04T14:35:00.739+0000] {dag.py:4180} INFO - Setting next_dagrun for example_branch_datetime_operator_3 to 2024-11-03 00:00:00+00:00, run_after=2024-11-04 00:00:00+00:00
[2024-11-04T14:35:00.755+0000] {processor.py:208} INFO - Processing /home/airflow/.local/lib/python3.12/site-packages/airflow/example_dags/example_branch_datetime_operator.py took 0.086 seconds
[2024-11-04T14:36:26.364+0000] {processor.py:186} INFO - Started process (PID=234) to work on /home/airflow/.local/lib/python3.12/site-packages/airflow/example_dags/example_branch_datetime_operator.py
[2024-11-04T14:36:26.367+0000] {processor.py:914} INFO - Processing file /home/airflow/.local/lib/python3.12/site-packages/airflow/example_dags/example_branch_datetime_operator.py for tasks to queue
[2024-11-04T14:36:26.371+0000] {logging_mixin.py:190} INFO - [2024-11-04T14:36:26.371+0000] {dagbag.py:588} INFO - Filling up the DagBag from /home/airflow/.local/lib/python3.12/site-packages/airflow/example_dags/example_branch_datetime_operator.py
[2024-11-04T14:36:26.409+0000] {processor.py:925} INFO - DAG(s) 'example_branch_datetime_operator_2', 'example_branch_datetime_operator_3', 'example_branch_datetime_operator' retrieved from /home/airflow/.local/lib/python3.12/site-packages/airflow/example_dags/example_branch_datetime_operator.py
[2024-11-04T14:36:26.626+0000] {logging_mixin.py:190} INFO - [2024-11-04T14:36:26.624+0000] {override.py:1900} INFO - Created Permission View: can delete on DAG:example_branch_datetime_operator_2
[2024-11-04T14:36:26.650+0000] {logging_mixin.py:190} INFO - [2024-11-04T14:36:26.650+0000] {override.py:1900} INFO - Created Permission View: can read on DAG:example_branch_datetime_operator_2
[2024-11-04T14:36:26.668+0000] {logging_mixin.py:190} INFO - [2024-11-04T14:36:26.668+0000] {override.py:1900} INFO - Created Permission View: can edit on DAG:example_branch_datetime_operator_2
[2024-11-04T14:36:26.691+0000] {logging_mixin.py:190} INFO - [2024-11-04T14:36:26.690+0000] {override.py:1900} INFO - Created Permission View: can create on DAG Run:example_branch_datetime_operator_2
[2024-11-04T14:36:26.710+0000] {logging_mixin.py:190} INFO - [2024-11-04T14:36:26.709+0000] {override.py:1900} INFO - Created Permission View: can delete on DAG Run:example_branch_datetime_operator_2
[2024-11-04T14:36:26.728+0000] {logging_mixin.py:190} INFO - [2024-11-04T14:36:26.727+0000] {override.py:1900} INFO - Created Permission View: can read on DAG Run:example_branch_datetime_operator_2
[2024-11-04T14:36:26.744+0000] {logging_mixin.py:190} INFO - [2024-11-04T14:36:26.743+0000] {override.py:1900} INFO - Created Permission View: menu access on DAG Run:example_branch_datetime_operator_2
[2024-11-04T14:36:26.784+0000] {logging_mixin.py:190} INFO - [2024-11-04T14:36:26.783+0000] {override.py:1900} INFO - Created Permission View: can delete on DAG:example_branch_datetime_operator_3
[2024-11-04T14:36:26.804+0000] {logging_mixin.py:190} INFO - [2024-11-04T14:36:26.803+0000] {override.py:1900} INFO - Created Permission View: can read on DAG:example_branch_datetime_operator_3
[2024-11-04T14:36:26.820+0000] {logging_mixin.py:190} INFO - [2024-11-04T14:36:26.819+0000] {override.py:1900} INFO - Created Permission View: can edit on DAG:example_branch_datetime_operator_3
[2024-11-04T14:36:26.841+0000] {logging_mixin.py:190} INFO - [2024-11-04T14:36:26.840+0000] {override.py:1900} INFO - Created Permission View: can create on DAG Run:example_branch_datetime_operator_3
[2024-11-04T14:36:26.856+0000] {logging_mixin.py:190} INFO - [2024-11-04T14:36:26.856+0000] {override.py:1900} INFO - Created Permission View: can delete on DAG Run:example_branch_datetime_operator_3
[2024-11-04T14:36:26.873+0000] {logging_mixin.py:190} INFO - [2024-11-04T14:36:26.873+0000] {override.py:1900} INFO - Created Permission View: can read on DAG Run:example_branch_datetime_operator_3
[2024-11-04T14:36:26.890+0000] {logging_mixin.py:190} INFO - [2024-11-04T14:36:26.889+0000] {override.py:1900} INFO - Created Permission View: menu access on DAG Run:example_branch_datetime_operator_3
[2024-11-04T14:36:26.930+0000] {logging_mixin.py:190} INFO - [2024-11-04T14:36:26.929+0000] {override.py:1900} INFO - Created Permission View: can delete on DAG:example_branch_datetime_operator
[2024-11-04T14:36:26.952+0000] {logging_mixin.py:190} INFO - [2024-11-04T14:36:26.951+0000] {override.py:1900} INFO - Created Permission View: can read on DAG:example_branch_datetime_operator
[2024-11-04T14:36:26.969+0000] {logging_mixin.py:190} INFO - [2024-11-04T14:36:26.969+0000] {override.py:1900} INFO - Created Permission View: can edit on DAG:example_branch_datetime_operator
[2024-11-04T14:36:26.988+0000] {logging_mixin.py:190} INFO - [2024-11-04T14:36:26.987+0000] {override.py:1900} INFO - Created Permission View: can create on DAG Run:example_branch_datetime_operator
[2024-11-04T14:36:27.006+0000] {logging_mixin.py:190} INFO - [2024-11-04T14:36:27.005+0000] {override.py:1900} INFO - Created Permission View: can delete on DAG Run:example_branch_datetime_operator
[2024-11-04T14:36:27.023+0000] {logging_mixin.py:190} INFO - [2024-11-04T14:36:27.023+0000] {override.py:1900} INFO - Created Permission View: can read on DAG Run:example_branch_datetime_operator
[2024-11-04T14:36:27.043+0000] {logging_mixin.py:190} INFO - [2024-11-04T14:36:27.043+0000] {override.py:1900} INFO - Created Permission View: menu access on DAG Run:example_branch_datetime_operator
[2024-11-04T14:36:27.045+0000] {logging_mixin.py:190} INFO - [2024-11-04T14:36:27.044+0000] {dag.py:3239} INFO - Sync 3 DAGs
[2024-11-04T14:36:27.067+0000] {logging_mixin.py:190} INFO - [2024-11-04T14:36:27.066+0000] {dag.py:3262} INFO - Creating ORM DAG for example_branch_datetime_operator
[2024-11-04T14:36:27.069+0000] {logging_mixin.py:190} INFO - [2024-11-04T14:36:27.069+0000] {dag.py:3262} INFO - Creating ORM DAG for example_branch_datetime_operator_2
[2024-11-04T14:36:27.071+0000] {logging_mixin.py:190} INFO - [2024-11-04T14:36:27.071+0000] {dag.py:3262} INFO - Creating ORM DAG for example_branch_datetime_operator_3
[2024-11-04T14:36:27.095+0000] {logging_mixin.py:190} INFO - [2024-11-04T14:36:27.095+0000] {dag.py:4180} INFO - Setting next_dagrun for example_branch_datetime_operator to 2024-11-03 00:00:00+00:00, run_after=2024-11-04 00:00:00+00:00
[2024-11-04T14:36:27.100+0000] {logging_mixin.py:190} INFO - [2024-11-04T14:36:27.100+0000] {dag.py:4180} INFO - Setting next_dagrun for example_branch_datetime_operator_2 to 2024-11-03 00:00:00+00:00, run_after=2024-11-04 00:00:00+00:00
[2024-11-04T14:36:27.106+0000] {logging_mixin.py:190} INFO - [2024-11-04T14:36:27.105+0000] {dag.py:4180} INFO - Setting next_dagrun for example_branch_datetime_operator_3 to 2024-11-03 00:00:00+00:00, run_after=2024-11-04 00:00:00+00:00
[2024-11-04T14:36:27.143+0000] {processor.py:208} INFO - Processing /home/airflow/.local/lib/python3.12/site-packages/airflow/example_dags/example_branch_datetime_operator.py took 0.793 seconds
[2024-11-04T14:36:57.241+0000] {processor.py:186} INFO - Started process (PID=525) to work on /home/airflow/.local/lib/python3.12/site-packages/airflow/example_dags/example_branch_datetime_operator.py
[2024-11-04T14:36:57.242+0000] {processor.py:914} INFO - Processing file /home/airflow/.local/lib/python3.12/site-packages/airflow/example_dags/example_branch_datetime_operator.py for tasks to queue
[2024-11-04T14:36:57.244+0000] {logging_mixin.py:190} INFO - [2024-11-04T14:36:57.244+0000] {dagbag.py:588} INFO - Filling up the DagBag from /home/airflow/.local/lib/python3.12/site-packages/airflow/example_dags/example_branch_datetime_operator.py
[2024-11-04T14:36:57.258+0000] {processor.py:925} INFO - DAG(s) 'example_branch_datetime_operator_3', 'example_branch_datetime_operator_2', 'example_branch_datetime_operator' retrieved from /home/airflow/.local/lib/python3.12/site-packages/airflow/example_dags/example_branch_datetime_operator.py
[2024-11-04T14:36:57.283+0000] {logging_mixin.py:190} INFO - [2024-11-04T14:36:57.283+0000] {dag.py:3239} INFO - Sync 3 DAGs
[2024-11-04T14:36:57.306+0000] {logging_mixin.py:190} INFO - [2024-11-04T14:36:57.306+0000] {dag.py:4180} INFO - Setting next_dagrun for example_branch_datetime_operator to 2024-11-03 00:00:00+00:00, run_after=2024-11-04 00:00:00+00:00
[2024-11-04T14:36:57.311+0000] {logging_mixin.py:190} INFO - [2024-11-04T14:36:57.310+0000] {dag.py:4180} INFO - Setting next_dagrun for example_branch_datetime_operator_2 to 2024-11-03 00:00:00+00:00, run_after=2024-11-04 00:00:00+00:00
[2024-11-04T14:36:57.314+0000] {logging_mixin.py:190} INFO - [2024-11-04T14:36:57.313+0000] {dag.py:4180} INFO - Setting next_dagrun for example_branch_datetime_operator_3 to 2024-11-03 00:00:00+00:00, run_after=2024-11-04 00:00:00+00:00
[2024-11-04T14:36:57.329+0000] {processor.py:208} INFO - Processing /home/airflow/.local/lib/python3.12/site-packages/airflow/example_dags/example_branch_datetime_operator.py took 0.096 seconds
[2024-11-04T14:37:27.955+0000] {processor.py:186} INFO - Started process (PID=807) to work on /home/airflow/.local/lib/python3.12/site-packages/airflow/example_dags/example_branch_datetime_operator.py
[2024-11-04T14:37:27.957+0000] {processor.py:914} INFO - Processing file /home/airflow/.local/lib/python3.12/site-packages/airflow/example_dags/example_branch_datetime_operator.py for tasks to queue
[2024-11-04T14:37:27.960+0000] {logging_mixin.py:190} INFO - [2024-11-04T14:37:27.960+0000] {dagbag.py:588} INFO - Filling up the DagBag from /home/airflow/.local/lib/python3.12/site-packages/airflow/example_dags/example_branch_datetime_operator.py
[2024-11-04T14:37:27.977+0000] {processor.py:925} INFO - DAG(s) 'example_branch_datetime_operator_3', 'example_branch_datetime_operator', 'example_branch_datetime_operator_2' retrieved from /home/airflow/.local/lib/python3.12/site-packages/airflow/example_dags/example_branch_datetime_operator.py
[2024-11-04T14:37:28.018+0000] {logging_mixin.py:190} INFO - [2024-11-04T14:37:28.017+0000] {dag.py:3239} INFO - Sync 3 DAGs
[2024-11-04T14:37:28.061+0000] {logging_mixin.py:190} INFO - [2024-11-04T14:37:28.061+0000] {dag.py:4180} INFO - Setting next_dagrun for example_branch_datetime_operator to 2024-11-03 00:00:00+00:00, run_after=2024-11-04 00:00:00+00:00
[2024-11-04T14:37:28.073+0000] {logging_mixin.py:190} INFO - [2024-11-04T14:37:28.072+0000] {dag.py:4180} INFO - Setting next_dagrun for example_branch_datetime_operator_2 to 2024-11-03 00:00:00+00:00, run_after=2024-11-04 00:00:00+00:00
[2024-11-04T14:37:28.078+0000] {logging_mixin.py:190} INFO - [2024-11-04T14:37:28.078+0000] {dag.py:4180} INFO - Setting next_dagrun for example_branch_datetime_operator_3 to 2024-11-03 00:00:00+00:00, run_after=2024-11-04 00:00:00+00:00
[2024-11-04T14:37:28.110+0000] {processor.py:208} INFO - Processing /home/airflow/.local/lib/python3.12/site-packages/airflow/example_dags/example_branch_datetime_operator.py took 0.164 seconds
[2024-11-04T14:37:58.360+0000] {processor.py:186} INFO - Started process (PID=1092) to work on /home/airflow/.local/lib/python3.12/site-packages/airflow/example_dags/example_branch_datetime_operator.py
[2024-11-04T14:37:58.378+0000] {processor.py:914} INFO - Processing file /home/airflow/.local/lib/python3.12/site-packages/airflow/example_dags/example_branch_datetime_operator.py for tasks to queue
[2024-11-04T14:37:58.389+0000] {logging_mixin.py:190} INFO - [2024-11-04T14:37:58.388+0000] {dagbag.py:588} INFO - Filling up the DagBag from /home/airflow/.local/lib/python3.12/site-packages/airflow/example_dags/example_branch_datetime_operator.py
[2024-11-04T14:37:58.408+0000] {processor.py:925} INFO - DAG(s) 'example_branch_datetime_operator_3', 'example_branch_datetime_operator_2', 'example_branch_datetime_operator' retrieved from /home/airflow/.local/lib/python3.12/site-packages/airflow/example_dags/example_branch_datetime_operator.py
[2024-11-04T14:37:58.518+0000] {logging_mixin.py:190} INFO - [2024-11-04T14:37:58.518+0000] {dag.py:3239} INFO - Sync 3 DAGs
[2024-11-04T14:37:58.562+0000] {logging_mixin.py:190} INFO - [2024-11-04T14:37:58.562+0000] {dag.py:4180} INFO - Setting next_dagrun for example_branch_datetime_operator to 2024-11-03 00:00:00+00:00, run_after=2024-11-04 00:00:00+00:00
[2024-11-04T14:37:58.572+0000] {logging_mixin.py:190} INFO - [2024-11-04T14:37:58.571+0000] {dag.py:4180} INFO - Setting next_dagrun for example_branch_datetime_operator_2 to 2024-11-03 00:00:00+00:00, run_after=2024-11-04 00:00:00+00:00
[2024-11-04T14:37:58.577+0000] {logging_mixin.py:190} INFO - [2024-11-04T14:37:58.576+0000] {dag.py:4180} INFO - Setting next_dagrun for example_branch_datetime_operator_3 to 2024-11-03 00:00:00+00:00, run_after=2024-11-04 00:00:00+00:00
[2024-11-04T14:37:58.609+0000] {processor.py:208} INFO - Processing /home/airflow/.local/lib/python3.12/site-packages/airflow/example_dags/example_branch_datetime_operator.py took 0.282 seconds
[2024-11-04T14:38:29.470+0000] {processor.py:186} INFO - Started process (PID=1378) to work on /home/airflow/.local/lib/python3.12/site-packages/airflow/example_dags/example_branch_datetime_operator.py
[2024-11-04T14:38:29.473+0000] {processor.py:914} INFO - Processing file /home/airflow/.local/lib/python3.12/site-packages/airflow/example_dags/example_branch_datetime_operator.py for tasks to queue
[2024-11-04T14:38:29.475+0000] {logging_mixin.py:190} INFO - [2024-11-04T14:38:29.475+0000] {dagbag.py:588} INFO - Filling up the DagBag from /home/airflow/.local/lib/python3.12/site-packages/airflow/example_dags/example_branch_datetime_operator.py
[2024-11-04T14:38:29.485+0000] {processor.py:925} INFO - DAG(s) 'example_branch_datetime_operator_2', 'example_branch_datetime_operator', 'example_branch_datetime_operator_3' retrieved from /home/airflow/.local/lib/python3.12/site-packages/airflow/example_dags/example_branch_datetime_operator.py
[2024-11-04T14:38:29.512+0000] {logging_mixin.py:190} INFO - [2024-11-04T14:38:29.512+0000] {dag.py:3239} INFO - Sync 3 DAGs
[2024-11-04T14:38:29.538+0000] {logging_mixin.py:190} INFO - [2024-11-04T14:38:29.538+0000] {dag.py:4180} INFO - Setting next_dagrun for example_branch_datetime_operator to 2024-11-03 00:00:00+00:00, run_after=2024-11-04 00:00:00+00:00
[2024-11-04T14:38:29.543+0000] {logging_mixin.py:190} INFO - [2024-11-04T14:38:29.543+0000] {dag.py:4180} INFO - Setting next_dagrun for example_branch_datetime_operator_2 to 2024-11-03 00:00:00+00:00, run_after=2024-11-04 00:00:00+00:00
[2024-11-04T14:38:29.547+0000] {logging_mixin.py:190} INFO - [2024-11-04T14:38:29.547+0000] {dag.py:4180} INFO - Setting next_dagrun for example_branch_datetime_operator_3 to 2024-11-03 00:00:00+00:00, run_after=2024-11-04 00:00:00+00:00
[2024-11-04T14:38:29.567+0000] {processor.py:208} INFO - Processing /home/airflow/.local/lib/python3.12/site-packages/airflow/example_dags/example_branch_datetime_operator.py took 0.102 seconds
[2024-11-04T14:39:00.038+0000] {processor.py:186} INFO - Started process (PID=1665) to work on /home/airflow/.local/lib/python3.12/site-packages/airflow/example_dags/example_branch_datetime_operator.py
[2024-11-04T14:39:00.040+0000] {processor.py:914} INFO - Processing file /home/airflow/.local/lib/python3.12/site-packages/airflow/example_dags/example_branch_datetime_operator.py for tasks to queue
[2024-11-04T14:39:00.043+0000] {logging_mixin.py:190} INFO - [2024-11-04T14:39:00.043+0000] {dagbag.py:588} INFO - Filling up the DagBag from /home/airflow/.local/lib/python3.12/site-packages/airflow/example_dags/example_branch_datetime_operator.py
[2024-11-04T14:39:00.055+0000] {processor.py:925} INFO - DAG(s) 'example_branch_datetime_operator_2', 'example_branch_datetime_operator_3', 'example_branch_datetime_operator' retrieved from /home/airflow/.local/lib/python3.12/site-packages/airflow/example_dags/example_branch_datetime_operator.py
[2024-11-04T14:39:00.085+0000] {logging_mixin.py:190} INFO - [2024-11-04T14:39:00.085+0000] {dag.py:3239} INFO - Sync 3 DAGs
[2024-11-04T14:39:00.111+0000] {logging_mixin.py:190} INFO - [2024-11-04T14:39:00.111+0000] {dag.py:4180} INFO - Setting next_dagrun for example_branch_datetime_operator to 2024-11-03 00:00:00+00:00, run_after=2024-11-04 00:00:00+00:00
[2024-11-04T14:39:00.118+0000] {logging_mixin.py:190} INFO - [2024-11-04T14:39:00.118+0000] {dag.py:4180} INFO - Setting next_dagrun for example_branch_datetime_operator_2 to 2024-11-03 00:00:00+00:00, run_after=2024-11-04 00:00:00+00:00
[2024-11-04T14:39:00.122+0000] {logging_mixin.py:190} INFO - [2024-11-04T14:39:00.122+0000] {dag.py:4180} INFO - Setting next_dagrun for example_branch_datetime_operator_3 to 2024-11-03 00:00:00+00:00, run_after=2024-11-04 00:00:00+00:00
[2024-11-04T14:39:00.144+0000] {processor.py:208} INFO - Processing /home/airflow/.local/lib/python3.12/site-packages/airflow/example_dags/example_branch_datetime_operator.py took 0.112 seconds
[2024-11-04T14:39:30.882+0000] {processor.py:186} INFO - Started process (PID=1957) to work on /home/airflow/.local/lib/python3.12/site-packages/airflow/example_dags/example_branch_datetime_operator.py
[2024-11-04T14:39:30.883+0000] {processor.py:914} INFO - Processing file /home/airflow/.local/lib/python3.12/site-packages/airflow/example_dags/example_branch_datetime_operator.py for tasks to queue
[2024-11-04T14:39:30.886+0000] {logging_mixin.py:190} INFO - [2024-11-04T14:39:30.885+0000] {dagbag.py:588} INFO - Filling up the DagBag from /home/airflow/.local/lib/python3.12/site-packages/airflow/example_dags/example_branch_datetime_operator.py
[2024-11-04T14:39:30.895+0000] {processor.py:925} INFO - DAG(s) 'example_branch_datetime_operator', 'example_branch_datetime_operator_3', 'example_branch_datetime_operator_2' retrieved from /home/airflow/.local/lib/python3.12/site-packages/airflow/example_dags/example_branch_datetime_operator.py
[2024-11-04T14:39:30.919+0000] {logging_mixin.py:190} INFO - [2024-11-04T14:39:30.919+0000] {dag.py:3239} INFO - Sync 3 DAGs
[2024-11-04T14:39:30.945+0000] {logging_mixin.py:190} INFO - [2024-11-04T14:39:30.945+0000] {dag.py:4180} INFO - Setting next_dagrun for example_branch_datetime_operator to 2024-11-03 00:00:00+00:00, run_after=2024-11-04 00:00:00+00:00
[2024-11-04T14:39:30.950+0000] {logging_mixin.py:190} INFO - [2024-11-04T14:39:30.950+0000] {dag.py:4180} INFO - Setting next_dagrun for example_branch_datetime_operator_2 to 2024-11-03 00:00:00+00:00, run_after=2024-11-04 00:00:00+00:00
[2024-11-04T14:39:30.953+0000] {logging_mixin.py:190} INFO - [2024-11-04T14:39:30.953+0000] {dag.py:4180} INFO - Setting next_dagrun for example_branch_datetime_operator_3 to 2024-11-03 00:00:00+00:00, run_after=2024-11-04 00:00:00+00:00
[2024-11-04T14:39:30.972+0000] {processor.py:208} INFO - Processing /home/airflow/.local/lib/python3.12/site-packages/airflow/example_dags/example_branch_datetime_operator.py took 0.095 seconds
[2024-11-04T14:40:01.780+0000] {processor.py:186} INFO - Started process (PID=2243) to work on /home/airflow/.local/lib/python3.12/site-packages/airflow/example_dags/example_branch_datetime_operator.py
[2024-11-04T14:40:01.781+0000] {processor.py:914} INFO - Processing file /home/airflow/.local/lib/python3.12/site-packages/airflow/example_dags/example_branch_datetime_operator.py for tasks to queue
[2024-11-04T14:40:01.785+0000] {logging_mixin.py:190} INFO - [2024-11-04T14:40:01.784+0000] {dagbag.py:588} INFO - Filling up the DagBag from /home/airflow/.local/lib/python3.12/site-packages/airflow/example_dags/example_branch_datetime_operator.py
[2024-11-04T14:40:01.796+0000] {processor.py:925} INFO - DAG(s) 'example_branch_datetime_operator', 'example_branch_datetime_operator_3', 'example_branch_datetime_operator_2' retrieved from /home/airflow/.local/lib/python3.12/site-packages/airflow/example_dags/example_branch_datetime_operator.py
[2024-11-04T14:40:01.827+0000] {logging_mixin.py:190} INFO - [2024-11-04T14:40:01.827+0000] {dag.py:3239} INFO - Sync 3 DAGs
[2024-11-04T14:40:01.858+0000] {logging_mixin.py:190} INFO - [2024-11-04T14:40:01.858+0000] {dag.py:4180} INFO - Setting next_dagrun for example_branch_datetime_operator to 2024-11-03 00:00:00+00:00, run_after=2024-11-04 00:00:00+00:00
[2024-11-04T14:40:01.864+0000] {logging_mixin.py:190} INFO - [2024-11-04T14:40:01.863+0000] {dag.py:4180} INFO - Setting next_dagrun for example_branch_datetime_operator_2 to 2024-11-03 00:00:00+00:00, run_after=2024-11-04 00:00:00+00:00
[2024-11-04T14:40:01.869+0000] {logging_mixin.py:190} INFO - [2024-11-04T14:40:01.868+0000] {dag.py:4180} INFO - Setting next_dagrun for example_branch_datetime_operator_3 to 2024-11-03 00:00:00+00:00, run_after=2024-11-04 00:00:00+00:00
[2024-11-04T14:40:01.893+0000] {processor.py:208} INFO - Processing /home/airflow/.local/lib/python3.12/site-packages/airflow/example_dags/example_branch_datetime_operator.py took 0.118 seconds
[2024-11-04T14:40:32.290+0000] {processor.py:186} INFO - Started process (PID=2529) to work on /home/airflow/.local/lib/python3.12/site-packages/airflow/example_dags/example_branch_datetime_operator.py
[2024-11-04T14:40:32.292+0000] {processor.py:914} INFO - Processing file /home/airflow/.local/lib/python3.12/site-packages/airflow/example_dags/example_branch_datetime_operator.py for tasks to queue
[2024-11-04T14:40:32.294+0000] {logging_mixin.py:190} INFO - [2024-11-04T14:40:32.294+0000] {dagbag.py:588} INFO - Filling up the DagBag from /home/airflow/.local/lib/python3.12/site-packages/airflow/example_dags/example_branch_datetime_operator.py
[2024-11-04T14:40:32.303+0000] {processor.py:925} INFO - DAG(s) 'example_branch_datetime_operator', 'example_branch_datetime_operator_3', 'example_branch_datetime_operator_2' retrieved from /home/airflow/.local/lib/python3.12/site-packages/airflow/example_dags/example_branch_datetime_operator.py
[2024-11-04T14:40:32.327+0000] {logging_mixin.py:190} INFO - [2024-11-04T14:40:32.327+0000] {dag.py:3239} INFO - Sync 3 DAGs
[2024-11-04T14:40:32.348+0000] {logging_mixin.py:190} INFO - [2024-11-04T14:40:32.348+0000] {dag.py:4180} INFO - Setting next_dagrun for example_branch_datetime_operator to 2024-11-03 00:00:00+00:00, run_after=2024-11-04 00:00:00+00:00
[2024-11-04T14:40:32.353+0000] {logging_mixin.py:190} INFO - [2024-11-04T14:40:32.352+0000] {dag.py:4180} INFO - Setting next_dagrun for example_branch_datetime_operator_2 to 2024-11-03 00:00:00+00:00, run_after=2024-11-04 00:00:00+00:00
[2024-11-04T14:40:32.355+0000] {logging_mixin.py:190} INFO - [2024-11-04T14:40:32.355+0000] {dag.py:4180} INFO - Setting next_dagrun for example_branch_datetime_operator_3 to 2024-11-03 00:00:00+00:00, run_after=2024-11-04 00:00:00+00:00
[2024-11-04T14:40:32.372+0000] {processor.py:208} INFO - Processing /home/airflow/.local/lib/python3.12/site-packages/airflow/example_dags/example_branch_datetime_operator.py took 0.087 seconds
[2024-11-04T14:41:02.918+0000] {processor.py:186} INFO - Started process (PID=2815) to work on /home/airflow/.local/lib/python3.12/site-packages/airflow/example_dags/example_branch_datetime_operator.py
[2024-11-04T14:41:02.920+0000] {processor.py:914} INFO - Processing file /home/airflow/.local/lib/python3.12/site-packages/airflow/example_dags/example_branch_datetime_operator.py for tasks to queue
[2024-11-04T14:41:02.924+0000] {logging_mixin.py:190} INFO - [2024-11-04T14:41:02.924+0000] {dagbag.py:588} INFO - Filling up the DagBag from /home/airflow/.local/lib/python3.12/site-packages/airflow/example_dags/example_branch_datetime_operator.py
[2024-11-04T14:41:02.950+0000] {processor.py:925} INFO - DAG(s) 'example_branch_datetime_operator_3', 'example_branch_datetime_operator_2', 'example_branch_datetime_operator' retrieved from /home/airflow/.local/lib/python3.12/site-packages/airflow/example_dags/example_branch_datetime_operator.py
[2024-11-04T14:41:03.007+0000] {logging_mixin.py:190} INFO - [2024-11-04T14:41:03.007+0000] {dag.py:3239} INFO - Sync 3 DAGs
[2024-11-04T14:41:03.052+0000] {logging_mixin.py:190} INFO - [2024-11-04T14:41:03.051+0000] {dag.py:4180} INFO - Setting next_dagrun for example_branch_datetime_operator to 2024-11-03 00:00:00+00:00, run_after=2024-11-04 00:00:00+00:00
[2024-11-04T14:41:03.063+0000] {logging_mixin.py:190} INFO - [2024-11-04T14:41:03.062+0000] {dag.py:4180} INFO - Setting next_dagrun for example_branch_datetime_operator_2 to 2024-11-03 00:00:00+00:00, run_after=2024-11-04 00:00:00+00:00
[2024-11-04T14:41:03.068+0000] {logging_mixin.py:190} INFO - [2024-11-04T14:41:03.068+0000] {dag.py:4180} INFO - Setting next_dagrun for example_branch_datetime_operator_3 to 2024-11-03 00:00:00+00:00, run_after=2024-11-04 00:00:00+00:00
[2024-11-04T14:41:03.105+0000] {processor.py:208} INFO - Processing /home/airflow/.local/lib/python3.12/site-packages/airflow/example_dags/example_branch_datetime_operator.py took 0.200 seconds
[2024-11-04T14:41:33.248+0000] {processor.py:186} INFO - Started process (PID=3101) to work on /home/airflow/.local/lib/python3.12/site-packages/airflow/example_dags/example_branch_datetime_operator.py
[2024-11-04T14:41:33.251+0000] {processor.py:914} INFO - Processing file /home/airflow/.local/lib/python3.12/site-packages/airflow/example_dags/example_branch_datetime_operator.py for tasks to queue
[2024-11-04T14:41:33.254+0000] {logging_mixin.py:190} INFO - [2024-11-04T14:41:33.253+0000] {dagbag.py:588} INFO - Filling up the DagBag from /home/airflow/.local/lib/python3.12/site-packages/airflow/example_dags/example_branch_datetime_operator.py
[2024-11-04T14:41:33.263+0000] {processor.py:925} INFO - DAG(s) 'example_branch_datetime_operator_3', 'example_branch_datetime_operator_2', 'example_branch_datetime_operator' retrieved from /home/airflow/.local/lib/python3.12/site-packages/airflow/example_dags/example_branch_datetime_operator.py
[2024-11-04T14:41:33.288+0000] {logging_mixin.py:190} INFO - [2024-11-04T14:41:33.288+0000] {dag.py:3239} INFO - Sync 3 DAGs
[2024-11-04T14:41:33.307+0000] {logging_mixin.py:190} INFO - [2024-11-04T14:41:33.306+0000] {dag.py:4180} INFO - Setting next_dagrun for example_branch_datetime_operator to 2024-11-03 00:00:00+00:00, run_after=2024-11-04 00:00:00+00:00
[2024-11-04T14:41:33.311+0000] {logging_mixin.py:190} INFO - [2024-11-04T14:41:33.311+0000] {dag.py:4180} INFO - Setting next_dagrun for example_branch_datetime_operator_2 to 2024-11-03 00:00:00+00:00, run_after=2024-11-04 00:00:00+00:00
[2024-11-04T14:41:33.314+0000] {logging_mixin.py:190} INFO - [2024-11-04T14:41:33.314+0000] {dag.py:4180} INFO - Setting next_dagrun for example_branch_datetime_operator_3 to 2024-11-03 00:00:00+00:00, run_after=2024-11-04 00:00:00+00:00
[2024-11-04T14:41:33.329+0000] {processor.py:208} INFO - Processing /home/airflow/.local/lib/python3.12/site-packages/airflow/example_dags/example_branch_datetime_operator.py took 0.085 seconds
[2024-11-04T14:42:03.743+0000] {processor.py:186} INFO - Started process (PID=3389) to work on /home/airflow/.local/lib/python3.12/site-packages/airflow/example_dags/example_branch_datetime_operator.py
[2024-11-04T14:42:03.745+0000] {processor.py:914} INFO - Processing file /home/airflow/.local/lib/python3.12/site-packages/airflow/example_dags/example_branch_datetime_operator.py for tasks to queue
[2024-11-04T14:42:03.747+0000] {logging_mixin.py:190} INFO - [2024-11-04T14:42:03.747+0000] {dagbag.py:588} INFO - Filling up the DagBag from /home/airflow/.local/lib/python3.12/site-packages/airflow/example_dags/example_branch_datetime_operator.py
[2024-11-04T14:42:03.758+0000] {processor.py:925} INFO - DAG(s) 'example_branch_datetime_operator', 'example_branch_datetime_operator_2', 'example_branch_datetime_operator_3' retrieved from /home/airflow/.local/lib/python3.12/site-packages/airflow/example_dags/example_branch_datetime_operator.py
[2024-11-04T14:42:03.782+0000] {logging_mixin.py:190} INFO - [2024-11-04T14:42:03.782+0000] {dag.py:3239} INFO - Sync 3 DAGs
[2024-11-04T14:42:03.802+0000] {logging_mixin.py:190} INFO - [2024-11-04T14:42:03.802+0000] {dag.py:4180} INFO - Setting next_dagrun for example_branch_datetime_operator to 2024-11-03 00:00:00+00:00, run_after=2024-11-04 00:00:00+00:00
[2024-11-04T14:42:03.807+0000] {logging_mixin.py:190} INFO - [2024-11-04T14:42:03.807+0000] {dag.py:4180} INFO - Setting next_dagrun for example_branch_datetime_operator_2 to 2024-11-03 00:00:00+00:00, run_after=2024-11-04 00:00:00+00:00
[2024-11-04T14:42:03.809+0000] {logging_mixin.py:190} INFO - [2024-11-04T14:42:03.809+0000] {dag.py:4180} INFO - Setting next_dagrun for example_branch_datetime_operator_3 to 2024-11-03 00:00:00+00:00, run_after=2024-11-04 00:00:00+00:00
[2024-11-04T14:42:03.826+0000] {processor.py:208} INFO - Processing /home/airflow/.local/lib/python3.12/site-packages/airflow/example_dags/example_branch_datetime_operator.py took 0.088 seconds
[2024-11-04T14:42:34.520+0000] {processor.py:186} INFO - Started process (PID=3674) to work on /home/airflow/.local/lib/python3.12/site-packages/airflow/example_dags/example_branch_datetime_operator.py
[2024-11-04T14:42:34.521+0000] {processor.py:914} INFO - Processing file /home/airflow/.local/lib/python3.12/site-packages/airflow/example_dags/example_branch_datetime_operator.py for tasks to queue
[2024-11-04T14:42:34.524+0000] {logging_mixin.py:190} INFO - [2024-11-04T14:42:34.524+0000] {dagbag.py:588} INFO - Filling up the DagBag from /home/airflow/.local/lib/python3.12/site-packages/airflow/example_dags/example_branch_datetime_operator.py
[2024-11-04T14:42:34.533+0000] {processor.py:925} INFO - DAG(s) 'example_branch_datetime_operator_3', 'example_branch_datetime_operator_2', 'example_branch_datetime_operator' retrieved from /home/airflow/.local/lib/python3.12/site-packages/airflow/example_dags/example_branch_datetime_operator.py
[2024-11-04T14:42:34.560+0000] {logging_mixin.py:190} INFO - [2024-11-04T14:42:34.560+0000] {dag.py:3239} INFO - Sync 3 DAGs
[2024-11-04T14:42:34.580+0000] {logging_mixin.py:190} INFO - [2024-11-04T14:42:34.579+0000] {dag.py:4180} INFO - Setting next_dagrun for example_branch_datetime_operator to 2024-11-03 00:00:00+00:00, run_after=2024-11-04 00:00:00+00:00
[2024-11-04T14:42:34.584+0000] {logging_mixin.py:190} INFO - [2024-11-04T14:42:34.584+0000] {dag.py:4180} INFO - Setting next_dagrun for example_branch_datetime_operator_2 to 2024-11-03 00:00:00+00:00, run_after=2024-11-04 00:00:00+00:00
[2024-11-04T14:42:34.587+0000] {logging_mixin.py:190} INFO - [2024-11-04T14:42:34.587+0000] {dag.py:4180} INFO - Setting next_dagrun for example_branch_datetime_operator_3 to 2024-11-03 00:00:00+00:00, run_after=2024-11-04 00:00:00+00:00
[2024-11-04T14:42:34.604+0000] {processor.py:208} INFO - Processing /home/airflow/.local/lib/python3.12/site-packages/airflow/example_dags/example_branch_datetime_operator.py took 0.090 seconds
[2024-11-04T14:43:05.103+0000] {processor.py:186} INFO - Started process (PID=3960) to work on /home/airflow/.local/lib/python3.12/site-packages/airflow/example_dags/example_branch_datetime_operator.py
[2024-11-04T14:43:05.105+0000] {processor.py:914} INFO - Processing file /home/airflow/.local/lib/python3.12/site-packages/airflow/example_dags/example_branch_datetime_operator.py for tasks to queue
[2024-11-04T14:43:05.107+0000] {logging_mixin.py:190} INFO - [2024-11-04T14:43:05.107+0000] {dagbag.py:588} INFO - Filling up the DagBag from /home/airflow/.local/lib/python3.12/site-packages/airflow/example_dags/example_branch_datetime_operator.py
[2024-11-04T14:43:05.119+0000] {processor.py:925} INFO - DAG(s) 'example_branch_datetime_operator_2', 'example_branch_datetime_operator', 'example_branch_datetime_operator_3' retrieved from /home/airflow/.local/lib/python3.12/site-packages/airflow/example_dags/example_branch_datetime_operator.py
[2024-11-04T14:43:05.145+0000] {logging_mixin.py:190} INFO - [2024-11-04T14:43:05.145+0000] {dag.py:3239} INFO - Sync 3 DAGs
[2024-11-04T14:43:05.170+0000] {logging_mixin.py:190} INFO - [2024-11-04T14:43:05.169+0000] {dag.py:4180} INFO - Setting next_dagrun for example_branch_datetime_operator to 2024-11-03 00:00:00+00:00, run_after=2024-11-04 00:00:00+00:00
[2024-11-04T14:43:05.182+0000] {logging_mixin.py:190} INFO - [2024-11-04T14:43:05.181+0000] {dag.py:4180} INFO - Setting next_dagrun for example_branch_datetime_operator_2 to 2024-11-03 00:00:00+00:00, run_after=2024-11-04 00:00:00+00:00
[2024-11-04T14:43:05.186+0000] {logging_mixin.py:190} INFO - [2024-11-04T14:43:05.186+0000] {dag.py:4180} INFO - Setting next_dagrun for example_branch_datetime_operator_3 to 2024-11-03 00:00:00+00:00, run_after=2024-11-04 00:00:00+00:00
[2024-11-04T14:43:05.209+0000] {processor.py:208} INFO - Processing /home/airflow/.local/lib/python3.12/site-packages/airflow/example_dags/example_branch_datetime_operator.py took 0.111 seconds
[2024-11-04T14:44:53.886+0000] {processor.py:186} INFO - Started process (PID=241) to work on /home/airflow/.local/lib/python3.12/site-packages/airflow/example_dags/example_branch_datetime_operator.py
[2024-11-04T14:44:53.888+0000] {processor.py:914} INFO - Processing file /home/airflow/.local/lib/python3.12/site-packages/airflow/example_dags/example_branch_datetime_operator.py for tasks to queue
[2024-11-04T14:44:53.894+0000] {logging_mixin.py:190} INFO - [2024-11-04T14:44:53.893+0000] {dagbag.py:588} INFO - Filling up the DagBag from /home/airflow/.local/lib/python3.12/site-packages/airflow/example_dags/example_branch_datetime_operator.py
[2024-11-04T14:44:53.924+0000] {processor.py:925} INFO - DAG(s) 'example_branch_datetime_operator_2', 'example_branch_datetime_operator', 'example_branch_datetime_operator_3' retrieved from /home/airflow/.local/lib/python3.12/site-packages/airflow/example_dags/example_branch_datetime_operator.py
[2024-11-04T14:44:54.119+0000] {logging_mixin.py:190} INFO - [2024-11-04T14:44:54.117+0000] {override.py:1900} INFO - Created Permission View: can delete on DAG:example_branch_datetime_operator_2
[2024-11-04T14:44:54.141+0000] {logging_mixin.py:190} INFO - [2024-11-04T14:44:54.140+0000] {override.py:1900} INFO - Created Permission View: can read on DAG:example_branch_datetime_operator_2
[2024-11-04T14:44:54.156+0000] {logging_mixin.py:190} INFO - [2024-11-04T14:44:54.156+0000] {override.py:1900} INFO - Created Permission View: can edit on DAG:example_branch_datetime_operator_2
[2024-11-04T14:44:54.176+0000] {logging_mixin.py:190} INFO - [2024-11-04T14:44:54.175+0000] {override.py:1900} INFO - Created Permission View: can create on DAG Run:example_branch_datetime_operator_2
[2024-11-04T14:44:54.191+0000] {logging_mixin.py:190} INFO - [2024-11-04T14:44:54.190+0000] {override.py:1900} INFO - Created Permission View: can delete on DAG Run:example_branch_datetime_operator_2
[2024-11-04T14:44:54.207+0000] {logging_mixin.py:190} INFO - [2024-11-04T14:44:54.207+0000] {override.py:1900} INFO - Created Permission View: menu access on DAG Run:example_branch_datetime_operator_2
[2024-11-04T14:44:54.224+0000] {logging_mixin.py:190} INFO - [2024-11-04T14:44:54.223+0000] {override.py:1900} INFO - Created Permission View: can read on DAG Run:example_branch_datetime_operator_2
[2024-11-04T14:44:54.253+0000] {logging_mixin.py:190} INFO - [2024-11-04T14:44:54.252+0000] {override.py:1900} INFO - Created Permission View: can delete on DAG:example_branch_datetime_operator
[2024-11-04T14:44:54.267+0000] {logging_mixin.py:190} INFO - [2024-11-04T14:44:54.267+0000] {override.py:1900} INFO - Created Permission View: can read on DAG:example_branch_datetime_operator
[2024-11-04T14:44:54.281+0000] {logging_mixin.py:190} INFO - [2024-11-04T14:44:54.281+0000] {override.py:1900} INFO - Created Permission View: can edit on DAG:example_branch_datetime_operator
[2024-11-04T14:44:54.298+0000] {logging_mixin.py:190} INFO - [2024-11-04T14:44:54.298+0000] {override.py:1900} INFO - Created Permission View: can create on DAG Run:example_branch_datetime_operator
[2024-11-04T14:44:54.312+0000] {logging_mixin.py:190} INFO - [2024-11-04T14:44:54.312+0000] {override.py:1900} INFO - Created Permission View: can delete on DAG Run:example_branch_datetime_operator
[2024-11-04T14:44:54.326+0000] {logging_mixin.py:190} INFO - [2024-11-04T14:44:54.326+0000] {override.py:1900} INFO - Created Permission View: menu access on DAG Run:example_branch_datetime_operator
[2024-11-04T14:44:54.340+0000] {logging_mixin.py:190} INFO - [2024-11-04T14:44:54.339+0000] {override.py:1900} INFO - Created Permission View: can read on DAG Run:example_branch_datetime_operator
[2024-11-04T14:44:54.364+0000] {logging_mixin.py:190} INFO - [2024-11-04T14:44:54.363+0000] {override.py:1900} INFO - Created Permission View: can delete on DAG:example_branch_datetime_operator_3
[2024-11-04T14:44:54.377+0000] {logging_mixin.py:190} INFO - [2024-11-04T14:44:54.377+0000] {override.py:1900} INFO - Created Permission View: can read on DAG:example_branch_datetime_operator_3
[2024-11-04T14:44:54.391+0000] {logging_mixin.py:190} INFO - [2024-11-04T14:44:54.390+0000] {override.py:1900} INFO - Created Permission View: can edit on DAG:example_branch_datetime_operator_3
[2024-11-04T14:44:54.406+0000] {logging_mixin.py:190} INFO - [2024-11-04T14:44:54.405+0000] {override.py:1900} INFO - Created Permission View: can create on DAG Run:example_branch_datetime_operator_3
[2024-11-04T14:44:54.419+0000] {logging_mixin.py:190} INFO - [2024-11-04T14:44:54.418+0000] {override.py:1900} INFO - Created Permission View: can delete on DAG Run:example_branch_datetime_operator_3
[2024-11-04T14:44:54.431+0000] {logging_mixin.py:190} INFO - [2024-11-04T14:44:54.431+0000] {override.py:1900} INFO - Created Permission View: menu access on DAG Run:example_branch_datetime_operator_3
[2024-11-04T14:44:54.445+0000] {logging_mixin.py:190} INFO - [2024-11-04T14:44:54.445+0000] {override.py:1900} INFO - Created Permission View: can read on DAG Run:example_branch_datetime_operator_3
[2024-11-04T14:44:54.447+0000] {logging_mixin.py:190} INFO - [2024-11-04T14:44:54.446+0000] {dag.py:3239} INFO - Sync 3 DAGs
[2024-11-04T14:44:54.468+0000] {logging_mixin.py:190} INFO - [2024-11-04T14:44:54.467+0000] {dag.py:3262} INFO - Creating ORM DAG for example_branch_datetime_operator_3
[2024-11-04T14:44:54.470+0000] {logging_mixin.py:190} INFO - [2024-11-04T14:44:54.469+0000] {dag.py:3262} INFO - Creating ORM DAG for example_branch_datetime_operator_2
[2024-11-04T14:44:54.471+0000] {logging_mixin.py:190} INFO - [2024-11-04T14:44:54.471+0000] {dag.py:3262} INFO - Creating ORM DAG for example_branch_datetime_operator
[2024-11-04T14:44:54.492+0000] {logging_mixin.py:190} INFO - [2024-11-04T14:44:54.491+0000] {dag.py:4180} INFO - Setting next_dagrun for example_branch_datetime_operator to 2024-11-03 00:00:00+00:00, run_after=2024-11-04 00:00:00+00:00
[2024-11-04T14:44:54.497+0000] {logging_mixin.py:190} INFO - [2024-11-04T14:44:54.496+0000] {dag.py:4180} INFO - Setting next_dagrun for example_branch_datetime_operator_2 to 2024-11-03 00:00:00+00:00, run_after=2024-11-04 00:00:00+00:00
[2024-11-04T14:44:54.500+0000] {logging_mixin.py:190} INFO - [2024-11-04T14:44:54.499+0000] {dag.py:4180} INFO - Setting next_dagrun for example_branch_datetime_operator_3 to 2024-11-03 00:00:00+00:00, run_after=2024-11-04 00:00:00+00:00
[2024-11-04T14:44:54.531+0000] {processor.py:208} INFO - Processing /home/airflow/.local/lib/python3.12/site-packages/airflow/example_dags/example_branch_datetime_operator.py took 0.656 seconds
[2024-11-04T14:45:24.929+0000] {processor.py:186} INFO - Started process (PID=527) to work on /home/airflow/.local/lib/python3.12/site-packages/airflow/example_dags/example_branch_datetime_operator.py
[2024-11-04T14:45:24.931+0000] {processor.py:914} INFO - Processing file /home/airflow/.local/lib/python3.12/site-packages/airflow/example_dags/example_branch_datetime_operator.py for tasks to queue
[2024-11-04T14:45:24.935+0000] {logging_mixin.py:190} INFO - [2024-11-04T14:45:24.934+0000] {dagbag.py:588} INFO - Filling up the DagBag from /home/airflow/.local/lib/python3.12/site-packages/airflow/example_dags/example_branch_datetime_operator.py
[2024-11-04T14:45:24.954+0000] {processor.py:925} INFO - DAG(s) 'example_branch_datetime_operator', 'example_branch_datetime_operator_3', 'example_branch_datetime_operator_2' retrieved from /home/airflow/.local/lib/python3.12/site-packages/airflow/example_dags/example_branch_datetime_operator.py
[2024-11-04T14:45:24.995+0000] {logging_mixin.py:190} INFO - [2024-11-04T14:45:24.995+0000] {dag.py:3239} INFO - Sync 3 DAGs
[2024-11-04T14:45:25.031+0000] {logging_mixin.py:190} INFO - [2024-11-04T14:45:25.031+0000] {dag.py:4180} INFO - Setting next_dagrun for example_branch_datetime_operator to 2024-11-03 00:00:00+00:00, run_after=2024-11-04 00:00:00+00:00
[2024-11-04T14:45:25.040+0000] {logging_mixin.py:190} INFO - [2024-11-04T14:45:25.040+0000] {dag.py:4180} INFO - Setting next_dagrun for example_branch_datetime_operator_2 to 2024-11-03 00:00:00+00:00, run_after=2024-11-04 00:00:00+00:00
[2024-11-04T14:45:25.045+0000] {logging_mixin.py:190} INFO - [2024-11-04T14:45:25.045+0000] {dag.py:4180} INFO - Setting next_dagrun for example_branch_datetime_operator_3 to 2024-11-03 00:00:00+00:00, run_after=2024-11-04 00:00:00+00:00
[2024-11-04T14:45:25.072+0000] {processor.py:208} INFO - Processing /home/airflow/.local/lib/python3.12/site-packages/airflow/example_dags/example_branch_datetime_operator.py took 0.156 seconds
[2024-11-04T14:45:55.303+0000] {processor.py:186} INFO - Started process (PID=813) to work on /home/airflow/.local/lib/python3.12/site-packages/airflow/example_dags/example_branch_datetime_operator.py
[2024-11-04T14:45:55.305+0000] {processor.py:914} INFO - Processing file /home/airflow/.local/lib/python3.12/site-packages/airflow/example_dags/example_branch_datetime_operator.py for tasks to queue
[2024-11-04T14:45:55.308+0000] {logging_mixin.py:190} INFO - [2024-11-04T14:45:55.308+0000] {dagbag.py:588} INFO - Filling up the DagBag from /home/airflow/.local/lib/python3.12/site-packages/airflow/example_dags/example_branch_datetime_operator.py
[2024-11-04T14:45:55.318+0000] {processor.py:925} INFO - DAG(s) 'example_branch_datetime_operator_3', 'example_branch_datetime_operator_2', 'example_branch_datetime_operator' retrieved from /home/airflow/.local/lib/python3.12/site-packages/airflow/example_dags/example_branch_datetime_operator.py
[2024-11-04T14:45:55.346+0000] {logging_mixin.py:190} INFO - [2024-11-04T14:45:55.345+0000] {dag.py:3239} INFO - Sync 3 DAGs
[2024-11-04T14:45:55.367+0000] {logging_mixin.py:190} INFO - [2024-11-04T14:45:55.367+0000] {dag.py:4180} INFO - Setting next_dagrun for example_branch_datetime_operator to 2024-11-03 00:00:00+00:00, run_after=2024-11-04 00:00:00+00:00
[2024-11-04T14:45:55.371+0000] {logging_mixin.py:190} INFO - [2024-11-04T14:45:55.371+0000] {dag.py:4180} INFO - Setting next_dagrun for example_branch_datetime_operator_2 to 2024-11-03 00:00:00+00:00, run_after=2024-11-04 00:00:00+00:00
[2024-11-04T14:45:55.374+0000] {logging_mixin.py:190} INFO - [2024-11-04T14:45:55.374+0000] {dag.py:4180} INFO - Setting next_dagrun for example_branch_datetime_operator_3 to 2024-11-03 00:00:00+00:00, run_after=2024-11-04 00:00:00+00:00
[2024-11-04T14:45:55.391+0000] {processor.py:208} INFO - Processing /home/airflow/.local/lib/python3.12/site-packages/airflow/example_dags/example_branch_datetime_operator.py took 0.092 seconds
[2024-11-04T14:46:25.614+0000] {processor.py:186} INFO - Started process (PID=1099) to work on /home/airflow/.local/lib/python3.12/site-packages/airflow/example_dags/example_branch_datetime_operator.py
[2024-11-04T14:46:25.615+0000] {processor.py:914} INFO - Processing file /home/airflow/.local/lib/python3.12/site-packages/airflow/example_dags/example_branch_datetime_operator.py for tasks to queue
[2024-11-04T14:46:25.618+0000] {logging_mixin.py:190} INFO - [2024-11-04T14:46:25.617+0000] {dagbag.py:588} INFO - Filling up the DagBag from /home/airflow/.local/lib/python3.12/site-packages/airflow/example_dags/example_branch_datetime_operator.py
[2024-11-04T14:46:25.628+0000] {processor.py:925} INFO - DAG(s) 'example_branch_datetime_operator_2', 'example_branch_datetime_operator', 'example_branch_datetime_operator_3' retrieved from /home/airflow/.local/lib/python3.12/site-packages/airflow/example_dags/example_branch_datetime_operator.py
[2024-11-04T14:46:25.657+0000] {logging_mixin.py:190} INFO - [2024-11-04T14:46:25.657+0000] {dag.py:3239} INFO - Sync 3 DAGs
[2024-11-04T14:46:25.680+0000] {logging_mixin.py:190} INFO - [2024-11-04T14:46:25.680+0000] {dag.py:4180} INFO - Setting next_dagrun for example_branch_datetime_operator to 2024-11-03 00:00:00+00:00, run_after=2024-11-04 00:00:00+00:00
[2024-11-04T14:46:25.685+0000] {logging_mixin.py:190} INFO - [2024-11-04T14:46:25.685+0000] {dag.py:4180} INFO - Setting next_dagrun for example_branch_datetime_operator_2 to 2024-11-03 00:00:00+00:00, run_after=2024-11-04 00:00:00+00:00
[2024-11-04T14:46:25.688+0000] {logging_mixin.py:190} INFO - [2024-11-04T14:46:25.688+0000] {dag.py:4180} INFO - Setting next_dagrun for example_branch_datetime_operator_3 to 2024-11-03 00:00:00+00:00, run_after=2024-11-04 00:00:00+00:00
[2024-11-04T14:46:25.706+0000] {processor.py:208} INFO - Processing /home/airflow/.local/lib/python3.12/site-packages/airflow/example_dags/example_branch_datetime_operator.py took 0.097 seconds
[2024-11-04T14:46:56.127+0000] {processor.py:186} INFO - Started process (PID=1385) to work on /home/airflow/.local/lib/python3.12/site-packages/airflow/example_dags/example_branch_datetime_operator.py
[2024-11-04T14:46:56.129+0000] {processor.py:914} INFO - Processing file /home/airflow/.local/lib/python3.12/site-packages/airflow/example_dags/example_branch_datetime_operator.py for tasks to queue
[2024-11-04T14:46:56.131+0000] {logging_mixin.py:190} INFO - [2024-11-04T14:46:56.131+0000] {dagbag.py:588} INFO - Filling up the DagBag from /home/airflow/.local/lib/python3.12/site-packages/airflow/example_dags/example_branch_datetime_operator.py
[2024-11-04T14:46:56.140+0000] {processor.py:925} INFO - DAG(s) 'example_branch_datetime_operator_2', 'example_branch_datetime_operator', 'example_branch_datetime_operator_3' retrieved from /home/airflow/.local/lib/python3.12/site-packages/airflow/example_dags/example_branch_datetime_operator.py
[2024-11-04T14:46:56.164+0000] {logging_mixin.py:190} INFO - [2024-11-04T14:46:56.164+0000] {dag.py:3239} INFO - Sync 3 DAGs
[2024-11-04T14:46:56.186+0000] {logging_mixin.py:190} INFO - [2024-11-04T14:46:56.186+0000] {dag.py:4180} INFO - Setting next_dagrun for example_branch_datetime_operator to 2024-11-03 00:00:00+00:00, run_after=2024-11-04 00:00:00+00:00
[2024-11-04T14:46:56.193+0000] {logging_mixin.py:190} INFO - [2024-11-04T14:46:56.193+0000] {dag.py:4180} INFO - Setting next_dagrun for example_branch_datetime_operator_2 to 2024-11-03 00:00:00+00:00, run_after=2024-11-04 00:00:00+00:00
[2024-11-04T14:46:56.196+0000] {logging_mixin.py:190} INFO - [2024-11-04T14:46:56.195+0000] {dag.py:4180} INFO - Setting next_dagrun for example_branch_datetime_operator_3 to 2024-11-03 00:00:00+00:00, run_after=2024-11-04 00:00:00+00:00
[2024-11-04T14:46:56.211+0000] {processor.py:208} INFO - Processing /home/airflow/.local/lib/python3.12/site-packages/airflow/example_dags/example_branch_datetime_operator.py took 0.089 seconds
[2024-11-04T14:49:13.287+0000] {processor.py:186} INFO - Started process (PID=234) to work on /home/airflow/.local/lib/python3.12/site-packages/airflow/example_dags/example_branch_datetime_operator.py
[2024-11-04T14:49:13.289+0000] {processor.py:914} INFO - Processing file /home/airflow/.local/lib/python3.12/site-packages/airflow/example_dags/example_branch_datetime_operator.py for tasks to queue
[2024-11-04T14:49:13.292+0000] {logging_mixin.py:190} INFO - [2024-11-04T14:49:13.292+0000] {dagbag.py:588} INFO - Filling up the DagBag from /home/airflow/.local/lib/python3.12/site-packages/airflow/example_dags/example_branch_datetime_operator.py
[2024-11-04T14:49:13.313+0000] {processor.py:925} INFO - DAG(s) 'example_branch_datetime_operator_2', 'example_branch_datetime_operator_3', 'example_branch_datetime_operator' retrieved from /home/airflow/.local/lib/python3.12/site-packages/airflow/example_dags/example_branch_datetime_operator.py
[2024-11-04T14:49:13.443+0000] {logging_mixin.py:190} INFO - [2024-11-04T14:49:13.442+0000] {override.py:1900} INFO - Created Permission View: can edit on DAG:example_branch_datetime_operator_2
[2024-11-04T14:49:13.457+0000] {logging_mixin.py:190} INFO - [2024-11-04T14:49:13.457+0000] {override.py:1900} INFO - Created Permission View: can delete on DAG:example_branch_datetime_operator_2
[2024-11-04T14:49:13.468+0000] {logging_mixin.py:190} INFO - [2024-11-04T14:49:13.468+0000] {override.py:1900} INFO - Created Permission View: can read on DAG:example_branch_datetime_operator_2
[2024-11-04T14:49:13.482+0000] {logging_mixin.py:190} INFO - [2024-11-04T14:49:13.481+0000] {override.py:1900} INFO - Created Permission View: can create on DAG Run:example_branch_datetime_operator_2
[2024-11-04T14:49:13.493+0000] {logging_mixin.py:190} INFO - [2024-11-04T14:49:13.493+0000] {override.py:1900} INFO - Created Permission View: can read on DAG Run:example_branch_datetime_operator_2
[2024-11-04T14:49:13.504+0000] {logging_mixin.py:190} INFO - [2024-11-04T14:49:13.504+0000] {override.py:1900} INFO - Created Permission View: can delete on DAG Run:example_branch_datetime_operator_2
[2024-11-04T14:49:13.516+0000] {logging_mixin.py:190} INFO - [2024-11-04T14:49:13.515+0000] {override.py:1900} INFO - Created Permission View: menu access on DAG Run:example_branch_datetime_operator_2
[2024-11-04T14:49:13.537+0000] {logging_mixin.py:190} INFO - [2024-11-04T14:49:13.536+0000] {override.py:1900} INFO - Created Permission View: can edit on DAG:example_branch_datetime_operator_3
[2024-11-04T14:49:13.548+0000] {logging_mixin.py:190} INFO - [2024-11-04T14:49:13.547+0000] {override.py:1900} INFO - Created Permission View: can delete on DAG:example_branch_datetime_operator_3
[2024-11-04T14:49:13.561+0000] {logging_mixin.py:190} INFO - [2024-11-04T14:49:13.560+0000] {override.py:1900} INFO - Created Permission View: can read on DAG:example_branch_datetime_operator_3
[2024-11-04T14:49:13.574+0000] {logging_mixin.py:190} INFO - [2024-11-04T14:49:13.574+0000] {override.py:1900} INFO - Created Permission View: can create on DAG Run:example_branch_datetime_operator_3
[2024-11-04T14:49:13.585+0000] {logging_mixin.py:190} INFO - [2024-11-04T14:49:13.584+0000] {override.py:1900} INFO - Created Permission View: can read on DAG Run:example_branch_datetime_operator_3
[2024-11-04T14:49:13.596+0000] {logging_mixin.py:190} INFO - [2024-11-04T14:49:13.596+0000] {override.py:1900} INFO - Created Permission View: can delete on DAG Run:example_branch_datetime_operator_3
[2024-11-04T14:49:13.609+0000] {logging_mixin.py:190} INFO - [2024-11-04T14:49:13.608+0000] {override.py:1900} INFO - Created Permission View: menu access on DAG Run:example_branch_datetime_operator_3
[2024-11-04T14:49:13.630+0000] {logging_mixin.py:190} INFO - [2024-11-04T14:49:13.629+0000] {override.py:1900} INFO - Created Permission View: can edit on DAG:example_branch_datetime_operator
[2024-11-04T14:49:13.641+0000] {logging_mixin.py:190} INFO - [2024-11-04T14:49:13.641+0000] {override.py:1900} INFO - Created Permission View: can delete on DAG:example_branch_datetime_operator
[2024-11-04T14:49:13.652+0000] {logging_mixin.py:190} INFO - [2024-11-04T14:49:13.652+0000] {override.py:1900} INFO - Created Permission View: can read on DAG:example_branch_datetime_operator
[2024-11-04T14:49:13.665+0000] {logging_mixin.py:190} INFO - [2024-11-04T14:49:13.665+0000] {override.py:1900} INFO - Created Permission View: can create on DAG Run:example_branch_datetime_operator
[2024-11-04T14:49:13.677+0000] {logging_mixin.py:190} INFO - [2024-11-04T14:49:13.676+0000] {override.py:1900} INFO - Created Permission View: can read on DAG Run:example_branch_datetime_operator
[2024-11-04T14:49:13.688+0000] {logging_mixin.py:190} INFO - [2024-11-04T14:49:13.688+0000] {override.py:1900} INFO - Created Permission View: can delete on DAG Run:example_branch_datetime_operator
[2024-11-04T14:49:13.700+0000] {logging_mixin.py:190} INFO - [2024-11-04T14:49:13.699+0000] {override.py:1900} INFO - Created Permission View: menu access on DAG Run:example_branch_datetime_operator
[2024-11-04T14:49:13.701+0000] {logging_mixin.py:190} INFO - [2024-11-04T14:49:13.701+0000] {dag.py:3239} INFO - Sync 3 DAGs
[2024-11-04T14:49:13.718+0000] {logging_mixin.py:190} INFO - [2024-11-04T14:49:13.718+0000] {dag.py:3262} INFO - Creating ORM DAG for example_branch_datetime_operator_2
[2024-11-04T14:49:13.720+0000] {logging_mixin.py:190} INFO - [2024-11-04T14:49:13.720+0000] {dag.py:3262} INFO - Creating ORM DAG for example_branch_datetime_operator
[2024-11-04T14:49:13.722+0000] {logging_mixin.py:190} INFO - [2024-11-04T14:49:13.721+0000] {dag.py:3262} INFO - Creating ORM DAG for example_branch_datetime_operator_3
[2024-11-04T14:49:13.736+0000] {logging_mixin.py:190} INFO - [2024-11-04T14:49:13.736+0000] {dag.py:4180} INFO - Setting next_dagrun for example_branch_datetime_operator to 2024-11-03 00:00:00+00:00, run_after=2024-11-04 00:00:00+00:00
[2024-11-04T14:49:13.739+0000] {logging_mixin.py:190} INFO - [2024-11-04T14:49:13.739+0000] {dag.py:4180} INFO - Setting next_dagrun for example_branch_datetime_operator_2 to 2024-11-03 00:00:00+00:00, run_after=2024-11-04 00:00:00+00:00
[2024-11-04T14:49:13.742+0000] {logging_mixin.py:190} INFO - [2024-11-04T14:49:13.742+0000] {dag.py:4180} INFO - Setting next_dagrun for example_branch_datetime_operator_3 to 2024-11-03 00:00:00+00:00, run_after=2024-11-04 00:00:00+00:00
[2024-11-04T14:49:13.768+0000] {processor.py:208} INFO - Processing /home/airflow/.local/lib/python3.12/site-packages/airflow/example_dags/example_branch_datetime_operator.py took 0.488 seconds
