[2024-11-04T14:34:03.627+0000] {processor.py:186} INFO - Started process (PID=318) to work on /home/airflow/.local/lib/python3.12/site-packages/airflow/example_dags/example_dag_decorator.py
[2024-11-04T14:34:03.629+0000] {processor.py:914} INFO - Processing file /home/airflow/.local/lib/python3.12/site-packages/airflow/example_dags/example_dag_decorator.py for tasks to queue
[2024-11-04T14:34:03.633+0000] {logging_mixin.py:190} INFO - [2024-11-04T14:34:03.632+0000] {dagbag.py:588} INFO - Filling up the DagBag from /home/airflow/.local/lib/python3.12/site-packages/airflow/example_dags/example_dag_decorator.py
[2024-11-04T14:34:03.650+0000] {processor.py:925} INFO - DAG(s) 'example_dag_decorator' retrieved from /home/airflow/.local/lib/python3.12/site-packages/airflow/example_dags/example_dag_decorator.py
[2024-11-04T14:34:03.795+0000] {logging_mixin.py:190} INFO - [2024-11-04T14:34:03.794+0000] {override.py:1900} INFO - Created Permission View: can edit on DAG:example_dag_decorator
[2024-11-04T14:34:03.810+0000] {logging_mixin.py:190} INFO - [2024-11-04T14:34:03.810+0000] {override.py:1900} INFO - Created Permission View: can read on DAG:example_dag_decorator
[2024-11-04T14:34:03.822+0000] {logging_mixin.py:190} INFO - [2024-11-04T14:34:03.822+0000] {override.py:1900} INFO - Created Permission View: can delete on DAG:example_dag_decorator
[2024-11-04T14:34:03.836+0000] {logging_mixin.py:190} INFO - [2024-11-04T14:34:03.835+0000] {override.py:1900} INFO - Created Permission View: can read on DAG Run:example_dag_decorator
[2024-11-04T14:34:03.848+0000] {logging_mixin.py:190} INFO - [2024-11-04T14:34:03.848+0000] {override.py:1900} INFO - Created Permission View: can delete on DAG Run:example_dag_decorator
[2024-11-04T14:34:03.860+0000] {logging_mixin.py:190} INFO - [2024-11-04T14:34:03.860+0000] {override.py:1900} INFO - Created Permission View: menu access on DAG Run:example_dag_decorator
[2024-11-04T14:34:03.873+0000] {logging_mixin.py:190} INFO - [2024-11-04T14:34:03.872+0000] {override.py:1900} INFO - Created Permission View: can create on DAG Run:example_dag_decorator
[2024-11-04T14:34:03.874+0000] {logging_mixin.py:190} INFO - [2024-11-04T14:34:03.874+0000] {dag.py:3239} INFO - Sync 1 DAGs
[2024-11-04T14:34:03.891+0000] {logging_mixin.py:190} INFO - [2024-11-04T14:34:03.891+0000] {dag.py:3262} INFO - Creating ORM DAG for example_dag_decorator
[2024-11-04T14:34:03.893+0000] {logging_mixin.py:190} INFO - [2024-11-04T14:34:03.893+0000] {dag.py:4180} INFO - Setting next_dagrun for example_dag_decorator to None, run_after=None
[2024-11-04T14:34:03.922+0000] {processor.py:208} INFO - Processing /home/airflow/.local/lib/python3.12/site-packages/airflow/example_dags/example_dag_decorator.py took 0.303 seconds
[2024-11-04T14:34:34.516+0000] {processor.py:186} INFO - Started process (PID=613) to work on /home/airflow/.local/lib/python3.12/site-packages/airflow/example_dags/example_dag_decorator.py
[2024-11-04T14:34:34.517+0000] {processor.py:914} INFO - Processing file /home/airflow/.local/lib/python3.12/site-packages/airflow/example_dags/example_dag_decorator.py for tasks to queue
[2024-11-04T14:34:34.519+0000] {logging_mixin.py:190} INFO - [2024-11-04T14:34:34.519+0000] {dagbag.py:588} INFO - Filling up the DagBag from /home/airflow/.local/lib/python3.12/site-packages/airflow/example_dags/example_dag_decorator.py
[2024-11-04T14:34:34.529+0000] {processor.py:925} INFO - DAG(s) 'example_dag_decorator' retrieved from /home/airflow/.local/lib/python3.12/site-packages/airflow/example_dags/example_dag_decorator.py
[2024-11-04T14:34:34.618+0000] {logging_mixin.py:190} INFO - [2024-11-04T14:34:34.617+0000] {dag.py:3239} INFO - Sync 1 DAGs
[2024-11-04T14:34:34.627+0000] {logging_mixin.py:190} INFO - [2024-11-04T14:34:34.627+0000] {dag.py:4180} INFO - Setting next_dagrun for example_dag_decorator to None, run_after=None
[2024-11-04T14:34:34.649+0000] {processor.py:208} INFO - Processing /home/airflow/.local/lib/python3.12/site-packages/airflow/example_dags/example_dag_decorator.py took 0.139 seconds
[2024-11-04T14:35:04.762+0000] {processor.py:186} INFO - Started process (PID=899) to work on /home/airflow/.local/lib/python3.12/site-packages/airflow/example_dags/example_dag_decorator.py
[2024-11-04T14:35:04.763+0000] {processor.py:914} INFO - Processing file /home/airflow/.local/lib/python3.12/site-packages/airflow/example_dags/example_dag_decorator.py for tasks to queue
[2024-11-04T14:35:04.766+0000] {logging_mixin.py:190} INFO - [2024-11-04T14:35:04.766+0000] {dagbag.py:588} INFO - Filling up the DagBag from /home/airflow/.local/lib/python3.12/site-packages/airflow/example_dags/example_dag_decorator.py
[2024-11-04T14:35:04.777+0000] {processor.py:925} INFO - DAG(s) 'example_dag_decorator' retrieved from /home/airflow/.local/lib/python3.12/site-packages/airflow/example_dags/example_dag_decorator.py
[2024-11-04T14:35:04.864+0000] {logging_mixin.py:190} INFO - [2024-11-04T14:35:04.864+0000] {dag.py:3239} INFO - Sync 1 DAGs
[2024-11-04T14:35:04.874+0000] {logging_mixin.py:190} INFO - [2024-11-04T14:35:04.874+0000] {dag.py:4180} INFO - Setting next_dagrun for example_dag_decorator to None, run_after=None
[2024-11-04T14:35:04.894+0000] {processor.py:208} INFO - Processing /home/airflow/.local/lib/python3.12/site-packages/airflow/example_dags/example_dag_decorator.py took 0.139 seconds
[2024-11-04T14:36:31.381+0000] {processor.py:186} INFO - Started process (PID=327) to work on /home/airflow/.local/lib/python3.12/site-packages/airflow/example_dags/example_dag_decorator.py
[2024-11-04T14:36:31.383+0000] {processor.py:914} INFO - Processing file /home/airflow/.local/lib/python3.12/site-packages/airflow/example_dags/example_dag_decorator.py for tasks to queue
[2024-11-04T14:36:31.388+0000] {logging_mixin.py:190} INFO - [2024-11-04T14:36:31.387+0000] {dagbag.py:588} INFO - Filling up the DagBag from /home/airflow/.local/lib/python3.12/site-packages/airflow/example_dags/example_dag_decorator.py
[2024-11-04T14:36:31.406+0000] {processor.py:925} INFO - DAG(s) 'example_dag_decorator' retrieved from /home/airflow/.local/lib/python3.12/site-packages/airflow/example_dags/example_dag_decorator.py
[2024-11-04T14:36:31.568+0000] {logging_mixin.py:190} INFO - [2024-11-04T14:36:31.567+0000] {override.py:1900} INFO - Created Permission View: can delete on DAG:example_dag_decorator
[2024-11-04T14:36:31.587+0000] {logging_mixin.py:190} INFO - [2024-11-04T14:36:31.586+0000] {override.py:1900} INFO - Created Permission View: can read on DAG:example_dag_decorator
[2024-11-04T14:36:31.602+0000] {logging_mixin.py:190} INFO - [2024-11-04T14:36:31.601+0000] {override.py:1900} INFO - Created Permission View: can edit on DAG:example_dag_decorator
[2024-11-04T14:36:31.617+0000] {logging_mixin.py:190} INFO - [2024-11-04T14:36:31.617+0000] {override.py:1900} INFO - Created Permission View: can create on DAG Run:example_dag_decorator
[2024-11-04T14:36:31.631+0000] {logging_mixin.py:190} INFO - [2024-11-04T14:36:31.630+0000] {override.py:1900} INFO - Created Permission View: can delete on DAG Run:example_dag_decorator
[2024-11-04T14:36:31.644+0000] {logging_mixin.py:190} INFO - [2024-11-04T14:36:31.644+0000] {override.py:1900} INFO - Created Permission View: can read on DAG Run:example_dag_decorator
[2024-11-04T14:36:31.658+0000] {logging_mixin.py:190} INFO - [2024-11-04T14:36:31.658+0000] {override.py:1900} INFO - Created Permission View: menu access on DAG Run:example_dag_decorator
[2024-11-04T14:36:31.660+0000] {logging_mixin.py:190} INFO - [2024-11-04T14:36:31.659+0000] {dag.py:3239} INFO - Sync 1 DAGs
[2024-11-04T14:36:31.683+0000] {logging_mixin.py:190} INFO - [2024-11-04T14:36:31.683+0000] {dag.py:3262} INFO - Creating ORM DAG for example_dag_decorator
[2024-11-04T14:36:31.685+0000] {logging_mixin.py:190} INFO - [2024-11-04T14:36:31.684+0000] {dag.py:4180} INFO - Setting next_dagrun for example_dag_decorator to None, run_after=None
[2024-11-04T14:36:31.713+0000] {processor.py:208} INFO - Processing /home/airflow/.local/lib/python3.12/site-packages/airflow/example_dags/example_dag_decorator.py took 0.341 seconds
[2024-11-04T14:37:02.330+0000] {processor.py:186} INFO - Started process (PID=611) to work on /home/airflow/.local/lib/python3.12/site-packages/airflow/example_dags/example_dag_decorator.py
[2024-11-04T14:37:02.332+0000] {processor.py:914} INFO - Processing file /home/airflow/.local/lib/python3.12/site-packages/airflow/example_dags/example_dag_decorator.py for tasks to queue
[2024-11-04T14:37:02.335+0000] {logging_mixin.py:190} INFO - [2024-11-04T14:37:02.335+0000] {dagbag.py:588} INFO - Filling up the DagBag from /home/airflow/.local/lib/python3.12/site-packages/airflow/example_dags/example_dag_decorator.py
[2024-11-04T14:37:02.347+0000] {processor.py:925} INFO - DAG(s) 'example_dag_decorator' retrieved from /home/airflow/.local/lib/python3.12/site-packages/airflow/example_dags/example_dag_decorator.py
[2024-11-04T14:37:02.367+0000] {logging_mixin.py:190} INFO - [2024-11-04T14:37:02.367+0000] {dag.py:3239} INFO - Sync 1 DAGs
[2024-11-04T14:37:02.380+0000] {logging_mixin.py:190} INFO - [2024-11-04T14:37:02.380+0000] {dag.py:4180} INFO - Setting next_dagrun for example_dag_decorator to None, run_after=None
[2024-11-04T14:37:02.405+0000] {processor.py:208} INFO - Processing /home/airflow/.local/lib/python3.12/site-packages/airflow/example_dags/example_dag_decorator.py took 0.080 seconds
[2024-11-04T14:37:32.731+0000] {processor.py:186} INFO - Started process (PID=897) to work on /home/airflow/.local/lib/python3.12/site-packages/airflow/example_dags/example_dag_decorator.py
[2024-11-04T14:37:32.733+0000] {processor.py:914} INFO - Processing file /home/airflow/.local/lib/python3.12/site-packages/airflow/example_dags/example_dag_decorator.py for tasks to queue
[2024-11-04T14:37:32.736+0000] {logging_mixin.py:190} INFO - [2024-11-04T14:37:32.736+0000] {dagbag.py:588} INFO - Filling up the DagBag from /home/airflow/.local/lib/python3.12/site-packages/airflow/example_dags/example_dag_decorator.py
[2024-11-04T14:37:32.751+0000] {processor.py:925} INFO - DAG(s) 'example_dag_decorator' retrieved from /home/airflow/.local/lib/python3.12/site-packages/airflow/example_dags/example_dag_decorator.py
[2024-11-04T14:37:32.781+0000] {logging_mixin.py:190} INFO - [2024-11-04T14:37:32.781+0000] {dag.py:3239} INFO - Sync 1 DAGs
[2024-11-04T14:37:32.799+0000] {logging_mixin.py:190} INFO - [2024-11-04T14:37:32.799+0000] {dag.py:4180} INFO - Setting next_dagrun for example_dag_decorator to None, run_after=None
[2024-11-04T14:37:32.828+0000] {processor.py:208} INFO - Processing /home/airflow/.local/lib/python3.12/site-packages/airflow/example_dags/example_dag_decorator.py took 0.105 seconds
[2024-11-04T14:38:03.086+0000] {processor.py:186} INFO - Started process (PID=1183) to work on /home/airflow/.local/lib/python3.12/site-packages/airflow/example_dags/example_dag_decorator.py
[2024-11-04T14:38:03.088+0000] {processor.py:914} INFO - Processing file /home/airflow/.local/lib/python3.12/site-packages/airflow/example_dags/example_dag_decorator.py for tasks to queue
[2024-11-04T14:38:03.091+0000] {logging_mixin.py:190} INFO - [2024-11-04T14:38:03.091+0000] {dagbag.py:588} INFO - Filling up the DagBag from /home/airflow/.local/lib/python3.12/site-packages/airflow/example_dags/example_dag_decorator.py
[2024-11-04T14:38:03.109+0000] {processor.py:925} INFO - DAG(s) 'example_dag_decorator' retrieved from /home/airflow/.local/lib/python3.12/site-packages/airflow/example_dags/example_dag_decorator.py
[2024-11-04T14:38:03.492+0000] {logging_mixin.py:190} INFO - [2024-11-04T14:38:03.492+0000] {dag.py:3239} INFO - Sync 1 DAGs
[2024-11-04T14:38:03.518+0000] {logging_mixin.py:190} INFO - [2024-11-04T14:38:03.518+0000] {dag.py:4180} INFO - Setting next_dagrun for example_dag_decorator to None, run_after=None
[2024-11-04T14:38:03.559+0000] {processor.py:208} INFO - Processing /home/airflow/.local/lib/python3.12/site-packages/airflow/example_dags/example_dag_decorator.py took 0.481 seconds
[2024-11-04T14:38:34.455+0000] {processor.py:186} INFO - Started process (PID=1472) to work on /home/airflow/.local/lib/python3.12/site-packages/airflow/example_dags/example_dag_decorator.py
[2024-11-04T14:38:34.457+0000] {processor.py:914} INFO - Processing file /home/airflow/.local/lib/python3.12/site-packages/airflow/example_dags/example_dag_decorator.py for tasks to queue
[2024-11-04T14:38:34.460+0000] {logging_mixin.py:190} INFO - [2024-11-04T14:38:34.459+0000] {dagbag.py:588} INFO - Filling up the DagBag from /home/airflow/.local/lib/python3.12/site-packages/airflow/example_dags/example_dag_decorator.py
[2024-11-04T14:38:34.470+0000] {processor.py:925} INFO - DAG(s) 'example_dag_decorator' retrieved from /home/airflow/.local/lib/python3.12/site-packages/airflow/example_dags/example_dag_decorator.py
[2024-11-04T14:38:34.564+0000] {logging_mixin.py:190} INFO - [2024-11-04T14:38:34.563+0000] {dag.py:3239} INFO - Sync 1 DAGs
[2024-11-04T14:38:34.572+0000] {logging_mixin.py:190} INFO - [2024-11-04T14:38:34.572+0000] {dag.py:4180} INFO - Setting next_dagrun for example_dag_decorator to None, run_after=None
[2024-11-04T14:38:34.588+0000] {processor.py:208} INFO - Processing /home/airflow/.local/lib/python3.12/site-packages/airflow/example_dags/example_dag_decorator.py took 0.138 seconds
[2024-11-04T14:39:05.347+0000] {processor.py:186} INFO - Started process (PID=1758) to work on /home/airflow/.local/lib/python3.12/site-packages/airflow/example_dags/example_dag_decorator.py
[2024-11-04T14:39:05.348+0000] {processor.py:914} INFO - Processing file /home/airflow/.local/lib/python3.12/site-packages/airflow/example_dags/example_dag_decorator.py for tasks to queue
[2024-11-04T14:39:05.352+0000] {logging_mixin.py:190} INFO - [2024-11-04T14:39:05.351+0000] {dagbag.py:588} INFO - Filling up the DagBag from /home/airflow/.local/lib/python3.12/site-packages/airflow/example_dags/example_dag_decorator.py
[2024-11-04T14:39:05.362+0000] {processor.py:925} INFO - DAG(s) 'example_dag_decorator' retrieved from /home/airflow/.local/lib/python3.12/site-packages/airflow/example_dags/example_dag_decorator.py
[2024-11-04T14:39:05.462+0000] {logging_mixin.py:190} INFO - [2024-11-04T14:39:05.462+0000] {dag.py:3239} INFO - Sync 1 DAGs
[2024-11-04T14:39:05.472+0000] {logging_mixin.py:190} INFO - [2024-11-04T14:39:05.472+0000] {dag.py:4180} INFO - Setting next_dagrun for example_dag_decorator to None, run_after=None
[2024-11-04T14:39:05.489+0000] {processor.py:208} INFO - Processing /home/airflow/.local/lib/python3.12/site-packages/airflow/example_dags/example_dag_decorator.py took 0.147 seconds
[2024-11-04T14:39:35.994+0000] {processor.py:186} INFO - Started process (PID=2044) to work on /home/airflow/.local/lib/python3.12/site-packages/airflow/example_dags/example_dag_decorator.py
[2024-11-04T14:39:35.996+0000] {processor.py:914} INFO - Processing file /home/airflow/.local/lib/python3.12/site-packages/airflow/example_dags/example_dag_decorator.py for tasks to queue
[2024-11-04T14:39:35.999+0000] {logging_mixin.py:190} INFO - [2024-11-04T14:39:35.999+0000] {dagbag.py:588} INFO - Filling up the DagBag from /home/airflow/.local/lib/python3.12/site-packages/airflow/example_dags/example_dag_decorator.py
[2024-11-04T14:39:36.011+0000] {processor.py:925} INFO - DAG(s) 'example_dag_decorator' retrieved from /home/airflow/.local/lib/python3.12/site-packages/airflow/example_dags/example_dag_decorator.py
[2024-11-04T14:39:36.128+0000] {logging_mixin.py:190} INFO - [2024-11-04T14:39:36.127+0000] {dag.py:3239} INFO - Sync 1 DAGs
[2024-11-04T14:39:36.141+0000] {logging_mixin.py:190} INFO - [2024-11-04T14:39:36.140+0000] {dag.py:4180} INFO - Setting next_dagrun for example_dag_decorator to None, run_after=None
[2024-11-04T14:39:36.166+0000] {processor.py:208} INFO - Processing /home/airflow/.local/lib/python3.12/site-packages/airflow/example_dags/example_dag_decorator.py took 0.179 seconds
[2024-11-04T14:40:06.419+0000] {processor.py:186} INFO - Started process (PID=2330) to work on /home/airflow/.local/lib/python3.12/site-packages/airflow/example_dags/example_dag_decorator.py
[2024-11-04T14:40:06.420+0000] {processor.py:914} INFO - Processing file /home/airflow/.local/lib/python3.12/site-packages/airflow/example_dags/example_dag_decorator.py for tasks to queue
[2024-11-04T14:40:06.423+0000] {logging_mixin.py:190} INFO - [2024-11-04T14:40:06.422+0000] {dagbag.py:588} INFO - Filling up the DagBag from /home/airflow/.local/lib/python3.12/site-packages/airflow/example_dags/example_dag_decorator.py
[2024-11-04T14:40:06.435+0000] {processor.py:925} INFO - DAG(s) 'example_dag_decorator' retrieved from /home/airflow/.local/lib/python3.12/site-packages/airflow/example_dags/example_dag_decorator.py
[2024-11-04T14:40:06.534+0000] {logging_mixin.py:190} INFO - [2024-11-04T14:40:06.534+0000] {dag.py:3239} INFO - Sync 1 DAGs
[2024-11-04T14:40:06.545+0000] {logging_mixin.py:190} INFO - [2024-11-04T14:40:06.545+0000] {dag.py:4180} INFO - Setting next_dagrun for example_dag_decorator to None, run_after=None
[2024-11-04T14:40:06.565+0000] {processor.py:208} INFO - Processing /home/airflow/.local/lib/python3.12/site-packages/airflow/example_dags/example_dag_decorator.py took 0.151 seconds
[2024-11-04T14:40:36.717+0000] {processor.py:186} INFO - Started process (PID=2621) to work on /home/airflow/.local/lib/python3.12/site-packages/airflow/example_dags/example_dag_decorator.py
[2024-11-04T14:40:36.719+0000] {processor.py:914} INFO - Processing file /home/airflow/.local/lib/python3.12/site-packages/airflow/example_dags/example_dag_decorator.py for tasks to queue
[2024-11-04T14:40:36.721+0000] {logging_mixin.py:190} INFO - [2024-11-04T14:40:36.721+0000] {dagbag.py:588} INFO - Filling up the DagBag from /home/airflow/.local/lib/python3.12/site-packages/airflow/example_dags/example_dag_decorator.py
[2024-11-04T14:40:36.731+0000] {processor.py:925} INFO - DAG(s) 'example_dag_decorator' retrieved from /home/airflow/.local/lib/python3.12/site-packages/airflow/example_dags/example_dag_decorator.py
[2024-11-04T14:40:36.814+0000] {logging_mixin.py:190} INFO - [2024-11-04T14:40:36.814+0000] {dag.py:3239} INFO - Sync 1 DAGs
[2024-11-04T14:40:36.825+0000] {logging_mixin.py:190} INFO - [2024-11-04T14:40:36.825+0000] {dag.py:4180} INFO - Setting next_dagrun for example_dag_decorator to None, run_after=None
[2024-11-04T14:40:36.843+0000] {processor.py:208} INFO - Processing /home/airflow/.local/lib/python3.12/site-packages/airflow/example_dags/example_dag_decorator.py took 0.131 seconds
[2024-11-04T14:41:07.902+0000] {processor.py:186} INFO - Started process (PID=2900) to work on /home/airflow/.local/lib/python3.12/site-packages/airflow/example_dags/example_dag_decorator.py
[2024-11-04T14:41:07.906+0000] {processor.py:914} INFO - Processing file /home/airflow/.local/lib/python3.12/site-packages/airflow/example_dags/example_dag_decorator.py for tasks to queue
[2024-11-04T14:41:07.930+0000] {logging_mixin.py:190} INFO - [2024-11-04T14:41:07.927+0000] {dagbag.py:588} INFO - Filling up the DagBag from /home/airflow/.local/lib/python3.12/site-packages/airflow/example_dags/example_dag_decorator.py
[2024-11-04T14:41:07.989+0000] {processor.py:925} INFO - DAG(s) 'example_dag_decorator' retrieved from /home/airflow/.local/lib/python3.12/site-packages/airflow/example_dags/example_dag_decorator.py
[2024-11-04T14:41:08.085+0000] {logging_mixin.py:190} INFO - [2024-11-04T14:41:08.084+0000] {dag.py:3239} INFO - Sync 1 DAGs
[2024-11-04T14:41:08.157+0000] {logging_mixin.py:190} INFO - [2024-11-04T14:41:08.156+0000] {dag.py:4180} INFO - Setting next_dagrun for example_dag_decorator to None, run_after=None
[2024-11-04T14:41:08.266+0000] {processor.py:208} INFO - Processing /home/airflow/.local/lib/python3.12/site-packages/airflow/example_dags/example_dag_decorator.py took 0.390 seconds
[2024-11-04T14:41:38.620+0000] {processor.py:186} INFO - Started process (PID=3188) to work on /home/airflow/.local/lib/python3.12/site-packages/airflow/example_dags/example_dag_decorator.py
[2024-11-04T14:41:38.622+0000] {processor.py:914} INFO - Processing file /home/airflow/.local/lib/python3.12/site-packages/airflow/example_dags/example_dag_decorator.py for tasks to queue
[2024-11-04T14:41:38.626+0000] {logging_mixin.py:190} INFO - [2024-11-04T14:41:38.626+0000] {dagbag.py:588} INFO - Filling up the DagBag from /home/airflow/.local/lib/python3.12/site-packages/airflow/example_dags/example_dag_decorator.py
[2024-11-04T14:41:38.644+0000] {processor.py:925} INFO - DAG(s) 'example_dag_decorator' retrieved from /home/airflow/.local/lib/python3.12/site-packages/airflow/example_dags/example_dag_decorator.py
[2024-11-04T14:41:38.797+0000] {logging_mixin.py:190} INFO - [2024-11-04T14:41:38.797+0000] {dag.py:3239} INFO - Sync 1 DAGs
[2024-11-04T14:41:38.816+0000] {logging_mixin.py:190} INFO - [2024-11-04T14:41:38.815+0000] {dag.py:4180} INFO - Setting next_dagrun for example_dag_decorator to None, run_after=None
[2024-11-04T14:41:38.849+0000] {processor.py:208} INFO - Processing /home/airflow/.local/lib/python3.12/site-packages/airflow/example_dags/example_dag_decorator.py took 0.237 seconds
[2024-11-04T14:42:08.992+0000] {processor.py:186} INFO - Started process (PID=3474) to work on /home/airflow/.local/lib/python3.12/site-packages/airflow/example_dags/example_dag_decorator.py
[2024-11-04T14:42:08.993+0000] {processor.py:914} INFO - Processing file /home/airflow/.local/lib/python3.12/site-packages/airflow/example_dags/example_dag_decorator.py for tasks to queue
[2024-11-04T14:42:08.996+0000] {logging_mixin.py:190} INFO - [2024-11-04T14:42:08.995+0000] {dagbag.py:588} INFO - Filling up the DagBag from /home/airflow/.local/lib/python3.12/site-packages/airflow/example_dags/example_dag_decorator.py
[2024-11-04T14:42:09.006+0000] {processor.py:925} INFO - DAG(s) 'example_dag_decorator' retrieved from /home/airflow/.local/lib/python3.12/site-packages/airflow/example_dags/example_dag_decorator.py
[2024-11-04T14:42:09.102+0000] {logging_mixin.py:190} INFO - [2024-11-04T14:42:09.102+0000] {dag.py:3239} INFO - Sync 1 DAGs
[2024-11-04T14:42:09.115+0000] {logging_mixin.py:190} INFO - [2024-11-04T14:42:09.115+0000] {dag.py:4180} INFO - Setting next_dagrun for example_dag_decorator to None, run_after=None
[2024-11-04T14:42:09.143+0000] {processor.py:208} INFO - Processing /home/airflow/.local/lib/python3.12/site-packages/airflow/example_dags/example_dag_decorator.py took 0.157 seconds
[2024-11-04T14:42:39.612+0000] {processor.py:186} INFO - Started process (PID=3759) to work on /home/airflow/.local/lib/python3.12/site-packages/airflow/example_dags/example_dag_decorator.py
[2024-11-04T14:42:39.613+0000] {processor.py:914} INFO - Processing file /home/airflow/.local/lib/python3.12/site-packages/airflow/example_dags/example_dag_decorator.py for tasks to queue
[2024-11-04T14:42:39.617+0000] {logging_mixin.py:190} INFO - [2024-11-04T14:42:39.616+0000] {dagbag.py:588} INFO - Filling up the DagBag from /home/airflow/.local/lib/python3.12/site-packages/airflow/example_dags/example_dag_decorator.py
[2024-11-04T14:42:39.632+0000] {processor.py:925} INFO - DAG(s) 'example_dag_decorator' retrieved from /home/airflow/.local/lib/python3.12/site-packages/airflow/example_dags/example_dag_decorator.py
[2024-11-04T14:42:39.746+0000] {logging_mixin.py:190} INFO - [2024-11-04T14:42:39.745+0000] {dag.py:3239} INFO - Sync 1 DAGs
[2024-11-04T14:42:39.759+0000] {logging_mixin.py:190} INFO - [2024-11-04T14:42:39.759+0000] {dag.py:4180} INFO - Setting next_dagrun for example_dag_decorator to None, run_after=None
[2024-11-04T14:42:39.779+0000] {processor.py:208} INFO - Processing /home/airflow/.local/lib/python3.12/site-packages/airflow/example_dags/example_dag_decorator.py took 0.173 seconds
[2024-11-04T14:43:10.218+0000] {processor.py:186} INFO - Started process (PID=4045) to work on /home/airflow/.local/lib/python3.12/site-packages/airflow/example_dags/example_dag_decorator.py
[2024-11-04T14:43:10.219+0000] {processor.py:914} INFO - Processing file /home/airflow/.local/lib/python3.12/site-packages/airflow/example_dags/example_dag_decorator.py for tasks to queue
[2024-11-04T14:43:10.223+0000] {logging_mixin.py:190} INFO - [2024-11-04T14:43:10.223+0000] {dagbag.py:588} INFO - Filling up the DagBag from /home/airflow/.local/lib/python3.12/site-packages/airflow/example_dags/example_dag_decorator.py
[2024-11-04T14:43:10.246+0000] {processor.py:925} INFO - DAG(s) 'example_dag_decorator' retrieved from /home/airflow/.local/lib/python3.12/site-packages/airflow/example_dags/example_dag_decorator.py
[2024-11-04T14:43:10.344+0000] {logging_mixin.py:190} INFO - [2024-11-04T14:43:10.344+0000] {dag.py:3239} INFO - Sync 1 DAGs
[2024-11-04T14:43:10.355+0000] {logging_mixin.py:190} INFO - [2024-11-04T14:43:10.354+0000] {dag.py:4180} INFO - Setting next_dagrun for example_dag_decorator to None, run_after=None
[2024-11-04T14:43:10.372+0000] {processor.py:208} INFO - Processing /home/airflow/.local/lib/python3.12/site-packages/airflow/example_dags/example_dag_decorator.py took 0.162 seconds
[2024-11-04T14:44:57.586+0000] {processor.py:186} INFO - Started process (PID=326) to work on /home/airflow/.local/lib/python3.12/site-packages/airflow/example_dags/example_dag_decorator.py
[2024-11-04T14:44:57.588+0000] {processor.py:914} INFO - Processing file /home/airflow/.local/lib/python3.12/site-packages/airflow/example_dags/example_dag_decorator.py for tasks to queue
[2024-11-04T14:44:57.592+0000] {logging_mixin.py:190} INFO - [2024-11-04T14:44:57.591+0000] {dagbag.py:588} INFO - Filling up the DagBag from /home/airflow/.local/lib/python3.12/site-packages/airflow/example_dags/example_dag_decorator.py
[2024-11-04T14:44:57.607+0000] {processor.py:925} INFO - DAG(s) 'example_dag_decorator' retrieved from /home/airflow/.local/lib/python3.12/site-packages/airflow/example_dags/example_dag_decorator.py
[2024-11-04T14:44:57.761+0000] {logging_mixin.py:190} INFO - [2024-11-04T14:44:57.760+0000] {override.py:1900} INFO - Created Permission View: can delete on DAG:example_dag_decorator
[2024-11-04T14:44:57.778+0000] {logging_mixin.py:190} INFO - [2024-11-04T14:44:57.778+0000] {override.py:1900} INFO - Created Permission View: can read on DAG:example_dag_decorator
[2024-11-04T14:44:57.789+0000] {logging_mixin.py:190} INFO - [2024-11-04T14:44:57.788+0000] {override.py:1900} INFO - Created Permission View: can edit on DAG:example_dag_decorator
[2024-11-04T14:44:57.802+0000] {logging_mixin.py:190} INFO - [2024-11-04T14:44:57.802+0000] {override.py:1900} INFO - Created Permission View: can create on DAG Run:example_dag_decorator
[2024-11-04T14:44:57.814+0000] {logging_mixin.py:190} INFO - [2024-11-04T14:44:57.813+0000] {override.py:1900} INFO - Created Permission View: can delete on DAG Run:example_dag_decorator
[2024-11-04T14:44:57.825+0000] {logging_mixin.py:190} INFO - [2024-11-04T14:44:57.825+0000] {override.py:1900} INFO - Created Permission View: menu access on DAG Run:example_dag_decorator
[2024-11-04T14:44:57.836+0000] {logging_mixin.py:190} INFO - [2024-11-04T14:44:57.836+0000] {override.py:1900} INFO - Created Permission View: can read on DAG Run:example_dag_decorator
[2024-11-04T14:44:57.837+0000] {logging_mixin.py:190} INFO - [2024-11-04T14:44:57.837+0000] {dag.py:3239} INFO - Sync 1 DAGs
[2024-11-04T14:44:57.858+0000] {logging_mixin.py:190} INFO - [2024-11-04T14:44:57.857+0000] {dag.py:3262} INFO - Creating ORM DAG for example_dag_decorator
[2024-11-04T14:44:57.859+0000] {logging_mixin.py:190} INFO - [2024-11-04T14:44:57.859+0000] {dag.py:4180} INFO - Setting next_dagrun for example_dag_decorator to None, run_after=None
[2024-11-04T14:44:57.889+0000] {processor.py:208} INFO - Processing /home/airflow/.local/lib/python3.12/site-packages/airflow/example_dags/example_dag_decorator.py took 0.311 seconds
[2024-11-04T14:45:28.563+0000] {processor.py:186} INFO - Started process (PID=614) to work on /home/airflow/.local/lib/python3.12/site-packages/airflow/example_dags/example_dag_decorator.py
[2024-11-04T14:45:28.564+0000] {processor.py:914} INFO - Processing file /home/airflow/.local/lib/python3.12/site-packages/airflow/example_dags/example_dag_decorator.py for tasks to queue
[2024-11-04T14:45:28.566+0000] {logging_mixin.py:190} INFO - [2024-11-04T14:45:28.566+0000] {dagbag.py:588} INFO - Filling up the DagBag from /home/airflow/.local/lib/python3.12/site-packages/airflow/example_dags/example_dag_decorator.py
[2024-11-04T14:45:28.578+0000] {processor.py:925} INFO - DAG(s) 'example_dag_decorator' retrieved from /home/airflow/.local/lib/python3.12/site-packages/airflow/example_dags/example_dag_decorator.py
[2024-11-04T14:45:28.668+0000] {logging_mixin.py:190} INFO - [2024-11-04T14:45:28.668+0000] {dag.py:3239} INFO - Sync 1 DAGs
[2024-11-04T14:45:28.679+0000] {logging_mixin.py:190} INFO - [2024-11-04T14:45:28.679+0000] {dag.py:4180} INFO - Setting next_dagrun for example_dag_decorator to None, run_after=None
[2024-11-04T14:45:28.698+0000] {processor.py:208} INFO - Processing /home/airflow/.local/lib/python3.12/site-packages/airflow/example_dags/example_dag_decorator.py took 0.141 seconds
[2024-11-04T14:45:59.664+0000] {processor.py:186} INFO - Started process (PID=900) to work on /home/airflow/.local/lib/python3.12/site-packages/airflow/example_dags/example_dag_decorator.py
[2024-11-04T14:45:59.666+0000] {processor.py:914} INFO - Processing file /home/airflow/.local/lib/python3.12/site-packages/airflow/example_dags/example_dag_decorator.py for tasks to queue
[2024-11-04T14:45:59.669+0000] {logging_mixin.py:190} INFO - [2024-11-04T14:45:59.668+0000] {dagbag.py:588} INFO - Filling up the DagBag from /home/airflow/.local/lib/python3.12/site-packages/airflow/example_dags/example_dag_decorator.py
[2024-11-04T14:45:59.683+0000] {processor.py:925} INFO - DAG(s) 'example_dag_decorator' retrieved from /home/airflow/.local/lib/python3.12/site-packages/airflow/example_dags/example_dag_decorator.py
[2024-11-04T14:45:59.812+0000] {logging_mixin.py:190} INFO - [2024-11-04T14:45:59.811+0000] {dag.py:3239} INFO - Sync 1 DAGs
[2024-11-04T14:45:59.827+0000] {logging_mixin.py:190} INFO - [2024-11-04T14:45:59.825+0000] {dag.py:4180} INFO - Setting next_dagrun for example_dag_decorator to None, run_after=None
[2024-11-04T14:45:59.858+0000] {processor.py:208} INFO - Processing /home/airflow/.local/lib/python3.12/site-packages/airflow/example_dags/example_dag_decorator.py took 0.208 seconds
[2024-11-04T14:46:29.968+0000] {processor.py:186} INFO - Started process (PID=1189) to work on /home/airflow/.local/lib/python3.12/site-packages/airflow/example_dags/example_dag_decorator.py
[2024-11-04T14:46:29.969+0000] {processor.py:914} INFO - Processing file /home/airflow/.local/lib/python3.12/site-packages/airflow/example_dags/example_dag_decorator.py for tasks to queue
[2024-11-04T14:46:29.973+0000] {logging_mixin.py:190} INFO - [2024-11-04T14:46:29.972+0000] {dagbag.py:588} INFO - Filling up the DagBag from /home/airflow/.local/lib/python3.12/site-packages/airflow/example_dags/example_dag_decorator.py
[2024-11-04T14:46:29.984+0000] {processor.py:925} INFO - DAG(s) 'example_dag_decorator' retrieved from /home/airflow/.local/lib/python3.12/site-packages/airflow/example_dags/example_dag_decorator.py
[2024-11-04T14:46:30.089+0000] {logging_mixin.py:190} INFO - [2024-11-04T14:46:30.089+0000] {dag.py:3239} INFO - Sync 1 DAGs
[2024-11-04T14:46:30.100+0000] {logging_mixin.py:190} INFO - [2024-11-04T14:46:30.100+0000] {dag.py:4180} INFO - Setting next_dagrun for example_dag_decorator to None, run_after=None
[2024-11-04T14:46:30.117+0000] {processor.py:208} INFO - Processing /home/airflow/.local/lib/python3.12/site-packages/airflow/example_dags/example_dag_decorator.py took 0.158 seconds
[2024-11-04T14:47:00.497+0000] {processor.py:186} INFO - Started process (PID=1472) to work on /home/airflow/.local/lib/python3.12/site-packages/airflow/example_dags/example_dag_decorator.py
[2024-11-04T14:47:00.499+0000] {processor.py:914} INFO - Processing file /home/airflow/.local/lib/python3.12/site-packages/airflow/example_dags/example_dag_decorator.py for tasks to queue
[2024-11-04T14:47:00.501+0000] {logging_mixin.py:190} INFO - [2024-11-04T14:47:00.501+0000] {dagbag.py:588} INFO - Filling up the DagBag from /home/airflow/.local/lib/python3.12/site-packages/airflow/example_dags/example_dag_decorator.py
[2024-11-04T14:47:00.512+0000] {processor.py:925} INFO - DAG(s) 'example_dag_decorator' retrieved from /home/airflow/.local/lib/python3.12/site-packages/airflow/example_dags/example_dag_decorator.py
[2024-11-04T14:47:00.608+0000] {logging_mixin.py:190} INFO - [2024-11-04T14:47:00.607+0000] {dag.py:3239} INFO - Sync 1 DAGs
[2024-11-04T14:47:00.619+0000] {logging_mixin.py:190} INFO - [2024-11-04T14:47:00.618+0000] {dag.py:4180} INFO - Setting next_dagrun for example_dag_decorator to None, run_after=None
[2024-11-04T14:47:00.638+0000] {processor.py:208} INFO - Processing /home/airflow/.local/lib/python3.12/site-packages/airflow/example_dags/example_dag_decorator.py took 0.145 seconds
[2024-11-04T14:49:17.163+0000] {processor.py:186} INFO - Started process (PID=321) to work on /home/airflow/.local/lib/python3.12/site-packages/airflow/example_dags/example_dag_decorator.py
[2024-11-04T14:49:17.165+0000] {processor.py:914} INFO - Processing file /home/airflow/.local/lib/python3.12/site-packages/airflow/example_dags/example_dag_decorator.py for tasks to queue
[2024-11-04T14:49:17.169+0000] {logging_mixin.py:190} INFO - [2024-11-04T14:49:17.168+0000] {dagbag.py:588} INFO - Filling up the DagBag from /home/airflow/.local/lib/python3.12/site-packages/airflow/example_dags/example_dag_decorator.py
[2024-11-04T14:49:17.183+0000] {processor.py:925} INFO - DAG(s) 'example_dag_decorator' retrieved from /home/airflow/.local/lib/python3.12/site-packages/airflow/example_dags/example_dag_decorator.py
[2024-11-04T14:49:17.343+0000] {logging_mixin.py:190} INFO - [2024-11-04T14:49:17.341+0000] {override.py:1900} INFO - Created Permission View: can edit on DAG:example_dag_decorator
[2024-11-04T14:49:17.361+0000] {logging_mixin.py:190} INFO - [2024-11-04T14:49:17.360+0000] {override.py:1900} INFO - Created Permission View: can delete on DAG:example_dag_decorator
[2024-11-04T14:49:17.372+0000] {logging_mixin.py:190} INFO - [2024-11-04T14:49:17.371+0000] {override.py:1900} INFO - Created Permission View: can read on DAG:example_dag_decorator
[2024-11-04T14:49:17.385+0000] {logging_mixin.py:190} INFO - [2024-11-04T14:49:17.384+0000] {override.py:1900} INFO - Created Permission View: can create on DAG Run:example_dag_decorator
[2024-11-04T14:49:17.398+0000] {logging_mixin.py:190} INFO - [2024-11-04T14:49:17.397+0000] {override.py:1900} INFO - Created Permission View: can read on DAG Run:example_dag_decorator
[2024-11-04T14:49:17.412+0000] {logging_mixin.py:190} INFO - [2024-11-04T14:49:17.412+0000] {override.py:1900} INFO - Created Permission View: can delete on DAG Run:example_dag_decorator
[2024-11-04T14:49:17.425+0000] {logging_mixin.py:190} INFO - [2024-11-04T14:49:17.425+0000] {override.py:1900} INFO - Created Permission View: menu access on DAG Run:example_dag_decorator
[2024-11-04T14:49:17.426+0000] {logging_mixin.py:190} INFO - [2024-11-04T14:49:17.426+0000] {dag.py:3239} INFO - Sync 1 DAGs
[2024-11-04T14:49:17.447+0000] {logging_mixin.py:190} INFO - [2024-11-04T14:49:17.447+0000] {dag.py:3262} INFO - Creating ORM DAG for example_dag_decorator
[2024-11-04T14:49:17.449+0000] {logging_mixin.py:190} INFO - [2024-11-04T14:49:17.449+0000] {dag.py:4180} INFO - Setting next_dagrun for example_dag_decorator to None, run_after=None
[2024-11-04T14:49:17.479+0000] {processor.py:208} INFO - Processing /home/airflow/.local/lib/python3.12/site-packages/airflow/example_dags/example_dag_decorator.py took 0.323 seconds
