[2024-11-04T14:33:59.859+0000] {processor.py:186} INFO - Started process (PID=238) to work on /home/airflow/.local/lib/python3.12/site-packages/airflow/example_dags/example_sla_dag.py
[2024-11-04T14:33:59.861+0000] {processor.py:914} INFO - Processing file /home/airflow/.local/lib/python3.12/site-packages/airflow/example_dags/example_sla_dag.py for tasks to queue
[2024-11-04T14:33:59.866+0000] {logging_mixin.py:190} INFO - [2024-11-04T14:33:59.866+0000] {dagbag.py:588} INFO - Filling up the DagBag from /home/airflow/.local/lib/python3.12/site-packages/airflow/example_dags/example_sla_dag.py
[2024-11-04T14:33:59.892+0000] {processor.py:925} INFO - DAG(s) 'example_sla_dag' retrieved from /home/airflow/.local/lib/python3.12/site-packages/airflow/example_dags/example_sla_dag.py
[2024-11-04T14:34:00.065+0000] {logging_mixin.py:190} INFO - [2024-11-04T14:34:00.064+0000] {override.py:1900} INFO - Created Permission View: can edit on DAG:example_sla_dag
[2024-11-04T14:34:00.083+0000] {logging_mixin.py:190} INFO - [2024-11-04T14:34:00.083+0000] {override.py:1900} INFO - Created Permission View: can read on DAG:example_sla_dag
[2024-11-04T14:34:00.097+0000] {logging_mixin.py:190} INFO - [2024-11-04T14:34:00.096+0000] {override.py:1900} INFO - Created Permission View: can delete on DAG:example_sla_dag
[2024-11-04T14:34:00.112+0000] {logging_mixin.py:190} INFO - [2024-11-04T14:34:00.112+0000] {override.py:1900} INFO - Created Permission View: can read on DAG Run:example_sla_dag
[2024-11-04T14:34:00.124+0000] {logging_mixin.py:190} INFO - [2024-11-04T14:34:00.124+0000] {override.py:1900} INFO - Created Permission View: can delete on DAG Run:example_sla_dag
[2024-11-04T14:34:00.138+0000] {logging_mixin.py:190} INFO - [2024-11-04T14:34:00.137+0000] {override.py:1900} INFO - Created Permission View: menu access on DAG Run:example_sla_dag
[2024-11-04T14:34:00.151+0000] {logging_mixin.py:190} INFO - [2024-11-04T14:34:00.151+0000] {override.py:1900} INFO - Created Permission View: can create on DAG Run:example_sla_dag
[2024-11-04T14:34:00.153+0000] {logging_mixin.py:190} INFO - [2024-11-04T14:34:00.153+0000] {dag.py:3239} INFO - Sync 1 DAGs
[2024-11-04T14:34:00.173+0000] {logging_mixin.py:190} INFO - [2024-11-04T14:34:00.172+0000] {dag.py:3262} INFO - Creating ORM DAG for example_sla_dag
[2024-11-04T14:34:00.192+0000] {logging_mixin.py:190} INFO - [2024-11-04T14:34:00.191+0000] {dag.py:4180} INFO - Setting next_dagrun for example_sla_dag to 2024-11-04 14:32:00+00:00, run_after=2024-11-04 14:34:00+00:00
[2024-11-04T14:34:00.217+0000] {processor.py:208} INFO - Processing /home/airflow/.local/lib/python3.12/site-packages/airflow/example_dags/example_sla_dag.py took 0.368 seconds
[2024-11-04T14:34:30.339+0000] {processor.py:186} INFO - Started process (PID=521) to work on /home/airflow/.local/lib/python3.12/site-packages/airflow/example_dags/example_sla_dag.py
[2024-11-04T14:34:30.340+0000] {processor.py:914} INFO - Processing file /home/airflow/.local/lib/python3.12/site-packages/airflow/example_dags/example_sla_dag.py for tasks to queue
[2024-11-04T14:34:30.342+0000] {logging_mixin.py:190} INFO - [2024-11-04T14:34:30.342+0000] {dagbag.py:588} INFO - Filling up the DagBag from /home/airflow/.local/lib/python3.12/site-packages/airflow/example_dags/example_sla_dag.py
[2024-11-04T14:34:30.351+0000] {processor.py:925} INFO - DAG(s) 'example_sla_dag' retrieved from /home/airflow/.local/lib/python3.12/site-packages/airflow/example_dags/example_sla_dag.py
[2024-11-04T14:34:30.368+0000] {logging_mixin.py:190} INFO - [2024-11-04T14:34:30.368+0000] {dag.py:3239} INFO - Sync 1 DAGs
[2024-11-04T14:34:30.389+0000] {logging_mixin.py:190} INFO - [2024-11-04T14:34:30.389+0000] {dag.py:4180} INFO - Setting next_dagrun for example_sla_dag to 2024-11-04 14:32:00+00:00, run_after=2024-11-04 14:34:00+00:00
[2024-11-04T14:34:30.408+0000] {processor.py:208} INFO - Processing /home/airflow/.local/lib/python3.12/site-packages/airflow/example_dags/example_sla_dag.py took 0.075 seconds
[2024-11-04T14:35:00.563+0000] {processor.py:186} INFO - Started process (PID=808) to work on /home/airflow/.local/lib/python3.12/site-packages/airflow/example_dags/example_sla_dag.py
[2024-11-04T14:35:00.564+0000] {processor.py:914} INFO - Processing file /home/airflow/.local/lib/python3.12/site-packages/airflow/example_dags/example_sla_dag.py for tasks to queue
[2024-11-04T14:35:00.567+0000] {logging_mixin.py:190} INFO - [2024-11-04T14:35:00.566+0000] {dagbag.py:588} INFO - Filling up the DagBag from /home/airflow/.local/lib/python3.12/site-packages/airflow/example_dags/example_sla_dag.py
[2024-11-04T14:35:00.575+0000] {processor.py:925} INFO - DAG(s) 'example_sla_dag' retrieved from /home/airflow/.local/lib/python3.12/site-packages/airflow/example_dags/example_sla_dag.py
[2024-11-04T14:35:00.591+0000] {logging_mixin.py:190} INFO - [2024-11-04T14:35:00.591+0000] {dag.py:3239} INFO - Sync 1 DAGs
[2024-11-04T14:35:00.609+0000] {logging_mixin.py:190} INFO - [2024-11-04T14:35:00.609+0000] {dag.py:4180} INFO - Setting next_dagrun for example_sla_dag to 2024-11-04 14:32:00+00:00, run_after=2024-11-04 14:34:00+00:00
[2024-11-04T14:35:00.624+0000] {processor.py:208} INFO - Processing /home/airflow/.local/lib/python3.12/site-packages/airflow/example_dags/example_sla_dag.py took 0.067 seconds
[2024-11-04T14:36:26.494+0000] {processor.py:186} INFO - Started process (PID=239) to work on /home/airflow/.local/lib/python3.12/site-packages/airflow/example_dags/example_sla_dag.py
[2024-11-04T14:36:26.496+0000] {processor.py:914} INFO - Processing file /home/airflow/.local/lib/python3.12/site-packages/airflow/example_dags/example_sla_dag.py for tasks to queue
[2024-11-04T14:36:26.501+0000] {logging_mixin.py:190} INFO - [2024-11-04T14:36:26.500+0000] {dagbag.py:588} INFO - Filling up the DagBag from /home/airflow/.local/lib/python3.12/site-packages/airflow/example_dags/example_sla_dag.py
[2024-11-04T14:36:26.527+0000] {processor.py:925} INFO - DAG(s) 'example_sla_dag' retrieved from /home/airflow/.local/lib/python3.12/site-packages/airflow/example_dags/example_sla_dag.py
[2024-11-04T14:36:26.752+0000] {logging_mixin.py:190} INFO - [2024-11-04T14:36:26.750+0000] {override.py:1900} INFO - Created Permission View: can delete on DAG:example_sla_dag
[2024-11-04T14:36:26.786+0000] {logging_mixin.py:190} INFO - [2024-11-04T14:36:26.785+0000] {override.py:1900} INFO - Created Permission View: can read on DAG:example_sla_dag
[2024-11-04T14:36:26.806+0000] {logging_mixin.py:190} INFO - [2024-11-04T14:36:26.805+0000] {override.py:1900} INFO - Created Permission View: can edit on DAG:example_sla_dag
[2024-11-04T14:36:26.825+0000] {logging_mixin.py:190} INFO - [2024-11-04T14:36:26.824+0000] {override.py:1900} INFO - Created Permission View: can create on DAG Run:example_sla_dag
[2024-11-04T14:36:26.842+0000] {logging_mixin.py:190} INFO - [2024-11-04T14:36:26.842+0000] {override.py:1900} INFO - Created Permission View: can delete on DAG Run:example_sla_dag
[2024-11-04T14:36:26.858+0000] {logging_mixin.py:190} INFO - [2024-11-04T14:36:26.857+0000] {override.py:1900} INFO - Created Permission View: can read on DAG Run:example_sla_dag
[2024-11-04T14:36:26.875+0000] {logging_mixin.py:190} INFO - [2024-11-04T14:36:26.874+0000] {override.py:1900} INFO - Created Permission View: menu access on DAG Run:example_sla_dag
[2024-11-04T14:36:26.876+0000] {logging_mixin.py:190} INFO - [2024-11-04T14:36:26.875+0000] {dag.py:3239} INFO - Sync 1 DAGs
[2024-11-04T14:36:26.899+0000] {logging_mixin.py:190} INFO - [2024-11-04T14:36:26.899+0000] {dag.py:3262} INFO - Creating ORM DAG for example_sla_dag
[2024-11-04T14:36:26.934+0000] {logging_mixin.py:190} INFO - [2024-11-04T14:36:26.933+0000] {dag.py:4180} INFO - Setting next_dagrun for example_sla_dag to 2024-11-04 14:34:00+00:00, run_after=2024-11-04 14:36:00+00:00
[2024-11-04T14:36:26.972+0000] {processor.py:208} INFO - Processing /home/airflow/.local/lib/python3.12/site-packages/airflow/example_dags/example_sla_dag.py took 0.490 seconds
[2024-11-04T14:36:57.236+0000] {processor.py:186} INFO - Started process (PID=522) to work on /home/airflow/.local/lib/python3.12/site-packages/airflow/example_dags/example_sla_dag.py
[2024-11-04T14:36:57.238+0000] {processor.py:914} INFO - Processing file /home/airflow/.local/lib/python3.12/site-packages/airflow/example_dags/example_sla_dag.py for tasks to queue
[2024-11-04T14:36:57.240+0000] {logging_mixin.py:190} INFO - [2024-11-04T14:36:57.240+0000] {dagbag.py:588} INFO - Filling up the DagBag from /home/airflow/.local/lib/python3.12/site-packages/airflow/example_dags/example_sla_dag.py
[2024-11-04T14:36:57.250+0000] {processor.py:925} INFO - DAG(s) 'example_sla_dag' retrieved from /home/airflow/.local/lib/python3.12/site-packages/airflow/example_dags/example_sla_dag.py
[2024-11-04T14:36:57.269+0000] {logging_mixin.py:190} INFO - [2024-11-04T14:36:57.269+0000] {dag.py:3239} INFO - Sync 1 DAGs
[2024-11-04T14:36:57.294+0000] {logging_mixin.py:190} INFO - [2024-11-04T14:36:57.294+0000] {dag.py:4180} INFO - Setting next_dagrun for example_sla_dag to 2024-11-04 14:34:00+00:00, run_after=2024-11-04 14:36:00+00:00
[2024-11-04T14:36:57.313+0000] {processor.py:208} INFO - Processing /home/airflow/.local/lib/python3.12/site-packages/airflow/example_dags/example_sla_dag.py took 0.083 seconds
[2024-11-04T14:37:27.980+0000] {processor.py:186} INFO - Started process (PID=811) to work on /home/airflow/.local/lib/python3.12/site-packages/airflow/example_dags/example_sla_dag.py
[2024-11-04T14:37:27.981+0000] {processor.py:914} INFO - Processing file /home/airflow/.local/lib/python3.12/site-packages/airflow/example_dags/example_sla_dag.py for tasks to queue
[2024-11-04T14:37:27.985+0000] {logging_mixin.py:190} INFO - [2024-11-04T14:37:27.984+0000] {dagbag.py:588} INFO - Filling up the DagBag from /home/airflow/.local/lib/python3.12/site-packages/airflow/example_dags/example_sla_dag.py
[2024-11-04T14:37:27.999+0000] {processor.py:925} INFO - DAG(s) 'example_sla_dag' retrieved from /home/airflow/.local/lib/python3.12/site-packages/airflow/example_dags/example_sla_dag.py
[2024-11-04T14:37:28.030+0000] {logging_mixin.py:190} INFO - [2024-11-04T14:37:28.030+0000] {dag.py:3239} INFO - Sync 1 DAGs
[2024-11-04T14:37:28.076+0000] {logging_mixin.py:190} INFO - [2024-11-04T14:37:28.075+0000] {dag.py:4180} INFO - Setting next_dagrun for example_sla_dag to 2024-11-04 14:34:00+00:00, run_after=2024-11-04 14:36:00+00:00
[2024-11-04T14:37:28.111+0000] {processor.py:208} INFO - Processing /home/airflow/.local/lib/python3.12/site-packages/airflow/example_dags/example_sla_dag.py took 0.140 seconds
[2024-11-04T14:37:58.586+0000] {processor.py:186} INFO - Started process (PID=1097) to work on /home/airflow/.local/lib/python3.12/site-packages/airflow/example_dags/example_sla_dag.py
[2024-11-04T14:37:58.588+0000] {processor.py:914} INFO - Processing file /home/airflow/.local/lib/python3.12/site-packages/airflow/example_dags/example_sla_dag.py for tasks to queue
[2024-11-04T14:37:58.592+0000] {logging_mixin.py:190} INFO - [2024-11-04T14:37:58.592+0000] {dagbag.py:588} INFO - Filling up the DagBag from /home/airflow/.local/lib/python3.12/site-packages/airflow/example_dags/example_sla_dag.py
[2024-11-04T14:37:58.609+0000] {processor.py:925} INFO - DAG(s) 'example_sla_dag' retrieved from /home/airflow/.local/lib/python3.12/site-packages/airflow/example_dags/example_sla_dag.py
[2024-11-04T14:37:58.645+0000] {logging_mixin.py:190} INFO - [2024-11-04T14:37:58.644+0000] {dag.py:3239} INFO - Sync 1 DAGs
[2024-11-04T14:37:58.686+0000] {logging_mixin.py:190} INFO - [2024-11-04T14:37:58.686+0000] {dag.py:4180} INFO - Setting next_dagrun for example_sla_dag to 2024-11-04 14:34:00+00:00, run_after=2024-11-04 14:36:00+00:00
[2024-11-04T14:37:58.718+0000] {processor.py:208} INFO - Processing /home/airflow/.local/lib/python3.12/site-packages/airflow/example_dags/example_sla_dag.py took 0.141 seconds
[2024-11-04T14:38:29.610+0000] {processor.py:186} INFO - Started process (PID=1385) to work on /home/airflow/.local/lib/python3.12/site-packages/airflow/example_dags/example_sla_dag.py
[2024-11-04T14:38:29.612+0000] {processor.py:914} INFO - Processing file /home/airflow/.local/lib/python3.12/site-packages/airflow/example_dags/example_sla_dag.py for tasks to queue
[2024-11-04T14:38:29.614+0000] {logging_mixin.py:190} INFO - [2024-11-04T14:38:29.614+0000] {dagbag.py:588} INFO - Filling up the DagBag from /home/airflow/.local/lib/python3.12/site-packages/airflow/example_dags/example_sla_dag.py
[2024-11-04T14:38:29.623+0000] {processor.py:925} INFO - DAG(s) 'example_sla_dag' retrieved from /home/airflow/.local/lib/python3.12/site-packages/airflow/example_dags/example_sla_dag.py
[2024-11-04T14:38:29.641+0000] {logging_mixin.py:190} INFO - [2024-11-04T14:38:29.641+0000] {dag.py:3239} INFO - Sync 1 DAGs
[2024-11-04T14:38:29.662+0000] {logging_mixin.py:190} INFO - [2024-11-04T14:38:29.661+0000] {dag.py:4180} INFO - Setting next_dagrun for example_sla_dag to 2024-11-04 14:36:00+00:00, run_after=2024-11-04 14:38:00+00:00
[2024-11-04T14:38:29.678+0000] {processor.py:208} INFO - Processing /home/airflow/.local/lib/python3.12/site-packages/airflow/example_dags/example_sla_dag.py took 0.073 seconds
[2024-11-04T14:39:00.206+0000] {processor.py:186} INFO - Started process (PID=1672) to work on /home/airflow/.local/lib/python3.12/site-packages/airflow/example_dags/example_sla_dag.py
[2024-11-04T14:39:00.208+0000] {processor.py:914} INFO - Processing file /home/airflow/.local/lib/python3.12/site-packages/airflow/example_dags/example_sla_dag.py for tasks to queue
[2024-11-04T14:39:00.211+0000] {logging_mixin.py:190} INFO - [2024-11-04T14:39:00.210+0000] {dagbag.py:588} INFO - Filling up the DagBag from /home/airflow/.local/lib/python3.12/site-packages/airflow/example_dags/example_sla_dag.py
[2024-11-04T14:39:00.222+0000] {processor.py:925} INFO - DAG(s) 'example_sla_dag' retrieved from /home/airflow/.local/lib/python3.12/site-packages/airflow/example_dags/example_sla_dag.py
[2024-11-04T14:39:00.243+0000] {logging_mixin.py:190} INFO - [2024-11-04T14:39:00.243+0000] {dag.py:3239} INFO - Sync 1 DAGs
[2024-11-04T14:39:00.270+0000] {logging_mixin.py:190} INFO - [2024-11-04T14:39:00.270+0000] {dag.py:4180} INFO - Setting next_dagrun for example_sla_dag to 2024-11-04 14:36:00+00:00, run_after=2024-11-04 14:38:00+00:00
[2024-11-04T14:39:00.290+0000] {processor.py:208} INFO - Processing /home/airflow/.local/lib/python3.12/site-packages/airflow/example_dags/example_sla_dag.py took 0.090 seconds
[2024-11-04T14:39:31.022+0000] {processor.py:186} INFO - Started process (PID=1964) to work on /home/airflow/.local/lib/python3.12/site-packages/airflow/example_dags/example_sla_dag.py
[2024-11-04T14:39:31.023+0000] {processor.py:914} INFO - Processing file /home/airflow/.local/lib/python3.12/site-packages/airflow/example_dags/example_sla_dag.py for tasks to queue
[2024-11-04T14:39:31.026+0000] {logging_mixin.py:190} INFO - [2024-11-04T14:39:31.025+0000] {dagbag.py:588} INFO - Filling up the DagBag from /home/airflow/.local/lib/python3.12/site-packages/airflow/example_dags/example_sla_dag.py
[2024-11-04T14:39:31.034+0000] {processor.py:925} INFO - DAG(s) 'example_sla_dag' retrieved from /home/airflow/.local/lib/python3.12/site-packages/airflow/example_dags/example_sla_dag.py
[2024-11-04T14:39:31.053+0000] {logging_mixin.py:190} INFO - [2024-11-04T14:39:31.053+0000] {dag.py:3239} INFO - Sync 1 DAGs
[2024-11-04T14:39:31.076+0000] {logging_mixin.py:190} INFO - [2024-11-04T14:39:31.075+0000] {dag.py:4180} INFO - Setting next_dagrun for example_sla_dag to 2024-11-04 14:36:00+00:00, run_after=2024-11-04 14:38:00+00:00
[2024-11-04T14:39:31.094+0000] {processor.py:208} INFO - Processing /home/airflow/.local/lib/python3.12/site-packages/airflow/example_dags/example_sla_dag.py took 0.078 seconds
[2024-11-04T14:40:01.956+0000] {processor.py:186} INFO - Started process (PID=2250) to work on /home/airflow/.local/lib/python3.12/site-packages/airflow/example_dags/example_sla_dag.py
[2024-11-04T14:40:01.958+0000] {processor.py:914} INFO - Processing file /home/airflow/.local/lib/python3.12/site-packages/airflow/example_dags/example_sla_dag.py for tasks to queue
[2024-11-04T14:40:01.961+0000] {logging_mixin.py:190} INFO - [2024-11-04T14:40:01.960+0000] {dagbag.py:588} INFO - Filling up the DagBag from /home/airflow/.local/lib/python3.12/site-packages/airflow/example_dags/example_sla_dag.py
[2024-11-04T14:40:01.974+0000] {processor.py:925} INFO - DAG(s) 'example_sla_dag' retrieved from /home/airflow/.local/lib/python3.12/site-packages/airflow/example_dags/example_sla_dag.py
[2024-11-04T14:40:02.000+0000] {logging_mixin.py:190} INFO - [2024-11-04T14:40:01.999+0000] {dag.py:3239} INFO - Sync 1 DAGs
[2024-11-04T14:40:02.025+0000] {logging_mixin.py:190} INFO - [2024-11-04T14:40:02.025+0000] {dag.py:4180} INFO - Setting next_dagrun for example_sla_dag to 2024-11-04 14:38:00+00:00, run_after=2024-11-04 14:40:00+00:00
[2024-11-04T14:40:02.044+0000] {processor.py:208} INFO - Processing /home/airflow/.local/lib/python3.12/site-packages/airflow/example_dags/example_sla_dag.py took 0.095 seconds
[2024-11-04T14:40:32.420+0000] {processor.py:186} INFO - Started process (PID=2536) to work on /home/airflow/.local/lib/python3.12/site-packages/airflow/example_dags/example_sla_dag.py
[2024-11-04T14:40:32.421+0000] {processor.py:914} INFO - Processing file /home/airflow/.local/lib/python3.12/site-packages/airflow/example_dags/example_sla_dag.py for tasks to queue
[2024-11-04T14:40:32.424+0000] {logging_mixin.py:190} INFO - [2024-11-04T14:40:32.423+0000] {dagbag.py:588} INFO - Filling up the DagBag from /home/airflow/.local/lib/python3.12/site-packages/airflow/example_dags/example_sla_dag.py
[2024-11-04T14:40:32.432+0000] {processor.py:925} INFO - DAG(s) 'example_sla_dag' retrieved from /home/airflow/.local/lib/python3.12/site-packages/airflow/example_dags/example_sla_dag.py
[2024-11-04T14:40:32.449+0000] {logging_mixin.py:190} INFO - [2024-11-04T14:40:32.449+0000] {dag.py:3239} INFO - Sync 1 DAGs
[2024-11-04T14:40:32.469+0000] {logging_mixin.py:190} INFO - [2024-11-04T14:40:32.469+0000] {dag.py:4180} INFO - Setting next_dagrun for example_sla_dag to 2024-11-04 14:38:00+00:00, run_after=2024-11-04 14:40:00+00:00
[2024-11-04T14:40:32.487+0000] {processor.py:208} INFO - Processing /home/airflow/.local/lib/python3.12/site-packages/airflow/example_dags/example_sla_dag.py took 0.072 seconds
[2024-11-04T14:41:03.142+0000] {processor.py:186} INFO - Started process (PID=2820) to work on /home/airflow/.local/lib/python3.12/site-packages/airflow/example_dags/example_sla_dag.py
[2024-11-04T14:41:03.144+0000] {processor.py:914} INFO - Processing file /home/airflow/.local/lib/python3.12/site-packages/airflow/example_dags/example_sla_dag.py for tasks to queue
[2024-11-04T14:41:03.148+0000] {logging_mixin.py:190} INFO - [2024-11-04T14:41:03.147+0000] {dagbag.py:588} INFO - Filling up the DagBag from /home/airflow/.local/lib/python3.12/site-packages/airflow/example_dags/example_sla_dag.py
[2024-11-04T14:41:03.163+0000] {processor.py:925} INFO - DAG(s) 'example_sla_dag' retrieved from /home/airflow/.local/lib/python3.12/site-packages/airflow/example_dags/example_sla_dag.py
[2024-11-04T14:41:03.196+0000] {logging_mixin.py:190} INFO - [2024-11-04T14:41:03.196+0000] {dag.py:3239} INFO - Sync 1 DAGs
[2024-11-04T14:41:03.236+0000] {logging_mixin.py:190} INFO - [2024-11-04T14:41:03.236+0000] {dag.py:4180} INFO - Setting next_dagrun for example_sla_dag to 2024-11-04 14:38:00+00:00, run_after=2024-11-04 14:40:00+00:00
[2024-11-04T14:41:03.268+0000] {processor.py:208} INFO - Processing /home/airflow/.local/lib/python3.12/site-packages/airflow/example_dags/example_sla_dag.py took 0.136 seconds
[2024-11-04T14:41:33.384+0000] {processor.py:186} INFO - Started process (PID=3108) to work on /home/airflow/.local/lib/python3.12/site-packages/airflow/example_dags/example_sla_dag.py
[2024-11-04T14:41:33.386+0000] {processor.py:914} INFO - Processing file /home/airflow/.local/lib/python3.12/site-packages/airflow/example_dags/example_sla_dag.py for tasks to queue
[2024-11-04T14:41:33.388+0000] {logging_mixin.py:190} INFO - [2024-11-04T14:41:33.388+0000] {dagbag.py:588} INFO - Filling up the DagBag from /home/airflow/.local/lib/python3.12/site-packages/airflow/example_dags/example_sla_dag.py
[2024-11-04T14:41:33.397+0000] {processor.py:925} INFO - DAG(s) 'example_sla_dag' retrieved from /home/airflow/.local/lib/python3.12/site-packages/airflow/example_dags/example_sla_dag.py
[2024-11-04T14:41:33.413+0000] {logging_mixin.py:190} INFO - [2024-11-04T14:41:33.413+0000] {dag.py:3239} INFO - Sync 1 DAGs
[2024-11-04T14:41:33.444+0000] {logging_mixin.py:190} INFO - [2024-11-04T14:41:33.444+0000] {dag.py:4180} INFO - Setting next_dagrun for example_sla_dag to 2024-11-04 14:38:00+00:00, run_after=2024-11-04 14:40:00+00:00
[2024-11-04T14:41:33.463+0000] {processor.py:208} INFO - Processing /home/airflow/.local/lib/python3.12/site-packages/airflow/example_dags/example_sla_dag.py took 0.084 seconds
[2024-11-04T14:42:03.743+0000] {processor.py:186} INFO - Started process (PID=3392) to work on /home/airflow/.local/lib/python3.12/site-packages/airflow/example_dags/example_sla_dag.py
[2024-11-04T14:42:03.745+0000] {processor.py:914} INFO - Processing file /home/airflow/.local/lib/python3.12/site-packages/airflow/example_dags/example_sla_dag.py for tasks to queue
[2024-11-04T14:42:03.747+0000] {logging_mixin.py:190} INFO - [2024-11-04T14:42:03.747+0000] {dagbag.py:588} INFO - Filling up the DagBag from /home/airflow/.local/lib/python3.12/site-packages/airflow/example_dags/example_sla_dag.py
[2024-11-04T14:42:03.756+0000] {processor.py:925} INFO - DAG(s) 'example_sla_dag' retrieved from /home/airflow/.local/lib/python3.12/site-packages/airflow/example_dags/example_sla_dag.py
[2024-11-04T14:42:03.773+0000] {logging_mixin.py:190} INFO - [2024-11-04T14:42:03.773+0000] {dag.py:3239} INFO - Sync 1 DAGs
[2024-11-04T14:42:03.793+0000] {logging_mixin.py:190} INFO - [2024-11-04T14:42:03.793+0000] {dag.py:4180} INFO - Setting next_dagrun for example_sla_dag to 2024-11-04 14:40:00+00:00, run_after=2024-11-04 14:42:00+00:00
[2024-11-04T14:42:03.812+0000] {processor.py:208} INFO - Processing /home/airflow/.local/lib/python3.12/site-packages/airflow/example_dags/example_sla_dag.py took 0.073 seconds
[2024-11-04T14:42:34.521+0000] {processor.py:186} INFO - Started process (PID=3677) to work on /home/airflow/.local/lib/python3.12/site-packages/airflow/example_dags/example_sla_dag.py
[2024-11-04T14:42:34.522+0000] {processor.py:914} INFO - Processing file /home/airflow/.local/lib/python3.12/site-packages/airflow/example_dags/example_sla_dag.py for tasks to queue
[2024-11-04T14:42:34.524+0000] {logging_mixin.py:190} INFO - [2024-11-04T14:42:34.524+0000] {dagbag.py:588} INFO - Filling up the DagBag from /home/airflow/.local/lib/python3.12/site-packages/airflow/example_dags/example_sla_dag.py
[2024-11-04T14:42:34.533+0000] {processor.py:925} INFO - DAG(s) 'example_sla_dag' retrieved from /home/airflow/.local/lib/python3.12/site-packages/airflow/example_dags/example_sla_dag.py
[2024-11-04T14:42:34.551+0000] {logging_mixin.py:190} INFO - [2024-11-04T14:42:34.551+0000] {dag.py:3239} INFO - Sync 1 DAGs
[2024-11-04T14:42:34.572+0000] {logging_mixin.py:190} INFO - [2024-11-04T14:42:34.572+0000] {dag.py:4180} INFO - Setting next_dagrun for example_sla_dag to 2024-11-04 14:40:00+00:00, run_after=2024-11-04 14:42:00+00:00
[2024-11-04T14:42:34.590+0000] {processor.py:208} INFO - Processing /home/airflow/.local/lib/python3.12/site-packages/airflow/example_dags/example_sla_dag.py took 0.075 seconds
[2024-11-04T14:43:05.103+0000] {processor.py:186} INFO - Started process (PID=3963) to work on /home/airflow/.local/lib/python3.12/site-packages/airflow/example_dags/example_sla_dag.py
[2024-11-04T14:43:05.105+0000] {processor.py:914} INFO - Processing file /home/airflow/.local/lib/python3.12/site-packages/airflow/example_dags/example_sla_dag.py for tasks to queue
[2024-11-04T14:43:05.107+0000] {logging_mixin.py:190} INFO - [2024-11-04T14:43:05.107+0000] {dagbag.py:588} INFO - Filling up the DagBag from /home/airflow/.local/lib/python3.12/site-packages/airflow/example_dags/example_sla_dag.py
[2024-11-04T14:43:05.117+0000] {processor.py:925} INFO - DAG(s) 'example_sla_dag' retrieved from /home/airflow/.local/lib/python3.12/site-packages/airflow/example_dags/example_sla_dag.py
[2024-11-04T14:43:05.137+0000] {logging_mixin.py:190} INFO - [2024-11-04T14:43:05.137+0000] {dag.py:3239} INFO - Sync 1 DAGs
[2024-11-04T14:43:05.158+0000] {logging_mixin.py:190} INFO - [2024-11-04T14:43:05.158+0000] {dag.py:4180} INFO - Setting next_dagrun for example_sla_dag to 2024-11-04 14:40:00+00:00, run_after=2024-11-04 14:42:00+00:00
[2024-11-04T14:43:05.190+0000] {processor.py:208} INFO - Processing /home/airflow/.local/lib/python3.12/site-packages/airflow/example_dags/example_sla_dag.py took 0.092 seconds
[2024-11-04T14:44:54.059+0000] {processor.py:186} INFO - Started process (PID=246) to work on /home/airflow/.local/lib/python3.12/site-packages/airflow/example_dags/example_sla_dag.py
[2024-11-04T14:44:54.061+0000] {processor.py:914} INFO - Processing file /home/airflow/.local/lib/python3.12/site-packages/airflow/example_dags/example_sla_dag.py for tasks to queue
[2024-11-04T14:44:54.067+0000] {logging_mixin.py:190} INFO - [2024-11-04T14:44:54.066+0000] {dagbag.py:588} INFO - Filling up the DagBag from /home/airflow/.local/lib/python3.12/site-packages/airflow/example_dags/example_sla_dag.py
[2024-11-04T14:44:54.095+0000] {processor.py:925} INFO - DAG(s) 'example_sla_dag' retrieved from /home/airflow/.local/lib/python3.12/site-packages/airflow/example_dags/example_sla_dag.py
[2024-11-04T14:44:54.277+0000] {logging_mixin.py:190} INFO - [2024-11-04T14:44:54.276+0000] {override.py:1900} INFO - Created Permission View: can delete on DAG:example_sla_dag
[2024-11-04T14:44:54.297+0000] {logging_mixin.py:190} INFO - [2024-11-04T14:44:54.296+0000] {override.py:1900} INFO - Created Permission View: can read on DAG:example_sla_dag
[2024-11-04T14:44:54.311+0000] {logging_mixin.py:190} INFO - [2024-11-04T14:44:54.310+0000] {override.py:1900} INFO - Created Permission View: can edit on DAG:example_sla_dag
[2024-11-04T14:44:54.328+0000] {logging_mixin.py:190} INFO - [2024-11-04T14:44:54.327+0000] {override.py:1900} INFO - Created Permission View: can create on DAG Run:example_sla_dag
[2024-11-04T14:44:54.341+0000] {logging_mixin.py:190} INFO - [2024-11-04T14:44:54.341+0000] {override.py:1900} INFO - Created Permission View: can delete on DAG Run:example_sla_dag
[2024-11-04T14:44:54.354+0000] {logging_mixin.py:190} INFO - [2024-11-04T14:44:54.353+0000] {override.py:1900} INFO - Created Permission View: menu access on DAG Run:example_sla_dag
[2024-11-04T14:44:54.368+0000] {logging_mixin.py:190} INFO - [2024-11-04T14:44:54.367+0000] {override.py:1900} INFO - Created Permission View: can read on DAG Run:example_sla_dag
[2024-11-04T14:44:54.369+0000] {logging_mixin.py:190} INFO - [2024-11-04T14:44:54.369+0000] {dag.py:3239} INFO - Sync 1 DAGs
[2024-11-04T14:44:54.389+0000] {logging_mixin.py:190} INFO - [2024-11-04T14:44:54.388+0000] {dag.py:3262} INFO - Creating ORM DAG for example_sla_dag
[2024-11-04T14:44:54.407+0000] {logging_mixin.py:190} INFO - [2024-11-04T14:44:54.406+0000] {dag.py:4180} INFO - Setting next_dagrun for example_sla_dag to 2024-11-04 14:42:00+00:00, run_after=2024-11-04 14:44:00+00:00
[2024-11-04T14:44:54.432+0000] {processor.py:208} INFO - Processing /home/airflow/.local/lib/python3.12/site-packages/airflow/example_dags/example_sla_dag.py took 0.383 seconds
[2024-11-04T14:45:25.144+0000] {processor.py:186} INFO - Started process (PID=534) to work on /home/airflow/.local/lib/python3.12/site-packages/airflow/example_dags/example_sla_dag.py
[2024-11-04T14:45:25.146+0000] {processor.py:914} INFO - Processing file /home/airflow/.local/lib/python3.12/site-packages/airflow/example_dags/example_sla_dag.py for tasks to queue
[2024-11-04T14:45:25.150+0000] {logging_mixin.py:190} INFO - [2024-11-04T14:45:25.149+0000] {dagbag.py:588} INFO - Filling up the DagBag from /home/airflow/.local/lib/python3.12/site-packages/airflow/example_dags/example_sla_dag.py
[2024-11-04T14:45:25.165+0000] {processor.py:925} INFO - DAG(s) 'example_sla_dag' retrieved from /home/airflow/.local/lib/python3.12/site-packages/airflow/example_dags/example_sla_dag.py
[2024-11-04T14:45:25.194+0000] {logging_mixin.py:190} INFO - [2024-11-04T14:45:25.193+0000] {dag.py:3239} INFO - Sync 1 DAGs
[2024-11-04T14:45:25.233+0000] {logging_mixin.py:190} INFO - [2024-11-04T14:45:25.233+0000] {dag.py:4180} INFO - Setting next_dagrun for example_sla_dag to 2024-11-04 14:42:00+00:00, run_after=2024-11-04 14:44:00+00:00
[2024-11-04T14:45:25.266+0000] {processor.py:208} INFO - Processing /home/airflow/.local/lib/python3.12/site-packages/airflow/example_dags/example_sla_dag.py took 0.132 seconds
[2024-11-04T14:45:55.438+0000] {processor.py:186} INFO - Started process (PID=820) to work on /home/airflow/.local/lib/python3.12/site-packages/airflow/example_dags/example_sla_dag.py
[2024-11-04T14:45:55.439+0000] {processor.py:914} INFO - Processing file /home/airflow/.local/lib/python3.12/site-packages/airflow/example_dags/example_sla_dag.py for tasks to queue
[2024-11-04T14:45:55.441+0000] {logging_mixin.py:190} INFO - [2024-11-04T14:45:55.441+0000] {dagbag.py:588} INFO - Filling up the DagBag from /home/airflow/.local/lib/python3.12/site-packages/airflow/example_dags/example_sla_dag.py
[2024-11-04T14:45:55.450+0000] {processor.py:925} INFO - DAG(s) 'example_sla_dag' retrieved from /home/airflow/.local/lib/python3.12/site-packages/airflow/example_dags/example_sla_dag.py
[2024-11-04T14:45:55.468+0000] {logging_mixin.py:190} INFO - [2024-11-04T14:45:55.468+0000] {dag.py:3239} INFO - Sync 1 DAGs
[2024-11-04T14:45:55.487+0000] {logging_mixin.py:190} INFO - [2024-11-04T14:45:55.487+0000] {dag.py:4180} INFO - Setting next_dagrun for example_sla_dag to 2024-11-04 14:42:00+00:00, run_after=2024-11-04 14:44:00+00:00
[2024-11-04T14:45:55.504+0000] {processor.py:208} INFO - Processing /home/airflow/.local/lib/python3.12/site-packages/airflow/example_dags/example_sla_dag.py took 0.071 seconds
[2024-11-04T14:46:25.750+0000] {processor.py:186} INFO - Started process (PID=1106) to work on /home/airflow/.local/lib/python3.12/site-packages/airflow/example_dags/example_sla_dag.py
[2024-11-04T14:46:25.751+0000] {processor.py:914} INFO - Processing file /home/airflow/.local/lib/python3.12/site-packages/airflow/example_dags/example_sla_dag.py for tasks to queue
[2024-11-04T14:46:25.755+0000] {logging_mixin.py:190} INFO - [2024-11-04T14:46:25.754+0000] {dagbag.py:588} INFO - Filling up the DagBag from /home/airflow/.local/lib/python3.12/site-packages/airflow/example_dags/example_sla_dag.py
[2024-11-04T14:46:25.764+0000] {processor.py:925} INFO - DAG(s) 'example_sla_dag' retrieved from /home/airflow/.local/lib/python3.12/site-packages/airflow/example_dags/example_sla_dag.py
[2024-11-04T14:46:25.784+0000] {logging_mixin.py:190} INFO - [2024-11-04T14:46:25.784+0000] {dag.py:3239} INFO - Sync 1 DAGs
[2024-11-04T14:46:25.805+0000] {logging_mixin.py:190} INFO - [2024-11-04T14:46:25.805+0000] {dag.py:4180} INFO - Setting next_dagrun for example_sla_dag to 2024-11-04 14:44:00+00:00, run_after=2024-11-04 14:46:00+00:00
[2024-11-04T14:46:25.825+0000] {processor.py:208} INFO - Processing /home/airflow/.local/lib/python3.12/site-packages/airflow/example_dags/example_sla_dag.py took 0.082 seconds
[2024-11-04T14:46:56.260+0000] {processor.py:186} INFO - Started process (PID=1392) to work on /home/airflow/.local/lib/python3.12/site-packages/airflow/example_dags/example_sla_dag.py
[2024-11-04T14:46:56.261+0000] {processor.py:914} INFO - Processing file /home/airflow/.local/lib/python3.12/site-packages/airflow/example_dags/example_sla_dag.py for tasks to queue
[2024-11-04T14:46:56.264+0000] {logging_mixin.py:190} INFO - [2024-11-04T14:46:56.264+0000] {dagbag.py:588} INFO - Filling up the DagBag from /home/airflow/.local/lib/python3.12/site-packages/airflow/example_dags/example_sla_dag.py
[2024-11-04T14:46:56.273+0000] {processor.py:925} INFO - DAG(s) 'example_sla_dag' retrieved from /home/airflow/.local/lib/python3.12/site-packages/airflow/example_dags/example_sla_dag.py
[2024-11-04T14:46:56.293+0000] {logging_mixin.py:190} INFO - [2024-11-04T14:46:56.293+0000] {dag.py:3239} INFO - Sync 1 DAGs
[2024-11-04T14:46:56.316+0000] {logging_mixin.py:190} INFO - [2024-11-04T14:46:56.315+0000] {dag.py:4180} INFO - Setting next_dagrun for example_sla_dag to 2024-11-04 14:44:00+00:00, run_after=2024-11-04 14:46:00+00:00
[2024-11-04T14:46:56.333+0000] {processor.py:208} INFO - Processing /home/airflow/.local/lib/python3.12/site-packages/airflow/example_dags/example_sla_dag.py took 0.079 seconds
[2024-11-04T14:49:13.582+0000] {processor.py:186} INFO - Started process (PID=239) to work on /home/airflow/.local/lib/python3.12/site-packages/airflow/example_dags/example_sla_dag.py
[2024-11-04T14:49:13.584+0000] {processor.py:914} INFO - Processing file /home/airflow/.local/lib/python3.12/site-packages/airflow/example_dags/example_sla_dag.py for tasks to queue
[2024-11-04T14:49:13.588+0000] {logging_mixin.py:190} INFO - [2024-11-04T14:49:13.587+0000] {dagbag.py:588} INFO - Filling up the DagBag from /home/airflow/.local/lib/python3.12/site-packages/airflow/example_dags/example_sla_dag.py
[2024-11-04T14:49:13.607+0000] {processor.py:925} INFO - DAG(s) 'example_sla_dag' retrieved from /home/airflow/.local/lib/python3.12/site-packages/airflow/example_dags/example_sla_dag.py
[2024-11-04T14:49:13.744+0000] {logging_mixin.py:190} INFO - [2024-11-04T14:49:13.744+0000] {override.py:1900} INFO - Created Permission View: can edit on DAG:example_sla_dag
[2024-11-04T14:49:13.761+0000] {logging_mixin.py:190} INFO - [2024-11-04T14:49:13.761+0000] {override.py:1900} INFO - Created Permission View: can delete on DAG:example_sla_dag
[2024-11-04T14:49:13.773+0000] {logging_mixin.py:190} INFO - [2024-11-04T14:49:13.772+0000] {override.py:1900} INFO - Created Permission View: can read on DAG:example_sla_dag
[2024-11-04T14:49:13.786+0000] {logging_mixin.py:190} INFO - [2024-11-04T14:49:13.785+0000] {override.py:1900} INFO - Created Permission View: can create on DAG Run:example_sla_dag
[2024-11-04T14:49:13.798+0000] {logging_mixin.py:190} INFO - [2024-11-04T14:49:13.797+0000] {override.py:1900} INFO - Created Permission View: can read on DAG Run:example_sla_dag
[2024-11-04T14:49:13.810+0000] {logging_mixin.py:190} INFO - [2024-11-04T14:49:13.809+0000] {override.py:1900} INFO - Created Permission View: can delete on DAG Run:example_sla_dag
[2024-11-04T14:49:13.821+0000] {logging_mixin.py:190} INFO - [2024-11-04T14:49:13.820+0000] {override.py:1900} INFO - Created Permission View: menu access on DAG Run:example_sla_dag
[2024-11-04T14:49:13.822+0000] {logging_mixin.py:190} INFO - [2024-11-04T14:49:13.822+0000] {dag.py:3239} INFO - Sync 1 DAGs
[2024-11-04T14:49:13.840+0000] {logging_mixin.py:190} INFO - [2024-11-04T14:49:13.839+0000] {dag.py:3262} INFO - Creating ORM DAG for example_sla_dag
[2024-11-04T14:49:13.857+0000] {logging_mixin.py:190} INFO - [2024-11-04T14:49:13.857+0000] {dag.py:4180} INFO - Setting next_dagrun for example_sla_dag to 2024-11-04 14:46:00+00:00, run_after=2024-11-04 14:48:00+00:00
[2024-11-04T14:49:13.882+0000] {processor.py:208} INFO - Processing /home/airflow/.local/lib/python3.12/site-packages/airflow/example_dags/example_sla_dag.py took 0.308 seconds
