[2024-11-04T14:34:01.966+0000] {processor.py:186} INFO - Started process (PID=283) to work on /home/airflow/.local/lib/python3.12/site-packages/airflow/example_dags/example_kubernetes_executor.py
[2024-11-04T14:34:01.968+0000] {processor.py:914} INFO - Processing file /home/airflow/.local/lib/python3.12/site-packages/airflow/example_dags/example_kubernetes_executor.py for tasks to queue
[2024-11-04T14:34:01.972+0000] {logging_mixin.py:190} INFO - [2024-11-04T14:34:01.971+0000] {dagbag.py:588} INFO - Filling up the DagBag from /home/airflow/.local/lib/python3.12/site-packages/airflow/example_dags/example_kubernetes_executor.py
[2024-11-04T14:34:02.000+0000] {processor.py:925} INFO - DAG(s) 'example_kubernetes_executor' retrieved from /home/airflow/.local/lib/python3.12/site-packages/airflow/example_dags/example_kubernetes_executor.py
[2024-11-04T14:34:02.211+0000] {logging_mixin.py:190} INFO - [2024-11-04T14:34:02.210+0000] {override.py:1900} INFO - Created Permission View: can edit on DAG:example_kubernetes_executor
[2024-11-04T14:34:02.230+0000] {logging_mixin.py:190} INFO - [2024-11-04T14:34:02.230+0000] {override.py:1900} INFO - Created Permission View: can read on DAG:example_kubernetes_executor
[2024-11-04T14:34:02.245+0000] {logging_mixin.py:190} INFO - [2024-11-04T14:34:02.245+0000] {override.py:1900} INFO - Created Permission View: can delete on DAG:example_kubernetes_executor
[2024-11-04T14:34:02.264+0000] {logging_mixin.py:190} INFO - [2024-11-04T14:34:02.263+0000] {override.py:1900} INFO - Created Permission View: can read on DAG Run:example_kubernetes_executor
[2024-11-04T14:34:02.284+0000] {logging_mixin.py:190} INFO - [2024-11-04T14:34:02.284+0000] {override.py:1900} INFO - Created Permission View: can delete on DAG Run:example_kubernetes_executor
[2024-11-04T14:34:02.300+0000] {logging_mixin.py:190} INFO - [2024-11-04T14:34:02.299+0000] {override.py:1900} INFO - Created Permission View: menu access on DAG Run:example_kubernetes_executor
[2024-11-04T14:34:02.323+0000] {logging_mixin.py:190} INFO - [2024-11-04T14:34:02.322+0000] {override.py:1900} INFO - Created Permission View: can create on DAG Run:example_kubernetes_executor
[2024-11-04T14:34:02.325+0000] {logging_mixin.py:190} INFO - [2024-11-04T14:34:02.324+0000] {dag.py:3239} INFO - Sync 1 DAGs
[2024-11-04T14:34:02.347+0000] {logging_mixin.py:190} INFO - [2024-11-04T14:34:02.347+0000] {dag.py:3262} INFO - Creating ORM DAG for example_kubernetes_executor
[2024-11-04T14:34:02.349+0000] {logging_mixin.py:190} INFO - [2024-11-04T14:34:02.349+0000] {dag.py:4180} INFO - Setting next_dagrun for example_kubernetes_executor to None, run_after=None
[2024-11-04T14:34:02.385+0000] {processor.py:208} INFO - Processing /home/airflow/.local/lib/python3.12/site-packages/airflow/example_dags/example_kubernetes_executor.py took 0.429 seconds
[2024-11-04T14:34:32.993+0000] {processor.py:186} INFO - Started process (PID=569) to work on /home/airflow/.local/lib/python3.12/site-packages/airflow/example_dags/example_kubernetes_executor.py
[2024-11-04T14:34:32.994+0000] {processor.py:914} INFO - Processing file /home/airflow/.local/lib/python3.12/site-packages/airflow/example_dags/example_kubernetes_executor.py for tasks to queue
[2024-11-04T14:34:32.997+0000] {logging_mixin.py:190} INFO - [2024-11-04T14:34:32.997+0000] {dagbag.py:588} INFO - Filling up the DagBag from /home/airflow/.local/lib/python3.12/site-packages/airflow/example_dags/example_kubernetes_executor.py
[2024-11-04T14:34:33.008+0000] {processor.py:925} INFO - DAG(s) 'example_kubernetes_executor' retrieved from /home/airflow/.local/lib/python3.12/site-packages/airflow/example_dags/example_kubernetes_executor.py
[2024-11-04T14:34:33.041+0000] {logging_mixin.py:190} INFO - [2024-11-04T14:34:33.041+0000] {dag.py:3239} INFO - Sync 1 DAGs
[2024-11-04T14:34:33.054+0000] {logging_mixin.py:190} INFO - [2024-11-04T14:34:33.054+0000] {dag.py:4180} INFO - Setting next_dagrun for example_kubernetes_executor to None, run_after=None
[2024-11-04T14:34:33.074+0000] {processor.py:208} INFO - Processing /home/airflow/.local/lib/python3.12/site-packages/airflow/example_dags/example_kubernetes_executor.py took 0.086 seconds
[2024-11-04T14:35:03.266+0000] {processor.py:186} INFO - Started process (PID=856) to work on /home/airflow/.local/lib/python3.12/site-packages/airflow/example_dags/example_kubernetes_executor.py
[2024-11-04T14:35:03.268+0000] {processor.py:914} INFO - Processing file /home/airflow/.local/lib/python3.12/site-packages/airflow/example_dags/example_kubernetes_executor.py for tasks to queue
[2024-11-04T14:35:03.270+0000] {logging_mixin.py:190} INFO - [2024-11-04T14:35:03.270+0000] {dagbag.py:588} INFO - Filling up the DagBag from /home/airflow/.local/lib/python3.12/site-packages/airflow/example_dags/example_kubernetes_executor.py
[2024-11-04T14:35:03.281+0000] {processor.py:925} INFO - DAG(s) 'example_kubernetes_executor' retrieved from /home/airflow/.local/lib/python3.12/site-packages/airflow/example_dags/example_kubernetes_executor.py
[2024-11-04T14:35:03.315+0000] {logging_mixin.py:190} INFO - [2024-11-04T14:35:03.315+0000] {dag.py:3239} INFO - Sync 1 DAGs
[2024-11-04T14:35:03.328+0000] {logging_mixin.py:190} INFO - [2024-11-04T14:35:03.328+0000] {dag.py:4180} INFO - Setting next_dagrun for example_kubernetes_executor to None, run_after=None
[2024-11-04T14:35:03.346+0000] {processor.py:208} INFO - Processing /home/airflow/.local/lib/python3.12/site-packages/airflow/example_dags/example_kubernetes_executor.py took 0.085 seconds
[2024-11-04T14:36:29.078+0000] {processor.py:186} INFO - Started process (PID=284) to work on /home/airflow/.local/lib/python3.12/site-packages/airflow/example_dags/example_kubernetes_executor.py
[2024-11-04T14:36:29.081+0000] {processor.py:914} INFO - Processing file /home/airflow/.local/lib/python3.12/site-packages/airflow/example_dags/example_kubernetes_executor.py for tasks to queue
[2024-11-04T14:36:29.086+0000] {logging_mixin.py:190} INFO - [2024-11-04T14:36:29.086+0000] {dagbag.py:588} INFO - Filling up the DagBag from /home/airflow/.local/lib/python3.12/site-packages/airflow/example_dags/example_kubernetes_executor.py
[2024-11-04T14:36:29.109+0000] {processor.py:925} INFO - DAG(s) 'example_kubernetes_executor' retrieved from /home/airflow/.local/lib/python3.12/site-packages/airflow/example_dags/example_kubernetes_executor.py
[2024-11-04T14:36:29.543+0000] {logging_mixin.py:190} INFO - [2024-11-04T14:36:29.541+0000] {override.py:1900} INFO - Created Permission View: can delete on DAG:example_kubernetes_executor
[2024-11-04T14:36:29.569+0000] {logging_mixin.py:190} INFO - [2024-11-04T14:36:29.568+0000] {override.py:1900} INFO - Created Permission View: can read on DAG:example_kubernetes_executor
[2024-11-04T14:36:29.587+0000] {logging_mixin.py:190} INFO - [2024-11-04T14:36:29.586+0000] {override.py:1900} INFO - Created Permission View: can edit on DAG:example_kubernetes_executor
[2024-11-04T14:36:29.604+0000] {logging_mixin.py:190} INFO - [2024-11-04T14:36:29.604+0000] {override.py:1900} INFO - Created Permission View: can create on DAG Run:example_kubernetes_executor
[2024-11-04T14:36:29.621+0000] {logging_mixin.py:190} INFO - [2024-11-04T14:36:29.620+0000] {override.py:1900} INFO - Created Permission View: can delete on DAG Run:example_kubernetes_executor
[2024-11-04T14:36:29.636+0000] {logging_mixin.py:190} INFO - [2024-11-04T14:36:29.635+0000] {override.py:1900} INFO - Created Permission View: can read on DAG Run:example_kubernetes_executor
[2024-11-04T14:36:29.649+0000] {logging_mixin.py:190} INFO - [2024-11-04T14:36:29.648+0000] {override.py:1900} INFO - Created Permission View: menu access on DAG Run:example_kubernetes_executor
[2024-11-04T14:36:29.650+0000] {logging_mixin.py:190} INFO - [2024-11-04T14:36:29.650+0000] {dag.py:3239} INFO - Sync 1 DAGs
[2024-11-04T14:36:29.671+0000] {logging_mixin.py:190} INFO - [2024-11-04T14:36:29.670+0000] {dag.py:3262} INFO - Creating ORM DAG for example_kubernetes_executor
[2024-11-04T14:36:29.673+0000] {logging_mixin.py:190} INFO - [2024-11-04T14:36:29.672+0000] {dag.py:4180} INFO - Setting next_dagrun for example_kubernetes_executor to None, run_after=None
[2024-11-04T14:36:29.713+0000] {processor.py:208} INFO - Processing /home/airflow/.local/lib/python3.12/site-packages/airflow/example_dags/example_kubernetes_executor.py took 0.645 seconds
[2024-11-04T14:36:59.918+0000] {processor.py:186} INFO - Started process (PID=570) to work on /home/airflow/.local/lib/python3.12/site-packages/airflow/example_dags/example_kubernetes_executor.py
[2024-11-04T14:36:59.921+0000] {processor.py:914} INFO - Processing file /home/airflow/.local/lib/python3.12/site-packages/airflow/example_dags/example_kubernetes_executor.py for tasks to queue
[2024-11-04T14:36:59.924+0000] {logging_mixin.py:190} INFO - [2024-11-04T14:36:59.924+0000] {dagbag.py:588} INFO - Filling up the DagBag from /home/airflow/.local/lib/python3.12/site-packages/airflow/example_dags/example_kubernetes_executor.py
[2024-11-04T14:36:59.936+0000] {processor.py:925} INFO - DAG(s) 'example_kubernetes_executor' retrieved from /home/airflow/.local/lib/python3.12/site-packages/airflow/example_dags/example_kubernetes_executor.py
[2024-11-04T14:36:59.967+0000] {logging_mixin.py:190} INFO - [2024-11-04T14:36:59.967+0000] {dag.py:3239} INFO - Sync 1 DAGs
[2024-11-04T14:36:59.980+0000] {logging_mixin.py:190} INFO - [2024-11-04T14:36:59.980+0000] {dag.py:4180} INFO - Setting next_dagrun for example_kubernetes_executor to None, run_after=None
[2024-11-04T14:37:00.000+0000] {processor.py:208} INFO - Processing /home/airflow/.local/lib/python3.12/site-packages/airflow/example_dags/example_kubernetes_executor.py took 0.088 seconds
[2024-11-04T14:37:30.147+0000] {processor.py:186} INFO - Started process (PID=862) to work on /home/airflow/.local/lib/python3.12/site-packages/airflow/example_dags/example_kubernetes_executor.py
[2024-11-04T14:37:30.149+0000] {processor.py:914} INFO - Processing file /home/airflow/.local/lib/python3.12/site-packages/airflow/example_dags/example_kubernetes_executor.py for tasks to queue
[2024-11-04T14:37:30.154+0000] {logging_mixin.py:190} INFO - [2024-11-04T14:37:30.153+0000] {dagbag.py:588} INFO - Filling up the DagBag from /home/airflow/.local/lib/python3.12/site-packages/airflow/example_dags/example_kubernetes_executor.py
[2024-11-04T14:37:30.181+0000] {processor.py:925} INFO - DAG(s) 'example_kubernetes_executor' retrieved from /home/airflow/.local/lib/python3.12/site-packages/airflow/example_dags/example_kubernetes_executor.py
[2024-11-04T14:37:30.239+0000] {logging_mixin.py:190} INFO - [2024-11-04T14:37:30.239+0000] {dag.py:3239} INFO - Sync 1 DAGs
[2024-11-04T14:37:30.261+0000] {logging_mixin.py:190} INFO - [2024-11-04T14:37:30.261+0000] {dag.py:4180} INFO - Setting next_dagrun for example_kubernetes_executor to None, run_after=None
[2024-11-04T14:37:30.293+0000] {processor.py:208} INFO - Processing /home/airflow/.local/lib/python3.12/site-packages/airflow/example_dags/example_kubernetes_executor.py took 0.159 seconds
[2024-11-04T14:38:01.225+0000] {processor.py:186} INFO - Started process (PID=1148) to work on /home/airflow/.local/lib/python3.12/site-packages/airflow/example_dags/example_kubernetes_executor.py
[2024-11-04T14:38:01.227+0000] {processor.py:914} INFO - Processing file /home/airflow/.local/lib/python3.12/site-packages/airflow/example_dags/example_kubernetes_executor.py for tasks to queue
[2024-11-04T14:38:01.232+0000] {logging_mixin.py:190} INFO - [2024-11-04T14:38:01.231+0000] {dagbag.py:588} INFO - Filling up the DagBag from /home/airflow/.local/lib/python3.12/site-packages/airflow/example_dags/example_kubernetes_executor.py
[2024-11-04T14:38:01.263+0000] {processor.py:925} INFO - DAG(s) 'example_kubernetes_executor' retrieved from /home/airflow/.local/lib/python3.12/site-packages/airflow/example_dags/example_kubernetes_executor.py
[2024-11-04T14:38:01.341+0000] {logging_mixin.py:190} INFO - [2024-11-04T14:38:01.340+0000] {dag.py:3239} INFO - Sync 1 DAGs
[2024-11-04T14:38:01.369+0000] {logging_mixin.py:190} INFO - [2024-11-04T14:38:01.368+0000] {dag.py:4180} INFO - Setting next_dagrun for example_kubernetes_executor to None, run_after=None
[2024-11-04T14:38:01.415+0000] {processor.py:208} INFO - Processing /home/airflow/.local/lib/python3.12/site-packages/airflow/example_dags/example_kubernetes_executor.py took 0.202 seconds
[2024-11-04T14:38:32.061+0000] {processor.py:186} INFO - Started process (PID=1435) to work on /home/airflow/.local/lib/python3.12/site-packages/airflow/example_dags/example_kubernetes_executor.py
[2024-11-04T14:38:32.063+0000] {processor.py:914} INFO - Processing file /home/airflow/.local/lib/python3.12/site-packages/airflow/example_dags/example_kubernetes_executor.py for tasks to queue
[2024-11-04T14:38:32.065+0000] {logging_mixin.py:190} INFO - [2024-11-04T14:38:32.064+0000] {dagbag.py:588} INFO - Filling up the DagBag from /home/airflow/.local/lib/python3.12/site-packages/airflow/example_dags/example_kubernetes_executor.py
[2024-11-04T14:38:32.076+0000] {processor.py:925} INFO - DAG(s) 'example_kubernetes_executor' retrieved from /home/airflow/.local/lib/python3.12/site-packages/airflow/example_dags/example_kubernetes_executor.py
[2024-11-04T14:38:32.110+0000] {logging_mixin.py:190} INFO - [2024-11-04T14:38:32.109+0000] {dag.py:3239} INFO - Sync 1 DAGs
[2024-11-04T14:38:32.122+0000] {logging_mixin.py:190} INFO - [2024-11-04T14:38:32.121+0000] {dag.py:4180} INFO - Setting next_dagrun for example_kubernetes_executor to None, run_after=None
[2024-11-04T14:38:32.138+0000] {processor.py:208} INFO - Processing /home/airflow/.local/lib/python3.12/site-packages/airflow/example_dags/example_kubernetes_executor.py took 0.082 seconds
[2024-11-04T14:39:02.724+0000] {processor.py:186} INFO - Started process (PID=1721) to work on /home/airflow/.local/lib/python3.12/site-packages/airflow/example_dags/example_kubernetes_executor.py
[2024-11-04T14:39:02.725+0000] {processor.py:914} INFO - Processing file /home/airflow/.local/lib/python3.12/site-packages/airflow/example_dags/example_kubernetes_executor.py for tasks to queue
[2024-11-04T14:39:02.728+0000] {logging_mixin.py:190} INFO - [2024-11-04T14:39:02.727+0000] {dagbag.py:588} INFO - Filling up the DagBag from /home/airflow/.local/lib/python3.12/site-packages/airflow/example_dags/example_kubernetes_executor.py
[2024-11-04T14:39:02.743+0000] {processor.py:925} INFO - DAG(s) 'example_kubernetes_executor' retrieved from /home/airflow/.local/lib/python3.12/site-packages/airflow/example_dags/example_kubernetes_executor.py
[2024-11-04T14:39:02.790+0000] {logging_mixin.py:190} INFO - [2024-11-04T14:39:02.789+0000] {dag.py:3239} INFO - Sync 1 DAGs
[2024-11-04T14:39:02.811+0000] {logging_mixin.py:190} INFO - [2024-11-04T14:39:02.810+0000] {dag.py:4180} INFO - Setting next_dagrun for example_kubernetes_executor to None, run_after=None
[2024-11-04T14:39:02.841+0000] {processor.py:208} INFO - Processing /home/airflow/.local/lib/python3.12/site-packages/airflow/example_dags/example_kubernetes_executor.py took 0.124 seconds
[2024-11-04T14:39:33.530+0000] {processor.py:186} INFO - Started process (PID=2007) to work on /home/airflow/.local/lib/python3.12/site-packages/airflow/example_dags/example_kubernetes_executor.py
[2024-11-04T14:39:33.531+0000] {processor.py:914} INFO - Processing file /home/airflow/.local/lib/python3.12/site-packages/airflow/example_dags/example_kubernetes_executor.py for tasks to queue
[2024-11-04T14:39:33.534+0000] {logging_mixin.py:190} INFO - [2024-11-04T14:39:33.534+0000] {dagbag.py:588} INFO - Filling up the DagBag from /home/airflow/.local/lib/python3.12/site-packages/airflow/example_dags/example_kubernetes_executor.py
[2024-11-04T14:39:33.545+0000] {processor.py:925} INFO - DAG(s) 'example_kubernetes_executor' retrieved from /home/airflow/.local/lib/python3.12/site-packages/airflow/example_dags/example_kubernetes_executor.py
[2024-11-04T14:39:33.581+0000] {logging_mixin.py:190} INFO - [2024-11-04T14:39:33.581+0000] {dag.py:3239} INFO - Sync 1 DAGs
[2024-11-04T14:39:33.596+0000] {logging_mixin.py:190} INFO - [2024-11-04T14:39:33.596+0000] {dag.py:4180} INFO - Setting next_dagrun for example_kubernetes_executor to None, run_after=None
[2024-11-04T14:39:33.619+0000] {processor.py:208} INFO - Processing /home/airflow/.local/lib/python3.12/site-packages/airflow/example_dags/example_kubernetes_executor.py took 0.094 seconds
[2024-11-04T14:40:03.888+0000] {processor.py:186} INFO - Started process (PID=2293) to work on /home/airflow/.local/lib/python3.12/site-packages/airflow/example_dags/example_kubernetes_executor.py
[2024-11-04T14:40:03.890+0000] {processor.py:914} INFO - Processing file /home/airflow/.local/lib/python3.12/site-packages/airflow/example_dags/example_kubernetes_executor.py for tasks to queue
[2024-11-04T14:40:03.893+0000] {logging_mixin.py:190} INFO - [2024-11-04T14:40:03.893+0000] {dagbag.py:588} INFO - Filling up the DagBag from /home/airflow/.local/lib/python3.12/site-packages/airflow/example_dags/example_kubernetes_executor.py
[2024-11-04T14:40:03.910+0000] {processor.py:925} INFO - DAG(s) 'example_kubernetes_executor' retrieved from /home/airflow/.local/lib/python3.12/site-packages/airflow/example_dags/example_kubernetes_executor.py
[2024-11-04T14:40:03.949+0000] {logging_mixin.py:190} INFO - [2024-11-04T14:40:03.949+0000] {dag.py:3239} INFO - Sync 1 DAGs
[2024-11-04T14:40:03.963+0000] {logging_mixin.py:190} INFO - [2024-11-04T14:40:03.963+0000] {dag.py:4180} INFO - Setting next_dagrun for example_kubernetes_executor to None, run_after=None
[2024-11-04T14:40:03.988+0000] {processor.py:208} INFO - Processing /home/airflow/.local/lib/python3.12/site-packages/airflow/example_dags/example_kubernetes_executor.py took 0.109 seconds
[2024-11-04T14:40:34.087+0000] {processor.py:186} INFO - Started process (PID=2581) to work on /home/airflow/.local/lib/python3.12/site-packages/airflow/example_dags/example_kubernetes_executor.py
[2024-11-04T14:40:34.088+0000] {processor.py:914} INFO - Processing file /home/airflow/.local/lib/python3.12/site-packages/airflow/example_dags/example_kubernetes_executor.py for tasks to queue
[2024-11-04T14:40:34.090+0000] {logging_mixin.py:190} INFO - [2024-11-04T14:40:34.090+0000] {dagbag.py:588} INFO - Filling up the DagBag from /home/airflow/.local/lib/python3.12/site-packages/airflow/example_dags/example_kubernetes_executor.py
[2024-11-04T14:40:34.101+0000] {processor.py:925} INFO - DAG(s) 'example_kubernetes_executor' retrieved from /home/airflow/.local/lib/python3.12/site-packages/airflow/example_dags/example_kubernetes_executor.py
[2024-11-04T14:40:34.135+0000] {logging_mixin.py:190} INFO - [2024-11-04T14:40:34.134+0000] {dag.py:3239} INFO - Sync 1 DAGs
[2024-11-04T14:40:34.147+0000] {logging_mixin.py:190} INFO - [2024-11-04T14:40:34.146+0000] {dag.py:4180} INFO - Setting next_dagrun for example_kubernetes_executor to None, run_after=None
[2024-11-04T14:40:34.164+0000] {processor.py:208} INFO - Processing /home/airflow/.local/lib/python3.12/site-packages/airflow/example_dags/example_kubernetes_executor.py took 0.082 seconds
[2024-11-04T14:41:05.339+0000] {processor.py:186} INFO - Started process (PID=2867) to work on /home/airflow/.local/lib/python3.12/site-packages/airflow/example_dags/example_kubernetes_executor.py
[2024-11-04T14:41:05.341+0000] {processor.py:914} INFO - Processing file /home/airflow/.local/lib/python3.12/site-packages/airflow/example_dags/example_kubernetes_executor.py for tasks to queue
[2024-11-04T14:41:05.348+0000] {logging_mixin.py:190} INFO - [2024-11-04T14:41:05.347+0000] {dagbag.py:588} INFO - Filling up the DagBag from /home/airflow/.local/lib/python3.12/site-packages/airflow/example_dags/example_kubernetes_executor.py
[2024-11-04T14:41:05.375+0000] {processor.py:925} INFO - DAG(s) 'example_kubernetes_executor' retrieved from /home/airflow/.local/lib/python3.12/site-packages/airflow/example_dags/example_kubernetes_executor.py
[2024-11-04T14:41:05.439+0000] {logging_mixin.py:190} INFO - [2024-11-04T14:41:05.438+0000] {dag.py:3239} INFO - Sync 1 DAGs
[2024-11-04T14:41:05.466+0000] {logging_mixin.py:190} INFO - [2024-11-04T14:41:05.465+0000] {dag.py:4180} INFO - Setting next_dagrun for example_kubernetes_executor to None, run_after=None
[2024-11-04T14:41:05.506+0000] {processor.py:208} INFO - Processing /home/airflow/.local/lib/python3.12/site-packages/airflow/example_dags/example_kubernetes_executor.py took 0.180 seconds
[2024-11-04T14:41:35.850+0000] {processor.py:186} INFO - Started process (PID=3153) to work on /home/airflow/.local/lib/python3.12/site-packages/airflow/example_dags/example_kubernetes_executor.py
[2024-11-04T14:41:35.852+0000] {processor.py:914} INFO - Processing file /home/airflow/.local/lib/python3.12/site-packages/airflow/example_dags/example_kubernetes_executor.py for tasks to queue
[2024-11-04T14:41:35.856+0000] {logging_mixin.py:190} INFO - [2024-11-04T14:41:35.856+0000] {dagbag.py:588} INFO - Filling up the DagBag from /home/airflow/.local/lib/python3.12/site-packages/airflow/example_dags/example_kubernetes_executor.py
[2024-11-04T14:41:35.878+0000] {processor.py:925} INFO - DAG(s) 'example_kubernetes_executor' retrieved from /home/airflow/.local/lib/python3.12/site-packages/airflow/example_dags/example_kubernetes_executor.py
[2024-11-04T14:41:35.941+0000] {logging_mixin.py:190} INFO - [2024-11-04T14:41:35.940+0000] {dag.py:3239} INFO - Sync 1 DAGs
[2024-11-04T14:41:35.966+0000] {logging_mixin.py:190} INFO - [2024-11-04T14:41:35.965+0000] {dag.py:4180} INFO - Setting next_dagrun for example_kubernetes_executor to None, run_after=None
[2024-11-04T14:41:36.004+0000] {processor.py:208} INFO - Processing /home/airflow/.local/lib/python3.12/site-packages/airflow/example_dags/example_kubernetes_executor.py took 0.165 seconds
[2024-11-04T14:42:06.551+0000] {processor.py:186} INFO - Started process (PID=3437) to work on /home/airflow/.local/lib/python3.12/site-packages/airflow/example_dags/example_kubernetes_executor.py
[2024-11-04T14:42:06.553+0000] {processor.py:914} INFO - Processing file /home/airflow/.local/lib/python3.12/site-packages/airflow/example_dags/example_kubernetes_executor.py for tasks to queue
[2024-11-04T14:42:06.556+0000] {logging_mixin.py:190} INFO - [2024-11-04T14:42:06.555+0000] {dagbag.py:588} INFO - Filling up the DagBag from /home/airflow/.local/lib/python3.12/site-packages/airflow/example_dags/example_kubernetes_executor.py
[2024-11-04T14:42:06.568+0000] {processor.py:925} INFO - DAG(s) 'example_kubernetes_executor' retrieved from /home/airflow/.local/lib/python3.12/site-packages/airflow/example_dags/example_kubernetes_executor.py
[2024-11-04T14:42:06.605+0000] {logging_mixin.py:190} INFO - [2024-11-04T14:42:06.605+0000] {dag.py:3239} INFO - Sync 1 DAGs
[2024-11-04T14:42:06.619+0000] {logging_mixin.py:190} INFO - [2024-11-04T14:42:06.618+0000] {dag.py:4180} INFO - Setting next_dagrun for example_kubernetes_executor to None, run_after=None
[2024-11-04T14:42:06.640+0000] {processor.py:208} INFO - Processing /home/airflow/.local/lib/python3.12/site-packages/airflow/example_dags/example_kubernetes_executor.py took 0.096 seconds
[2024-11-04T14:42:37.120+0000] {processor.py:186} INFO - Started process (PID=3722) to work on /home/airflow/.local/lib/python3.12/site-packages/airflow/example_dags/example_kubernetes_executor.py
[2024-11-04T14:42:37.122+0000] {processor.py:914} INFO - Processing file /home/airflow/.local/lib/python3.12/site-packages/airflow/example_dags/example_kubernetes_executor.py for tasks to queue
[2024-11-04T14:42:37.124+0000] {logging_mixin.py:190} INFO - [2024-11-04T14:42:37.124+0000] {dagbag.py:588} INFO - Filling up the DagBag from /home/airflow/.local/lib/python3.12/site-packages/airflow/example_dags/example_kubernetes_executor.py
[2024-11-04T14:42:37.135+0000] {processor.py:925} INFO - DAG(s) 'example_kubernetes_executor' retrieved from /home/airflow/.local/lib/python3.12/site-packages/airflow/example_dags/example_kubernetes_executor.py
[2024-11-04T14:42:37.168+0000] {logging_mixin.py:190} INFO - [2024-11-04T14:42:37.168+0000] {dag.py:3239} INFO - Sync 1 DAGs
[2024-11-04T14:42:37.180+0000] {logging_mixin.py:190} INFO - [2024-11-04T14:42:37.180+0000] {dag.py:4180} INFO - Setting next_dagrun for example_kubernetes_executor to None, run_after=None
[2024-11-04T14:42:37.201+0000] {processor.py:208} INFO - Processing /home/airflow/.local/lib/python3.12/site-packages/airflow/example_dags/example_kubernetes_executor.py took 0.085 seconds
[2024-11-04T14:43:07.757+0000] {processor.py:186} INFO - Started process (PID=4008) to work on /home/airflow/.local/lib/python3.12/site-packages/airflow/example_dags/example_kubernetes_executor.py
[2024-11-04T14:43:07.759+0000] {processor.py:914} INFO - Processing file /home/airflow/.local/lib/python3.12/site-packages/airflow/example_dags/example_kubernetes_executor.py for tasks to queue
[2024-11-04T14:43:07.762+0000] {logging_mixin.py:190} INFO - [2024-11-04T14:43:07.761+0000] {dagbag.py:588} INFO - Filling up the DagBag from /home/airflow/.local/lib/python3.12/site-packages/airflow/example_dags/example_kubernetes_executor.py
[2024-11-04T14:43:07.777+0000] {processor.py:925} INFO - DAG(s) 'example_kubernetes_executor' retrieved from /home/airflow/.local/lib/python3.12/site-packages/airflow/example_dags/example_kubernetes_executor.py
[2024-11-04T14:43:07.817+0000] {logging_mixin.py:190} INFO - [2024-11-04T14:43:07.816+0000] {dag.py:3239} INFO - Sync 1 DAGs
[2024-11-04T14:43:07.835+0000] {logging_mixin.py:190} INFO - [2024-11-04T14:43:07.835+0000] {dag.py:4180} INFO - Setting next_dagrun for example_kubernetes_executor to None, run_after=None
[2024-11-04T14:43:07.857+0000] {processor.py:208} INFO - Processing /home/airflow/.local/lib/python3.12/site-packages/airflow/example_dags/example_kubernetes_executor.py took 0.110 seconds
[2024-11-04T14:44:56.080+0000] {processor.py:186} INFO - Started process (PID=291) to work on /home/airflow/.local/lib/python3.12/site-packages/airflow/example_dags/example_kubernetes_executor.py
[2024-11-04T14:44:56.082+0000] {processor.py:914} INFO - Processing file /home/airflow/.local/lib/python3.12/site-packages/airflow/example_dags/example_kubernetes_executor.py for tasks to queue
[2024-11-04T14:44:56.085+0000] {logging_mixin.py:190} INFO - [2024-11-04T14:44:56.085+0000] {dagbag.py:588} INFO - Filling up the DagBag from /home/airflow/.local/lib/python3.12/site-packages/airflow/example_dags/example_kubernetes_executor.py
[2024-11-04T14:44:56.107+0000] {processor.py:925} INFO - DAG(s) 'example_kubernetes_executor' retrieved from /home/airflow/.local/lib/python3.12/site-packages/airflow/example_dags/example_kubernetes_executor.py
[2024-11-04T14:44:56.285+0000] {logging_mixin.py:190} INFO - [2024-11-04T14:44:56.284+0000] {override.py:1900} INFO - Created Permission View: can delete on DAG:example_kubernetes_executor
[2024-11-04T14:44:56.301+0000] {logging_mixin.py:190} INFO - [2024-11-04T14:44:56.301+0000] {override.py:1900} INFO - Created Permission View: can read on DAG:example_kubernetes_executor
[2024-11-04T14:44:56.313+0000] {logging_mixin.py:190} INFO - [2024-11-04T14:44:56.313+0000] {override.py:1900} INFO - Created Permission View: can edit on DAG:example_kubernetes_executor
[2024-11-04T14:44:56.328+0000] {logging_mixin.py:190} INFO - [2024-11-04T14:44:56.327+0000] {override.py:1900} INFO - Created Permission View: can create on DAG Run:example_kubernetes_executor
[2024-11-04T14:44:56.347+0000] {logging_mixin.py:190} INFO - [2024-11-04T14:44:56.346+0000] {override.py:1900} INFO - Created Permission View: can delete on DAG Run:example_kubernetes_executor
[2024-11-04T14:44:56.364+0000] {logging_mixin.py:190} INFO - [2024-11-04T14:44:56.364+0000] {override.py:1900} INFO - Created Permission View: menu access on DAG Run:example_kubernetes_executor
[2024-11-04T14:44:56.377+0000] {logging_mixin.py:190} INFO - [2024-11-04T14:44:56.377+0000] {override.py:1900} INFO - Created Permission View: can read on DAG Run:example_kubernetes_executor
[2024-11-04T14:44:56.378+0000] {logging_mixin.py:190} INFO - [2024-11-04T14:44:56.378+0000] {dag.py:3239} INFO - Sync 1 DAGs
[2024-11-04T14:44:56.399+0000] {logging_mixin.py:190} INFO - [2024-11-04T14:44:56.398+0000] {dag.py:3262} INFO - Creating ORM DAG for example_kubernetes_executor
[2024-11-04T14:44:56.400+0000] {logging_mixin.py:190} INFO - [2024-11-04T14:44:56.400+0000] {dag.py:4180} INFO - Setting next_dagrun for example_kubernetes_executor to None, run_after=None
[2024-11-04T14:44:56.431+0000] {processor.py:208} INFO - Processing /home/airflow/.local/lib/python3.12/site-packages/airflow/example_dags/example_kubernetes_executor.py took 0.359 seconds
[2024-11-04T14:45:26.635+0000] {processor.py:186} INFO - Started process (PID=579) to work on /home/airflow/.local/lib/python3.12/site-packages/airflow/example_dags/example_kubernetes_executor.py
[2024-11-04T14:45:26.637+0000] {processor.py:914} INFO - Processing file /home/airflow/.local/lib/python3.12/site-packages/airflow/example_dags/example_kubernetes_executor.py for tasks to queue
[2024-11-04T14:45:26.641+0000] {logging_mixin.py:190} INFO - [2024-11-04T14:45:26.641+0000] {dagbag.py:588} INFO - Filling up the DagBag from /home/airflow/.local/lib/python3.12/site-packages/airflow/example_dags/example_kubernetes_executor.py
[2024-11-04T14:45:26.669+0000] {processor.py:925} INFO - DAG(s) 'example_kubernetes_executor' retrieved from /home/airflow/.local/lib/python3.12/site-packages/airflow/example_dags/example_kubernetes_executor.py
[2024-11-04T14:45:26.726+0000] {logging_mixin.py:190} INFO - [2024-11-04T14:45:26.725+0000] {dag.py:3239} INFO - Sync 1 DAGs
[2024-11-04T14:45:26.748+0000] {logging_mixin.py:190} INFO - [2024-11-04T14:45:26.748+0000] {dag.py:4180} INFO - Setting next_dagrun for example_kubernetes_executor to None, run_after=None
[2024-11-04T14:45:26.781+0000] {processor.py:208} INFO - Processing /home/airflow/.local/lib/python3.12/site-packages/airflow/example_dags/example_kubernetes_executor.py took 0.156 seconds
[2024-11-04T14:45:57.189+0000] {processor.py:186} INFO - Started process (PID=865) to work on /home/airflow/.local/lib/python3.12/site-packages/airflow/example_dags/example_kubernetes_executor.py
[2024-11-04T14:45:57.191+0000] {processor.py:914} INFO - Processing file /home/airflow/.local/lib/python3.12/site-packages/airflow/example_dags/example_kubernetes_executor.py for tasks to queue
[2024-11-04T14:45:57.193+0000] {logging_mixin.py:190} INFO - [2024-11-04T14:45:57.193+0000] {dagbag.py:588} INFO - Filling up the DagBag from /home/airflow/.local/lib/python3.12/site-packages/airflow/example_dags/example_kubernetes_executor.py
[2024-11-04T14:45:57.206+0000] {processor.py:925} INFO - DAG(s) 'example_kubernetes_executor' retrieved from /home/airflow/.local/lib/python3.12/site-packages/airflow/example_dags/example_kubernetes_executor.py
[2024-11-04T14:45:57.240+0000] {logging_mixin.py:190} INFO - [2024-11-04T14:45:57.239+0000] {dag.py:3239} INFO - Sync 1 DAGs
[2024-11-04T14:45:57.252+0000] {logging_mixin.py:190} INFO - [2024-11-04T14:45:57.252+0000] {dag.py:4180} INFO - Setting next_dagrun for example_kubernetes_executor to None, run_after=None
[2024-11-04T14:45:57.271+0000] {processor.py:208} INFO - Processing /home/airflow/.local/lib/python3.12/site-packages/airflow/example_dags/example_kubernetes_executor.py took 0.087 seconds
[2024-11-04T14:46:27.424+0000] {processor.py:186} INFO - Started process (PID=1149) to work on /home/airflow/.local/lib/python3.12/site-packages/airflow/example_dags/example_kubernetes_executor.py
[2024-11-04T14:46:27.425+0000] {processor.py:914} INFO - Processing file /home/airflow/.local/lib/python3.12/site-packages/airflow/example_dags/example_kubernetes_executor.py for tasks to queue
[2024-11-04T14:46:27.428+0000] {logging_mixin.py:190} INFO - [2024-11-04T14:46:27.428+0000] {dagbag.py:588} INFO - Filling up the DagBag from /home/airflow/.local/lib/python3.12/site-packages/airflow/example_dags/example_kubernetes_executor.py
[2024-11-04T14:46:27.442+0000] {processor.py:925} INFO - DAG(s) 'example_kubernetes_executor' retrieved from /home/airflow/.local/lib/python3.12/site-packages/airflow/example_dags/example_kubernetes_executor.py
[2024-11-04T14:46:27.485+0000] {logging_mixin.py:190} INFO - [2024-11-04T14:46:27.485+0000] {dag.py:3239} INFO - Sync 1 DAGs
[2024-11-04T14:46:27.501+0000] {logging_mixin.py:190} INFO - [2024-11-04T14:46:27.500+0000] {dag.py:4180} INFO - Setting next_dagrun for example_kubernetes_executor to None, run_after=None
[2024-11-04T14:46:27.524+0000] {processor.py:208} INFO - Processing /home/airflow/.local/lib/python3.12/site-packages/airflow/example_dags/example_kubernetes_executor.py took 0.107 seconds
[2024-11-04T14:46:58.044+0000] {processor.py:186} INFO - Started process (PID=1437) to work on /home/airflow/.local/lib/python3.12/site-packages/airflow/example_dags/example_kubernetes_executor.py
[2024-11-04T14:46:58.046+0000] {processor.py:914} INFO - Processing file /home/airflow/.local/lib/python3.12/site-packages/airflow/example_dags/example_kubernetes_executor.py for tasks to queue
[2024-11-04T14:46:58.048+0000] {logging_mixin.py:190} INFO - [2024-11-04T14:46:58.048+0000] {dagbag.py:588} INFO - Filling up the DagBag from /home/airflow/.local/lib/python3.12/site-packages/airflow/example_dags/example_kubernetes_executor.py
[2024-11-04T14:46:58.061+0000] {processor.py:925} INFO - DAG(s) 'example_kubernetes_executor' retrieved from /home/airflow/.local/lib/python3.12/site-packages/airflow/example_dags/example_kubernetes_executor.py
[2024-11-04T14:46:58.097+0000] {logging_mixin.py:190} INFO - [2024-11-04T14:46:58.097+0000] {dag.py:3239} INFO - Sync 1 DAGs
[2024-11-04T14:46:58.111+0000] {logging_mixin.py:190} INFO - [2024-11-04T14:46:58.111+0000] {dag.py:4180} INFO - Setting next_dagrun for example_kubernetes_executor to None, run_after=None
[2024-11-04T14:46:58.131+0000] {processor.py:208} INFO - Processing /home/airflow/.local/lib/python3.12/site-packages/airflow/example_dags/example_kubernetes_executor.py took 0.093 seconds
[2024-11-04T14:49:15.656+0000] {processor.py:186} INFO - Started process (PID=284) to work on /home/airflow/.local/lib/python3.12/site-packages/airflow/example_dags/example_kubernetes_executor.py
[2024-11-04T14:49:15.657+0000] {processor.py:914} INFO - Processing file /home/airflow/.local/lib/python3.12/site-packages/airflow/example_dags/example_kubernetes_executor.py for tasks to queue
[2024-11-04T14:49:15.661+0000] {logging_mixin.py:190} INFO - [2024-11-04T14:49:15.661+0000] {dagbag.py:588} INFO - Filling up the DagBag from /home/airflow/.local/lib/python3.12/site-packages/airflow/example_dags/example_kubernetes_executor.py
[2024-11-04T14:49:15.684+0000] {processor.py:925} INFO - DAG(s) 'example_kubernetes_executor' retrieved from /home/airflow/.local/lib/python3.12/site-packages/airflow/example_dags/example_kubernetes_executor.py
[2024-11-04T14:49:15.852+0000] {logging_mixin.py:190} INFO - [2024-11-04T14:49:15.851+0000] {override.py:1900} INFO - Created Permission View: can edit on DAG:example_kubernetes_executor
[2024-11-04T14:49:15.868+0000] {logging_mixin.py:190} INFO - [2024-11-04T14:49:15.868+0000] {override.py:1900} INFO - Created Permission View: can delete on DAG:example_kubernetes_executor
[2024-11-04T14:49:15.880+0000] {logging_mixin.py:190} INFO - [2024-11-04T14:49:15.879+0000] {override.py:1900} INFO - Created Permission View: can read on DAG:example_kubernetes_executor
[2024-11-04T14:49:15.895+0000] {logging_mixin.py:190} INFO - [2024-11-04T14:49:15.894+0000] {override.py:1900} INFO - Created Permission View: can create on DAG Run:example_kubernetes_executor
[2024-11-04T14:49:15.906+0000] {logging_mixin.py:190} INFO - [2024-11-04T14:49:15.906+0000] {override.py:1900} INFO - Created Permission View: can read on DAG Run:example_kubernetes_executor
[2024-11-04T14:49:15.918+0000] {logging_mixin.py:190} INFO - [2024-11-04T14:49:15.918+0000] {override.py:1900} INFO - Created Permission View: can delete on DAG Run:example_kubernetes_executor
[2024-11-04T14:49:15.929+0000] {logging_mixin.py:190} INFO - [2024-11-04T14:49:15.929+0000] {override.py:1900} INFO - Created Permission View: menu access on DAG Run:example_kubernetes_executor
[2024-11-04T14:49:15.930+0000] {logging_mixin.py:190} INFO - [2024-11-04T14:49:15.930+0000] {dag.py:3239} INFO - Sync 1 DAGs
[2024-11-04T14:49:15.947+0000] {logging_mixin.py:190} INFO - [2024-11-04T14:49:15.947+0000] {dag.py:3262} INFO - Creating ORM DAG for example_kubernetes_executor
[2024-11-04T14:49:15.949+0000] {logging_mixin.py:190} INFO - [2024-11-04T14:49:15.949+0000] {dag.py:4180} INFO - Setting next_dagrun for example_kubernetes_executor to None, run_after=None
[2024-11-04T14:49:15.973+0000] {processor.py:208} INFO - Processing /home/airflow/.local/lib/python3.12/site-packages/airflow/example_dags/example_kubernetes_executor.py took 0.326 seconds
