[2024-11-04T14:34:08.670+0000] {processor.py:186} INFO - Started process (PID=419) to work on /home/airflow/.local/lib/python3.12/site-packages/airflow/example_dags/example_outlet_event_extra.py
[2024-11-04T14:34:08.671+0000] {processor.py:914} INFO - Processing file /home/airflow/.local/lib/python3.12/site-packages/airflow/example_dags/example_outlet_event_extra.py for tasks to queue
[2024-11-04T14:34:08.675+0000] {logging_mixin.py:190} INFO - [2024-11-04T14:34:08.675+0000] {dagbag.py:588} INFO - Filling up the DagBag from /home/airflow/.local/lib/python3.12/site-packages/airflow/example_dags/example_outlet_event_extra.py
[2024-11-04T14:34:08.871+0000] {processor.py:925} INFO - DAG(s) 'dataset_with_extra_by_yield', 'dataset_with_extra_by_context', 'dataset_with_extra_from_classic_operator' retrieved from /home/airflow/.local/lib/python3.12/site-packages/airflow/example_dags/example_outlet_event_extra.py
[2024-11-04T14:34:09.055+0000] {logging_mixin.py:190} INFO - [2024-11-04T14:34:09.054+0000] {override.py:1900} INFO - Created Permission View: can edit on DAG:dataset_with_extra_by_yield
[2024-11-04T14:34:09.075+0000] {logging_mixin.py:190} INFO - [2024-11-04T14:34:09.075+0000] {override.py:1900} INFO - Created Permission View: can read on DAG:dataset_with_extra_by_yield
[2024-11-04T14:34:09.097+0000] {logging_mixin.py:190} INFO - [2024-11-04T14:34:09.096+0000] {override.py:1900} INFO - Created Permission View: can delete on DAG:dataset_with_extra_by_yield
[2024-11-04T14:34:09.142+0000] {logging_mixin.py:190} INFO - [2024-11-04T14:34:09.141+0000] {override.py:1900} INFO - Created Permission View: can read on DAG Run:dataset_with_extra_by_yield
[2024-11-04T14:34:09.174+0000] {logging_mixin.py:190} INFO - [2024-11-04T14:34:09.173+0000] {override.py:1900} INFO - Created Permission View: can delete on DAG Run:dataset_with_extra_by_yield
[2024-11-04T14:34:09.199+0000] {logging_mixin.py:190} INFO - [2024-11-04T14:34:09.198+0000] {override.py:1900} INFO - Created Permission View: menu access on DAG Run:dataset_with_extra_by_yield
[2024-11-04T14:34:09.227+0000] {logging_mixin.py:190} INFO - [2024-11-04T14:34:09.226+0000] {override.py:1900} INFO - Created Permission View: can create on DAG Run:dataset_with_extra_by_yield
[2024-11-04T14:34:09.279+0000] {logging_mixin.py:190} INFO - [2024-11-04T14:34:09.278+0000] {override.py:1900} INFO - Created Permission View: can edit on DAG:dataset_with_extra_by_context
[2024-11-04T14:34:09.309+0000] {logging_mixin.py:190} INFO - [2024-11-04T14:34:09.308+0000] {override.py:1900} INFO - Created Permission View: can read on DAG:dataset_with_extra_by_context
[2024-11-04T14:34:09.332+0000] {logging_mixin.py:190} INFO - [2024-11-04T14:34:09.331+0000] {override.py:1900} INFO - Created Permission View: can delete on DAG:dataset_with_extra_by_context
[2024-11-04T14:34:09.352+0000] {logging_mixin.py:190} INFO - [2024-11-04T14:34:09.352+0000] {override.py:1900} INFO - Created Permission View: can read on DAG Run:dataset_with_extra_by_context
[2024-11-04T14:34:09.373+0000] {logging_mixin.py:190} INFO - [2024-11-04T14:34:09.373+0000] {override.py:1900} INFO - Created Permission View: can delete on DAG Run:dataset_with_extra_by_context
[2024-11-04T14:34:09.389+0000] {logging_mixin.py:190} INFO - [2024-11-04T14:34:09.388+0000] {override.py:1900} INFO - Created Permission View: menu access on DAG Run:dataset_with_extra_by_context
[2024-11-04T14:34:09.404+0000] {logging_mixin.py:190} INFO - [2024-11-04T14:34:09.404+0000] {override.py:1900} INFO - Created Permission View: can create on DAG Run:dataset_with_extra_by_context
[2024-11-04T14:34:09.435+0000] {logging_mixin.py:190} INFO - [2024-11-04T14:34:09.435+0000] {override.py:1900} INFO - Created Permission View: can edit on DAG:dataset_with_extra_from_classic_operator
[2024-11-04T14:34:09.450+0000] {logging_mixin.py:190} INFO - [2024-11-04T14:34:09.449+0000] {override.py:1900} INFO - Created Permission View: can read on DAG:dataset_with_extra_from_classic_operator
[2024-11-04T14:34:09.464+0000] {logging_mixin.py:190} INFO - [2024-11-04T14:34:09.464+0000] {override.py:1900} INFO - Created Permission View: can delete on DAG:dataset_with_extra_from_classic_operator
[2024-11-04T14:34:09.483+0000] {logging_mixin.py:190} INFO - [2024-11-04T14:34:09.482+0000] {override.py:1900} INFO - Created Permission View: can read on DAG Run:dataset_with_extra_from_classic_operator
[2024-11-04T14:34:09.499+0000] {logging_mixin.py:190} INFO - [2024-11-04T14:34:09.498+0000] {override.py:1900} INFO - Created Permission View: can delete on DAG Run:dataset_with_extra_from_classic_operator
[2024-11-04T14:34:09.514+0000] {logging_mixin.py:190} INFO - [2024-11-04T14:34:09.513+0000] {override.py:1900} INFO - Created Permission View: menu access on DAG Run:dataset_with_extra_from_classic_operator
[2024-11-04T14:34:09.533+0000] {logging_mixin.py:190} INFO - [2024-11-04T14:34:09.532+0000] {override.py:1900} INFO - Created Permission View: can create on DAG Run:dataset_with_extra_from_classic_operator
[2024-11-04T14:34:09.535+0000] {logging_mixin.py:190} INFO - [2024-11-04T14:34:09.535+0000] {dag.py:3239} INFO - Sync 3 DAGs
[2024-11-04T14:34:09.560+0000] {logging_mixin.py:190} INFO - [2024-11-04T14:34:09.560+0000] {dag.py:3262} INFO - Creating ORM DAG for dataset_with_extra_by_context
[2024-11-04T14:34:09.562+0000] {logging_mixin.py:190} INFO - [2024-11-04T14:34:09.562+0000] {dag.py:3262} INFO - Creating ORM DAG for dataset_with_extra_by_yield
[2024-11-04T14:34:09.564+0000] {logging_mixin.py:190} INFO - [2024-11-04T14:34:09.564+0000] {dag.py:3262} INFO - Creating ORM DAG for dataset_with_extra_from_classic_operator
[2024-11-04T14:34:09.587+0000] {logging_mixin.py:190} INFO - [2024-11-04T14:34:09.587+0000] {dag.py:4180} INFO - Setting next_dagrun for dataset_with_extra_by_context to 2024-11-03 00:00:00+00:00, run_after=2024-11-04 00:00:00+00:00
[2024-11-04T14:34:09.591+0000] {logging_mixin.py:190} INFO - [2024-11-04T14:34:09.591+0000] {dag.py:4180} INFO - Setting next_dagrun for dataset_with_extra_by_yield to 2024-11-03 00:00:00+00:00, run_after=2024-11-04 00:00:00+00:00
[2024-11-04T14:34:09.596+0000] {logging_mixin.py:190} INFO - [2024-11-04T14:34:09.595+0000] {dag.py:4180} INFO - Setting next_dagrun for dataset_with_extra_from_classic_operator to 2024-11-03 00:00:00+00:00, run_after=2024-11-04 00:00:00+00:00
[2024-11-04T14:34:09.674+0000] {processor.py:208} INFO - Processing /home/airflow/.local/lib/python3.12/site-packages/airflow/example_dags/example_outlet_event_extra.py took 1.013 seconds
[2024-11-04T14:34:40.070+0000] {processor.py:186} INFO - Started process (PID=708) to work on /home/airflow/.local/lib/python3.12/site-packages/airflow/example_dags/example_outlet_event_extra.py
[2024-11-04T14:34:40.071+0000] {processor.py:914} INFO - Processing file /home/airflow/.local/lib/python3.12/site-packages/airflow/example_dags/example_outlet_event_extra.py for tasks to queue
[2024-11-04T14:34:40.074+0000] {logging_mixin.py:190} INFO - [2024-11-04T14:34:40.074+0000] {dagbag.py:588} INFO - Filling up the DagBag from /home/airflow/.local/lib/python3.12/site-packages/airflow/example_dags/example_outlet_event_extra.py
[2024-11-04T14:34:40.186+0000] {processor.py:925} INFO - DAG(s) 'dataset_with_extra_by_context', 'dataset_with_extra_from_classic_operator', 'dataset_with_extra_by_yield' retrieved from /home/airflow/.local/lib/python3.12/site-packages/airflow/example_dags/example_outlet_event_extra.py
[2024-11-04T14:34:40.214+0000] {logging_mixin.py:190} INFO - [2024-11-04T14:34:40.214+0000] {dag.py:3239} INFO - Sync 3 DAGs
[2024-11-04T14:34:40.237+0000] {logging_mixin.py:190} INFO - [2024-11-04T14:34:40.236+0000] {dag.py:4180} INFO - Setting next_dagrun for dataset_with_extra_by_context to 2024-11-03 00:00:00+00:00, run_after=2024-11-04 00:00:00+00:00
[2024-11-04T14:34:40.242+0000] {logging_mixin.py:190} INFO - [2024-11-04T14:34:40.242+0000] {dag.py:4180} INFO - Setting next_dagrun for dataset_with_extra_by_yield to 2024-11-03 00:00:00+00:00, run_after=2024-11-04 00:00:00+00:00
[2024-11-04T14:34:40.246+0000] {logging_mixin.py:190} INFO - [2024-11-04T14:34:40.246+0000] {dag.py:4180} INFO - Setting next_dagrun for dataset_with_extra_from_classic_operator to 2024-11-03 00:00:00+00:00, run_after=2024-11-04 00:00:00+00:00
[2024-11-04T14:34:40.272+0000] {processor.py:208} INFO - Processing /home/airflow/.local/lib/python3.12/site-packages/airflow/example_dags/example_outlet_event_extra.py took 0.207 seconds
[2024-11-04T14:35:10.355+0000] {processor.py:186} INFO - Started process (PID=1002) to work on /home/airflow/.local/lib/python3.12/site-packages/airflow/example_dags/example_outlet_event_extra.py
[2024-11-04T14:35:10.357+0000] {processor.py:914} INFO - Processing file /home/airflow/.local/lib/python3.12/site-packages/airflow/example_dags/example_outlet_event_extra.py for tasks to queue
[2024-11-04T14:35:10.360+0000] {logging_mixin.py:190} INFO - [2024-11-04T14:35:10.360+0000] {dagbag.py:588} INFO - Filling up the DagBag from /home/airflow/.local/lib/python3.12/site-packages/airflow/example_dags/example_outlet_event_extra.py
[2024-11-04T14:35:10.459+0000] {processor.py:925} INFO - DAG(s) 'dataset_with_extra_by_context', 'dataset_with_extra_by_yield', 'dataset_with_extra_from_classic_operator' retrieved from /home/airflow/.local/lib/python3.12/site-packages/airflow/example_dags/example_outlet_event_extra.py
[2024-11-04T14:35:10.482+0000] {logging_mixin.py:190} INFO - [2024-11-04T14:35:10.482+0000] {dag.py:3239} INFO - Sync 3 DAGs
[2024-11-04T14:35:10.506+0000] {logging_mixin.py:190} INFO - [2024-11-04T14:35:10.506+0000] {dag.py:4180} INFO - Setting next_dagrun for dataset_with_extra_by_context to 2024-11-03 00:00:00+00:00, run_after=2024-11-04 00:00:00+00:00
[2024-11-04T14:35:10.511+0000] {logging_mixin.py:190} INFO - [2024-11-04T14:35:10.511+0000] {dag.py:4180} INFO - Setting next_dagrun for dataset_with_extra_by_yield to 2024-11-03 00:00:00+00:00, run_after=2024-11-04 00:00:00+00:00
[2024-11-04T14:35:10.514+0000] {logging_mixin.py:190} INFO - [2024-11-04T14:35:10.514+0000] {dag.py:4180} INFO - Setting next_dagrun for dataset_with_extra_from_classic_operator to 2024-11-03 00:00:00+00:00, run_after=2024-11-04 00:00:00+00:00
[2024-11-04T14:35:10.539+0000] {processor.py:208} INFO - Processing /home/airflow/.local/lib/python3.12/site-packages/airflow/example_dags/example_outlet_event_extra.py took 0.188 seconds
[2024-11-04T14:36:36.547+0000] {processor.py:186} INFO - Started process (PID=420) to work on /home/airflow/.local/lib/python3.12/site-packages/airflow/example_dags/example_outlet_event_extra.py
[2024-11-04T14:36:36.549+0000] {processor.py:914} INFO - Processing file /home/airflow/.local/lib/python3.12/site-packages/airflow/example_dags/example_outlet_event_extra.py for tasks to queue
[2024-11-04T14:36:36.553+0000] {logging_mixin.py:190} INFO - [2024-11-04T14:36:36.552+0000] {dagbag.py:588} INFO - Filling up the DagBag from /home/airflow/.local/lib/python3.12/site-packages/airflow/example_dags/example_outlet_event_extra.py
[2024-11-04T14:36:36.693+0000] {processor.py:925} INFO - DAG(s) 'dataset_with_extra_by_yield', 'dataset_with_extra_from_classic_operator', 'dataset_with_extra_by_context' retrieved from /home/airflow/.local/lib/python3.12/site-packages/airflow/example_dags/example_outlet_event_extra.py
[2024-11-04T14:36:36.805+0000] {logging_mixin.py:190} INFO - [2024-11-04T14:36:36.804+0000] {override.py:1900} INFO - Created Permission View: can delete on DAG:dataset_with_extra_by_yield
[2024-11-04T14:36:36.820+0000] {logging_mixin.py:190} INFO - [2024-11-04T14:36:36.819+0000] {override.py:1900} INFO - Created Permission View: can read on DAG:dataset_with_extra_by_yield
[2024-11-04T14:36:36.830+0000] {logging_mixin.py:190} INFO - [2024-11-04T14:36:36.830+0000] {override.py:1900} INFO - Created Permission View: can edit on DAG:dataset_with_extra_by_yield
[2024-11-04T14:36:36.842+0000] {logging_mixin.py:190} INFO - [2024-11-04T14:36:36.841+0000] {override.py:1900} INFO - Created Permission View: can create on DAG Run:dataset_with_extra_by_yield
[2024-11-04T14:36:36.855+0000] {logging_mixin.py:190} INFO - [2024-11-04T14:36:36.855+0000] {override.py:1900} INFO - Created Permission View: can delete on DAG Run:dataset_with_extra_by_yield
[2024-11-04T14:36:36.866+0000] {logging_mixin.py:190} INFO - [2024-11-04T14:36:36.866+0000] {override.py:1900} INFO - Created Permission View: can read on DAG Run:dataset_with_extra_by_yield
[2024-11-04T14:36:36.876+0000] {logging_mixin.py:190} INFO - [2024-11-04T14:36:36.875+0000] {override.py:1900} INFO - Created Permission View: menu access on DAG Run:dataset_with_extra_by_yield
[2024-11-04T14:36:36.901+0000] {logging_mixin.py:190} INFO - [2024-11-04T14:36:36.901+0000] {override.py:1900} INFO - Created Permission View: can delete on DAG:dataset_with_extra_from_classic_operator
[2024-11-04T14:36:36.914+0000] {logging_mixin.py:190} INFO - [2024-11-04T14:36:36.913+0000] {override.py:1900} INFO - Created Permission View: can read on DAG:dataset_with_extra_from_classic_operator
[2024-11-04T14:36:36.926+0000] {logging_mixin.py:190} INFO - [2024-11-04T14:36:36.925+0000] {override.py:1900} INFO - Created Permission View: can edit on DAG:dataset_with_extra_from_classic_operator
[2024-11-04T14:36:36.941+0000] {logging_mixin.py:190} INFO - [2024-11-04T14:36:36.941+0000] {override.py:1900} INFO - Created Permission View: can create on DAG Run:dataset_with_extra_from_classic_operator
[2024-11-04T14:36:36.957+0000] {logging_mixin.py:190} INFO - [2024-11-04T14:36:36.956+0000] {override.py:1900} INFO - Created Permission View: can delete on DAG Run:dataset_with_extra_from_classic_operator
[2024-11-04T14:36:36.970+0000] {logging_mixin.py:190} INFO - [2024-11-04T14:36:36.969+0000] {override.py:1900} INFO - Created Permission View: can read on DAG Run:dataset_with_extra_from_classic_operator
[2024-11-04T14:36:36.983+0000] {logging_mixin.py:190} INFO - [2024-11-04T14:36:36.982+0000] {override.py:1900} INFO - Created Permission View: menu access on DAG Run:dataset_with_extra_from_classic_operator
[2024-11-04T14:36:37.005+0000] {logging_mixin.py:190} INFO - [2024-11-04T14:36:37.005+0000] {override.py:1900} INFO - Created Permission View: can delete on DAG:dataset_with_extra_by_context
[2024-11-04T14:36:37.018+0000] {logging_mixin.py:190} INFO - [2024-11-04T14:36:37.017+0000] {override.py:1900} INFO - Created Permission View: can read on DAG:dataset_with_extra_by_context
[2024-11-04T14:36:37.032+0000] {logging_mixin.py:190} INFO - [2024-11-04T14:36:37.031+0000] {override.py:1900} INFO - Created Permission View: can edit on DAG:dataset_with_extra_by_context
[2024-11-04T14:36:37.049+0000] {logging_mixin.py:190} INFO - [2024-11-04T14:36:37.049+0000] {override.py:1900} INFO - Created Permission View: can create on DAG Run:dataset_with_extra_by_context
[2024-11-04T14:36:37.063+0000] {logging_mixin.py:190} INFO - [2024-11-04T14:36:37.062+0000] {override.py:1900} INFO - Created Permission View: can delete on DAG Run:dataset_with_extra_by_context
[2024-11-04T14:36:37.074+0000] {logging_mixin.py:190} INFO - [2024-11-04T14:36:37.073+0000] {override.py:1900} INFO - Created Permission View: can read on DAG Run:dataset_with_extra_by_context
[2024-11-04T14:36:37.087+0000] {logging_mixin.py:190} INFO - [2024-11-04T14:36:37.086+0000] {override.py:1900} INFO - Created Permission View: menu access on DAG Run:dataset_with_extra_by_context
[2024-11-04T14:36:37.088+0000] {logging_mixin.py:190} INFO - [2024-11-04T14:36:37.088+0000] {dag.py:3239} INFO - Sync 3 DAGs
[2024-11-04T14:36:37.107+0000] {logging_mixin.py:190} INFO - [2024-11-04T14:36:37.106+0000] {dag.py:3262} INFO - Creating ORM DAG for dataset_with_extra_by_context
[2024-11-04T14:36:37.109+0000] {logging_mixin.py:190} INFO - [2024-11-04T14:36:37.109+0000] {dag.py:3262} INFO - Creating ORM DAG for dataset_with_extra_from_classic_operator
[2024-11-04T14:36:37.111+0000] {logging_mixin.py:190} INFO - [2024-11-04T14:36:37.111+0000] {dag.py:3262} INFO - Creating ORM DAG for dataset_with_extra_by_yield
[2024-11-04T14:36:37.128+0000] {logging_mixin.py:190} INFO - [2024-11-04T14:36:37.128+0000] {dag.py:4180} INFO - Setting next_dagrun for dataset_with_extra_by_context to 2024-11-03 00:00:00+00:00, run_after=2024-11-04 00:00:00+00:00
[2024-11-04T14:36:37.131+0000] {logging_mixin.py:190} INFO - [2024-11-04T14:36:37.131+0000] {dag.py:4180} INFO - Setting next_dagrun for dataset_with_extra_by_yield to 2024-11-03 00:00:00+00:00, run_after=2024-11-04 00:00:00+00:00
[2024-11-04T14:36:37.135+0000] {logging_mixin.py:190} INFO - [2024-11-04T14:36:37.135+0000] {dag.py:4180} INFO - Setting next_dagrun for dataset_with_extra_from_classic_operator to 2024-11-03 00:00:00+00:00, run_after=2024-11-04 00:00:00+00:00
[2024-11-04T14:36:37.177+0000] {processor.py:208} INFO - Processing /home/airflow/.local/lib/python3.12/site-packages/airflow/example_dags/example_outlet_event_extra.py took 0.637 seconds
[2024-11-04T14:37:08.146+0000] {processor.py:186} INFO - Started process (PID=723) to work on /home/airflow/.local/lib/python3.12/site-packages/airflow/example_dags/example_outlet_event_extra.py
[2024-11-04T14:37:08.148+0000] {processor.py:914} INFO - Processing file /home/airflow/.local/lib/python3.12/site-packages/airflow/example_dags/example_outlet_event_extra.py for tasks to queue
[2024-11-04T14:37:08.150+0000] {logging_mixin.py:190} INFO - [2024-11-04T14:37:08.150+0000] {dagbag.py:588} INFO - Filling up the DagBag from /home/airflow/.local/lib/python3.12/site-packages/airflow/example_dags/example_outlet_event_extra.py
[2024-11-04T14:37:08.252+0000] {processor.py:925} INFO - DAG(s) 'dataset_with_extra_by_yield', 'dataset_with_extra_from_classic_operator', 'dataset_with_extra_by_context' retrieved from /home/airflow/.local/lib/python3.12/site-packages/airflow/example_dags/example_outlet_event_extra.py
[2024-11-04T14:37:08.278+0000] {logging_mixin.py:190} INFO - [2024-11-04T14:37:08.278+0000] {dag.py:3239} INFO - Sync 3 DAGs
[2024-11-04T14:37:08.317+0000] {logging_mixin.py:190} INFO - [2024-11-04T14:37:08.316+0000] {dag.py:4180} INFO - Setting next_dagrun for dataset_with_extra_by_context to 2024-11-03 00:00:00+00:00, run_after=2024-11-04 00:00:00+00:00
[2024-11-04T14:37:08.325+0000] {logging_mixin.py:190} INFO - [2024-11-04T14:37:08.325+0000] {dag.py:4180} INFO - Setting next_dagrun for dataset_with_extra_by_yield to 2024-11-03 00:00:00+00:00, run_after=2024-11-04 00:00:00+00:00
[2024-11-04T14:37:08.329+0000] {logging_mixin.py:190} INFO - [2024-11-04T14:37:08.328+0000] {dag.py:4180} INFO - Setting next_dagrun for dataset_with_extra_from_classic_operator to 2024-11-03 00:00:00+00:00, run_after=2024-11-04 00:00:00+00:00
[2024-11-04T14:37:08.366+0000] {processor.py:208} INFO - Processing /home/airflow/.local/lib/python3.12/site-packages/airflow/example_dags/example_outlet_event_extra.py took 0.226 seconds
[2024-11-04T14:37:38.900+0000] {processor.py:186} INFO - Started process (PID=1009) to work on /home/airflow/.local/lib/python3.12/site-packages/airflow/example_dags/example_outlet_event_extra.py
[2024-11-04T14:37:38.903+0000] {processor.py:914} INFO - Processing file /home/airflow/.local/lib/python3.12/site-packages/airflow/example_dags/example_outlet_event_extra.py for tasks to queue
[2024-11-04T14:37:38.911+0000] {logging_mixin.py:190} INFO - [2024-11-04T14:37:38.909+0000] {dagbag.py:588} INFO - Filling up the DagBag from /home/airflow/.local/lib/python3.12/site-packages/airflow/example_dags/example_outlet_event_extra.py
[2024-11-04T14:37:39.251+0000] {processor.py:925} INFO - DAG(s) 'dataset_with_extra_by_context', 'dataset_with_extra_from_classic_operator', 'dataset_with_extra_by_yield' retrieved from /home/airflow/.local/lib/python3.12/site-packages/airflow/example_dags/example_outlet_event_extra.py
[2024-11-04T14:37:39.310+0000] {logging_mixin.py:190} INFO - [2024-11-04T14:37:39.309+0000] {dag.py:3239} INFO - Sync 3 DAGs
[2024-11-04T14:37:39.354+0000] {logging_mixin.py:190} INFO - [2024-11-04T14:37:39.353+0000] {dag.py:4180} INFO - Setting next_dagrun for dataset_with_extra_by_context to 2024-11-03 00:00:00+00:00, run_after=2024-11-04 00:00:00+00:00
[2024-11-04T14:37:39.378+0000] {logging_mixin.py:190} INFO - [2024-11-04T14:37:39.377+0000] {dag.py:4180} INFO - Setting next_dagrun for dataset_with_extra_by_yield to 2024-11-03 00:00:00+00:00, run_after=2024-11-04 00:00:00+00:00
[2024-11-04T14:37:39.395+0000] {logging_mixin.py:190} INFO - [2024-11-04T14:37:39.394+0000] {dag.py:4180} INFO - Setting next_dagrun for dataset_with_extra_from_classic_operator to 2024-11-03 00:00:00+00:00, run_after=2024-11-04 00:00:00+00:00
[2024-11-04T14:37:39.486+0000] {processor.py:208} INFO - Processing /home/airflow/.local/lib/python3.12/site-packages/airflow/example_dags/example_outlet_event_extra.py took 0.608 seconds
[2024-11-04T14:38:09.779+0000] {processor.py:186} INFO - Started process (PID=1308) to work on /home/airflow/.local/lib/python3.12/site-packages/airflow/example_dags/example_outlet_event_extra.py
[2024-11-04T14:38:09.786+0000] {processor.py:914} INFO - Processing file /home/airflow/.local/lib/python3.12/site-packages/airflow/example_dags/example_outlet_event_extra.py for tasks to queue
[2024-11-04T14:38:09.799+0000] {logging_mixin.py:190} INFO - [2024-11-04T14:38:09.798+0000] {dagbag.py:588} INFO - Filling up the DagBag from /home/airflow/.local/lib/python3.12/site-packages/airflow/example_dags/example_outlet_event_extra.py
[2024-11-04T14:38:10.225+0000] {processor.py:925} INFO - DAG(s) 'dataset_with_extra_from_classic_operator', 'dataset_with_extra_by_context', 'dataset_with_extra_by_yield' retrieved from /home/airflow/.local/lib/python3.12/site-packages/airflow/example_dags/example_outlet_event_extra.py
[2024-11-04T14:38:10.367+0000] {logging_mixin.py:190} INFO - [2024-11-04T14:38:10.365+0000] {dag.py:3239} INFO - Sync 3 DAGs
[2024-11-04T14:38:10.496+0000] {logging_mixin.py:190} INFO - [2024-11-04T14:38:10.495+0000] {dag.py:4180} INFO - Setting next_dagrun for dataset_with_extra_by_context to 2024-11-03 00:00:00+00:00, run_after=2024-11-04 00:00:00+00:00
[2024-11-04T14:38:10.518+0000] {logging_mixin.py:190} INFO - [2024-11-04T14:38:10.517+0000] {dag.py:4180} INFO - Setting next_dagrun for dataset_with_extra_by_yield to 2024-11-03 00:00:00+00:00, run_after=2024-11-04 00:00:00+00:00
[2024-11-04T14:38:10.528+0000] {logging_mixin.py:190} INFO - [2024-11-04T14:38:10.527+0000] {dag.py:4180} INFO - Setting next_dagrun for dataset_with_extra_from_classic_operator to 2024-11-03 00:00:00+00:00, run_after=2024-11-04 00:00:00+00:00
[2024-11-04T14:38:10.589+0000] {processor.py:208} INFO - Processing /home/airflow/.local/lib/python3.12/site-packages/airflow/example_dags/example_outlet_event_extra.py took 0.834 seconds
[2024-11-04T14:38:40.859+0000] {processor.py:186} INFO - Started process (PID=1597) to work on /home/airflow/.local/lib/python3.12/site-packages/airflow/example_dags/example_outlet_event_extra.py
[2024-11-04T14:38:40.861+0000] {processor.py:914} INFO - Processing file /home/airflow/.local/lib/python3.12/site-packages/airflow/example_dags/example_outlet_event_extra.py for tasks to queue
[2024-11-04T14:38:40.863+0000] {logging_mixin.py:190} INFO - [2024-11-04T14:38:40.863+0000] {dagbag.py:588} INFO - Filling up the DagBag from /home/airflow/.local/lib/python3.12/site-packages/airflow/example_dags/example_outlet_event_extra.py
[2024-11-04T14:38:40.962+0000] {processor.py:925} INFO - DAG(s) 'dataset_with_extra_by_context', 'dataset_with_extra_by_yield', 'dataset_with_extra_from_classic_operator' retrieved from /home/airflow/.local/lib/python3.12/site-packages/airflow/example_dags/example_outlet_event_extra.py
[2024-11-04T14:38:40.986+0000] {logging_mixin.py:190} INFO - [2024-11-04T14:38:40.986+0000] {dag.py:3239} INFO - Sync 3 DAGs
[2024-11-04T14:38:41.006+0000] {logging_mixin.py:190} INFO - [2024-11-04T14:38:41.006+0000] {dag.py:4180} INFO - Setting next_dagrun for dataset_with_extra_by_context to 2024-11-03 00:00:00+00:00, run_after=2024-11-04 00:00:00+00:00
[2024-11-04T14:38:41.010+0000] {logging_mixin.py:190} INFO - [2024-11-04T14:38:41.010+0000] {dag.py:4180} INFO - Setting next_dagrun for dataset_with_extra_by_yield to 2024-11-03 00:00:00+00:00, run_after=2024-11-04 00:00:00+00:00
[2024-11-04T14:38:41.014+0000] {logging_mixin.py:190} INFO - [2024-11-04T14:38:41.013+0000] {dag.py:4180} INFO - Setting next_dagrun for dataset_with_extra_from_classic_operator to 2024-11-03 00:00:00+00:00, run_after=2024-11-04 00:00:00+00:00
[2024-11-04T14:38:41.035+0000] {processor.py:208} INFO - Processing /home/airflow/.local/lib/python3.12/site-packages/airflow/example_dags/example_outlet_event_extra.py took 0.181 seconds
[2024-11-04T14:39:12.010+0000] {processor.py:186} INFO - Started process (PID=1883) to work on /home/airflow/.local/lib/python3.12/site-packages/airflow/example_dags/example_outlet_event_extra.py
[2024-11-04T14:39:12.011+0000] {processor.py:914} INFO - Processing file /home/airflow/.local/lib/python3.12/site-packages/airflow/example_dags/example_outlet_event_extra.py for tasks to queue
[2024-11-04T14:39:12.015+0000] {logging_mixin.py:190} INFO - [2024-11-04T14:39:12.014+0000] {dagbag.py:588} INFO - Filling up the DagBag from /home/airflow/.local/lib/python3.12/site-packages/airflow/example_dags/example_outlet_event_extra.py
[2024-11-04T14:39:12.103+0000] {processor.py:925} INFO - DAG(s) 'dataset_with_extra_from_classic_operator', 'dataset_with_extra_by_context', 'dataset_with_extra_by_yield' retrieved from /home/airflow/.local/lib/python3.12/site-packages/airflow/example_dags/example_outlet_event_extra.py
[2024-11-04T14:39:12.124+0000] {logging_mixin.py:190} INFO - [2024-11-04T14:39:12.124+0000] {dag.py:3239} INFO - Sync 3 DAGs
[2024-11-04T14:39:12.143+0000] {logging_mixin.py:190} INFO - [2024-11-04T14:39:12.143+0000] {dag.py:4180} INFO - Setting next_dagrun for dataset_with_extra_by_context to 2024-11-03 00:00:00+00:00, run_after=2024-11-04 00:00:00+00:00
[2024-11-04T14:39:12.148+0000] {logging_mixin.py:190} INFO - [2024-11-04T14:39:12.148+0000] {dag.py:4180} INFO - Setting next_dagrun for dataset_with_extra_by_yield to 2024-11-03 00:00:00+00:00, run_after=2024-11-04 00:00:00+00:00
[2024-11-04T14:39:12.151+0000] {logging_mixin.py:190} INFO - [2024-11-04T14:39:12.151+0000] {dag.py:4180} INFO - Setting next_dagrun for dataset_with_extra_from_classic_operator to 2024-11-03 00:00:00+00:00, run_after=2024-11-04 00:00:00+00:00
[2024-11-04T14:39:12.173+0000] {processor.py:208} INFO - Processing /home/airflow/.local/lib/python3.12/site-packages/airflow/example_dags/example_outlet_event_extra.py took 0.168 seconds
[2024-11-04T14:39:42.692+0000] {processor.py:186} INFO - Started process (PID=2169) to work on /home/airflow/.local/lib/python3.12/site-packages/airflow/example_dags/example_outlet_event_extra.py
[2024-11-04T14:39:42.693+0000] {processor.py:914} INFO - Processing file /home/airflow/.local/lib/python3.12/site-packages/airflow/example_dags/example_outlet_event_extra.py for tasks to queue
[2024-11-04T14:39:42.696+0000] {logging_mixin.py:190} INFO - [2024-11-04T14:39:42.695+0000] {dagbag.py:588} INFO - Filling up the DagBag from /home/airflow/.local/lib/python3.12/site-packages/airflow/example_dags/example_outlet_event_extra.py
[2024-11-04T14:39:42.792+0000] {processor.py:925} INFO - DAG(s) 'dataset_with_extra_by_context', 'dataset_with_extra_by_yield', 'dataset_with_extra_from_classic_operator' retrieved from /home/airflow/.local/lib/python3.12/site-packages/airflow/example_dags/example_outlet_event_extra.py
[2024-11-04T14:39:42.816+0000] {logging_mixin.py:190} INFO - [2024-11-04T14:39:42.815+0000] {dag.py:3239} INFO - Sync 3 DAGs
[2024-11-04T14:39:42.836+0000] {logging_mixin.py:190} INFO - [2024-11-04T14:39:42.835+0000] {dag.py:4180} INFO - Setting next_dagrun for dataset_with_extra_by_context to 2024-11-03 00:00:00+00:00, run_after=2024-11-04 00:00:00+00:00
[2024-11-04T14:39:42.841+0000] {logging_mixin.py:190} INFO - [2024-11-04T14:39:42.841+0000] {dag.py:4180} INFO - Setting next_dagrun for dataset_with_extra_by_yield to 2024-11-03 00:00:00+00:00, run_after=2024-11-04 00:00:00+00:00
[2024-11-04T14:39:42.844+0000] {logging_mixin.py:190} INFO - [2024-11-04T14:39:42.844+0000] {dag.py:4180} INFO - Setting next_dagrun for dataset_with_extra_from_classic_operator to 2024-11-03 00:00:00+00:00, run_after=2024-11-04 00:00:00+00:00
[2024-11-04T14:39:42.866+0000] {processor.py:208} INFO - Processing /home/airflow/.local/lib/python3.12/site-packages/airflow/example_dags/example_outlet_event_extra.py took 0.181 seconds
[2024-11-04T14:40:13.159+0000] {processor.py:186} INFO - Started process (PID=2455) to work on /home/airflow/.local/lib/python3.12/site-packages/airflow/example_dags/example_outlet_event_extra.py
[2024-11-04T14:40:13.161+0000] {processor.py:914} INFO - Processing file /home/airflow/.local/lib/python3.12/site-packages/airflow/example_dags/example_outlet_event_extra.py for tasks to queue
[2024-11-04T14:40:13.165+0000] {logging_mixin.py:190} INFO - [2024-11-04T14:40:13.164+0000] {dagbag.py:588} INFO - Filling up the DagBag from /home/airflow/.local/lib/python3.12/site-packages/airflow/example_dags/example_outlet_event_extra.py
[2024-11-04T14:40:13.302+0000] {processor.py:925} INFO - DAG(s) 'dataset_with_extra_by_context', 'dataset_with_extra_by_yield', 'dataset_with_extra_from_classic_operator' retrieved from /home/airflow/.local/lib/python3.12/site-packages/airflow/example_dags/example_outlet_event_extra.py
[2024-11-04T14:40:13.339+0000] {logging_mixin.py:190} INFO - [2024-11-04T14:40:13.339+0000] {dag.py:3239} INFO - Sync 3 DAGs
[2024-11-04T14:40:13.367+0000] {logging_mixin.py:190} INFO - [2024-11-04T14:40:13.366+0000] {dag.py:4180} INFO - Setting next_dagrun for dataset_with_extra_by_context to 2024-11-03 00:00:00+00:00, run_after=2024-11-04 00:00:00+00:00
[2024-11-04T14:40:13.372+0000] {logging_mixin.py:190} INFO - [2024-11-04T14:40:13.372+0000] {dag.py:4180} INFO - Setting next_dagrun for dataset_with_extra_by_yield to 2024-11-03 00:00:00+00:00, run_after=2024-11-04 00:00:00+00:00
[2024-11-04T14:40:13.376+0000] {logging_mixin.py:190} INFO - [2024-11-04T14:40:13.375+0000] {dag.py:4180} INFO - Setting next_dagrun for dataset_with_extra_from_classic_operator to 2024-11-03 00:00:00+00:00, run_after=2024-11-04 00:00:00+00:00
[2024-11-04T14:40:13.402+0000] {processor.py:208} INFO - Processing /home/airflow/.local/lib/python3.12/site-packages/airflow/example_dags/example_outlet_event_extra.py took 0.249 seconds
[2024-11-04T14:40:43.684+0000] {processor.py:186} INFO - Started process (PID=2741) to work on /home/airflow/.local/lib/python3.12/site-packages/airflow/example_dags/example_outlet_event_extra.py
[2024-11-04T14:40:43.686+0000] {processor.py:914} INFO - Processing file /home/airflow/.local/lib/python3.12/site-packages/airflow/example_dags/example_outlet_event_extra.py for tasks to queue
[2024-11-04T14:40:43.688+0000] {logging_mixin.py:190} INFO - [2024-11-04T14:40:43.688+0000] {dagbag.py:588} INFO - Filling up the DagBag from /home/airflow/.local/lib/python3.12/site-packages/airflow/example_dags/example_outlet_event_extra.py
[2024-11-04T14:40:43.791+0000] {processor.py:925} INFO - DAG(s) 'dataset_with_extra_by_context', 'dataset_with_extra_by_yield', 'dataset_with_extra_from_classic_operator' retrieved from /home/airflow/.local/lib/python3.12/site-packages/airflow/example_dags/example_outlet_event_extra.py
[2024-11-04T14:40:43.820+0000] {logging_mixin.py:190} INFO - [2024-11-04T14:40:43.820+0000] {dag.py:3239} INFO - Sync 3 DAGs
[2024-11-04T14:40:43.852+0000] {logging_mixin.py:190} INFO - [2024-11-04T14:40:43.852+0000] {dag.py:4180} INFO - Setting next_dagrun for dataset_with_extra_by_context to 2024-11-03 00:00:00+00:00, run_after=2024-11-04 00:00:00+00:00
[2024-11-04T14:40:43.858+0000] {logging_mixin.py:190} INFO - [2024-11-04T14:40:43.858+0000] {dag.py:4180} INFO - Setting next_dagrun for dataset_with_extra_by_yield to 2024-11-03 00:00:00+00:00, run_after=2024-11-04 00:00:00+00:00
[2024-11-04T14:40:43.863+0000] {logging_mixin.py:190} INFO - [2024-11-04T14:40:43.861+0000] {dag.py:4180} INFO - Setting next_dagrun for dataset_with_extra_from_classic_operator to 2024-11-03 00:00:00+00:00, run_after=2024-11-04 00:00:00+00:00
[2024-11-04T14:40:43.900+0000] {processor.py:208} INFO - Processing /home/airflow/.local/lib/python3.12/site-packages/airflow/example_dags/example_outlet_event_extra.py took 0.222 seconds
[2024-11-04T14:41:17.615+0000] {processor.py:186} INFO - Started process (PID=2995) to work on /home/airflow/.local/lib/python3.12/site-packages/airflow/example_dags/example_outlet_event_extra.py
[2024-11-04T14:41:17.619+0000] {processor.py:914} INFO - Processing file /home/airflow/.local/lib/python3.12/site-packages/airflow/example_dags/example_outlet_event_extra.py for tasks to queue
[2024-11-04T14:41:17.627+0000] {logging_mixin.py:190} INFO - [2024-11-04T14:41:17.625+0000] {dagbag.py:588} INFO - Filling up the DagBag from /home/airflow/.local/lib/python3.12/site-packages/airflow/example_dags/example_outlet_event_extra.py
[2024-11-04T14:41:18.228+0000] {processor.py:925} INFO - DAG(s) 'dataset_with_extra_by_yield', 'dataset_with_extra_by_context', 'dataset_with_extra_from_classic_operator' retrieved from /home/airflow/.local/lib/python3.12/site-packages/airflow/example_dags/example_outlet_event_extra.py
[2024-11-04T14:41:18.374+0000] {logging_mixin.py:190} INFO - [2024-11-04T14:41:18.371+0000] {dag.py:3239} INFO - Sync 3 DAGs
[2024-11-04T14:41:18.469+0000] {logging_mixin.py:190} INFO - [2024-11-04T14:41:18.468+0000] {dag.py:4180} INFO - Setting next_dagrun for dataset_with_extra_by_context to 2024-11-03 00:00:00+00:00, run_after=2024-11-04 00:00:00+00:00
[2024-11-04T14:41:18.492+0000] {logging_mixin.py:190} INFO - [2024-11-04T14:41:18.492+0000] {dag.py:4180} INFO - Setting next_dagrun for dataset_with_extra_by_yield to 2024-11-03 00:00:00+00:00, run_after=2024-11-04 00:00:00+00:00
[2024-11-04T14:41:18.501+0000] {logging_mixin.py:190} INFO - [2024-11-04T14:41:18.501+0000] {dag.py:4180} INFO - Setting next_dagrun for dataset_with_extra_from_classic_operator to 2024-11-03 00:00:00+00:00, run_after=2024-11-04 00:00:00+00:00
[2024-11-04T14:41:18.592+0000] {processor.py:208} INFO - Processing /home/airflow/.local/lib/python3.12/site-packages/airflow/example_dags/example_outlet_event_extra.py took 0.997 seconds
[2024-11-04T14:41:49.445+0000] {processor.py:186} INFO - Started process (PID=3283) to work on /home/airflow/.local/lib/python3.12/site-packages/airflow/example_dags/example_outlet_event_extra.py
[2024-11-04T14:41:49.446+0000] {processor.py:914} INFO - Processing file /home/airflow/.local/lib/python3.12/site-packages/airflow/example_dags/example_outlet_event_extra.py for tasks to queue
[2024-11-04T14:41:49.450+0000] {logging_mixin.py:190} INFO - [2024-11-04T14:41:49.449+0000] {dagbag.py:588} INFO - Filling up the DagBag from /home/airflow/.local/lib/python3.12/site-packages/airflow/example_dags/example_outlet_event_extra.py
[2024-11-04T14:41:49.562+0000] {processor.py:925} INFO - DAG(s) 'dataset_with_extra_by_yield', 'dataset_with_extra_from_classic_operator', 'dataset_with_extra_by_context' retrieved from /home/airflow/.local/lib/python3.12/site-packages/airflow/example_dags/example_outlet_event_extra.py
[2024-11-04T14:41:49.587+0000] {logging_mixin.py:190} INFO - [2024-11-04T14:41:49.587+0000] {dag.py:3239} INFO - Sync 3 DAGs
[2024-11-04T14:41:49.613+0000] {logging_mixin.py:190} INFO - [2024-11-04T14:41:49.613+0000] {dag.py:4180} INFO - Setting next_dagrun for dataset_with_extra_by_context to 2024-11-03 00:00:00+00:00, run_after=2024-11-04 00:00:00+00:00
[2024-11-04T14:41:49.619+0000] {logging_mixin.py:190} INFO - [2024-11-04T14:41:49.619+0000] {dag.py:4180} INFO - Setting next_dagrun for dataset_with_extra_by_yield to 2024-11-03 00:00:00+00:00, run_after=2024-11-04 00:00:00+00:00
[2024-11-04T14:41:49.624+0000] {logging_mixin.py:190} INFO - [2024-11-04T14:41:49.623+0000] {dag.py:4180} INFO - Setting next_dagrun for dataset_with_extra_from_classic_operator to 2024-11-03 00:00:00+00:00, run_after=2024-11-04 00:00:00+00:00
[2024-11-04T14:41:49.649+0000] {processor.py:208} INFO - Processing /home/airflow/.local/lib/python3.12/site-packages/airflow/example_dags/example_outlet_event_extra.py took 0.209 seconds
[2024-11-04T14:42:20.228+0000] {processor.py:186} INFO - Started process (PID=3569) to work on /home/airflow/.local/lib/python3.12/site-packages/airflow/example_dags/example_outlet_event_extra.py
[2024-11-04T14:42:20.229+0000] {processor.py:914} INFO - Processing file /home/airflow/.local/lib/python3.12/site-packages/airflow/example_dags/example_outlet_event_extra.py for tasks to queue
[2024-11-04T14:42:20.232+0000] {logging_mixin.py:190} INFO - [2024-11-04T14:42:20.232+0000] {dagbag.py:588} INFO - Filling up the DagBag from /home/airflow/.local/lib/python3.12/site-packages/airflow/example_dags/example_outlet_event_extra.py
[2024-11-04T14:42:20.328+0000] {processor.py:925} INFO - DAG(s) 'dataset_with_extra_by_yield', 'dataset_with_extra_from_classic_operator', 'dataset_with_extra_by_context' retrieved from /home/airflow/.local/lib/python3.12/site-packages/airflow/example_dags/example_outlet_event_extra.py
[2024-11-04T14:42:20.351+0000] {logging_mixin.py:190} INFO - [2024-11-04T14:42:20.351+0000] {dag.py:3239} INFO - Sync 3 DAGs
[2024-11-04T14:42:20.379+0000] {logging_mixin.py:190} INFO - [2024-11-04T14:42:20.378+0000] {dag.py:4180} INFO - Setting next_dagrun for dataset_with_extra_by_context to 2024-11-03 00:00:00+00:00, run_after=2024-11-04 00:00:00+00:00
[2024-11-04T14:42:20.384+0000] {logging_mixin.py:190} INFO - [2024-11-04T14:42:20.383+0000] {dag.py:4180} INFO - Setting next_dagrun for dataset_with_extra_by_yield to 2024-11-03 00:00:00+00:00, run_after=2024-11-04 00:00:00+00:00
[2024-11-04T14:42:20.387+0000] {logging_mixin.py:190} INFO - [2024-11-04T14:42:20.387+0000] {dag.py:4180} INFO - Setting next_dagrun for dataset_with_extra_from_classic_operator to 2024-11-03 00:00:00+00:00, run_after=2024-11-04 00:00:00+00:00
[2024-11-04T14:42:20.406+0000] {processor.py:208} INFO - Processing /home/airflow/.local/lib/python3.12/site-packages/airflow/example_dags/example_outlet_event_extra.py took 0.183 seconds
[2024-11-04T14:42:50.766+0000] {processor.py:186} INFO - Started process (PID=3854) to work on /home/airflow/.local/lib/python3.12/site-packages/airflow/example_dags/example_outlet_event_extra.py
[2024-11-04T14:42:50.767+0000] {processor.py:914} INFO - Processing file /home/airflow/.local/lib/python3.12/site-packages/airflow/example_dags/example_outlet_event_extra.py for tasks to queue
[2024-11-04T14:42:50.770+0000] {logging_mixin.py:190} INFO - [2024-11-04T14:42:50.770+0000] {dagbag.py:588} INFO - Filling up the DagBag from /home/airflow/.local/lib/python3.12/site-packages/airflow/example_dags/example_outlet_event_extra.py
[2024-11-04T14:42:50.865+0000] {processor.py:925} INFO - DAG(s) 'dataset_with_extra_by_context', 'dataset_with_extra_from_classic_operator', 'dataset_with_extra_by_yield' retrieved from /home/airflow/.local/lib/python3.12/site-packages/airflow/example_dags/example_outlet_event_extra.py
[2024-11-04T14:42:50.892+0000] {logging_mixin.py:190} INFO - [2024-11-04T14:42:50.892+0000] {dag.py:3239} INFO - Sync 3 DAGs
[2024-11-04T14:42:50.918+0000] {logging_mixin.py:190} INFO - [2024-11-04T14:42:50.917+0000] {dag.py:4180} INFO - Setting next_dagrun for dataset_with_extra_by_context to 2024-11-03 00:00:00+00:00, run_after=2024-11-04 00:00:00+00:00
[2024-11-04T14:42:50.924+0000] {logging_mixin.py:190} INFO - [2024-11-04T14:42:50.924+0000] {dag.py:4180} INFO - Setting next_dagrun for dataset_with_extra_by_yield to 2024-11-03 00:00:00+00:00, run_after=2024-11-04 00:00:00+00:00
[2024-11-04T14:42:50.928+0000] {logging_mixin.py:190} INFO - [2024-11-04T14:42:50.927+0000] {dag.py:4180} INFO - Setting next_dagrun for dataset_with_extra_from_classic_operator to 2024-11-03 00:00:00+00:00, run_after=2024-11-04 00:00:00+00:00
[2024-11-04T14:42:50.950+0000] {processor.py:208} INFO - Processing /home/airflow/.local/lib/python3.12/site-packages/airflow/example_dags/example_outlet_event_extra.py took 0.190 seconds
[2024-11-04T14:45:02.773+0000] {processor.py:186} INFO - Started process (PID=421) to work on /home/airflow/.local/lib/python3.12/site-packages/airflow/example_dags/example_outlet_event_extra.py
[2024-11-04T14:45:02.775+0000] {processor.py:914} INFO - Processing file /home/airflow/.local/lib/python3.12/site-packages/airflow/example_dags/example_outlet_event_extra.py for tasks to queue
[2024-11-04T14:45:02.780+0000] {logging_mixin.py:190} INFO - [2024-11-04T14:45:02.779+0000] {dagbag.py:588} INFO - Filling up the DagBag from /home/airflow/.local/lib/python3.12/site-packages/airflow/example_dags/example_outlet_event_extra.py
[2024-11-04T14:45:03.002+0000] {processor.py:925} INFO - DAG(s) 'dataset_with_extra_by_yield', 'dataset_with_extra_by_context', 'dataset_with_extra_from_classic_operator' retrieved from /home/airflow/.local/lib/python3.12/site-packages/airflow/example_dags/example_outlet_event_extra.py
[2024-11-04T14:45:03.154+0000] {logging_mixin.py:190} INFO - [2024-11-04T14:45:03.153+0000] {override.py:1900} INFO - Created Permission View: can delete on DAG:dataset_with_extra_by_yield
[2024-11-04T14:45:03.175+0000] {logging_mixin.py:190} INFO - [2024-11-04T14:45:03.175+0000] {override.py:1900} INFO - Created Permission View: can read on DAG:dataset_with_extra_by_yield
[2024-11-04T14:45:03.197+0000] {logging_mixin.py:190} INFO - [2024-11-04T14:45:03.196+0000] {override.py:1900} INFO - Created Permission View: can edit on DAG:dataset_with_extra_by_yield
[2024-11-04T14:45:03.223+0000] {logging_mixin.py:190} INFO - [2024-11-04T14:45:03.222+0000] {override.py:1900} INFO - Created Permission View: can create on DAG Run:dataset_with_extra_by_yield
[2024-11-04T14:45:03.245+0000] {logging_mixin.py:190} INFO - [2024-11-04T14:45:03.245+0000] {override.py:1900} INFO - Created Permission View: can delete on DAG Run:dataset_with_extra_by_yield
[2024-11-04T14:45:03.259+0000] {logging_mixin.py:190} INFO - [2024-11-04T14:45:03.258+0000] {override.py:1900} INFO - Created Permission View: menu access on DAG Run:dataset_with_extra_by_yield
[2024-11-04T14:45:03.274+0000] {logging_mixin.py:190} INFO - [2024-11-04T14:45:03.273+0000] {override.py:1900} INFO - Created Permission View: can read on DAG Run:dataset_with_extra_by_yield
[2024-11-04T14:45:03.301+0000] {logging_mixin.py:190} INFO - [2024-11-04T14:45:03.301+0000] {override.py:1900} INFO - Created Permission View: can delete on DAG:dataset_with_extra_by_context
[2024-11-04T14:45:03.314+0000] {logging_mixin.py:190} INFO - [2024-11-04T14:45:03.314+0000] {override.py:1900} INFO - Created Permission View: can read on DAG:dataset_with_extra_by_context
[2024-11-04T14:45:03.327+0000] {logging_mixin.py:190} INFO - [2024-11-04T14:45:03.326+0000] {override.py:1900} INFO - Created Permission View: can edit on DAG:dataset_with_extra_by_context
[2024-11-04T14:45:03.342+0000] {logging_mixin.py:190} INFO - [2024-11-04T14:45:03.342+0000] {override.py:1900} INFO - Created Permission View: can create on DAG Run:dataset_with_extra_by_context
[2024-11-04T14:45:03.355+0000] {logging_mixin.py:190} INFO - [2024-11-04T14:45:03.355+0000] {override.py:1900} INFO - Created Permission View: can delete on DAG Run:dataset_with_extra_by_context
[2024-11-04T14:45:03.368+0000] {logging_mixin.py:190} INFO - [2024-11-04T14:45:03.368+0000] {override.py:1900} INFO - Created Permission View: menu access on DAG Run:dataset_with_extra_by_context
[2024-11-04T14:45:03.382+0000] {logging_mixin.py:190} INFO - [2024-11-04T14:45:03.381+0000] {override.py:1900} INFO - Created Permission View: can read on DAG Run:dataset_with_extra_by_context
[2024-11-04T14:45:03.406+0000] {logging_mixin.py:190} INFO - [2024-11-04T14:45:03.405+0000] {override.py:1900} INFO - Created Permission View: can delete on DAG:dataset_with_extra_from_classic_operator
[2024-11-04T14:45:03.419+0000] {logging_mixin.py:190} INFO - [2024-11-04T14:45:03.418+0000] {override.py:1900} INFO - Created Permission View: can read on DAG:dataset_with_extra_from_classic_operator
[2024-11-04T14:45:03.434+0000] {logging_mixin.py:190} INFO - [2024-11-04T14:45:03.433+0000] {override.py:1900} INFO - Created Permission View: can edit on DAG:dataset_with_extra_from_classic_operator
[2024-11-04T14:45:03.450+0000] {logging_mixin.py:190} INFO - [2024-11-04T14:45:03.449+0000] {override.py:1900} INFO - Created Permission View: can create on DAG Run:dataset_with_extra_from_classic_operator
[2024-11-04T14:45:03.464+0000] {logging_mixin.py:190} INFO - [2024-11-04T14:45:03.463+0000] {override.py:1900} INFO - Created Permission View: can delete on DAG Run:dataset_with_extra_from_classic_operator
[2024-11-04T14:45:03.477+0000] {logging_mixin.py:190} INFO - [2024-11-04T14:45:03.476+0000] {override.py:1900} INFO - Created Permission View: menu access on DAG Run:dataset_with_extra_from_classic_operator
[2024-11-04T14:45:03.491+0000] {logging_mixin.py:190} INFO - [2024-11-04T14:45:03.490+0000] {override.py:1900} INFO - Created Permission View: can read on DAG Run:dataset_with_extra_from_classic_operator
[2024-11-04T14:45:03.492+0000] {logging_mixin.py:190} INFO - [2024-11-04T14:45:03.492+0000] {dag.py:3239} INFO - Sync 3 DAGs
[2024-11-04T14:45:03.511+0000] {logging_mixin.py:190} INFO - [2024-11-04T14:45:03.511+0000] {dag.py:3262} INFO - Creating ORM DAG for dataset_with_extra_by_yield
[2024-11-04T14:45:03.514+0000] {logging_mixin.py:190} INFO - [2024-11-04T14:45:03.513+0000] {dag.py:3262} INFO - Creating ORM DAG for dataset_with_extra_from_classic_operator
[2024-11-04T14:45:03.515+0000] {logging_mixin.py:190} INFO - [2024-11-04T14:45:03.515+0000] {dag.py:3262} INFO - Creating ORM DAG for dataset_with_extra_by_context
[2024-11-04T14:45:03.537+0000] {logging_mixin.py:190} INFO - [2024-11-04T14:45:03.536+0000] {dag.py:4180} INFO - Setting next_dagrun for dataset_with_extra_by_context to 2024-11-03 00:00:00+00:00, run_after=2024-11-04 00:00:00+00:00
[2024-11-04T14:45:03.541+0000] {logging_mixin.py:190} INFO - [2024-11-04T14:45:03.540+0000] {dag.py:4180} INFO - Setting next_dagrun for dataset_with_extra_by_yield to 2024-11-03 00:00:00+00:00, run_after=2024-11-04 00:00:00+00:00
[2024-11-04T14:45:03.546+0000] {logging_mixin.py:190} INFO - [2024-11-04T14:45:03.545+0000] {dag.py:4180} INFO - Setting next_dagrun for dataset_with_extra_from_classic_operator to 2024-11-03 00:00:00+00:00, run_after=2024-11-04 00:00:00+00:00
[2024-11-04T14:45:03.597+0000] {processor.py:208} INFO - Processing /home/airflow/.local/lib/python3.12/site-packages/airflow/example_dags/example_outlet_event_extra.py took 0.838 seconds
[2024-11-04T14:45:33.854+0000] {processor.py:186} INFO - Started process (PID=707) to work on /home/airflow/.local/lib/python3.12/site-packages/airflow/example_dags/example_outlet_event_extra.py
[2024-11-04T14:45:33.856+0000] {processor.py:914} INFO - Processing file /home/airflow/.local/lib/python3.12/site-packages/airflow/example_dags/example_outlet_event_extra.py for tasks to queue
[2024-11-04T14:45:33.858+0000] {logging_mixin.py:190} INFO - [2024-11-04T14:45:33.858+0000] {dagbag.py:588} INFO - Filling up the DagBag from /home/airflow/.local/lib/python3.12/site-packages/airflow/example_dags/example_outlet_event_extra.py
[2024-11-04T14:45:33.954+0000] {processor.py:925} INFO - DAG(s) 'dataset_with_extra_by_yield', 'dataset_with_extra_by_context', 'dataset_with_extra_from_classic_operator' retrieved from /home/airflow/.local/lib/python3.12/site-packages/airflow/example_dags/example_outlet_event_extra.py
[2024-11-04T14:45:33.980+0000] {logging_mixin.py:190} INFO - [2024-11-04T14:45:33.979+0000] {dag.py:3239} INFO - Sync 3 DAGs
[2024-11-04T14:45:34.002+0000] {logging_mixin.py:190} INFO - [2024-11-04T14:45:34.002+0000] {dag.py:4180} INFO - Setting next_dagrun for dataset_with_extra_by_context to 2024-11-03 00:00:00+00:00, run_after=2024-11-04 00:00:00+00:00
[2024-11-04T14:45:34.007+0000] {logging_mixin.py:190} INFO - [2024-11-04T14:45:34.007+0000] {dag.py:4180} INFO - Setting next_dagrun for dataset_with_extra_by_yield to 2024-11-03 00:00:00+00:00, run_after=2024-11-04 00:00:00+00:00
[2024-11-04T14:45:34.011+0000] {logging_mixin.py:190} INFO - [2024-11-04T14:45:34.011+0000] {dag.py:4180} INFO - Setting next_dagrun for dataset_with_extra_from_classic_operator to 2024-11-03 00:00:00+00:00, run_after=2024-11-04 00:00:00+00:00
[2024-11-04T14:45:34.039+0000] {processor.py:208} INFO - Processing /home/airflow/.local/lib/python3.12/site-packages/airflow/example_dags/example_outlet_event_extra.py took 0.190 seconds
[2024-11-04T14:46:04.882+0000] {processor.py:186} INFO - Started process (PID=993) to work on /home/airflow/.local/lib/python3.12/site-packages/airflow/example_dags/example_outlet_event_extra.py
[2024-11-04T14:46:04.883+0000] {processor.py:914} INFO - Processing file /home/airflow/.local/lib/python3.12/site-packages/airflow/example_dags/example_outlet_event_extra.py for tasks to queue
[2024-11-04T14:46:04.886+0000] {logging_mixin.py:190} INFO - [2024-11-04T14:46:04.886+0000] {dagbag.py:588} INFO - Filling up the DagBag from /home/airflow/.local/lib/python3.12/site-packages/airflow/example_dags/example_outlet_event_extra.py
[2024-11-04T14:46:05.010+0000] {processor.py:925} INFO - DAG(s) 'dataset_with_extra_by_context', 'dataset_with_extra_by_yield', 'dataset_with_extra_from_classic_operator' retrieved from /home/airflow/.local/lib/python3.12/site-packages/airflow/example_dags/example_outlet_event_extra.py
[2024-11-04T14:46:05.047+0000] {logging_mixin.py:190} INFO - [2024-11-04T14:46:05.047+0000] {dag.py:3239} INFO - Sync 3 DAGs
[2024-11-04T14:46:05.067+0000] {logging_mixin.py:190} INFO - [2024-11-04T14:46:05.067+0000] {dag.py:4180} INFO - Setting next_dagrun for dataset_with_extra_by_context to 2024-11-03 00:00:00+00:00, run_after=2024-11-04 00:00:00+00:00
[2024-11-04T14:46:05.071+0000] {logging_mixin.py:190} INFO - [2024-11-04T14:46:05.071+0000] {dag.py:4180} INFO - Setting next_dagrun for dataset_with_extra_by_yield to 2024-11-03 00:00:00+00:00, run_after=2024-11-04 00:00:00+00:00
[2024-11-04T14:46:05.073+0000] {logging_mixin.py:190} INFO - [2024-11-04T14:46:05.073+0000] {dag.py:4180} INFO - Setting next_dagrun for dataset_with_extra_from_classic_operator to 2024-11-03 00:00:00+00:00, run_after=2024-11-04 00:00:00+00:00
[2024-11-04T14:46:05.093+0000] {processor.py:208} INFO - Processing /home/airflow/.local/lib/python3.12/site-packages/airflow/example_dags/example_outlet_event_extra.py took 0.217 seconds
[2024-11-04T14:46:35.539+0000] {processor.py:186} INFO - Started process (PID=1279) to work on /home/airflow/.local/lib/python3.12/site-packages/airflow/example_dags/example_outlet_event_extra.py
[2024-11-04T14:46:35.541+0000] {processor.py:914} INFO - Processing file /home/airflow/.local/lib/python3.12/site-packages/airflow/example_dags/example_outlet_event_extra.py for tasks to queue
[2024-11-04T14:46:35.543+0000] {logging_mixin.py:190} INFO - [2024-11-04T14:46:35.543+0000] {dagbag.py:588} INFO - Filling up the DagBag from /home/airflow/.local/lib/python3.12/site-packages/airflow/example_dags/example_outlet_event_extra.py
[2024-11-04T14:46:35.723+0000] {processor.py:925} INFO - DAG(s) 'dataset_with_extra_by_context', 'dataset_with_extra_by_yield', 'dataset_with_extra_from_classic_operator' retrieved from /home/airflow/.local/lib/python3.12/site-packages/airflow/example_dags/example_outlet_event_extra.py
[2024-11-04T14:46:35.773+0000] {logging_mixin.py:190} INFO - [2024-11-04T14:46:35.772+0000] {dag.py:3239} INFO - Sync 3 DAGs
[2024-11-04T14:46:35.817+0000] {logging_mixin.py:190} INFO - [2024-11-04T14:46:35.817+0000] {dag.py:4180} INFO - Setting next_dagrun for dataset_with_extra_by_context to 2024-11-03 00:00:00+00:00, run_after=2024-11-04 00:00:00+00:00
[2024-11-04T14:46:35.824+0000] {logging_mixin.py:190} INFO - [2024-11-04T14:46:35.824+0000] {dag.py:4180} INFO - Setting next_dagrun for dataset_with_extra_by_yield to 2024-11-03 00:00:00+00:00, run_after=2024-11-04 00:00:00+00:00
[2024-11-04T14:46:35.828+0000] {logging_mixin.py:190} INFO - [2024-11-04T14:46:35.828+0000] {dag.py:4180} INFO - Setting next_dagrun for dataset_with_extra_from_classic_operator to 2024-11-03 00:00:00+00:00, run_after=2024-11-04 00:00:00+00:00
[2024-11-04T14:46:35.859+0000] {processor.py:208} INFO - Processing /home/airflow/.local/lib/python3.12/site-packages/airflow/example_dags/example_outlet_event_extra.py took 0.325 seconds
[2024-11-04T14:47:06.761+0000] {processor.py:186} INFO - Started process (PID=1567) to work on /home/airflow/.local/lib/python3.12/site-packages/airflow/example_dags/example_outlet_event_extra.py
[2024-11-04T14:47:06.762+0000] {processor.py:914} INFO - Processing file /home/airflow/.local/lib/python3.12/site-packages/airflow/example_dags/example_outlet_event_extra.py for tasks to queue
[2024-11-04T14:47:06.765+0000] {logging_mixin.py:190} INFO - [2024-11-04T14:47:06.765+0000] {dagbag.py:588} INFO - Filling up the DagBag from /home/airflow/.local/lib/python3.12/site-packages/airflow/example_dags/example_outlet_event_extra.py
[2024-11-04T14:47:06.857+0000] {processor.py:925} INFO - DAG(s) 'dataset_with_extra_from_classic_operator', 'dataset_with_extra_by_yield', 'dataset_with_extra_by_context' retrieved from /home/airflow/.local/lib/python3.12/site-packages/airflow/example_dags/example_outlet_event_extra.py
[2024-11-04T14:47:06.880+0000] {logging_mixin.py:190} INFO - [2024-11-04T14:47:06.880+0000] {dag.py:3239} INFO - Sync 3 DAGs
[2024-11-04T14:47:06.901+0000] {logging_mixin.py:190} INFO - [2024-11-04T14:47:06.901+0000] {dag.py:4180} INFO - Setting next_dagrun for dataset_with_extra_by_context to 2024-11-03 00:00:00+00:00, run_after=2024-11-04 00:00:00+00:00
[2024-11-04T14:47:06.907+0000] {logging_mixin.py:190} INFO - [2024-11-04T14:47:06.907+0000] {dag.py:4180} INFO - Setting next_dagrun for dataset_with_extra_by_yield to 2024-11-03 00:00:00+00:00, run_after=2024-11-04 00:00:00+00:00
[2024-11-04T14:47:06.910+0000] {logging_mixin.py:190} INFO - [2024-11-04T14:47:06.909+0000] {dag.py:4180} INFO - Setting next_dagrun for dataset_with_extra_from_classic_operator to 2024-11-03 00:00:00+00:00, run_after=2024-11-04 00:00:00+00:00
[2024-11-04T14:47:06.931+0000] {processor.py:208} INFO - Processing /home/airflow/.local/lib/python3.12/site-packages/airflow/example_dags/example_outlet_event_extra.py took 0.175 seconds
[2024-11-04T14:49:21.883+0000] {processor.py:186} INFO - Started process (PID=420) to work on /home/airflow/.local/lib/python3.12/site-packages/airflow/example_dags/example_outlet_event_extra.py
[2024-11-04T14:49:21.885+0000] {processor.py:914} INFO - Processing file /home/airflow/.local/lib/python3.12/site-packages/airflow/example_dags/example_outlet_event_extra.py for tasks to queue
[2024-11-04T14:49:21.889+0000] {logging_mixin.py:190} INFO - [2024-11-04T14:49:21.888+0000] {dagbag.py:588} INFO - Filling up the DagBag from /home/airflow/.local/lib/python3.12/site-packages/airflow/example_dags/example_outlet_event_extra.py
[2024-11-04T14:49:22.116+0000] {processor.py:925} INFO - DAG(s) 'dataset_with_extra_by_context', 'dataset_with_extra_by_yield', 'dataset_with_extra_from_classic_operator' retrieved from /home/airflow/.local/lib/python3.12/site-packages/airflow/example_dags/example_outlet_event_extra.py
[2024-11-04T14:49:22.333+0000] {logging_mixin.py:190} INFO - [2024-11-04T14:49:22.331+0000] {override.py:1900} INFO - Created Permission View: can edit on DAG:dataset_with_extra_by_context
[2024-11-04T14:49:22.362+0000] {logging_mixin.py:190} INFO - [2024-11-04T14:49:22.362+0000] {override.py:1900} INFO - Created Permission View: can delete on DAG:dataset_with_extra_by_context
[2024-11-04T14:49:22.385+0000] {logging_mixin.py:190} INFO - [2024-11-04T14:49:22.384+0000] {override.py:1900} INFO - Created Permission View: can read on DAG:dataset_with_extra_by_context
[2024-11-04T14:49:22.408+0000] {logging_mixin.py:190} INFO - [2024-11-04T14:49:22.407+0000] {override.py:1900} INFO - Created Permission View: can create on DAG Run:dataset_with_extra_by_context
[2024-11-04T14:49:22.429+0000] {logging_mixin.py:190} INFO - [2024-11-04T14:49:22.428+0000] {override.py:1900} INFO - Created Permission View: can read on DAG Run:dataset_with_extra_by_context
[2024-11-04T14:49:22.446+0000] {logging_mixin.py:190} INFO - [2024-11-04T14:49:22.446+0000] {override.py:1900} INFO - Created Permission View: can delete on DAG Run:dataset_with_extra_by_context
[2024-11-04T14:49:22.478+0000] {logging_mixin.py:190} INFO - [2024-11-04T14:49:22.476+0000] {override.py:1900} INFO - Created Permission View: menu access on DAG Run:dataset_with_extra_by_context
[2024-11-04T14:49:22.510+0000] {logging_mixin.py:190} INFO - [2024-11-04T14:49:22.509+0000] {override.py:1900} INFO - Created Permission View: can edit on DAG:dataset_with_extra_by_yield
[2024-11-04T14:49:22.527+0000] {logging_mixin.py:190} INFO - [2024-11-04T14:49:22.526+0000] {override.py:1900} INFO - Created Permission View: can delete on DAG:dataset_with_extra_by_yield
[2024-11-04T14:49:22.547+0000] {logging_mixin.py:190} INFO - [2024-11-04T14:49:22.546+0000] {override.py:1900} INFO - Created Permission View: can read on DAG:dataset_with_extra_by_yield
[2024-11-04T14:49:22.567+0000] {logging_mixin.py:190} INFO - [2024-11-04T14:49:22.566+0000] {override.py:1900} INFO - Created Permission View: can create on DAG Run:dataset_with_extra_by_yield
[2024-11-04T14:49:22.584+0000] {logging_mixin.py:190} INFO - [2024-11-04T14:49:22.583+0000] {override.py:1900} INFO - Created Permission View: can read on DAG Run:dataset_with_extra_by_yield
[2024-11-04T14:49:22.599+0000] {logging_mixin.py:190} INFO - [2024-11-04T14:49:22.598+0000] {override.py:1900} INFO - Created Permission View: can delete on DAG Run:dataset_with_extra_by_yield
[2024-11-04T14:49:22.614+0000] {logging_mixin.py:190} INFO - [2024-11-04T14:49:22.613+0000] {override.py:1900} INFO - Created Permission View: menu access on DAG Run:dataset_with_extra_by_yield
[2024-11-04T14:49:22.648+0000] {logging_mixin.py:190} INFO - [2024-11-04T14:49:22.648+0000] {override.py:1900} INFO - Created Permission View: can edit on DAG:dataset_with_extra_from_classic_operator
[2024-11-04T14:49:22.666+0000] {logging_mixin.py:190} INFO - [2024-11-04T14:49:22.665+0000] {override.py:1900} INFO - Created Permission View: can delete on DAG:dataset_with_extra_from_classic_operator
[2024-11-04T14:49:22.682+0000] {logging_mixin.py:190} INFO - [2024-11-04T14:49:22.682+0000] {override.py:1900} INFO - Created Permission View: can read on DAG:dataset_with_extra_from_classic_operator
[2024-11-04T14:49:22.699+0000] {logging_mixin.py:190} INFO - [2024-11-04T14:49:22.699+0000] {override.py:1900} INFO - Created Permission View: can create on DAG Run:dataset_with_extra_from_classic_operator
[2024-11-04T14:49:22.718+0000] {logging_mixin.py:190} INFO - [2024-11-04T14:49:22.717+0000] {override.py:1900} INFO - Created Permission View: can read on DAG Run:dataset_with_extra_from_classic_operator
[2024-11-04T14:49:22.734+0000] {logging_mixin.py:190} INFO - [2024-11-04T14:49:22.733+0000] {override.py:1900} INFO - Created Permission View: can delete on DAG Run:dataset_with_extra_from_classic_operator
[2024-11-04T14:49:22.749+0000] {logging_mixin.py:190} INFO - [2024-11-04T14:49:22.748+0000] {override.py:1900} INFO - Created Permission View: menu access on DAG Run:dataset_with_extra_from_classic_operator
[2024-11-04T14:49:22.751+0000] {logging_mixin.py:190} INFO - [2024-11-04T14:49:22.750+0000] {dag.py:3239} INFO - Sync 3 DAGs
[2024-11-04T14:49:22.776+0000] {logging_mixin.py:190} INFO - [2024-11-04T14:49:22.775+0000] {dag.py:3262} INFO - Creating ORM DAG for dataset_with_extra_from_classic_operator
[2024-11-04T14:49:22.778+0000] {logging_mixin.py:190} INFO - [2024-11-04T14:49:22.778+0000] {dag.py:3262} INFO - Creating ORM DAG for dataset_with_extra_by_yield
[2024-11-04T14:49:22.780+0000] {logging_mixin.py:190} INFO - [2024-11-04T14:49:22.780+0000] {dag.py:3262} INFO - Creating ORM DAG for dataset_with_extra_by_context
[2024-11-04T14:49:22.805+0000] {logging_mixin.py:190} INFO - [2024-11-04T14:49:22.805+0000] {dag.py:4180} INFO - Setting next_dagrun for dataset_with_extra_by_context to 2024-11-03 00:00:00+00:00, run_after=2024-11-04 00:00:00+00:00
[2024-11-04T14:49:22.810+0000] {logging_mixin.py:190} INFO - [2024-11-04T14:49:22.810+0000] {dag.py:4180} INFO - Setting next_dagrun for dataset_with_extra_by_yield to 2024-11-03 00:00:00+00:00, run_after=2024-11-04 00:00:00+00:00
[2024-11-04T14:49:22.815+0000] {logging_mixin.py:190} INFO - [2024-11-04T14:49:22.814+0000] {dag.py:4180} INFO - Setting next_dagrun for dataset_with_extra_from_classic_operator to 2024-11-03 00:00:00+00:00, run_after=2024-11-04 00:00:00+00:00
[2024-11-04T14:49:22.868+0000] {processor.py:208} INFO - Processing /home/airflow/.local/lib/python3.12/site-packages/airflow/example_dags/example_outlet_event_extra.py took 0.994 seconds
