[2024-11-04T14:33:56.845+0000] {processor.py:186} INFO - Started process (PID=193) to work on /home/airflow/.local/lib/python3.12/site-packages/airflow/example_dags/example_setup_teardown_taskflow.py
[2024-11-04T14:33:56.847+0000] {processor.py:914} INFO - Processing file /home/airflow/.local/lib/python3.12/site-packages/airflow/example_dags/example_setup_teardown_taskflow.py for tasks to queue
[2024-11-04T14:33:56.851+0000] {logging_mixin.py:190} INFO - [2024-11-04T14:33:56.850+0000] {dagbag.py:588} INFO - Filling up the DagBag from /home/airflow/.local/lib/python3.12/site-packages/airflow/example_dags/example_setup_teardown_taskflow.py
[2024-11-04T14:33:56.873+0000] {processor.py:925} INFO - DAG(s) 'example_setup_teardown_taskflow' retrieved from /home/airflow/.local/lib/python3.12/site-packages/airflow/example_dags/example_setup_teardown_taskflow.py
[2024-11-04T14:33:57.112+0000] {logging_mixin.py:190} INFO - [2024-11-04T14:33:57.108+0000] {override.py:1900} INFO - Created Permission View: can edit on DAG:example_setup_teardown_taskflow
[2024-11-04T14:33:57.133+0000] {logging_mixin.py:190} INFO - [2024-11-04T14:33:57.133+0000] {override.py:1900} INFO - Created Permission View: can read on DAG:example_setup_teardown_taskflow
[2024-11-04T14:33:57.149+0000] {logging_mixin.py:190} INFO - [2024-11-04T14:33:57.149+0000] {override.py:1900} INFO - Created Permission View: can delete on DAG:example_setup_teardown_taskflow
[2024-11-04T14:33:57.166+0000] {logging_mixin.py:190} INFO - [2024-11-04T14:33:57.165+0000] {override.py:1900} INFO - Created Permission View: can read on DAG Run:example_setup_teardown_taskflow
[2024-11-04T14:33:57.180+0000] {logging_mixin.py:190} INFO - [2024-11-04T14:33:57.180+0000] {override.py:1900} INFO - Created Permission View: can delete on DAG Run:example_setup_teardown_taskflow
[2024-11-04T14:33:57.197+0000] {logging_mixin.py:190} INFO - [2024-11-04T14:33:57.196+0000] {override.py:1900} INFO - Created Permission View: menu access on DAG Run:example_setup_teardown_taskflow
[2024-11-04T14:33:57.211+0000] {logging_mixin.py:190} INFO - [2024-11-04T14:33:57.210+0000] {override.py:1900} INFO - Created Permission View: can create on DAG Run:example_setup_teardown_taskflow
[2024-11-04T14:33:57.212+0000] {logging_mixin.py:190} INFO - [2024-11-04T14:33:57.212+0000] {dag.py:3239} INFO - Sync 1 DAGs
[2024-11-04T14:33:57.233+0000] {logging_mixin.py:190} INFO - [2024-11-04T14:33:57.233+0000] {dag.py:3262} INFO - Creating ORM DAG for example_setup_teardown_taskflow
[2024-11-04T14:33:57.235+0000] {logging_mixin.py:190} INFO - [2024-11-04T14:33:57.235+0000] {dag.py:4180} INFO - Setting next_dagrun for example_setup_teardown_taskflow to None, run_after=None
[2024-11-04T14:33:57.267+0000] {processor.py:208} INFO - Processing /home/airflow/.local/lib/python3.12/site-packages/airflow/example_dags/example_setup_teardown_taskflow.py took 0.432 seconds
[2024-11-04T14:34:27.518+0000] {processor.py:186} INFO - Started process (PID=479) to work on /home/airflow/.local/lib/python3.12/site-packages/airflow/example_dags/example_setup_teardown_taskflow.py
[2024-11-04T14:34:27.520+0000] {processor.py:914} INFO - Processing file /home/airflow/.local/lib/python3.12/site-packages/airflow/example_dags/example_setup_teardown_taskflow.py for tasks to queue
[2024-11-04T14:34:27.524+0000] {logging_mixin.py:190} INFO - [2024-11-04T14:34:27.523+0000] {dagbag.py:588} INFO - Filling up the DagBag from /home/airflow/.local/lib/python3.12/site-packages/airflow/example_dags/example_setup_teardown_taskflow.py
[2024-11-04T14:34:27.536+0000] {processor.py:925} INFO - DAG(s) 'example_setup_teardown_taskflow' retrieved from /home/airflow/.local/lib/python3.12/site-packages/airflow/example_dags/example_setup_teardown_taskflow.py
[2024-11-04T14:34:27.560+0000] {logging_mixin.py:190} INFO - [2024-11-04T14:34:27.560+0000] {dag.py:3239} INFO - Sync 1 DAGs
[2024-11-04T14:34:27.573+0000] {logging_mixin.py:190} INFO - [2024-11-04T14:34:27.573+0000] {dag.py:4180} INFO - Setting next_dagrun for example_setup_teardown_taskflow to None, run_after=None
[2024-11-04T14:34:27.595+0000] {processor.py:208} INFO - Processing /home/airflow/.local/lib/python3.12/site-packages/airflow/example_dags/example_setup_teardown_taskflow.py took 0.084 seconds
[2024-11-04T14:34:57.842+0000] {processor.py:186} INFO - Started process (PID=766) to work on /home/airflow/.local/lib/python3.12/site-packages/airflow/example_dags/example_setup_teardown_taskflow.py
[2024-11-04T14:34:57.843+0000] {processor.py:914} INFO - Processing file /home/airflow/.local/lib/python3.12/site-packages/airflow/example_dags/example_setup_teardown_taskflow.py for tasks to queue
[2024-11-04T14:34:57.846+0000] {logging_mixin.py:190} INFO - [2024-11-04T14:34:57.845+0000] {dagbag.py:588} INFO - Filling up the DagBag from /home/airflow/.local/lib/python3.12/site-packages/airflow/example_dags/example_setup_teardown_taskflow.py
[2024-11-04T14:34:57.854+0000] {processor.py:925} INFO - DAG(s) 'example_setup_teardown_taskflow' retrieved from /home/airflow/.local/lib/python3.12/site-packages/airflow/example_dags/example_setup_teardown_taskflow.py
[2024-11-04T14:34:57.873+0000] {logging_mixin.py:190} INFO - [2024-11-04T14:34:57.872+0000] {dag.py:3239} INFO - Sync 1 DAGs
[2024-11-04T14:34:57.884+0000] {logging_mixin.py:190} INFO - [2024-11-04T14:34:57.884+0000] {dag.py:4180} INFO - Setting next_dagrun for example_setup_teardown_taskflow to None, run_after=None
[2024-11-04T14:34:57.901+0000] {processor.py:208} INFO - Processing /home/airflow/.local/lib/python3.12/site-packages/airflow/example_dags/example_setup_teardown_taskflow.py took 0.064 seconds
[2024-11-04T14:36:23.701+0000] {processor.py:186} INFO - Started process (PID=194) to work on /home/airflow/.local/lib/python3.12/site-packages/airflow/example_dags/example_setup_teardown_taskflow.py
[2024-11-04T14:36:23.703+0000] {processor.py:914} INFO - Processing file /home/airflow/.local/lib/python3.12/site-packages/airflow/example_dags/example_setup_teardown_taskflow.py for tasks to queue
[2024-11-04T14:36:23.705+0000] {logging_mixin.py:190} INFO - [2024-11-04T14:36:23.705+0000] {dagbag.py:588} INFO - Filling up the DagBag from /home/airflow/.local/lib/python3.12/site-packages/airflow/example_dags/example_setup_teardown_taskflow.py
[2024-11-04T14:36:23.720+0000] {processor.py:925} INFO - DAG(s) 'example_setup_teardown_taskflow' retrieved from /home/airflow/.local/lib/python3.12/site-packages/airflow/example_dags/example_setup_teardown_taskflow.py
[2024-11-04T14:36:23.866+0000] {logging_mixin.py:190} INFO - [2024-11-04T14:36:23.863+0000] {override.py:1900} INFO - Created Permission View: can delete on DAG:example_setup_teardown_taskflow
[2024-11-04T14:36:23.884+0000] {logging_mixin.py:190} INFO - [2024-11-04T14:36:23.884+0000] {override.py:1900} INFO - Created Permission View: can read on DAG:example_setup_teardown_taskflow
[2024-11-04T14:36:23.896+0000] {logging_mixin.py:190} INFO - [2024-11-04T14:36:23.896+0000] {override.py:1900} INFO - Created Permission View: can edit on DAG:example_setup_teardown_taskflow
[2024-11-04T14:36:23.911+0000] {logging_mixin.py:190} INFO - [2024-11-04T14:36:23.910+0000] {override.py:1900} INFO - Created Permission View: can create on DAG Run:example_setup_teardown_taskflow
[2024-11-04T14:36:23.927+0000] {logging_mixin.py:190} INFO - [2024-11-04T14:36:23.926+0000] {override.py:1900} INFO - Created Permission View: can delete on DAG Run:example_setup_teardown_taskflow
[2024-11-04T14:36:23.944+0000] {logging_mixin.py:190} INFO - [2024-11-04T14:36:23.943+0000] {override.py:1900} INFO - Created Permission View: can read on DAG Run:example_setup_teardown_taskflow
[2024-11-04T14:36:23.960+0000] {logging_mixin.py:190} INFO - [2024-11-04T14:36:23.960+0000] {override.py:1900} INFO - Created Permission View: menu access on DAG Run:example_setup_teardown_taskflow
[2024-11-04T14:36:23.962+0000] {logging_mixin.py:190} INFO - [2024-11-04T14:36:23.961+0000] {dag.py:3239} INFO - Sync 1 DAGs
[2024-11-04T14:36:23.987+0000] {logging_mixin.py:190} INFO - [2024-11-04T14:36:23.986+0000] {dag.py:3262} INFO - Creating ORM DAG for example_setup_teardown_taskflow
[2024-11-04T14:36:23.989+0000] {logging_mixin.py:190} INFO - [2024-11-04T14:36:23.988+0000] {dag.py:4180} INFO - Setting next_dagrun for example_setup_teardown_taskflow to None, run_after=None
[2024-11-04T14:36:24.022+0000] {processor.py:208} INFO - Processing /home/airflow/.local/lib/python3.12/site-packages/airflow/example_dags/example_setup_teardown_taskflow.py took 0.329 seconds
[2024-11-04T14:36:54.719+0000] {processor.py:186} INFO - Started process (PID=482) to work on /home/airflow/.local/lib/python3.12/site-packages/airflow/example_dags/example_setup_teardown_taskflow.py
[2024-11-04T14:36:54.721+0000] {processor.py:914} INFO - Processing file /home/airflow/.local/lib/python3.12/site-packages/airflow/example_dags/example_setup_teardown_taskflow.py for tasks to queue
[2024-11-04T14:36:54.724+0000] {logging_mixin.py:190} INFO - [2024-11-04T14:36:54.724+0000] {dagbag.py:588} INFO - Filling up the DagBag from /home/airflow/.local/lib/python3.12/site-packages/airflow/example_dags/example_setup_teardown_taskflow.py
[2024-11-04T14:36:54.734+0000] {processor.py:925} INFO - DAG(s) 'example_setup_teardown_taskflow' retrieved from /home/airflow/.local/lib/python3.12/site-packages/airflow/example_dags/example_setup_teardown_taskflow.py
[2024-11-04T14:36:54.753+0000] {logging_mixin.py:190} INFO - [2024-11-04T14:36:54.753+0000] {dag.py:3239} INFO - Sync 1 DAGs
[2024-11-04T14:36:54.766+0000] {logging_mixin.py:190} INFO - [2024-11-04T14:36:54.765+0000] {dag.py:4180} INFO - Setting next_dagrun for example_setup_teardown_taskflow to None, run_after=None
[2024-11-04T14:36:54.786+0000] {processor.py:208} INFO - Processing /home/airflow/.local/lib/python3.12/site-packages/airflow/example_dags/example_setup_teardown_taskflow.py took 0.075 seconds
[2024-11-04T14:37:25.179+0000] {processor.py:186} INFO - Started process (PID=766) to work on /home/airflow/.local/lib/python3.12/site-packages/airflow/example_dags/example_setup_teardown_taskflow.py
[2024-11-04T14:37:25.181+0000] {processor.py:914} INFO - Processing file /home/airflow/.local/lib/python3.12/site-packages/airflow/example_dags/example_setup_teardown_taskflow.py for tasks to queue
[2024-11-04T14:37:25.188+0000] {logging_mixin.py:190} INFO - [2024-11-04T14:37:25.187+0000] {dagbag.py:588} INFO - Filling up the DagBag from /home/airflow/.local/lib/python3.12/site-packages/airflow/example_dags/example_setup_teardown_taskflow.py
[2024-11-04T14:37:25.209+0000] {processor.py:925} INFO - DAG(s) 'example_setup_teardown_taskflow' retrieved from /home/airflow/.local/lib/python3.12/site-packages/airflow/example_dags/example_setup_teardown_taskflow.py
[2024-11-04T14:37:25.253+0000] {logging_mixin.py:190} INFO - [2024-11-04T14:37:25.252+0000] {dag.py:3239} INFO - Sync 1 DAGs
[2024-11-04T14:37:25.279+0000] {logging_mixin.py:190} INFO - [2024-11-04T14:37:25.279+0000] {dag.py:4180} INFO - Setting next_dagrun for example_setup_teardown_taskflow to None, run_after=None
[2024-11-04T14:37:25.313+0000] {processor.py:208} INFO - Processing /home/airflow/.local/lib/python3.12/site-packages/airflow/example_dags/example_setup_teardown_taskflow.py took 0.144 seconds
[2024-11-04T14:37:56.176+0000] {processor.py:186} INFO - Started process (PID=1054) to work on /home/airflow/.local/lib/python3.12/site-packages/airflow/example_dags/example_setup_teardown_taskflow.py
[2024-11-04T14:37:56.179+0000] {processor.py:914} INFO - Processing file /home/airflow/.local/lib/python3.12/site-packages/airflow/example_dags/example_setup_teardown_taskflow.py for tasks to queue
[2024-11-04T14:37:56.185+0000] {logging_mixin.py:190} INFO - [2024-11-04T14:37:56.184+0000] {dagbag.py:588} INFO - Filling up the DagBag from /home/airflow/.local/lib/python3.12/site-packages/airflow/example_dags/example_setup_teardown_taskflow.py
[2024-11-04T14:37:56.228+0000] {processor.py:925} INFO - DAG(s) 'example_setup_teardown_taskflow' retrieved from /home/airflow/.local/lib/python3.12/site-packages/airflow/example_dags/example_setup_teardown_taskflow.py
[2024-11-04T14:37:56.285+0000] {logging_mixin.py:190} INFO - [2024-11-04T14:37:56.285+0000] {dag.py:3239} INFO - Sync 1 DAGs
[2024-11-04T14:37:56.315+0000] {logging_mixin.py:190} INFO - [2024-11-04T14:37:56.314+0000] {dag.py:4180} INFO - Setting next_dagrun for example_setup_teardown_taskflow to None, run_after=None
[2024-11-04T14:37:56.370+0000] {processor.py:208} INFO - Processing /home/airflow/.local/lib/python3.12/site-packages/airflow/example_dags/example_setup_teardown_taskflow.py took 0.205 seconds
[2024-11-04T14:38:26.976+0000] {processor.py:186} INFO - Started process (PID=1338) to work on /home/airflow/.local/lib/python3.12/site-packages/airflow/example_dags/example_setup_teardown_taskflow.py
[2024-11-04T14:38:26.978+0000] {processor.py:914} INFO - Processing file /home/airflow/.local/lib/python3.12/site-packages/airflow/example_dags/example_setup_teardown_taskflow.py for tasks to queue
[2024-11-04T14:38:26.981+0000] {logging_mixin.py:190} INFO - [2024-11-04T14:38:26.980+0000] {dagbag.py:588} INFO - Filling up the DagBag from /home/airflow/.local/lib/python3.12/site-packages/airflow/example_dags/example_setup_teardown_taskflow.py
[2024-11-04T14:38:26.990+0000] {processor.py:925} INFO - DAG(s) 'example_setup_teardown_taskflow' retrieved from /home/airflow/.local/lib/python3.12/site-packages/airflow/example_dags/example_setup_teardown_taskflow.py
[2024-11-04T14:38:27.013+0000] {logging_mixin.py:190} INFO - [2024-11-04T14:38:27.013+0000] {dag.py:3239} INFO - Sync 1 DAGs
[2024-11-04T14:38:27.027+0000] {logging_mixin.py:190} INFO - [2024-11-04T14:38:27.026+0000] {dag.py:4180} INFO - Setting next_dagrun for example_setup_teardown_taskflow to None, run_after=None
[2024-11-04T14:38:27.049+0000] {processor.py:208} INFO - Processing /home/airflow/.local/lib/python3.12/site-packages/airflow/example_dags/example_setup_teardown_taskflow.py took 0.078 seconds
[2024-11-04T14:38:57.222+0000] {processor.py:186} INFO - Started process (PID=1622) to work on /home/airflow/.local/lib/python3.12/site-packages/airflow/example_dags/example_setup_teardown_taskflow.py
[2024-11-04T14:38:57.224+0000] {processor.py:914} INFO - Processing file /home/airflow/.local/lib/python3.12/site-packages/airflow/example_dags/example_setup_teardown_taskflow.py for tasks to queue
[2024-11-04T14:38:57.228+0000] {logging_mixin.py:190} INFO - [2024-11-04T14:38:57.227+0000] {dagbag.py:588} INFO - Filling up the DagBag from /home/airflow/.local/lib/python3.12/site-packages/airflow/example_dags/example_setup_teardown_taskflow.py
[2024-11-04T14:38:57.237+0000] {processor.py:925} INFO - DAG(s) 'example_setup_teardown_taskflow' retrieved from /home/airflow/.local/lib/python3.12/site-packages/airflow/example_dags/example_setup_teardown_taskflow.py
[2024-11-04T14:38:57.258+0000] {logging_mixin.py:190} INFO - [2024-11-04T14:38:57.258+0000] {dag.py:3239} INFO - Sync 1 DAGs
[2024-11-04T14:38:57.272+0000] {logging_mixin.py:190} INFO - [2024-11-04T14:38:57.272+0000] {dag.py:4180} INFO - Setting next_dagrun for example_setup_teardown_taskflow to None, run_after=None
[2024-11-04T14:38:57.295+0000] {processor.py:208} INFO - Processing /home/airflow/.local/lib/python3.12/site-packages/airflow/example_dags/example_setup_teardown_taskflow.py took 0.077 seconds
[2024-11-04T14:39:27.354+0000] {processor.py:186} INFO - Started process (PID=1908) to work on /home/airflow/.local/lib/python3.12/site-packages/airflow/example_dags/example_setup_teardown_taskflow.py
[2024-11-04T14:39:27.356+0000] {processor.py:914} INFO - Processing file /home/airflow/.local/lib/python3.12/site-packages/airflow/example_dags/example_setup_teardown_taskflow.py for tasks to queue
[2024-11-04T14:39:27.358+0000] {logging_mixin.py:190} INFO - [2024-11-04T14:39:27.358+0000] {dagbag.py:588} INFO - Filling up the DagBag from /home/airflow/.local/lib/python3.12/site-packages/airflow/example_dags/example_setup_teardown_taskflow.py
[2024-11-04T14:39:27.366+0000] {processor.py:925} INFO - DAG(s) 'example_setup_teardown_taskflow' retrieved from /home/airflow/.local/lib/python3.12/site-packages/airflow/example_dags/example_setup_teardown_taskflow.py
[2024-11-04T14:39:27.386+0000] {logging_mixin.py:190} INFO - [2024-11-04T14:39:27.386+0000] {dag.py:3239} INFO - Sync 1 DAGs
[2024-11-04T14:39:27.399+0000] {logging_mixin.py:190} INFO - [2024-11-04T14:39:27.399+0000] {dag.py:4180} INFO - Setting next_dagrun for example_setup_teardown_taskflow to None, run_after=None
[2024-11-04T14:39:27.416+0000] {processor.py:208} INFO - Processing /home/airflow/.local/lib/python3.12/site-packages/airflow/example_dags/example_setup_teardown_taskflow.py took 0.066 seconds
[2024-11-04T14:39:58.076+0000] {processor.py:186} INFO - Started process (PID=2194) to work on /home/airflow/.local/lib/python3.12/site-packages/airflow/example_dags/example_setup_teardown_taskflow.py
[2024-11-04T14:39:58.078+0000] {processor.py:914} INFO - Processing file /home/airflow/.local/lib/python3.12/site-packages/airflow/example_dags/example_setup_teardown_taskflow.py for tasks to queue
[2024-11-04T14:39:58.081+0000] {logging_mixin.py:190} INFO - [2024-11-04T14:39:58.081+0000] {dagbag.py:588} INFO - Filling up the DagBag from /home/airflow/.local/lib/python3.12/site-packages/airflow/example_dags/example_setup_teardown_taskflow.py
[2024-11-04T14:39:58.093+0000] {processor.py:925} INFO - DAG(s) 'example_setup_teardown_taskflow' retrieved from /home/airflow/.local/lib/python3.12/site-packages/airflow/example_dags/example_setup_teardown_taskflow.py
[2024-11-04T14:39:58.119+0000] {logging_mixin.py:190} INFO - [2024-11-04T14:39:58.118+0000] {dag.py:3239} INFO - Sync 1 DAGs
[2024-11-04T14:39:58.131+0000] {logging_mixin.py:190} INFO - [2024-11-04T14:39:58.131+0000] {dag.py:4180} INFO - Setting next_dagrun for example_setup_teardown_taskflow to None, run_after=None
[2024-11-04T14:39:58.155+0000] {processor.py:208} INFO - Processing /home/airflow/.local/lib/python3.12/site-packages/airflow/example_dags/example_setup_teardown_taskflow.py took 0.087 seconds
[2024-11-04T14:40:28.721+0000] {processor.py:186} INFO - Started process (PID=2480) to work on /home/airflow/.local/lib/python3.12/site-packages/airflow/example_dags/example_setup_teardown_taskflow.py
[2024-11-04T14:40:28.722+0000] {processor.py:914} INFO - Processing file /home/airflow/.local/lib/python3.12/site-packages/airflow/example_dags/example_setup_teardown_taskflow.py for tasks to queue
[2024-11-04T14:40:28.726+0000] {logging_mixin.py:190} INFO - [2024-11-04T14:40:28.726+0000] {dagbag.py:588} INFO - Filling up the DagBag from /home/airflow/.local/lib/python3.12/site-packages/airflow/example_dags/example_setup_teardown_taskflow.py
[2024-11-04T14:40:28.739+0000] {processor.py:925} INFO - DAG(s) 'example_setup_teardown_taskflow' retrieved from /home/airflow/.local/lib/python3.12/site-packages/airflow/example_dags/example_setup_teardown_taskflow.py
[2024-11-04T14:40:28.771+0000] {logging_mixin.py:190} INFO - [2024-11-04T14:40:28.770+0000] {dag.py:3239} INFO - Sync 1 DAGs
[2024-11-04T14:40:28.791+0000] {logging_mixin.py:190} INFO - [2024-11-04T14:40:28.790+0000] {dag.py:4180} INFO - Setting next_dagrun for example_setup_teardown_taskflow to None, run_after=None
[2024-11-04T14:40:28.820+0000] {processor.py:208} INFO - Processing /home/airflow/.local/lib/python3.12/site-packages/airflow/example_dags/example_setup_teardown_taskflow.py took 0.107 seconds
[2024-11-04T14:40:59.916+0000] {processor.py:186} INFO - Started process (PID=2766) to work on /home/airflow/.local/lib/python3.12/site-packages/airflow/example_dags/example_setup_teardown_taskflow.py
[2024-11-04T14:40:59.926+0000] {processor.py:914} INFO - Processing file /home/airflow/.local/lib/python3.12/site-packages/airflow/example_dags/example_setup_teardown_taskflow.py for tasks to queue
[2024-11-04T14:40:59.952+0000] {logging_mixin.py:190} INFO - [2024-11-04T14:40:59.947+0000] {dagbag.py:588} INFO - Filling up the DagBag from /home/airflow/.local/lib/python3.12/site-packages/airflow/example_dags/example_setup_teardown_taskflow.py
[2024-11-04T14:41:00.037+0000] {processor.py:925} INFO - DAG(s) 'example_setup_teardown_taskflow' retrieved from /home/airflow/.local/lib/python3.12/site-packages/airflow/example_dags/example_setup_teardown_taskflow.py
[2024-11-04T14:41:00.106+0000] {logging_mixin.py:190} INFO - [2024-11-04T14:41:00.105+0000] {dag.py:3239} INFO - Sync 1 DAGs
[2024-11-04T14:41:00.145+0000] {logging_mixin.py:190} INFO - [2024-11-04T14:41:00.145+0000] {dag.py:4180} INFO - Setting next_dagrun for example_setup_teardown_taskflow to None, run_after=None
[2024-11-04T14:41:00.223+0000] {processor.py:208} INFO - Processing /home/airflow/.local/lib/python3.12/site-packages/airflow/example_dags/example_setup_teardown_taskflow.py took 0.334 seconds
[2024-11-04T14:41:30.525+0000] {processor.py:186} INFO - Started process (PID=3052) to work on /home/airflow/.local/lib/python3.12/site-packages/airflow/example_dags/example_setup_teardown_taskflow.py
[2024-11-04T14:41:30.527+0000] {processor.py:914} INFO - Processing file /home/airflow/.local/lib/python3.12/site-packages/airflow/example_dags/example_setup_teardown_taskflow.py for tasks to queue
[2024-11-04T14:41:30.529+0000] {logging_mixin.py:190} INFO - [2024-11-04T14:41:30.529+0000] {dagbag.py:588} INFO - Filling up the DagBag from /home/airflow/.local/lib/python3.12/site-packages/airflow/example_dags/example_setup_teardown_taskflow.py
[2024-11-04T14:41:30.538+0000] {processor.py:925} INFO - DAG(s) 'example_setup_teardown_taskflow' retrieved from /home/airflow/.local/lib/python3.12/site-packages/airflow/example_dags/example_setup_teardown_taskflow.py
[2024-11-04T14:41:30.556+0000] {logging_mixin.py:190} INFO - [2024-11-04T14:41:30.556+0000] {dag.py:3239} INFO - Sync 1 DAGs
[2024-11-04T14:41:30.567+0000] {logging_mixin.py:190} INFO - [2024-11-04T14:41:30.567+0000] {dag.py:4180} INFO - Setting next_dagrun for example_setup_teardown_taskflow to None, run_after=None
[2024-11-04T14:41:30.585+0000] {processor.py:208} INFO - Processing /home/airflow/.local/lib/python3.12/site-packages/airflow/example_dags/example_setup_teardown_taskflow.py took 0.066 seconds
[2024-11-04T14:42:01.038+0000] {processor.py:186} INFO - Started process (PID=3344) to work on /home/airflow/.local/lib/python3.12/site-packages/airflow/example_dags/example_setup_teardown_taskflow.py
[2024-11-04T14:42:01.039+0000] {processor.py:914} INFO - Processing file /home/airflow/.local/lib/python3.12/site-packages/airflow/example_dags/example_setup_teardown_taskflow.py for tasks to queue
[2024-11-04T14:42:01.041+0000] {logging_mixin.py:190} INFO - [2024-11-04T14:42:01.041+0000] {dagbag.py:588} INFO - Filling up the DagBag from /home/airflow/.local/lib/python3.12/site-packages/airflow/example_dags/example_setup_teardown_taskflow.py
[2024-11-04T14:42:01.050+0000] {processor.py:925} INFO - DAG(s) 'example_setup_teardown_taskflow' retrieved from /home/airflow/.local/lib/python3.12/site-packages/airflow/example_dags/example_setup_teardown_taskflow.py
[2024-11-04T14:42:01.070+0000] {logging_mixin.py:190} INFO - [2024-11-04T14:42:01.070+0000] {dag.py:3239} INFO - Sync 1 DAGs
[2024-11-04T14:42:01.082+0000] {logging_mixin.py:190} INFO - [2024-11-04T14:42:01.082+0000] {dag.py:4180} INFO - Setting next_dagrun for example_setup_teardown_taskflow to None, run_after=None
[2024-11-04T14:42:01.103+0000] {processor.py:208} INFO - Processing /home/airflow/.local/lib/python3.12/site-packages/airflow/example_dags/example_setup_teardown_taskflow.py took 0.071 seconds
[2024-11-04T14:42:31.796+0000] {processor.py:186} INFO - Started process (PID=3629) to work on /home/airflow/.local/lib/python3.12/site-packages/airflow/example_dags/example_setup_teardown_taskflow.py
[2024-11-04T14:42:31.798+0000] {processor.py:914} INFO - Processing file /home/airflow/.local/lib/python3.12/site-packages/airflow/example_dags/example_setup_teardown_taskflow.py for tasks to queue
[2024-11-04T14:42:31.800+0000] {logging_mixin.py:190} INFO - [2024-11-04T14:42:31.800+0000] {dagbag.py:588} INFO - Filling up the DagBag from /home/airflow/.local/lib/python3.12/site-packages/airflow/example_dags/example_setup_teardown_taskflow.py
[2024-11-04T14:42:31.809+0000] {processor.py:925} INFO - DAG(s) 'example_setup_teardown_taskflow' retrieved from /home/airflow/.local/lib/python3.12/site-packages/airflow/example_dags/example_setup_teardown_taskflow.py
[2024-11-04T14:42:31.826+0000] {logging_mixin.py:190} INFO - [2024-11-04T14:42:31.826+0000] {dag.py:3239} INFO - Sync 1 DAGs
[2024-11-04T14:42:31.837+0000] {logging_mixin.py:190} INFO - [2024-11-04T14:42:31.837+0000] {dag.py:4180} INFO - Setting next_dagrun for example_setup_teardown_taskflow to None, run_after=None
[2024-11-04T14:42:31.854+0000] {processor.py:208} INFO - Processing /home/airflow/.local/lib/python3.12/site-packages/airflow/example_dags/example_setup_teardown_taskflow.py took 0.063 seconds
[2024-11-04T14:43:02.364+0000] {processor.py:186} INFO - Started process (PID=3915) to work on /home/airflow/.local/lib/python3.12/site-packages/airflow/example_dags/example_setup_teardown_taskflow.py
[2024-11-04T14:43:02.365+0000] {processor.py:914} INFO - Processing file /home/airflow/.local/lib/python3.12/site-packages/airflow/example_dags/example_setup_teardown_taskflow.py for tasks to queue
[2024-11-04T14:43:02.367+0000] {logging_mixin.py:190} INFO - [2024-11-04T14:43:02.367+0000] {dagbag.py:588} INFO - Filling up the DagBag from /home/airflow/.local/lib/python3.12/site-packages/airflow/example_dags/example_setup_teardown_taskflow.py
[2024-11-04T14:43:02.376+0000] {processor.py:925} INFO - DAG(s) 'example_setup_teardown_taskflow' retrieved from /home/airflow/.local/lib/python3.12/site-packages/airflow/example_dags/example_setup_teardown_taskflow.py
[2024-11-04T14:43:02.397+0000] {logging_mixin.py:190} INFO - [2024-11-04T14:43:02.396+0000] {dag.py:3239} INFO - Sync 1 DAGs
[2024-11-04T14:43:02.409+0000] {logging_mixin.py:190} INFO - [2024-11-04T14:43:02.408+0000] {dag.py:4180} INFO - Setting next_dagrun for example_setup_teardown_taskflow to None, run_after=None
[2024-11-04T14:43:02.429+0000] {processor.py:208} INFO - Processing /home/airflow/.local/lib/python3.12/site-packages/airflow/example_dags/example_setup_teardown_taskflow.py took 0.071 seconds
[2024-11-04T14:44:51.409+0000] {processor.py:186} INFO - Started process (PID=201) to work on /home/airflow/.local/lib/python3.12/site-packages/airflow/example_dags/example_setup_teardown_taskflow.py
[2024-11-04T14:44:51.411+0000] {processor.py:914} INFO - Processing file /home/airflow/.local/lib/python3.12/site-packages/airflow/example_dags/example_setup_teardown_taskflow.py for tasks to queue
[2024-11-04T14:44:51.415+0000] {logging_mixin.py:190} INFO - [2024-11-04T14:44:51.415+0000] {dagbag.py:588} INFO - Filling up the DagBag from /home/airflow/.local/lib/python3.12/site-packages/airflow/example_dags/example_setup_teardown_taskflow.py
[2024-11-04T14:44:51.432+0000] {processor.py:925} INFO - DAG(s) 'example_setup_teardown_taskflow' retrieved from /home/airflow/.local/lib/python3.12/site-packages/airflow/example_dags/example_setup_teardown_taskflow.py
[2024-11-04T14:44:51.611+0000] {logging_mixin.py:190} INFO - [2024-11-04T14:44:51.608+0000] {override.py:1900} INFO - Created Permission View: can delete on DAG:example_setup_teardown_taskflow
[2024-11-04T14:44:51.630+0000] {logging_mixin.py:190} INFO - [2024-11-04T14:44:51.629+0000] {override.py:1900} INFO - Created Permission View: can read on DAG:example_setup_teardown_taskflow
[2024-11-04T14:44:51.643+0000] {logging_mixin.py:190} INFO - [2024-11-04T14:44:51.642+0000] {override.py:1900} INFO - Created Permission View: can edit on DAG:example_setup_teardown_taskflow
[2024-11-04T14:44:51.658+0000] {logging_mixin.py:190} INFO - [2024-11-04T14:44:51.657+0000] {override.py:1900} INFO - Created Permission View: can create on DAG Run:example_setup_teardown_taskflow
[2024-11-04T14:44:51.670+0000] {logging_mixin.py:190} INFO - [2024-11-04T14:44:51.669+0000] {override.py:1900} INFO - Created Permission View: can delete on DAG Run:example_setup_teardown_taskflow
[2024-11-04T14:44:51.682+0000] {logging_mixin.py:190} INFO - [2024-11-04T14:44:51.681+0000] {override.py:1900} INFO - Created Permission View: menu access on DAG Run:example_setup_teardown_taskflow
[2024-11-04T14:44:51.694+0000] {logging_mixin.py:190} INFO - [2024-11-04T14:44:51.693+0000] {override.py:1900} INFO - Created Permission View: can read on DAG Run:example_setup_teardown_taskflow
[2024-11-04T14:44:51.695+0000] {logging_mixin.py:190} INFO - [2024-11-04T14:44:51.695+0000] {dag.py:3239} INFO - Sync 1 DAGs
[2024-11-04T14:44:51.713+0000] {logging_mixin.py:190} INFO - [2024-11-04T14:44:51.713+0000] {dag.py:3262} INFO - Creating ORM DAG for example_setup_teardown_taskflow
[2024-11-04T14:44:51.715+0000] {logging_mixin.py:190} INFO - [2024-11-04T14:44:51.715+0000] {dag.py:4180} INFO - Setting next_dagrun for example_setup_teardown_taskflow to None, run_after=None
[2024-11-04T14:44:51.742+0000] {processor.py:208} INFO - Processing /home/airflow/.local/lib/python3.12/site-packages/airflow/example_dags/example_setup_teardown_taskflow.py took 0.343 seconds
[2024-11-04T14:45:22.339+0000] {processor.py:186} INFO - Started process (PID=489) to work on /home/airflow/.local/lib/python3.12/site-packages/airflow/example_dags/example_setup_teardown_taskflow.py
[2024-11-04T14:45:22.341+0000] {processor.py:914} INFO - Processing file /home/airflow/.local/lib/python3.12/site-packages/airflow/example_dags/example_setup_teardown_taskflow.py for tasks to queue
[2024-11-04T14:45:22.343+0000] {logging_mixin.py:190} INFO - [2024-11-04T14:45:22.343+0000] {dagbag.py:588} INFO - Filling up the DagBag from /home/airflow/.local/lib/python3.12/site-packages/airflow/example_dags/example_setup_teardown_taskflow.py
[2024-11-04T14:45:22.351+0000] {processor.py:925} INFO - DAG(s) 'example_setup_teardown_taskflow' retrieved from /home/airflow/.local/lib/python3.12/site-packages/airflow/example_dags/example_setup_teardown_taskflow.py
[2024-11-04T14:45:22.371+0000] {logging_mixin.py:190} INFO - [2024-11-04T14:45:22.371+0000] {dag.py:3239} INFO - Sync 1 DAGs
[2024-11-04T14:45:22.382+0000] {logging_mixin.py:190} INFO - [2024-11-04T14:45:22.382+0000] {dag.py:4180} INFO - Setting next_dagrun for example_setup_teardown_taskflow to None, run_after=None
[2024-11-04T14:45:22.399+0000] {processor.py:208} INFO - Processing /home/airflow/.local/lib/python3.12/site-packages/airflow/example_dags/example_setup_teardown_taskflow.py took 0.065 seconds
[2024-11-04T14:45:52.798+0000] {processor.py:186} INFO - Started process (PID=775) to work on /home/airflow/.local/lib/python3.12/site-packages/airflow/example_dags/example_setup_teardown_taskflow.py
[2024-11-04T14:45:52.800+0000] {processor.py:914} INFO - Processing file /home/airflow/.local/lib/python3.12/site-packages/airflow/example_dags/example_setup_teardown_taskflow.py for tasks to queue
[2024-11-04T14:45:52.802+0000] {logging_mixin.py:190} INFO - [2024-11-04T14:45:52.801+0000] {dagbag.py:588} INFO - Filling up the DagBag from /home/airflow/.local/lib/python3.12/site-packages/airflow/example_dags/example_setup_teardown_taskflow.py
[2024-11-04T14:45:52.810+0000] {processor.py:925} INFO - DAG(s) 'example_setup_teardown_taskflow' retrieved from /home/airflow/.local/lib/python3.12/site-packages/airflow/example_dags/example_setup_teardown_taskflow.py
[2024-11-04T14:45:52.832+0000] {logging_mixin.py:190} INFO - [2024-11-04T14:45:52.832+0000] {dag.py:3239} INFO - Sync 1 DAGs
[2024-11-04T14:45:52.847+0000] {logging_mixin.py:190} INFO - [2024-11-04T14:45:52.846+0000] {dag.py:4180} INFO - Setting next_dagrun for example_setup_teardown_taskflow to None, run_after=None
[2024-11-04T14:45:52.870+0000] {processor.py:208} INFO - Processing /home/airflow/.local/lib/python3.12/site-packages/airflow/example_dags/example_setup_teardown_taskflow.py took 0.076 seconds
[2024-11-04T14:46:23.890+0000] {processor.py:186} INFO - Started process (PID=1061) to work on /home/airflow/.local/lib/python3.12/site-packages/airflow/example_dags/example_setup_teardown_taskflow.py
[2024-11-04T14:46:23.892+0000] {processor.py:914} INFO - Processing file /home/airflow/.local/lib/python3.12/site-packages/airflow/example_dags/example_setup_teardown_taskflow.py for tasks to queue
[2024-11-04T14:46:23.894+0000] {logging_mixin.py:190} INFO - [2024-11-04T14:46:23.894+0000] {dagbag.py:588} INFO - Filling up the DagBag from /home/airflow/.local/lib/python3.12/site-packages/airflow/example_dags/example_setup_teardown_taskflow.py
[2024-11-04T14:46:23.903+0000] {processor.py:925} INFO - DAG(s) 'example_setup_teardown_taskflow' retrieved from /home/airflow/.local/lib/python3.12/site-packages/airflow/example_dags/example_setup_teardown_taskflow.py
[2024-11-04T14:46:23.924+0000] {logging_mixin.py:190} INFO - [2024-11-04T14:46:23.924+0000] {dag.py:3239} INFO - Sync 1 DAGs
[2024-11-04T14:46:23.938+0000] {logging_mixin.py:190} INFO - [2024-11-04T14:46:23.938+0000] {dag.py:4180} INFO - Setting next_dagrun for example_setup_teardown_taskflow to None, run_after=None
[2024-11-04T14:46:23.959+0000] {processor.py:208} INFO - Processing /home/airflow/.local/lib/python3.12/site-packages/airflow/example_dags/example_setup_teardown_taskflow.py took 0.074 seconds
[2024-11-04T14:46:54.627+0000] {processor.py:186} INFO - Started process (PID=1347) to work on /home/airflow/.local/lib/python3.12/site-packages/airflow/example_dags/example_setup_teardown_taskflow.py
[2024-11-04T14:46:54.628+0000] {processor.py:914} INFO - Processing file /home/airflow/.local/lib/python3.12/site-packages/airflow/example_dags/example_setup_teardown_taskflow.py for tasks to queue
[2024-11-04T14:46:54.631+0000] {logging_mixin.py:190} INFO - [2024-11-04T14:46:54.630+0000] {dagbag.py:588} INFO - Filling up the DagBag from /home/airflow/.local/lib/python3.12/site-packages/airflow/example_dags/example_setup_teardown_taskflow.py
[2024-11-04T14:46:54.640+0000] {processor.py:925} INFO - DAG(s) 'example_setup_teardown_taskflow' retrieved from /home/airflow/.local/lib/python3.12/site-packages/airflow/example_dags/example_setup_teardown_taskflow.py
[2024-11-04T14:46:54.660+0000] {logging_mixin.py:190} INFO - [2024-11-04T14:46:54.660+0000] {dag.py:3239} INFO - Sync 1 DAGs
[2024-11-04T14:46:54.672+0000] {logging_mixin.py:190} INFO - [2024-11-04T14:46:54.672+0000] {dag.py:4180} INFO - Setting next_dagrun for example_setup_teardown_taskflow to None, run_after=None
[2024-11-04T14:46:54.691+0000] {processor.py:208} INFO - Processing /home/airflow/.local/lib/python3.12/site-packages/airflow/example_dags/example_setup_teardown_taskflow.py took 0.070 seconds
[2024-11-04T14:49:11.706+0000] {processor.py:186} INFO - Started process (PID=196) to work on /home/airflow/.local/lib/python3.12/site-packages/airflow/example_dags/example_setup_teardown_taskflow.py
[2024-11-04T14:49:11.708+0000] {processor.py:914} INFO - Processing file /home/airflow/.local/lib/python3.12/site-packages/airflow/example_dags/example_setup_teardown_taskflow.py for tasks to queue
[2024-11-04T14:49:11.711+0000] {logging_mixin.py:190} INFO - [2024-11-04T14:49:11.711+0000] {dagbag.py:588} INFO - Filling up the DagBag from /home/airflow/.local/lib/python3.12/site-packages/airflow/example_dags/example_setup_teardown_taskflow.py
[2024-11-04T14:49:11.726+0000] {processor.py:925} INFO - DAG(s) 'example_setup_teardown_taskflow' retrieved from /home/airflow/.local/lib/python3.12/site-packages/airflow/example_dags/example_setup_teardown_taskflow.py
[2024-11-04T14:49:11.883+0000] {logging_mixin.py:190} INFO - [2024-11-04T14:49:11.880+0000] {override.py:1900} INFO - Created Permission View: can edit on DAG:example_setup_teardown_taskflow
[2024-11-04T14:49:11.899+0000] {logging_mixin.py:190} INFO - [2024-11-04T14:49:11.898+0000] {override.py:1900} INFO - Created Permission View: can delete on DAG:example_setup_teardown_taskflow
[2024-11-04T14:49:11.912+0000] {logging_mixin.py:190} INFO - [2024-11-04T14:49:11.911+0000] {override.py:1900} INFO - Created Permission View: can read on DAG:example_setup_teardown_taskflow
[2024-11-04T14:49:11.926+0000] {logging_mixin.py:190} INFO - [2024-11-04T14:49:11.926+0000] {override.py:1900} INFO - Created Permission View: can create on DAG Run:example_setup_teardown_taskflow
[2024-11-04T14:49:11.938+0000] {logging_mixin.py:190} INFO - [2024-11-04T14:49:11.937+0000] {override.py:1900} INFO - Created Permission View: can read on DAG Run:example_setup_teardown_taskflow
[2024-11-04T14:49:11.949+0000] {logging_mixin.py:190} INFO - [2024-11-04T14:49:11.949+0000] {override.py:1900} INFO - Created Permission View: can delete on DAG Run:example_setup_teardown_taskflow
[2024-11-04T14:49:11.960+0000] {logging_mixin.py:190} INFO - [2024-11-04T14:49:11.960+0000] {override.py:1900} INFO - Created Permission View: menu access on DAG Run:example_setup_teardown_taskflow
[2024-11-04T14:49:11.962+0000] {logging_mixin.py:190} INFO - [2024-11-04T14:49:11.961+0000] {dag.py:3239} INFO - Sync 1 DAGs
[2024-11-04T14:49:11.981+0000] {logging_mixin.py:190} INFO - [2024-11-04T14:49:11.980+0000] {dag.py:3262} INFO - Creating ORM DAG for example_setup_teardown_taskflow
[2024-11-04T14:49:11.982+0000] {logging_mixin.py:190} INFO - [2024-11-04T14:49:11.982+0000] {dag.py:4180} INFO - Setting next_dagrun for example_setup_teardown_taskflow to None, run_after=None
[2024-11-04T14:49:12.009+0000] {processor.py:208} INFO - Processing /home/airflow/.local/lib/python3.12/site-packages/airflow/example_dags/example_setup_teardown_taskflow.py took 0.310 seconds
