[2024-11-04T14:33:58.464+0000] {processor.py:186} INFO - Started process (PID=213) to work on /home/airflow/.local/lib/python3.12/site-packages/airflow/example_dags/example_task_group.py
[2024-11-04T14:33:58.466+0000] {processor.py:914} INFO - Processing file /home/airflow/.local/lib/python3.12/site-packages/airflow/example_dags/example_task_group.py for tasks to queue
[2024-11-04T14:33:58.471+0000] {logging_mixin.py:190} INFO - [2024-11-04T14:33:58.470+0000] {dagbag.py:588} INFO - Filling up the DagBag from /home/airflow/.local/lib/python3.12/site-packages/airflow/example_dags/example_task_group.py
[2024-11-04T14:33:58.489+0000] {processor.py:925} INFO - DAG(s) 'example_task_group' retrieved from /home/airflow/.local/lib/python3.12/site-packages/airflow/example_dags/example_task_group.py
[2024-11-04T14:33:58.697+0000] {logging_mixin.py:190} INFO - [2024-11-04T14:33:58.693+0000] {override.py:1900} INFO - Created Permission View: can edit on DAG:example_task_group
[2024-11-04T14:33:58.721+0000] {logging_mixin.py:190} INFO - [2024-11-04T14:33:58.720+0000] {override.py:1900} INFO - Created Permission View: can read on DAG:example_task_group
[2024-11-04T14:33:58.737+0000] {logging_mixin.py:190} INFO - [2024-11-04T14:33:58.736+0000] {override.py:1900} INFO - Created Permission View: can delete on DAG:example_task_group
[2024-11-04T14:33:58.756+0000] {logging_mixin.py:190} INFO - [2024-11-04T14:33:58.756+0000] {override.py:1900} INFO - Created Permission View: can read on DAG Run:example_task_group
[2024-11-04T14:33:58.771+0000] {logging_mixin.py:190} INFO - [2024-11-04T14:33:58.771+0000] {override.py:1900} INFO - Created Permission View: can delete on DAG Run:example_task_group
[2024-11-04T14:33:58.787+0000] {logging_mixin.py:190} INFO - [2024-11-04T14:33:58.786+0000] {override.py:1900} INFO - Created Permission View: menu access on DAG Run:example_task_group
[2024-11-04T14:33:58.809+0000] {logging_mixin.py:190} INFO - [2024-11-04T14:33:58.808+0000] {override.py:1900} INFO - Created Permission View: can create on DAG Run:example_task_group
[2024-11-04T14:33:58.812+0000] {logging_mixin.py:190} INFO - [2024-11-04T14:33:58.811+0000] {dag.py:3239} INFO - Sync 1 DAGs
[2024-11-04T14:33:58.848+0000] {logging_mixin.py:190} INFO - [2024-11-04T14:33:58.848+0000] {dag.py:3262} INFO - Creating ORM DAG for example_task_group
[2024-11-04T14:33:58.851+0000] {logging_mixin.py:190} INFO - [2024-11-04T14:33:58.851+0000] {dag.py:4180} INFO - Setting next_dagrun for example_task_group to None, run_after=None
[2024-11-04T14:33:58.891+0000] {processor.py:208} INFO - Processing /home/airflow/.local/lib/python3.12/site-packages/airflow/example_dags/example_task_group.py took 0.441 seconds
[2024-11-04T14:34:28.996+0000] {processor.py:186} INFO - Started process (PID=501) to work on /home/airflow/.local/lib/python3.12/site-packages/airflow/example_dags/example_task_group.py
[2024-11-04T14:34:29.025+0000] {processor.py:914} INFO - Processing file /home/airflow/.local/lib/python3.12/site-packages/airflow/example_dags/example_task_group.py for tasks to queue
[2024-11-04T14:34:29.042+0000] {logging_mixin.py:190} INFO - [2024-11-04T14:34:29.041+0000] {dagbag.py:588} INFO - Filling up the DagBag from /home/airflow/.local/lib/python3.12/site-packages/airflow/example_dags/example_task_group.py
[2024-11-04T14:34:29.058+0000] {processor.py:925} INFO - DAG(s) 'example_task_group' retrieved from /home/airflow/.local/lib/python3.12/site-packages/airflow/example_dags/example_task_group.py
[2024-11-04T14:34:29.082+0000] {logging_mixin.py:190} INFO - [2024-11-04T14:34:29.082+0000] {dag.py:3239} INFO - Sync 1 DAGs
[2024-11-04T14:34:29.101+0000] {logging_mixin.py:190} INFO - [2024-11-04T14:34:29.100+0000] {dag.py:4180} INFO - Setting next_dagrun for example_task_group to None, run_after=None
[2024-11-04T14:34:29.133+0000] {processor.py:208} INFO - Processing /home/airflow/.local/lib/python3.12/site-packages/airflow/example_dags/example_task_group.py took 0.155 seconds
[2024-11-04T14:34:59.292+0000] {processor.py:186} INFO - Started process (PID=788) to work on /home/airflow/.local/lib/python3.12/site-packages/airflow/example_dags/example_task_group.py
[2024-11-04T14:34:59.293+0000] {processor.py:914} INFO - Processing file /home/airflow/.local/lib/python3.12/site-packages/airflow/example_dags/example_task_group.py for tasks to queue
[2024-11-04T14:34:59.298+0000] {logging_mixin.py:190} INFO - [2024-11-04T14:34:59.297+0000] {dagbag.py:588} INFO - Filling up the DagBag from /home/airflow/.local/lib/python3.12/site-packages/airflow/example_dags/example_task_group.py
[2024-11-04T14:34:59.308+0000] {processor.py:925} INFO - DAG(s) 'example_task_group' retrieved from /home/airflow/.local/lib/python3.12/site-packages/airflow/example_dags/example_task_group.py
[2024-11-04T14:34:59.334+0000] {logging_mixin.py:190} INFO - [2024-11-04T14:34:59.333+0000] {dag.py:3239} INFO - Sync 1 DAGs
[2024-11-04T14:34:59.351+0000] {logging_mixin.py:190} INFO - [2024-11-04T14:34:59.350+0000] {dag.py:4180} INFO - Setting next_dagrun for example_task_group to None, run_after=None
[2024-11-04T14:34:59.369+0000] {processor.py:208} INFO - Processing /home/airflow/.local/lib/python3.12/site-packages/airflow/example_dags/example_task_group.py took 0.083 seconds
[2024-11-04T14:36:25.270+0000] {processor.py:186} INFO - Started process (PID=214) to work on /home/airflow/.local/lib/python3.12/site-packages/airflow/example_dags/example_task_group.py
[2024-11-04T14:36:25.273+0000] {processor.py:914} INFO - Processing file /home/airflow/.local/lib/python3.12/site-packages/airflow/example_dags/example_task_group.py for tasks to queue
[2024-11-04T14:36:25.278+0000] {logging_mixin.py:190} INFO - [2024-11-04T14:36:25.277+0000] {dagbag.py:588} INFO - Filling up the DagBag from /home/airflow/.local/lib/python3.12/site-packages/airflow/example_dags/example_task_group.py
[2024-11-04T14:36:25.300+0000] {processor.py:925} INFO - DAG(s) 'example_task_group' retrieved from /home/airflow/.local/lib/python3.12/site-packages/airflow/example_dags/example_task_group.py
[2024-11-04T14:36:25.534+0000] {logging_mixin.py:190} INFO - [2024-11-04T14:36:25.529+0000] {override.py:1900} INFO - Created Permission View: can delete on DAG:example_task_group
[2024-11-04T14:36:25.559+0000] {logging_mixin.py:190} INFO - [2024-11-04T14:36:25.559+0000] {override.py:1900} INFO - Created Permission View: can read on DAG:example_task_group
[2024-11-04T14:36:25.573+0000] {logging_mixin.py:190} INFO - [2024-11-04T14:36:25.572+0000] {override.py:1900} INFO - Created Permission View: can edit on DAG:example_task_group
[2024-11-04T14:36:25.588+0000] {logging_mixin.py:190} INFO - [2024-11-04T14:36:25.588+0000] {override.py:1900} INFO - Created Permission View: can create on DAG Run:example_task_group
[2024-11-04T14:36:25.603+0000] {logging_mixin.py:190} INFO - [2024-11-04T14:36:25.602+0000] {override.py:1900} INFO - Created Permission View: can delete on DAG Run:example_task_group
[2024-11-04T14:36:25.617+0000] {logging_mixin.py:190} INFO - [2024-11-04T14:36:25.616+0000] {override.py:1900} INFO - Created Permission View: can read on DAG Run:example_task_group
[2024-11-04T14:36:25.632+0000] {logging_mixin.py:190} INFO - [2024-11-04T14:36:25.631+0000] {override.py:1900} INFO - Created Permission View: menu access on DAG Run:example_task_group
[2024-11-04T14:36:25.633+0000] {logging_mixin.py:190} INFO - [2024-11-04T14:36:25.633+0000] {dag.py:3239} INFO - Sync 1 DAGs
[2024-11-04T14:36:25.655+0000] {logging_mixin.py:190} INFO - [2024-11-04T14:36:25.655+0000] {dag.py:3262} INFO - Creating ORM DAG for example_task_group
[2024-11-04T14:36:25.657+0000] {logging_mixin.py:190} INFO - [2024-11-04T14:36:25.657+0000] {dag.py:4180} INFO - Setting next_dagrun for example_task_group to None, run_after=None
[2024-11-04T14:36:25.689+0000] {processor.py:208} INFO - Processing /home/airflow/.local/lib/python3.12/site-packages/airflow/example_dags/example_task_group.py took 0.433 seconds
[2024-11-04T14:36:55.953+0000] {processor.py:186} INFO - Started process (PID=500) to work on /home/airflow/.local/lib/python3.12/site-packages/airflow/example_dags/example_task_group.py
[2024-11-04T14:36:55.954+0000] {processor.py:914} INFO - Processing file /home/airflow/.local/lib/python3.12/site-packages/airflow/example_dags/example_task_group.py for tasks to queue
[2024-11-04T14:36:55.957+0000] {logging_mixin.py:190} INFO - [2024-11-04T14:36:55.957+0000] {dagbag.py:588} INFO - Filling up the DagBag from /home/airflow/.local/lib/python3.12/site-packages/airflow/example_dags/example_task_group.py
[2024-11-04T14:36:55.969+0000] {processor.py:925} INFO - DAG(s) 'example_task_group' retrieved from /home/airflow/.local/lib/python3.12/site-packages/airflow/example_dags/example_task_group.py
[2024-11-04T14:36:55.990+0000] {logging_mixin.py:190} INFO - [2024-11-04T14:36:55.989+0000] {dag.py:3239} INFO - Sync 1 DAGs
[2024-11-04T14:36:56.003+0000] {logging_mixin.py:190} INFO - [2024-11-04T14:36:56.002+0000] {dag.py:4180} INFO - Setting next_dagrun for example_task_group to None, run_after=None
[2024-11-04T14:36:56.021+0000] {processor.py:208} INFO - Processing /home/airflow/.local/lib/python3.12/site-packages/airflow/example_dags/example_task_group.py took 0.074 seconds
[2024-11-04T14:37:26.557+0000] {processor.py:186} INFO - Started process (PID=786) to work on /home/airflow/.local/lib/python3.12/site-packages/airflow/example_dags/example_task_group.py
[2024-11-04T14:37:26.559+0000] {processor.py:914} INFO - Processing file /home/airflow/.local/lib/python3.12/site-packages/airflow/example_dags/example_task_group.py for tasks to queue
[2024-11-04T14:37:26.562+0000] {logging_mixin.py:190} INFO - [2024-11-04T14:37:26.562+0000] {dagbag.py:588} INFO - Filling up the DagBag from /home/airflow/.local/lib/python3.12/site-packages/airflow/example_dags/example_task_group.py
[2024-11-04T14:37:26.574+0000] {processor.py:925} INFO - DAG(s) 'example_task_group' retrieved from /home/airflow/.local/lib/python3.12/site-packages/airflow/example_dags/example_task_group.py
[2024-11-04T14:37:26.608+0000] {logging_mixin.py:190} INFO - [2024-11-04T14:37:26.608+0000] {dag.py:3239} INFO - Sync 1 DAGs
[2024-11-04T14:37:26.630+0000] {logging_mixin.py:190} INFO - [2024-11-04T14:37:26.629+0000] {dag.py:4180} INFO - Setting next_dagrun for example_task_group to None, run_after=None
[2024-11-04T14:37:26.664+0000] {processor.py:208} INFO - Processing /home/airflow/.local/lib/python3.12/site-packages/airflow/example_dags/example_task_group.py took 0.116 seconds
[2024-11-04T14:37:57.728+0000] {processor.py:186} INFO - Started process (PID=1072) to work on /home/airflow/.local/lib/python3.12/site-packages/airflow/example_dags/example_task_group.py
[2024-11-04T14:37:57.733+0000] {processor.py:914} INFO - Processing file /home/airflow/.local/lib/python3.12/site-packages/airflow/example_dags/example_task_group.py for tasks to queue
[2024-11-04T14:37:57.738+0000] {logging_mixin.py:190} INFO - [2024-11-04T14:37:57.737+0000] {dagbag.py:588} INFO - Filling up the DagBag from /home/airflow/.local/lib/python3.12/site-packages/airflow/example_dags/example_task_group.py
[2024-11-04T14:37:57.752+0000] {processor.py:925} INFO - DAG(s) 'example_task_group' retrieved from /home/airflow/.local/lib/python3.12/site-packages/airflow/example_dags/example_task_group.py
[2024-11-04T14:37:57.889+0000] {logging_mixin.py:190} INFO - [2024-11-04T14:37:57.888+0000] {dag.py:3239} INFO - Sync 1 DAGs
[2024-11-04T14:37:57.946+0000] {logging_mixin.py:190} INFO - [2024-11-04T14:37:57.946+0000] {dag.py:4180} INFO - Setting next_dagrun for example_task_group to None, run_after=None
[2024-11-04T14:37:57.987+0000] {processor.py:208} INFO - Processing /home/airflow/.local/lib/python3.12/site-packages/airflow/example_dags/example_task_group.py took 0.277 seconds
[2024-11-04T14:38:28.224+0000] {processor.py:186} INFO - Started process (PID=1358) to work on /home/airflow/.local/lib/python3.12/site-packages/airflow/example_dags/example_task_group.py
[2024-11-04T14:38:28.226+0000] {processor.py:914} INFO - Processing file /home/airflow/.local/lib/python3.12/site-packages/airflow/example_dags/example_task_group.py for tasks to queue
[2024-11-04T14:38:28.228+0000] {logging_mixin.py:190} INFO - [2024-11-04T14:38:28.228+0000] {dagbag.py:588} INFO - Filling up the DagBag from /home/airflow/.local/lib/python3.12/site-packages/airflow/example_dags/example_task_group.py
[2024-11-04T14:38:28.236+0000] {processor.py:925} INFO - DAG(s) 'example_task_group' retrieved from /home/airflow/.local/lib/python3.12/site-packages/airflow/example_dags/example_task_group.py
[2024-11-04T14:38:28.257+0000] {logging_mixin.py:190} INFO - [2024-11-04T14:38:28.257+0000] {dag.py:3239} INFO - Sync 1 DAGs
[2024-11-04T14:38:28.270+0000] {logging_mixin.py:190} INFO - [2024-11-04T14:38:28.269+0000] {dag.py:4180} INFO - Setting next_dagrun for example_task_group to None, run_after=None
[2024-11-04T14:38:28.289+0000] {processor.py:208} INFO - Processing /home/airflow/.local/lib/python3.12/site-packages/airflow/example_dags/example_task_group.py took 0.070 seconds
[2024-11-04T14:38:58.742+0000] {processor.py:186} INFO - Started process (PID=1645) to work on /home/airflow/.local/lib/python3.12/site-packages/airflow/example_dags/example_task_group.py
[2024-11-04T14:38:58.744+0000] {processor.py:914} INFO - Processing file /home/airflow/.local/lib/python3.12/site-packages/airflow/example_dags/example_task_group.py for tasks to queue
[2024-11-04T14:38:58.747+0000] {logging_mixin.py:190} INFO - [2024-11-04T14:38:58.747+0000] {dagbag.py:588} INFO - Filling up the DagBag from /home/airflow/.local/lib/python3.12/site-packages/airflow/example_dags/example_task_group.py
[2024-11-04T14:38:58.755+0000] {processor.py:925} INFO - DAG(s) 'example_task_group' retrieved from /home/airflow/.local/lib/python3.12/site-packages/airflow/example_dags/example_task_group.py
[2024-11-04T14:38:58.779+0000] {logging_mixin.py:190} INFO - [2024-11-04T14:38:58.778+0000] {dag.py:3239} INFO - Sync 1 DAGs
[2024-11-04T14:38:58.797+0000] {logging_mixin.py:190} INFO - [2024-11-04T14:38:58.796+0000] {dag.py:4180} INFO - Setting next_dagrun for example_task_group to None, run_after=None
[2024-11-04T14:38:58.820+0000] {processor.py:208} INFO - Processing /home/airflow/.local/lib/python3.12/site-packages/airflow/example_dags/example_task_group.py took 0.084 seconds
[2024-11-04T14:39:29.636+0000] {processor.py:186} INFO - Started process (PID=1931) to work on /home/airflow/.local/lib/python3.12/site-packages/airflow/example_dags/example_task_group.py
[2024-11-04T14:39:29.638+0000] {processor.py:914} INFO - Processing file /home/airflow/.local/lib/python3.12/site-packages/airflow/example_dags/example_task_group.py for tasks to queue
[2024-11-04T14:39:29.641+0000] {logging_mixin.py:190} INFO - [2024-11-04T14:39:29.641+0000] {dagbag.py:588} INFO - Filling up the DagBag from /home/airflow/.local/lib/python3.12/site-packages/airflow/example_dags/example_task_group.py
[2024-11-04T14:39:29.649+0000] {processor.py:925} INFO - DAG(s) 'example_task_group' retrieved from /home/airflow/.local/lib/python3.12/site-packages/airflow/example_dags/example_task_group.py
[2024-11-04T14:39:29.670+0000] {logging_mixin.py:190} INFO - [2024-11-04T14:39:29.670+0000] {dag.py:3239} INFO - Sync 1 DAGs
[2024-11-04T14:39:29.682+0000] {logging_mixin.py:190} INFO - [2024-11-04T14:39:29.682+0000] {dag.py:4180} INFO - Setting next_dagrun for example_task_group to None, run_after=None
[2024-11-04T14:39:29.703+0000] {processor.py:208} INFO - Processing /home/airflow/.local/lib/python3.12/site-packages/airflow/example_dags/example_task_group.py took 0.073 seconds
[2024-11-04T14:40:00.489+0000] {processor.py:186} INFO - Started process (PID=2223) to work on /home/airflow/.local/lib/python3.12/site-packages/airflow/example_dags/example_task_group.py
[2024-11-04T14:40:00.490+0000] {processor.py:914} INFO - Processing file /home/airflow/.local/lib/python3.12/site-packages/airflow/example_dags/example_task_group.py for tasks to queue
[2024-11-04T14:40:00.493+0000] {logging_mixin.py:190} INFO - [2024-11-04T14:40:00.493+0000] {dagbag.py:588} INFO - Filling up the DagBag from /home/airflow/.local/lib/python3.12/site-packages/airflow/example_dags/example_task_group.py
[2024-11-04T14:40:00.502+0000] {processor.py:925} INFO - DAG(s) 'example_task_group' retrieved from /home/airflow/.local/lib/python3.12/site-packages/airflow/example_dags/example_task_group.py
[2024-11-04T14:40:00.527+0000] {logging_mixin.py:190} INFO - [2024-11-04T14:40:00.526+0000] {dag.py:3239} INFO - Sync 1 DAGs
[2024-11-04T14:40:00.543+0000] {logging_mixin.py:190} INFO - [2024-11-04T14:40:00.543+0000] {dag.py:4180} INFO - Setting next_dagrun for example_task_group to None, run_after=None
[2024-11-04T14:40:00.570+0000] {processor.py:208} INFO - Processing /home/airflow/.local/lib/python3.12/site-packages/airflow/example_dags/example_task_group.py took 0.089 seconds
[2024-11-04T14:40:31.018+0000] {processor.py:186} INFO - Started process (PID=2509) to work on /home/airflow/.local/lib/python3.12/site-packages/airflow/example_dags/example_task_group.py
[2024-11-04T14:40:31.020+0000] {processor.py:914} INFO - Processing file /home/airflow/.local/lib/python3.12/site-packages/airflow/example_dags/example_task_group.py for tasks to queue
[2024-11-04T14:40:31.024+0000] {logging_mixin.py:190} INFO - [2024-11-04T14:40:31.023+0000] {dagbag.py:588} INFO - Filling up the DagBag from /home/airflow/.local/lib/python3.12/site-packages/airflow/example_dags/example_task_group.py
[2024-11-04T14:40:31.033+0000] {processor.py:925} INFO - DAG(s) 'example_task_group' retrieved from /home/airflow/.local/lib/python3.12/site-packages/airflow/example_dags/example_task_group.py
[2024-11-04T14:40:31.061+0000] {logging_mixin.py:190} INFO - [2024-11-04T14:40:31.061+0000] {dag.py:3239} INFO - Sync 1 DAGs
[2024-11-04T14:40:31.076+0000] {logging_mixin.py:190} INFO - [2024-11-04T14:40:31.076+0000] {dag.py:4180} INFO - Setting next_dagrun for example_task_group to None, run_after=None
[2024-11-04T14:40:31.099+0000] {processor.py:208} INFO - Processing /home/airflow/.local/lib/python3.12/site-packages/airflow/example_dags/example_task_group.py took 0.089 seconds
[2024-11-04T14:41:01.886+0000] {processor.py:186} INFO - Started process (PID=2795) to work on /home/airflow/.local/lib/python3.12/site-packages/airflow/example_dags/example_task_group.py
[2024-11-04T14:41:01.892+0000] {processor.py:914} INFO - Processing file /home/airflow/.local/lib/python3.12/site-packages/airflow/example_dags/example_task_group.py for tasks to queue
[2024-11-04T14:41:01.916+0000] {logging_mixin.py:190} INFO - [2024-11-04T14:41:01.913+0000] {dagbag.py:588} INFO - Filling up the DagBag from /home/airflow/.local/lib/python3.12/site-packages/airflow/example_dags/example_task_group.py
[2024-11-04T14:41:01.952+0000] {processor.py:925} INFO - DAG(s) 'example_task_group' retrieved from /home/airflow/.local/lib/python3.12/site-packages/airflow/example_dags/example_task_group.py
[2024-11-04T14:41:02.008+0000] {logging_mixin.py:190} INFO - [2024-11-04T14:41:02.006+0000] {dag.py:3239} INFO - Sync 1 DAGs
[2024-11-04T14:41:02.112+0000] {logging_mixin.py:190} INFO - [2024-11-04T14:41:02.106+0000] {dag.py:4180} INFO - Setting next_dagrun for example_task_group to None, run_after=None
[2024-11-04T14:41:02.383+0000] {processor.py:208} INFO - Processing /home/airflow/.local/lib/python3.12/site-packages/airflow/example_dags/example_task_group.py took 0.532 seconds
[2024-11-04T14:41:32.885+0000] {processor.py:186} INFO - Started process (PID=3081) to work on /home/airflow/.local/lib/python3.12/site-packages/airflow/example_dags/example_task_group.py
[2024-11-04T14:41:32.888+0000] {processor.py:914} INFO - Processing file /home/airflow/.local/lib/python3.12/site-packages/airflow/example_dags/example_task_group.py for tasks to queue
[2024-11-04T14:41:32.890+0000] {logging_mixin.py:190} INFO - [2024-11-04T14:41:32.890+0000] {dagbag.py:588} INFO - Filling up the DagBag from /home/airflow/.local/lib/python3.12/site-packages/airflow/example_dags/example_task_group.py
[2024-11-04T14:41:32.904+0000] {processor.py:925} INFO - DAG(s) 'example_task_group' retrieved from /home/airflow/.local/lib/python3.12/site-packages/airflow/example_dags/example_task_group.py
[2024-11-04T14:41:32.933+0000] {logging_mixin.py:190} INFO - [2024-11-04T14:41:32.933+0000] {dag.py:3239} INFO - Sync 1 DAGs
[2024-11-04T14:41:32.951+0000] {logging_mixin.py:190} INFO - [2024-11-04T14:41:32.951+0000] {dag.py:4180} INFO - Setting next_dagrun for example_task_group to None, run_after=None
[2024-11-04T14:41:32.973+0000] {processor.py:208} INFO - Processing /home/airflow/.local/lib/python3.12/site-packages/airflow/example_dags/example_task_group.py took 0.093 seconds
[2024-11-04T14:42:03.292+0000] {processor.py:186} INFO - Started process (PID=3367) to work on /home/airflow/.local/lib/python3.12/site-packages/airflow/example_dags/example_task_group.py
[2024-11-04T14:42:03.293+0000] {processor.py:914} INFO - Processing file /home/airflow/.local/lib/python3.12/site-packages/airflow/example_dags/example_task_group.py for tasks to queue
[2024-11-04T14:42:03.295+0000] {logging_mixin.py:190} INFO - [2024-11-04T14:42:03.295+0000] {dagbag.py:588} INFO - Filling up the DagBag from /home/airflow/.local/lib/python3.12/site-packages/airflow/example_dags/example_task_group.py
[2024-11-04T14:42:03.303+0000] {processor.py:925} INFO - DAG(s) 'example_task_group' retrieved from /home/airflow/.local/lib/python3.12/site-packages/airflow/example_dags/example_task_group.py
[2024-11-04T14:42:03.327+0000] {logging_mixin.py:190} INFO - [2024-11-04T14:42:03.327+0000] {dag.py:3239} INFO - Sync 1 DAGs
[2024-11-04T14:42:03.341+0000] {logging_mixin.py:190} INFO - [2024-11-04T14:42:03.341+0000] {dag.py:4180} INFO - Setting next_dagrun for example_task_group to None, run_after=None
[2024-11-04T14:42:03.361+0000] {processor.py:208} INFO - Processing /home/airflow/.local/lib/python3.12/site-packages/airflow/example_dags/example_task_group.py took 0.075 seconds
[2024-11-04T14:42:34.048+0000] {processor.py:186} INFO - Started process (PID=3652) to work on /home/airflow/.local/lib/python3.12/site-packages/airflow/example_dags/example_task_group.py
[2024-11-04T14:42:34.050+0000] {processor.py:914} INFO - Processing file /home/airflow/.local/lib/python3.12/site-packages/airflow/example_dags/example_task_group.py for tasks to queue
[2024-11-04T14:42:34.052+0000] {logging_mixin.py:190} INFO - [2024-11-04T14:42:34.052+0000] {dagbag.py:588} INFO - Filling up the DagBag from /home/airflow/.local/lib/python3.12/site-packages/airflow/example_dags/example_task_group.py
[2024-11-04T14:42:34.060+0000] {processor.py:925} INFO - DAG(s) 'example_task_group' retrieved from /home/airflow/.local/lib/python3.12/site-packages/airflow/example_dags/example_task_group.py
[2024-11-04T14:42:34.085+0000] {logging_mixin.py:190} INFO - [2024-11-04T14:42:34.084+0000] {dag.py:3239} INFO - Sync 1 DAGs
[2024-11-04T14:42:34.099+0000] {logging_mixin.py:190} INFO - [2024-11-04T14:42:34.099+0000] {dag.py:4180} INFO - Setting next_dagrun for example_task_group to None, run_after=None
[2024-11-04T14:42:34.122+0000] {processor.py:208} INFO - Processing /home/airflow/.local/lib/python3.12/site-packages/airflow/example_dags/example_task_group.py took 0.080 seconds
[2024-11-04T14:43:04.639+0000] {processor.py:186} INFO - Started process (PID=3938) to work on /home/airflow/.local/lib/python3.12/site-packages/airflow/example_dags/example_task_group.py
[2024-11-04T14:43:04.640+0000] {processor.py:914} INFO - Processing file /home/airflow/.local/lib/python3.12/site-packages/airflow/example_dags/example_task_group.py for tasks to queue
[2024-11-04T14:43:04.643+0000] {logging_mixin.py:190} INFO - [2024-11-04T14:43:04.642+0000] {dagbag.py:588} INFO - Filling up the DagBag from /home/airflow/.local/lib/python3.12/site-packages/airflow/example_dags/example_task_group.py
[2024-11-04T14:43:04.650+0000] {processor.py:925} INFO - DAG(s) 'example_task_group' retrieved from /home/airflow/.local/lib/python3.12/site-packages/airflow/example_dags/example_task_group.py
[2024-11-04T14:43:04.673+0000] {logging_mixin.py:190} INFO - [2024-11-04T14:43:04.672+0000] {dag.py:3239} INFO - Sync 1 DAGs
[2024-11-04T14:43:04.686+0000] {logging_mixin.py:190} INFO - [2024-11-04T14:43:04.685+0000] {dag.py:4180} INFO - Setting next_dagrun for example_task_group to None, run_after=None
[2024-11-04T14:43:04.707+0000] {processor.py:208} INFO - Processing /home/airflow/.local/lib/python3.12/site-packages/airflow/example_dags/example_task_group.py took 0.073 seconds
[2024-11-04T14:44:52.887+0000] {processor.py:186} INFO - Started process (PID=221) to work on /home/airflow/.local/lib/python3.12/site-packages/airflow/example_dags/example_task_group.py
[2024-11-04T14:44:52.889+0000] {processor.py:914} INFO - Processing file /home/airflow/.local/lib/python3.12/site-packages/airflow/example_dags/example_task_group.py for tasks to queue
[2024-11-04T14:44:52.895+0000] {logging_mixin.py:190} INFO - [2024-11-04T14:44:52.894+0000] {dagbag.py:588} INFO - Filling up the DagBag from /home/airflow/.local/lib/python3.12/site-packages/airflow/example_dags/example_task_group.py
[2024-11-04T14:44:52.918+0000] {processor.py:925} INFO - DAG(s) 'example_task_group' retrieved from /home/airflow/.local/lib/python3.12/site-packages/airflow/example_dags/example_task_group.py
[2024-11-04T14:44:53.162+0000] {logging_mixin.py:190} INFO - [2024-11-04T14:44:53.158+0000] {override.py:1900} INFO - Created Permission View: can delete on DAG:example_task_group
[2024-11-04T14:44:53.186+0000] {logging_mixin.py:190} INFO - [2024-11-04T14:44:53.185+0000] {override.py:1900} INFO - Created Permission View: can read on DAG:example_task_group
[2024-11-04T14:44:53.201+0000] {logging_mixin.py:190} INFO - [2024-11-04T14:44:53.201+0000] {override.py:1900} INFO - Created Permission View: can edit on DAG:example_task_group
[2024-11-04T14:44:53.220+0000] {logging_mixin.py:190} INFO - [2024-11-04T14:44:53.219+0000] {override.py:1900} INFO - Created Permission View: can create on DAG Run:example_task_group
[2024-11-04T14:44:53.235+0000] {logging_mixin.py:190} INFO - [2024-11-04T14:44:53.235+0000] {override.py:1900} INFO - Created Permission View: can delete on DAG Run:example_task_group
[2024-11-04T14:44:53.250+0000] {logging_mixin.py:190} INFO - [2024-11-04T14:44:53.249+0000] {override.py:1900} INFO - Created Permission View: menu access on DAG Run:example_task_group
[2024-11-04T14:44:53.264+0000] {logging_mixin.py:190} INFO - [2024-11-04T14:44:53.263+0000] {override.py:1900} INFO - Created Permission View: can read on DAG Run:example_task_group
[2024-11-04T14:44:53.265+0000] {logging_mixin.py:190} INFO - [2024-11-04T14:44:53.265+0000] {dag.py:3239} INFO - Sync 1 DAGs
[2024-11-04T14:44:53.287+0000] {logging_mixin.py:190} INFO - [2024-11-04T14:44:53.286+0000] {dag.py:3262} INFO - Creating ORM DAG for example_task_group
[2024-11-04T14:44:53.288+0000] {logging_mixin.py:190} INFO - [2024-11-04T14:44:53.288+0000] {dag.py:4180} INFO - Setting next_dagrun for example_task_group to None, run_after=None
[2024-11-04T14:44:53.319+0000] {processor.py:208} INFO - Processing /home/airflow/.local/lib/python3.12/site-packages/airflow/example_dags/example_task_group.py took 0.449 seconds
[2024-11-04T14:45:23.602+0000] {processor.py:186} INFO - Started process (PID=507) to work on /home/airflow/.local/lib/python3.12/site-packages/airflow/example_dags/example_task_group.py
[2024-11-04T14:45:23.604+0000] {processor.py:914} INFO - Processing file /home/airflow/.local/lib/python3.12/site-packages/airflow/example_dags/example_task_group.py for tasks to queue
[2024-11-04T14:45:23.607+0000] {logging_mixin.py:190} INFO - [2024-11-04T14:45:23.606+0000] {dagbag.py:588} INFO - Filling up the DagBag from /home/airflow/.local/lib/python3.12/site-packages/airflow/example_dags/example_task_group.py
[2024-11-04T14:45:23.618+0000] {processor.py:925} INFO - DAG(s) 'example_task_group' retrieved from /home/airflow/.local/lib/python3.12/site-packages/airflow/example_dags/example_task_group.py
[2024-11-04T14:45:23.646+0000] {logging_mixin.py:190} INFO - [2024-11-04T14:45:23.646+0000] {dag.py:3239} INFO - Sync 1 DAGs
[2024-11-04T14:45:23.663+0000] {logging_mixin.py:190} INFO - [2024-11-04T14:45:23.663+0000] {dag.py:4180} INFO - Setting next_dagrun for example_task_group to None, run_after=None
[2024-11-04T14:45:23.687+0000] {processor.py:208} INFO - Processing /home/airflow/.local/lib/python3.12/site-packages/airflow/example_dags/example_task_group.py took 0.092 seconds
[2024-11-04T14:45:54.047+0000] {processor.py:186} INFO - Started process (PID=793) to work on /home/airflow/.local/lib/python3.12/site-packages/airflow/example_dags/example_task_group.py
[2024-11-04T14:45:54.048+0000] {processor.py:914} INFO - Processing file /home/airflow/.local/lib/python3.12/site-packages/airflow/example_dags/example_task_group.py for tasks to queue
[2024-11-04T14:45:54.051+0000] {logging_mixin.py:190} INFO - [2024-11-04T14:45:54.051+0000] {dagbag.py:588} INFO - Filling up the DagBag from /home/airflow/.local/lib/python3.12/site-packages/airflow/example_dags/example_task_group.py
[2024-11-04T14:45:54.059+0000] {processor.py:925} INFO - DAG(s) 'example_task_group' retrieved from /home/airflow/.local/lib/python3.12/site-packages/airflow/example_dags/example_task_group.py
[2024-11-04T14:45:54.082+0000] {logging_mixin.py:190} INFO - [2024-11-04T14:45:54.082+0000] {dag.py:3239} INFO - Sync 1 DAGs
[2024-11-04T14:45:54.094+0000] {logging_mixin.py:190} INFO - [2024-11-04T14:45:54.094+0000] {dag.py:4180} INFO - Setting next_dagrun for example_task_group to None, run_after=None
[2024-11-04T14:45:54.116+0000] {processor.py:208} INFO - Processing /home/airflow/.local/lib/python3.12/site-packages/airflow/example_dags/example_task_group.py took 0.074 seconds
[2024-11-04T14:46:24.309+0000] {processor.py:186} INFO - Started process (PID=1079) to work on /home/airflow/.local/lib/python3.12/site-packages/airflow/example_dags/example_task_group.py
[2024-11-04T14:46:24.310+0000] {processor.py:914} INFO - Processing file /home/airflow/.local/lib/python3.12/site-packages/airflow/example_dags/example_task_group.py for tasks to queue
[2024-11-04T14:46:24.314+0000] {logging_mixin.py:190} INFO - [2024-11-04T14:46:24.313+0000] {dagbag.py:588} INFO - Filling up the DagBag from /home/airflow/.local/lib/python3.12/site-packages/airflow/example_dags/example_task_group.py
[2024-11-04T14:46:24.323+0000] {processor.py:925} INFO - DAG(s) 'example_task_group' retrieved from /home/airflow/.local/lib/python3.12/site-packages/airflow/example_dags/example_task_group.py
[2024-11-04T14:46:24.367+0000] {logging_mixin.py:190} INFO - [2024-11-04T14:46:24.367+0000] {dag.py:3239} INFO - Sync 1 DAGs
[2024-11-04T14:46:24.385+0000] {logging_mixin.py:190} INFO - [2024-11-04T14:46:24.385+0000] {dag.py:4180} INFO - Setting next_dagrun for example_task_group to None, run_after=None
[2024-11-04T14:46:24.418+0000] {processor.py:208} INFO - Processing /home/airflow/.local/lib/python3.12/site-packages/airflow/example_dags/example_task_group.py took 0.116 seconds
[2024-11-04T14:46:54.884+0000] {processor.py:186} INFO - Started process (PID=1365) to work on /home/airflow/.local/lib/python3.12/site-packages/airflow/example_dags/example_task_group.py
[2024-11-04T14:46:54.886+0000] {processor.py:914} INFO - Processing file /home/airflow/.local/lib/python3.12/site-packages/airflow/example_dags/example_task_group.py for tasks to queue
[2024-11-04T14:46:54.888+0000] {logging_mixin.py:190} INFO - [2024-11-04T14:46:54.888+0000] {dagbag.py:588} INFO - Filling up the DagBag from /home/airflow/.local/lib/python3.12/site-packages/airflow/example_dags/example_task_group.py
[2024-11-04T14:46:54.896+0000] {processor.py:925} INFO - DAG(s) 'example_task_group' retrieved from /home/airflow/.local/lib/python3.12/site-packages/airflow/example_dags/example_task_group.py
[2024-11-04T14:46:54.918+0000] {logging_mixin.py:190} INFO - [2024-11-04T14:46:54.918+0000] {dag.py:3239} INFO - Sync 1 DAGs
[2024-11-04T14:46:54.931+0000] {logging_mixin.py:190} INFO - [2024-11-04T14:46:54.931+0000] {dag.py:4180} INFO - Setting next_dagrun for example_task_group to None, run_after=None
[2024-11-04T14:46:54.950+0000] {processor.py:208} INFO - Processing /home/airflow/.local/lib/python3.12/site-packages/airflow/example_dags/example_task_group.py took 0.070 seconds
[2024-11-04T14:49:12.546+0000] {processor.py:186} INFO - Started process (PID=214) to work on /home/airflow/.local/lib/python3.12/site-packages/airflow/example_dags/example_task_group.py
[2024-11-04T14:49:12.548+0000] {processor.py:914} INFO - Processing file /home/airflow/.local/lib/python3.12/site-packages/airflow/example_dags/example_task_group.py for tasks to queue
[2024-11-04T14:49:12.554+0000] {logging_mixin.py:190} INFO - [2024-11-04T14:49:12.553+0000] {dagbag.py:588} INFO - Filling up the DagBag from /home/airflow/.local/lib/python3.12/site-packages/airflow/example_dags/example_task_group.py
[2024-11-04T14:49:12.571+0000] {processor.py:925} INFO - DAG(s) 'example_task_group' retrieved from /home/airflow/.local/lib/python3.12/site-packages/airflow/example_dags/example_task_group.py
[2024-11-04T14:49:12.727+0000] {logging_mixin.py:190} INFO - [2024-11-04T14:49:12.725+0000] {override.py:1900} INFO - Created Permission View: can edit on DAG:example_task_group
[2024-11-04T14:49:12.744+0000] {logging_mixin.py:190} INFO - [2024-11-04T14:49:12.743+0000] {override.py:1900} INFO - Created Permission View: can delete on DAG:example_task_group
[2024-11-04T14:49:12.756+0000] {logging_mixin.py:190} INFO - [2024-11-04T14:49:12.755+0000] {override.py:1900} INFO - Created Permission View: can read on DAG:example_task_group
[2024-11-04T14:49:12.770+0000] {logging_mixin.py:190} INFO - [2024-11-04T14:49:12.769+0000] {override.py:1900} INFO - Created Permission View: can create on DAG Run:example_task_group
[2024-11-04T14:49:12.782+0000] {logging_mixin.py:190} INFO - [2024-11-04T14:49:12.781+0000] {override.py:1900} INFO - Created Permission View: can read on DAG Run:example_task_group
[2024-11-04T14:49:12.793+0000] {logging_mixin.py:190} INFO - [2024-11-04T14:49:12.792+0000] {override.py:1900} INFO - Created Permission View: can delete on DAG Run:example_task_group
[2024-11-04T14:49:12.805+0000] {logging_mixin.py:190} INFO - [2024-11-04T14:49:12.805+0000] {override.py:1900} INFO - Created Permission View: menu access on DAG Run:example_task_group
[2024-11-04T14:49:12.807+0000] {logging_mixin.py:190} INFO - [2024-11-04T14:49:12.806+0000] {dag.py:3239} INFO - Sync 1 DAGs
[2024-11-04T14:49:12.825+0000] {logging_mixin.py:190} INFO - [2024-11-04T14:49:12.825+0000] {dag.py:3262} INFO - Creating ORM DAG for example_task_group
[2024-11-04T14:49:12.827+0000] {logging_mixin.py:190} INFO - [2024-11-04T14:49:12.827+0000] {dag.py:4180} INFO - Setting next_dagrun for example_task_group to None, run_after=None
[2024-11-04T14:49:12.856+0000] {processor.py:208} INFO - Processing /home/airflow/.local/lib/python3.12/site-packages/airflow/example_dags/example_task_group.py took 0.320 seconds
