[2024-11-04T14:33:55.288+0000] {processor.py:186} INFO - Started process (PID=173) to work on /home/airflow/.local/lib/python3.12/site-packages/airflow/example_dags/example_sensor_decorator.py
[2024-11-04T14:33:55.290+0000] {processor.py:914} INFO - Processing file /home/airflow/.local/lib/python3.12/site-packages/airflow/example_dags/example_sensor_decorator.py for tasks to queue
[2024-11-04T14:33:55.294+0000] {logging_mixin.py:190} INFO - [2024-11-04T14:33:55.293+0000] {dagbag.py:588} INFO - Filling up the DagBag from /home/airflow/.local/lib/python3.12/site-packages/airflow/example_dags/example_sensor_decorator.py
[2024-11-04T14:33:55.313+0000] {processor.py:925} INFO - DAG(s) 'example_sensor_decorator' retrieved from /home/airflow/.local/lib/python3.12/site-packages/airflow/example_dags/example_sensor_decorator.py
[2024-11-04T14:33:55.612+0000] {logging_mixin.py:190} INFO - [2024-11-04T14:33:55.612+0000] {override.py:1900} INFO - Created Permission View: can edit on DAG:example_sensor_decorator
[2024-11-04T14:33:55.627+0000] {logging_mixin.py:190} INFO - [2024-11-04T14:33:55.627+0000] {override.py:1900} INFO - Created Permission View: can read on DAG:example_sensor_decorator
[2024-11-04T14:33:55.637+0000] {logging_mixin.py:190} INFO - [2024-11-04T14:33:55.637+0000] {override.py:1900} INFO - Created Permission View: can delete on DAG:example_sensor_decorator
[2024-11-04T14:33:55.650+0000] {logging_mixin.py:190} INFO - [2024-11-04T14:33:55.650+0000] {override.py:1900} INFO - Created Permission View: can read on DAG Run:example_sensor_decorator
[2024-11-04T14:33:55.663+0000] {logging_mixin.py:190} INFO - [2024-11-04T14:33:55.662+0000] {override.py:1900} INFO - Created Permission View: can delete on DAG Run:example_sensor_decorator
[2024-11-04T14:33:55.673+0000] {logging_mixin.py:190} INFO - [2024-11-04T14:33:55.673+0000] {override.py:1900} INFO - Created Permission View: menu access on DAG Run:example_sensor_decorator
[2024-11-04T14:33:55.684+0000] {logging_mixin.py:190} INFO - [2024-11-04T14:33:55.683+0000] {override.py:1900} INFO - Created Permission View: can create on DAG Run:example_sensor_decorator
[2024-11-04T14:33:55.685+0000] {logging_mixin.py:190} INFO - [2024-11-04T14:33:55.685+0000] {dag.py:3239} INFO - Sync 1 DAGs
[2024-11-04T14:33:55.707+0000] {logging_mixin.py:190} INFO - [2024-11-04T14:33:55.707+0000] {dag.py:3262} INFO - Creating ORM DAG for example_sensor_decorator
[2024-11-04T14:33:55.709+0000] {logging_mixin.py:190} INFO - [2024-11-04T14:33:55.709+0000] {dag.py:4180} INFO - Setting next_dagrun for example_sensor_decorator to None, run_after=None
[2024-11-04T14:33:55.738+0000] {processor.py:208} INFO - Processing /home/airflow/.local/lib/python3.12/site-packages/airflow/example_dags/example_sensor_decorator.py took 0.460 seconds
[2024-11-04T14:34:26.117+0000] {processor.py:186} INFO - Started process (PID=456) to work on /home/airflow/.local/lib/python3.12/site-packages/airflow/example_dags/example_sensor_decorator.py
[2024-11-04T14:34:26.119+0000] {processor.py:914} INFO - Processing file /home/airflow/.local/lib/python3.12/site-packages/airflow/example_dags/example_sensor_decorator.py for tasks to queue
[2024-11-04T14:34:26.121+0000] {logging_mixin.py:190} INFO - [2024-11-04T14:34:26.121+0000] {dagbag.py:588} INFO - Filling up the DagBag from /home/airflow/.local/lib/python3.12/site-packages/airflow/example_dags/example_sensor_decorator.py
[2024-11-04T14:34:26.128+0000] {processor.py:925} INFO - DAG(s) 'example_sensor_decorator' retrieved from /home/airflow/.local/lib/python3.12/site-packages/airflow/example_dags/example_sensor_decorator.py
[2024-11-04T14:34:26.149+0000] {logging_mixin.py:190} INFO - [2024-11-04T14:34:26.149+0000] {dag.py:3239} INFO - Sync 1 DAGs
[2024-11-04T14:34:26.162+0000] {logging_mixin.py:190} INFO - [2024-11-04T14:34:26.161+0000] {dag.py:4180} INFO - Setting next_dagrun for example_sensor_decorator to None, run_after=None
[2024-11-04T14:34:26.183+0000] {processor.py:208} INFO - Processing /home/airflow/.local/lib/python3.12/site-packages/airflow/example_dags/example_sensor_decorator.py took 0.073 seconds
[2024-11-04T14:34:56.572+0000] {processor.py:186} INFO - Started process (PID=743) to work on /home/airflow/.local/lib/python3.12/site-packages/airflow/example_dags/example_sensor_decorator.py
[2024-11-04T14:34:56.574+0000] {processor.py:914} INFO - Processing file /home/airflow/.local/lib/python3.12/site-packages/airflow/example_dags/example_sensor_decorator.py for tasks to queue
[2024-11-04T14:34:56.577+0000] {logging_mixin.py:190} INFO - [2024-11-04T14:34:56.577+0000] {dagbag.py:588} INFO - Filling up the DagBag from /home/airflow/.local/lib/python3.12/site-packages/airflow/example_dags/example_sensor_decorator.py
[2024-11-04T14:34:56.584+0000] {processor.py:925} INFO - DAG(s) 'example_sensor_decorator' retrieved from /home/airflow/.local/lib/python3.12/site-packages/airflow/example_dags/example_sensor_decorator.py
[2024-11-04T14:34:56.603+0000] {logging_mixin.py:190} INFO - [2024-11-04T14:34:56.603+0000] {dag.py:3239} INFO - Sync 1 DAGs
[2024-11-04T14:34:56.615+0000] {logging_mixin.py:190} INFO - [2024-11-04T14:34:56.615+0000] {dag.py:4180} INFO - Setting next_dagrun for example_sensor_decorator to None, run_after=None
[2024-11-04T14:34:56.632+0000] {processor.py:208} INFO - Processing /home/airflow/.local/lib/python3.12/site-packages/airflow/example_dags/example_sensor_decorator.py took 0.065 seconds
[2024-11-04T14:36:22.563+0000] {processor.py:186} INFO - Started process (PID=174) to work on /home/airflow/.local/lib/python3.12/site-packages/airflow/example_dags/example_sensor_decorator.py
[2024-11-04T14:36:22.565+0000] {processor.py:914} INFO - Processing file /home/airflow/.local/lib/python3.12/site-packages/airflow/example_dags/example_sensor_decorator.py for tasks to queue
[2024-11-04T14:36:22.568+0000] {logging_mixin.py:190} INFO - [2024-11-04T14:36:22.568+0000] {dagbag.py:588} INFO - Filling up the DagBag from /home/airflow/.local/lib/python3.12/site-packages/airflow/example_dags/example_sensor_decorator.py
[2024-11-04T14:36:22.588+0000] {processor.py:925} INFO - DAG(s) 'example_sensor_decorator' retrieved from /home/airflow/.local/lib/python3.12/site-packages/airflow/example_dags/example_sensor_decorator.py
[2024-11-04T14:36:22.870+0000] {logging_mixin.py:190} INFO - [2024-11-04T14:36:22.869+0000] {override.py:1900} INFO - Created Permission View: can delete on DAG:example_sensor_decorator
[2024-11-04T14:36:22.884+0000] {logging_mixin.py:190} INFO - [2024-11-04T14:36:22.883+0000] {override.py:1900} INFO - Created Permission View: can read on DAG:example_sensor_decorator
[2024-11-04T14:36:22.895+0000] {logging_mixin.py:190} INFO - [2024-11-04T14:36:22.895+0000] {override.py:1900} INFO - Created Permission View: can edit on DAG:example_sensor_decorator
[2024-11-04T14:36:22.907+0000] {logging_mixin.py:190} INFO - [2024-11-04T14:36:22.906+0000] {override.py:1900} INFO - Created Permission View: can create on DAG Run:example_sensor_decorator
[2024-11-04T14:36:22.917+0000] {logging_mixin.py:190} INFO - [2024-11-04T14:36:22.916+0000] {override.py:1900} INFO - Created Permission View: can delete on DAG Run:example_sensor_decorator
[2024-11-04T14:36:22.930+0000] {logging_mixin.py:190} INFO - [2024-11-04T14:36:22.929+0000] {override.py:1900} INFO - Created Permission View: can read on DAG Run:example_sensor_decorator
[2024-11-04T14:36:22.940+0000] {logging_mixin.py:190} INFO - [2024-11-04T14:36:22.940+0000] {override.py:1900} INFO - Created Permission View: menu access on DAG Run:example_sensor_decorator
[2024-11-04T14:36:22.942+0000] {logging_mixin.py:190} INFO - [2024-11-04T14:36:22.941+0000] {dag.py:3239} INFO - Sync 1 DAGs
[2024-11-04T14:36:22.959+0000] {logging_mixin.py:190} INFO - [2024-11-04T14:36:22.959+0000] {dag.py:3262} INFO - Creating ORM DAG for example_sensor_decorator
[2024-11-04T14:36:22.960+0000] {logging_mixin.py:190} INFO - [2024-11-04T14:36:22.960+0000] {dag.py:4180} INFO - Setting next_dagrun for example_sensor_decorator to None, run_after=None
[2024-11-04T14:36:22.985+0000] {processor.py:208} INFO - Processing /home/airflow/.local/lib/python3.12/site-packages/airflow/example_dags/example_sensor_decorator.py took 0.429 seconds
[2024-11-04T14:36:53.391+0000] {processor.py:186} INFO - Started process (PID=457) to work on /home/airflow/.local/lib/python3.12/site-packages/airflow/example_dags/example_sensor_decorator.py
[2024-11-04T14:36:53.393+0000] {processor.py:914} INFO - Processing file /home/airflow/.local/lib/python3.12/site-packages/airflow/example_dags/example_sensor_decorator.py for tasks to queue
[2024-11-04T14:36:53.396+0000] {logging_mixin.py:190} INFO - [2024-11-04T14:36:53.396+0000] {dagbag.py:588} INFO - Filling up the DagBag from /home/airflow/.local/lib/python3.12/site-packages/airflow/example_dags/example_sensor_decorator.py
[2024-11-04T14:36:53.402+0000] {processor.py:925} INFO - DAG(s) 'example_sensor_decorator' retrieved from /home/airflow/.local/lib/python3.12/site-packages/airflow/example_dags/example_sensor_decorator.py
[2024-11-04T14:36:53.422+0000] {logging_mixin.py:190} INFO - [2024-11-04T14:36:53.422+0000] {dag.py:3239} INFO - Sync 1 DAGs
[2024-11-04T14:36:53.435+0000] {logging_mixin.py:190} INFO - [2024-11-04T14:36:53.435+0000] {dag.py:4180} INFO - Setting next_dagrun for example_sensor_decorator to None, run_after=None
[2024-11-04T14:36:53.457+0000] {processor.py:208} INFO - Processing /home/airflow/.local/lib/python3.12/site-packages/airflow/example_dags/example_sensor_decorator.py took 0.072 seconds
[2024-11-04T14:37:23.528+0000] {processor.py:186} INFO - Started process (PID=743) to work on /home/airflow/.local/lib/python3.12/site-packages/airflow/example_dags/example_sensor_decorator.py
[2024-11-04T14:37:23.530+0000] {processor.py:914} INFO - Processing file /home/airflow/.local/lib/python3.12/site-packages/airflow/example_dags/example_sensor_decorator.py for tasks to queue
[2024-11-04T14:37:23.534+0000] {logging_mixin.py:190} INFO - [2024-11-04T14:37:23.534+0000] {dagbag.py:588} INFO - Filling up the DagBag from /home/airflow/.local/lib/python3.12/site-packages/airflow/example_dags/example_sensor_decorator.py
[2024-11-04T14:37:23.546+0000] {processor.py:925} INFO - DAG(s) 'example_sensor_decorator' retrieved from /home/airflow/.local/lib/python3.12/site-packages/airflow/example_dags/example_sensor_decorator.py
[2024-11-04T14:37:23.581+0000] {logging_mixin.py:190} INFO - [2024-11-04T14:37:23.580+0000] {dag.py:3239} INFO - Sync 1 DAGs
[2024-11-04T14:37:23.605+0000] {logging_mixin.py:190} INFO - [2024-11-04T14:37:23.604+0000] {dag.py:4180} INFO - Setting next_dagrun for example_sensor_decorator to None, run_after=None
[2024-11-04T14:37:23.648+0000] {processor.py:208} INFO - Processing /home/airflow/.local/lib/python3.12/site-packages/airflow/example_dags/example_sensor_decorator.py took 0.129 seconds
[2024-11-04T14:37:53.751+0000] {processor.py:186} INFO - Started process (PID=1029) to work on /home/airflow/.local/lib/python3.12/site-packages/airflow/example_dags/example_sensor_decorator.py
[2024-11-04T14:37:53.756+0000] {processor.py:914} INFO - Processing file /home/airflow/.local/lib/python3.12/site-packages/airflow/example_dags/example_sensor_decorator.py for tasks to queue
[2024-11-04T14:37:53.769+0000] {logging_mixin.py:190} INFO - [2024-11-04T14:37:53.768+0000] {dagbag.py:588} INFO - Filling up the DagBag from /home/airflow/.local/lib/python3.12/site-packages/airflow/example_dags/example_sensor_decorator.py
[2024-11-04T14:37:53.833+0000] {processor.py:925} INFO - DAG(s) 'example_sensor_decorator' retrieved from /home/airflow/.local/lib/python3.12/site-packages/airflow/example_dags/example_sensor_decorator.py
[2024-11-04T14:37:53.942+0000] {logging_mixin.py:190} INFO - [2024-11-04T14:37:53.942+0000] {dag.py:3239} INFO - Sync 1 DAGs
[2024-11-04T14:37:54.012+0000] {logging_mixin.py:190} INFO - [2024-11-04T14:37:54.011+0000] {dag.py:4180} INFO - Setting next_dagrun for example_sensor_decorator to None, run_after=None
[2024-11-04T14:37:54.095+0000] {processor.py:208} INFO - Processing /home/airflow/.local/lib/python3.12/site-packages/airflow/example_dags/example_sensor_decorator.py took 0.367 seconds
[2024-11-04T14:38:24.819+0000] {processor.py:186} INFO - Started process (PID=1315) to work on /home/airflow/.local/lib/python3.12/site-packages/airflow/example_dags/example_sensor_decorator.py
[2024-11-04T14:38:24.820+0000] {processor.py:914} INFO - Processing file /home/airflow/.local/lib/python3.12/site-packages/airflow/example_dags/example_sensor_decorator.py for tasks to queue
[2024-11-04T14:38:24.823+0000] {logging_mixin.py:190} INFO - [2024-11-04T14:38:24.823+0000] {dagbag.py:588} INFO - Filling up the DagBag from /home/airflow/.local/lib/python3.12/site-packages/airflow/example_dags/example_sensor_decorator.py
[2024-11-04T14:38:24.831+0000] {processor.py:925} INFO - DAG(s) 'example_sensor_decorator' retrieved from /home/airflow/.local/lib/python3.12/site-packages/airflow/example_dags/example_sensor_decorator.py
[2024-11-04T14:38:24.850+0000] {logging_mixin.py:190} INFO - [2024-11-04T14:38:24.850+0000] {dag.py:3239} INFO - Sync 1 DAGs
[2024-11-04T14:38:24.863+0000] {logging_mixin.py:190} INFO - [2024-11-04T14:38:24.863+0000] {dag.py:4180} INFO - Setting next_dagrun for example_sensor_decorator to None, run_after=None
[2024-11-04T14:38:24.884+0000] {processor.py:208} INFO - Processing /home/airflow/.local/lib/python3.12/site-packages/airflow/example_dags/example_sensor_decorator.py took 0.071 seconds
[2024-11-04T14:38:55.066+0000] {processor.py:186} INFO - Started process (PID=1602) to work on /home/airflow/.local/lib/python3.12/site-packages/airflow/example_dags/example_sensor_decorator.py
[2024-11-04T14:38:55.067+0000] {processor.py:914} INFO - Processing file /home/airflow/.local/lib/python3.12/site-packages/airflow/example_dags/example_sensor_decorator.py for tasks to queue
[2024-11-04T14:38:55.070+0000] {logging_mixin.py:190} INFO - [2024-11-04T14:38:55.070+0000] {dagbag.py:588} INFO - Filling up the DagBag from /home/airflow/.local/lib/python3.12/site-packages/airflow/example_dags/example_sensor_decorator.py
[2024-11-04T14:38:55.079+0000] {processor.py:925} INFO - DAG(s) 'example_sensor_decorator' retrieved from /home/airflow/.local/lib/python3.12/site-packages/airflow/example_dags/example_sensor_decorator.py
[2024-11-04T14:38:55.099+0000] {logging_mixin.py:190} INFO - [2024-11-04T14:38:55.099+0000] {dag.py:3239} INFO - Sync 1 DAGs
[2024-11-04T14:38:55.113+0000] {logging_mixin.py:190} INFO - [2024-11-04T14:38:55.112+0000] {dag.py:4180} INFO - Setting next_dagrun for example_sensor_decorator to None, run_after=None
[2024-11-04T14:38:55.137+0000] {processor.py:208} INFO - Processing /home/airflow/.local/lib/python3.12/site-packages/airflow/example_dags/example_sensor_decorator.py took 0.079 seconds
[2024-11-04T14:39:25.199+0000] {processor.py:186} INFO - Started process (PID=1888) to work on /home/airflow/.local/lib/python3.12/site-packages/airflow/example_dags/example_sensor_decorator.py
[2024-11-04T14:39:25.201+0000] {processor.py:914} INFO - Processing file /home/airflow/.local/lib/python3.12/site-packages/airflow/example_dags/example_sensor_decorator.py for tasks to queue
[2024-11-04T14:39:25.203+0000] {logging_mixin.py:190} INFO - [2024-11-04T14:39:25.203+0000] {dagbag.py:588} INFO - Filling up the DagBag from /home/airflow/.local/lib/python3.12/site-packages/airflow/example_dags/example_sensor_decorator.py
[2024-11-04T14:39:25.211+0000] {processor.py:925} INFO - DAG(s) 'example_sensor_decorator' retrieved from /home/airflow/.local/lib/python3.12/site-packages/airflow/example_dags/example_sensor_decorator.py
[2024-11-04T14:39:25.232+0000] {logging_mixin.py:190} INFO - [2024-11-04T14:39:25.231+0000] {dag.py:3239} INFO - Sync 1 DAGs
[2024-11-04T14:39:25.244+0000] {logging_mixin.py:190} INFO - [2024-11-04T14:39:25.243+0000] {dag.py:4180} INFO - Setting next_dagrun for example_sensor_decorator to None, run_after=None
[2024-11-04T14:39:25.264+0000] {processor.py:208} INFO - Processing /home/airflow/.local/lib/python3.12/site-packages/airflow/example_dags/example_sensor_decorator.py took 0.070 seconds
[2024-11-04T14:39:55.889+0000] {processor.py:186} INFO - Started process (PID=2174) to work on /home/airflow/.local/lib/python3.12/site-packages/airflow/example_dags/example_sensor_decorator.py
[2024-11-04T14:39:55.891+0000] {processor.py:914} INFO - Processing file /home/airflow/.local/lib/python3.12/site-packages/airflow/example_dags/example_sensor_decorator.py for tasks to queue
[2024-11-04T14:39:55.894+0000] {logging_mixin.py:190} INFO - [2024-11-04T14:39:55.893+0000] {dagbag.py:588} INFO - Filling up the DagBag from /home/airflow/.local/lib/python3.12/site-packages/airflow/example_dags/example_sensor_decorator.py
[2024-11-04T14:39:55.904+0000] {processor.py:925} INFO - DAG(s) 'example_sensor_decorator' retrieved from /home/airflow/.local/lib/python3.12/site-packages/airflow/example_dags/example_sensor_decorator.py
[2024-11-04T14:39:55.925+0000] {logging_mixin.py:190} INFO - [2024-11-04T14:39:55.924+0000] {dag.py:3239} INFO - Sync 1 DAGs
[2024-11-04T14:39:55.937+0000] {logging_mixin.py:190} INFO - [2024-11-04T14:39:55.936+0000] {dag.py:4180} INFO - Setting next_dagrun for example_sensor_decorator to None, run_after=None
[2024-11-04T14:39:55.966+0000] {processor.py:208} INFO - Processing /home/airflow/.local/lib/python3.12/site-packages/airflow/example_dags/example_sensor_decorator.py took 0.083 seconds
[2024-11-04T14:40:26.453+0000] {processor.py:186} INFO - Started process (PID=2460) to work on /home/airflow/.local/lib/python3.12/site-packages/airflow/example_dags/example_sensor_decorator.py
[2024-11-04T14:40:26.455+0000] {processor.py:914} INFO - Processing file /home/airflow/.local/lib/python3.12/site-packages/airflow/example_dags/example_sensor_decorator.py for tasks to queue
[2024-11-04T14:40:26.458+0000] {logging_mixin.py:190} INFO - [2024-11-04T14:40:26.458+0000] {dagbag.py:588} INFO - Filling up the DagBag from /home/airflow/.local/lib/python3.12/site-packages/airflow/example_dags/example_sensor_decorator.py
[2024-11-04T14:40:26.468+0000] {processor.py:925} INFO - DAG(s) 'example_sensor_decorator' retrieved from /home/airflow/.local/lib/python3.12/site-packages/airflow/example_dags/example_sensor_decorator.py
[2024-11-04T14:40:26.494+0000] {logging_mixin.py:190} INFO - [2024-11-04T14:40:26.494+0000] {dag.py:3239} INFO - Sync 1 DAGs
[2024-11-04T14:40:26.513+0000] {logging_mixin.py:190} INFO - [2024-11-04T14:40:26.512+0000] {dag.py:4180} INFO - Setting next_dagrun for example_sensor_decorator to None, run_after=None
[2024-11-04T14:40:26.530+0000] {processor.py:208} INFO - Processing /home/airflow/.local/lib/python3.12/site-packages/airflow/example_dags/example_sensor_decorator.py took 0.082 seconds
[2024-11-04T14:40:56.911+0000] {processor.py:186} INFO - Started process (PID=2746) to work on /home/airflow/.local/lib/python3.12/site-packages/airflow/example_dags/example_sensor_decorator.py
[2024-11-04T14:40:56.918+0000] {processor.py:914} INFO - Processing file /home/airflow/.local/lib/python3.12/site-packages/airflow/example_dags/example_sensor_decorator.py for tasks to queue
[2024-11-04T14:40:56.934+0000] {logging_mixin.py:190} INFO - [2024-11-04T14:40:56.931+0000] {dagbag.py:588} INFO - Filling up the DagBag from /home/airflow/.local/lib/python3.12/site-packages/airflow/example_dags/example_sensor_decorator.py
[2024-11-04T14:40:56.985+0000] {processor.py:925} INFO - DAG(s) 'example_sensor_decorator' retrieved from /home/airflow/.local/lib/python3.12/site-packages/airflow/example_dags/example_sensor_decorator.py
[2024-11-04T14:40:57.045+0000] {logging_mixin.py:190} INFO - [2024-11-04T14:40:57.044+0000] {dag.py:3239} INFO - Sync 1 DAGs
[2024-11-04T14:40:57.084+0000] {logging_mixin.py:190} INFO - [2024-11-04T14:40:57.084+0000] {dag.py:4180} INFO - Setting next_dagrun for example_sensor_decorator to None, run_after=None
[2024-11-04T14:40:57.173+0000] {processor.py:208} INFO - Processing /home/airflow/.local/lib/python3.12/site-packages/airflow/example_dags/example_sensor_decorator.py took 0.294 seconds
[2024-11-04T14:41:27.328+0000] {processor.py:186} INFO - Started process (PID=3032) to work on /home/airflow/.local/lib/python3.12/site-packages/airflow/example_dags/example_sensor_decorator.py
[2024-11-04T14:41:27.330+0000] {processor.py:914} INFO - Processing file /home/airflow/.local/lib/python3.12/site-packages/airflow/example_dags/example_sensor_decorator.py for tasks to queue
[2024-11-04T14:41:27.333+0000] {logging_mixin.py:190} INFO - [2024-11-04T14:41:27.333+0000] {dagbag.py:588} INFO - Filling up the DagBag from /home/airflow/.local/lib/python3.12/site-packages/airflow/example_dags/example_sensor_decorator.py
[2024-11-04T14:41:27.341+0000] {processor.py:925} INFO - DAG(s) 'example_sensor_decorator' retrieved from /home/airflow/.local/lib/python3.12/site-packages/airflow/example_dags/example_sensor_decorator.py
[2024-11-04T14:41:27.363+0000] {logging_mixin.py:190} INFO - [2024-11-04T14:41:27.363+0000] {dag.py:3239} INFO - Sync 1 DAGs
[2024-11-04T14:41:27.376+0000] {logging_mixin.py:190} INFO - [2024-11-04T14:41:27.376+0000] {dag.py:4180} INFO - Setting next_dagrun for example_sensor_decorator to None, run_after=None
[2024-11-04T14:41:27.397+0000] {processor.py:208} INFO - Processing /home/airflow/.local/lib/python3.12/site-packages/airflow/example_dags/example_sensor_decorator.py took 0.074 seconds
[2024-11-04T14:41:57.861+0000] {processor.py:186} INFO - Started process (PID=3318) to work on /home/airflow/.local/lib/python3.12/site-packages/airflow/example_dags/example_sensor_decorator.py
[2024-11-04T14:41:57.862+0000] {processor.py:914} INFO - Processing file /home/airflow/.local/lib/python3.12/site-packages/airflow/example_dags/example_sensor_decorator.py for tasks to queue
[2024-11-04T14:41:57.865+0000] {logging_mixin.py:190} INFO - [2024-11-04T14:41:57.865+0000] {dagbag.py:588} INFO - Filling up the DagBag from /home/airflow/.local/lib/python3.12/site-packages/airflow/example_dags/example_sensor_decorator.py
[2024-11-04T14:41:57.872+0000] {processor.py:925} INFO - DAG(s) 'example_sensor_decorator' retrieved from /home/airflow/.local/lib/python3.12/site-packages/airflow/example_dags/example_sensor_decorator.py
[2024-11-04T14:41:57.892+0000] {logging_mixin.py:190} INFO - [2024-11-04T14:41:57.892+0000] {dag.py:3239} INFO - Sync 1 DAGs
[2024-11-04T14:41:57.906+0000] {logging_mixin.py:190} INFO - [2024-11-04T14:41:57.906+0000] {dag.py:4180} INFO - Setting next_dagrun for example_sensor_decorator to None, run_after=None
[2024-11-04T14:41:57.926+0000] {processor.py:208} INFO - Processing /home/airflow/.local/lib/python3.12/site-packages/airflow/example_dags/example_sensor_decorator.py took 0.070 seconds
[2024-11-04T14:42:28.620+0000] {processor.py:186} INFO - Started process (PID=3604) to work on /home/airflow/.local/lib/python3.12/site-packages/airflow/example_dags/example_sensor_decorator.py
[2024-11-04T14:42:28.622+0000] {processor.py:914} INFO - Processing file /home/airflow/.local/lib/python3.12/site-packages/airflow/example_dags/example_sensor_decorator.py for tasks to queue
[2024-11-04T14:42:28.625+0000] {logging_mixin.py:190} INFO - [2024-11-04T14:42:28.625+0000] {dagbag.py:588} INFO - Filling up the DagBag from /home/airflow/.local/lib/python3.12/site-packages/airflow/example_dags/example_sensor_decorator.py
[2024-11-04T14:42:28.632+0000] {processor.py:925} INFO - DAG(s) 'example_sensor_decorator' retrieved from /home/airflow/.local/lib/python3.12/site-packages/airflow/example_dags/example_sensor_decorator.py
[2024-11-04T14:42:28.651+0000] {logging_mixin.py:190} INFO - [2024-11-04T14:42:28.651+0000] {dag.py:3239} INFO - Sync 1 DAGs
[2024-11-04T14:42:28.664+0000] {logging_mixin.py:190} INFO - [2024-11-04T14:42:28.664+0000] {dag.py:4180} INFO - Setting next_dagrun for example_sensor_decorator to None, run_after=None
[2024-11-04T14:42:28.686+0000] {processor.py:208} INFO - Processing /home/airflow/.local/lib/python3.12/site-packages/airflow/example_dags/example_sensor_decorator.py took 0.071 seconds
[2024-11-04T14:42:59.179+0000] {processor.py:186} INFO - Started process (PID=3889) to work on /home/airflow/.local/lib/python3.12/site-packages/airflow/example_dags/example_sensor_decorator.py
[2024-11-04T14:42:59.181+0000] {processor.py:914} INFO - Processing file /home/airflow/.local/lib/python3.12/site-packages/airflow/example_dags/example_sensor_decorator.py for tasks to queue
[2024-11-04T14:42:59.185+0000] {logging_mixin.py:190} INFO - [2024-11-04T14:42:59.185+0000] {dagbag.py:588} INFO - Filling up the DagBag from /home/airflow/.local/lib/python3.12/site-packages/airflow/example_dags/example_sensor_decorator.py
[2024-11-04T14:42:59.194+0000] {processor.py:925} INFO - DAG(s) 'example_sensor_decorator' retrieved from /home/airflow/.local/lib/python3.12/site-packages/airflow/example_dags/example_sensor_decorator.py
[2024-11-04T14:42:59.216+0000] {logging_mixin.py:190} INFO - [2024-11-04T14:42:59.216+0000] {dag.py:3239} INFO - Sync 1 DAGs
[2024-11-04T14:42:59.232+0000] {logging_mixin.py:190} INFO - [2024-11-04T14:42:59.231+0000] {dag.py:4180} INFO - Setting next_dagrun for example_sensor_decorator to None, run_after=None
[2024-11-04T14:42:59.257+0000] {processor.py:208} INFO - Processing /home/airflow/.local/lib/python3.12/site-packages/airflow/example_dags/example_sensor_decorator.py took 0.083 seconds
[2024-11-04T14:44:49.649+0000] {processor.py:186} INFO - Started process (PID=181) to work on /home/airflow/.local/lib/python3.12/site-packages/airflow/example_dags/example_sensor_decorator.py
[2024-11-04T14:44:49.651+0000] {processor.py:914} INFO - Processing file /home/airflow/.local/lib/python3.12/site-packages/airflow/example_dags/example_sensor_decorator.py for tasks to queue
[2024-11-04T14:44:49.655+0000] {logging_mixin.py:190} INFO - [2024-11-04T14:44:49.655+0000] {dagbag.py:588} INFO - Filling up the DagBag from /home/airflow/.local/lib/python3.12/site-packages/airflow/example_dags/example_sensor_decorator.py
[2024-11-04T14:44:49.679+0000] {processor.py:925} INFO - DAG(s) 'example_sensor_decorator' retrieved from /home/airflow/.local/lib/python3.12/site-packages/airflow/example_dags/example_sensor_decorator.py
[2024-11-04T14:44:50.308+0000] {logging_mixin.py:190} INFO - [2024-11-04T14:44:50.307+0000] {override.py:1900} INFO - Created Permission View: can delete on DAG:example_sensor_decorator
[2024-11-04T14:44:50.325+0000] {logging_mixin.py:190} INFO - [2024-11-04T14:44:50.325+0000] {override.py:1900} INFO - Created Permission View: can read on DAG:example_sensor_decorator
[2024-11-04T14:44:50.340+0000] {logging_mixin.py:190} INFO - [2024-11-04T14:44:50.340+0000] {override.py:1900} INFO - Created Permission View: can edit on DAG:example_sensor_decorator
[2024-11-04T14:44:50.358+0000] {logging_mixin.py:190} INFO - [2024-11-04T14:44:50.357+0000] {override.py:1900} INFO - Created Permission View: can create on DAG Run:example_sensor_decorator
[2024-11-04T14:44:50.371+0000] {logging_mixin.py:190} INFO - [2024-11-04T14:44:50.370+0000] {override.py:1900} INFO - Created Permission View: can delete on DAG Run:example_sensor_decorator
[2024-11-04T14:44:50.384+0000] {logging_mixin.py:190} INFO - [2024-11-04T14:44:50.383+0000] {override.py:1900} INFO - Created Permission View: menu access on DAG Run:example_sensor_decorator
[2024-11-04T14:44:50.398+0000] {logging_mixin.py:190} INFO - [2024-11-04T14:44:50.398+0000] {override.py:1900} INFO - Created Permission View: can read on DAG Run:example_sensor_decorator
[2024-11-04T14:44:50.400+0000] {logging_mixin.py:190} INFO - [2024-11-04T14:44:50.399+0000] {dag.py:3239} INFO - Sync 1 DAGs
[2024-11-04T14:44:50.427+0000] {logging_mixin.py:190} INFO - [2024-11-04T14:44:50.427+0000] {dag.py:3262} INFO - Creating ORM DAG for example_sensor_decorator
[2024-11-04T14:44:50.429+0000] {logging_mixin.py:190} INFO - [2024-11-04T14:44:50.429+0000] {dag.py:4180} INFO - Setting next_dagrun for example_sensor_decorator to None, run_after=None
[2024-11-04T14:44:50.466+0000] {processor.py:208} INFO - Processing /home/airflow/.local/lib/python3.12/site-packages/airflow/example_dags/example_sensor_decorator.py took 0.827 seconds
[2024-11-04T14:45:20.975+0000] {processor.py:186} INFO - Started process (PID=464) to work on /home/airflow/.local/lib/python3.12/site-packages/airflow/example_dags/example_sensor_decorator.py
[2024-11-04T14:45:20.976+0000] {processor.py:914} INFO - Processing file /home/airflow/.local/lib/python3.12/site-packages/airflow/example_dags/example_sensor_decorator.py for tasks to queue
[2024-11-04T14:45:20.979+0000] {logging_mixin.py:190} INFO - [2024-11-04T14:45:20.979+0000] {dagbag.py:588} INFO - Filling up the DagBag from /home/airflow/.local/lib/python3.12/site-packages/airflow/example_dags/example_sensor_decorator.py
[2024-11-04T14:45:20.988+0000] {processor.py:925} INFO - DAG(s) 'example_sensor_decorator' retrieved from /home/airflow/.local/lib/python3.12/site-packages/airflow/example_dags/example_sensor_decorator.py
[2024-11-04T14:45:21.010+0000] {logging_mixin.py:190} INFO - [2024-11-04T14:45:21.010+0000] {dag.py:3239} INFO - Sync 1 DAGs
[2024-11-04T14:45:21.024+0000] {logging_mixin.py:190} INFO - [2024-11-04T14:45:21.024+0000] {dag.py:4180} INFO - Setting next_dagrun for example_sensor_decorator to None, run_after=None
[2024-11-04T14:45:21.048+0000] {processor.py:208} INFO - Processing /home/airflow/.local/lib/python3.12/site-packages/airflow/example_dags/example_sensor_decorator.py took 0.079 seconds
[2024-11-04T14:45:51.507+0000] {processor.py:186} INFO - Started process (PID=750) to work on /home/airflow/.local/lib/python3.12/site-packages/airflow/example_dags/example_sensor_decorator.py
[2024-11-04T14:45:51.509+0000] {processor.py:914} INFO - Processing file /home/airflow/.local/lib/python3.12/site-packages/airflow/example_dags/example_sensor_decorator.py for tasks to queue
[2024-11-04T14:45:51.512+0000] {logging_mixin.py:190} INFO - [2024-11-04T14:45:51.512+0000] {dagbag.py:588} INFO - Filling up the DagBag from /home/airflow/.local/lib/python3.12/site-packages/airflow/example_dags/example_sensor_decorator.py
[2024-11-04T14:45:51.521+0000] {processor.py:925} INFO - DAG(s) 'example_sensor_decorator' retrieved from /home/airflow/.local/lib/python3.12/site-packages/airflow/example_dags/example_sensor_decorator.py
[2024-11-04T14:45:51.544+0000] {logging_mixin.py:190} INFO - [2024-11-04T14:45:51.544+0000] {dag.py:3239} INFO - Sync 1 DAGs
[2024-11-04T14:45:51.559+0000] {logging_mixin.py:190} INFO - [2024-11-04T14:45:51.559+0000] {dag.py:4180} INFO - Setting next_dagrun for example_sensor_decorator to None, run_after=None
[2024-11-04T14:45:51.579+0000] {processor.py:208} INFO - Processing /home/airflow/.local/lib/python3.12/site-packages/airflow/example_dags/example_sensor_decorator.py took 0.077 seconds
[2024-11-04T14:46:22.499+0000] {processor.py:186} INFO - Started process (PID=1036) to work on /home/airflow/.local/lib/python3.12/site-packages/airflow/example_dags/example_sensor_decorator.py
[2024-11-04T14:46:22.501+0000] {processor.py:914} INFO - Processing file /home/airflow/.local/lib/python3.12/site-packages/airflow/example_dags/example_sensor_decorator.py for tasks to queue
[2024-11-04T14:46:22.504+0000] {logging_mixin.py:190} INFO - [2024-11-04T14:46:22.504+0000] {dagbag.py:588} INFO - Filling up the DagBag from /home/airflow/.local/lib/python3.12/site-packages/airflow/example_dags/example_sensor_decorator.py
[2024-11-04T14:46:22.513+0000] {processor.py:925} INFO - DAG(s) 'example_sensor_decorator' retrieved from /home/airflow/.local/lib/python3.12/site-packages/airflow/example_dags/example_sensor_decorator.py
[2024-11-04T14:46:22.531+0000] {logging_mixin.py:190} INFO - [2024-11-04T14:46:22.531+0000] {dag.py:3239} INFO - Sync 1 DAGs
[2024-11-04T14:46:22.547+0000] {logging_mixin.py:190} INFO - [2024-11-04T14:46:22.546+0000] {dag.py:4180} INFO - Setting next_dagrun for example_sensor_decorator to None, run_after=None
[2024-11-04T14:46:22.572+0000] {processor.py:208} INFO - Processing /home/airflow/.local/lib/python3.12/site-packages/airflow/example_dags/example_sensor_decorator.py took 0.079 seconds
[2024-11-04T14:46:53.309+0000] {processor.py:186} INFO - Started process (PID=1322) to work on /home/airflow/.local/lib/python3.12/site-packages/airflow/example_dags/example_sensor_decorator.py
[2024-11-04T14:46:53.310+0000] {processor.py:914} INFO - Processing file /home/airflow/.local/lib/python3.12/site-packages/airflow/example_dags/example_sensor_decorator.py for tasks to queue
[2024-11-04T14:46:53.313+0000] {logging_mixin.py:190} INFO - [2024-11-04T14:46:53.313+0000] {dagbag.py:588} INFO - Filling up the DagBag from /home/airflow/.local/lib/python3.12/site-packages/airflow/example_dags/example_sensor_decorator.py
[2024-11-04T14:46:53.321+0000] {processor.py:925} INFO - DAG(s) 'example_sensor_decorator' retrieved from /home/airflow/.local/lib/python3.12/site-packages/airflow/example_dags/example_sensor_decorator.py
[2024-11-04T14:46:53.341+0000] {logging_mixin.py:190} INFO - [2024-11-04T14:46:53.341+0000] {dag.py:3239} INFO - Sync 1 DAGs
[2024-11-04T14:46:53.353+0000] {logging_mixin.py:190} INFO - [2024-11-04T14:46:53.353+0000] {dag.py:4180} INFO - Setting next_dagrun for example_sensor_decorator to None, run_after=None
[2024-11-04T14:46:53.373+0000] {processor.py:208} INFO - Processing /home/airflow/.local/lib/python3.12/site-packages/airflow/example_dags/example_sensor_decorator.py took 0.070 seconds
[2024-11-04T14:49:09.991+0000] {processor.py:186} INFO - Started process (PID=174) to work on /home/airflow/.local/lib/python3.12/site-packages/airflow/example_dags/example_sensor_decorator.py
[2024-11-04T14:49:09.992+0000] {processor.py:914} INFO - Processing file /home/airflow/.local/lib/python3.12/site-packages/airflow/example_dags/example_sensor_decorator.py for tasks to queue
[2024-11-04T14:49:09.996+0000] {logging_mixin.py:190} INFO - [2024-11-04T14:49:09.995+0000] {dagbag.py:588} INFO - Filling up the DagBag from /home/airflow/.local/lib/python3.12/site-packages/airflow/example_dags/example_sensor_decorator.py
[2024-11-04T14:49:10.018+0000] {processor.py:925} INFO - DAG(s) 'example_sensor_decorator' retrieved from /home/airflow/.local/lib/python3.12/site-packages/airflow/example_dags/example_sensor_decorator.py
[2024-11-04T14:49:10.324+0000] {logging_mixin.py:190} INFO - [2024-11-04T14:49:10.323+0000] {override.py:1900} INFO - Created Permission View: can edit on DAG:example_sensor_decorator
[2024-11-04T14:49:10.341+0000] {logging_mixin.py:190} INFO - [2024-11-04T14:49:10.341+0000] {override.py:1900} INFO - Created Permission View: can delete on DAG:example_sensor_decorator
[2024-11-04T14:49:10.355+0000] {logging_mixin.py:190} INFO - [2024-11-04T14:49:10.354+0000] {override.py:1900} INFO - Created Permission View: can read on DAG:example_sensor_decorator
[2024-11-04T14:49:10.368+0000] {logging_mixin.py:190} INFO - [2024-11-04T14:49:10.368+0000] {override.py:1900} INFO - Created Permission View: can create on DAG Run:example_sensor_decorator
[2024-11-04T14:49:10.380+0000] {logging_mixin.py:190} INFO - [2024-11-04T14:49:10.380+0000] {override.py:1900} INFO - Created Permission View: can read on DAG Run:example_sensor_decorator
[2024-11-04T14:49:10.391+0000] {logging_mixin.py:190} INFO - [2024-11-04T14:49:10.391+0000] {override.py:1900} INFO - Created Permission View: can delete on DAG Run:example_sensor_decorator
[2024-11-04T14:49:10.402+0000] {logging_mixin.py:190} INFO - [2024-11-04T14:49:10.402+0000] {override.py:1900} INFO - Created Permission View: menu access on DAG Run:example_sensor_decorator
[2024-11-04T14:49:10.404+0000] {logging_mixin.py:190} INFO - [2024-11-04T14:49:10.404+0000] {dag.py:3239} INFO - Sync 1 DAGs
[2024-11-04T14:49:10.425+0000] {logging_mixin.py:190} INFO - [2024-11-04T14:49:10.425+0000] {dag.py:3262} INFO - Creating ORM DAG for example_sensor_decorator
[2024-11-04T14:49:10.427+0000] {logging_mixin.py:190} INFO - [2024-11-04T14:49:10.427+0000] {dag.py:4180} INFO - Setting next_dagrun for example_sensor_decorator to None, run_after=None
[2024-11-04T14:49:10.457+0000] {processor.py:208} INFO - Processing /home/airflow/.local/lib/python3.12/site-packages/airflow/example_dags/example_sensor_decorator.py took 0.474 seconds
