[2024-11-04T14:34:00.419+0000] {processor.py:186} INFO - Started process (PID=248) to work on /home/airflow/.local/lib/python3.12/site-packages/airflow/example_dags/example_time_delta_sensor_async.py
[2024-11-04T14:34:00.422+0000] {processor.py:914} INFO - Processing file /home/airflow/.local/lib/python3.12/site-packages/airflow/example_dags/example_time_delta_sensor_async.py for tasks to queue
[2024-11-04T14:34:00.426+0000] {logging_mixin.py:190} INFO - [2024-11-04T14:34:00.426+0000] {dagbag.py:588} INFO - Filling up the DagBag from /home/airflow/.local/lib/python3.12/site-packages/airflow/example_dags/example_time_delta_sensor_async.py
[2024-11-04T14:34:00.452+0000] {processor.py:925} INFO - DAG(s) 'example_time_delta_sensor_async' retrieved from /home/airflow/.local/lib/python3.12/site-packages/airflow/example_dags/example_time_delta_sensor_async.py
[2024-11-04T14:34:00.610+0000] {logging_mixin.py:190} INFO - [2024-11-04T14:34:00.608+0000] {override.py:1900} INFO - Created Permission View: can edit on DAG:example_time_delta_sensor_async
[2024-11-04T14:34:00.627+0000] {logging_mixin.py:190} INFO - [2024-11-04T14:34:00.626+0000] {override.py:1900} INFO - Created Permission View: can read on DAG:example_time_delta_sensor_async
[2024-11-04T14:34:00.640+0000] {logging_mixin.py:190} INFO - [2024-11-04T14:34:00.639+0000] {override.py:1900} INFO - Created Permission View: can delete on DAG:example_time_delta_sensor_async
[2024-11-04T14:34:00.655+0000] {logging_mixin.py:190} INFO - [2024-11-04T14:34:00.654+0000] {override.py:1900} INFO - Created Permission View: can read on DAG Run:example_time_delta_sensor_async
[2024-11-04T14:34:00.670+0000] {logging_mixin.py:190} INFO - [2024-11-04T14:34:00.669+0000] {override.py:1900} INFO - Created Permission View: can delete on DAG Run:example_time_delta_sensor_async
[2024-11-04T14:34:00.683+0000] {logging_mixin.py:190} INFO - [2024-11-04T14:34:00.683+0000] {override.py:1900} INFO - Created Permission View: menu access on DAG Run:example_time_delta_sensor_async
[2024-11-04T14:34:00.697+0000] {logging_mixin.py:190} INFO - [2024-11-04T14:34:00.696+0000] {override.py:1900} INFO - Created Permission View: can create on DAG Run:example_time_delta_sensor_async
[2024-11-04T14:34:00.698+0000] {logging_mixin.py:190} INFO - [2024-11-04T14:34:00.698+0000] {dag.py:3239} INFO - Sync 1 DAGs
[2024-11-04T14:34:00.718+0000] {logging_mixin.py:190} INFO - [2024-11-04T14:34:00.718+0000] {dag.py:3262} INFO - Creating ORM DAG for example_time_delta_sensor_async
[2024-11-04T14:34:00.720+0000] {logging_mixin.py:190} INFO - [2024-11-04T14:34:00.720+0000] {dag.py:4180} INFO - Setting next_dagrun for example_time_delta_sensor_async to None, run_after=None
[2024-11-04T14:34:00.750+0000] {processor.py:208} INFO - Processing /home/airflow/.local/lib/python3.12/site-packages/airflow/example_dags/example_time_delta_sensor_async.py took 0.341 seconds
[2024-11-04T14:34:31.472+0000] {processor.py:186} INFO - Started process (PID=534) to work on /home/airflow/.local/lib/python3.12/site-packages/airflow/example_dags/example_time_delta_sensor_async.py
[2024-11-04T14:34:31.474+0000] {processor.py:914} INFO - Processing file /home/airflow/.local/lib/python3.12/site-packages/airflow/example_dags/example_time_delta_sensor_async.py for tasks to queue
[2024-11-04T14:34:31.476+0000] {logging_mixin.py:190} INFO - [2024-11-04T14:34:31.476+0000] {dagbag.py:588} INFO - Filling up the DagBag from /home/airflow/.local/lib/python3.12/site-packages/airflow/example_dags/example_time_delta_sensor_async.py
[2024-11-04T14:34:31.482+0000] {processor.py:925} INFO - DAG(s) 'example_time_delta_sensor_async' retrieved from /home/airflow/.local/lib/python3.12/site-packages/airflow/example_dags/example_time_delta_sensor_async.py
[2024-11-04T14:34:31.503+0000] {logging_mixin.py:190} INFO - [2024-11-04T14:34:31.502+0000] {dag.py:3239} INFO - Sync 1 DAGs
[2024-11-04T14:34:31.515+0000] {logging_mixin.py:190} INFO - [2024-11-04T14:34:31.515+0000] {dag.py:4180} INFO - Setting next_dagrun for example_time_delta_sensor_async to None, run_after=None
[2024-11-04T14:34:31.538+0000] {processor.py:208} INFO - Processing /home/airflow/.local/lib/python3.12/site-packages/airflow/example_dags/example_time_delta_sensor_async.py took 0.071 seconds
[2024-11-04T14:35:01.691+0000] {processor.py:186} INFO - Started process (PID=821) to work on /home/airflow/.local/lib/python3.12/site-packages/airflow/example_dags/example_time_delta_sensor_async.py
[2024-11-04T14:35:01.692+0000] {processor.py:914} INFO - Processing file /home/airflow/.local/lib/python3.12/site-packages/airflow/example_dags/example_time_delta_sensor_async.py for tasks to queue
[2024-11-04T14:35:01.694+0000] {logging_mixin.py:190} INFO - [2024-11-04T14:35:01.694+0000] {dagbag.py:588} INFO - Filling up the DagBag from /home/airflow/.local/lib/python3.12/site-packages/airflow/example_dags/example_time_delta_sensor_async.py
[2024-11-04T14:35:01.699+0000] {processor.py:925} INFO - DAG(s) 'example_time_delta_sensor_async' retrieved from /home/airflow/.local/lib/python3.12/site-packages/airflow/example_dags/example_time_delta_sensor_async.py
[2024-11-04T14:35:01.717+0000] {logging_mixin.py:190} INFO - [2024-11-04T14:35:01.717+0000] {dag.py:3239} INFO - Sync 1 DAGs
[2024-11-04T14:35:01.729+0000] {logging_mixin.py:190} INFO - [2024-11-04T14:35:01.728+0000] {dag.py:4180} INFO - Setting next_dagrun for example_time_delta_sensor_async to None, run_after=None
[2024-11-04T14:35:01.746+0000] {processor.py:208} INFO - Processing /home/airflow/.local/lib/python3.12/site-packages/airflow/example_dags/example_time_delta_sensor_async.py took 0.060 seconds
[2024-11-04T14:36:27.217+0000] {processor.py:186} INFO - Started process (PID=249) to work on /home/airflow/.local/lib/python3.12/site-packages/airflow/example_dags/example_time_delta_sensor_async.py
[2024-11-04T14:36:27.220+0000] {processor.py:914} INFO - Processing file /home/airflow/.local/lib/python3.12/site-packages/airflow/example_dags/example_time_delta_sensor_async.py for tasks to queue
[2024-11-04T14:36:27.224+0000] {logging_mixin.py:190} INFO - [2024-11-04T14:36:27.224+0000] {dagbag.py:588} INFO - Filling up the DagBag from /home/airflow/.local/lib/python3.12/site-packages/airflow/example_dags/example_time_delta_sensor_async.py
[2024-11-04T14:36:27.243+0000] {processor.py:925} INFO - DAG(s) 'example_time_delta_sensor_async' retrieved from /home/airflow/.local/lib/python3.12/site-packages/airflow/example_dags/example_time_delta_sensor_async.py
[2024-11-04T14:36:27.416+0000] {logging_mixin.py:190} INFO - [2024-11-04T14:36:27.415+0000] {override.py:1900} INFO - Created Permission View: can delete on DAG:example_time_delta_sensor_async
[2024-11-04T14:36:27.434+0000] {logging_mixin.py:190} INFO - [2024-11-04T14:36:27.433+0000] {override.py:1900} INFO - Created Permission View: can read on DAG:example_time_delta_sensor_async
[2024-11-04T14:36:27.450+0000] {logging_mixin.py:190} INFO - [2024-11-04T14:36:27.449+0000] {override.py:1900} INFO - Created Permission View: can edit on DAG:example_time_delta_sensor_async
[2024-11-04T14:36:27.466+0000] {logging_mixin.py:190} INFO - [2024-11-04T14:36:27.465+0000] {override.py:1900} INFO - Created Permission View: can create on DAG Run:example_time_delta_sensor_async
[2024-11-04T14:36:27.479+0000] {logging_mixin.py:190} INFO - [2024-11-04T14:36:27.478+0000] {override.py:1900} INFO - Created Permission View: can delete on DAG Run:example_time_delta_sensor_async
[2024-11-04T14:36:27.494+0000] {logging_mixin.py:190} INFO - [2024-11-04T14:36:27.494+0000] {override.py:1900} INFO - Created Permission View: can read on DAG Run:example_time_delta_sensor_async
[2024-11-04T14:36:27.507+0000] {logging_mixin.py:190} INFO - [2024-11-04T14:36:27.507+0000] {override.py:1900} INFO - Created Permission View: menu access on DAG Run:example_time_delta_sensor_async
[2024-11-04T14:36:27.509+0000] {logging_mixin.py:190} INFO - [2024-11-04T14:36:27.508+0000] {dag.py:3239} INFO - Sync 1 DAGs
[2024-11-04T14:36:27.527+0000] {logging_mixin.py:190} INFO - [2024-11-04T14:36:27.527+0000] {dag.py:3262} INFO - Creating ORM DAG for example_time_delta_sensor_async
[2024-11-04T14:36:27.528+0000] {logging_mixin.py:190} INFO - [2024-11-04T14:36:27.528+0000] {dag.py:4180} INFO - Setting next_dagrun for example_time_delta_sensor_async to None, run_after=None
[2024-11-04T14:36:27.556+0000] {processor.py:208} INFO - Processing /home/airflow/.local/lib/python3.12/site-packages/airflow/example_dags/example_time_delta_sensor_async.py took 0.349 seconds
[2024-11-04T14:36:58.372+0000] {processor.py:186} INFO - Started process (PID=535) to work on /home/airflow/.local/lib/python3.12/site-packages/airflow/example_dags/example_time_delta_sensor_async.py
[2024-11-04T14:36:58.374+0000] {processor.py:914} INFO - Processing file /home/airflow/.local/lib/python3.12/site-packages/airflow/example_dags/example_time_delta_sensor_async.py for tasks to queue
[2024-11-04T14:36:58.376+0000] {logging_mixin.py:190} INFO - [2024-11-04T14:36:58.376+0000] {dagbag.py:588} INFO - Filling up the DagBag from /home/airflow/.local/lib/python3.12/site-packages/airflow/example_dags/example_time_delta_sensor_async.py
[2024-11-04T14:36:58.382+0000] {processor.py:925} INFO - DAG(s) 'example_time_delta_sensor_async' retrieved from /home/airflow/.local/lib/python3.12/site-packages/airflow/example_dags/example_time_delta_sensor_async.py
[2024-11-04T14:36:58.400+0000] {logging_mixin.py:190} INFO - [2024-11-04T14:36:58.400+0000] {dag.py:3239} INFO - Sync 1 DAGs
[2024-11-04T14:36:58.413+0000] {logging_mixin.py:190} INFO - [2024-11-04T14:36:58.413+0000] {dag.py:4180} INFO - Setting next_dagrun for example_time_delta_sensor_async to None, run_after=None
[2024-11-04T14:36:58.434+0000] {processor.py:208} INFO - Processing /home/airflow/.local/lib/python3.12/site-packages/airflow/example_dags/example_time_delta_sensor_async.py took 0.066 seconds
[2024-11-04T14:37:29.007+0000] {processor.py:186} INFO - Started process (PID=821) to work on /home/airflow/.local/lib/python3.12/site-packages/airflow/example_dags/example_time_delta_sensor_async.py
[2024-11-04T14:37:29.009+0000] {processor.py:914} INFO - Processing file /home/airflow/.local/lib/python3.12/site-packages/airflow/example_dags/example_time_delta_sensor_async.py for tasks to queue
[2024-11-04T14:37:29.013+0000] {logging_mixin.py:190} INFO - [2024-11-04T14:37:29.013+0000] {dagbag.py:588} INFO - Filling up the DagBag from /home/airflow/.local/lib/python3.12/site-packages/airflow/example_dags/example_time_delta_sensor_async.py
[2024-11-04T14:37:29.023+0000] {processor.py:925} INFO - DAG(s) 'example_time_delta_sensor_async' retrieved from /home/airflow/.local/lib/python3.12/site-packages/airflow/example_dags/example_time_delta_sensor_async.py
[2024-11-04T14:37:29.050+0000] {logging_mixin.py:190} INFO - [2024-11-04T14:37:29.049+0000] {dag.py:3239} INFO - Sync 1 DAGs
[2024-11-04T14:37:29.067+0000] {logging_mixin.py:190} INFO - [2024-11-04T14:37:29.067+0000] {dag.py:4180} INFO - Setting next_dagrun for example_time_delta_sensor_async to None, run_after=None
[2024-11-04T14:37:29.105+0000] {processor.py:208} INFO - Processing /home/airflow/.local/lib/python3.12/site-packages/airflow/example_dags/example_time_delta_sensor_async.py took 0.110 seconds
[2024-11-04T14:37:59.709+0000] {processor.py:186} INFO - Started process (PID=1107) to work on /home/airflow/.local/lib/python3.12/site-packages/airflow/example_dags/example_time_delta_sensor_async.py
[2024-11-04T14:37:59.711+0000] {processor.py:914} INFO - Processing file /home/airflow/.local/lib/python3.12/site-packages/airflow/example_dags/example_time_delta_sensor_async.py for tasks to queue
[2024-11-04T14:37:59.716+0000] {logging_mixin.py:190} INFO - [2024-11-04T14:37:59.715+0000] {dagbag.py:588} INFO - Filling up the DagBag from /home/airflow/.local/lib/python3.12/site-packages/airflow/example_dags/example_time_delta_sensor_async.py
[2024-11-04T14:37:59.730+0000] {processor.py:925} INFO - DAG(s) 'example_time_delta_sensor_async' retrieved from /home/airflow/.local/lib/python3.12/site-packages/airflow/example_dags/example_time_delta_sensor_async.py
[2024-11-04T14:37:59.770+0000] {logging_mixin.py:190} INFO - [2024-11-04T14:37:59.769+0000] {dag.py:3239} INFO - Sync 1 DAGs
[2024-11-04T14:37:59.802+0000] {logging_mixin.py:190} INFO - [2024-11-04T14:37:59.802+0000] {dag.py:4180} INFO - Setting next_dagrun for example_time_delta_sensor_async to None, run_after=None
[2024-11-04T14:37:59.850+0000] {processor.py:208} INFO - Processing /home/airflow/.local/lib/python3.12/site-packages/airflow/example_dags/example_time_delta_sensor_async.py took 0.155 seconds
[2024-11-04T14:38:30.624+0000] {processor.py:186} INFO - Started process (PID=1400) to work on /home/airflow/.local/lib/python3.12/site-packages/airflow/example_dags/example_time_delta_sensor_async.py
[2024-11-04T14:38:30.625+0000] {processor.py:914} INFO - Processing file /home/airflow/.local/lib/python3.12/site-packages/airflow/example_dags/example_time_delta_sensor_async.py for tasks to queue
[2024-11-04T14:38:30.628+0000] {logging_mixin.py:190} INFO - [2024-11-04T14:38:30.627+0000] {dagbag.py:588} INFO - Filling up the DagBag from /home/airflow/.local/lib/python3.12/site-packages/airflow/example_dags/example_time_delta_sensor_async.py
[2024-11-04T14:38:30.634+0000] {processor.py:925} INFO - DAG(s) 'example_time_delta_sensor_async' retrieved from /home/airflow/.local/lib/python3.12/site-packages/airflow/example_dags/example_time_delta_sensor_async.py
[2024-11-04T14:38:30.655+0000] {logging_mixin.py:190} INFO - [2024-11-04T14:38:30.655+0000] {dag.py:3239} INFO - Sync 1 DAGs
[2024-11-04T14:38:30.668+0000] {logging_mixin.py:190} INFO - [2024-11-04T14:38:30.668+0000] {dag.py:4180} INFO - Setting next_dagrun for example_time_delta_sensor_async to None, run_after=None
[2024-11-04T14:38:30.688+0000] {processor.py:208} INFO - Processing /home/airflow/.local/lib/python3.12/site-packages/airflow/example_dags/example_time_delta_sensor_async.py took 0.070 seconds
[2024-11-04T14:39:01.209+0000] {processor.py:186} INFO - Started process (PID=1686) to work on /home/airflow/.local/lib/python3.12/site-packages/airflow/example_dags/example_time_delta_sensor_async.py
[2024-11-04T14:39:01.211+0000] {processor.py:914} INFO - Processing file /home/airflow/.local/lib/python3.12/site-packages/airflow/example_dags/example_time_delta_sensor_async.py for tasks to queue
[2024-11-04T14:39:01.216+0000] {logging_mixin.py:190} INFO - [2024-11-04T14:39:01.216+0000] {dagbag.py:588} INFO - Filling up the DagBag from /home/airflow/.local/lib/python3.12/site-packages/airflow/example_dags/example_time_delta_sensor_async.py
[2024-11-04T14:39:01.228+0000] {processor.py:925} INFO - DAG(s) 'example_time_delta_sensor_async' retrieved from /home/airflow/.local/lib/python3.12/site-packages/airflow/example_dags/example_time_delta_sensor_async.py
[2024-11-04T14:39:01.259+0000] {logging_mixin.py:190} INFO - [2024-11-04T14:39:01.258+0000] {dag.py:3239} INFO - Sync 1 DAGs
[2024-11-04T14:39:01.284+0000] {logging_mixin.py:190} INFO - [2024-11-04T14:39:01.283+0000] {dag.py:4180} INFO - Setting next_dagrun for example_time_delta_sensor_async to None, run_after=None
[2024-11-04T14:39:01.310+0000] {processor.py:208} INFO - Processing /home/airflow/.local/lib/python3.12/site-packages/airflow/example_dags/example_time_delta_sensor_async.py took 0.107 seconds
[2024-11-04T14:39:32.026+0000] {processor.py:186} INFO - Started process (PID=1972) to work on /home/airflow/.local/lib/python3.12/site-packages/airflow/example_dags/example_time_delta_sensor_async.py
[2024-11-04T14:39:32.027+0000] {processor.py:914} INFO - Processing file /home/airflow/.local/lib/python3.12/site-packages/airflow/example_dags/example_time_delta_sensor_async.py for tasks to queue
[2024-11-04T14:39:32.030+0000] {logging_mixin.py:190} INFO - [2024-11-04T14:39:32.030+0000] {dagbag.py:588} INFO - Filling up the DagBag from /home/airflow/.local/lib/python3.12/site-packages/airflow/example_dags/example_time_delta_sensor_async.py
[2024-11-04T14:39:32.036+0000] {processor.py:925} INFO - DAG(s) 'example_time_delta_sensor_async' retrieved from /home/airflow/.local/lib/python3.12/site-packages/airflow/example_dags/example_time_delta_sensor_async.py
[2024-11-04T14:39:32.056+0000] {logging_mixin.py:190} INFO - [2024-11-04T14:39:32.055+0000] {dag.py:3239} INFO - Sync 1 DAGs
[2024-11-04T14:39:32.069+0000] {logging_mixin.py:190} INFO - [2024-11-04T14:39:32.068+0000] {dag.py:4180} INFO - Setting next_dagrun for example_time_delta_sensor_async to None, run_after=None
[2024-11-04T14:39:32.089+0000] {processor.py:208} INFO - Processing /home/airflow/.local/lib/python3.12/site-packages/airflow/example_dags/example_time_delta_sensor_async.py took 0.068 seconds
[2024-11-04T14:40:02.964+0000] {processor.py:186} INFO - Started process (PID=2258) to work on /home/airflow/.local/lib/python3.12/site-packages/airflow/example_dags/example_time_delta_sensor_async.py
[2024-11-04T14:40:02.966+0000] {processor.py:914} INFO - Processing file /home/airflow/.local/lib/python3.12/site-packages/airflow/example_dags/example_time_delta_sensor_async.py for tasks to queue
[2024-11-04T14:40:02.970+0000] {logging_mixin.py:190} INFO - [2024-11-04T14:40:02.969+0000] {dagbag.py:588} INFO - Filling up the DagBag from /home/airflow/.local/lib/python3.12/site-packages/airflow/example_dags/example_time_delta_sensor_async.py
[2024-11-04T14:40:02.980+0000] {processor.py:925} INFO - DAG(s) 'example_time_delta_sensor_async' retrieved from /home/airflow/.local/lib/python3.12/site-packages/airflow/example_dags/example_time_delta_sensor_async.py
[2024-11-04T14:40:03.009+0000] {logging_mixin.py:190} INFO - [2024-11-04T14:40:03.008+0000] {dag.py:3239} INFO - Sync 1 DAGs
[2024-11-04T14:40:03.027+0000] {logging_mixin.py:190} INFO - [2024-11-04T14:40:03.027+0000] {dag.py:4180} INFO - Setting next_dagrun for example_time_delta_sensor_async to None, run_after=None
[2024-11-04T14:40:03.057+0000] {processor.py:208} INFO - Processing /home/airflow/.local/lib/python3.12/site-packages/airflow/example_dags/example_time_delta_sensor_async.py took 0.100 seconds
[2024-11-04T14:40:33.429+0000] {processor.py:186} INFO - Started process (PID=2544) to work on /home/airflow/.local/lib/python3.12/site-packages/airflow/example_dags/example_time_delta_sensor_async.py
[2024-11-04T14:40:33.430+0000] {processor.py:914} INFO - Processing file /home/airflow/.local/lib/python3.12/site-packages/airflow/example_dags/example_time_delta_sensor_async.py for tasks to queue
[2024-11-04T14:40:33.432+0000] {logging_mixin.py:190} INFO - [2024-11-04T14:40:33.432+0000] {dagbag.py:588} INFO - Filling up the DagBag from /home/airflow/.local/lib/python3.12/site-packages/airflow/example_dags/example_time_delta_sensor_async.py
[2024-11-04T14:40:33.438+0000] {processor.py:925} INFO - DAG(s) 'example_time_delta_sensor_async' retrieved from /home/airflow/.local/lib/python3.12/site-packages/airflow/example_dags/example_time_delta_sensor_async.py
[2024-11-04T14:40:33.458+0000] {logging_mixin.py:190} INFO - [2024-11-04T14:40:33.458+0000] {dag.py:3239} INFO - Sync 1 DAGs
[2024-11-04T14:40:33.470+0000] {logging_mixin.py:190} INFO - [2024-11-04T14:40:33.470+0000] {dag.py:4180} INFO - Setting next_dagrun for example_time_delta_sensor_async to None, run_after=None
[2024-11-04T14:40:33.490+0000] {processor.py:208} INFO - Processing /home/airflow/.local/lib/python3.12/site-packages/airflow/example_dags/example_time_delta_sensor_async.py took 0.066 seconds
[2024-11-04T14:41:04.183+0000] {processor.py:186} INFO - Started process (PID=2830) to work on /home/airflow/.local/lib/python3.12/site-packages/airflow/example_dags/example_time_delta_sensor_async.py
[2024-11-04T14:41:04.184+0000] {processor.py:914} INFO - Processing file /home/airflow/.local/lib/python3.12/site-packages/airflow/example_dags/example_time_delta_sensor_async.py for tasks to queue
[2024-11-04T14:41:04.187+0000] {logging_mixin.py:190} INFO - [2024-11-04T14:41:04.187+0000] {dagbag.py:588} INFO - Filling up the DagBag from /home/airflow/.local/lib/python3.12/site-packages/airflow/example_dags/example_time_delta_sensor_async.py
[2024-11-04T14:41:04.194+0000] {processor.py:925} INFO - DAG(s) 'example_time_delta_sensor_async' retrieved from /home/airflow/.local/lib/python3.12/site-packages/airflow/example_dags/example_time_delta_sensor_async.py
[2024-11-04T14:41:04.215+0000] {logging_mixin.py:190} INFO - [2024-11-04T14:41:04.215+0000] {dag.py:3239} INFO - Sync 1 DAGs
[2024-11-04T14:41:04.230+0000] {logging_mixin.py:190} INFO - [2024-11-04T14:41:04.230+0000] {dag.py:4180} INFO - Setting next_dagrun for example_time_delta_sensor_async to None, run_after=None
[2024-11-04T14:41:04.264+0000] {processor.py:208} INFO - Processing /home/airflow/.local/lib/python3.12/site-packages/airflow/example_dags/example_time_delta_sensor_async.py took 0.086 seconds
[2024-11-04T14:41:34.393+0000] {processor.py:186} INFO - Started process (PID=3116) to work on /home/airflow/.local/lib/python3.12/site-packages/airflow/example_dags/example_time_delta_sensor_async.py
[2024-11-04T14:41:34.397+0000] {processor.py:914} INFO - Processing file /home/airflow/.local/lib/python3.12/site-packages/airflow/example_dags/example_time_delta_sensor_async.py for tasks to queue
[2024-11-04T14:41:34.399+0000] {logging_mixin.py:190} INFO - [2024-11-04T14:41:34.399+0000] {dagbag.py:588} INFO - Filling up the DagBag from /home/airflow/.local/lib/python3.12/site-packages/airflow/example_dags/example_time_delta_sensor_async.py
[2024-11-04T14:41:34.407+0000] {processor.py:925} INFO - DAG(s) 'example_time_delta_sensor_async' retrieved from /home/airflow/.local/lib/python3.12/site-packages/airflow/example_dags/example_time_delta_sensor_async.py
[2024-11-04T14:41:34.431+0000] {logging_mixin.py:190} INFO - [2024-11-04T14:41:34.431+0000] {dag.py:3239} INFO - Sync 1 DAGs
[2024-11-04T14:41:34.446+0000] {logging_mixin.py:190} INFO - [2024-11-04T14:41:34.446+0000] {dag.py:4180} INFO - Setting next_dagrun for example_time_delta_sensor_async to None, run_after=None
[2024-11-04T14:41:34.472+0000] {processor.py:208} INFO - Processing /home/airflow/.local/lib/python3.12/site-packages/airflow/example_dags/example_time_delta_sensor_async.py took 0.086 seconds
[2024-11-04T14:42:04.870+0000] {processor.py:186} INFO - Started process (PID=3402) to work on /home/airflow/.local/lib/python3.12/site-packages/airflow/example_dags/example_time_delta_sensor_async.py
[2024-11-04T14:42:04.872+0000] {processor.py:914} INFO - Processing file /home/airflow/.local/lib/python3.12/site-packages/airflow/example_dags/example_time_delta_sensor_async.py for tasks to queue
[2024-11-04T14:42:04.875+0000] {logging_mixin.py:190} INFO - [2024-11-04T14:42:04.874+0000] {dagbag.py:588} INFO - Filling up the DagBag from /home/airflow/.local/lib/python3.12/site-packages/airflow/example_dags/example_time_delta_sensor_async.py
[2024-11-04T14:42:04.881+0000] {processor.py:925} INFO - DAG(s) 'example_time_delta_sensor_async' retrieved from /home/airflow/.local/lib/python3.12/site-packages/airflow/example_dags/example_time_delta_sensor_async.py
[2024-11-04T14:42:04.899+0000] {logging_mixin.py:190} INFO - [2024-11-04T14:42:04.899+0000] {dag.py:3239} INFO - Sync 1 DAGs
[2024-11-04T14:42:04.911+0000] {logging_mixin.py:190} INFO - [2024-11-04T14:42:04.911+0000] {dag.py:4180} INFO - Setting next_dagrun for example_time_delta_sensor_async to None, run_after=None
[2024-11-04T14:42:04.931+0000] {processor.py:208} INFO - Processing /home/airflow/.local/lib/python3.12/site-packages/airflow/example_dags/example_time_delta_sensor_async.py took 0.066 seconds
[2024-11-04T14:42:35.650+0000] {processor.py:186} INFO - Started process (PID=3687) to work on /home/airflow/.local/lib/python3.12/site-packages/airflow/example_dags/example_time_delta_sensor_async.py
[2024-11-04T14:42:35.651+0000] {processor.py:914} INFO - Processing file /home/airflow/.local/lib/python3.12/site-packages/airflow/example_dags/example_time_delta_sensor_async.py for tasks to queue
[2024-11-04T14:42:35.653+0000] {logging_mixin.py:190} INFO - [2024-11-04T14:42:35.653+0000] {dagbag.py:588} INFO - Filling up the DagBag from /home/airflow/.local/lib/python3.12/site-packages/airflow/example_dags/example_time_delta_sensor_async.py
[2024-11-04T14:42:35.660+0000] {processor.py:925} INFO - DAG(s) 'example_time_delta_sensor_async' retrieved from /home/airflow/.local/lib/python3.12/site-packages/airflow/example_dags/example_time_delta_sensor_async.py
[2024-11-04T14:42:35.680+0000] {logging_mixin.py:190} INFO - [2024-11-04T14:42:35.679+0000] {dag.py:3239} INFO - Sync 1 DAGs
[2024-11-04T14:42:35.692+0000] {logging_mixin.py:190} INFO - [2024-11-04T14:42:35.691+0000] {dag.py:4180} INFO - Setting next_dagrun for example_time_delta_sensor_async to None, run_after=None
[2024-11-04T14:42:35.714+0000] {processor.py:208} INFO - Processing /home/airflow/.local/lib/python3.12/site-packages/airflow/example_dags/example_time_delta_sensor_async.py took 0.069 seconds
[2024-11-04T14:43:06.250+0000] {processor.py:186} INFO - Started process (PID=3973) to work on /home/airflow/.local/lib/python3.12/site-packages/airflow/example_dags/example_time_delta_sensor_async.py
[2024-11-04T14:43:06.251+0000] {processor.py:914} INFO - Processing file /home/airflow/.local/lib/python3.12/site-packages/airflow/example_dags/example_time_delta_sensor_async.py for tasks to queue
[2024-11-04T14:43:06.253+0000] {logging_mixin.py:190} INFO - [2024-11-04T14:43:06.253+0000] {dagbag.py:588} INFO - Filling up the DagBag from /home/airflow/.local/lib/python3.12/site-packages/airflow/example_dags/example_time_delta_sensor_async.py
[2024-11-04T14:43:06.260+0000] {processor.py:925} INFO - DAG(s) 'example_time_delta_sensor_async' retrieved from /home/airflow/.local/lib/python3.12/site-packages/airflow/example_dags/example_time_delta_sensor_async.py
[2024-11-04T14:43:06.283+0000] {logging_mixin.py:190} INFO - [2024-11-04T14:43:06.283+0000] {dag.py:3239} INFO - Sync 1 DAGs
[2024-11-04T14:43:06.297+0000] {logging_mixin.py:190} INFO - [2024-11-04T14:43:06.297+0000] {dag.py:4180} INFO - Setting next_dagrun for example_time_delta_sensor_async to None, run_after=None
[2024-11-04T14:43:06.317+0000] {processor.py:208} INFO - Processing /home/airflow/.local/lib/python3.12/site-packages/airflow/example_dags/example_time_delta_sensor_async.py took 0.073 seconds
[2024-11-04T14:44:54.603+0000] {processor.py:186} INFO - Started process (PID=256) to work on /home/airflow/.local/lib/python3.12/site-packages/airflow/example_dags/example_time_delta_sensor_async.py
[2024-11-04T14:44:54.605+0000] {processor.py:914} INFO - Processing file /home/airflow/.local/lib/python3.12/site-packages/airflow/example_dags/example_time_delta_sensor_async.py for tasks to queue
[2024-11-04T14:44:54.609+0000] {logging_mixin.py:190} INFO - [2024-11-04T14:44:54.608+0000] {dagbag.py:588} INFO - Filling up the DagBag from /home/airflow/.local/lib/python3.12/site-packages/airflow/example_dags/example_time_delta_sensor_async.py
[2024-11-04T14:44:54.626+0000] {processor.py:925} INFO - DAG(s) 'example_time_delta_sensor_async' retrieved from /home/airflow/.local/lib/python3.12/site-packages/airflow/example_dags/example_time_delta_sensor_async.py
[2024-11-04T14:44:54.775+0000] {logging_mixin.py:190} INFO - [2024-11-04T14:44:54.774+0000] {override.py:1900} INFO - Created Permission View: can delete on DAG:example_time_delta_sensor_async
[2024-11-04T14:44:54.792+0000] {logging_mixin.py:190} INFO - [2024-11-04T14:44:54.791+0000] {override.py:1900} INFO - Created Permission View: can read on DAG:example_time_delta_sensor_async
[2024-11-04T14:44:54.804+0000] {logging_mixin.py:190} INFO - [2024-11-04T14:44:54.804+0000] {override.py:1900} INFO - Created Permission View: can edit on DAG:example_time_delta_sensor_async
[2024-11-04T14:44:54.820+0000] {logging_mixin.py:190} INFO - [2024-11-04T14:44:54.819+0000] {override.py:1900} INFO - Created Permission View: can create on DAG Run:example_time_delta_sensor_async
[2024-11-04T14:44:54.832+0000] {logging_mixin.py:190} INFO - [2024-11-04T14:44:54.831+0000] {override.py:1900} INFO - Created Permission View: can delete on DAG Run:example_time_delta_sensor_async
[2024-11-04T14:44:54.844+0000] {logging_mixin.py:190} INFO - [2024-11-04T14:44:54.844+0000] {override.py:1900} INFO - Created Permission View: menu access on DAG Run:example_time_delta_sensor_async
[2024-11-04T14:44:54.856+0000] {logging_mixin.py:190} INFO - [2024-11-04T14:44:54.856+0000] {override.py:1900} INFO - Created Permission View: can read on DAG Run:example_time_delta_sensor_async
[2024-11-04T14:44:54.858+0000] {logging_mixin.py:190} INFO - [2024-11-04T14:44:54.857+0000] {dag.py:3239} INFO - Sync 1 DAGs
[2024-11-04T14:44:54.876+0000] {logging_mixin.py:190} INFO - [2024-11-04T14:44:54.876+0000] {dag.py:3262} INFO - Creating ORM DAG for example_time_delta_sensor_async
[2024-11-04T14:44:54.878+0000] {logging_mixin.py:190} INFO - [2024-11-04T14:44:54.878+0000] {dag.py:4180} INFO - Setting next_dagrun for example_time_delta_sensor_async to None, run_after=None
[2024-11-04T14:44:54.906+0000] {processor.py:208} INFO - Processing /home/airflow/.local/lib/python3.12/site-packages/airflow/example_dags/example_time_delta_sensor_async.py took 0.311 seconds
[2024-11-04T14:45:25.521+0000] {processor.py:186} INFO - Started process (PID=544) to work on /home/airflow/.local/lib/python3.12/site-packages/airflow/example_dags/example_time_delta_sensor_async.py
[2024-11-04T14:45:25.523+0000] {processor.py:914} INFO - Processing file /home/airflow/.local/lib/python3.12/site-packages/airflow/example_dags/example_time_delta_sensor_async.py for tasks to queue
[2024-11-04T14:45:25.527+0000] {logging_mixin.py:190} INFO - [2024-11-04T14:45:25.526+0000] {dagbag.py:588} INFO - Filling up the DagBag from /home/airflow/.local/lib/python3.12/site-packages/airflow/example_dags/example_time_delta_sensor_async.py
[2024-11-04T14:45:25.539+0000] {processor.py:925} INFO - DAG(s) 'example_time_delta_sensor_async' retrieved from /home/airflow/.local/lib/python3.12/site-packages/airflow/example_dags/example_time_delta_sensor_async.py
[2024-11-04T14:45:25.568+0000] {logging_mixin.py:190} INFO - [2024-11-04T14:45:25.567+0000] {dag.py:3239} INFO - Sync 1 DAGs
[2024-11-04T14:45:25.588+0000] {logging_mixin.py:190} INFO - [2024-11-04T14:45:25.588+0000] {dag.py:4180} INFO - Setting next_dagrun for example_time_delta_sensor_async to None, run_after=None
[2024-11-04T14:45:25.619+0000] {processor.py:208} INFO - Processing /home/airflow/.local/lib/python3.12/site-packages/airflow/example_dags/example_time_delta_sensor_async.py took 0.105 seconds
[2024-11-04T14:45:55.676+0000] {processor.py:186} INFO - Started process (PID=830) to work on /home/airflow/.local/lib/python3.12/site-packages/airflow/example_dags/example_time_delta_sensor_async.py
[2024-11-04T14:45:55.677+0000] {processor.py:914} INFO - Processing file /home/airflow/.local/lib/python3.12/site-packages/airflow/example_dags/example_time_delta_sensor_async.py for tasks to queue
[2024-11-04T14:45:55.679+0000] {logging_mixin.py:190} INFO - [2024-11-04T14:45:55.679+0000] {dagbag.py:588} INFO - Filling up the DagBag from /home/airflow/.local/lib/python3.12/site-packages/airflow/example_dags/example_time_delta_sensor_async.py
[2024-11-04T14:45:55.685+0000] {processor.py:925} INFO - DAG(s) 'example_time_delta_sensor_async' retrieved from /home/airflow/.local/lib/python3.12/site-packages/airflow/example_dags/example_time_delta_sensor_async.py
[2024-11-04T14:45:55.702+0000] {logging_mixin.py:190} INFO - [2024-11-04T14:45:55.702+0000] {dag.py:3239} INFO - Sync 1 DAGs
[2024-11-04T14:45:55.713+0000] {logging_mixin.py:190} INFO - [2024-11-04T14:45:55.713+0000] {dag.py:4180} INFO - Setting next_dagrun for example_time_delta_sensor_async to None, run_after=None
[2024-11-04T14:45:55.733+0000] {processor.py:208} INFO - Processing /home/airflow/.local/lib/python3.12/site-packages/airflow/example_dags/example_time_delta_sensor_async.py took 0.062 seconds
[2024-11-04T14:46:25.878+0000] {processor.py:186} INFO - Started process (PID=1114) to work on /home/airflow/.local/lib/python3.12/site-packages/airflow/example_dags/example_time_delta_sensor_async.py
[2024-11-04T14:46:25.880+0000] {processor.py:914} INFO - Processing file /home/airflow/.local/lib/python3.12/site-packages/airflow/example_dags/example_time_delta_sensor_async.py for tasks to queue
[2024-11-04T14:46:25.883+0000] {logging_mixin.py:190} INFO - [2024-11-04T14:46:25.883+0000] {dagbag.py:588} INFO - Filling up the DagBag from /home/airflow/.local/lib/python3.12/site-packages/airflow/example_dags/example_time_delta_sensor_async.py
[2024-11-04T14:46:25.889+0000] {processor.py:925} INFO - DAG(s) 'example_time_delta_sensor_async' retrieved from /home/airflow/.local/lib/python3.12/site-packages/airflow/example_dags/example_time_delta_sensor_async.py
[2024-11-04T14:46:25.911+0000] {logging_mixin.py:190} INFO - [2024-11-04T14:46:25.911+0000] {dag.py:3239} INFO - Sync 1 DAGs
[2024-11-04T14:46:25.925+0000] {logging_mixin.py:190} INFO - [2024-11-04T14:46:25.925+0000] {dag.py:4180} INFO - Setting next_dagrun for example_time_delta_sensor_async to None, run_after=None
[2024-11-04T14:46:25.950+0000] {processor.py:208} INFO - Processing /home/airflow/.local/lib/python3.12/site-packages/airflow/example_dags/example_time_delta_sensor_async.py took 0.078 seconds
[2024-11-04T14:46:56.387+0000] {processor.py:186} INFO - Started process (PID=1400) to work on /home/airflow/.local/lib/python3.12/site-packages/airflow/example_dags/example_time_delta_sensor_async.py
[2024-11-04T14:46:56.389+0000] {processor.py:914} INFO - Processing file /home/airflow/.local/lib/python3.12/site-packages/airflow/example_dags/example_time_delta_sensor_async.py for tasks to queue
[2024-11-04T14:46:56.392+0000] {logging_mixin.py:190} INFO - [2024-11-04T14:46:56.391+0000] {dagbag.py:588} INFO - Filling up the DagBag from /home/airflow/.local/lib/python3.12/site-packages/airflow/example_dags/example_time_delta_sensor_async.py
[2024-11-04T14:46:56.398+0000] {processor.py:925} INFO - DAG(s) 'example_time_delta_sensor_async' retrieved from /home/airflow/.local/lib/python3.12/site-packages/airflow/example_dags/example_time_delta_sensor_async.py
[2024-11-04T14:46:56.422+0000] {logging_mixin.py:190} INFO - [2024-11-04T14:46:56.422+0000] {dag.py:3239} INFO - Sync 1 DAGs
[2024-11-04T14:46:56.441+0000] {logging_mixin.py:190} INFO - [2024-11-04T14:46:56.441+0000] {dag.py:4180} INFO - Setting next_dagrun for example_time_delta_sensor_async to None, run_after=None
[2024-11-04T14:46:56.466+0000] {processor.py:208} INFO - Processing /home/airflow/.local/lib/python3.12/site-packages/airflow/example_dags/example_time_delta_sensor_async.py took 0.084 seconds
[2024-11-04T14:49:13.949+0000] {processor.py:186} INFO - Started process (PID=249) to work on /home/airflow/.local/lib/python3.12/site-packages/airflow/example_dags/example_time_delta_sensor_async.py
[2024-11-04T14:49:13.952+0000] {processor.py:914} INFO - Processing file /home/airflow/.local/lib/python3.12/site-packages/airflow/example_dags/example_time_delta_sensor_async.py for tasks to queue
[2024-11-04T14:49:13.957+0000] {logging_mixin.py:190} INFO - [2024-11-04T14:49:13.956+0000] {dagbag.py:588} INFO - Filling up the DagBag from /home/airflow/.local/lib/python3.12/site-packages/airflow/example_dags/example_time_delta_sensor_async.py
[2024-11-04T14:49:13.973+0000] {processor.py:925} INFO - DAG(s) 'example_time_delta_sensor_async' retrieved from /home/airflow/.local/lib/python3.12/site-packages/airflow/example_dags/example_time_delta_sensor_async.py
[2024-11-04T14:49:14.130+0000] {logging_mixin.py:190} INFO - [2024-11-04T14:49:14.129+0000] {override.py:1900} INFO - Created Permission View: can edit on DAG:example_time_delta_sensor_async
[2024-11-04T14:49:14.147+0000] {logging_mixin.py:190} INFO - [2024-11-04T14:49:14.147+0000] {override.py:1900} INFO - Created Permission View: can delete on DAG:example_time_delta_sensor_async
[2024-11-04T14:49:14.160+0000] {logging_mixin.py:190} INFO - [2024-11-04T14:49:14.159+0000] {override.py:1900} INFO - Created Permission View: can read on DAG:example_time_delta_sensor_async
[2024-11-04T14:49:14.175+0000] {logging_mixin.py:190} INFO - [2024-11-04T14:49:14.175+0000] {override.py:1900} INFO - Created Permission View: can create on DAG Run:example_time_delta_sensor_async
[2024-11-04T14:49:14.188+0000] {logging_mixin.py:190} INFO - [2024-11-04T14:49:14.188+0000] {override.py:1900} INFO - Created Permission View: can read on DAG Run:example_time_delta_sensor_async
[2024-11-04T14:49:14.202+0000] {logging_mixin.py:190} INFO - [2024-11-04T14:49:14.201+0000] {override.py:1900} INFO - Created Permission View: can delete on DAG Run:example_time_delta_sensor_async
[2024-11-04T14:49:14.216+0000] {logging_mixin.py:190} INFO - [2024-11-04T14:49:14.215+0000] {override.py:1900} INFO - Created Permission View: menu access on DAG Run:example_time_delta_sensor_async
[2024-11-04T14:49:14.217+0000] {logging_mixin.py:190} INFO - [2024-11-04T14:49:14.217+0000] {dag.py:3239} INFO - Sync 1 DAGs
[2024-11-04T14:49:14.236+0000] {logging_mixin.py:190} INFO - [2024-11-04T14:49:14.235+0000] {dag.py:3262} INFO - Creating ORM DAG for example_time_delta_sensor_async
[2024-11-04T14:49:14.238+0000] {logging_mixin.py:190} INFO - [2024-11-04T14:49:14.237+0000] {dag.py:4180} INFO - Setting next_dagrun for example_time_delta_sensor_async to None, run_after=None
[2024-11-04T14:49:14.266+0000] {processor.py:208} INFO - Processing /home/airflow/.local/lib/python3.12/site-packages/airflow/example_dags/example_time_delta_sensor_async.py took 0.325 seconds
