[2024-11-04T14:34:00.716+0000] {processor.py:186} INFO - Started process (PID=253) to work on /home/airflow/.local/lib/python3.12/site-packages/airflow/example_dags/example_python_operator.py
[2024-11-04T14:34:00.718+0000] {processor.py:914} INFO - Processing file /home/airflow/.local/lib/python3.12/site-packages/airflow/example_dags/example_python_operator.py for tasks to queue
[2024-11-04T14:34:00.722+0000] {logging_mixin.py:190} INFO - [2024-11-04T14:34:00.722+0000] {dagbag.py:588} INFO - Filling up the DagBag from /home/airflow/.local/lib/python3.12/site-packages/airflow/example_dags/example_python_operator.py
[2024-11-04T14:34:00.742+0000] {processor.py:925} INFO - DAG(s) 'example_python_operator' retrieved from /home/airflow/.local/lib/python3.12/site-packages/airflow/example_dags/example_python_operator.py
[2024-11-04T14:34:00.897+0000] {logging_mixin.py:190} INFO - [2024-11-04T14:34:00.896+0000] {override.py:1900} INFO - Created Permission View: can edit on DAG:example_python_operator
[2024-11-04T14:34:00.915+0000] {logging_mixin.py:190} INFO - [2024-11-04T14:34:00.914+0000] {override.py:1900} INFO - Created Permission View: can read on DAG:example_python_operator
[2024-11-04T14:34:00.928+0000] {logging_mixin.py:190} INFO - [2024-11-04T14:34:00.927+0000] {override.py:1900} INFO - Created Permission View: can delete on DAG:example_python_operator
[2024-11-04T14:34:00.946+0000] {logging_mixin.py:190} INFO - [2024-11-04T14:34:00.945+0000] {override.py:1900} INFO - Created Permission View: can read on DAG Run:example_python_operator
[2024-11-04T14:34:00.957+0000] {logging_mixin.py:190} INFO - [2024-11-04T14:34:00.956+0000] {override.py:1900} INFO - Created Permission View: can delete on DAG Run:example_python_operator
[2024-11-04T14:34:00.969+0000] {logging_mixin.py:190} INFO - [2024-11-04T14:34:00.968+0000] {override.py:1900} INFO - Created Permission View: menu access on DAG Run:example_python_operator
[2024-11-04T14:34:00.980+0000] {logging_mixin.py:190} INFO - [2024-11-04T14:34:00.979+0000] {override.py:1900} INFO - Created Permission View: can create on DAG Run:example_python_operator
[2024-11-04T14:34:00.981+0000] {logging_mixin.py:190} INFO - [2024-11-04T14:34:00.981+0000] {dag.py:3239} INFO - Sync 1 DAGs
[2024-11-04T14:34:00.999+0000] {logging_mixin.py:190} INFO - [2024-11-04T14:34:00.999+0000] {dag.py:3262} INFO - Creating ORM DAG for example_python_operator
[2024-11-04T14:34:01.001+0000] {logging_mixin.py:190} INFO - [2024-11-04T14:34:01.001+0000] {dag.py:4180} INFO - Setting next_dagrun for example_python_operator to None, run_after=None
[2024-11-04T14:34:01.029+0000] {processor.py:208} INFO - Processing /home/airflow/.local/lib/python3.12/site-packages/airflow/example_dags/example_python_operator.py took 0.322 seconds
[2024-11-04T14:34:31.603+0000] {processor.py:186} INFO - Started process (PID=541) to work on /home/airflow/.local/lib/python3.12/site-packages/airflow/example_dags/example_python_operator.py
[2024-11-04T14:34:31.604+0000] {processor.py:914} INFO - Processing file /home/airflow/.local/lib/python3.12/site-packages/airflow/example_dags/example_python_operator.py for tasks to queue
[2024-11-04T14:34:31.607+0000] {logging_mixin.py:190} INFO - [2024-11-04T14:34:31.607+0000] {dagbag.py:588} INFO - Filling up the DagBag from /home/airflow/.local/lib/python3.12/site-packages/airflow/example_dags/example_python_operator.py
[2024-11-04T14:34:31.618+0000] {processor.py:925} INFO - DAG(s) 'example_python_operator' retrieved from /home/airflow/.local/lib/python3.12/site-packages/airflow/example_dags/example_python_operator.py
[2024-11-04T14:34:31.645+0000] {logging_mixin.py:190} INFO - [2024-11-04T14:34:31.645+0000] {dag.py:3239} INFO - Sync 1 DAGs
[2024-11-04T14:34:31.659+0000] {logging_mixin.py:190} INFO - [2024-11-04T14:34:31.659+0000] {dag.py:4180} INFO - Setting next_dagrun for example_python_operator to None, run_after=None
[2024-11-04T14:34:31.686+0000] {processor.py:208} INFO - Processing /home/airflow/.local/lib/python3.12/site-packages/airflow/example_dags/example_python_operator.py took 0.090 seconds
[2024-11-04T14:35:01.803+0000] {processor.py:186} INFO - Started process (PID=828) to work on /home/airflow/.local/lib/python3.12/site-packages/airflow/example_dags/example_python_operator.py
[2024-11-04T14:35:01.804+0000] {processor.py:914} INFO - Processing file /home/airflow/.local/lib/python3.12/site-packages/airflow/example_dags/example_python_operator.py for tasks to queue
[2024-11-04T14:35:01.807+0000] {logging_mixin.py:190} INFO - [2024-11-04T14:35:01.807+0000] {dagbag.py:588} INFO - Filling up the DagBag from /home/airflow/.local/lib/python3.12/site-packages/airflow/example_dags/example_python_operator.py
[2024-11-04T14:35:01.817+0000] {processor.py:925} INFO - DAG(s) 'example_python_operator' retrieved from /home/airflow/.local/lib/python3.12/site-packages/airflow/example_dags/example_python_operator.py
[2024-11-04T14:35:01.836+0000] {logging_mixin.py:190} INFO - [2024-11-04T14:35:01.836+0000] {dag.py:3239} INFO - Sync 1 DAGs
[2024-11-04T14:35:01.848+0000] {logging_mixin.py:190} INFO - [2024-11-04T14:35:01.847+0000] {dag.py:4180} INFO - Setting next_dagrun for example_python_operator to None, run_after=None
[2024-11-04T14:35:01.864+0000] {processor.py:208} INFO - Processing /home/airflow/.local/lib/python3.12/site-packages/airflow/example_dags/example_python_operator.py took 0.066 seconds
[2024-11-04T14:36:27.498+0000] {processor.py:186} INFO - Started process (PID=254) to work on /home/airflow/.local/lib/python3.12/site-packages/airflow/example_dags/example_python_operator.py
[2024-11-04T14:36:27.500+0000] {processor.py:914} INFO - Processing file /home/airflow/.local/lib/python3.12/site-packages/airflow/example_dags/example_python_operator.py for tasks to queue
[2024-11-04T14:36:27.504+0000] {logging_mixin.py:190} INFO - [2024-11-04T14:36:27.503+0000] {dagbag.py:588} INFO - Filling up the DagBag from /home/airflow/.local/lib/python3.12/site-packages/airflow/example_dags/example_python_operator.py
[2024-11-04T14:36:27.524+0000] {processor.py:925} INFO - DAG(s) 'example_python_operator' retrieved from /home/airflow/.local/lib/python3.12/site-packages/airflow/example_dags/example_python_operator.py
[2024-11-04T14:36:27.681+0000] {logging_mixin.py:190} INFO - [2024-11-04T14:36:27.680+0000] {override.py:1900} INFO - Created Permission View: can delete on DAG:example_python_operator
[2024-11-04T14:36:27.698+0000] {logging_mixin.py:190} INFO - [2024-11-04T14:36:27.697+0000] {override.py:1900} INFO - Created Permission View: can read on DAG:example_python_operator
[2024-11-04T14:36:27.711+0000] {logging_mixin.py:190} INFO - [2024-11-04T14:36:27.710+0000] {override.py:1900} INFO - Created Permission View: can edit on DAG:example_python_operator
[2024-11-04T14:36:27.727+0000] {logging_mixin.py:190} INFO - [2024-11-04T14:36:27.726+0000] {override.py:1900} INFO - Created Permission View: can create on DAG Run:example_python_operator
[2024-11-04T14:36:27.740+0000] {logging_mixin.py:190} INFO - [2024-11-04T14:36:27.740+0000] {override.py:1900} INFO - Created Permission View: can delete on DAG Run:example_python_operator
[2024-11-04T14:36:27.754+0000] {logging_mixin.py:190} INFO - [2024-11-04T14:36:27.754+0000] {override.py:1900} INFO - Created Permission View: can read on DAG Run:example_python_operator
[2024-11-04T14:36:27.767+0000] {logging_mixin.py:190} INFO - [2024-11-04T14:36:27.767+0000] {override.py:1900} INFO - Created Permission View: menu access on DAG Run:example_python_operator
[2024-11-04T14:36:27.769+0000] {logging_mixin.py:190} INFO - [2024-11-04T14:36:27.768+0000] {dag.py:3239} INFO - Sync 1 DAGs
[2024-11-04T14:36:27.792+0000] {logging_mixin.py:190} INFO - [2024-11-04T14:36:27.792+0000] {dag.py:3262} INFO - Creating ORM DAG for example_python_operator
[2024-11-04T14:36:27.794+0000] {logging_mixin.py:190} INFO - [2024-11-04T14:36:27.794+0000] {dag.py:4180} INFO - Setting next_dagrun for example_python_operator to None, run_after=None
[2024-11-04T14:36:27.824+0000] {processor.py:208} INFO - Processing /home/airflow/.local/lib/python3.12/site-packages/airflow/example_dags/example_python_operator.py took 0.335 seconds
[2024-11-04T14:36:58.485+0000] {processor.py:186} INFO - Started process (PID=542) to work on /home/airflow/.local/lib/python3.12/site-packages/airflow/example_dags/example_python_operator.py
[2024-11-04T14:36:58.486+0000] {processor.py:914} INFO - Processing file /home/airflow/.local/lib/python3.12/site-packages/airflow/example_dags/example_python_operator.py for tasks to queue
[2024-11-04T14:36:58.488+0000] {logging_mixin.py:190} INFO - [2024-11-04T14:36:58.488+0000] {dagbag.py:588} INFO - Filling up the DagBag from /home/airflow/.local/lib/python3.12/site-packages/airflow/example_dags/example_python_operator.py
[2024-11-04T14:36:58.498+0000] {processor.py:925} INFO - DAG(s) 'example_python_operator' retrieved from /home/airflow/.local/lib/python3.12/site-packages/airflow/example_dags/example_python_operator.py
[2024-11-04T14:36:58.518+0000] {logging_mixin.py:190} INFO - [2024-11-04T14:36:58.517+0000] {dag.py:3239} INFO - Sync 1 DAGs
[2024-11-04T14:36:58.529+0000] {logging_mixin.py:190} INFO - [2024-11-04T14:36:58.529+0000] {dag.py:4180} INFO - Setting next_dagrun for example_python_operator to None, run_after=None
[2024-11-04T14:36:58.547+0000] {processor.py:208} INFO - Processing /home/airflow/.local/lib/python3.12/site-packages/airflow/example_dags/example_python_operator.py took 0.067 seconds
[2024-11-04T14:37:29.226+0000] {processor.py:186} INFO - Started process (PID=828) to work on /home/airflow/.local/lib/python3.12/site-packages/airflow/example_dags/example_python_operator.py
[2024-11-04T14:37:29.229+0000] {processor.py:914} INFO - Processing file /home/airflow/.local/lib/python3.12/site-packages/airflow/example_dags/example_python_operator.py for tasks to queue
[2024-11-04T14:37:29.240+0000] {logging_mixin.py:190} INFO - [2024-11-04T14:37:29.239+0000] {dagbag.py:588} INFO - Filling up the DagBag from /home/airflow/.local/lib/python3.12/site-packages/airflow/example_dags/example_python_operator.py
[2024-11-04T14:37:29.285+0000] {processor.py:925} INFO - DAG(s) 'example_python_operator' retrieved from /home/airflow/.local/lib/python3.12/site-packages/airflow/example_dags/example_python_operator.py
[2024-11-04T14:37:29.343+0000] {logging_mixin.py:190} INFO - [2024-11-04T14:37:29.343+0000] {dag.py:3239} INFO - Sync 1 DAGs
[2024-11-04T14:37:29.419+0000] {logging_mixin.py:190} INFO - [2024-11-04T14:37:29.419+0000] {dag.py:4180} INFO - Setting next_dagrun for example_python_operator to None, run_after=None
[2024-11-04T14:37:29.477+0000] {processor.py:208} INFO - Processing /home/airflow/.local/lib/python3.12/site-packages/airflow/example_dags/example_python_operator.py took 0.269 seconds
[2024-11-04T14:37:59.957+0000] {processor.py:186} INFO - Started process (PID=1114) to work on /home/airflow/.local/lib/python3.12/site-packages/airflow/example_dags/example_python_operator.py
[2024-11-04T14:37:59.959+0000] {processor.py:914} INFO - Processing file /home/airflow/.local/lib/python3.12/site-packages/airflow/example_dags/example_python_operator.py for tasks to queue
[2024-11-04T14:37:59.964+0000] {logging_mixin.py:190} INFO - [2024-11-04T14:37:59.963+0000] {dagbag.py:588} INFO - Filling up the DagBag from /home/airflow/.local/lib/python3.12/site-packages/airflow/example_dags/example_python_operator.py
[2024-11-04T14:37:59.988+0000] {processor.py:925} INFO - DAG(s) 'example_python_operator' retrieved from /home/airflow/.local/lib/python3.12/site-packages/airflow/example_dags/example_python_operator.py
[2024-11-04T14:38:00.034+0000] {logging_mixin.py:190} INFO - [2024-11-04T14:38:00.033+0000] {dag.py:3239} INFO - Sync 1 DAGs
[2024-11-04T14:38:00.058+0000] {logging_mixin.py:190} INFO - [2024-11-04T14:38:00.058+0000] {dag.py:4180} INFO - Setting next_dagrun for example_python_operator to None, run_after=None
[2024-11-04T14:38:00.094+0000] {processor.py:208} INFO - Processing /home/airflow/.local/lib/python3.12/site-packages/airflow/example_dags/example_python_operator.py took 0.151 seconds
[2024-11-04T14:38:30.738+0000] {processor.py:186} INFO - Started process (PID=1407) to work on /home/airflow/.local/lib/python3.12/site-packages/airflow/example_dags/example_python_operator.py
[2024-11-04T14:38:30.739+0000] {processor.py:914} INFO - Processing file /home/airflow/.local/lib/python3.12/site-packages/airflow/example_dags/example_python_operator.py for tasks to queue
[2024-11-04T14:38:30.742+0000] {logging_mixin.py:190} INFO - [2024-11-04T14:38:30.741+0000] {dagbag.py:588} INFO - Filling up the DagBag from /home/airflow/.local/lib/python3.12/site-packages/airflow/example_dags/example_python_operator.py
[2024-11-04T14:38:30.752+0000] {processor.py:925} INFO - DAG(s) 'example_python_operator' retrieved from /home/airflow/.local/lib/python3.12/site-packages/airflow/example_dags/example_python_operator.py
[2024-11-04T14:38:30.775+0000] {logging_mixin.py:190} INFO - [2024-11-04T14:38:30.774+0000] {dag.py:3239} INFO - Sync 1 DAGs
[2024-11-04T14:38:30.788+0000] {logging_mixin.py:190} INFO - [2024-11-04T14:38:30.788+0000] {dag.py:4180} INFO - Setting next_dagrun for example_python_operator to None, run_after=None
[2024-11-04T14:38:30.806+0000] {processor.py:208} INFO - Processing /home/airflow/.local/lib/python3.12/site-packages/airflow/example_dags/example_python_operator.py took 0.074 seconds
[2024-11-04T14:39:01.381+0000] {processor.py:186} INFO - Started process (PID=1693) to work on /home/airflow/.local/lib/python3.12/site-packages/airflow/example_dags/example_python_operator.py
[2024-11-04T14:39:01.383+0000] {processor.py:914} INFO - Processing file /home/airflow/.local/lib/python3.12/site-packages/airflow/example_dags/example_python_operator.py for tasks to queue
[2024-11-04T14:39:01.386+0000] {logging_mixin.py:190} INFO - [2024-11-04T14:39:01.385+0000] {dagbag.py:588} INFO - Filling up the DagBag from /home/airflow/.local/lib/python3.12/site-packages/airflow/example_dags/example_python_operator.py
[2024-11-04T14:39:01.400+0000] {processor.py:925} INFO - DAG(s) 'example_python_operator' retrieved from /home/airflow/.local/lib/python3.12/site-packages/airflow/example_dags/example_python_operator.py
[2024-11-04T14:39:01.427+0000] {logging_mixin.py:190} INFO - [2024-11-04T14:39:01.427+0000] {dag.py:3239} INFO - Sync 1 DAGs
[2024-11-04T14:39:01.442+0000] {logging_mixin.py:190} INFO - [2024-11-04T14:39:01.442+0000] {dag.py:4180} INFO - Setting next_dagrun for example_python_operator to None, run_after=None
[2024-11-04T14:39:01.470+0000] {processor.py:208} INFO - Processing /home/airflow/.local/lib/python3.12/site-packages/airflow/example_dags/example_python_operator.py took 0.098 seconds
[2024-11-04T14:39:32.141+0000] {processor.py:186} INFO - Started process (PID=1979) to work on /home/airflow/.local/lib/python3.12/site-packages/airflow/example_dags/example_python_operator.py
[2024-11-04T14:39:32.143+0000] {processor.py:914} INFO - Processing file /home/airflow/.local/lib/python3.12/site-packages/airflow/example_dags/example_python_operator.py for tasks to queue
[2024-11-04T14:39:32.145+0000] {logging_mixin.py:190} INFO - [2024-11-04T14:39:32.145+0000] {dagbag.py:588} INFO - Filling up the DagBag from /home/airflow/.local/lib/python3.12/site-packages/airflow/example_dags/example_python_operator.py
[2024-11-04T14:39:32.157+0000] {processor.py:925} INFO - DAG(s) 'example_python_operator' retrieved from /home/airflow/.local/lib/python3.12/site-packages/airflow/example_dags/example_python_operator.py
[2024-11-04T14:39:32.178+0000] {logging_mixin.py:190} INFO - [2024-11-04T14:39:32.178+0000] {dag.py:3239} INFO - Sync 1 DAGs
[2024-11-04T14:39:32.191+0000] {logging_mixin.py:190} INFO - [2024-11-04T14:39:32.190+0000] {dag.py:4180} INFO - Setting next_dagrun for example_python_operator to None, run_after=None
[2024-11-04T14:39:32.209+0000] {processor.py:208} INFO - Processing /home/airflow/.local/lib/python3.12/site-packages/airflow/example_dags/example_python_operator.py took 0.074 seconds
[2024-11-04T14:40:03.128+0000] {processor.py:186} INFO - Started process (PID=2265) to work on /home/airflow/.local/lib/python3.12/site-packages/airflow/example_dags/example_python_operator.py
[2024-11-04T14:40:03.130+0000] {processor.py:914} INFO - Processing file /home/airflow/.local/lib/python3.12/site-packages/airflow/example_dags/example_python_operator.py for tasks to queue
[2024-11-04T14:40:03.133+0000] {logging_mixin.py:190} INFO - [2024-11-04T14:40:03.132+0000] {dagbag.py:588} INFO - Filling up the DagBag from /home/airflow/.local/lib/python3.12/site-packages/airflow/example_dags/example_python_operator.py
[2024-11-04T14:40:03.145+0000] {processor.py:925} INFO - DAG(s) 'example_python_operator' retrieved from /home/airflow/.local/lib/python3.12/site-packages/airflow/example_dags/example_python_operator.py
[2024-11-04T14:40:03.174+0000] {logging_mixin.py:190} INFO - [2024-11-04T14:40:03.173+0000] {dag.py:3239} INFO - Sync 1 DAGs
[2024-11-04T14:40:03.190+0000] {logging_mixin.py:190} INFO - [2024-11-04T14:40:03.190+0000] {dag.py:4180} INFO - Setting next_dagrun for example_python_operator to None, run_after=None
[2024-11-04T14:40:03.213+0000] {processor.py:208} INFO - Processing /home/airflow/.local/lib/python3.12/site-packages/airflow/example_dags/example_python_operator.py took 0.091 seconds
[2024-11-04T14:40:33.538+0000] {processor.py:186} INFO - Started process (PID=2551) to work on /home/airflow/.local/lib/python3.12/site-packages/airflow/example_dags/example_python_operator.py
[2024-11-04T14:40:33.540+0000] {processor.py:914} INFO - Processing file /home/airflow/.local/lib/python3.12/site-packages/airflow/example_dags/example_python_operator.py for tasks to queue
[2024-11-04T14:40:33.542+0000] {logging_mixin.py:190} INFO - [2024-11-04T14:40:33.542+0000] {dagbag.py:588} INFO - Filling up the DagBag from /home/airflow/.local/lib/python3.12/site-packages/airflow/example_dags/example_python_operator.py
[2024-11-04T14:40:33.552+0000] {processor.py:925} INFO - DAG(s) 'example_python_operator' retrieved from /home/airflow/.local/lib/python3.12/site-packages/airflow/example_dags/example_python_operator.py
[2024-11-04T14:40:33.571+0000] {logging_mixin.py:190} INFO - [2024-11-04T14:40:33.570+0000] {dag.py:3239} INFO - Sync 1 DAGs
[2024-11-04T14:40:33.581+0000] {logging_mixin.py:190} INFO - [2024-11-04T14:40:33.581+0000] {dag.py:4180} INFO - Setting next_dagrun for example_python_operator to None, run_after=None
[2024-11-04T14:40:33.598+0000] {processor.py:208} INFO - Processing /home/airflow/.local/lib/python3.12/site-packages/airflow/example_dags/example_python_operator.py took 0.065 seconds
[2024-11-04T14:41:04.318+0000] {processor.py:186} INFO - Started process (PID=2837) to work on /home/airflow/.local/lib/python3.12/site-packages/airflow/example_dags/example_python_operator.py
[2024-11-04T14:41:04.320+0000] {processor.py:914} INFO - Processing file /home/airflow/.local/lib/python3.12/site-packages/airflow/example_dags/example_python_operator.py for tasks to queue
[2024-11-04T14:41:04.323+0000] {logging_mixin.py:190} INFO - [2024-11-04T14:41:04.323+0000] {dagbag.py:588} INFO - Filling up the DagBag from /home/airflow/.local/lib/python3.12/site-packages/airflow/example_dags/example_python_operator.py
[2024-11-04T14:41:04.335+0000] {processor.py:925} INFO - DAG(s) 'example_python_operator' retrieved from /home/airflow/.local/lib/python3.12/site-packages/airflow/example_dags/example_python_operator.py
[2024-11-04T14:41:04.361+0000] {logging_mixin.py:190} INFO - [2024-11-04T14:41:04.361+0000] {dag.py:3239} INFO - Sync 1 DAGs
[2024-11-04T14:41:04.377+0000] {logging_mixin.py:190} INFO - [2024-11-04T14:41:04.376+0000] {dag.py:4180} INFO - Setting next_dagrun for example_python_operator to None, run_after=None
[2024-11-04T14:41:04.402+0000] {processor.py:208} INFO - Processing /home/airflow/.local/lib/python3.12/site-packages/airflow/example_dags/example_python_operator.py took 0.091 seconds
[2024-11-04T14:41:34.548+0000] {processor.py:186} INFO - Started process (PID=3123) to work on /home/airflow/.local/lib/python3.12/site-packages/airflow/example_dags/example_python_operator.py
[2024-11-04T14:41:34.550+0000] {processor.py:914} INFO - Processing file /home/airflow/.local/lib/python3.12/site-packages/airflow/example_dags/example_python_operator.py for tasks to queue
[2024-11-04T14:41:34.553+0000] {logging_mixin.py:190} INFO - [2024-11-04T14:41:34.552+0000] {dagbag.py:588} INFO - Filling up the DagBag from /home/airflow/.local/lib/python3.12/site-packages/airflow/example_dags/example_python_operator.py
[2024-11-04T14:41:34.565+0000] {processor.py:925} INFO - DAG(s) 'example_python_operator' retrieved from /home/airflow/.local/lib/python3.12/site-packages/airflow/example_dags/example_python_operator.py
[2024-11-04T14:41:34.592+0000] {logging_mixin.py:190} INFO - [2024-11-04T14:41:34.592+0000] {dag.py:3239} INFO - Sync 1 DAGs
[2024-11-04T14:41:34.610+0000] {logging_mixin.py:190} INFO - [2024-11-04T14:41:34.610+0000] {dag.py:4180} INFO - Setting next_dagrun for example_python_operator to None, run_after=None
[2024-11-04T14:41:34.632+0000] {processor.py:208} INFO - Processing /home/airflow/.local/lib/python3.12/site-packages/airflow/example_dags/example_python_operator.py took 0.091 seconds
[2024-11-04T14:42:04.978+0000] {processor.py:186} INFO - Started process (PID=3409) to work on /home/airflow/.local/lib/python3.12/site-packages/airflow/example_dags/example_python_operator.py
[2024-11-04T14:42:04.980+0000] {processor.py:914} INFO - Processing file /home/airflow/.local/lib/python3.12/site-packages/airflow/example_dags/example_python_operator.py for tasks to queue
[2024-11-04T14:42:04.982+0000] {logging_mixin.py:190} INFO - [2024-11-04T14:42:04.982+0000] {dagbag.py:588} INFO - Filling up the DagBag from /home/airflow/.local/lib/python3.12/site-packages/airflow/example_dags/example_python_operator.py
[2024-11-04T14:42:04.991+0000] {processor.py:925} INFO - DAG(s) 'example_python_operator' retrieved from /home/airflow/.local/lib/python3.12/site-packages/airflow/example_dags/example_python_operator.py
[2024-11-04T14:42:05.011+0000] {logging_mixin.py:190} INFO - [2024-11-04T14:42:05.011+0000] {dag.py:3239} INFO - Sync 1 DAGs
[2024-11-04T14:42:05.022+0000] {logging_mixin.py:190} INFO - [2024-11-04T14:42:05.022+0000] {dag.py:4180} INFO - Setting next_dagrun for example_python_operator to None, run_after=None
[2024-11-04T14:42:05.040+0000] {processor.py:208} INFO - Processing /home/airflow/.local/lib/python3.12/site-packages/airflow/example_dags/example_python_operator.py took 0.067 seconds
[2024-11-04T14:42:35.765+0000] {processor.py:186} INFO - Started process (PID=3694) to work on /home/airflow/.local/lib/python3.12/site-packages/airflow/example_dags/example_python_operator.py
[2024-11-04T14:42:35.767+0000] {processor.py:914} INFO - Processing file /home/airflow/.local/lib/python3.12/site-packages/airflow/example_dags/example_python_operator.py for tasks to queue
[2024-11-04T14:42:35.769+0000] {logging_mixin.py:190} INFO - [2024-11-04T14:42:35.768+0000] {dagbag.py:588} INFO - Filling up the DagBag from /home/airflow/.local/lib/python3.12/site-packages/airflow/example_dags/example_python_operator.py
[2024-11-04T14:42:35.778+0000] {processor.py:925} INFO - DAG(s) 'example_python_operator' retrieved from /home/airflow/.local/lib/python3.12/site-packages/airflow/example_dags/example_python_operator.py
[2024-11-04T14:42:35.799+0000] {logging_mixin.py:190} INFO - [2024-11-04T14:42:35.798+0000] {dag.py:3239} INFO - Sync 1 DAGs
[2024-11-04T14:42:35.810+0000] {logging_mixin.py:190} INFO - [2024-11-04T14:42:35.810+0000] {dag.py:4180} INFO - Setting next_dagrun for example_python_operator to None, run_after=None
[2024-11-04T14:42:35.827+0000] {processor.py:208} INFO - Processing /home/airflow/.local/lib/python3.12/site-packages/airflow/example_dags/example_python_operator.py took 0.069 seconds
[2024-11-04T14:43:06.368+0000] {processor.py:186} INFO - Started process (PID=3980) to work on /home/airflow/.local/lib/python3.12/site-packages/airflow/example_dags/example_python_operator.py
[2024-11-04T14:43:06.369+0000] {processor.py:914} INFO - Processing file /home/airflow/.local/lib/python3.12/site-packages/airflow/example_dags/example_python_operator.py for tasks to queue
[2024-11-04T14:43:06.371+0000] {logging_mixin.py:190} INFO - [2024-11-04T14:43:06.371+0000] {dagbag.py:588} INFO - Filling up the DagBag from /home/airflow/.local/lib/python3.12/site-packages/airflow/example_dags/example_python_operator.py
[2024-11-04T14:43:06.382+0000] {processor.py:925} INFO - DAG(s) 'example_python_operator' retrieved from /home/airflow/.local/lib/python3.12/site-packages/airflow/example_dags/example_python_operator.py
[2024-11-04T14:43:06.404+0000] {logging_mixin.py:190} INFO - [2024-11-04T14:43:06.404+0000] {dag.py:3239} INFO - Sync 1 DAGs
[2024-11-04T14:43:06.417+0000] {logging_mixin.py:190} INFO - [2024-11-04T14:43:06.417+0000] {dag.py:4180} INFO - Setting next_dagrun for example_python_operator to None, run_after=None
[2024-11-04T14:43:06.436+0000] {processor.py:208} INFO - Processing /home/airflow/.local/lib/python3.12/site-packages/airflow/example_dags/example_python_operator.py took 0.073 seconds
[2024-11-04T14:44:54.895+0000] {processor.py:186} INFO - Started process (PID=261) to work on /home/airflow/.local/lib/python3.12/site-packages/airflow/example_dags/example_python_operator.py
[2024-11-04T14:44:54.897+0000] {processor.py:914} INFO - Processing file /home/airflow/.local/lib/python3.12/site-packages/airflow/example_dags/example_python_operator.py for tasks to queue
[2024-11-04T14:44:54.901+0000] {logging_mixin.py:190} INFO - [2024-11-04T14:44:54.900+0000] {dagbag.py:588} INFO - Filling up the DagBag from /home/airflow/.local/lib/python3.12/site-packages/airflow/example_dags/example_python_operator.py
[2024-11-04T14:44:54.920+0000] {processor.py:925} INFO - DAG(s) 'example_python_operator' retrieved from /home/airflow/.local/lib/python3.12/site-packages/airflow/example_dags/example_python_operator.py
[2024-11-04T14:44:55.084+0000] {logging_mixin.py:190} INFO - [2024-11-04T14:44:55.083+0000] {override.py:1900} INFO - Created Permission View: can delete on DAG:example_python_operator
[2024-11-04T14:44:55.101+0000] {logging_mixin.py:190} INFO - [2024-11-04T14:44:55.100+0000] {override.py:1900} INFO - Created Permission View: can read on DAG:example_python_operator
[2024-11-04T14:44:55.112+0000] {logging_mixin.py:190} INFO - [2024-11-04T14:44:55.112+0000] {override.py:1900} INFO - Created Permission View: can edit on DAG:example_python_operator
[2024-11-04T14:44:55.127+0000] {logging_mixin.py:190} INFO - [2024-11-04T14:44:55.127+0000] {override.py:1900} INFO - Created Permission View: can create on DAG Run:example_python_operator
[2024-11-04T14:44:55.140+0000] {logging_mixin.py:190} INFO - [2024-11-04T14:44:55.140+0000] {override.py:1900} INFO - Created Permission View: can delete on DAG Run:example_python_operator
[2024-11-04T14:44:55.153+0000] {logging_mixin.py:190} INFO - [2024-11-04T14:44:55.152+0000] {override.py:1900} INFO - Created Permission View: menu access on DAG Run:example_python_operator
[2024-11-04T14:44:55.165+0000] {logging_mixin.py:190} INFO - [2024-11-04T14:44:55.164+0000] {override.py:1900} INFO - Created Permission View: can read on DAG Run:example_python_operator
[2024-11-04T14:44:55.166+0000] {logging_mixin.py:190} INFO - [2024-11-04T14:44:55.166+0000] {dag.py:3239} INFO - Sync 1 DAGs
[2024-11-04T14:44:55.187+0000] {logging_mixin.py:190} INFO - [2024-11-04T14:44:55.186+0000] {dag.py:3262} INFO - Creating ORM DAG for example_python_operator
[2024-11-04T14:44:55.188+0000] {logging_mixin.py:190} INFO - [2024-11-04T14:44:55.188+0000] {dag.py:4180} INFO - Setting next_dagrun for example_python_operator to None, run_after=None
[2024-11-04T14:44:55.219+0000] {processor.py:208} INFO - Processing /home/airflow/.local/lib/python3.12/site-packages/airflow/example_dags/example_python_operator.py took 0.333 seconds
[2024-11-04T14:45:25.522+0000] {processor.py:186} INFO - Started process (PID=547) to work on /home/airflow/.local/lib/python3.12/site-packages/airflow/example_dags/example_python_operator.py
[2024-11-04T14:45:25.524+0000] {processor.py:914} INFO - Processing file /home/airflow/.local/lib/python3.12/site-packages/airflow/example_dags/example_python_operator.py for tasks to queue
[2024-11-04T14:45:25.527+0000] {logging_mixin.py:190} INFO - [2024-11-04T14:45:25.527+0000] {dagbag.py:588} INFO - Filling up the DagBag from /home/airflow/.local/lib/python3.12/site-packages/airflow/example_dags/example_python_operator.py
[2024-11-04T14:45:25.546+0000] {processor.py:925} INFO - DAG(s) 'example_python_operator' retrieved from /home/airflow/.local/lib/python3.12/site-packages/airflow/example_dags/example_python_operator.py
[2024-11-04T14:45:25.578+0000] {logging_mixin.py:190} INFO - [2024-11-04T14:45:25.577+0000] {dag.py:3239} INFO - Sync 1 DAGs
[2024-11-04T14:45:25.596+0000] {logging_mixin.py:190} INFO - [2024-11-04T14:45:25.596+0000] {dag.py:4180} INFO - Setting next_dagrun for example_python_operator to None, run_after=None
[2024-11-04T14:45:25.626+0000] {processor.py:208} INFO - Processing /home/airflow/.local/lib/python3.12/site-packages/airflow/example_dags/example_python_operator.py took 0.112 seconds
[2024-11-04T14:45:55.793+0000] {processor.py:186} INFO - Started process (PID=835) to work on /home/airflow/.local/lib/python3.12/site-packages/airflow/example_dags/example_python_operator.py
[2024-11-04T14:45:55.794+0000] {processor.py:914} INFO - Processing file /home/airflow/.local/lib/python3.12/site-packages/airflow/example_dags/example_python_operator.py for tasks to queue
[2024-11-04T14:45:55.796+0000] {logging_mixin.py:190} INFO - [2024-11-04T14:45:55.796+0000] {dagbag.py:588} INFO - Filling up the DagBag from /home/airflow/.local/lib/python3.12/site-packages/airflow/example_dags/example_python_operator.py
[2024-11-04T14:45:55.806+0000] {processor.py:925} INFO - DAG(s) 'example_python_operator' retrieved from /home/airflow/.local/lib/python3.12/site-packages/airflow/example_dags/example_python_operator.py
[2024-11-04T14:45:55.828+0000] {logging_mixin.py:190} INFO - [2024-11-04T14:45:55.827+0000] {dag.py:3239} INFO - Sync 1 DAGs
[2024-11-04T14:45:55.840+0000] {logging_mixin.py:190} INFO - [2024-11-04T14:45:55.840+0000] {dag.py:4180} INFO - Setting next_dagrun for example_python_operator to None, run_after=None
[2024-11-04T14:45:55.856+0000] {processor.py:208} INFO - Processing /home/airflow/.local/lib/python3.12/site-packages/airflow/example_dags/example_python_operator.py took 0.068 seconds
[2024-11-04T14:46:26.015+0000] {processor.py:186} INFO - Started process (PID=1121) to work on /home/airflow/.local/lib/python3.12/site-packages/airflow/example_dags/example_python_operator.py
[2024-11-04T14:46:26.016+0000] {processor.py:914} INFO - Processing file /home/airflow/.local/lib/python3.12/site-packages/airflow/example_dags/example_python_operator.py for tasks to queue
[2024-11-04T14:46:26.019+0000] {logging_mixin.py:190} INFO - [2024-11-04T14:46:26.019+0000] {dagbag.py:588} INFO - Filling up the DagBag from /home/airflow/.local/lib/python3.12/site-packages/airflow/example_dags/example_python_operator.py
[2024-11-04T14:46:26.031+0000] {processor.py:925} INFO - DAG(s) 'example_python_operator' retrieved from /home/airflow/.local/lib/python3.12/site-packages/airflow/example_dags/example_python_operator.py
[2024-11-04T14:46:26.056+0000] {logging_mixin.py:190} INFO - [2024-11-04T14:46:26.056+0000] {dag.py:3239} INFO - Sync 1 DAGs
[2024-11-04T14:46:26.070+0000] {logging_mixin.py:190} INFO - [2024-11-04T14:46:26.069+0000] {dag.py:4180} INFO - Setting next_dagrun for example_python_operator to None, run_after=None
[2024-11-04T14:46:26.094+0000] {processor.py:208} INFO - Processing /home/airflow/.local/lib/python3.12/site-packages/airflow/example_dags/example_python_operator.py took 0.083 seconds
[2024-11-04T14:46:56.526+0000] {processor.py:186} INFO - Started process (PID=1407) to work on /home/airflow/.local/lib/python3.12/site-packages/airflow/example_dags/example_python_operator.py
[2024-11-04T14:46:56.528+0000] {processor.py:914} INFO - Processing file /home/airflow/.local/lib/python3.12/site-packages/airflow/example_dags/example_python_operator.py for tasks to queue
[2024-11-04T14:46:56.530+0000] {logging_mixin.py:190} INFO - [2024-11-04T14:46:56.530+0000] {dagbag.py:588} INFO - Filling up the DagBag from /home/airflow/.local/lib/python3.12/site-packages/airflow/example_dags/example_python_operator.py
[2024-11-04T14:46:56.542+0000] {processor.py:925} INFO - DAG(s) 'example_python_operator' retrieved from /home/airflow/.local/lib/python3.12/site-packages/airflow/example_dags/example_python_operator.py
[2024-11-04T14:46:56.565+0000] {logging_mixin.py:190} INFO - [2024-11-04T14:46:56.565+0000] {dag.py:3239} INFO - Sync 1 DAGs
[2024-11-04T14:46:56.579+0000] {logging_mixin.py:190} INFO - [2024-11-04T14:46:56.579+0000] {dag.py:4180} INFO - Setting next_dagrun for example_python_operator to None, run_after=None
[2024-11-04T14:46:56.599+0000] {processor.py:208} INFO - Processing /home/airflow/.local/lib/python3.12/site-packages/airflow/example_dags/example_python_operator.py took 0.078 seconds
[2024-11-04T14:49:14.219+0000] {processor.py:186} INFO - Started process (PID=254) to work on /home/airflow/.local/lib/python3.12/site-packages/airflow/example_dags/example_python_operator.py
[2024-11-04T14:49:14.221+0000] {processor.py:914} INFO - Processing file /home/airflow/.local/lib/python3.12/site-packages/airflow/example_dags/example_python_operator.py for tasks to queue
[2024-11-04T14:49:14.225+0000] {logging_mixin.py:190} INFO - [2024-11-04T14:49:14.224+0000] {dagbag.py:588} INFO - Filling up the DagBag from /home/airflow/.local/lib/python3.12/site-packages/airflow/example_dags/example_python_operator.py
[2024-11-04T14:49:14.243+0000] {processor.py:925} INFO - DAG(s) 'example_python_operator' retrieved from /home/airflow/.local/lib/python3.12/site-packages/airflow/example_dags/example_python_operator.py
[2024-11-04T14:49:14.394+0000] {logging_mixin.py:190} INFO - [2024-11-04T14:49:14.393+0000] {override.py:1900} INFO - Created Permission View: can edit on DAG:example_python_operator
[2024-11-04T14:49:14.411+0000] {logging_mixin.py:190} INFO - [2024-11-04T14:49:14.411+0000] {override.py:1900} INFO - Created Permission View: can delete on DAG:example_python_operator
[2024-11-04T14:49:14.423+0000] {logging_mixin.py:190} INFO - [2024-11-04T14:49:14.422+0000] {override.py:1900} INFO - Created Permission View: can read on DAG:example_python_operator
[2024-11-04T14:49:14.436+0000] {logging_mixin.py:190} INFO - [2024-11-04T14:49:14.436+0000] {override.py:1900} INFO - Created Permission View: can create on DAG Run:example_python_operator
[2024-11-04T14:49:14.448+0000] {logging_mixin.py:190} INFO - [2024-11-04T14:49:14.448+0000] {override.py:1900} INFO - Created Permission View: can read on DAG Run:example_python_operator
[2024-11-04T14:49:14.460+0000] {logging_mixin.py:190} INFO - [2024-11-04T14:49:14.460+0000] {override.py:1900} INFO - Created Permission View: can delete on DAG Run:example_python_operator
[2024-11-04T14:49:14.472+0000] {logging_mixin.py:190} INFO - [2024-11-04T14:49:14.471+0000] {override.py:1900} INFO - Created Permission View: menu access on DAG Run:example_python_operator
[2024-11-04T14:49:14.473+0000] {logging_mixin.py:190} INFO - [2024-11-04T14:49:14.473+0000] {dag.py:3239} INFO - Sync 1 DAGs
[2024-11-04T14:49:14.493+0000] {logging_mixin.py:190} INFO - [2024-11-04T14:49:14.492+0000] {dag.py:3262} INFO - Creating ORM DAG for example_python_operator
[2024-11-04T14:49:14.494+0000] {logging_mixin.py:190} INFO - [2024-11-04T14:49:14.494+0000] {dag.py:4180} INFO - Setting next_dagrun for example_python_operator to None, run_after=None
[2024-11-04T14:49:14.521+0000] {processor.py:208} INFO - Processing /home/airflow/.local/lib/python3.12/site-packages/airflow/example_dags/example_python_operator.py took 0.310 seconds
