[2024-11-04T14:34:07.463+0000] {processor.py:186} INFO - Started process (PID=394) to work on /home/airflow/.local/lib/python3.12/site-packages/airflow/example_dags/example_trigger_target_dag.py
[2024-11-04T14:34:07.465+0000] {processor.py:914} INFO - Processing file /home/airflow/.local/lib/python3.12/site-packages/airflow/example_dags/example_trigger_target_dag.py for tasks to queue
[2024-11-04T14:34:07.469+0000] {logging_mixin.py:190} INFO - [2024-11-04T14:34:07.468+0000] {dagbag.py:588} INFO - Filling up the DagBag from /home/airflow/.local/lib/python3.12/site-packages/airflow/example_dags/example_trigger_target_dag.py
[2024-11-04T14:34:07.481+0000] {processor.py:925} INFO - DAG(s) 'example_trigger_target_dag' retrieved from /home/airflow/.local/lib/python3.12/site-packages/airflow/example_dags/example_trigger_target_dag.py
[2024-11-04T14:34:07.641+0000] {logging_mixin.py:190} INFO - [2024-11-04T14:34:07.640+0000] {override.py:1900} INFO - Created Permission View: can edit on DAG:example_trigger_target_dag
[2024-11-04T14:34:07.667+0000] {logging_mixin.py:190} INFO - [2024-11-04T14:34:07.667+0000] {override.py:1900} INFO - Created Permission View: can read on DAG:example_trigger_target_dag
[2024-11-04T14:34:07.690+0000] {logging_mixin.py:190} INFO - [2024-11-04T14:34:07.689+0000] {override.py:1900} INFO - Created Permission View: can delete on DAG:example_trigger_target_dag
[2024-11-04T14:34:07.760+0000] {logging_mixin.py:190} INFO - [2024-11-04T14:34:07.759+0000] {override.py:1900} INFO - Created Permission View: can read on DAG Run:example_trigger_target_dag
[2024-11-04T14:34:07.774+0000] {logging_mixin.py:190} INFO - [2024-11-04T14:34:07.774+0000] {override.py:1900} INFO - Created Permission View: can delete on DAG Run:example_trigger_target_dag
[2024-11-04T14:34:07.789+0000] {logging_mixin.py:190} INFO - [2024-11-04T14:34:07.789+0000] {override.py:1900} INFO - Created Permission View: menu access on DAG Run:example_trigger_target_dag
[2024-11-04T14:34:07.809+0000] {logging_mixin.py:190} INFO - [2024-11-04T14:34:07.808+0000] {override.py:1900} INFO - Created Permission View: can create on DAG Run:example_trigger_target_dag
[2024-11-04T14:34:07.810+0000] {logging_mixin.py:190} INFO - [2024-11-04T14:34:07.810+0000] {dag.py:3239} INFO - Sync 1 DAGs
[2024-11-04T14:34:07.846+0000] {logging_mixin.py:190} INFO - [2024-11-04T14:34:07.845+0000] {dag.py:3262} INFO - Creating ORM DAG for example_trigger_target_dag
[2024-11-04T14:34:07.848+0000] {logging_mixin.py:190} INFO - [2024-11-04T14:34:07.847+0000] {dag.py:4180} INFO - Setting next_dagrun for example_trigger_target_dag to None, run_after=None
[2024-11-04T14:34:07.892+0000] {processor.py:208} INFO - Processing /home/airflow/.local/lib/python3.12/site-packages/airflow/example_dags/example_trigger_target_dag.py took 0.438 seconds
[2024-11-04T14:34:38.488+0000] {processor.py:186} INFO - Started process (PID=681) to work on /home/airflow/.local/lib/python3.12/site-packages/airflow/example_dags/example_trigger_target_dag.py
[2024-11-04T14:34:38.489+0000] {processor.py:914} INFO - Processing file /home/airflow/.local/lib/python3.12/site-packages/airflow/example_dags/example_trigger_target_dag.py for tasks to queue
[2024-11-04T14:34:38.492+0000] {logging_mixin.py:190} INFO - [2024-11-04T14:34:38.491+0000] {dagbag.py:588} INFO - Filling up the DagBag from /home/airflow/.local/lib/python3.12/site-packages/airflow/example_dags/example_trigger_target_dag.py
[2024-11-04T14:34:38.499+0000] {processor.py:925} INFO - DAG(s) 'example_trigger_target_dag' retrieved from /home/airflow/.local/lib/python3.12/site-packages/airflow/example_dags/example_trigger_target_dag.py
[2024-11-04T14:34:38.521+0000] {logging_mixin.py:190} INFO - [2024-11-04T14:34:38.521+0000] {dag.py:3239} INFO - Sync 1 DAGs
[2024-11-04T14:34:38.535+0000] {logging_mixin.py:190} INFO - [2024-11-04T14:34:38.535+0000] {dag.py:4180} INFO - Setting next_dagrun for example_trigger_target_dag to None, run_after=None
[2024-11-04T14:34:38.560+0000] {processor.py:208} INFO - Processing /home/airflow/.local/lib/python3.12/site-packages/airflow/example_dags/example_trigger_target_dag.py took 0.076 seconds
[2024-11-04T14:35:08.714+0000] {processor.py:186} INFO - Started process (PID=967) to work on /home/airflow/.local/lib/python3.12/site-packages/airflow/example_dags/example_trigger_target_dag.py
[2024-11-04T14:35:08.715+0000] {processor.py:914} INFO - Processing file /home/airflow/.local/lib/python3.12/site-packages/airflow/example_dags/example_trigger_target_dag.py for tasks to queue
[2024-11-04T14:35:08.718+0000] {logging_mixin.py:190} INFO - [2024-11-04T14:35:08.717+0000] {dagbag.py:588} INFO - Filling up the DagBag from /home/airflow/.local/lib/python3.12/site-packages/airflow/example_dags/example_trigger_target_dag.py
[2024-11-04T14:35:08.724+0000] {processor.py:925} INFO - DAG(s) 'example_trigger_target_dag' retrieved from /home/airflow/.local/lib/python3.12/site-packages/airflow/example_dags/example_trigger_target_dag.py
[2024-11-04T14:35:08.744+0000] {logging_mixin.py:190} INFO - [2024-11-04T14:35:08.744+0000] {dag.py:3239} INFO - Sync 1 DAGs
[2024-11-04T14:35:08.761+0000] {logging_mixin.py:190} INFO - [2024-11-04T14:35:08.761+0000] {dag.py:4180} INFO - Setting next_dagrun for example_trigger_target_dag to None, run_after=None
[2024-11-04T14:35:08.785+0000] {processor.py:208} INFO - Processing /home/airflow/.local/lib/python3.12/site-packages/airflow/example_dags/example_trigger_target_dag.py took 0.077 seconds
[2024-11-04T14:36:35.554+0000] {processor.py:186} INFO - Started process (PID=397) to work on /home/airflow/.local/lib/python3.12/site-packages/airflow/example_dags/example_trigger_target_dag.py
[2024-11-04T14:36:35.556+0000] {processor.py:914} INFO - Processing file /home/airflow/.local/lib/python3.12/site-packages/airflow/example_dags/example_trigger_target_dag.py for tasks to queue
[2024-11-04T14:36:35.560+0000] {logging_mixin.py:190} INFO - [2024-11-04T14:36:35.559+0000] {dagbag.py:588} INFO - Filling up the DagBag from /home/airflow/.local/lib/python3.12/site-packages/airflow/example_dags/example_trigger_target_dag.py
[2024-11-04T14:36:35.572+0000] {processor.py:925} INFO - DAG(s) 'example_trigger_target_dag' retrieved from /home/airflow/.local/lib/python3.12/site-packages/airflow/example_dags/example_trigger_target_dag.py
[2024-11-04T14:36:35.713+0000] {logging_mixin.py:190} INFO - [2024-11-04T14:36:35.712+0000] {override.py:1900} INFO - Created Permission View: can delete on DAG:example_trigger_target_dag
[2024-11-04T14:36:35.729+0000] {logging_mixin.py:190} INFO - [2024-11-04T14:36:35.728+0000] {override.py:1900} INFO - Created Permission View: can read on DAG:example_trigger_target_dag
[2024-11-04T14:36:35.739+0000] {logging_mixin.py:190} INFO - [2024-11-04T14:36:35.739+0000] {override.py:1900} INFO - Created Permission View: can edit on DAG:example_trigger_target_dag
[2024-11-04T14:36:35.750+0000] {logging_mixin.py:190} INFO - [2024-11-04T14:36:35.750+0000] {override.py:1900} INFO - Created Permission View: can create on DAG Run:example_trigger_target_dag
[2024-11-04T14:36:35.759+0000] {logging_mixin.py:190} INFO - [2024-11-04T14:36:35.759+0000] {override.py:1900} INFO - Created Permission View: can delete on DAG Run:example_trigger_target_dag
[2024-11-04T14:36:35.768+0000] {logging_mixin.py:190} INFO - [2024-11-04T14:36:35.768+0000] {override.py:1900} INFO - Created Permission View: can read on DAG Run:example_trigger_target_dag
[2024-11-04T14:36:35.776+0000] {logging_mixin.py:190} INFO - [2024-11-04T14:36:35.776+0000] {override.py:1900} INFO - Created Permission View: menu access on DAG Run:example_trigger_target_dag
[2024-11-04T14:36:35.777+0000] {logging_mixin.py:190} INFO - [2024-11-04T14:36:35.777+0000] {dag.py:3239} INFO - Sync 1 DAGs
[2024-11-04T14:36:35.793+0000] {logging_mixin.py:190} INFO - [2024-11-04T14:36:35.793+0000] {dag.py:3262} INFO - Creating ORM DAG for example_trigger_target_dag
[2024-11-04T14:36:35.795+0000] {logging_mixin.py:190} INFO - [2024-11-04T14:36:35.795+0000] {dag.py:4180} INFO - Setting next_dagrun for example_trigger_target_dag to None, run_after=None
[2024-11-04T14:36:35.818+0000] {processor.py:208} INFO - Processing /home/airflow/.local/lib/python3.12/site-packages/airflow/example_dags/example_trigger_target_dag.py took 0.273 seconds
[2024-11-04T14:37:06.439+0000] {processor.py:186} INFO - Started process (PID=683) to work on /home/airflow/.local/lib/python3.12/site-packages/airflow/example_dags/example_trigger_target_dag.py
[2024-11-04T14:37:06.440+0000] {processor.py:914} INFO - Processing file /home/airflow/.local/lib/python3.12/site-packages/airflow/example_dags/example_trigger_target_dag.py for tasks to queue
[2024-11-04T14:37:06.442+0000] {logging_mixin.py:190} INFO - [2024-11-04T14:37:06.442+0000] {dagbag.py:588} INFO - Filling up the DagBag from /home/airflow/.local/lib/python3.12/site-packages/airflow/example_dags/example_trigger_target_dag.py
[2024-11-04T14:37:06.450+0000] {processor.py:925} INFO - DAG(s) 'example_trigger_target_dag' retrieved from /home/airflow/.local/lib/python3.12/site-packages/airflow/example_dags/example_trigger_target_dag.py
[2024-11-04T14:37:06.470+0000] {logging_mixin.py:190} INFO - [2024-11-04T14:37:06.470+0000] {dag.py:3239} INFO - Sync 1 DAGs
[2024-11-04T14:37:06.483+0000] {logging_mixin.py:190} INFO - [2024-11-04T14:37:06.483+0000] {dag.py:4180} INFO - Setting next_dagrun for example_trigger_target_dag to None, run_after=None
[2024-11-04T14:37:06.503+0000] {processor.py:208} INFO - Processing /home/airflow/.local/lib/python3.12/site-packages/airflow/example_dags/example_trigger_target_dag.py took 0.069 seconds
[2024-11-04T14:37:36.892+0000] {processor.py:186} INFO - Started process (PID=969) to work on /home/airflow/.local/lib/python3.12/site-packages/airflow/example_dags/example_trigger_target_dag.py
[2024-11-04T14:37:36.895+0000] {processor.py:914} INFO - Processing file /home/airflow/.local/lib/python3.12/site-packages/airflow/example_dags/example_trigger_target_dag.py for tasks to queue
[2024-11-04T14:37:36.901+0000] {logging_mixin.py:190} INFO - [2024-11-04T14:37:36.900+0000] {dagbag.py:588} INFO - Filling up the DagBag from /home/airflow/.local/lib/python3.12/site-packages/airflow/example_dags/example_trigger_target_dag.py
[2024-11-04T14:37:36.921+0000] {processor.py:925} INFO - DAG(s) 'example_trigger_target_dag' retrieved from /home/airflow/.local/lib/python3.12/site-packages/airflow/example_dags/example_trigger_target_dag.py
[2024-11-04T14:37:36.972+0000] {logging_mixin.py:190} INFO - [2024-11-04T14:37:36.971+0000] {dag.py:3239} INFO - Sync 1 DAGs
[2024-11-04T14:37:37.015+0000] {logging_mixin.py:190} INFO - [2024-11-04T14:37:37.014+0000] {dag.py:4180} INFO - Setting next_dagrun for example_trigger_target_dag to None, run_after=None
[2024-11-04T14:37:37.066+0000] {processor.py:208} INFO - Processing /home/airflow/.local/lib/python3.12/site-packages/airflow/example_dags/example_trigger_target_dag.py took 0.190 seconds
[2024-11-04T14:38:07.770+0000] {processor.py:186} INFO - Started process (PID=1253) to work on /home/airflow/.local/lib/python3.12/site-packages/airflow/example_dags/example_trigger_target_dag.py
[2024-11-04T14:38:07.773+0000] {processor.py:914} INFO - Processing file /home/airflow/.local/lib/python3.12/site-packages/airflow/example_dags/example_trigger_target_dag.py for tasks to queue
[2024-11-04T14:38:07.781+0000] {logging_mixin.py:190} INFO - [2024-11-04T14:38:07.780+0000] {dagbag.py:588} INFO - Filling up the DagBag from /home/airflow/.local/lib/python3.12/site-packages/airflow/example_dags/example_trigger_target_dag.py
[2024-11-04T14:38:07.855+0000] {processor.py:925} INFO - DAG(s) 'example_trigger_target_dag' retrieved from /home/airflow/.local/lib/python3.12/site-packages/airflow/example_dags/example_trigger_target_dag.py
[2024-11-04T14:38:07.923+0000] {logging_mixin.py:190} INFO - [2024-11-04T14:38:07.922+0000] {dag.py:3239} INFO - Sync 1 DAGs
[2024-11-04T14:38:07.978+0000] {logging_mixin.py:190} INFO - [2024-11-04T14:38:07.977+0000] {dag.py:4180} INFO - Setting next_dagrun for example_trigger_target_dag to None, run_after=None
[2024-11-04T14:38:08.073+0000] {processor.py:208} INFO - Processing /home/airflow/.local/lib/python3.12/site-packages/airflow/example_dags/example_trigger_target_dag.py took 0.319 seconds
[2024-11-04T14:38:38.693+0000] {processor.py:186} INFO - Started process (PID=1542) to work on /home/airflow/.local/lib/python3.12/site-packages/airflow/example_dags/example_trigger_target_dag.py
[2024-11-04T14:38:38.695+0000] {processor.py:914} INFO - Processing file /home/airflow/.local/lib/python3.12/site-packages/airflow/example_dags/example_trigger_target_dag.py for tasks to queue
[2024-11-04T14:38:38.698+0000] {logging_mixin.py:190} INFO - [2024-11-04T14:38:38.698+0000] {dagbag.py:588} INFO - Filling up the DagBag from /home/airflow/.local/lib/python3.12/site-packages/airflow/example_dags/example_trigger_target_dag.py
[2024-11-04T14:38:38.707+0000] {processor.py:925} INFO - DAG(s) 'example_trigger_target_dag' retrieved from /home/airflow/.local/lib/python3.12/site-packages/airflow/example_dags/example_trigger_target_dag.py
[2024-11-04T14:38:38.727+0000] {logging_mixin.py:190} INFO - [2024-11-04T14:38:38.726+0000] {dag.py:3239} INFO - Sync 1 DAGs
[2024-11-04T14:38:38.739+0000] {logging_mixin.py:190} INFO - [2024-11-04T14:38:38.739+0000] {dag.py:4180} INFO - Setting next_dagrun for example_trigger_target_dag to None, run_after=None
[2024-11-04T14:38:38.759+0000] {processor.py:208} INFO - Processing /home/airflow/.local/lib/python3.12/site-packages/airflow/example_dags/example_trigger_target_dag.py took 0.072 seconds
[2024-11-04T14:39:09.349+0000] {processor.py:186} INFO - Started process (PID=1828) to work on /home/airflow/.local/lib/python3.12/site-packages/airflow/example_dags/example_trigger_target_dag.py
[2024-11-04T14:39:09.350+0000] {processor.py:914} INFO - Processing file /home/airflow/.local/lib/python3.12/site-packages/airflow/example_dags/example_trigger_target_dag.py for tasks to queue
[2024-11-04T14:39:09.352+0000] {logging_mixin.py:190} INFO - [2024-11-04T14:39:09.352+0000] {dagbag.py:588} INFO - Filling up the DagBag from /home/airflow/.local/lib/python3.12/site-packages/airflow/example_dags/example_trigger_target_dag.py
[2024-11-04T14:39:09.359+0000] {processor.py:925} INFO - DAG(s) 'example_trigger_target_dag' retrieved from /home/airflow/.local/lib/python3.12/site-packages/airflow/example_dags/example_trigger_target_dag.py
[2024-11-04T14:39:09.379+0000] {logging_mixin.py:190} INFO - [2024-11-04T14:39:09.379+0000] {dag.py:3239} INFO - Sync 1 DAGs
[2024-11-04T14:39:09.394+0000] {logging_mixin.py:190} INFO - [2024-11-04T14:39:09.394+0000] {dag.py:4180} INFO - Setting next_dagrun for example_trigger_target_dag to None, run_after=None
[2024-11-04T14:39:09.416+0000] {processor.py:208} INFO - Processing /home/airflow/.local/lib/python3.12/site-packages/airflow/example_dags/example_trigger_target_dag.py took 0.077 seconds
[2024-11-04T14:39:40.013+0000] {processor.py:186} INFO - Started process (PID=2114) to work on /home/airflow/.local/lib/python3.12/site-packages/airflow/example_dags/example_trigger_target_dag.py
[2024-11-04T14:39:40.014+0000] {processor.py:914} INFO - Processing file /home/airflow/.local/lib/python3.12/site-packages/airflow/example_dags/example_trigger_target_dag.py for tasks to queue
[2024-11-04T14:39:40.016+0000] {logging_mixin.py:190} INFO - [2024-11-04T14:39:40.016+0000] {dagbag.py:588} INFO - Filling up the DagBag from /home/airflow/.local/lib/python3.12/site-packages/airflow/example_dags/example_trigger_target_dag.py
[2024-11-04T14:39:40.024+0000] {processor.py:925} INFO - DAG(s) 'example_trigger_target_dag' retrieved from /home/airflow/.local/lib/python3.12/site-packages/airflow/example_dags/example_trigger_target_dag.py
[2024-11-04T14:39:40.045+0000] {logging_mixin.py:190} INFO - [2024-11-04T14:39:40.044+0000] {dag.py:3239} INFO - Sync 1 DAGs
[2024-11-04T14:39:40.057+0000] {logging_mixin.py:190} INFO - [2024-11-04T14:39:40.057+0000] {dag.py:4180} INFO - Setting next_dagrun for example_trigger_target_dag to None, run_after=None
[2024-11-04T14:39:40.077+0000] {processor.py:208} INFO - Processing /home/airflow/.local/lib/python3.12/site-packages/airflow/example_dags/example_trigger_target_dag.py took 0.070 seconds
[2024-11-04T14:40:10.673+0000] {processor.py:186} INFO - Started process (PID=2398) to work on /home/airflow/.local/lib/python3.12/site-packages/airflow/example_dags/example_trigger_target_dag.py
[2024-11-04T14:40:10.676+0000] {processor.py:914} INFO - Processing file /home/airflow/.local/lib/python3.12/site-packages/airflow/example_dags/example_trigger_target_dag.py for tasks to queue
[2024-11-04T14:40:10.680+0000] {logging_mixin.py:190} INFO - [2024-11-04T14:40:10.679+0000] {dagbag.py:588} INFO - Filling up the DagBag from /home/airflow/.local/lib/python3.12/site-packages/airflow/example_dags/example_trigger_target_dag.py
[2024-11-04T14:40:10.697+0000] {processor.py:925} INFO - DAG(s) 'example_trigger_target_dag' retrieved from /home/airflow/.local/lib/python3.12/site-packages/airflow/example_dags/example_trigger_target_dag.py
[2024-11-04T14:40:10.736+0000] {logging_mixin.py:190} INFO - [2024-11-04T14:40:10.736+0000] {dag.py:3239} INFO - Sync 1 DAGs
[2024-11-04T14:40:10.768+0000] {logging_mixin.py:190} INFO - [2024-11-04T14:40:10.768+0000] {dag.py:4180} INFO - Setting next_dagrun for example_trigger_target_dag to None, run_after=None
[2024-11-04T14:40:10.817+0000] {processor.py:208} INFO - Processing /home/airflow/.local/lib/python3.12/site-packages/airflow/example_dags/example_trigger_target_dag.py took 0.156 seconds
[2024-11-04T14:40:41.711+0000] {processor.py:186} INFO - Started process (PID=2686) to work on /home/airflow/.local/lib/python3.12/site-packages/airflow/example_dags/example_trigger_target_dag.py
[2024-11-04T14:40:41.713+0000] {processor.py:914} INFO - Processing file /home/airflow/.local/lib/python3.12/site-packages/airflow/example_dags/example_trigger_target_dag.py for tasks to queue
[2024-11-04T14:40:41.717+0000] {logging_mixin.py:190} INFO - [2024-11-04T14:40:41.717+0000] {dagbag.py:588} INFO - Filling up the DagBag from /home/airflow/.local/lib/python3.12/site-packages/airflow/example_dags/example_trigger_target_dag.py
[2024-11-04T14:40:41.725+0000] {processor.py:925} INFO - DAG(s) 'example_trigger_target_dag' retrieved from /home/airflow/.local/lib/python3.12/site-packages/airflow/example_dags/example_trigger_target_dag.py
[2024-11-04T14:40:41.751+0000] {logging_mixin.py:190} INFO - [2024-11-04T14:40:41.751+0000] {dag.py:3239} INFO - Sync 1 DAGs
[2024-11-04T14:40:41.768+0000] {logging_mixin.py:190} INFO - [2024-11-04T14:40:41.767+0000] {dag.py:4180} INFO - Setting next_dagrun for example_trigger_target_dag to None, run_after=None
[2024-11-04T14:40:41.790+0000] {processor.py:208} INFO - Processing /home/airflow/.local/lib/python3.12/site-packages/airflow/example_dags/example_trigger_target_dag.py took 0.085 seconds
[2024-11-04T14:41:15.512+0000] {processor.py:186} INFO - Started process (PID=2970) to work on /home/airflow/.local/lib/python3.12/site-packages/airflow/example_dags/example_trigger_target_dag.py
[2024-11-04T14:41:15.522+0000] {processor.py:914} INFO - Processing file /home/airflow/.local/lib/python3.12/site-packages/airflow/example_dags/example_trigger_target_dag.py for tasks to queue
[2024-11-04T14:41:15.535+0000] {logging_mixin.py:190} INFO - [2024-11-04T14:41:15.534+0000] {dagbag.py:588} INFO - Filling up the DagBag from /home/airflow/.local/lib/python3.12/site-packages/airflow/example_dags/example_trigger_target_dag.py
[2024-11-04T14:41:15.573+0000] {processor.py:925} INFO - DAG(s) 'example_trigger_target_dag' retrieved from /home/airflow/.local/lib/python3.12/site-packages/airflow/example_dags/example_trigger_target_dag.py
[2024-11-04T14:41:15.752+0000] {logging_mixin.py:190} INFO - [2024-11-04T14:41:15.751+0000] {dag.py:3239} INFO - Sync 1 DAGs
[2024-11-04T14:41:15.869+0000] {logging_mixin.py:190} INFO - [2024-11-04T14:41:15.868+0000] {dag.py:4180} INFO - Setting next_dagrun for example_trigger_target_dag to None, run_after=None
[2024-11-04T14:41:15.990+0000] {processor.py:208} INFO - Processing /home/airflow/.local/lib/python3.12/site-packages/airflow/example_dags/example_trigger_target_dag.py took 0.502 seconds
[2024-11-04T14:41:46.134+0000] {processor.py:186} INFO - Started process (PID=3258) to work on /home/airflow/.local/lib/python3.12/site-packages/airflow/example_dags/example_trigger_target_dag.py
[2024-11-04T14:41:46.137+0000] {processor.py:914} INFO - Processing file /home/airflow/.local/lib/python3.12/site-packages/airflow/example_dags/example_trigger_target_dag.py for tasks to queue
[2024-11-04T14:41:46.139+0000] {logging_mixin.py:190} INFO - [2024-11-04T14:41:46.139+0000] {dagbag.py:588} INFO - Filling up the DagBag from /home/airflow/.local/lib/python3.12/site-packages/airflow/example_dags/example_trigger_target_dag.py
[2024-11-04T14:41:46.146+0000] {processor.py:925} INFO - DAG(s) 'example_trigger_target_dag' retrieved from /home/airflow/.local/lib/python3.12/site-packages/airflow/example_dags/example_trigger_target_dag.py
[2024-11-04T14:41:46.166+0000] {logging_mixin.py:190} INFO - [2024-11-04T14:41:46.166+0000] {dag.py:3239} INFO - Sync 1 DAGs
[2024-11-04T14:41:46.178+0000] {logging_mixin.py:190} INFO - [2024-11-04T14:41:46.178+0000] {dag.py:4180} INFO - Setting next_dagrun for example_trigger_target_dag to None, run_after=None
[2024-11-04T14:41:46.201+0000] {processor.py:208} INFO - Processing /home/airflow/.local/lib/python3.12/site-packages/airflow/example_dags/example_trigger_target_dag.py took 0.073 seconds
[2024-11-04T14:42:16.967+0000] {processor.py:186} INFO - Started process (PID=3542) to work on /home/airflow/.local/lib/python3.12/site-packages/airflow/example_dags/example_trigger_target_dag.py
[2024-11-04T14:42:16.969+0000] {processor.py:914} INFO - Processing file /home/airflow/.local/lib/python3.12/site-packages/airflow/example_dags/example_trigger_target_dag.py for tasks to queue
[2024-11-04T14:42:16.971+0000] {logging_mixin.py:190} INFO - [2024-11-04T14:42:16.971+0000] {dagbag.py:588} INFO - Filling up the DagBag from /home/airflow/.local/lib/python3.12/site-packages/airflow/example_dags/example_trigger_target_dag.py
[2024-11-04T14:42:16.978+0000] {processor.py:925} INFO - DAG(s) 'example_trigger_target_dag' retrieved from /home/airflow/.local/lib/python3.12/site-packages/airflow/example_dags/example_trigger_target_dag.py
[2024-11-04T14:42:16.996+0000] {logging_mixin.py:190} INFO - [2024-11-04T14:42:16.996+0000] {dag.py:3239} INFO - Sync 1 DAGs
[2024-11-04T14:42:17.009+0000] {logging_mixin.py:190} INFO - [2024-11-04T14:42:17.009+0000] {dag.py:4180} INFO - Setting next_dagrun for example_trigger_target_dag to None, run_after=None
[2024-11-04T14:42:17.028+0000] {processor.py:208} INFO - Processing /home/airflow/.local/lib/python3.12/site-packages/airflow/example_dags/example_trigger_target_dag.py took 0.066 seconds
[2024-11-04T14:42:47.489+0000] {processor.py:186} INFO - Started process (PID=3827) to work on /home/airflow/.local/lib/python3.12/site-packages/airflow/example_dags/example_trigger_target_dag.py
[2024-11-04T14:42:47.491+0000] {processor.py:914} INFO - Processing file /home/airflow/.local/lib/python3.12/site-packages/airflow/example_dags/example_trigger_target_dag.py for tasks to queue
[2024-11-04T14:42:47.493+0000] {logging_mixin.py:190} INFO - [2024-11-04T14:42:47.493+0000] {dagbag.py:588} INFO - Filling up the DagBag from /home/airflow/.local/lib/python3.12/site-packages/airflow/example_dags/example_trigger_target_dag.py
[2024-11-04T14:42:47.500+0000] {processor.py:925} INFO - DAG(s) 'example_trigger_target_dag' retrieved from /home/airflow/.local/lib/python3.12/site-packages/airflow/example_dags/example_trigger_target_dag.py
[2024-11-04T14:42:47.519+0000] {logging_mixin.py:190} INFO - [2024-11-04T14:42:47.518+0000] {dag.py:3239} INFO - Sync 1 DAGs
[2024-11-04T14:42:47.531+0000] {logging_mixin.py:190} INFO - [2024-11-04T14:42:47.531+0000] {dag.py:4180} INFO - Setting next_dagrun for example_trigger_target_dag to None, run_after=None
[2024-11-04T14:42:47.550+0000] {processor.py:208} INFO - Processing /home/airflow/.local/lib/python3.12/site-packages/airflow/example_dags/example_trigger_target_dag.py took 0.066 seconds
[2024-11-04T14:45:01.569+0000] {processor.py:186} INFO - Started process (PID=396) to work on /home/airflow/.local/lib/python3.12/site-packages/airflow/example_dags/example_trigger_target_dag.py
[2024-11-04T14:45:01.572+0000] {processor.py:914} INFO - Processing file /home/airflow/.local/lib/python3.12/site-packages/airflow/example_dags/example_trigger_target_dag.py for tasks to queue
[2024-11-04T14:45:01.581+0000] {logging_mixin.py:190} INFO - [2024-11-04T14:45:01.580+0000] {dagbag.py:588} INFO - Filling up the DagBag from /home/airflow/.local/lib/python3.12/site-packages/airflow/example_dags/example_trigger_target_dag.py
[2024-11-04T14:45:01.603+0000] {processor.py:925} INFO - DAG(s) 'example_trigger_target_dag' retrieved from /home/airflow/.local/lib/python3.12/site-packages/airflow/example_dags/example_trigger_target_dag.py
[2024-11-04T14:45:01.840+0000] {logging_mixin.py:190} INFO - [2024-11-04T14:45:01.839+0000] {override.py:1900} INFO - Created Permission View: can delete on DAG:example_trigger_target_dag
[2024-11-04T14:45:01.861+0000] {logging_mixin.py:190} INFO - [2024-11-04T14:45:01.861+0000] {override.py:1900} INFO - Created Permission View: can read on DAG:example_trigger_target_dag
[2024-11-04T14:45:01.876+0000] {logging_mixin.py:190} INFO - [2024-11-04T14:45:01.876+0000] {override.py:1900} INFO - Created Permission View: can edit on DAG:example_trigger_target_dag
[2024-11-04T14:45:01.895+0000] {logging_mixin.py:190} INFO - [2024-11-04T14:45:01.894+0000] {override.py:1900} INFO - Created Permission View: can create on DAG Run:example_trigger_target_dag
[2024-11-04T14:45:01.911+0000] {logging_mixin.py:190} INFO - [2024-11-04T14:45:01.910+0000] {override.py:1900} INFO - Created Permission View: can delete on DAG Run:example_trigger_target_dag
[2024-11-04T14:45:01.926+0000] {logging_mixin.py:190} INFO - [2024-11-04T14:45:01.926+0000] {override.py:1900} INFO - Created Permission View: menu access on DAG Run:example_trigger_target_dag
[2024-11-04T14:45:01.941+0000] {logging_mixin.py:190} INFO - [2024-11-04T14:45:01.940+0000] {override.py:1900} INFO - Created Permission View: can read on DAG Run:example_trigger_target_dag
[2024-11-04T14:45:01.942+0000] {logging_mixin.py:190} INFO - [2024-11-04T14:45:01.942+0000] {dag.py:3239} INFO - Sync 1 DAGs
[2024-11-04T14:45:01.966+0000] {logging_mixin.py:190} INFO - [2024-11-04T14:45:01.966+0000] {dag.py:3262} INFO - Creating ORM DAG for example_trigger_target_dag
[2024-11-04T14:45:01.968+0000] {logging_mixin.py:190} INFO - [2024-11-04T14:45:01.968+0000] {dag.py:4180} INFO - Setting next_dagrun for example_trigger_target_dag to None, run_after=None
[2024-11-04T14:45:02.000+0000] {processor.py:208} INFO - Processing /home/airflow/.local/lib/python3.12/site-packages/airflow/example_dags/example_trigger_target_dag.py took 0.446 seconds
[2024-11-04T14:45:32.266+0000] {processor.py:186} INFO - Started process (PID=684) to work on /home/airflow/.local/lib/python3.12/site-packages/airflow/example_dags/example_trigger_target_dag.py
[2024-11-04T14:45:32.267+0000] {processor.py:914} INFO - Processing file /home/airflow/.local/lib/python3.12/site-packages/airflow/example_dags/example_trigger_target_dag.py for tasks to queue
[2024-11-04T14:45:32.271+0000] {logging_mixin.py:190} INFO - [2024-11-04T14:45:32.270+0000] {dagbag.py:588} INFO - Filling up the DagBag from /home/airflow/.local/lib/python3.12/site-packages/airflow/example_dags/example_trigger_target_dag.py
[2024-11-04T14:45:32.284+0000] {processor.py:925} INFO - DAG(s) 'example_trigger_target_dag' retrieved from /home/airflow/.local/lib/python3.12/site-packages/airflow/example_dags/example_trigger_target_dag.py
[2024-11-04T14:45:32.313+0000] {logging_mixin.py:190} INFO - [2024-11-04T14:45:32.313+0000] {dag.py:3239} INFO - Sync 1 DAGs
[2024-11-04T14:45:32.333+0000] {logging_mixin.py:190} INFO - [2024-11-04T14:45:32.332+0000] {dag.py:4180} INFO - Setting next_dagrun for example_trigger_target_dag to None, run_after=None
[2024-11-04T14:45:32.370+0000] {processor.py:208} INFO - Processing /home/airflow/.local/lib/python3.12/site-packages/airflow/example_dags/example_trigger_target_dag.py took 0.112 seconds
[2024-11-04T14:46:02.702+0000] {processor.py:186} INFO - Started process (PID=970) to work on /home/airflow/.local/lib/python3.12/site-packages/airflow/example_dags/example_trigger_target_dag.py
[2024-11-04T14:46:02.703+0000] {processor.py:914} INFO - Processing file /home/airflow/.local/lib/python3.12/site-packages/airflow/example_dags/example_trigger_target_dag.py for tasks to queue
[2024-11-04T14:46:02.706+0000] {logging_mixin.py:190} INFO - [2024-11-04T14:46:02.705+0000] {dagbag.py:588} INFO - Filling up the DagBag from /home/airflow/.local/lib/python3.12/site-packages/airflow/example_dags/example_trigger_target_dag.py
[2024-11-04T14:46:02.712+0000] {processor.py:925} INFO - DAG(s) 'example_trigger_target_dag' retrieved from /home/airflow/.local/lib/python3.12/site-packages/airflow/example_dags/example_trigger_target_dag.py
[2024-11-04T14:46:02.734+0000] {logging_mixin.py:190} INFO - [2024-11-04T14:46:02.733+0000] {dag.py:3239} INFO - Sync 1 DAGs
[2024-11-04T14:46:02.747+0000] {logging_mixin.py:190} INFO - [2024-11-04T14:46:02.747+0000] {dag.py:4180} INFO - Setting next_dagrun for example_trigger_target_dag to None, run_after=None
[2024-11-04T14:46:02.767+0000] {processor.py:208} INFO - Processing /home/airflow/.local/lib/python3.12/site-packages/airflow/example_dags/example_trigger_target_dag.py took 0.071 seconds
[2024-11-04T14:46:33.122+0000] {processor.py:186} INFO - Started process (PID=1254) to work on /home/airflow/.local/lib/python3.12/site-packages/airflow/example_dags/example_trigger_target_dag.py
[2024-11-04T14:46:33.124+0000] {processor.py:914} INFO - Processing file /home/airflow/.local/lib/python3.12/site-packages/airflow/example_dags/example_trigger_target_dag.py for tasks to queue
[2024-11-04T14:46:33.126+0000] {logging_mixin.py:190} INFO - [2024-11-04T14:46:33.126+0000] {dagbag.py:588} INFO - Filling up the DagBag from /home/airflow/.local/lib/python3.12/site-packages/airflow/example_dags/example_trigger_target_dag.py
[2024-11-04T14:46:33.134+0000] {processor.py:925} INFO - DAG(s) 'example_trigger_target_dag' retrieved from /home/airflow/.local/lib/python3.12/site-packages/airflow/example_dags/example_trigger_target_dag.py
[2024-11-04T14:46:33.155+0000] {logging_mixin.py:190} INFO - [2024-11-04T14:46:33.154+0000] {dag.py:3239} INFO - Sync 1 DAGs
[2024-11-04T14:46:33.168+0000] {logging_mixin.py:190} INFO - [2024-11-04T14:46:33.168+0000] {dag.py:4180} INFO - Setting next_dagrun for example_trigger_target_dag to None, run_after=None
[2024-11-04T14:46:33.191+0000] {processor.py:208} INFO - Processing /home/airflow/.local/lib/python3.12/site-packages/airflow/example_dags/example_trigger_target_dag.py took 0.074 seconds
[2024-11-04T14:47:03.341+0000] {processor.py:186} INFO - Started process (PID=1540) to work on /home/airflow/.local/lib/python3.12/site-packages/airflow/example_dags/example_trigger_target_dag.py
[2024-11-04T14:47:03.342+0000] {processor.py:914} INFO - Processing file /home/airflow/.local/lib/python3.12/site-packages/airflow/example_dags/example_trigger_target_dag.py for tasks to queue
[2024-11-04T14:47:03.345+0000] {logging_mixin.py:190} INFO - [2024-11-04T14:47:03.345+0000] {dagbag.py:588} INFO - Filling up the DagBag from /home/airflow/.local/lib/python3.12/site-packages/airflow/example_dags/example_trigger_target_dag.py
[2024-11-04T14:47:03.352+0000] {processor.py:925} INFO - DAG(s) 'example_trigger_target_dag' retrieved from /home/airflow/.local/lib/python3.12/site-packages/airflow/example_dags/example_trigger_target_dag.py
[2024-11-04T14:47:03.371+0000] {logging_mixin.py:190} INFO - [2024-11-04T14:47:03.371+0000] {dag.py:3239} INFO - Sync 1 DAGs
[2024-11-04T14:47:03.385+0000] {logging_mixin.py:190} INFO - [2024-11-04T14:47:03.385+0000] {dag.py:4180} INFO - Setting next_dagrun for example_trigger_target_dag to None, run_after=None
[2024-11-04T14:47:03.407+0000] {processor.py:208} INFO - Processing /home/airflow/.local/lib/python3.12/site-packages/airflow/example_dags/example_trigger_target_dag.py took 0.071 seconds
[2024-11-04T14:49:20.969+0000] {processor.py:186} INFO - Started process (PID=395) to work on /home/airflow/.local/lib/python3.12/site-packages/airflow/example_dags/example_trigger_target_dag.py
[2024-11-04T14:49:20.971+0000] {processor.py:914} INFO - Processing file /home/airflow/.local/lib/python3.12/site-packages/airflow/example_dags/example_trigger_target_dag.py for tasks to queue
[2024-11-04T14:49:20.976+0000] {logging_mixin.py:190} INFO - [2024-11-04T14:49:20.975+0000] {dagbag.py:588} INFO - Filling up the DagBag from /home/airflow/.local/lib/python3.12/site-packages/airflow/example_dags/example_trigger_target_dag.py
[2024-11-04T14:49:20.990+0000] {processor.py:925} INFO - DAG(s) 'example_trigger_target_dag' retrieved from /home/airflow/.local/lib/python3.12/site-packages/airflow/example_dags/example_trigger_target_dag.py
[2024-11-04T14:49:21.156+0000] {logging_mixin.py:190} INFO - [2024-11-04T14:49:21.155+0000] {override.py:1900} INFO - Created Permission View: can edit on DAG:example_trigger_target_dag
[2024-11-04T14:49:21.174+0000] {logging_mixin.py:190} INFO - [2024-11-04T14:49:21.174+0000] {override.py:1900} INFO - Created Permission View: can delete on DAG:example_trigger_target_dag
[2024-11-04T14:49:21.188+0000] {logging_mixin.py:190} INFO - [2024-11-04T14:49:21.188+0000] {override.py:1900} INFO - Created Permission View: can read on DAG:example_trigger_target_dag
[2024-11-04T14:49:21.204+0000] {logging_mixin.py:190} INFO - [2024-11-04T14:49:21.204+0000] {override.py:1900} INFO - Created Permission View: can create on DAG Run:example_trigger_target_dag
[2024-11-04T14:49:21.218+0000] {logging_mixin.py:190} INFO - [2024-11-04T14:49:21.217+0000] {override.py:1900} INFO - Created Permission View: can read on DAG Run:example_trigger_target_dag
[2024-11-04T14:49:21.231+0000] {logging_mixin.py:190} INFO - [2024-11-04T14:49:21.231+0000] {override.py:1900} INFO - Created Permission View: can delete on DAG Run:example_trigger_target_dag
[2024-11-04T14:49:21.245+0000] {logging_mixin.py:190} INFO - [2024-11-04T14:49:21.244+0000] {override.py:1900} INFO - Created Permission View: menu access on DAG Run:example_trigger_target_dag
[2024-11-04T14:49:21.246+0000] {logging_mixin.py:190} INFO - [2024-11-04T14:49:21.246+0000] {dag.py:3239} INFO - Sync 1 DAGs
[2024-11-04T14:49:21.268+0000] {logging_mixin.py:190} INFO - [2024-11-04T14:49:21.268+0000] {dag.py:3262} INFO - Creating ORM DAG for example_trigger_target_dag
[2024-11-04T14:49:21.270+0000] {logging_mixin.py:190} INFO - [2024-11-04T14:49:21.270+0000] {dag.py:4180} INFO - Setting next_dagrun for example_trigger_target_dag to None, run_after=None
[2024-11-04T14:49:21.299+0000] {processor.py:208} INFO - Processing /home/airflow/.local/lib/python3.12/site-packages/airflow/example_dags/example_trigger_target_dag.py took 0.340 seconds
