[2024-11-04T14:34:06.864+0000] {processor.py:186} INFO - Started process (PID=379) to work on /home/airflow/.local/lib/python3.12/site-packages/airflow/example_dags/example_dynamic_task_mapping.py
[2024-11-04T14:34:06.867+0000] {processor.py:914} INFO - Processing file /home/airflow/.local/lib/python3.12/site-packages/airflow/example_dags/example_dynamic_task_mapping.py for tasks to queue
[2024-11-04T14:34:06.872+0000] {logging_mixin.py:190} INFO - [2024-11-04T14:34:06.871+0000] {dagbag.py:588} INFO - Filling up the DagBag from /home/airflow/.local/lib/python3.12/site-packages/airflow/example_dags/example_dynamic_task_mapping.py
[2024-11-04T14:34:06.888+0000] {processor.py:925} INFO - DAG(s) 'example_dynamic_task_mapping' retrieved from /home/airflow/.local/lib/python3.12/site-packages/airflow/example_dags/example_dynamic_task_mapping.py
[2024-11-04T14:34:07.072+0000] {logging_mixin.py:190} INFO - [2024-11-04T14:34:07.071+0000] {override.py:1900} INFO - Created Permission View: can edit on DAG:example_dynamic_task_mapping
[2024-11-04T14:34:07.092+0000] {logging_mixin.py:190} INFO - [2024-11-04T14:34:07.092+0000] {override.py:1900} INFO - Created Permission View: can read on DAG:example_dynamic_task_mapping
[2024-11-04T14:34:07.106+0000] {logging_mixin.py:190} INFO - [2024-11-04T14:34:07.106+0000] {override.py:1900} INFO - Created Permission View: can delete on DAG:example_dynamic_task_mapping
[2024-11-04T14:34:07.123+0000] {logging_mixin.py:190} INFO - [2024-11-04T14:34:07.123+0000] {override.py:1900} INFO - Created Permission View: can read on DAG Run:example_dynamic_task_mapping
[2024-11-04T14:34:07.138+0000] {logging_mixin.py:190} INFO - [2024-11-04T14:34:07.137+0000] {override.py:1900} INFO - Created Permission View: can delete on DAG Run:example_dynamic_task_mapping
[2024-11-04T14:34:07.151+0000] {logging_mixin.py:190} INFO - [2024-11-04T14:34:07.151+0000] {override.py:1900} INFO - Created Permission View: menu access on DAG Run:example_dynamic_task_mapping
[2024-11-04T14:34:07.164+0000] {logging_mixin.py:190} INFO - [2024-11-04T14:34:07.164+0000] {override.py:1900} INFO - Created Permission View: can create on DAG Run:example_dynamic_task_mapping
[2024-11-04T14:34:07.166+0000] {logging_mixin.py:190} INFO - [2024-11-04T14:34:07.165+0000] {dag.py:3239} INFO - Sync 1 DAGs
[2024-11-04T14:34:07.190+0000] {logging_mixin.py:190} INFO - [2024-11-04T14:34:07.190+0000] {dag.py:3262} INFO - Creating ORM DAG for example_dynamic_task_mapping
[2024-11-04T14:34:07.192+0000] {logging_mixin.py:190} INFO - [2024-11-04T14:34:07.192+0000] {dag.py:4180} INFO - Setting next_dagrun for example_dynamic_task_mapping to None, run_after=None
[2024-11-04T14:34:07.220+0000] {processor.py:208} INFO - Processing /home/airflow/.local/lib/python3.12/site-packages/airflow/example_dags/example_dynamic_task_mapping.py took 0.367 seconds
[2024-11-04T14:34:37.368+0000] {processor.py:186} INFO - Started process (PID=666) to work on /home/airflow/.local/lib/python3.12/site-packages/airflow/example_dags/example_dynamic_task_mapping.py
[2024-11-04T14:34:37.369+0000] {processor.py:914} INFO - Processing file /home/airflow/.local/lib/python3.12/site-packages/airflow/example_dags/example_dynamic_task_mapping.py for tasks to queue
[2024-11-04T14:34:37.372+0000] {logging_mixin.py:190} INFO - [2024-11-04T14:34:37.371+0000] {dagbag.py:588} INFO - Filling up the DagBag from /home/airflow/.local/lib/python3.12/site-packages/airflow/example_dags/example_dynamic_task_mapping.py
[2024-11-04T14:34:37.380+0000] {processor.py:925} INFO - DAG(s) 'example_dynamic_task_mapping' retrieved from /home/airflow/.local/lib/python3.12/site-packages/airflow/example_dags/example_dynamic_task_mapping.py
[2024-11-04T14:34:37.398+0000] {logging_mixin.py:190} INFO - [2024-11-04T14:34:37.397+0000] {dag.py:3239} INFO - Sync 1 DAGs
[2024-11-04T14:34:37.409+0000] {logging_mixin.py:190} INFO - [2024-11-04T14:34:37.409+0000] {dag.py:4180} INFO - Setting next_dagrun for example_dynamic_task_mapping to None, run_after=None
[2024-11-04T14:34:37.430+0000] {processor.py:208} INFO - Processing /home/airflow/.local/lib/python3.12/site-packages/airflow/example_dags/example_dynamic_task_mapping.py took 0.069 seconds
[2024-11-04T14:35:07.597+0000] {processor.py:186} INFO - Started process (PID=954) to work on /home/airflow/.local/lib/python3.12/site-packages/airflow/example_dags/example_dynamic_task_mapping.py
[2024-11-04T14:35:07.599+0000] {processor.py:914} INFO - Processing file /home/airflow/.local/lib/python3.12/site-packages/airflow/example_dags/example_dynamic_task_mapping.py for tasks to queue
[2024-11-04T14:35:07.601+0000] {logging_mixin.py:190} INFO - [2024-11-04T14:35:07.601+0000] {dagbag.py:588} INFO - Filling up the DagBag from /home/airflow/.local/lib/python3.12/site-packages/airflow/example_dags/example_dynamic_task_mapping.py
[2024-11-04T14:35:07.608+0000] {processor.py:925} INFO - DAG(s) 'example_dynamic_task_mapping' retrieved from /home/airflow/.local/lib/python3.12/site-packages/airflow/example_dags/example_dynamic_task_mapping.py
[2024-11-04T14:35:07.623+0000] {logging_mixin.py:190} INFO - [2024-11-04T14:35:07.623+0000] {dag.py:3239} INFO - Sync 1 DAGs
[2024-11-04T14:35:07.634+0000] {logging_mixin.py:190} INFO - [2024-11-04T14:35:07.633+0000] {dag.py:4180} INFO - Setting next_dagrun for example_dynamic_task_mapping to None, run_after=None
[2024-11-04T14:35:07.651+0000] {processor.py:208} INFO - Processing /home/airflow/.local/lib/python3.12/site-packages/airflow/example_dags/example_dynamic_task_mapping.py took 0.058 seconds
[2024-11-04T14:36:34.813+0000] {processor.py:186} INFO - Started process (PID=382) to work on /home/airflow/.local/lib/python3.12/site-packages/airflow/example_dags/example_dynamic_task_mapping.py
[2024-11-04T14:36:34.815+0000] {processor.py:914} INFO - Processing file /home/airflow/.local/lib/python3.12/site-packages/airflow/example_dags/example_dynamic_task_mapping.py for tasks to queue
[2024-11-04T14:36:34.818+0000] {logging_mixin.py:190} INFO - [2024-11-04T14:36:34.818+0000] {dagbag.py:588} INFO - Filling up the DagBag from /home/airflow/.local/lib/python3.12/site-packages/airflow/example_dags/example_dynamic_task_mapping.py
[2024-11-04T14:36:34.832+0000] {processor.py:925} INFO - DAG(s) 'example_dynamic_task_mapping' retrieved from /home/airflow/.local/lib/python3.12/site-packages/airflow/example_dags/example_dynamic_task_mapping.py
[2024-11-04T14:36:34.972+0000] {logging_mixin.py:190} INFO - [2024-11-04T14:36:34.972+0000] {override.py:1900} INFO - Created Permission View: can delete on DAG:example_dynamic_task_mapping
[2024-11-04T14:36:34.989+0000] {logging_mixin.py:190} INFO - [2024-11-04T14:36:34.988+0000] {override.py:1900} INFO - Created Permission View: can read on DAG:example_dynamic_task_mapping
[2024-11-04T14:36:34.999+0000] {logging_mixin.py:190} INFO - [2024-11-04T14:36:34.999+0000] {override.py:1900} INFO - Created Permission View: can edit on DAG:example_dynamic_task_mapping
[2024-11-04T14:36:35.009+0000] {logging_mixin.py:190} INFO - [2024-11-04T14:36:35.009+0000] {override.py:1900} INFO - Created Permission View: can create on DAG Run:example_dynamic_task_mapping
[2024-11-04T14:36:35.018+0000] {logging_mixin.py:190} INFO - [2024-11-04T14:36:35.018+0000] {override.py:1900} INFO - Created Permission View: can delete on DAG Run:example_dynamic_task_mapping
[2024-11-04T14:36:35.028+0000] {logging_mixin.py:190} INFO - [2024-11-04T14:36:35.027+0000] {override.py:1900} INFO - Created Permission View: can read on DAG Run:example_dynamic_task_mapping
[2024-11-04T14:36:35.037+0000] {logging_mixin.py:190} INFO - [2024-11-04T14:36:35.036+0000] {override.py:1900} INFO - Created Permission View: menu access on DAG Run:example_dynamic_task_mapping
[2024-11-04T14:36:35.038+0000] {logging_mixin.py:190} INFO - [2024-11-04T14:36:35.037+0000] {dag.py:3239} INFO - Sync 1 DAGs
[2024-11-04T14:36:35.056+0000] {logging_mixin.py:190} INFO - [2024-11-04T14:36:35.056+0000] {dag.py:3262} INFO - Creating ORM DAG for example_dynamic_task_mapping
[2024-11-04T14:36:35.058+0000] {logging_mixin.py:190} INFO - [2024-11-04T14:36:35.057+0000] {dag.py:4180} INFO - Setting next_dagrun for example_dynamic_task_mapping to None, run_after=None
[2024-11-04T14:36:35.080+0000] {processor.py:208} INFO - Processing /home/airflow/.local/lib/python3.12/site-packages/airflow/example_dags/example_dynamic_task_mapping.py took 0.277 seconds
[2024-11-04T14:37:05.291+0000] {processor.py:186} INFO - Started process (PID=666) to work on /home/airflow/.local/lib/python3.12/site-packages/airflow/example_dags/example_dynamic_task_mapping.py
[2024-11-04T14:37:05.292+0000] {processor.py:914} INFO - Processing file /home/airflow/.local/lib/python3.12/site-packages/airflow/example_dags/example_dynamic_task_mapping.py for tasks to queue
[2024-11-04T14:37:05.295+0000] {logging_mixin.py:190} INFO - [2024-11-04T14:37:05.294+0000] {dagbag.py:588} INFO - Filling up the DagBag from /home/airflow/.local/lib/python3.12/site-packages/airflow/example_dags/example_dynamic_task_mapping.py
[2024-11-04T14:37:05.302+0000] {processor.py:925} INFO - DAG(s) 'example_dynamic_task_mapping' retrieved from /home/airflow/.local/lib/python3.12/site-packages/airflow/example_dags/example_dynamic_task_mapping.py
[2024-11-04T14:37:05.325+0000] {logging_mixin.py:190} INFO - [2024-11-04T14:37:05.325+0000] {dag.py:3239} INFO - Sync 1 DAGs
[2024-11-04T14:37:05.339+0000] {logging_mixin.py:190} INFO - [2024-11-04T14:37:05.339+0000] {dag.py:4180} INFO - Setting next_dagrun for example_dynamic_task_mapping to None, run_after=None
[2024-11-04T14:37:05.359+0000] {processor.py:208} INFO - Processing /home/airflow/.local/lib/python3.12/site-packages/airflow/example_dags/example_dynamic_task_mapping.py took 0.074 seconds
[2024-11-04T14:37:36.220+0000] {processor.py:186} INFO - Started process (PID=952) to work on /home/airflow/.local/lib/python3.12/site-packages/airflow/example_dags/example_dynamic_task_mapping.py
[2024-11-04T14:37:36.223+0000] {processor.py:914} INFO - Processing file /home/airflow/.local/lib/python3.12/site-packages/airflow/example_dags/example_dynamic_task_mapping.py for tasks to queue
[2024-11-04T14:37:36.232+0000] {logging_mixin.py:190} INFO - [2024-11-04T14:37:36.231+0000] {dagbag.py:588} INFO - Filling up the DagBag from /home/airflow/.local/lib/python3.12/site-packages/airflow/example_dags/example_dynamic_task_mapping.py
[2024-11-04T14:37:36.256+0000] {processor.py:925} INFO - DAG(s) 'example_dynamic_task_mapping' retrieved from /home/airflow/.local/lib/python3.12/site-packages/airflow/example_dags/example_dynamic_task_mapping.py
[2024-11-04T14:37:36.325+0000] {logging_mixin.py:190} INFO - [2024-11-04T14:37:36.325+0000] {dag.py:3239} INFO - Sync 1 DAGs
[2024-11-04T14:37:36.371+0000] {logging_mixin.py:190} INFO - [2024-11-04T14:37:36.370+0000] {dag.py:4180} INFO - Setting next_dagrun for example_dynamic_task_mapping to None, run_after=None
[2024-11-04T14:37:36.433+0000] {processor.py:208} INFO - Processing /home/airflow/.local/lib/python3.12/site-packages/airflow/example_dags/example_dynamic_task_mapping.py took 0.235 seconds
[2024-11-04T14:38:07.252+0000] {processor.py:186} INFO - Started process (PID=1238) to work on /home/airflow/.local/lib/python3.12/site-packages/airflow/example_dags/example_dynamic_task_mapping.py
[2024-11-04T14:38:07.255+0000] {processor.py:914} INFO - Processing file /home/airflow/.local/lib/python3.12/site-packages/airflow/example_dags/example_dynamic_task_mapping.py for tasks to queue
[2024-11-04T14:38:07.261+0000] {logging_mixin.py:190} INFO - [2024-11-04T14:38:07.260+0000] {dagbag.py:588} INFO - Filling up the DagBag from /home/airflow/.local/lib/python3.12/site-packages/airflow/example_dags/example_dynamic_task_mapping.py
[2024-11-04T14:38:07.282+0000] {processor.py:925} INFO - DAG(s) 'example_dynamic_task_mapping' retrieved from /home/airflow/.local/lib/python3.12/site-packages/airflow/example_dags/example_dynamic_task_mapping.py
[2024-11-04T14:38:07.356+0000] {logging_mixin.py:190} INFO - [2024-11-04T14:38:07.355+0000] {dag.py:3239} INFO - Sync 1 DAGs
[2024-11-04T14:38:07.408+0000] {logging_mixin.py:190} INFO - [2024-11-04T14:38:07.406+0000] {dag.py:4180} INFO - Setting next_dagrun for example_dynamic_task_mapping to None, run_after=None
[2024-11-04T14:38:07.474+0000] {processor.py:208} INFO - Processing /home/airflow/.local/lib/python3.12/site-packages/airflow/example_dags/example_dynamic_task_mapping.py took 0.238 seconds
[2024-11-04T14:38:37.544+0000] {processor.py:186} INFO - Started process (PID=1527) to work on /home/airflow/.local/lib/python3.12/site-packages/airflow/example_dags/example_dynamic_task_mapping.py
[2024-11-04T14:38:37.545+0000] {processor.py:914} INFO - Processing file /home/airflow/.local/lib/python3.12/site-packages/airflow/example_dags/example_dynamic_task_mapping.py for tasks to queue
[2024-11-04T14:38:37.547+0000] {logging_mixin.py:190} INFO - [2024-11-04T14:38:37.547+0000] {dagbag.py:588} INFO - Filling up the DagBag from /home/airflow/.local/lib/python3.12/site-packages/airflow/example_dags/example_dynamic_task_mapping.py
[2024-11-04T14:38:37.555+0000] {processor.py:925} INFO - DAG(s) 'example_dynamic_task_mapping' retrieved from /home/airflow/.local/lib/python3.12/site-packages/airflow/example_dags/example_dynamic_task_mapping.py
[2024-11-04T14:38:37.576+0000] {logging_mixin.py:190} INFO - [2024-11-04T14:38:37.575+0000] {dag.py:3239} INFO - Sync 1 DAGs
[2024-11-04T14:38:37.589+0000] {logging_mixin.py:190} INFO - [2024-11-04T14:38:37.589+0000] {dag.py:4180} INFO - Setting next_dagrun for example_dynamic_task_mapping to None, run_after=None
[2024-11-04T14:38:37.605+0000] {processor.py:208} INFO - Processing /home/airflow/.local/lib/python3.12/site-packages/airflow/example_dags/example_dynamic_task_mapping.py took 0.067 seconds
[2024-11-04T14:39:08.053+0000] {processor.py:186} INFO - Started process (PID=1811) to work on /home/airflow/.local/lib/python3.12/site-packages/airflow/example_dags/example_dynamic_task_mapping.py
[2024-11-04T14:39:08.054+0000] {processor.py:914} INFO - Processing file /home/airflow/.local/lib/python3.12/site-packages/airflow/example_dags/example_dynamic_task_mapping.py for tasks to queue
[2024-11-04T14:39:08.056+0000] {logging_mixin.py:190} INFO - [2024-11-04T14:39:08.056+0000] {dagbag.py:588} INFO - Filling up the DagBag from /home/airflow/.local/lib/python3.12/site-packages/airflow/example_dags/example_dynamic_task_mapping.py
[2024-11-04T14:39:08.063+0000] {processor.py:925} INFO - DAG(s) 'example_dynamic_task_mapping' retrieved from /home/airflow/.local/lib/python3.12/site-packages/airflow/example_dags/example_dynamic_task_mapping.py
[2024-11-04T14:39:08.080+0000] {logging_mixin.py:190} INFO - [2024-11-04T14:39:08.080+0000] {dag.py:3239} INFO - Sync 1 DAGs
[2024-11-04T14:39:08.092+0000] {logging_mixin.py:190} INFO - [2024-11-04T14:39:08.092+0000] {dag.py:4180} INFO - Setting next_dagrun for example_dynamic_task_mapping to None, run_after=None
[2024-11-04T14:39:08.114+0000] {processor.py:208} INFO - Processing /home/airflow/.local/lib/python3.12/site-packages/airflow/example_dags/example_dynamic_task_mapping.py took 0.065 seconds
[2024-11-04T14:39:38.770+0000] {processor.py:186} INFO - Started process (PID=2097) to work on /home/airflow/.local/lib/python3.12/site-packages/airflow/example_dags/example_dynamic_task_mapping.py
[2024-11-04T14:39:38.771+0000] {processor.py:914} INFO - Processing file /home/airflow/.local/lib/python3.12/site-packages/airflow/example_dags/example_dynamic_task_mapping.py for tasks to queue
[2024-11-04T14:39:38.774+0000] {logging_mixin.py:190} INFO - [2024-11-04T14:39:38.774+0000] {dagbag.py:588} INFO - Filling up the DagBag from /home/airflow/.local/lib/python3.12/site-packages/airflow/example_dags/example_dynamic_task_mapping.py
[2024-11-04T14:39:38.782+0000] {processor.py:925} INFO - DAG(s) 'example_dynamic_task_mapping' retrieved from /home/airflow/.local/lib/python3.12/site-packages/airflow/example_dags/example_dynamic_task_mapping.py
[2024-11-04T14:39:38.805+0000] {logging_mixin.py:190} INFO - [2024-11-04T14:39:38.805+0000] {dag.py:3239} INFO - Sync 1 DAGs
[2024-11-04T14:39:38.816+0000] {logging_mixin.py:190} INFO - [2024-11-04T14:39:38.816+0000] {dag.py:4180} INFO - Setting next_dagrun for example_dynamic_task_mapping to None, run_after=None
[2024-11-04T14:39:38.833+0000] {processor.py:208} INFO - Processing /home/airflow/.local/lib/python3.12/site-packages/airflow/example_dags/example_dynamic_task_mapping.py took 0.069 seconds
[2024-11-04T14:40:10.198+0000] {processor.py:186} INFO - Started process (PID=2383) to work on /home/airflow/.local/lib/python3.12/site-packages/airflow/example_dags/example_dynamic_task_mapping.py
[2024-11-04T14:40:10.201+0000] {processor.py:914} INFO - Processing file /home/airflow/.local/lib/python3.12/site-packages/airflow/example_dags/example_dynamic_task_mapping.py for tasks to queue
[2024-11-04T14:40:10.205+0000] {logging_mixin.py:190} INFO - [2024-11-04T14:40:10.205+0000] {dagbag.py:588} INFO - Filling up the DagBag from /home/airflow/.local/lib/python3.12/site-packages/airflow/example_dags/example_dynamic_task_mapping.py
[2024-11-04T14:40:10.223+0000] {processor.py:925} INFO - DAG(s) 'example_dynamic_task_mapping' retrieved from /home/airflow/.local/lib/python3.12/site-packages/airflow/example_dags/example_dynamic_task_mapping.py
[2024-11-04T14:40:10.264+0000] {logging_mixin.py:190} INFO - [2024-11-04T14:40:10.263+0000] {dag.py:3239} INFO - Sync 1 DAGs
[2024-11-04T14:40:10.304+0000] {logging_mixin.py:190} INFO - [2024-11-04T14:40:10.304+0000] {dag.py:4180} INFO - Setting next_dagrun for example_dynamic_task_mapping to None, run_after=None
[2024-11-04T14:40:10.352+0000] {processor.py:208} INFO - Processing /home/airflow/.local/lib/python3.12/site-packages/airflow/example_dags/example_dynamic_task_mapping.py took 0.167 seconds
[2024-11-04T14:40:40.439+0000] {processor.py:186} INFO - Started process (PID=2669) to work on /home/airflow/.local/lib/python3.12/site-packages/airflow/example_dags/example_dynamic_task_mapping.py
[2024-11-04T14:40:40.441+0000] {processor.py:914} INFO - Processing file /home/airflow/.local/lib/python3.12/site-packages/airflow/example_dags/example_dynamic_task_mapping.py for tasks to queue
[2024-11-04T14:40:40.444+0000] {logging_mixin.py:190} INFO - [2024-11-04T14:40:40.443+0000] {dagbag.py:588} INFO - Filling up the DagBag from /home/airflow/.local/lib/python3.12/site-packages/airflow/example_dags/example_dynamic_task_mapping.py
[2024-11-04T14:40:40.452+0000] {processor.py:925} INFO - DAG(s) 'example_dynamic_task_mapping' retrieved from /home/airflow/.local/lib/python3.12/site-packages/airflow/example_dags/example_dynamic_task_mapping.py
[2024-11-04T14:40:40.472+0000] {logging_mixin.py:190} INFO - [2024-11-04T14:40:40.472+0000] {dag.py:3239} INFO - Sync 1 DAGs
[2024-11-04T14:40:40.487+0000] {logging_mixin.py:190} INFO - [2024-11-04T14:40:40.487+0000] {dag.py:4180} INFO - Setting next_dagrun for example_dynamic_task_mapping to None, run_after=None
[2024-11-04T14:40:40.508+0000] {processor.py:208} INFO - Processing /home/airflow/.local/lib/python3.12/site-packages/airflow/example_dags/example_dynamic_task_mapping.py took 0.074 seconds
[2024-11-04T14:41:14.686+0000] {processor.py:186} INFO - Started process (PID=2955) to work on /home/airflow/.local/lib/python3.12/site-packages/airflow/example_dags/example_dynamic_task_mapping.py
[2024-11-04T14:41:14.691+0000] {processor.py:914} INFO - Processing file /home/airflow/.local/lib/python3.12/site-packages/airflow/example_dags/example_dynamic_task_mapping.py for tasks to queue
[2024-11-04T14:41:14.699+0000] {logging_mixin.py:190} INFO - [2024-11-04T14:41:14.697+0000] {dagbag.py:588} INFO - Filling up the DagBag from /home/airflow/.local/lib/python3.12/site-packages/airflow/example_dags/example_dynamic_task_mapping.py
[2024-11-04T14:41:14.733+0000] {processor.py:925} INFO - DAG(s) 'example_dynamic_task_mapping' retrieved from /home/airflow/.local/lib/python3.12/site-packages/airflow/example_dags/example_dynamic_task_mapping.py
[2024-11-04T14:41:14.804+0000] {logging_mixin.py:190} INFO - [2024-11-04T14:41:14.803+0000] {dag.py:3239} INFO - Sync 1 DAGs
[2024-11-04T14:41:14.862+0000] {logging_mixin.py:190} INFO - [2024-11-04T14:41:14.861+0000] {dag.py:4180} INFO - Setting next_dagrun for example_dynamic_task_mapping to None, run_after=None
[2024-11-04T14:41:14.934+0000] {processor.py:208} INFO - Processing /home/airflow/.local/lib/python3.12/site-packages/airflow/example_dags/example_dynamic_task_mapping.py took 0.272 seconds
[2024-11-04T14:41:45.763+0000] {processor.py:186} INFO - Started process (PID=3241) to work on /home/airflow/.local/lib/python3.12/site-packages/airflow/example_dags/example_dynamic_task_mapping.py
[2024-11-04T14:41:45.765+0000] {processor.py:914} INFO - Processing file /home/airflow/.local/lib/python3.12/site-packages/airflow/example_dags/example_dynamic_task_mapping.py for tasks to queue
[2024-11-04T14:41:45.768+0000] {logging_mixin.py:190} INFO - [2024-11-04T14:41:45.768+0000] {dagbag.py:588} INFO - Filling up the DagBag from /home/airflow/.local/lib/python3.12/site-packages/airflow/example_dags/example_dynamic_task_mapping.py
[2024-11-04T14:41:45.775+0000] {processor.py:925} INFO - DAG(s) 'example_dynamic_task_mapping' retrieved from /home/airflow/.local/lib/python3.12/site-packages/airflow/example_dags/example_dynamic_task_mapping.py
[2024-11-04T14:41:45.795+0000] {logging_mixin.py:190} INFO - [2024-11-04T14:41:45.795+0000] {dag.py:3239} INFO - Sync 1 DAGs
[2024-11-04T14:41:45.808+0000] {logging_mixin.py:190} INFO - [2024-11-04T14:41:45.808+0000] {dag.py:4180} INFO - Setting next_dagrun for example_dynamic_task_mapping to None, run_after=None
[2024-11-04T14:41:45.827+0000] {processor.py:208} INFO - Processing /home/airflow/.local/lib/python3.12/site-packages/airflow/example_dags/example_dynamic_task_mapping.py took 0.070 seconds
[2024-11-04T14:42:16.724+0000] {processor.py:186} INFO - Started process (PID=3527) to work on /home/airflow/.local/lib/python3.12/site-packages/airflow/example_dags/example_dynamic_task_mapping.py
[2024-11-04T14:42:16.726+0000] {processor.py:914} INFO - Processing file /home/airflow/.local/lib/python3.12/site-packages/airflow/example_dags/example_dynamic_task_mapping.py for tasks to queue
[2024-11-04T14:42:16.728+0000] {logging_mixin.py:190} INFO - [2024-11-04T14:42:16.728+0000] {dagbag.py:588} INFO - Filling up the DagBag from /home/airflow/.local/lib/python3.12/site-packages/airflow/example_dags/example_dynamic_task_mapping.py
[2024-11-04T14:42:16.737+0000] {processor.py:925} INFO - DAG(s) 'example_dynamic_task_mapping' retrieved from /home/airflow/.local/lib/python3.12/site-packages/airflow/example_dags/example_dynamic_task_mapping.py
[2024-11-04T14:42:16.758+0000] {logging_mixin.py:190} INFO - [2024-11-04T14:42:16.758+0000] {dag.py:3239} INFO - Sync 1 DAGs
[2024-11-04T14:42:16.771+0000] {logging_mixin.py:190} INFO - [2024-11-04T14:42:16.771+0000] {dag.py:4180} INFO - Setting next_dagrun for example_dynamic_task_mapping to None, run_after=None
[2024-11-04T14:42:16.792+0000] {processor.py:208} INFO - Processing /home/airflow/.local/lib/python3.12/site-packages/airflow/example_dags/example_dynamic_task_mapping.py took 0.073 seconds
[2024-11-04T14:42:47.266+0000] {processor.py:186} INFO - Started process (PID=3812) to work on /home/airflow/.local/lib/python3.12/site-packages/airflow/example_dags/example_dynamic_task_mapping.py
[2024-11-04T14:42:47.268+0000] {processor.py:914} INFO - Processing file /home/airflow/.local/lib/python3.12/site-packages/airflow/example_dags/example_dynamic_task_mapping.py for tasks to queue
[2024-11-04T14:42:47.270+0000] {logging_mixin.py:190} INFO - [2024-11-04T14:42:47.270+0000] {dagbag.py:588} INFO - Filling up the DagBag from /home/airflow/.local/lib/python3.12/site-packages/airflow/example_dags/example_dynamic_task_mapping.py
[2024-11-04T14:42:47.277+0000] {processor.py:925} INFO - DAG(s) 'example_dynamic_task_mapping' retrieved from /home/airflow/.local/lib/python3.12/site-packages/airflow/example_dags/example_dynamic_task_mapping.py
[2024-11-04T14:42:47.296+0000] {logging_mixin.py:190} INFO - [2024-11-04T14:42:47.296+0000] {dag.py:3239} INFO - Sync 1 DAGs
[2024-11-04T14:42:47.308+0000] {logging_mixin.py:190} INFO - [2024-11-04T14:42:47.307+0000] {dag.py:4180} INFO - Setting next_dagrun for example_dynamic_task_mapping to None, run_after=None
[2024-11-04T14:42:47.329+0000] {processor.py:208} INFO - Processing /home/airflow/.local/lib/python3.12/site-packages/airflow/example_dags/example_dynamic_task_mapping.py took 0.067 seconds
[2024-11-04T14:45:00.808+0000] {processor.py:186} INFO - Started process (PID=381) to work on /home/airflow/.local/lib/python3.12/site-packages/airflow/example_dags/example_dynamic_task_mapping.py
[2024-11-04T14:45:00.810+0000] {processor.py:914} INFO - Processing file /home/airflow/.local/lib/python3.12/site-packages/airflow/example_dags/example_dynamic_task_mapping.py for tasks to queue
[2024-11-04T14:45:00.817+0000] {logging_mixin.py:190} INFO - [2024-11-04T14:45:00.815+0000] {dagbag.py:588} INFO - Filling up the DagBag from /home/airflow/.local/lib/python3.12/site-packages/airflow/example_dags/example_dynamic_task_mapping.py
[2024-11-04T14:45:00.835+0000] {processor.py:925} INFO - DAG(s) 'example_dynamic_task_mapping' retrieved from /home/airflow/.local/lib/python3.12/site-packages/airflow/example_dags/example_dynamic_task_mapping.py
[2024-11-04T14:45:01.002+0000] {logging_mixin.py:190} INFO - [2024-11-04T14:45:01.001+0000] {override.py:1900} INFO - Created Permission View: can delete on DAG:example_dynamic_task_mapping
[2024-11-04T14:45:01.021+0000] {logging_mixin.py:190} INFO - [2024-11-04T14:45:01.021+0000] {override.py:1900} INFO - Created Permission View: can read on DAG:example_dynamic_task_mapping
[2024-11-04T14:45:01.036+0000] {logging_mixin.py:190} INFO - [2024-11-04T14:45:01.035+0000] {override.py:1900} INFO - Created Permission View: can edit on DAG:example_dynamic_task_mapping
[2024-11-04T14:45:01.055+0000] {logging_mixin.py:190} INFO - [2024-11-04T14:45:01.054+0000] {override.py:1900} INFO - Created Permission View: can create on DAG Run:example_dynamic_task_mapping
[2024-11-04T14:45:01.074+0000] {logging_mixin.py:190} INFO - [2024-11-04T14:45:01.073+0000] {override.py:1900} INFO - Created Permission View: can delete on DAG Run:example_dynamic_task_mapping
[2024-11-04T14:45:01.092+0000] {logging_mixin.py:190} INFO - [2024-11-04T14:45:01.091+0000] {override.py:1900} INFO - Created Permission View: menu access on DAG Run:example_dynamic_task_mapping
[2024-11-04T14:45:01.107+0000] {logging_mixin.py:190} INFO - [2024-11-04T14:45:01.106+0000] {override.py:1900} INFO - Created Permission View: can read on DAG Run:example_dynamic_task_mapping
[2024-11-04T14:45:01.109+0000] {logging_mixin.py:190} INFO - [2024-11-04T14:45:01.108+0000] {dag.py:3239} INFO - Sync 1 DAGs
[2024-11-04T14:45:01.138+0000] {logging_mixin.py:190} INFO - [2024-11-04T14:45:01.137+0000] {dag.py:3262} INFO - Creating ORM DAG for example_dynamic_task_mapping
[2024-11-04T14:45:01.140+0000] {logging_mixin.py:190} INFO - [2024-11-04T14:45:01.140+0000] {dag.py:4180} INFO - Setting next_dagrun for example_dynamic_task_mapping to None, run_after=None
[2024-11-04T14:45:01.171+0000] {processor.py:208} INFO - Processing /home/airflow/.local/lib/python3.12/site-packages/airflow/example_dags/example_dynamic_task_mapping.py took 0.383 seconds
[2024-11-04T14:45:31.953+0000] {processor.py:186} INFO - Started process (PID=667) to work on /home/airflow/.local/lib/python3.12/site-packages/airflow/example_dags/example_dynamic_task_mapping.py
[2024-11-04T14:45:31.954+0000] {processor.py:914} INFO - Processing file /home/airflow/.local/lib/python3.12/site-packages/airflow/example_dags/example_dynamic_task_mapping.py for tasks to queue
[2024-11-04T14:45:31.958+0000] {logging_mixin.py:190} INFO - [2024-11-04T14:45:31.958+0000] {dagbag.py:588} INFO - Filling up the DagBag from /home/airflow/.local/lib/python3.12/site-packages/airflow/example_dags/example_dynamic_task_mapping.py
[2024-11-04T14:45:31.968+0000] {processor.py:925} INFO - DAG(s) 'example_dynamic_task_mapping' retrieved from /home/airflow/.local/lib/python3.12/site-packages/airflow/example_dags/example_dynamic_task_mapping.py
[2024-11-04T14:45:31.993+0000] {logging_mixin.py:190} INFO - [2024-11-04T14:45:31.992+0000] {dag.py:3239} INFO - Sync 1 DAGs
[2024-11-04T14:45:32.010+0000] {logging_mixin.py:190} INFO - [2024-11-04T14:45:32.010+0000] {dag.py:4180} INFO - Setting next_dagrun for example_dynamic_task_mapping to None, run_after=None
[2024-11-04T14:45:32.037+0000] {processor.py:208} INFO - Processing /home/airflow/.local/lib/python3.12/site-packages/airflow/example_dags/example_dynamic_task_mapping.py took 0.091 seconds
[2024-11-04T14:46:02.347+0000] {processor.py:186} INFO - Started process (PID=953) to work on /home/airflow/.local/lib/python3.12/site-packages/airflow/example_dags/example_dynamic_task_mapping.py
[2024-11-04T14:46:02.349+0000] {processor.py:914} INFO - Processing file /home/airflow/.local/lib/python3.12/site-packages/airflow/example_dags/example_dynamic_task_mapping.py for tasks to queue
[2024-11-04T14:46:02.351+0000] {logging_mixin.py:190} INFO - [2024-11-04T14:46:02.351+0000] {dagbag.py:588} INFO - Filling up the DagBag from /home/airflow/.local/lib/python3.12/site-packages/airflow/example_dags/example_dynamic_task_mapping.py
[2024-11-04T14:46:02.360+0000] {processor.py:925} INFO - DAG(s) 'example_dynamic_task_mapping' retrieved from /home/airflow/.local/lib/python3.12/site-packages/airflow/example_dags/example_dynamic_task_mapping.py
[2024-11-04T14:46:02.380+0000] {logging_mixin.py:190} INFO - [2024-11-04T14:46:02.380+0000] {dag.py:3239} INFO - Sync 1 DAGs
[2024-11-04T14:46:02.393+0000] {logging_mixin.py:190} INFO - [2024-11-04T14:46:02.393+0000] {dag.py:4180} INFO - Setting next_dagrun for example_dynamic_task_mapping to None, run_after=None
[2024-11-04T14:46:02.414+0000] {processor.py:208} INFO - Processing /home/airflow/.local/lib/python3.12/site-packages/airflow/example_dags/example_dynamic_task_mapping.py took 0.072 seconds
[2024-11-04T14:46:32.891+0000] {processor.py:186} INFO - Started process (PID=1239) to work on /home/airflow/.local/lib/python3.12/site-packages/airflow/example_dags/example_dynamic_task_mapping.py
[2024-11-04T14:46:32.893+0000] {processor.py:914} INFO - Processing file /home/airflow/.local/lib/python3.12/site-packages/airflow/example_dags/example_dynamic_task_mapping.py for tasks to queue
[2024-11-04T14:46:32.895+0000] {logging_mixin.py:190} INFO - [2024-11-04T14:46:32.895+0000] {dagbag.py:588} INFO - Filling up the DagBag from /home/airflow/.local/lib/python3.12/site-packages/airflow/example_dags/example_dynamic_task_mapping.py
[2024-11-04T14:46:32.903+0000] {processor.py:925} INFO - DAG(s) 'example_dynamic_task_mapping' retrieved from /home/airflow/.local/lib/python3.12/site-packages/airflow/example_dags/example_dynamic_task_mapping.py
[2024-11-04T14:46:32.924+0000] {logging_mixin.py:190} INFO - [2024-11-04T14:46:32.923+0000] {dag.py:3239} INFO - Sync 1 DAGs
[2024-11-04T14:46:32.936+0000] {logging_mixin.py:190} INFO - [2024-11-04T14:46:32.936+0000] {dag.py:4180} INFO - Setting next_dagrun for example_dynamic_task_mapping to None, run_after=None
[2024-11-04T14:46:32.956+0000] {processor.py:208} INFO - Processing /home/airflow/.local/lib/python3.12/site-packages/airflow/example_dags/example_dynamic_task_mapping.py took 0.069 seconds
[2024-11-04T14:47:03.099+0000] {processor.py:186} INFO - Started process (PID=1525) to work on /home/airflow/.local/lib/python3.12/site-packages/airflow/example_dags/example_dynamic_task_mapping.py
[2024-11-04T14:47:03.101+0000] {processor.py:914} INFO - Processing file /home/airflow/.local/lib/python3.12/site-packages/airflow/example_dags/example_dynamic_task_mapping.py for tasks to queue
[2024-11-04T14:47:03.103+0000] {logging_mixin.py:190} INFO - [2024-11-04T14:47:03.103+0000] {dagbag.py:588} INFO - Filling up the DagBag from /home/airflow/.local/lib/python3.12/site-packages/airflow/example_dags/example_dynamic_task_mapping.py
[2024-11-04T14:47:03.110+0000] {processor.py:925} INFO - DAG(s) 'example_dynamic_task_mapping' retrieved from /home/airflow/.local/lib/python3.12/site-packages/airflow/example_dags/example_dynamic_task_mapping.py
[2024-11-04T14:47:03.130+0000] {logging_mixin.py:190} INFO - [2024-11-04T14:47:03.130+0000] {dag.py:3239} INFO - Sync 1 DAGs
[2024-11-04T14:47:03.143+0000] {logging_mixin.py:190} INFO - [2024-11-04T14:47:03.143+0000] {dag.py:4180} INFO - Setting next_dagrun for example_dynamic_task_mapping to None, run_after=None
[2024-11-04T14:47:03.164+0000] {processor.py:208} INFO - Processing /home/airflow/.local/lib/python3.12/site-packages/airflow/example_dags/example_dynamic_task_mapping.py took 0.070 seconds
[2024-11-04T14:49:20.204+0000] {processor.py:186} INFO - Started process (PID=380) to work on /home/airflow/.local/lib/python3.12/site-packages/airflow/example_dags/example_dynamic_task_mapping.py
[2024-11-04T14:49:20.206+0000] {processor.py:914} INFO - Processing file /home/airflow/.local/lib/python3.12/site-packages/airflow/example_dags/example_dynamic_task_mapping.py for tasks to queue
[2024-11-04T14:49:20.210+0000] {logging_mixin.py:190} INFO - [2024-11-04T14:49:20.210+0000] {dagbag.py:588} INFO - Filling up the DagBag from /home/airflow/.local/lib/python3.12/site-packages/airflow/example_dags/example_dynamic_task_mapping.py
[2024-11-04T14:49:20.226+0000] {processor.py:925} INFO - DAG(s) 'example_dynamic_task_mapping' retrieved from /home/airflow/.local/lib/python3.12/site-packages/airflow/example_dags/example_dynamic_task_mapping.py
[2024-11-04T14:49:20.393+0000] {logging_mixin.py:190} INFO - [2024-11-04T14:49:20.392+0000] {override.py:1900} INFO - Created Permission View: can edit on DAG:example_dynamic_task_mapping
[2024-11-04T14:49:20.411+0000] {logging_mixin.py:190} INFO - [2024-11-04T14:49:20.411+0000] {override.py:1900} INFO - Created Permission View: can delete on DAG:example_dynamic_task_mapping
[2024-11-04T14:49:20.425+0000] {logging_mixin.py:190} INFO - [2024-11-04T14:49:20.424+0000] {override.py:1900} INFO - Created Permission View: can read on DAG:example_dynamic_task_mapping
[2024-11-04T14:49:20.441+0000] {logging_mixin.py:190} INFO - [2024-11-04T14:49:20.441+0000] {override.py:1900} INFO - Created Permission View: can create on DAG Run:example_dynamic_task_mapping
[2024-11-04T14:49:20.456+0000] {logging_mixin.py:190} INFO - [2024-11-04T14:49:20.455+0000] {override.py:1900} INFO - Created Permission View: can read on DAG Run:example_dynamic_task_mapping
[2024-11-04T14:49:20.469+0000] {logging_mixin.py:190} INFO - [2024-11-04T14:49:20.469+0000] {override.py:1900} INFO - Created Permission View: can delete on DAG Run:example_dynamic_task_mapping
[2024-11-04T14:49:20.482+0000] {logging_mixin.py:190} INFO - [2024-11-04T14:49:20.481+0000] {override.py:1900} INFO - Created Permission View: menu access on DAG Run:example_dynamic_task_mapping
[2024-11-04T14:49:20.483+0000] {logging_mixin.py:190} INFO - [2024-11-04T14:49:20.483+0000] {dag.py:3239} INFO - Sync 1 DAGs
[2024-11-04T14:49:20.505+0000] {logging_mixin.py:190} INFO - [2024-11-04T14:49:20.504+0000] {dag.py:3262} INFO - Creating ORM DAG for example_dynamic_task_mapping
[2024-11-04T14:49:20.506+0000] {logging_mixin.py:190} INFO - [2024-11-04T14:49:20.506+0000] {dag.py:4180} INFO - Setting next_dagrun for example_dynamic_task_mapping to None, run_after=None
[2024-11-04T14:49:20.536+0000] {processor.py:208} INFO - Processing /home/airflow/.local/lib/python3.12/site-packages/airflow/example_dags/example_dynamic_task_mapping.py took 0.341 seconds
