[2024-11-04T14:34:08.282+0000] {processor.py:186} INFO - Started process (PID=409) to work on /home/airflow/.local/lib/python3.12/site-packages/airflow/example_dags/tutorial_objectstorage.py
[2024-11-04T14:34:08.284+0000] {processor.py:914} INFO - Processing file /home/airflow/.local/lib/python3.12/site-packages/airflow/example_dags/tutorial_objectstorage.py for tasks to queue
[2024-11-04T14:34:08.288+0000] {logging_mixin.py:190} INFO - [2024-11-04T14:34:08.288+0000] {dagbag.py:588} INFO - Filling up the DagBag from /home/airflow/.local/lib/python3.12/site-packages/airflow/example_dags/tutorial_objectstorage.py
[2024-11-04T14:34:08.304+0000] {processor.py:925} INFO - DAG(s) 'tutorial_objectstorage' retrieved from /home/airflow/.local/lib/python3.12/site-packages/airflow/example_dags/tutorial_objectstorage.py
[2024-11-04T14:34:08.463+0000] {logging_mixin.py:190} INFO - [2024-11-04T14:34:08.462+0000] {override.py:1900} INFO - Created Permission View: can edit on DAG:tutorial_objectstorage
[2024-11-04T14:34:08.481+0000] {logging_mixin.py:190} INFO - [2024-11-04T14:34:08.480+0000] {override.py:1900} INFO - Created Permission View: can read on DAG:tutorial_objectstorage
[2024-11-04T14:34:08.493+0000] {logging_mixin.py:190} INFO - [2024-11-04T14:34:08.492+0000] {override.py:1900} INFO - Created Permission View: can delete on DAG:tutorial_objectstorage
[2024-11-04T14:34:08.508+0000] {logging_mixin.py:190} INFO - [2024-11-04T14:34:08.507+0000] {override.py:1900} INFO - Created Permission View: can read on DAG Run:tutorial_objectstorage
[2024-11-04T14:34:08.523+0000] {logging_mixin.py:190} INFO - [2024-11-04T14:34:08.523+0000] {override.py:1900} INFO - Created Permission View: can delete on DAG Run:tutorial_objectstorage
[2024-11-04T14:34:08.537+0000] {logging_mixin.py:190} INFO - [2024-11-04T14:34:08.536+0000] {override.py:1900} INFO - Created Permission View: menu access on DAG Run:tutorial_objectstorage
[2024-11-04T14:34:08.548+0000] {logging_mixin.py:190} INFO - [2024-11-04T14:34:08.548+0000] {override.py:1900} INFO - Created Permission View: can create on DAG Run:tutorial_objectstorage
[2024-11-04T14:34:08.550+0000] {logging_mixin.py:190} INFO - [2024-11-04T14:34:08.549+0000] {dag.py:3239} INFO - Sync 1 DAGs
[2024-11-04T14:34:08.569+0000] {logging_mixin.py:190} INFO - [2024-11-04T14:34:08.568+0000] {dag.py:3262} INFO - Creating ORM DAG for tutorial_objectstorage
[2024-11-04T14:34:08.571+0000] {logging_mixin.py:190} INFO - [2024-11-04T14:34:08.570+0000] {dag.py:4180} INFO - Setting next_dagrun for tutorial_objectstorage to None, run_after=None
[2024-11-04T14:34:08.600+0000] {processor.py:208} INFO - Processing /home/airflow/.local/lib/python3.12/site-packages/airflow/example_dags/tutorial_objectstorage.py took 0.328 seconds
[2024-11-04T14:34:38.900+0000] {processor.py:186} INFO - Started process (PID=698) to work on /home/airflow/.local/lib/python3.12/site-packages/airflow/example_dags/tutorial_objectstorage.py
[2024-11-04T14:34:38.901+0000] {processor.py:914} INFO - Processing file /home/airflow/.local/lib/python3.12/site-packages/airflow/example_dags/tutorial_objectstorage.py for tasks to queue
[2024-11-04T14:34:38.904+0000] {logging_mixin.py:190} INFO - [2024-11-04T14:34:38.903+0000] {dagbag.py:588} INFO - Filling up the DagBag from /home/airflow/.local/lib/python3.12/site-packages/airflow/example_dags/tutorial_objectstorage.py
[2024-11-04T14:34:38.912+0000] {processor.py:925} INFO - DAG(s) 'tutorial_objectstorage' retrieved from /home/airflow/.local/lib/python3.12/site-packages/airflow/example_dags/tutorial_objectstorage.py
[2024-11-04T14:34:38.932+0000] {logging_mixin.py:190} INFO - [2024-11-04T14:34:38.932+0000] {dag.py:3239} INFO - Sync 1 DAGs
[2024-11-04T14:34:38.946+0000] {logging_mixin.py:190} INFO - [2024-11-04T14:34:38.946+0000] {dag.py:4180} INFO - Setting next_dagrun for tutorial_objectstorage to None, run_after=None
[2024-11-04T14:34:38.999+0000] {processor.py:208} INFO - Processing /home/airflow/.local/lib/python3.12/site-packages/airflow/example_dags/tutorial_objectstorage.py took 0.106 seconds
[2024-11-04T14:35:09.133+0000] {processor.py:186} INFO - Started process (PID=984) to work on /home/airflow/.local/lib/python3.12/site-packages/airflow/example_dags/tutorial_objectstorage.py
[2024-11-04T14:35:09.136+0000] {processor.py:914} INFO - Processing file /home/airflow/.local/lib/python3.12/site-packages/airflow/example_dags/tutorial_objectstorage.py for tasks to queue
[2024-11-04T14:35:09.139+0000] {logging_mixin.py:190} INFO - [2024-11-04T14:35:09.139+0000] {dagbag.py:588} INFO - Filling up the DagBag from /home/airflow/.local/lib/python3.12/site-packages/airflow/example_dags/tutorial_objectstorage.py
[2024-11-04T14:35:09.147+0000] {processor.py:925} INFO - DAG(s) 'tutorial_objectstorage' retrieved from /home/airflow/.local/lib/python3.12/site-packages/airflow/example_dags/tutorial_objectstorage.py
[2024-11-04T14:35:09.168+0000] {logging_mixin.py:190} INFO - [2024-11-04T14:35:09.167+0000] {dag.py:3239} INFO - Sync 1 DAGs
[2024-11-04T14:35:09.180+0000] {logging_mixin.py:190} INFO - [2024-11-04T14:35:09.179+0000] {dag.py:4180} INFO - Setting next_dagrun for tutorial_objectstorage to None, run_after=None
[2024-11-04T14:35:09.202+0000] {processor.py:208} INFO - Processing /home/airflow/.local/lib/python3.12/site-packages/airflow/example_dags/tutorial_objectstorage.py took 0.075 seconds
[2024-11-04T14:36:36.236+0000] {processor.py:186} INFO - Started process (PID=412) to work on /home/airflow/.local/lib/python3.12/site-packages/airflow/example_dags/tutorial_objectstorage.py
[2024-11-04T14:36:36.238+0000] {processor.py:914} INFO - Processing file /home/airflow/.local/lib/python3.12/site-packages/airflow/example_dags/tutorial_objectstorage.py for tasks to queue
[2024-11-04T14:36:36.242+0000] {logging_mixin.py:190} INFO - [2024-11-04T14:36:36.241+0000] {dagbag.py:588} INFO - Filling up the DagBag from /home/airflow/.local/lib/python3.12/site-packages/airflow/example_dags/tutorial_objectstorage.py
[2024-11-04T14:36:36.254+0000] {processor.py:925} INFO - DAG(s) 'tutorial_objectstorage' retrieved from /home/airflow/.local/lib/python3.12/site-packages/airflow/example_dags/tutorial_objectstorage.py
[2024-11-04T14:36:36.381+0000] {logging_mixin.py:190} INFO - [2024-11-04T14:36:36.380+0000] {override.py:1900} INFO - Created Permission View: can delete on DAG:tutorial_objectstorage
[2024-11-04T14:36:36.396+0000] {logging_mixin.py:190} INFO - [2024-11-04T14:36:36.395+0000] {override.py:1900} INFO - Created Permission View: can read on DAG:tutorial_objectstorage
[2024-11-04T14:36:36.406+0000] {logging_mixin.py:190} INFO - [2024-11-04T14:36:36.406+0000] {override.py:1900} INFO - Created Permission View: can edit on DAG:tutorial_objectstorage
[2024-11-04T14:36:36.417+0000] {logging_mixin.py:190} INFO - [2024-11-04T14:36:36.417+0000] {override.py:1900} INFO - Created Permission View: can create on DAG Run:tutorial_objectstorage
[2024-11-04T14:36:36.427+0000] {logging_mixin.py:190} INFO - [2024-11-04T14:36:36.426+0000] {override.py:1900} INFO - Created Permission View: can delete on DAG Run:tutorial_objectstorage
[2024-11-04T14:36:36.437+0000] {logging_mixin.py:190} INFO - [2024-11-04T14:36:36.437+0000] {override.py:1900} INFO - Created Permission View: can read on DAG Run:tutorial_objectstorage
[2024-11-04T14:36:36.447+0000] {logging_mixin.py:190} INFO - [2024-11-04T14:36:36.446+0000] {override.py:1900} INFO - Created Permission View: menu access on DAG Run:tutorial_objectstorage
[2024-11-04T14:36:36.448+0000] {logging_mixin.py:190} INFO - [2024-11-04T14:36:36.448+0000] {dag.py:3239} INFO - Sync 1 DAGs
[2024-11-04T14:36:36.465+0000] {logging_mixin.py:190} INFO - [2024-11-04T14:36:36.465+0000] {dag.py:3262} INFO - Creating ORM DAG for tutorial_objectstorage
[2024-11-04T14:36:36.467+0000] {logging_mixin.py:190} INFO - [2024-11-04T14:36:36.467+0000] {dag.py:4180} INFO - Setting next_dagrun for tutorial_objectstorage to None, run_after=None
[2024-11-04T14:36:36.491+0000] {processor.py:208} INFO - Processing /home/airflow/.local/lib/python3.12/site-packages/airflow/example_dags/tutorial_objectstorage.py took 0.261 seconds
[2024-11-04T14:37:06.695+0000] {processor.py:186} INFO - Started process (PID=698) to work on /home/airflow/.local/lib/python3.12/site-packages/airflow/example_dags/tutorial_objectstorage.py
[2024-11-04T14:37:06.697+0000] {processor.py:914} INFO - Processing file /home/airflow/.local/lib/python3.12/site-packages/airflow/example_dags/tutorial_objectstorage.py for tasks to queue
[2024-11-04T14:37:06.700+0000] {logging_mixin.py:190} INFO - [2024-11-04T14:37:06.700+0000] {dagbag.py:588} INFO - Filling up the DagBag from /home/airflow/.local/lib/python3.12/site-packages/airflow/example_dags/tutorial_objectstorage.py
[2024-11-04T14:37:06.710+0000] {processor.py:925} INFO - DAG(s) 'tutorial_objectstorage' retrieved from /home/airflow/.local/lib/python3.12/site-packages/airflow/example_dags/tutorial_objectstorage.py
[2024-11-04T14:37:06.731+0000] {logging_mixin.py:190} INFO - [2024-11-04T14:37:06.731+0000] {dag.py:3239} INFO - Sync 1 DAGs
[2024-11-04T14:37:06.744+0000] {logging_mixin.py:190} INFO - [2024-11-04T14:37:06.744+0000] {dag.py:4180} INFO - Setting next_dagrun for tutorial_objectstorage to None, run_after=None
[2024-11-04T14:37:06.766+0000] {processor.py:208} INFO - Processing /home/airflow/.local/lib/python3.12/site-packages/airflow/example_dags/tutorial_objectstorage.py took 0.076 seconds
[2024-11-04T14:37:37.435+0000] {processor.py:186} INFO - Started process (PID=982) to work on /home/airflow/.local/lib/python3.12/site-packages/airflow/example_dags/tutorial_objectstorage.py
[2024-11-04T14:37:37.437+0000] {processor.py:914} INFO - Processing file /home/airflow/.local/lib/python3.12/site-packages/airflow/example_dags/tutorial_objectstorage.py for tasks to queue
[2024-11-04T14:37:37.442+0000] {logging_mixin.py:190} INFO - [2024-11-04T14:37:37.442+0000] {dagbag.py:588} INFO - Filling up the DagBag from /home/airflow/.local/lib/python3.12/site-packages/airflow/example_dags/tutorial_objectstorage.py
[2024-11-04T14:37:37.460+0000] {processor.py:925} INFO - DAG(s) 'tutorial_objectstorage' retrieved from /home/airflow/.local/lib/python3.12/site-packages/airflow/example_dags/tutorial_objectstorage.py
[2024-11-04T14:37:37.501+0000] {logging_mixin.py:190} INFO - [2024-11-04T14:37:37.501+0000] {dag.py:3239} INFO - Sync 1 DAGs
[2024-11-04T14:37:37.534+0000] {logging_mixin.py:190} INFO - [2024-11-04T14:37:37.534+0000] {dag.py:4180} INFO - Setting next_dagrun for tutorial_objectstorage to None, run_after=None
[2024-11-04T14:37:37.575+0000] {processor.py:208} INFO - Processing /home/airflow/.local/lib/python3.12/site-packages/airflow/example_dags/tutorial_objectstorage.py took 0.154 seconds
[2024-11-04T14:38:08.662+0000] {processor.py:186} INFO - Started process (PID=1268) to work on /home/airflow/.local/lib/python3.12/site-packages/airflow/example_dags/tutorial_objectstorage.py
[2024-11-04T14:38:08.664+0000] {processor.py:914} INFO - Processing file /home/airflow/.local/lib/python3.12/site-packages/airflow/example_dags/tutorial_objectstorage.py for tasks to queue
[2024-11-04T14:38:08.669+0000] {logging_mixin.py:190} INFO - [2024-11-04T14:38:08.669+0000] {dagbag.py:588} INFO - Filling up the DagBag from /home/airflow/.local/lib/python3.12/site-packages/airflow/example_dags/tutorial_objectstorage.py
[2024-11-04T14:38:08.689+0000] {processor.py:925} INFO - DAG(s) 'tutorial_objectstorage' retrieved from /home/airflow/.local/lib/python3.12/site-packages/airflow/example_dags/tutorial_objectstorage.py
[2024-11-04T14:38:08.731+0000] {logging_mixin.py:190} INFO - [2024-11-04T14:38:08.730+0000] {dag.py:3239} INFO - Sync 1 DAGs
[2024-11-04T14:38:08.776+0000] {logging_mixin.py:190} INFO - [2024-11-04T14:38:08.775+0000] {dag.py:4180} INFO - Setting next_dagrun for tutorial_objectstorage to None, run_after=None
[2024-11-04T14:38:08.820+0000] {processor.py:208} INFO - Processing /home/airflow/.local/lib/python3.12/site-packages/airflow/example_dags/tutorial_objectstorage.py took 0.171 seconds
[2024-11-04T14:38:38.971+0000] {processor.py:186} INFO - Started process (PID=1557) to work on /home/airflow/.local/lib/python3.12/site-packages/airflow/example_dags/tutorial_objectstorage.py
[2024-11-04T14:38:38.972+0000] {processor.py:914} INFO - Processing file /home/airflow/.local/lib/python3.12/site-packages/airflow/example_dags/tutorial_objectstorage.py for tasks to queue
[2024-11-04T14:38:38.975+0000] {logging_mixin.py:190} INFO - [2024-11-04T14:38:38.975+0000] {dagbag.py:588} INFO - Filling up the DagBag from /home/airflow/.local/lib/python3.12/site-packages/airflow/example_dags/tutorial_objectstorage.py
[2024-11-04T14:38:38.986+0000] {processor.py:925} INFO - DAG(s) 'tutorial_objectstorage' retrieved from /home/airflow/.local/lib/python3.12/site-packages/airflow/example_dags/tutorial_objectstorage.py
[2024-11-04T14:38:39.009+0000] {logging_mixin.py:190} INFO - [2024-11-04T14:38:39.009+0000] {dag.py:3239} INFO - Sync 1 DAGs
[2024-11-04T14:38:39.023+0000] {logging_mixin.py:190} INFO - [2024-11-04T14:38:39.022+0000] {dag.py:4180} INFO - Setting next_dagrun for tutorial_objectstorage to None, run_after=None
[2024-11-04T14:38:39.049+0000] {processor.py:208} INFO - Processing /home/airflow/.local/lib/python3.12/site-packages/airflow/example_dags/tutorial_objectstorage.py took 0.086 seconds
[2024-11-04T14:39:09.603+0000] {processor.py:186} INFO - Started process (PID=1843) to work on /home/airflow/.local/lib/python3.12/site-packages/airflow/example_dags/tutorial_objectstorage.py
[2024-11-04T14:39:09.604+0000] {processor.py:914} INFO - Processing file /home/airflow/.local/lib/python3.12/site-packages/airflow/example_dags/tutorial_objectstorage.py for tasks to queue
[2024-11-04T14:39:09.609+0000] {logging_mixin.py:190} INFO - [2024-11-04T14:39:09.608+0000] {dagbag.py:588} INFO - Filling up the DagBag from /home/airflow/.local/lib/python3.12/site-packages/airflow/example_dags/tutorial_objectstorage.py
[2024-11-04T14:39:09.616+0000] {processor.py:925} INFO - DAG(s) 'tutorial_objectstorage' retrieved from /home/airflow/.local/lib/python3.12/site-packages/airflow/example_dags/tutorial_objectstorage.py
[2024-11-04T14:39:09.636+0000] {logging_mixin.py:190} INFO - [2024-11-04T14:39:09.636+0000] {dag.py:3239} INFO - Sync 1 DAGs
[2024-11-04T14:39:09.650+0000] {logging_mixin.py:190} INFO - [2024-11-04T14:39:09.650+0000] {dag.py:4180} INFO - Setting next_dagrun for tutorial_objectstorage to None, run_after=None
[2024-11-04T14:39:09.672+0000] {processor.py:208} INFO - Processing /home/airflow/.local/lib/python3.12/site-packages/airflow/example_dags/tutorial_objectstorage.py took 0.074 seconds
[2024-11-04T14:39:40.261+0000] {processor.py:186} INFO - Started process (PID=2129) to work on /home/airflow/.local/lib/python3.12/site-packages/airflow/example_dags/tutorial_objectstorage.py
[2024-11-04T14:39:40.263+0000] {processor.py:914} INFO - Processing file /home/airflow/.local/lib/python3.12/site-packages/airflow/example_dags/tutorial_objectstorage.py for tasks to queue
[2024-11-04T14:39:40.265+0000] {logging_mixin.py:190} INFO - [2024-11-04T14:39:40.265+0000] {dagbag.py:588} INFO - Filling up the DagBag from /home/airflow/.local/lib/python3.12/site-packages/airflow/example_dags/tutorial_objectstorage.py
[2024-11-04T14:39:40.274+0000] {processor.py:925} INFO - DAG(s) 'tutorial_objectstorage' retrieved from /home/airflow/.local/lib/python3.12/site-packages/airflow/example_dags/tutorial_objectstorage.py
[2024-11-04T14:39:40.295+0000] {logging_mixin.py:190} INFO - [2024-11-04T14:39:40.295+0000] {dag.py:3239} INFO - Sync 1 DAGs
[2024-11-04T14:39:40.310+0000] {logging_mixin.py:190} INFO - [2024-11-04T14:39:40.310+0000] {dag.py:4180} INFO - Setting next_dagrun for tutorial_objectstorage to None, run_after=None
[2024-11-04T14:39:40.331+0000] {processor.py:208} INFO - Processing /home/airflow/.local/lib/python3.12/site-packages/airflow/example_dags/tutorial_objectstorage.py took 0.076 seconds
[2024-11-04T14:40:11.238+0000] {processor.py:186} INFO - Started process (PID=2413) to work on /home/airflow/.local/lib/python3.12/site-packages/airflow/example_dags/tutorial_objectstorage.py
[2024-11-04T14:40:11.240+0000] {processor.py:914} INFO - Processing file /home/airflow/.local/lib/python3.12/site-packages/airflow/example_dags/tutorial_objectstorage.py for tasks to queue
[2024-11-04T14:40:11.246+0000] {logging_mixin.py:190} INFO - [2024-11-04T14:40:11.245+0000] {dagbag.py:588} INFO - Filling up the DagBag from /home/airflow/.local/lib/python3.12/site-packages/airflow/example_dags/tutorial_objectstorage.py
[2024-11-04T14:40:11.262+0000] {processor.py:925} INFO - DAG(s) 'tutorial_objectstorage' retrieved from /home/airflow/.local/lib/python3.12/site-packages/airflow/example_dags/tutorial_objectstorage.py
[2024-11-04T14:40:11.303+0000] {logging_mixin.py:190} INFO - [2024-11-04T14:40:11.302+0000] {dag.py:3239} INFO - Sync 1 DAGs
[2024-11-04T14:40:11.328+0000] {logging_mixin.py:190} INFO - [2024-11-04T14:40:11.328+0000] {dag.py:4180} INFO - Setting next_dagrun for tutorial_objectstorage to None, run_after=None
[2024-11-04T14:40:11.366+0000] {processor.py:208} INFO - Processing /home/airflow/.local/lib/python3.12/site-packages/airflow/example_dags/tutorial_objectstorage.py took 0.140 seconds
[2024-11-04T14:40:42.089+0000] {processor.py:186} INFO - Started process (PID=2699) to work on /home/airflow/.local/lib/python3.12/site-packages/airflow/example_dags/tutorial_objectstorage.py
[2024-11-04T14:40:42.091+0000] {processor.py:914} INFO - Processing file /home/airflow/.local/lib/python3.12/site-packages/airflow/example_dags/tutorial_objectstorage.py for tasks to queue
[2024-11-04T14:40:42.097+0000] {logging_mixin.py:190} INFO - [2024-11-04T14:40:42.097+0000] {dagbag.py:588} INFO - Filling up the DagBag from /home/airflow/.local/lib/python3.12/site-packages/airflow/example_dags/tutorial_objectstorage.py
[2024-11-04T14:40:42.113+0000] {processor.py:925} INFO - DAG(s) 'tutorial_objectstorage' retrieved from /home/airflow/.local/lib/python3.12/site-packages/airflow/example_dags/tutorial_objectstorage.py
[2024-11-04T14:40:42.138+0000] {logging_mixin.py:190} INFO - [2024-11-04T14:40:42.138+0000] {dag.py:3239} INFO - Sync 1 DAGs
[2024-11-04T14:40:42.157+0000] {logging_mixin.py:190} INFO - [2024-11-04T14:40:42.156+0000] {dag.py:4180} INFO - Setting next_dagrun for tutorial_objectstorage to None, run_after=None
[2024-11-04T14:40:42.186+0000] {processor.py:208} INFO - Processing /home/airflow/.local/lib/python3.12/site-packages/airflow/example_dags/tutorial_objectstorage.py took 0.111 seconds
[2024-11-04T14:41:16.583+0000] {processor.py:186} INFO - Started process (PID=2985) to work on /home/airflow/.local/lib/python3.12/site-packages/airflow/example_dags/tutorial_objectstorage.py
[2024-11-04T14:41:16.599+0000] {processor.py:914} INFO - Processing file /home/airflow/.local/lib/python3.12/site-packages/airflow/example_dags/tutorial_objectstorage.py for tasks to queue
[2024-11-04T14:41:16.608+0000] {logging_mixin.py:190} INFO - [2024-11-04T14:41:16.607+0000] {dagbag.py:588} INFO - Filling up the DagBag from /home/airflow/.local/lib/python3.12/site-packages/airflow/example_dags/tutorial_objectstorage.py
[2024-11-04T14:41:16.649+0000] {processor.py:925} INFO - DAG(s) 'tutorial_objectstorage' retrieved from /home/airflow/.local/lib/python3.12/site-packages/airflow/example_dags/tutorial_objectstorage.py
[2024-11-04T14:41:16.779+0000] {logging_mixin.py:190} INFO - [2024-11-04T14:41:16.777+0000] {dag.py:3239} INFO - Sync 1 DAGs
[2024-11-04T14:41:16.930+0000] {logging_mixin.py:190} INFO - [2024-11-04T14:41:16.929+0000] {dag.py:4180} INFO - Setting next_dagrun for tutorial_objectstorage to None, run_after=None
[2024-11-04T14:41:17.056+0000] {processor.py:208} INFO - Processing /home/airflow/.local/lib/python3.12/site-packages/airflow/example_dags/tutorial_objectstorage.py took 0.515 seconds
[2024-11-04T14:41:47.260+0000] {processor.py:186} INFO - Started process (PID=3266) to work on /home/airflow/.local/lib/python3.12/site-packages/airflow/example_dags/tutorial_objectstorage.py
[2024-11-04T14:41:47.261+0000] {processor.py:914} INFO - Processing file /home/airflow/.local/lib/python3.12/site-packages/airflow/example_dags/tutorial_objectstorage.py for tasks to queue
[2024-11-04T14:41:47.263+0000] {logging_mixin.py:190} INFO - [2024-11-04T14:41:47.263+0000] {dagbag.py:588} INFO - Filling up the DagBag from /home/airflow/.local/lib/python3.12/site-packages/airflow/example_dags/tutorial_objectstorage.py
[2024-11-04T14:41:47.272+0000] {processor.py:925} INFO - DAG(s) 'tutorial_objectstorage' retrieved from /home/airflow/.local/lib/python3.12/site-packages/airflow/example_dags/tutorial_objectstorage.py
[2024-11-04T14:41:47.293+0000] {logging_mixin.py:190} INFO - [2024-11-04T14:41:47.293+0000] {dag.py:3239} INFO - Sync 1 DAGs
[2024-11-04T14:41:47.306+0000] {logging_mixin.py:190} INFO - [2024-11-04T14:41:47.306+0000] {dag.py:4180} INFO - Setting next_dagrun for tutorial_objectstorage to None, run_after=None
[2024-11-04T14:41:47.326+0000] {processor.py:208} INFO - Processing /home/airflow/.local/lib/python3.12/site-packages/airflow/example_dags/tutorial_objectstorage.py took 0.072 seconds
[2024-11-04T14:42:18.110+0000] {processor.py:186} INFO - Started process (PID=3559) to work on /home/airflow/.local/lib/python3.12/site-packages/airflow/example_dags/tutorial_objectstorage.py
[2024-11-04T14:42:18.111+0000] {processor.py:914} INFO - Processing file /home/airflow/.local/lib/python3.12/site-packages/airflow/example_dags/tutorial_objectstorage.py for tasks to queue
[2024-11-04T14:42:18.114+0000] {logging_mixin.py:190} INFO - [2024-11-04T14:42:18.113+0000] {dagbag.py:588} INFO - Filling up the DagBag from /home/airflow/.local/lib/python3.12/site-packages/airflow/example_dags/tutorial_objectstorage.py
[2024-11-04T14:42:18.121+0000] {processor.py:925} INFO - DAG(s) 'tutorial_objectstorage' retrieved from /home/airflow/.local/lib/python3.12/site-packages/airflow/example_dags/tutorial_objectstorage.py
[2024-11-04T14:42:18.138+0000] {logging_mixin.py:190} INFO - [2024-11-04T14:42:18.137+0000] {dag.py:3239} INFO - Sync 1 DAGs
[2024-11-04T14:42:18.149+0000] {logging_mixin.py:190} INFO - [2024-11-04T14:42:18.149+0000] {dag.py:4180} INFO - Setting next_dagrun for tutorial_objectstorage to None, run_after=None
[2024-11-04T14:42:18.167+0000] {processor.py:208} INFO - Processing /home/airflow/.local/lib/python3.12/site-packages/airflow/example_dags/tutorial_objectstorage.py took 0.061 seconds
[2024-11-04T14:42:48.633+0000] {processor.py:186} INFO - Started process (PID=3844) to work on /home/airflow/.local/lib/python3.12/site-packages/airflow/example_dags/tutorial_objectstorage.py
[2024-11-04T14:42:48.635+0000] {processor.py:914} INFO - Processing file /home/airflow/.local/lib/python3.12/site-packages/airflow/example_dags/tutorial_objectstorage.py for tasks to queue
[2024-11-04T14:42:48.637+0000] {logging_mixin.py:190} INFO - [2024-11-04T14:42:48.637+0000] {dagbag.py:588} INFO - Filling up the DagBag from /home/airflow/.local/lib/python3.12/site-packages/airflow/example_dags/tutorial_objectstorage.py
[2024-11-04T14:42:48.645+0000] {processor.py:925} INFO - DAG(s) 'tutorial_objectstorage' retrieved from /home/airflow/.local/lib/python3.12/site-packages/airflow/example_dags/tutorial_objectstorage.py
[2024-11-04T14:42:48.663+0000] {logging_mixin.py:190} INFO - [2024-11-04T14:42:48.662+0000] {dag.py:3239} INFO - Sync 1 DAGs
[2024-11-04T14:42:48.673+0000] {logging_mixin.py:190} INFO - [2024-11-04T14:42:48.673+0000] {dag.py:4180} INFO - Setting next_dagrun for tutorial_objectstorage to None, run_after=None
[2024-11-04T14:42:48.693+0000] {processor.py:208} INFO - Processing /home/airflow/.local/lib/python3.12/site-packages/airflow/example_dags/tutorial_objectstorage.py took 0.064 seconds
[2024-11-04T14:45:02.271+0000] {processor.py:186} INFO - Started process (PID=411) to work on /home/airflow/.local/lib/python3.12/site-packages/airflow/example_dags/tutorial_objectstorage.py
[2024-11-04T14:45:02.273+0000] {processor.py:914} INFO - Processing file /home/airflow/.local/lib/python3.12/site-packages/airflow/example_dags/tutorial_objectstorage.py for tasks to queue
[2024-11-04T14:45:02.277+0000] {logging_mixin.py:190} INFO - [2024-11-04T14:45:02.277+0000] {dagbag.py:588} INFO - Filling up the DagBag from /home/airflow/.local/lib/python3.12/site-packages/airflow/example_dags/tutorial_objectstorage.py
[2024-11-04T14:45:02.296+0000] {processor.py:925} INFO - DAG(s) 'tutorial_objectstorage' retrieved from /home/airflow/.local/lib/python3.12/site-packages/airflow/example_dags/tutorial_objectstorage.py
[2024-11-04T14:45:02.504+0000] {logging_mixin.py:190} INFO - [2024-11-04T14:45:02.503+0000] {override.py:1900} INFO - Created Permission View: can delete on DAG:tutorial_objectstorage
[2024-11-04T14:45:02.528+0000] {logging_mixin.py:190} INFO - [2024-11-04T14:45:02.527+0000] {override.py:1900} INFO - Created Permission View: can read on DAG:tutorial_objectstorage
[2024-11-04T14:45:02.547+0000] {logging_mixin.py:190} INFO - [2024-11-04T14:45:02.546+0000] {override.py:1900} INFO - Created Permission View: can edit on DAG:tutorial_objectstorage
[2024-11-04T14:45:02.565+0000] {logging_mixin.py:190} INFO - [2024-11-04T14:45:02.565+0000] {override.py:1900} INFO - Created Permission View: can create on DAG Run:tutorial_objectstorage
[2024-11-04T14:45:02.582+0000] {logging_mixin.py:190} INFO - [2024-11-04T14:45:02.581+0000] {override.py:1900} INFO - Created Permission View: can delete on DAG Run:tutorial_objectstorage
[2024-11-04T14:45:02.596+0000] {logging_mixin.py:190} INFO - [2024-11-04T14:45:02.596+0000] {override.py:1900} INFO - Created Permission View: menu access on DAG Run:tutorial_objectstorage
[2024-11-04T14:45:02.610+0000] {logging_mixin.py:190} INFO - [2024-11-04T14:45:02.610+0000] {override.py:1900} INFO - Created Permission View: can read on DAG Run:tutorial_objectstorage
[2024-11-04T14:45:02.612+0000] {logging_mixin.py:190} INFO - [2024-11-04T14:45:02.611+0000] {dag.py:3239} INFO - Sync 1 DAGs
[2024-11-04T14:45:02.642+0000] {logging_mixin.py:190} INFO - [2024-11-04T14:45:02.641+0000] {dag.py:3262} INFO - Creating ORM DAG for tutorial_objectstorage
[2024-11-04T14:45:02.644+0000] {logging_mixin.py:190} INFO - [2024-11-04T14:45:02.644+0000] {dag.py:4180} INFO - Setting next_dagrun for tutorial_objectstorage to None, run_after=None
[2024-11-04T14:45:02.678+0000] {processor.py:208} INFO - Processing /home/airflow/.local/lib/python3.12/site-packages/airflow/example_dags/tutorial_objectstorage.py took 0.417 seconds
[2024-11-04T14:45:32.841+0000] {processor.py:186} INFO - Started process (PID=699) to work on /home/airflow/.local/lib/python3.12/site-packages/airflow/example_dags/tutorial_objectstorage.py
[2024-11-04T14:45:32.843+0000] {processor.py:914} INFO - Processing file /home/airflow/.local/lib/python3.12/site-packages/airflow/example_dags/tutorial_objectstorage.py for tasks to queue
[2024-11-04T14:45:32.847+0000] {logging_mixin.py:190} INFO - [2024-11-04T14:45:32.846+0000] {dagbag.py:588} INFO - Filling up the DagBag from /home/airflow/.local/lib/python3.12/site-packages/airflow/example_dags/tutorial_objectstorage.py
[2024-11-04T14:45:32.858+0000] {processor.py:925} INFO - DAG(s) 'tutorial_objectstorage' retrieved from /home/airflow/.local/lib/python3.12/site-packages/airflow/example_dags/tutorial_objectstorage.py
[2024-11-04T14:45:32.885+0000] {logging_mixin.py:190} INFO - [2024-11-04T14:45:32.885+0000] {dag.py:3239} INFO - Sync 1 DAGs
[2024-11-04T14:45:32.905+0000] {logging_mixin.py:190} INFO - [2024-11-04T14:45:32.905+0000] {dag.py:4180} INFO - Setting next_dagrun for tutorial_objectstorage to None, run_after=None
[2024-11-04T14:45:32.937+0000] {processor.py:208} INFO - Processing /home/airflow/.local/lib/python3.12/site-packages/airflow/example_dags/tutorial_objectstorage.py took 0.102 seconds
[2024-11-04T14:46:03.855+0000] {processor.py:186} INFO - Started process (PID=985) to work on /home/airflow/.local/lib/python3.12/site-packages/airflow/example_dags/tutorial_objectstorage.py
[2024-11-04T14:46:03.856+0000] {processor.py:914} INFO - Processing file /home/airflow/.local/lib/python3.12/site-packages/airflow/example_dags/tutorial_objectstorage.py for tasks to queue
[2024-11-04T14:46:03.859+0000] {logging_mixin.py:190} INFO - [2024-11-04T14:46:03.858+0000] {dagbag.py:588} INFO - Filling up the DagBag from /home/airflow/.local/lib/python3.12/site-packages/airflow/example_dags/tutorial_objectstorage.py
[2024-11-04T14:46:03.866+0000] {processor.py:925} INFO - DAG(s) 'tutorial_objectstorage' retrieved from /home/airflow/.local/lib/python3.12/site-packages/airflow/example_dags/tutorial_objectstorage.py
[2024-11-04T14:46:03.884+0000] {logging_mixin.py:190} INFO - [2024-11-04T14:46:03.884+0000] {dag.py:3239} INFO - Sync 1 DAGs
[2024-11-04T14:46:03.896+0000] {logging_mixin.py:190} INFO - [2024-11-04T14:46:03.895+0000] {dag.py:4180} INFO - Setting next_dagrun for tutorial_objectstorage to None, run_after=None
[2024-11-04T14:46:03.913+0000] {processor.py:208} INFO - Processing /home/airflow/.local/lib/python3.12/site-packages/airflow/example_dags/tutorial_objectstorage.py took 0.063 seconds
[2024-11-04T14:46:34.418+0000] {processor.py:186} INFO - Started process (PID=1271) to work on /home/airflow/.local/lib/python3.12/site-packages/airflow/example_dags/tutorial_objectstorage.py
[2024-11-04T14:46:34.419+0000] {processor.py:914} INFO - Processing file /home/airflow/.local/lib/python3.12/site-packages/airflow/example_dags/tutorial_objectstorage.py for tasks to queue
[2024-11-04T14:46:34.423+0000] {logging_mixin.py:190} INFO - [2024-11-04T14:46:34.423+0000] {dagbag.py:588} INFO - Filling up the DagBag from /home/airflow/.local/lib/python3.12/site-packages/airflow/example_dags/tutorial_objectstorage.py
[2024-11-04T14:46:34.434+0000] {processor.py:925} INFO - DAG(s) 'tutorial_objectstorage' retrieved from /home/airflow/.local/lib/python3.12/site-packages/airflow/example_dags/tutorial_objectstorage.py
[2024-11-04T14:46:34.457+0000] {logging_mixin.py:190} INFO - [2024-11-04T14:46:34.456+0000] {dag.py:3239} INFO - Sync 1 DAGs
[2024-11-04T14:46:34.470+0000] {logging_mixin.py:190} INFO - [2024-11-04T14:46:34.470+0000] {dag.py:4180} INFO - Setting next_dagrun for tutorial_objectstorage to None, run_after=None
[2024-11-04T14:46:34.489+0000] {processor.py:208} INFO - Processing /home/airflow/.local/lib/python3.12/site-packages/airflow/example_dags/tutorial_objectstorage.py took 0.078 seconds
[2024-11-04T14:47:04.614+0000] {processor.py:186} INFO - Started process (PID=1557) to work on /home/airflow/.local/lib/python3.12/site-packages/airflow/example_dags/tutorial_objectstorage.py
[2024-11-04T14:47:04.616+0000] {processor.py:914} INFO - Processing file /home/airflow/.local/lib/python3.12/site-packages/airflow/example_dags/tutorial_objectstorage.py for tasks to queue
[2024-11-04T14:47:04.618+0000] {logging_mixin.py:190} INFO - [2024-11-04T14:47:04.618+0000] {dagbag.py:588} INFO - Filling up the DagBag from /home/airflow/.local/lib/python3.12/site-packages/airflow/example_dags/tutorial_objectstorage.py
[2024-11-04T14:47:04.628+0000] {processor.py:925} INFO - DAG(s) 'tutorial_objectstorage' retrieved from /home/airflow/.local/lib/python3.12/site-packages/airflow/example_dags/tutorial_objectstorage.py
[2024-11-04T14:47:04.648+0000] {logging_mixin.py:190} INFO - [2024-11-04T14:47:04.648+0000] {dag.py:3239} INFO - Sync 1 DAGs
[2024-11-04T14:47:04.661+0000] {logging_mixin.py:190} INFO - [2024-11-04T14:47:04.660+0000] {dag.py:4180} INFO - Setting next_dagrun for tutorial_objectstorage to None, run_after=None
[2024-11-04T14:47:04.679+0000] {processor.py:208} INFO - Processing /home/airflow/.local/lib/python3.12/site-packages/airflow/example_dags/tutorial_objectstorage.py took 0.069 seconds
[2024-11-04T14:49:21.477+0000] {processor.py:186} INFO - Started process (PID=410) to work on /home/airflow/.local/lib/python3.12/site-packages/airflow/example_dags/tutorial_objectstorage.py
[2024-11-04T14:49:21.479+0000] {processor.py:914} INFO - Processing file /home/airflow/.local/lib/python3.12/site-packages/airflow/example_dags/tutorial_objectstorage.py for tasks to queue
[2024-11-04T14:49:21.483+0000] {logging_mixin.py:190} INFO - [2024-11-04T14:49:21.482+0000] {dagbag.py:588} INFO - Filling up the DagBag from /home/airflow/.local/lib/python3.12/site-packages/airflow/example_dags/tutorial_objectstorage.py
[2024-11-04T14:49:21.499+0000] {processor.py:925} INFO - DAG(s) 'tutorial_objectstorage' retrieved from /home/airflow/.local/lib/python3.12/site-packages/airflow/example_dags/tutorial_objectstorage.py
[2024-11-04T14:49:21.662+0000] {logging_mixin.py:190} INFO - [2024-11-04T14:49:21.661+0000] {override.py:1900} INFO - Created Permission View: can edit on DAG:tutorial_objectstorage
[2024-11-04T14:49:21.679+0000] {logging_mixin.py:190} INFO - [2024-11-04T14:49:21.678+0000] {override.py:1900} INFO - Created Permission View: can delete on DAG:tutorial_objectstorage
[2024-11-04T14:49:21.692+0000] {logging_mixin.py:190} INFO - [2024-11-04T14:49:21.692+0000] {override.py:1900} INFO - Created Permission View: can read on DAG:tutorial_objectstorage
[2024-11-04T14:49:21.708+0000] {logging_mixin.py:190} INFO - [2024-11-04T14:49:21.707+0000] {override.py:1900} INFO - Created Permission View: can create on DAG Run:tutorial_objectstorage
[2024-11-04T14:49:21.725+0000] {logging_mixin.py:190} INFO - [2024-11-04T14:49:21.724+0000] {override.py:1900} INFO - Created Permission View: can read on DAG Run:tutorial_objectstorage
[2024-11-04T14:49:21.738+0000] {logging_mixin.py:190} INFO - [2024-11-04T14:49:21.737+0000] {override.py:1900} INFO - Created Permission View: can delete on DAG Run:tutorial_objectstorage
[2024-11-04T14:49:21.752+0000] {logging_mixin.py:190} INFO - [2024-11-04T14:49:21.751+0000] {override.py:1900} INFO - Created Permission View: menu access on DAG Run:tutorial_objectstorage
[2024-11-04T14:49:21.753+0000] {logging_mixin.py:190} INFO - [2024-11-04T14:49:21.753+0000] {dag.py:3239} INFO - Sync 1 DAGs
[2024-11-04T14:49:21.779+0000] {logging_mixin.py:190} INFO - [2024-11-04T14:49:21.778+0000] {dag.py:3262} INFO - Creating ORM DAG for tutorial_objectstorage
[2024-11-04T14:49:21.781+0000] {logging_mixin.py:190} INFO - [2024-11-04T14:49:21.781+0000] {dag.py:4180} INFO - Setting next_dagrun for tutorial_objectstorage to None, run_after=None
[2024-11-04T14:49:21.811+0000] {processor.py:208} INFO - Processing /home/airflow/.local/lib/python3.12/site-packages/airflow/example_dags/tutorial_objectstorage.py took 0.343 seconds
