[2024-11-04T14:34:08.852+0000] {processor.py:186} INFO - Started process (PID=424) to work on /home/airflow/.local/lib/python3.12/site-packages/airflow/example_dags/tutorial_taskflow_api.py
[2024-11-04T14:34:08.854+0000] {processor.py:914} INFO - Processing file /home/airflow/.local/lib/python3.12/site-packages/airflow/example_dags/tutorial_taskflow_api.py for tasks to queue
[2024-11-04T14:34:08.859+0000] {logging_mixin.py:190} INFO - [2024-11-04T14:34:08.859+0000] {dagbag.py:588} INFO - Filling up the DagBag from /home/airflow/.local/lib/python3.12/site-packages/airflow/example_dags/tutorial_taskflow_api.py
[2024-11-04T14:34:08.878+0000] {processor.py:925} INFO - DAG(s) 'tutorial_taskflow_api' retrieved from /home/airflow/.local/lib/python3.12/site-packages/airflow/example_dags/tutorial_taskflow_api.py
[2024-11-04T14:34:09.075+0000] {logging_mixin.py:190} INFO - [2024-11-04T14:34:09.073+0000] {override.py:1900} INFO - Created Permission View: can edit on DAG:tutorial_taskflow_api
[2024-11-04T14:34:09.118+0000] {logging_mixin.py:190} INFO - [2024-11-04T14:34:09.117+0000] {override.py:1900} INFO - Created Permission View: can read on DAG:tutorial_taskflow_api
[2024-11-04T14:34:09.148+0000] {logging_mixin.py:190} INFO - [2024-11-04T14:34:09.147+0000] {override.py:1900} INFO - Created Permission View: can delete on DAG:tutorial_taskflow_api
[2024-11-04T14:34:09.179+0000] {logging_mixin.py:190} INFO - [2024-11-04T14:34:09.178+0000] {override.py:1900} INFO - Created Permission View: can read on DAG Run:tutorial_taskflow_api
[2024-11-04T14:34:09.213+0000] {logging_mixin.py:190} INFO - [2024-11-04T14:34:09.212+0000] {override.py:1900} INFO - Created Permission View: can delete on DAG Run:tutorial_taskflow_api
[2024-11-04T14:34:09.238+0000] {logging_mixin.py:190} INFO - [2024-11-04T14:34:09.237+0000] {override.py:1900} INFO - Created Permission View: menu access on DAG Run:tutorial_taskflow_api
[2024-11-04T14:34:09.274+0000] {logging_mixin.py:190} INFO - [2024-11-04T14:34:09.273+0000] {override.py:1900} INFO - Created Permission View: can create on DAG Run:tutorial_taskflow_api
[2024-11-04T14:34:09.277+0000] {logging_mixin.py:190} INFO - [2024-11-04T14:34:09.277+0000] {dag.py:3239} INFO - Sync 1 DAGs
[2024-11-04T14:34:09.330+0000] {logging_mixin.py:190} INFO - [2024-11-04T14:34:09.329+0000] {dag.py:3262} INFO - Creating ORM DAG for tutorial_taskflow_api
[2024-11-04T14:34:09.333+0000] {logging_mixin.py:190} INFO - [2024-11-04T14:34:09.332+0000] {dag.py:4180} INFO - Setting next_dagrun for tutorial_taskflow_api to None, run_after=None
[2024-11-04T14:34:09.379+0000] {processor.py:208} INFO - Processing /home/airflow/.local/lib/python3.12/site-packages/airflow/example_dags/tutorial_taskflow_api.py took 0.535 seconds
[2024-11-04T14:34:40.070+0000] {processor.py:186} INFO - Started process (PID=711) to work on /home/airflow/.local/lib/python3.12/site-packages/airflow/example_dags/tutorial_taskflow_api.py
[2024-11-04T14:34:40.071+0000] {processor.py:914} INFO - Processing file /home/airflow/.local/lib/python3.12/site-packages/airflow/example_dags/tutorial_taskflow_api.py for tasks to queue
[2024-11-04T14:34:40.074+0000] {logging_mixin.py:190} INFO - [2024-11-04T14:34:40.074+0000] {dagbag.py:588} INFO - Filling up the DagBag from /home/airflow/.local/lib/python3.12/site-packages/airflow/example_dags/tutorial_taskflow_api.py
[2024-11-04T14:34:40.083+0000] {processor.py:925} INFO - DAG(s) 'tutorial_taskflow_api' retrieved from /home/airflow/.local/lib/python3.12/site-packages/airflow/example_dags/tutorial_taskflow_api.py
[2024-11-04T14:34:40.108+0000] {logging_mixin.py:190} INFO - [2024-11-04T14:34:40.107+0000] {dag.py:3239} INFO - Sync 1 DAGs
[2024-11-04T14:34:40.125+0000] {logging_mixin.py:190} INFO - [2024-11-04T14:34:40.125+0000] {dag.py:4180} INFO - Setting next_dagrun for tutorial_taskflow_api to None, run_after=None
[2024-11-04T14:34:40.149+0000] {processor.py:208} INFO - Processing /home/airflow/.local/lib/python3.12/site-packages/airflow/example_dags/tutorial_taskflow_api.py took 0.084 seconds
[2024-11-04T14:35:10.269+0000] {processor.py:186} INFO - Started process (PID=994) to work on /home/airflow/.local/lib/python3.12/site-packages/airflow/example_dags/tutorial_taskflow_api.py
[2024-11-04T14:35:10.270+0000] {processor.py:914} INFO - Processing file /home/airflow/.local/lib/python3.12/site-packages/airflow/example_dags/tutorial_taskflow_api.py for tasks to queue
[2024-11-04T14:35:10.272+0000] {logging_mixin.py:190} INFO - [2024-11-04T14:35:10.272+0000] {dagbag.py:588} INFO - Filling up the DagBag from /home/airflow/.local/lib/python3.12/site-packages/airflow/example_dags/tutorial_taskflow_api.py
[2024-11-04T14:35:10.281+0000] {processor.py:925} INFO - DAG(s) 'tutorial_taskflow_api' retrieved from /home/airflow/.local/lib/python3.12/site-packages/airflow/example_dags/tutorial_taskflow_api.py
[2024-11-04T14:35:10.299+0000] {logging_mixin.py:190} INFO - [2024-11-04T14:35:10.299+0000] {dag.py:3239} INFO - Sync 1 DAGs
[2024-11-04T14:35:10.311+0000] {logging_mixin.py:190} INFO - [2024-11-04T14:35:10.311+0000] {dag.py:4180} INFO - Setting next_dagrun for tutorial_taskflow_api to None, run_after=None
[2024-11-04T14:35:10.335+0000] {processor.py:208} INFO - Processing /home/airflow/.local/lib/python3.12/site-packages/airflow/example_dags/tutorial_taskflow_api.py took 0.071 seconds
[2024-11-04T14:36:36.580+0000] {processor.py:186} INFO - Started process (PID=425) to work on /home/airflow/.local/lib/python3.12/site-packages/airflow/example_dags/tutorial_taskflow_api.py
[2024-11-04T14:36:36.581+0000] {processor.py:914} INFO - Processing file /home/airflow/.local/lib/python3.12/site-packages/airflow/example_dags/tutorial_taskflow_api.py for tasks to queue
[2024-11-04T14:36:36.586+0000] {logging_mixin.py:190} INFO - [2024-11-04T14:36:36.586+0000] {dagbag.py:588} INFO - Filling up the DagBag from /home/airflow/.local/lib/python3.12/site-packages/airflow/example_dags/tutorial_taskflow_api.py
[2024-11-04T14:36:36.599+0000] {processor.py:925} INFO - DAG(s) 'tutorial_taskflow_api' retrieved from /home/airflow/.local/lib/python3.12/site-packages/airflow/example_dags/tutorial_taskflow_api.py
[2024-11-04T14:36:36.718+0000] {logging_mixin.py:190} INFO - [2024-11-04T14:36:36.717+0000] {override.py:1900} INFO - Created Permission View: can delete on DAG:tutorial_taskflow_api
[2024-11-04T14:36:36.731+0000] {logging_mixin.py:190} INFO - [2024-11-04T14:36:36.731+0000] {override.py:1900} INFO - Created Permission View: can read on DAG:tutorial_taskflow_api
[2024-11-04T14:36:36.742+0000] {logging_mixin.py:190} INFO - [2024-11-04T14:36:36.741+0000] {override.py:1900} INFO - Created Permission View: can edit on DAG:tutorial_taskflow_api
[2024-11-04T14:36:36.753+0000] {logging_mixin.py:190} INFO - [2024-11-04T14:36:36.753+0000] {override.py:1900} INFO - Created Permission View: can create on DAG Run:tutorial_taskflow_api
[2024-11-04T14:36:36.762+0000] {logging_mixin.py:190} INFO - [2024-11-04T14:36:36.762+0000] {override.py:1900} INFO - Created Permission View: can delete on DAG Run:tutorial_taskflow_api
[2024-11-04T14:36:36.772+0000] {logging_mixin.py:190} INFO - [2024-11-04T14:36:36.772+0000] {override.py:1900} INFO - Created Permission View: can read on DAG Run:tutorial_taskflow_api
[2024-11-04T14:36:36.781+0000] {logging_mixin.py:190} INFO - [2024-11-04T14:36:36.781+0000] {override.py:1900} INFO - Created Permission View: menu access on DAG Run:tutorial_taskflow_api
[2024-11-04T14:36:36.782+0000] {logging_mixin.py:190} INFO - [2024-11-04T14:36:36.782+0000] {dag.py:3239} INFO - Sync 1 DAGs
[2024-11-04T14:36:36.799+0000] {logging_mixin.py:190} INFO - [2024-11-04T14:36:36.799+0000] {dag.py:3262} INFO - Creating ORM DAG for tutorial_taskflow_api
[2024-11-04T14:36:36.800+0000] {logging_mixin.py:190} INFO - [2024-11-04T14:36:36.800+0000] {dag.py:4180} INFO - Setting next_dagrun for tutorial_taskflow_api to None, run_after=None
[2024-11-04T14:36:36.823+0000] {processor.py:208} INFO - Processing /home/airflow/.local/lib/python3.12/site-packages/airflow/example_dags/tutorial_taskflow_api.py took 0.251 seconds
[2024-11-04T14:37:06.988+0000] {processor.py:186} INFO - Started process (PID=708) to work on /home/airflow/.local/lib/python3.12/site-packages/airflow/example_dags/tutorial_taskflow_api.py
[2024-11-04T14:37:06.990+0000] {processor.py:914} INFO - Processing file /home/airflow/.local/lib/python3.12/site-packages/airflow/example_dags/tutorial_taskflow_api.py for tasks to queue
[2024-11-04T14:37:06.993+0000] {logging_mixin.py:190} INFO - [2024-11-04T14:37:06.992+0000] {dagbag.py:588} INFO - Filling up the DagBag from /home/airflow/.local/lib/python3.12/site-packages/airflow/example_dags/tutorial_taskflow_api.py
[2024-11-04T14:37:07.002+0000] {processor.py:925} INFO - DAG(s) 'tutorial_taskflow_api' retrieved from /home/airflow/.local/lib/python3.12/site-packages/airflow/example_dags/tutorial_taskflow_api.py
[2024-11-04T14:37:07.026+0000] {logging_mixin.py:190} INFO - [2024-11-04T14:37:07.026+0000] {dag.py:3239} INFO - Sync 1 DAGs
[2024-11-04T14:37:07.043+0000] {logging_mixin.py:190} INFO - [2024-11-04T14:37:07.042+0000] {dag.py:4180} INFO - Setting next_dagrun for tutorial_taskflow_api to None, run_after=None
[2024-11-04T14:37:07.075+0000] {processor.py:208} INFO - Processing /home/airflow/.local/lib/python3.12/site-packages/airflow/example_dags/tutorial_taskflow_api.py took 0.097 seconds
[2024-11-04T14:37:37.650+0000] {processor.py:186} INFO - Started process (PID=992) to work on /home/airflow/.local/lib/python3.12/site-packages/airflow/example_dags/tutorial_taskflow_api.py
[2024-11-04T14:37:37.652+0000] {processor.py:914} INFO - Processing file /home/airflow/.local/lib/python3.12/site-packages/airflow/example_dags/tutorial_taskflow_api.py for tasks to queue
[2024-11-04T14:37:37.657+0000] {logging_mixin.py:190} INFO - [2024-11-04T14:37:37.656+0000] {dagbag.py:588} INFO - Filling up the DagBag from /home/airflow/.local/lib/python3.12/site-packages/airflow/example_dags/tutorial_taskflow_api.py
[2024-11-04T14:37:37.673+0000] {processor.py:925} INFO - DAG(s) 'tutorial_taskflow_api' retrieved from /home/airflow/.local/lib/python3.12/site-packages/airflow/example_dags/tutorial_taskflow_api.py
[2024-11-04T14:37:37.711+0000] {logging_mixin.py:190} INFO - [2024-11-04T14:37:37.710+0000] {dag.py:3239} INFO - Sync 1 DAGs
[2024-11-04T14:37:37.735+0000] {logging_mixin.py:190} INFO - [2024-11-04T14:37:37.735+0000] {dag.py:4180} INFO - Setting next_dagrun for tutorial_taskflow_api to None, run_after=None
[2024-11-04T14:37:37.778+0000] {processor.py:208} INFO - Processing /home/airflow/.local/lib/python3.12/site-packages/airflow/example_dags/tutorial_taskflow_api.py took 0.140 seconds
[2024-11-04T14:38:08.953+0000] {processor.py:186} INFO - Started process (PID=1278) to work on /home/airflow/.local/lib/python3.12/site-packages/airflow/example_dags/tutorial_taskflow_api.py
[2024-11-04T14:38:08.955+0000] {processor.py:914} INFO - Processing file /home/airflow/.local/lib/python3.12/site-packages/airflow/example_dags/tutorial_taskflow_api.py for tasks to queue
[2024-11-04T14:38:08.961+0000] {logging_mixin.py:190} INFO - [2024-11-04T14:38:08.960+0000] {dagbag.py:588} INFO - Filling up the DagBag from /home/airflow/.local/lib/python3.12/site-packages/airflow/example_dags/tutorial_taskflow_api.py
[2024-11-04T14:38:09.001+0000] {processor.py:925} INFO - DAG(s) 'tutorial_taskflow_api' retrieved from /home/airflow/.local/lib/python3.12/site-packages/airflow/example_dags/tutorial_taskflow_api.py
[2024-11-04T14:38:09.088+0000] {logging_mixin.py:190} INFO - [2024-11-04T14:38:09.087+0000] {dag.py:3239} INFO - Sync 1 DAGs
[2024-11-04T14:38:09.170+0000] {logging_mixin.py:190} INFO - [2024-11-04T14:38:09.169+0000] {dag.py:4180} INFO - Setting next_dagrun for tutorial_taskflow_api to None, run_after=None
[2024-11-04T14:38:09.236+0000] {processor.py:208} INFO - Processing /home/airflow/.local/lib/python3.12/site-packages/airflow/example_dags/tutorial_taskflow_api.py took 0.313 seconds
[2024-11-04T14:38:39.376+0000] {processor.py:186} INFO - Started process (PID=1567) to work on /home/airflow/.local/lib/python3.12/site-packages/airflow/example_dags/tutorial_taskflow_api.py
[2024-11-04T14:38:39.378+0000] {processor.py:914} INFO - Processing file /home/airflow/.local/lib/python3.12/site-packages/airflow/example_dags/tutorial_taskflow_api.py for tasks to queue
[2024-11-04T14:38:39.382+0000] {logging_mixin.py:190} INFO - [2024-11-04T14:38:39.382+0000] {dagbag.py:588} INFO - Filling up the DagBag from /home/airflow/.local/lib/python3.12/site-packages/airflow/example_dags/tutorial_taskflow_api.py
[2024-11-04T14:38:39.403+0000] {processor.py:925} INFO - DAG(s) 'tutorial_taskflow_api' retrieved from /home/airflow/.local/lib/python3.12/site-packages/airflow/example_dags/tutorial_taskflow_api.py
[2024-11-04T14:38:39.444+0000] {logging_mixin.py:190} INFO - [2024-11-04T14:38:39.443+0000] {dag.py:3239} INFO - Sync 1 DAGs
[2024-11-04T14:38:39.478+0000] {logging_mixin.py:190} INFO - [2024-11-04T14:38:39.478+0000] {dag.py:4180} INFO - Setting next_dagrun for tutorial_taskflow_api to None, run_after=None
[2024-11-04T14:38:39.515+0000] {processor.py:208} INFO - Processing /home/airflow/.local/lib/python3.12/site-packages/airflow/example_dags/tutorial_taskflow_api.py took 0.153 seconds
[2024-11-04T14:39:09.720+0000] {processor.py:186} INFO - Started process (PID=1851) to work on /home/airflow/.local/lib/python3.12/site-packages/airflow/example_dags/tutorial_taskflow_api.py
[2024-11-04T14:39:09.721+0000] {processor.py:914} INFO - Processing file /home/airflow/.local/lib/python3.12/site-packages/airflow/example_dags/tutorial_taskflow_api.py for tasks to queue
[2024-11-04T14:39:09.725+0000] {logging_mixin.py:190} INFO - [2024-11-04T14:39:09.724+0000] {dagbag.py:588} INFO - Filling up the DagBag from /home/airflow/.local/lib/python3.12/site-packages/airflow/example_dags/tutorial_taskflow_api.py
[2024-11-04T14:39:09.735+0000] {processor.py:925} INFO - DAG(s) 'tutorial_taskflow_api' retrieved from /home/airflow/.local/lib/python3.12/site-packages/airflow/example_dags/tutorial_taskflow_api.py
[2024-11-04T14:39:09.755+0000] {logging_mixin.py:190} INFO - [2024-11-04T14:39:09.755+0000] {dag.py:3239} INFO - Sync 1 DAGs
[2024-11-04T14:39:09.770+0000] {logging_mixin.py:190} INFO - [2024-11-04T14:39:09.770+0000] {dag.py:4180} INFO - Setting next_dagrun for tutorial_taskflow_api to None, run_after=None
[2024-11-04T14:39:09.792+0000] {processor.py:208} INFO - Processing /home/airflow/.local/lib/python3.12/site-packages/airflow/example_dags/tutorial_taskflow_api.py took 0.080 seconds
[2024-11-04T14:39:40.376+0000] {processor.py:186} INFO - Started process (PID=2137) to work on /home/airflow/.local/lib/python3.12/site-packages/airflow/example_dags/tutorial_taskflow_api.py
[2024-11-04T14:39:40.378+0000] {processor.py:914} INFO - Processing file /home/airflow/.local/lib/python3.12/site-packages/airflow/example_dags/tutorial_taskflow_api.py for tasks to queue
[2024-11-04T14:39:40.380+0000] {logging_mixin.py:190} INFO - [2024-11-04T14:39:40.380+0000] {dagbag.py:588} INFO - Filling up the DagBag from /home/airflow/.local/lib/python3.12/site-packages/airflow/example_dags/tutorial_taskflow_api.py
[2024-11-04T14:39:40.389+0000] {processor.py:925} INFO - DAG(s) 'tutorial_taskflow_api' retrieved from /home/airflow/.local/lib/python3.12/site-packages/airflow/example_dags/tutorial_taskflow_api.py
[2024-11-04T14:39:40.408+0000] {logging_mixin.py:190} INFO - [2024-11-04T14:39:40.408+0000] {dag.py:3239} INFO - Sync 1 DAGs
[2024-11-04T14:39:40.421+0000] {logging_mixin.py:190} INFO - [2024-11-04T14:39:40.421+0000] {dag.py:4180} INFO - Setting next_dagrun for tutorial_taskflow_api to None, run_after=None
[2024-11-04T14:39:40.445+0000] {processor.py:208} INFO - Processing /home/airflow/.local/lib/python3.12/site-packages/airflow/example_dags/tutorial_taskflow_api.py took 0.075 seconds
[2024-11-04T14:40:11.763+0000] {processor.py:186} INFO - Started process (PID=2425) to work on /home/airflow/.local/lib/python3.12/site-packages/airflow/example_dags/tutorial_taskflow_api.py
[2024-11-04T14:40:11.766+0000] {processor.py:914} INFO - Processing file /home/airflow/.local/lib/python3.12/site-packages/airflow/example_dags/tutorial_taskflow_api.py for tasks to queue
[2024-11-04T14:40:11.774+0000] {logging_mixin.py:190} INFO - [2024-11-04T14:40:11.773+0000] {dagbag.py:588} INFO - Filling up the DagBag from /home/airflow/.local/lib/python3.12/site-packages/airflow/example_dags/tutorial_taskflow_api.py
[2024-11-04T14:40:11.793+0000] {processor.py:925} INFO - DAG(s) 'tutorial_taskflow_api' retrieved from /home/airflow/.local/lib/python3.12/site-packages/airflow/example_dags/tutorial_taskflow_api.py
[2024-11-04T14:40:11.840+0000] {logging_mixin.py:190} INFO - [2024-11-04T14:40:11.840+0000] {dag.py:3239} INFO - Sync 1 DAGs
[2024-11-04T14:40:11.872+0000] {logging_mixin.py:190} INFO - [2024-11-04T14:40:11.872+0000] {dag.py:4180} INFO - Setting next_dagrun for tutorial_taskflow_api to None, run_after=None
[2024-11-04T14:40:11.924+0000] {processor.py:208} INFO - Processing /home/airflow/.local/lib/python3.12/site-packages/airflow/example_dags/tutorial_taskflow_api.py took 0.178 seconds
[2024-11-04T14:40:42.229+0000] {processor.py:186} INFO - Started process (PID=2709) to work on /home/airflow/.local/lib/python3.12/site-packages/airflow/example_dags/tutorial_taskflow_api.py
[2024-11-04T14:40:42.231+0000] {processor.py:914} INFO - Processing file /home/airflow/.local/lib/python3.12/site-packages/airflow/example_dags/tutorial_taskflow_api.py for tasks to queue
[2024-11-04T14:40:42.233+0000] {logging_mixin.py:190} INFO - [2024-11-04T14:40:42.233+0000] {dagbag.py:588} INFO - Filling up the DagBag from /home/airflow/.local/lib/python3.12/site-packages/airflow/example_dags/tutorial_taskflow_api.py
[2024-11-04T14:40:42.242+0000] {processor.py:925} INFO - DAG(s) 'tutorial_taskflow_api' retrieved from /home/airflow/.local/lib/python3.12/site-packages/airflow/example_dags/tutorial_taskflow_api.py
[2024-11-04T14:40:42.268+0000] {logging_mixin.py:190} INFO - [2024-11-04T14:40:42.268+0000] {dag.py:3239} INFO - Sync 1 DAGs
[2024-11-04T14:40:42.285+0000] {logging_mixin.py:190} INFO - [2024-11-04T14:40:42.285+0000] {dag.py:4180} INFO - Setting next_dagrun for tutorial_taskflow_api to None, run_after=None
[2024-11-04T14:40:42.311+0000] {processor.py:208} INFO - Processing /home/airflow/.local/lib/python3.12/site-packages/airflow/example_dags/tutorial_taskflow_api.py took 0.088 seconds
[2024-11-04T14:41:18.165+0000] {processor.py:186} INFO - Started process (PID=3000) to work on /home/airflow/.local/lib/python3.12/site-packages/airflow/example_dags/tutorial_taskflow_api.py
[2024-11-04T14:41:18.240+0000] {processor.py:914} INFO - Processing file /home/airflow/.local/lib/python3.12/site-packages/airflow/example_dags/tutorial_taskflow_api.py for tasks to queue
[2024-11-04T14:41:18.281+0000] {logging_mixin.py:190} INFO - [2024-11-04T14:41:18.280+0000] {dagbag.py:588} INFO - Filling up the DagBag from /home/airflow/.local/lib/python3.12/site-packages/airflow/example_dags/tutorial_taskflow_api.py
[2024-11-04T14:41:18.329+0000] {processor.py:925} INFO - DAG(s) 'tutorial_taskflow_api' retrieved from /home/airflow/.local/lib/python3.12/site-packages/airflow/example_dags/tutorial_taskflow_api.py
[2024-11-04T14:41:18.389+0000] {logging_mixin.py:190} INFO - [2024-11-04T14:41:18.388+0000] {dag.py:3239} INFO - Sync 1 DAGs
[2024-11-04T14:41:18.447+0000] {logging_mixin.py:190} INFO - [2024-11-04T14:41:18.446+0000] {dag.py:4180} INFO - Setting next_dagrun for tutorial_taskflow_api to None, run_after=None
[2024-11-04T14:41:18.526+0000] {processor.py:208} INFO - Processing /home/airflow/.local/lib/python3.12/site-packages/airflow/example_dags/tutorial_taskflow_api.py took 0.389 seconds
[2024-11-04T14:41:49.446+0000] {processor.py:186} INFO - Started process (PID=3286) to work on /home/airflow/.local/lib/python3.12/site-packages/airflow/example_dags/tutorial_taskflow_api.py
[2024-11-04T14:41:49.447+0000] {processor.py:914} INFO - Processing file /home/airflow/.local/lib/python3.12/site-packages/airflow/example_dags/tutorial_taskflow_api.py for tasks to queue
[2024-11-04T14:41:49.450+0000] {logging_mixin.py:190} INFO - [2024-11-04T14:41:49.450+0000] {dagbag.py:588} INFO - Filling up the DagBag from /home/airflow/.local/lib/python3.12/site-packages/airflow/example_dags/tutorial_taskflow_api.py
[2024-11-04T14:41:49.460+0000] {processor.py:925} INFO - DAG(s) 'tutorial_taskflow_api' retrieved from /home/airflow/.local/lib/python3.12/site-packages/airflow/example_dags/tutorial_taskflow_api.py
[2024-11-04T14:41:49.483+0000] {logging_mixin.py:190} INFO - [2024-11-04T14:41:49.482+0000] {dag.py:3239} INFO - Sync 1 DAGs
[2024-11-04T14:41:49.496+0000] {logging_mixin.py:190} INFO - [2024-11-04T14:41:49.496+0000] {dag.py:4180} INFO - Setting next_dagrun for tutorial_taskflow_api to None, run_after=None
[2024-11-04T14:41:49.518+0000] {processor.py:208} INFO - Processing /home/airflow/.local/lib/python3.12/site-packages/airflow/example_dags/tutorial_taskflow_api.py took 0.077 seconds
[2024-11-04T14:42:20.228+0000] {processor.py:186} INFO - Started process (PID=3572) to work on /home/airflow/.local/lib/python3.12/site-packages/airflow/example_dags/tutorial_taskflow_api.py
[2024-11-04T14:42:20.229+0000] {processor.py:914} INFO - Processing file /home/airflow/.local/lib/python3.12/site-packages/airflow/example_dags/tutorial_taskflow_api.py for tasks to queue
[2024-11-04T14:42:20.232+0000] {logging_mixin.py:190} INFO - [2024-11-04T14:42:20.231+0000] {dagbag.py:588} INFO - Filling up the DagBag from /home/airflow/.local/lib/python3.12/site-packages/airflow/example_dags/tutorial_taskflow_api.py
[2024-11-04T14:42:20.239+0000] {processor.py:925} INFO - DAG(s) 'tutorial_taskflow_api' retrieved from /home/airflow/.local/lib/python3.12/site-packages/airflow/example_dags/tutorial_taskflow_api.py
[2024-11-04T14:42:20.260+0000] {logging_mixin.py:190} INFO - [2024-11-04T14:42:20.260+0000] {dag.py:3239} INFO - Sync 1 DAGs
[2024-11-04T14:42:20.274+0000] {logging_mixin.py:190} INFO - [2024-11-04T14:42:20.274+0000] {dag.py:4180} INFO - Setting next_dagrun for tutorial_taskflow_api to None, run_after=None
[2024-11-04T14:42:20.296+0000] {processor.py:208} INFO - Processing /home/airflow/.local/lib/python3.12/site-packages/airflow/example_dags/tutorial_taskflow_api.py took 0.074 seconds
[2024-11-04T14:42:50.766+0000] {processor.py:186} INFO - Started process (PID=3857) to work on /home/airflow/.local/lib/python3.12/site-packages/airflow/example_dags/tutorial_taskflow_api.py
[2024-11-04T14:42:50.767+0000] {processor.py:914} INFO - Processing file /home/airflow/.local/lib/python3.12/site-packages/airflow/example_dags/tutorial_taskflow_api.py for tasks to queue
[2024-11-04T14:42:50.770+0000] {logging_mixin.py:190} INFO - [2024-11-04T14:42:50.770+0000] {dagbag.py:588} INFO - Filling up the DagBag from /home/airflow/.local/lib/python3.12/site-packages/airflow/example_dags/tutorial_taskflow_api.py
[2024-11-04T14:42:50.777+0000] {processor.py:925} INFO - DAG(s) 'tutorial_taskflow_api' retrieved from /home/airflow/.local/lib/python3.12/site-packages/airflow/example_dags/tutorial_taskflow_api.py
[2024-11-04T14:42:50.799+0000] {logging_mixin.py:190} INFO - [2024-11-04T14:42:50.799+0000] {dag.py:3239} INFO - Sync 1 DAGs
[2024-11-04T14:42:50.813+0000] {logging_mixin.py:190} INFO - [2024-11-04T14:42:50.812+0000] {dag.py:4180} INFO - Setting next_dagrun for tutorial_taskflow_api to None, run_after=None
[2024-11-04T14:42:50.834+0000] {processor.py:208} INFO - Processing /home/airflow/.local/lib/python3.12/site-packages/airflow/example_dags/tutorial_taskflow_api.py took 0.074 seconds
[2024-11-04T14:45:03.037+0000] {processor.py:186} INFO - Started process (PID=426) to work on /home/airflow/.local/lib/python3.12/site-packages/airflow/example_dags/tutorial_taskflow_api.py
[2024-11-04T14:45:03.039+0000] {processor.py:914} INFO - Processing file /home/airflow/.local/lib/python3.12/site-packages/airflow/example_dags/tutorial_taskflow_api.py for tasks to queue
[2024-11-04T14:45:03.043+0000] {logging_mixin.py:190} INFO - [2024-11-04T14:45:03.043+0000] {dagbag.py:588} INFO - Filling up the DagBag from /home/airflow/.local/lib/python3.12/site-packages/airflow/example_dags/tutorial_taskflow_api.py
[2024-11-04T14:45:03.058+0000] {processor.py:925} INFO - DAG(s) 'tutorial_taskflow_api' retrieved from /home/airflow/.local/lib/python3.12/site-packages/airflow/example_dags/tutorial_taskflow_api.py
[2024-11-04T14:45:03.265+0000] {logging_mixin.py:190} INFO - [2024-11-04T14:45:03.264+0000] {override.py:1900} INFO - Created Permission View: can delete on DAG:tutorial_taskflow_api
[2024-11-04T14:45:03.285+0000] {logging_mixin.py:190} INFO - [2024-11-04T14:45:03.284+0000] {override.py:1900} INFO - Created Permission View: can read on DAG:tutorial_taskflow_api
[2024-11-04T14:45:03.300+0000] {logging_mixin.py:190} INFO - [2024-11-04T14:45:03.300+0000] {override.py:1900} INFO - Created Permission View: can edit on DAG:tutorial_taskflow_api
[2024-11-04T14:45:03.316+0000] {logging_mixin.py:190} INFO - [2024-11-04T14:45:03.315+0000] {override.py:1900} INFO - Created Permission View: can create on DAG Run:tutorial_taskflow_api
[2024-11-04T14:45:03.328+0000] {logging_mixin.py:190} INFO - [2024-11-04T14:45:03.328+0000] {override.py:1900} INFO - Created Permission View: can delete on DAG Run:tutorial_taskflow_api
[2024-11-04T14:45:03.341+0000] {logging_mixin.py:190} INFO - [2024-11-04T14:45:03.340+0000] {override.py:1900} INFO - Created Permission View: menu access on DAG Run:tutorial_taskflow_api
[2024-11-04T14:45:03.354+0000] {logging_mixin.py:190} INFO - [2024-11-04T14:45:03.353+0000] {override.py:1900} INFO - Created Permission View: can read on DAG Run:tutorial_taskflow_api
[2024-11-04T14:45:03.355+0000] {logging_mixin.py:190} INFO - [2024-11-04T14:45:03.355+0000] {dag.py:3239} INFO - Sync 1 DAGs
[2024-11-04T14:45:03.376+0000] {logging_mixin.py:190} INFO - [2024-11-04T14:45:03.376+0000] {dag.py:3262} INFO - Creating ORM DAG for tutorial_taskflow_api
[2024-11-04T14:45:03.378+0000] {logging_mixin.py:190} INFO - [2024-11-04T14:45:03.378+0000] {dag.py:4180} INFO - Setting next_dagrun for tutorial_taskflow_api to None, run_after=None
[2024-11-04T14:45:03.406+0000] {processor.py:208} INFO - Processing /home/airflow/.local/lib/python3.12/site-packages/airflow/example_dags/tutorial_taskflow_api.py took 0.378 seconds
[2024-11-04T14:45:33.982+0000] {processor.py:186} INFO - Started process (PID=712) to work on /home/airflow/.local/lib/python3.12/site-packages/airflow/example_dags/tutorial_taskflow_api.py
[2024-11-04T14:45:33.983+0000] {processor.py:914} INFO - Processing file /home/airflow/.local/lib/python3.12/site-packages/airflow/example_dags/tutorial_taskflow_api.py for tasks to queue
[2024-11-04T14:45:33.986+0000] {logging_mixin.py:190} INFO - [2024-11-04T14:45:33.986+0000] {dagbag.py:588} INFO - Filling up the DagBag from /home/airflow/.local/lib/python3.12/site-packages/airflow/example_dags/tutorial_taskflow_api.py
[2024-11-04T14:45:33.994+0000] {processor.py:925} INFO - DAG(s) 'tutorial_taskflow_api' retrieved from /home/airflow/.local/lib/python3.12/site-packages/airflow/example_dags/tutorial_taskflow_api.py
[2024-11-04T14:45:34.014+0000] {logging_mixin.py:190} INFO - [2024-11-04T14:45:34.014+0000] {dag.py:3239} INFO - Sync 1 DAGs
[2024-11-04T14:45:34.029+0000] {logging_mixin.py:190} INFO - [2024-11-04T14:45:34.028+0000] {dag.py:4180} INFO - Setting next_dagrun for tutorial_taskflow_api to None, run_after=None
[2024-11-04T14:45:34.051+0000] {processor.py:208} INFO - Processing /home/airflow/.local/lib/python3.12/site-packages/airflow/example_dags/tutorial_taskflow_api.py took 0.075 seconds
[2024-11-04T14:46:05.034+0000] {processor.py:186} INFO - Started process (PID=998) to work on /home/airflow/.local/lib/python3.12/site-packages/airflow/example_dags/tutorial_taskflow_api.py
[2024-11-04T14:46:05.035+0000] {processor.py:914} INFO - Processing file /home/airflow/.local/lib/python3.12/site-packages/airflow/example_dags/tutorial_taskflow_api.py for tasks to queue
[2024-11-04T14:46:05.037+0000] {logging_mixin.py:190} INFO - [2024-11-04T14:46:05.037+0000] {dagbag.py:588} INFO - Filling up the DagBag from /home/airflow/.local/lib/python3.12/site-packages/airflow/example_dags/tutorial_taskflow_api.py
[2024-11-04T14:46:05.044+0000] {processor.py:925} INFO - DAG(s) 'tutorial_taskflow_api' retrieved from /home/airflow/.local/lib/python3.12/site-packages/airflow/example_dags/tutorial_taskflow_api.py
[2024-11-04T14:46:05.063+0000] {logging_mixin.py:190} INFO - [2024-11-04T14:46:05.063+0000] {dag.py:3239} INFO - Sync 1 DAGs
[2024-11-04T14:46:05.075+0000] {logging_mixin.py:190} INFO - [2024-11-04T14:46:05.075+0000] {dag.py:4180} INFO - Setting next_dagrun for tutorial_taskflow_api to None, run_after=None
[2024-11-04T14:46:05.092+0000] {processor.py:208} INFO - Processing /home/airflow/.local/lib/python3.12/site-packages/airflow/example_dags/tutorial_taskflow_api.py took 0.064 seconds
[2024-11-04T14:46:35.734+0000] {processor.py:186} INFO - Started process (PID=1284) to work on /home/airflow/.local/lib/python3.12/site-packages/airflow/example_dags/tutorial_taskflow_api.py
[2024-11-04T14:46:35.736+0000] {processor.py:914} INFO - Processing file /home/airflow/.local/lib/python3.12/site-packages/airflow/example_dags/tutorial_taskflow_api.py for tasks to queue
[2024-11-04T14:46:35.740+0000] {logging_mixin.py:190} INFO - [2024-11-04T14:46:35.739+0000] {dagbag.py:588} INFO - Filling up the DagBag from /home/airflow/.local/lib/python3.12/site-packages/airflow/example_dags/tutorial_taskflow_api.py
[2024-11-04T14:46:35.751+0000] {processor.py:925} INFO - DAG(s) 'tutorial_taskflow_api' retrieved from /home/airflow/.local/lib/python3.12/site-packages/airflow/example_dags/tutorial_taskflow_api.py
[2024-11-04T14:46:35.790+0000] {logging_mixin.py:190} INFO - [2024-11-04T14:46:35.790+0000] {dag.py:3239} INFO - Sync 1 DAGs
[2024-11-04T14:46:35.816+0000] {logging_mixin.py:190} INFO - [2024-11-04T14:46:35.816+0000] {dag.py:4180} INFO - Setting next_dagrun for tutorial_taskflow_api to None, run_after=None
[2024-11-04T14:46:35.844+0000] {processor.py:208} INFO - Processing /home/airflow/.local/lib/python3.12/site-packages/airflow/example_dags/tutorial_taskflow_api.py took 0.123 seconds
[2024-11-04T14:47:06.762+0000] {processor.py:186} INFO - Started process (PID=1570) to work on /home/airflow/.local/lib/python3.12/site-packages/airflow/example_dags/tutorial_taskflow_api.py
[2024-11-04T14:47:06.763+0000] {processor.py:914} INFO - Processing file /home/airflow/.local/lib/python3.12/site-packages/airflow/example_dags/tutorial_taskflow_api.py for tasks to queue
[2024-11-04T14:47:06.765+0000] {logging_mixin.py:190} INFO - [2024-11-04T14:47:06.765+0000] {dagbag.py:588} INFO - Filling up the DagBag from /home/airflow/.local/lib/python3.12/site-packages/airflow/example_dags/tutorial_taskflow_api.py
[2024-11-04T14:47:06.773+0000] {processor.py:925} INFO - DAG(s) 'tutorial_taskflow_api' retrieved from /home/airflow/.local/lib/python3.12/site-packages/airflow/example_dags/tutorial_taskflow_api.py
[2024-11-04T14:47:06.792+0000] {logging_mixin.py:190} INFO - [2024-11-04T14:47:06.792+0000] {dag.py:3239} INFO - Sync 1 DAGs
[2024-11-04T14:47:06.805+0000] {logging_mixin.py:190} INFO - [2024-11-04T14:47:06.804+0000] {dag.py:4180} INFO - Setting next_dagrun for tutorial_taskflow_api to None, run_after=None
[2024-11-04T14:47:06.829+0000] {processor.py:208} INFO - Processing /home/airflow/.local/lib/python3.12/site-packages/airflow/example_dags/tutorial_taskflow_api.py took 0.072 seconds
[2024-11-04T14:49:22.446+0000] {processor.py:186} INFO - Started process (PID=425) to work on /home/airflow/.local/lib/python3.12/site-packages/airflow/example_dags/tutorial_taskflow_api.py
[2024-11-04T14:49:22.449+0000] {processor.py:914} INFO - Processing file /home/airflow/.local/lib/python3.12/site-packages/airflow/example_dags/tutorial_taskflow_api.py for tasks to queue
[2024-11-04T14:49:22.480+0000] {logging_mixin.py:190} INFO - [2024-11-04T14:49:22.478+0000] {dagbag.py:588} INFO - Filling up the DagBag from /home/airflow/.local/lib/python3.12/site-packages/airflow/example_dags/tutorial_taskflow_api.py
[2024-11-04T14:49:22.502+0000] {processor.py:925} INFO - DAG(s) 'tutorial_taskflow_api' retrieved from /home/airflow/.local/lib/python3.12/site-packages/airflow/example_dags/tutorial_taskflow_api.py
[2024-11-04T14:49:22.747+0000] {logging_mixin.py:190} INFO - [2024-11-04T14:49:22.745+0000] {override.py:1900} INFO - Created Permission View: can edit on DAG:tutorial_taskflow_api
[2024-11-04T14:49:22.769+0000] {logging_mixin.py:190} INFO - [2024-11-04T14:49:22.768+0000] {override.py:1900} INFO - Created Permission View: can delete on DAG:tutorial_taskflow_api
[2024-11-04T14:49:22.785+0000] {logging_mixin.py:190} INFO - [2024-11-04T14:49:22.784+0000] {override.py:1900} INFO - Created Permission View: can read on DAG:tutorial_taskflow_api
[2024-11-04T14:49:22.805+0000] {logging_mixin.py:190} INFO - [2024-11-04T14:49:22.805+0000] {override.py:1900} INFO - Created Permission View: can create on DAG Run:tutorial_taskflow_api
[2024-11-04T14:49:22.822+0000] {logging_mixin.py:190} INFO - [2024-11-04T14:49:22.821+0000] {override.py:1900} INFO - Created Permission View: can read on DAG Run:tutorial_taskflow_api
[2024-11-04T14:49:22.838+0000] {logging_mixin.py:190} INFO - [2024-11-04T14:49:22.838+0000] {override.py:1900} INFO - Created Permission View: can delete on DAG Run:tutorial_taskflow_api
[2024-11-04T14:49:22.855+0000] {logging_mixin.py:190} INFO - [2024-11-04T14:49:22.855+0000] {override.py:1900} INFO - Created Permission View: menu access on DAG Run:tutorial_taskflow_api
[2024-11-04T14:49:22.857+0000] {logging_mixin.py:190} INFO - [2024-11-04T14:49:22.857+0000] {dag.py:3239} INFO - Sync 1 DAGs
[2024-11-04T14:49:22.887+0000] {logging_mixin.py:190} INFO - [2024-11-04T14:49:22.887+0000] {dag.py:3262} INFO - Creating ORM DAG for tutorial_taskflow_api
[2024-11-04T14:49:22.891+0000] {logging_mixin.py:190} INFO - [2024-11-04T14:49:22.890+0000] {dag.py:4180} INFO - Setting next_dagrun for tutorial_taskflow_api to None, run_after=None
[2024-11-04T14:49:22.938+0000] {processor.py:208} INFO - Processing /home/airflow/.local/lib/python3.12/site-packages/airflow/example_dags/tutorial_taskflow_api.py took 0.504 seconds
