[2024-11-04T14:34:03.329+0000] {processor.py:186} INFO - Started process (PID=313) to work on /home/airflow/.local/lib/python3.12/site-packages/airflow/example_dags/tutorial.py
[2024-11-04T14:34:03.331+0000] {processor.py:914} INFO - Processing file /home/airflow/.local/lib/python3.12/site-packages/airflow/example_dags/tutorial.py for tasks to queue
[2024-11-04T14:34:03.335+0000] {logging_mixin.py:190} INFO - [2024-11-04T14:34:03.334+0000] {dagbag.py:588} INFO - Filling up the DagBag from /home/airflow/.local/lib/python3.12/site-packages/airflow/example_dags/tutorial.py
[2024-11-04T14:34:03.347+0000] {processor.py:925} INFO - DAG(s) 'tutorial' retrieved from /home/airflow/.local/lib/python3.12/site-packages/airflow/example_dags/tutorial.py
[2024-11-04T14:34:03.517+0000] {logging_mixin.py:190} INFO - [2024-11-04T14:34:03.516+0000] {override.py:1900} INFO - Created Permission View: can edit on DAG:tutorial
[2024-11-04T14:34:03.533+0000] {logging_mixin.py:190} INFO - [2024-11-04T14:34:03.533+0000] {override.py:1900} INFO - Created Permission View: can read on DAG:tutorial
[2024-11-04T14:34:03.545+0000] {logging_mixin.py:190} INFO - [2024-11-04T14:34:03.545+0000] {override.py:1900} INFO - Created Permission View: can delete on DAG:tutorial
[2024-11-04T14:34:03.560+0000] {logging_mixin.py:190} INFO - [2024-11-04T14:34:03.559+0000] {override.py:1900} INFO - Created Permission View: can read on DAG Run:tutorial
[2024-11-04T14:34:03.573+0000] {logging_mixin.py:190} INFO - [2024-11-04T14:34:03.572+0000] {override.py:1900} INFO - Created Permission View: can delete on DAG Run:tutorial
[2024-11-04T14:34:03.585+0000] {logging_mixin.py:190} INFO - [2024-11-04T14:34:03.585+0000] {override.py:1900} INFO - Created Permission View: menu access on DAG Run:tutorial
[2024-11-04T14:34:03.598+0000] {logging_mixin.py:190} INFO - [2024-11-04T14:34:03.597+0000] {override.py:1900} INFO - Created Permission View: can create on DAG Run:tutorial
[2024-11-04T14:34:03.599+0000] {logging_mixin.py:190} INFO - [2024-11-04T14:34:03.599+0000] {dag.py:3239} INFO - Sync 1 DAGs
[2024-11-04T14:34:03.616+0000] {logging_mixin.py:190} INFO - [2024-11-04T14:34:03.616+0000] {dag.py:3262} INFO - Creating ORM DAG for tutorial
[2024-11-04T14:34:03.630+0000] {logging_mixin.py:190} INFO - [2024-11-04T14:34:03.630+0000] {dag.py:4180} INFO - Setting next_dagrun for tutorial to 2024-11-03 00:00:00+00:00, run_after=2024-11-04 00:00:00+00:00
[2024-11-04T14:34:03.660+0000] {processor.py:208} INFO - Processing /home/airflow/.local/lib/python3.12/site-packages/airflow/example_dags/tutorial.py took 0.339 seconds
[2024-11-04T14:34:34.395+0000] {processor.py:186} INFO - Started process (PID=606) to work on /home/airflow/.local/lib/python3.12/site-packages/airflow/example_dags/tutorial.py
[2024-11-04T14:34:34.397+0000] {processor.py:914} INFO - Processing file /home/airflow/.local/lib/python3.12/site-packages/airflow/example_dags/tutorial.py for tasks to queue
[2024-11-04T14:34:34.400+0000] {logging_mixin.py:190} INFO - [2024-11-04T14:34:34.400+0000] {dagbag.py:588} INFO - Filling up the DagBag from /home/airflow/.local/lib/python3.12/site-packages/airflow/example_dags/tutorial.py
[2024-11-04T14:34:34.407+0000] {processor.py:925} INFO - DAG(s) 'tutorial' retrieved from /home/airflow/.local/lib/python3.12/site-packages/airflow/example_dags/tutorial.py
[2024-11-04T14:34:34.426+0000] {logging_mixin.py:190} INFO - [2024-11-04T14:34:34.426+0000] {dag.py:3239} INFO - Sync 1 DAGs
[2024-11-04T14:34:34.447+0000] {logging_mixin.py:190} INFO - [2024-11-04T14:34:34.447+0000] {dag.py:4180} INFO - Setting next_dagrun for tutorial to 2024-11-03 00:00:00+00:00, run_after=2024-11-04 00:00:00+00:00
[2024-11-04T14:34:34.467+0000] {processor.py:208} INFO - Processing /home/airflow/.local/lib/python3.12/site-packages/airflow/example_dags/tutorial.py took 0.078 seconds
[2024-11-04T14:35:04.639+0000] {processor.py:186} INFO - Started process (PID=892) to work on /home/airflow/.local/lib/python3.12/site-packages/airflow/example_dags/tutorial.py
[2024-11-04T14:35:04.641+0000] {processor.py:914} INFO - Processing file /home/airflow/.local/lib/python3.12/site-packages/airflow/example_dags/tutorial.py for tasks to queue
[2024-11-04T14:35:04.643+0000] {logging_mixin.py:190} INFO - [2024-11-04T14:35:04.643+0000] {dagbag.py:588} INFO - Filling up the DagBag from /home/airflow/.local/lib/python3.12/site-packages/airflow/example_dags/tutorial.py
[2024-11-04T14:35:04.650+0000] {processor.py:925} INFO - DAG(s) 'tutorial' retrieved from /home/airflow/.local/lib/python3.12/site-packages/airflow/example_dags/tutorial.py
[2024-11-04T14:35:04.668+0000] {logging_mixin.py:190} INFO - [2024-11-04T14:35:04.668+0000] {dag.py:3239} INFO - Sync 1 DAGs
[2024-11-04T14:35:04.688+0000] {logging_mixin.py:190} INFO - [2024-11-04T14:35:04.688+0000] {dag.py:4180} INFO - Setting next_dagrun for tutorial to 2024-11-03 00:00:00+00:00, run_after=2024-11-04 00:00:00+00:00
[2024-11-04T14:35:04.706+0000] {processor.py:208} INFO - Processing /home/airflow/.local/lib/python3.12/site-packages/airflow/example_dags/tutorial.py took 0.072 seconds
[2024-11-04T14:36:30.981+0000] {processor.py:186} INFO - Started process (PID=322) to work on /home/airflow/.local/lib/python3.12/site-packages/airflow/example_dags/tutorial.py
[2024-11-04T14:36:30.983+0000] {processor.py:914} INFO - Processing file /home/airflow/.local/lib/python3.12/site-packages/airflow/example_dags/tutorial.py for tasks to queue
[2024-11-04T14:36:30.988+0000] {logging_mixin.py:190} INFO - [2024-11-04T14:36:30.987+0000] {dagbag.py:588} INFO - Filling up the DagBag from /home/airflow/.local/lib/python3.12/site-packages/airflow/example_dags/tutorial.py
[2024-11-04T14:36:31.001+0000] {processor.py:925} INFO - DAG(s) 'tutorial' retrieved from /home/airflow/.local/lib/python3.12/site-packages/airflow/example_dags/tutorial.py
[2024-11-04T14:36:31.157+0000] {logging_mixin.py:190} INFO - [2024-11-04T14:36:31.156+0000] {override.py:1900} INFO - Created Permission View: can delete on DAG:tutorial
[2024-11-04T14:36:31.178+0000] {logging_mixin.py:190} INFO - [2024-11-04T14:36:31.178+0000] {override.py:1900} INFO - Created Permission View: can read on DAG:tutorial
[2024-11-04T14:36:31.190+0000] {logging_mixin.py:190} INFO - [2024-11-04T14:36:31.189+0000] {override.py:1900} INFO - Created Permission View: can edit on DAG:tutorial
[2024-11-04T14:36:31.204+0000] {logging_mixin.py:190} INFO - [2024-11-04T14:36:31.203+0000] {override.py:1900} INFO - Created Permission View: can create on DAG Run:tutorial
[2024-11-04T14:36:31.217+0000] {logging_mixin.py:190} INFO - [2024-11-04T14:36:31.216+0000] {override.py:1900} INFO - Created Permission View: can delete on DAG Run:tutorial
[2024-11-04T14:36:31.228+0000] {logging_mixin.py:190} INFO - [2024-11-04T14:36:31.228+0000] {override.py:1900} INFO - Created Permission View: can read on DAG Run:tutorial
[2024-11-04T14:36:31.240+0000] {logging_mixin.py:190} INFO - [2024-11-04T14:36:31.240+0000] {override.py:1900} INFO - Created Permission View: menu access on DAG Run:tutorial
[2024-11-04T14:36:31.241+0000] {logging_mixin.py:190} INFO - [2024-11-04T14:36:31.241+0000] {dag.py:3239} INFO - Sync 1 DAGs
[2024-11-04T14:36:31.260+0000] {logging_mixin.py:190} INFO - [2024-11-04T14:36:31.260+0000] {dag.py:3262} INFO - Creating ORM DAG for tutorial
[2024-11-04T14:36:31.276+0000] {logging_mixin.py:190} INFO - [2024-11-04T14:36:31.276+0000] {dag.py:4180} INFO - Setting next_dagrun for tutorial to 2024-11-03 00:00:00+00:00, run_after=2024-11-04 00:00:00+00:00
[2024-11-04T14:36:31.305+0000] {processor.py:208} INFO - Processing /home/airflow/.local/lib/python3.12/site-packages/airflow/example_dags/tutorial.py took 0.334 seconds
[2024-11-04T14:37:02.329+0000] {processor.py:186} INFO - Started process (PID=608) to work on /home/airflow/.local/lib/python3.12/site-packages/airflow/example_dags/tutorial.py
[2024-11-04T14:37:02.330+0000] {processor.py:914} INFO - Processing file /home/airflow/.local/lib/python3.12/site-packages/airflow/example_dags/tutorial.py for tasks to queue
[2024-11-04T14:37:02.334+0000] {logging_mixin.py:190} INFO - [2024-11-04T14:37:02.334+0000] {dagbag.py:588} INFO - Filling up the DagBag from /home/airflow/.local/lib/python3.12/site-packages/airflow/example_dags/tutorial.py
[2024-11-04T14:37:02.345+0000] {processor.py:925} INFO - DAG(s) 'tutorial' retrieved from /home/airflow/.local/lib/python3.12/site-packages/airflow/example_dags/tutorial.py
[2024-11-04T14:37:02.364+0000] {logging_mixin.py:190} INFO - [2024-11-04T14:37:02.363+0000] {dag.py:3239} INFO - Sync 1 DAGs
[2024-11-04T14:37:02.384+0000] {logging_mixin.py:190} INFO - [2024-11-04T14:37:02.384+0000] {dag.py:4180} INFO - Setting next_dagrun for tutorial to 2024-11-03 00:00:00+00:00, run_after=2024-11-04 00:00:00+00:00
[2024-11-04T14:37:02.407+0000] {processor.py:208} INFO - Processing /home/airflow/.local/lib/python3.12/site-packages/airflow/example_dags/tutorial.py took 0.084 seconds
[2024-11-04T14:37:32.729+0000] {processor.py:186} INFO - Started process (PID=894) to work on /home/airflow/.local/lib/python3.12/site-packages/airflow/example_dags/tutorial.py
[2024-11-04T14:37:32.731+0000] {processor.py:914} INFO - Processing file /home/airflow/.local/lib/python3.12/site-packages/airflow/example_dags/tutorial.py for tasks to queue
[2024-11-04T14:37:32.734+0000] {logging_mixin.py:190} INFO - [2024-11-04T14:37:32.734+0000] {dagbag.py:588} INFO - Filling up the DagBag from /home/airflow/.local/lib/python3.12/site-packages/airflow/example_dags/tutorial.py
[2024-11-04T14:37:32.744+0000] {processor.py:925} INFO - DAG(s) 'tutorial' retrieved from /home/airflow/.local/lib/python3.12/site-packages/airflow/example_dags/tutorial.py
[2024-11-04T14:37:32.770+0000] {logging_mixin.py:190} INFO - [2024-11-04T14:37:32.770+0000] {dag.py:3239} INFO - Sync 1 DAGs
[2024-11-04T14:37:32.804+0000] {logging_mixin.py:190} INFO - [2024-11-04T14:37:32.804+0000] {dag.py:4180} INFO - Setting next_dagrun for tutorial to 2024-11-03 00:00:00+00:00, run_after=2024-11-04 00:00:00+00:00
[2024-11-04T14:37:32.834+0000] {processor.py:208} INFO - Processing /home/airflow/.local/lib/python3.12/site-packages/airflow/example_dags/tutorial.py took 0.113 seconds
[2024-11-04T14:38:03.083+0000] {processor.py:186} INFO - Started process (PID=1180) to work on /home/airflow/.local/lib/python3.12/site-packages/airflow/example_dags/tutorial.py
[2024-11-04T14:38:03.085+0000] {processor.py:914} INFO - Processing file /home/airflow/.local/lib/python3.12/site-packages/airflow/example_dags/tutorial.py for tasks to queue
[2024-11-04T14:38:03.089+0000] {logging_mixin.py:190} INFO - [2024-11-04T14:38:03.088+0000] {dagbag.py:588} INFO - Filling up the DagBag from /home/airflow/.local/lib/python3.12/site-packages/airflow/example_dags/tutorial.py
[2024-11-04T14:38:03.102+0000] {processor.py:925} INFO - DAG(s) 'tutorial' retrieved from /home/airflow/.local/lib/python3.12/site-packages/airflow/example_dags/tutorial.py
[2024-11-04T14:38:03.133+0000] {logging_mixin.py:190} INFO - [2024-11-04T14:38:03.133+0000] {dag.py:3239} INFO - Sync 1 DAGs
[2024-11-04T14:38:03.227+0000] {logging_mixin.py:190} INFO - [2024-11-04T14:38:03.227+0000] {dag.py:4180} INFO - Setting next_dagrun for tutorial to 2024-11-03 00:00:00+00:00, run_after=2024-11-04 00:00:00+00:00
[2024-11-04T14:38:03.279+0000] {processor.py:208} INFO - Processing /home/airflow/.local/lib/python3.12/site-packages/airflow/example_dags/tutorial.py took 0.203 seconds
[2024-11-04T14:38:33.438+0000] {processor.py:186} INFO - Started process (PID=1467) to work on /home/airflow/.local/lib/python3.12/site-packages/airflow/example_dags/tutorial.py
[2024-11-04T14:38:33.439+0000] {processor.py:914} INFO - Processing file /home/airflow/.local/lib/python3.12/site-packages/airflow/example_dags/tutorial.py for tasks to queue
[2024-11-04T14:38:33.442+0000] {logging_mixin.py:190} INFO - [2024-11-04T14:38:33.441+0000] {dagbag.py:588} INFO - Filling up the DagBag from /home/airflow/.local/lib/python3.12/site-packages/airflow/example_dags/tutorial.py
[2024-11-04T14:38:33.448+0000] {processor.py:925} INFO - DAG(s) 'tutorial' retrieved from /home/airflow/.local/lib/python3.12/site-packages/airflow/example_dags/tutorial.py
[2024-11-04T14:38:33.468+0000] {logging_mixin.py:190} INFO - [2024-11-04T14:38:33.468+0000] {dag.py:3239} INFO - Sync 1 DAGs
[2024-11-04T14:38:33.486+0000] {logging_mixin.py:190} INFO - [2024-11-04T14:38:33.486+0000] {dag.py:4180} INFO - Setting next_dagrun for tutorial to 2024-11-03 00:00:00+00:00, run_after=2024-11-04 00:00:00+00:00
[2024-11-04T14:38:33.504+0000] {processor.py:208} INFO - Processing /home/airflow/.local/lib/python3.12/site-packages/airflow/example_dags/tutorial.py took 0.070 seconds
[2024-11-04T14:39:04.294+0000] {processor.py:186} INFO - Started process (PID=1753) to work on /home/airflow/.local/lib/python3.12/site-packages/airflow/example_dags/tutorial.py
[2024-11-04T14:39:04.295+0000] {processor.py:914} INFO - Processing file /home/airflow/.local/lib/python3.12/site-packages/airflow/example_dags/tutorial.py for tasks to queue
[2024-11-04T14:39:04.297+0000] {logging_mixin.py:190} INFO - [2024-11-04T14:39:04.297+0000] {dagbag.py:588} INFO - Filling up the DagBag from /home/airflow/.local/lib/python3.12/site-packages/airflow/example_dags/tutorial.py
[2024-11-04T14:39:04.305+0000] {processor.py:925} INFO - DAG(s) 'tutorial' retrieved from /home/airflow/.local/lib/python3.12/site-packages/airflow/example_dags/tutorial.py
[2024-11-04T14:39:04.321+0000] {logging_mixin.py:190} INFO - [2024-11-04T14:39:04.321+0000] {dag.py:3239} INFO - Sync 1 DAGs
[2024-11-04T14:39:04.341+0000] {logging_mixin.py:190} INFO - [2024-11-04T14:39:04.341+0000] {dag.py:4180} INFO - Setting next_dagrun for tutorial to 2024-11-03 00:00:00+00:00, run_after=2024-11-04 00:00:00+00:00
[2024-11-04T14:39:04.363+0000] {processor.py:208} INFO - Processing /home/airflow/.local/lib/python3.12/site-packages/airflow/example_dags/tutorial.py took 0.074 seconds
[2024-11-04T14:39:34.947+0000] {processor.py:186} INFO - Started process (PID=2039) to work on /home/airflow/.local/lib/python3.12/site-packages/airflow/example_dags/tutorial.py
[2024-11-04T14:39:34.949+0000] {processor.py:914} INFO - Processing file /home/airflow/.local/lib/python3.12/site-packages/airflow/example_dags/tutorial.py for tasks to queue
[2024-11-04T14:39:34.951+0000] {logging_mixin.py:190} INFO - [2024-11-04T14:39:34.951+0000] {dagbag.py:588} INFO - Filling up the DagBag from /home/airflow/.local/lib/python3.12/site-packages/airflow/example_dags/tutorial.py
[2024-11-04T14:39:34.958+0000] {processor.py:925} INFO - DAG(s) 'tutorial' retrieved from /home/airflow/.local/lib/python3.12/site-packages/airflow/example_dags/tutorial.py
[2024-11-04T14:39:34.974+0000] {logging_mixin.py:190} INFO - [2024-11-04T14:39:34.974+0000] {dag.py:3239} INFO - Sync 1 DAGs
[2024-11-04T14:39:34.992+0000] {logging_mixin.py:190} INFO - [2024-11-04T14:39:34.991+0000] {dag.py:4180} INFO - Setting next_dagrun for tutorial to 2024-11-03 00:00:00+00:00, run_after=2024-11-04 00:00:00+00:00
[2024-11-04T14:39:35.011+0000] {processor.py:208} INFO - Processing /home/airflow/.local/lib/python3.12/site-packages/airflow/example_dags/tutorial.py took 0.069 seconds
[2024-11-04T14:40:05.428+0000] {processor.py:186} INFO - Started process (PID=2325) to work on /home/airflow/.local/lib/python3.12/site-packages/airflow/example_dags/tutorial.py
[2024-11-04T14:40:05.430+0000] {processor.py:914} INFO - Processing file /home/airflow/.local/lib/python3.12/site-packages/airflow/example_dags/tutorial.py for tasks to queue
[2024-11-04T14:40:05.432+0000] {logging_mixin.py:190} INFO - [2024-11-04T14:40:05.432+0000] {dagbag.py:588} INFO - Filling up the DagBag from /home/airflow/.local/lib/python3.12/site-packages/airflow/example_dags/tutorial.py
[2024-11-04T14:40:05.441+0000] {processor.py:925} INFO - DAG(s) 'tutorial' retrieved from /home/airflow/.local/lib/python3.12/site-packages/airflow/example_dags/tutorial.py
[2024-11-04T14:40:05.462+0000] {logging_mixin.py:190} INFO - [2024-11-04T14:40:05.461+0000] {dag.py:3239} INFO - Sync 1 DAGs
[2024-11-04T14:40:05.481+0000] {logging_mixin.py:190} INFO - [2024-11-04T14:40:05.481+0000] {dag.py:4180} INFO - Setting next_dagrun for tutorial to 2024-11-03 00:00:00+00:00, run_after=2024-11-04 00:00:00+00:00
[2024-11-04T14:40:05.501+0000] {processor.py:208} INFO - Processing /home/airflow/.local/lib/python3.12/site-packages/airflow/example_dags/tutorial.py took 0.083 seconds
[2024-11-04T14:40:36.475+0000] {processor.py:186} INFO - Started process (PID=2611) to work on /home/airflow/.local/lib/python3.12/site-packages/airflow/example_dags/tutorial.py
[2024-11-04T14:40:36.477+0000] {processor.py:914} INFO - Processing file /home/airflow/.local/lib/python3.12/site-packages/airflow/example_dags/tutorial.py for tasks to queue
[2024-11-04T14:40:36.479+0000] {logging_mixin.py:190} INFO - [2024-11-04T14:40:36.478+0000] {dagbag.py:588} INFO - Filling up the DagBag from /home/airflow/.local/lib/python3.12/site-packages/airflow/example_dags/tutorial.py
[2024-11-04T14:40:36.485+0000] {processor.py:925} INFO - DAG(s) 'tutorial' retrieved from /home/airflow/.local/lib/python3.12/site-packages/airflow/example_dags/tutorial.py
[2024-11-04T14:40:36.504+0000] {logging_mixin.py:190} INFO - [2024-11-04T14:40:36.504+0000] {dag.py:3239} INFO - Sync 1 DAGs
[2024-11-04T14:40:36.523+0000] {logging_mixin.py:190} INFO - [2024-11-04T14:40:36.523+0000] {dag.py:4180} INFO - Setting next_dagrun for tutorial to 2024-11-03 00:00:00+00:00, run_after=2024-11-04 00:00:00+00:00
[2024-11-04T14:40:36.542+0000] {processor.py:208} INFO - Processing /home/airflow/.local/lib/python3.12/site-packages/airflow/example_dags/tutorial.py took 0.072 seconds
[2024-11-04T14:41:07.460+0000] {processor.py:186} INFO - Started process (PID=2895) to work on /home/airflow/.local/lib/python3.12/site-packages/airflow/example_dags/tutorial.py
[2024-11-04T14:41:07.464+0000] {processor.py:914} INFO - Processing file /home/airflow/.local/lib/python3.12/site-packages/airflow/example_dags/tutorial.py for tasks to queue
[2024-11-04T14:41:07.471+0000] {logging_mixin.py:190} INFO - [2024-11-04T14:41:07.470+0000] {dagbag.py:588} INFO - Filling up the DagBag from /home/airflow/.local/lib/python3.12/site-packages/airflow/example_dags/tutorial.py
[2024-11-04T14:41:07.512+0000] {processor.py:925} INFO - DAG(s) 'tutorial' retrieved from /home/airflow/.local/lib/python3.12/site-packages/airflow/example_dags/tutorial.py
[2024-11-04T14:41:07.636+0000] {logging_mixin.py:190} INFO - [2024-11-04T14:41:07.634+0000] {dag.py:3239} INFO - Sync 1 DAGs
[2024-11-04T14:41:07.744+0000] {logging_mixin.py:190} INFO - [2024-11-04T14:41:07.743+0000] {dag.py:4180} INFO - Setting next_dagrun for tutorial to 2024-11-03 00:00:00+00:00, run_after=2024-11-04 00:00:00+00:00
[2024-11-04T14:41:07.827+0000] {processor.py:208} INFO - Processing /home/airflow/.local/lib/python3.12/site-packages/airflow/example_dags/tutorial.py took 0.392 seconds
[2024-11-04T14:41:38.446+0000] {processor.py:186} INFO - Started process (PID=3181) to work on /home/airflow/.local/lib/python3.12/site-packages/airflow/example_dags/tutorial.py
[2024-11-04T14:41:38.449+0000] {processor.py:914} INFO - Processing file /home/airflow/.local/lib/python3.12/site-packages/airflow/example_dags/tutorial.py for tasks to queue
[2024-11-04T14:41:38.452+0000] {logging_mixin.py:190} INFO - [2024-11-04T14:41:38.451+0000] {dagbag.py:588} INFO - Filling up the DagBag from /home/airflow/.local/lib/python3.12/site-packages/airflow/example_dags/tutorial.py
[2024-11-04T14:41:38.465+0000] {processor.py:925} INFO - DAG(s) 'tutorial' retrieved from /home/airflow/.local/lib/python3.12/site-packages/airflow/example_dags/tutorial.py
[2024-11-04T14:41:38.495+0000] {logging_mixin.py:190} INFO - [2024-11-04T14:41:38.495+0000] {dag.py:3239} INFO - Sync 1 DAGs
[2024-11-04T14:41:38.527+0000] {logging_mixin.py:190} INFO - [2024-11-04T14:41:38.527+0000] {dag.py:4180} INFO - Setting next_dagrun for tutorial to 2024-11-03 00:00:00+00:00, run_after=2024-11-04 00:00:00+00:00
[2024-11-04T14:41:38.559+0000] {processor.py:208} INFO - Processing /home/airflow/.local/lib/python3.12/site-packages/airflow/example_dags/tutorial.py took 0.122 seconds
[2024-11-04T14:42:08.863+0000] {processor.py:186} INFO - Started process (PID=3467) to work on /home/airflow/.local/lib/python3.12/site-packages/airflow/example_dags/tutorial.py
[2024-11-04T14:42:08.865+0000] {processor.py:914} INFO - Processing file /home/airflow/.local/lib/python3.12/site-packages/airflow/example_dags/tutorial.py for tasks to queue
[2024-11-04T14:42:08.869+0000] {logging_mixin.py:190} INFO - [2024-11-04T14:42:08.869+0000] {dagbag.py:588} INFO - Filling up the DagBag from /home/airflow/.local/lib/python3.12/site-packages/airflow/example_dags/tutorial.py
[2024-11-04T14:42:08.879+0000] {processor.py:925} INFO - DAG(s) 'tutorial' retrieved from /home/airflow/.local/lib/python3.12/site-packages/airflow/example_dags/tutorial.py
[2024-11-04T14:42:08.902+0000] {logging_mixin.py:190} INFO - [2024-11-04T14:42:08.902+0000] {dag.py:3239} INFO - Sync 1 DAGs
[2024-11-04T14:42:08.928+0000] {logging_mixin.py:190} INFO - [2024-11-04T14:42:08.928+0000] {dag.py:4180} INFO - Setting next_dagrun for tutorial to 2024-11-03 00:00:00+00:00, run_after=2024-11-04 00:00:00+00:00
[2024-11-04T14:42:08.949+0000] {processor.py:208} INFO - Processing /home/airflow/.local/lib/python3.12/site-packages/airflow/example_dags/tutorial.py took 0.092 seconds
[2024-11-04T14:42:39.446+0000] {processor.py:186} INFO - Started process (PID=3752) to work on /home/airflow/.local/lib/python3.12/site-packages/airflow/example_dags/tutorial.py
[2024-11-04T14:42:39.448+0000] {processor.py:914} INFO - Processing file /home/airflow/.local/lib/python3.12/site-packages/airflow/example_dags/tutorial.py for tasks to queue
[2024-11-04T14:42:39.452+0000] {logging_mixin.py:190} INFO - [2024-11-04T14:42:39.451+0000] {dagbag.py:588} INFO - Filling up the DagBag from /home/airflow/.local/lib/python3.12/site-packages/airflow/example_dags/tutorial.py
[2024-11-04T14:42:39.464+0000] {processor.py:925} INFO - DAG(s) 'tutorial' retrieved from /home/airflow/.local/lib/python3.12/site-packages/airflow/example_dags/tutorial.py
[2024-11-04T14:42:39.486+0000] {logging_mixin.py:190} INFO - [2024-11-04T14:42:39.485+0000] {dag.py:3239} INFO - Sync 1 DAGs
[2024-11-04T14:42:39.520+0000] {logging_mixin.py:190} INFO - [2024-11-04T14:42:39.520+0000] {dag.py:4180} INFO - Setting next_dagrun for tutorial to 2024-11-03 00:00:00+00:00, run_after=2024-11-04 00:00:00+00:00
[2024-11-04T14:42:39.547+0000] {processor.py:208} INFO - Processing /home/airflow/.local/lib/python3.12/site-packages/airflow/example_dags/tutorial.py took 0.109 seconds
[2024-11-04T14:43:10.092+0000] {processor.py:186} INFO - Started process (PID=4038) to work on /home/airflow/.local/lib/python3.12/site-packages/airflow/example_dags/tutorial.py
[2024-11-04T14:43:10.093+0000] {processor.py:914} INFO - Processing file /home/airflow/.local/lib/python3.12/site-packages/airflow/example_dags/tutorial.py for tasks to queue
[2024-11-04T14:43:10.096+0000] {logging_mixin.py:190} INFO - [2024-11-04T14:43:10.096+0000] {dagbag.py:588} INFO - Filling up the DagBag from /home/airflow/.local/lib/python3.12/site-packages/airflow/example_dags/tutorial.py
[2024-11-04T14:43:10.103+0000] {processor.py:925} INFO - DAG(s) 'tutorial' retrieved from /home/airflow/.local/lib/python3.12/site-packages/airflow/example_dags/tutorial.py
[2024-11-04T14:43:10.123+0000] {logging_mixin.py:190} INFO - [2024-11-04T14:43:10.123+0000] {dag.py:3239} INFO - Sync 1 DAGs
[2024-11-04T14:43:10.145+0000] {logging_mixin.py:190} INFO - [2024-11-04T14:43:10.144+0000] {dag.py:4180} INFO - Setting next_dagrun for tutorial to 2024-11-03 00:00:00+00:00, run_after=2024-11-04 00:00:00+00:00
[2024-11-04T14:43:10.165+0000] {processor.py:208} INFO - Processing /home/airflow/.local/lib/python3.12/site-packages/airflow/example_dags/tutorial.py took 0.080 seconds
[2024-11-04T14:44:57.309+0000] {processor.py:186} INFO - Started process (PID=321) to work on /home/airflow/.local/lib/python3.12/site-packages/airflow/example_dags/tutorial.py
[2024-11-04T14:44:57.310+0000] {processor.py:914} INFO - Processing file /home/airflow/.local/lib/python3.12/site-packages/airflow/example_dags/tutorial.py for tasks to queue
[2024-11-04T14:44:57.315+0000] {logging_mixin.py:190} INFO - [2024-11-04T14:44:57.314+0000] {dagbag.py:588} INFO - Filling up the DagBag from /home/airflow/.local/lib/python3.12/site-packages/airflow/example_dags/tutorial.py
[2024-11-04T14:44:57.327+0000] {processor.py:925} INFO - DAG(s) 'tutorial' retrieved from /home/airflow/.local/lib/python3.12/site-packages/airflow/example_dags/tutorial.py
[2024-11-04T14:44:57.472+0000] {logging_mixin.py:190} INFO - [2024-11-04T14:44:57.471+0000] {override.py:1900} INFO - Created Permission View: can delete on DAG:tutorial
[2024-11-04T14:44:57.488+0000] {logging_mixin.py:190} INFO - [2024-11-04T14:44:57.487+0000] {override.py:1900} INFO - Created Permission View: can read on DAG:tutorial
[2024-11-04T14:44:57.500+0000] {logging_mixin.py:190} INFO - [2024-11-04T14:44:57.499+0000] {override.py:1900} INFO - Created Permission View: can edit on DAG:tutorial
[2024-11-04T14:44:57.515+0000] {logging_mixin.py:190} INFO - [2024-11-04T14:44:57.514+0000] {override.py:1900} INFO - Created Permission View: can create on DAG Run:tutorial
[2024-11-04T14:44:57.527+0000] {logging_mixin.py:190} INFO - [2024-11-04T14:44:57.527+0000] {override.py:1900} INFO - Created Permission View: can delete on DAG Run:tutorial
[2024-11-04T14:44:57.540+0000] {logging_mixin.py:190} INFO - [2024-11-04T14:44:57.539+0000] {override.py:1900} INFO - Created Permission View: menu access on DAG Run:tutorial
[2024-11-04T14:44:57.553+0000] {logging_mixin.py:190} INFO - [2024-11-04T14:44:57.553+0000] {override.py:1900} INFO - Created Permission View: can read on DAG Run:tutorial
[2024-11-04T14:44:57.554+0000] {logging_mixin.py:190} INFO - [2024-11-04T14:44:57.554+0000] {dag.py:3239} INFO - Sync 1 DAGs
[2024-11-04T14:44:57.572+0000] {logging_mixin.py:190} INFO - [2024-11-04T14:44:57.572+0000] {dag.py:3262} INFO - Creating ORM DAG for tutorial
[2024-11-04T14:44:57.586+0000] {logging_mixin.py:190} INFO - [2024-11-04T14:44:57.586+0000] {dag.py:4180} INFO - Setting next_dagrun for tutorial to 2024-11-03 00:00:00+00:00, run_after=2024-11-04 00:00:00+00:00
[2024-11-04T14:44:57.617+0000] {processor.py:208} INFO - Processing /home/airflow/.local/lib/python3.12/site-packages/airflow/example_dags/tutorial.py took 0.317 seconds
[2024-11-04T14:45:28.435+0000] {processor.py:186} INFO - Started process (PID=607) to work on /home/airflow/.local/lib/python3.12/site-packages/airflow/example_dags/tutorial.py
[2024-11-04T14:45:28.437+0000] {processor.py:914} INFO - Processing file /home/airflow/.local/lib/python3.12/site-packages/airflow/example_dags/tutorial.py for tasks to queue
[2024-11-04T14:45:28.441+0000] {logging_mixin.py:190} INFO - [2024-11-04T14:45:28.440+0000] {dagbag.py:588} INFO - Filling up the DagBag from /home/airflow/.local/lib/python3.12/site-packages/airflow/example_dags/tutorial.py
[2024-11-04T14:45:28.448+0000] {processor.py:925} INFO - DAG(s) 'tutorial' retrieved from /home/airflow/.local/lib/python3.12/site-packages/airflow/example_dags/tutorial.py
[2024-11-04T14:45:28.474+0000] {logging_mixin.py:190} INFO - [2024-11-04T14:45:28.473+0000] {dag.py:3239} INFO - Sync 1 DAGs
[2024-11-04T14:45:28.496+0000] {logging_mixin.py:190} INFO - [2024-11-04T14:45:28.496+0000] {dag.py:4180} INFO - Setting next_dagrun for tutorial to 2024-11-03 00:00:00+00:00, run_after=2024-11-04 00:00:00+00:00
[2024-11-04T14:45:28.515+0000] {processor.py:208} INFO - Processing /home/airflow/.local/lib/python3.12/site-packages/airflow/example_dags/tutorial.py took 0.084 seconds
[2024-11-04T14:45:58.587+0000] {processor.py:186} INFO - Started process (PID=893) to work on /home/airflow/.local/lib/python3.12/site-packages/airflow/example_dags/tutorial.py
[2024-11-04T14:45:58.588+0000] {processor.py:914} INFO - Processing file /home/airflow/.local/lib/python3.12/site-packages/airflow/example_dags/tutorial.py for tasks to queue
[2024-11-04T14:45:58.591+0000] {logging_mixin.py:190} INFO - [2024-11-04T14:45:58.590+0000] {dagbag.py:588} INFO - Filling up the DagBag from /home/airflow/.local/lib/python3.12/site-packages/airflow/example_dags/tutorial.py
[2024-11-04T14:45:58.597+0000] {processor.py:925} INFO - DAG(s) 'tutorial' retrieved from /home/airflow/.local/lib/python3.12/site-packages/airflow/example_dags/tutorial.py
[2024-11-04T14:45:58.618+0000] {logging_mixin.py:190} INFO - [2024-11-04T14:45:58.617+0000] {dag.py:3239} INFO - Sync 1 DAGs
[2024-11-04T14:45:58.637+0000] {logging_mixin.py:190} INFO - [2024-11-04T14:45:58.637+0000] {dag.py:4180} INFO - Setting next_dagrun for tutorial to 2024-11-03 00:00:00+00:00, run_after=2024-11-04 00:00:00+00:00
[2024-11-04T14:45:58.655+0000] {processor.py:208} INFO - Processing /home/airflow/.local/lib/python3.12/site-packages/airflow/example_dags/tutorial.py took 0.073 seconds
[2024-11-04T14:46:28.851+0000] {processor.py:186} INFO - Started process (PID=1181) to work on /home/airflow/.local/lib/python3.12/site-packages/airflow/example_dags/tutorial.py
[2024-11-04T14:46:28.852+0000] {processor.py:914} INFO - Processing file /home/airflow/.local/lib/python3.12/site-packages/airflow/example_dags/tutorial.py for tasks to queue
[2024-11-04T14:46:28.855+0000] {logging_mixin.py:190} INFO - [2024-11-04T14:46:28.854+0000] {dagbag.py:588} INFO - Filling up the DagBag from /home/airflow/.local/lib/python3.12/site-packages/airflow/example_dags/tutorial.py
[2024-11-04T14:46:28.862+0000] {processor.py:925} INFO - DAG(s) 'tutorial' retrieved from /home/airflow/.local/lib/python3.12/site-packages/airflow/example_dags/tutorial.py
[2024-11-04T14:46:28.879+0000] {logging_mixin.py:190} INFO - [2024-11-04T14:46:28.879+0000] {dag.py:3239} INFO - Sync 1 DAGs
[2024-11-04T14:46:28.896+0000] {logging_mixin.py:190} INFO - [2024-11-04T14:46:28.896+0000] {dag.py:4180} INFO - Setting next_dagrun for tutorial to 2024-11-03 00:00:00+00:00, run_after=2024-11-04 00:00:00+00:00
[2024-11-04T14:46:28.914+0000] {processor.py:208} INFO - Processing /home/airflow/.local/lib/python3.12/site-packages/airflow/example_dags/tutorial.py took 0.068 seconds
[2024-11-04T14:46:59.475+0000] {processor.py:186} INFO - Started process (PID=1467) to work on /home/airflow/.local/lib/python3.12/site-packages/airflow/example_dags/tutorial.py
[2024-11-04T14:46:59.476+0000] {processor.py:914} INFO - Processing file /home/airflow/.local/lib/python3.12/site-packages/airflow/example_dags/tutorial.py for tasks to queue
[2024-11-04T14:46:59.479+0000] {logging_mixin.py:190} INFO - [2024-11-04T14:46:59.478+0000] {dagbag.py:588} INFO - Filling up the DagBag from /home/airflow/.local/lib/python3.12/site-packages/airflow/example_dags/tutorial.py
[2024-11-04T14:46:59.487+0000] {processor.py:925} INFO - DAG(s) 'tutorial' retrieved from /home/airflow/.local/lib/python3.12/site-packages/airflow/example_dags/tutorial.py
[2024-11-04T14:46:59.505+0000] {logging_mixin.py:190} INFO - [2024-11-04T14:46:59.505+0000] {dag.py:3239} INFO - Sync 1 DAGs
[2024-11-04T14:46:59.529+0000] {logging_mixin.py:190} INFO - [2024-11-04T14:46:59.528+0000] {dag.py:4180} INFO - Setting next_dagrun for tutorial to 2024-11-03 00:00:00+00:00, run_after=2024-11-04 00:00:00+00:00
[2024-11-04T14:46:59.545+0000] {processor.py:208} INFO - Processing /home/airflow/.local/lib/python3.12/site-packages/airflow/example_dags/tutorial.py took 0.075 seconds
[2024-11-04T14:49:16.826+0000] {processor.py:186} INFO - Started process (PID=316) to work on /home/airflow/.local/lib/python3.12/site-packages/airflow/example_dags/tutorial.py
[2024-11-04T14:49:16.828+0000] {processor.py:914} INFO - Processing file /home/airflow/.local/lib/python3.12/site-packages/airflow/example_dags/tutorial.py for tasks to queue
[2024-11-04T14:49:16.832+0000] {logging_mixin.py:190} INFO - [2024-11-04T14:49:16.832+0000] {dagbag.py:588} INFO - Filling up the DagBag from /home/airflow/.local/lib/python3.12/site-packages/airflow/example_dags/tutorial.py
[2024-11-04T14:49:16.843+0000] {processor.py:925} INFO - DAG(s) 'tutorial' retrieved from /home/airflow/.local/lib/python3.12/site-packages/airflow/example_dags/tutorial.py
[2024-11-04T14:49:16.971+0000] {logging_mixin.py:190} INFO - [2024-11-04T14:49:16.970+0000] {override.py:1900} INFO - Created Permission View: can edit on DAG:tutorial
[2024-11-04T14:49:16.986+0000] {logging_mixin.py:190} INFO - [2024-11-04T14:49:16.986+0000] {override.py:1900} INFO - Created Permission View: can delete on DAG:tutorial
[2024-11-04T14:49:16.996+0000] {logging_mixin.py:190} INFO - [2024-11-04T14:49:16.996+0000] {override.py:1900} INFO - Created Permission View: can read on DAG:tutorial
[2024-11-04T14:49:17.008+0000] {logging_mixin.py:190} INFO - [2024-11-04T14:49:17.008+0000] {override.py:1900} INFO - Created Permission View: can create on DAG Run:tutorial
[2024-11-04T14:49:17.018+0000] {logging_mixin.py:190} INFO - [2024-11-04T14:49:17.018+0000] {override.py:1900} INFO - Created Permission View: can read on DAG Run:tutorial
[2024-11-04T14:49:17.028+0000] {logging_mixin.py:190} INFO - [2024-11-04T14:49:17.027+0000] {override.py:1900} INFO - Created Permission View: can delete on DAG Run:tutorial
[2024-11-04T14:49:17.038+0000] {logging_mixin.py:190} INFO - [2024-11-04T14:49:17.037+0000] {override.py:1900} INFO - Created Permission View: menu access on DAG Run:tutorial
[2024-11-04T14:49:17.040+0000] {logging_mixin.py:190} INFO - [2024-11-04T14:49:17.040+0000] {dag.py:3239} INFO - Sync 1 DAGs
[2024-11-04T14:49:17.057+0000] {logging_mixin.py:190} INFO - [2024-11-04T14:49:17.057+0000] {dag.py:3262} INFO - Creating ORM DAG for tutorial
[2024-11-04T14:49:17.070+0000] {logging_mixin.py:190} INFO - [2024-11-04T14:49:17.070+0000] {dag.py:4180} INFO - Setting next_dagrun for tutorial to 2024-11-03 00:00:00+00:00, run_after=2024-11-04 00:00:00+00:00
[2024-11-04T14:49:17.098+0000] {processor.py:208} INFO - Processing /home/airflow/.local/lib/python3.12/site-packages/airflow/example_dags/tutorial.py took 0.280 seconds
