[2024-11-04T14:34:04.986+0000] {processor.py:186} INFO - Started process (PID=344) to work on /home/airflow/.local/lib/python3.12/site-packages/airflow/example_dags/tutorial_dag.py
[2024-11-04T14:34:04.988+0000] {processor.py:914} INFO - Processing file /home/airflow/.local/lib/python3.12/site-packages/airflow/example_dags/tutorial_dag.py for tasks to queue
[2024-11-04T14:34:04.993+0000] {logging_mixin.py:190} INFO - [2024-11-04T14:34:04.992+0000] {dagbag.py:588} INFO - Filling up the DagBag from /home/airflow/.local/lib/python3.12/site-packages/airflow/example_dags/tutorial_dag.py
[2024-11-04T14:34:05.007+0000] {processor.py:925} INFO - DAG(s) 'tutorial_dag' retrieved from /home/airflow/.local/lib/python3.12/site-packages/airflow/example_dags/tutorial_dag.py
[2024-11-04T14:34:05.172+0000] {logging_mixin.py:190} INFO - [2024-11-04T14:34:05.171+0000] {override.py:1900} INFO - Created Permission View: can edit on DAG:tutorial_dag
[2024-11-04T14:34:05.192+0000] {logging_mixin.py:190} INFO - [2024-11-04T14:34:05.192+0000] {override.py:1900} INFO - Created Permission View: can read on DAG:tutorial_dag
[2024-11-04T14:34:05.207+0000] {logging_mixin.py:190} INFO - [2024-11-04T14:34:05.206+0000] {override.py:1900} INFO - Created Permission View: can delete on DAG:tutorial_dag
[2024-11-04T14:34:05.227+0000] {logging_mixin.py:190} INFO - [2024-11-04T14:34:05.227+0000] {override.py:1900} INFO - Created Permission View: can read on DAG Run:tutorial_dag
[2024-11-04T14:34:05.240+0000] {logging_mixin.py:190} INFO - [2024-11-04T14:34:05.239+0000] {override.py:1900} INFO - Created Permission View: can delete on DAG Run:tutorial_dag
[2024-11-04T14:34:05.252+0000] {logging_mixin.py:190} INFO - [2024-11-04T14:34:05.252+0000] {override.py:1900} INFO - Created Permission View: menu access on DAG Run:tutorial_dag
[2024-11-04T14:34:05.267+0000] {logging_mixin.py:190} INFO - [2024-11-04T14:34:05.266+0000] {override.py:1900} INFO - Created Permission View: can create on DAG Run:tutorial_dag
[2024-11-04T14:34:05.268+0000] {logging_mixin.py:190} INFO - [2024-11-04T14:34:05.268+0000] {dag.py:3239} INFO - Sync 1 DAGs
[2024-11-04T14:34:05.290+0000] {logging_mixin.py:190} INFO - [2024-11-04T14:34:05.290+0000] {dag.py:3262} INFO - Creating ORM DAG for tutorial_dag
[2024-11-04T14:34:05.292+0000] {logging_mixin.py:190} INFO - [2024-11-04T14:34:05.292+0000] {dag.py:4180} INFO - Setting next_dagrun for tutorial_dag to None, run_after=None
[2024-11-04T14:34:05.325+0000] {processor.py:208} INFO - Processing /home/airflow/.local/lib/python3.12/site-packages/airflow/example_dags/tutorial_dag.py took 0.349 seconds
[2024-11-04T14:34:35.847+0000] {processor.py:186} INFO - Started process (PID=631) to work on /home/airflow/.local/lib/python3.12/site-packages/airflow/example_dags/tutorial_dag.py
[2024-11-04T14:34:35.849+0000] {processor.py:914} INFO - Processing file /home/airflow/.local/lib/python3.12/site-packages/airflow/example_dags/tutorial_dag.py for tasks to queue
[2024-11-04T14:34:35.851+0000] {logging_mixin.py:190} INFO - [2024-11-04T14:34:35.851+0000] {dagbag.py:588} INFO - Filling up the DagBag from /home/airflow/.local/lib/python3.12/site-packages/airflow/example_dags/tutorial_dag.py
[2024-11-04T14:34:35.857+0000] {processor.py:925} INFO - DAG(s) 'tutorial_dag' retrieved from /home/airflow/.local/lib/python3.12/site-packages/airflow/example_dags/tutorial_dag.py
[2024-11-04T14:34:35.875+0000] {logging_mixin.py:190} INFO - [2024-11-04T14:34:35.875+0000] {dag.py:3239} INFO - Sync 1 DAGs
[2024-11-04T14:34:35.889+0000] {logging_mixin.py:190} INFO - [2024-11-04T14:34:35.889+0000] {dag.py:4180} INFO - Setting next_dagrun for tutorial_dag to None, run_after=None
[2024-11-04T14:34:35.912+0000] {processor.py:208} INFO - Processing /home/airflow/.local/lib/python3.12/site-packages/airflow/example_dags/tutorial_dag.py took 0.070 seconds
[2024-11-04T14:35:05.962+0000] {processor.py:186} INFO - Started process (PID=912) to work on /home/airflow/.local/lib/python3.12/site-packages/airflow/example_dags/tutorial_dag.py
[2024-11-04T14:35:05.964+0000] {processor.py:914} INFO - Processing file /home/airflow/.local/lib/python3.12/site-packages/airflow/example_dags/tutorial_dag.py for tasks to queue
[2024-11-04T14:35:05.966+0000] {logging_mixin.py:190} INFO - [2024-11-04T14:35:05.965+0000] {dagbag.py:588} INFO - Filling up the DagBag from /home/airflow/.local/lib/python3.12/site-packages/airflow/example_dags/tutorial_dag.py
[2024-11-04T14:35:05.973+0000] {processor.py:925} INFO - DAG(s) 'tutorial_dag' retrieved from /home/airflow/.local/lib/python3.12/site-packages/airflow/example_dags/tutorial_dag.py
[2024-11-04T14:35:05.992+0000] {logging_mixin.py:190} INFO - [2024-11-04T14:35:05.992+0000] {dag.py:3239} INFO - Sync 1 DAGs
[2024-11-04T14:35:06.004+0000] {logging_mixin.py:190} INFO - [2024-11-04T14:35:06.004+0000] {dag.py:4180} INFO - Setting next_dagrun for tutorial_dag to None, run_after=None
[2024-11-04T14:35:06.027+0000] {processor.py:208} INFO - Processing /home/airflow/.local/lib/python3.12/site-packages/airflow/example_dags/tutorial_dag.py took 0.070 seconds
[2024-11-04T14:36:32.770+0000] {processor.py:186} INFO - Started process (PID=345) to work on /home/airflow/.local/lib/python3.12/site-packages/airflow/example_dags/tutorial_dag.py
[2024-11-04T14:36:32.772+0000] {processor.py:914} INFO - Processing file /home/airflow/.local/lib/python3.12/site-packages/airflow/example_dags/tutorial_dag.py for tasks to queue
[2024-11-04T14:36:32.776+0000] {logging_mixin.py:190} INFO - [2024-11-04T14:36:32.776+0000] {dagbag.py:588} INFO - Filling up the DagBag from /home/airflow/.local/lib/python3.12/site-packages/airflow/example_dags/tutorial_dag.py
[2024-11-04T14:36:32.790+0000] {processor.py:925} INFO - DAG(s) 'tutorial_dag' retrieved from /home/airflow/.local/lib/python3.12/site-packages/airflow/example_dags/tutorial_dag.py
[2024-11-04T14:36:32.955+0000] {logging_mixin.py:190} INFO - [2024-11-04T14:36:32.954+0000] {override.py:1900} INFO - Created Permission View: can delete on DAG:tutorial_dag
[2024-11-04T14:36:32.974+0000] {logging_mixin.py:190} INFO - [2024-11-04T14:36:32.973+0000] {override.py:1900} INFO - Created Permission View: can read on DAG:tutorial_dag
[2024-11-04T14:36:32.987+0000] {logging_mixin.py:190} INFO - [2024-11-04T14:36:32.987+0000] {override.py:1900} INFO - Created Permission View: can edit on DAG:tutorial_dag
[2024-11-04T14:36:33.003+0000] {logging_mixin.py:190} INFO - [2024-11-04T14:36:33.002+0000] {override.py:1900} INFO - Created Permission View: can create on DAG Run:tutorial_dag
[2024-11-04T14:36:33.017+0000] {logging_mixin.py:190} INFO - [2024-11-04T14:36:33.016+0000] {override.py:1900} INFO - Created Permission View: can delete on DAG Run:tutorial_dag
[2024-11-04T14:36:33.030+0000] {logging_mixin.py:190} INFO - [2024-11-04T14:36:33.030+0000] {override.py:1900} INFO - Created Permission View: can read on DAG Run:tutorial_dag
[2024-11-04T14:36:33.043+0000] {logging_mixin.py:190} INFO - [2024-11-04T14:36:33.042+0000] {override.py:1900} INFO - Created Permission View: menu access on DAG Run:tutorial_dag
[2024-11-04T14:36:33.044+0000] {logging_mixin.py:190} INFO - [2024-11-04T14:36:33.044+0000] {dag.py:3239} INFO - Sync 1 DAGs
[2024-11-04T14:36:33.062+0000] {logging_mixin.py:190} INFO - [2024-11-04T14:36:33.062+0000] {dag.py:3262} INFO - Creating ORM DAG for tutorial_dag
[2024-11-04T14:36:33.064+0000] {logging_mixin.py:190} INFO - [2024-11-04T14:36:33.064+0000] {dag.py:4180} INFO - Setting next_dagrun for tutorial_dag to None, run_after=None
[2024-11-04T14:36:33.091+0000] {processor.py:208} INFO - Processing /home/airflow/.local/lib/python3.12/site-packages/airflow/example_dags/tutorial_dag.py took 0.332 seconds
[2024-11-04T14:37:03.766+0000] {processor.py:186} INFO - Started process (PID=633) to work on /home/airflow/.local/lib/python3.12/site-packages/airflow/example_dags/tutorial_dag.py
[2024-11-04T14:37:03.767+0000] {processor.py:914} INFO - Processing file /home/airflow/.local/lib/python3.12/site-packages/airflow/example_dags/tutorial_dag.py for tasks to queue
[2024-11-04T14:37:03.770+0000] {logging_mixin.py:190} INFO - [2024-11-04T14:37:03.770+0000] {dagbag.py:588} INFO - Filling up the DagBag from /home/airflow/.local/lib/python3.12/site-packages/airflow/example_dags/tutorial_dag.py
[2024-11-04T14:37:03.778+0000] {processor.py:925} INFO - DAG(s) 'tutorial_dag' retrieved from /home/airflow/.local/lib/python3.12/site-packages/airflow/example_dags/tutorial_dag.py
[2024-11-04T14:37:03.796+0000] {logging_mixin.py:190} INFO - [2024-11-04T14:37:03.796+0000] {dag.py:3239} INFO - Sync 1 DAGs
[2024-11-04T14:37:03.809+0000] {logging_mixin.py:190} INFO - [2024-11-04T14:37:03.809+0000] {dag.py:4180} INFO - Setting next_dagrun for tutorial_dag to None, run_after=None
[2024-11-04T14:37:03.828+0000] {processor.py:208} INFO - Processing /home/airflow/.local/lib/python3.12/site-packages/airflow/example_dags/tutorial_dag.py took 0.068 seconds
[2024-11-04T14:37:34.140+0000] {processor.py:186} INFO - Started process (PID=917) to work on /home/airflow/.local/lib/python3.12/site-packages/airflow/example_dags/tutorial_dag.py
[2024-11-04T14:37:34.142+0000] {processor.py:914} INFO - Processing file /home/airflow/.local/lib/python3.12/site-packages/airflow/example_dags/tutorial_dag.py for tasks to queue
[2024-11-04T14:37:34.148+0000] {logging_mixin.py:190} INFO - [2024-11-04T14:37:34.148+0000] {dagbag.py:588} INFO - Filling up the DagBag from /home/airflow/.local/lib/python3.12/site-packages/airflow/example_dags/tutorial_dag.py
[2024-11-04T14:37:34.167+0000] {processor.py:925} INFO - DAG(s) 'tutorial_dag' retrieved from /home/airflow/.local/lib/python3.12/site-packages/airflow/example_dags/tutorial_dag.py
[2024-11-04T14:37:34.199+0000] {logging_mixin.py:190} INFO - [2024-11-04T14:37:34.199+0000] {dag.py:3239} INFO - Sync 1 DAGs
[2024-11-04T14:37:34.224+0000] {logging_mixin.py:190} INFO - [2024-11-04T14:37:34.223+0000] {dag.py:4180} INFO - Setting next_dagrun for tutorial_dag to None, run_after=None
[2024-11-04T14:37:34.261+0000] {processor.py:208} INFO - Processing /home/airflow/.local/lib/python3.12/site-packages/airflow/example_dags/tutorial_dag.py took 0.135 seconds
[2024-11-04T14:38:05.394+0000] {processor.py:186} INFO - Started process (PID=1203) to work on /home/airflow/.local/lib/python3.12/site-packages/airflow/example_dags/tutorial_dag.py
[2024-11-04T14:38:05.397+0000] {processor.py:914} INFO - Processing file /home/airflow/.local/lib/python3.12/site-packages/airflow/example_dags/tutorial_dag.py for tasks to queue
[2024-11-04T14:38:05.404+0000] {logging_mixin.py:190} INFO - [2024-11-04T14:38:05.403+0000] {dagbag.py:588} INFO - Filling up the DagBag from /home/airflow/.local/lib/python3.12/site-packages/airflow/example_dags/tutorial_dag.py
[2024-11-04T14:38:05.427+0000] {processor.py:925} INFO - DAG(s) 'tutorial_dag' retrieved from /home/airflow/.local/lib/python3.12/site-packages/airflow/example_dags/tutorial_dag.py
[2024-11-04T14:38:05.495+0000] {logging_mixin.py:190} INFO - [2024-11-04T14:38:05.494+0000] {dag.py:3239} INFO - Sync 1 DAGs
[2024-11-04T14:38:05.663+0000] {logging_mixin.py:190} INFO - [2024-11-04T14:38:05.662+0000] {dag.py:4180} INFO - Setting next_dagrun for tutorial_dag to None, run_after=None
[2024-11-04T14:38:05.765+0000] {processor.py:208} INFO - Processing /home/airflow/.local/lib/python3.12/site-packages/airflow/example_dags/tutorial_dag.py took 0.388 seconds
[2024-11-04T14:38:36.684+0000] {processor.py:186} INFO - Started process (PID=1490) to work on /home/airflow/.local/lib/python3.12/site-packages/airflow/example_dags/tutorial_dag.py
[2024-11-04T14:38:36.685+0000] {processor.py:914} INFO - Processing file /home/airflow/.local/lib/python3.12/site-packages/airflow/example_dags/tutorial_dag.py for tasks to queue
[2024-11-04T14:38:36.688+0000] {logging_mixin.py:190} INFO - [2024-11-04T14:38:36.688+0000] {dagbag.py:588} INFO - Filling up the DagBag from /home/airflow/.local/lib/python3.12/site-packages/airflow/example_dags/tutorial_dag.py
[2024-11-04T14:38:36.700+0000] {processor.py:925} INFO - DAG(s) 'tutorial_dag' retrieved from /home/airflow/.local/lib/python3.12/site-packages/airflow/example_dags/tutorial_dag.py
[2024-11-04T14:38:36.725+0000] {logging_mixin.py:190} INFO - [2024-11-04T14:38:36.725+0000] {dag.py:3239} INFO - Sync 1 DAGs
[2024-11-04T14:38:36.766+0000] {logging_mixin.py:190} INFO - [2024-11-04T14:38:36.766+0000] {dag.py:4180} INFO - Setting next_dagrun for tutorial_dag to None, run_after=None
[2024-11-04T14:38:36.808+0000] {processor.py:208} INFO - Processing /home/airflow/.local/lib/python3.12/site-packages/airflow/example_dags/tutorial_dag.py took 0.131 seconds
[2024-11-04T14:39:07.554+0000] {processor.py:186} INFO - Started process (PID=1776) to work on /home/airflow/.local/lib/python3.12/site-packages/airflow/example_dags/tutorial_dag.py
[2024-11-04T14:39:07.555+0000] {processor.py:914} INFO - Processing file /home/airflow/.local/lib/python3.12/site-packages/airflow/example_dags/tutorial_dag.py for tasks to queue
[2024-11-04T14:39:07.558+0000] {logging_mixin.py:190} INFO - [2024-11-04T14:39:07.557+0000] {dagbag.py:588} INFO - Filling up the DagBag from /home/airflow/.local/lib/python3.12/site-packages/airflow/example_dags/tutorial_dag.py
[2024-11-04T14:39:07.564+0000] {processor.py:925} INFO - DAG(s) 'tutorial_dag' retrieved from /home/airflow/.local/lib/python3.12/site-packages/airflow/example_dags/tutorial_dag.py
[2024-11-04T14:39:07.584+0000] {logging_mixin.py:190} INFO - [2024-11-04T14:39:07.584+0000] {dag.py:3239} INFO - Sync 1 DAGs
[2024-11-04T14:39:07.598+0000] {logging_mixin.py:190} INFO - [2024-11-04T14:39:07.597+0000] {dag.py:4180} INFO - Setting next_dagrun for tutorial_dag to None, run_after=None
[2024-11-04T14:39:07.620+0000] {processor.py:208} INFO - Processing /home/airflow/.local/lib/python3.12/site-packages/airflow/example_dags/tutorial_dag.py took 0.071 seconds
[2024-11-04T14:39:38.230+0000] {processor.py:186} INFO - Started process (PID=2062) to work on /home/airflow/.local/lib/python3.12/site-packages/airflow/example_dags/tutorial_dag.py
[2024-11-04T14:39:38.232+0000] {processor.py:914} INFO - Processing file /home/airflow/.local/lib/python3.12/site-packages/airflow/example_dags/tutorial_dag.py for tasks to queue
[2024-11-04T14:39:38.234+0000] {logging_mixin.py:190} INFO - [2024-11-04T14:39:38.234+0000] {dagbag.py:588} INFO - Filling up the DagBag from /home/airflow/.local/lib/python3.12/site-packages/airflow/example_dags/tutorial_dag.py
[2024-11-04T14:39:38.241+0000] {processor.py:925} INFO - DAG(s) 'tutorial_dag' retrieved from /home/airflow/.local/lib/python3.12/site-packages/airflow/example_dags/tutorial_dag.py
[2024-11-04T14:39:38.263+0000] {logging_mixin.py:190} INFO - [2024-11-04T14:39:38.262+0000] {dag.py:3239} INFO - Sync 1 DAGs
[2024-11-04T14:39:38.275+0000] {logging_mixin.py:190} INFO - [2024-11-04T14:39:38.275+0000] {dag.py:4180} INFO - Setting next_dagrun for tutorial_dag to None, run_after=None
[2024-11-04T14:39:38.295+0000] {processor.py:208} INFO - Processing /home/airflow/.local/lib/python3.12/site-packages/airflow/example_dags/tutorial_dag.py took 0.069 seconds
[2024-11-04T14:40:08.677+0000] {processor.py:186} INFO - Started process (PID=2348) to work on /home/airflow/.local/lib/python3.12/site-packages/airflow/example_dags/tutorial_dag.py
[2024-11-04T14:40:08.680+0000] {processor.py:914} INFO - Processing file /home/airflow/.local/lib/python3.12/site-packages/airflow/example_dags/tutorial_dag.py for tasks to queue
[2024-11-04T14:40:08.686+0000] {logging_mixin.py:190} INFO - [2024-11-04T14:40:08.685+0000] {dagbag.py:588} INFO - Filling up the DagBag from /home/airflow/.local/lib/python3.12/site-packages/airflow/example_dags/tutorial_dag.py
[2024-11-04T14:40:08.705+0000] {processor.py:925} INFO - DAG(s) 'tutorial_dag' retrieved from /home/airflow/.local/lib/python3.12/site-packages/airflow/example_dags/tutorial_dag.py
[2024-11-04T14:40:08.744+0000] {logging_mixin.py:190} INFO - [2024-11-04T14:40:08.744+0000] {dag.py:3239} INFO - Sync 1 DAGs
[2024-11-04T14:40:08.771+0000] {logging_mixin.py:190} INFO - [2024-11-04T14:40:08.771+0000] {dag.py:4180} INFO - Setting next_dagrun for tutorial_dag to None, run_after=None
[2024-11-04T14:40:08.810+0000] {processor.py:208} INFO - Processing /home/airflow/.local/lib/python3.12/site-packages/airflow/example_dags/tutorial_dag.py took 0.154 seconds
[2024-11-04T14:40:38.919+0000] {processor.py:186} INFO - Started process (PID=2631) to work on /home/airflow/.local/lib/python3.12/site-packages/airflow/example_dags/tutorial_dag.py
[2024-11-04T14:40:38.920+0000] {processor.py:914} INFO - Processing file /home/airflow/.local/lib/python3.12/site-packages/airflow/example_dags/tutorial_dag.py for tasks to queue
[2024-11-04T14:40:38.923+0000] {logging_mixin.py:190} INFO - [2024-11-04T14:40:38.923+0000] {dagbag.py:588} INFO - Filling up the DagBag from /home/airflow/.local/lib/python3.12/site-packages/airflow/example_dags/tutorial_dag.py
[2024-11-04T14:40:38.930+0000] {processor.py:925} INFO - DAG(s) 'tutorial_dag' retrieved from /home/airflow/.local/lib/python3.12/site-packages/airflow/example_dags/tutorial_dag.py
[2024-11-04T14:40:38.949+0000] {logging_mixin.py:190} INFO - [2024-11-04T14:40:38.949+0000] {dag.py:3239} INFO - Sync 1 DAGs
[2024-11-04T14:40:38.964+0000] {logging_mixin.py:190} INFO - [2024-11-04T14:40:38.964+0000] {dag.py:4180} INFO - Setting next_dagrun for tutorial_dag to None, run_after=None
[2024-11-04T14:40:38.984+0000] {processor.py:208} INFO - Processing /home/airflow/.local/lib/python3.12/site-packages/airflow/example_dags/tutorial_dag.py took 0.072 seconds
[2024-11-04T14:41:10.447+0000] {processor.py:186} INFO - Started process (PID=2917) to work on /home/airflow/.local/lib/python3.12/site-packages/airflow/example_dags/tutorial_dag.py
[2024-11-04T14:41:10.457+0000] {processor.py:914} INFO - Processing file /home/airflow/.local/lib/python3.12/site-packages/airflow/example_dags/tutorial_dag.py for tasks to queue
[2024-11-04T14:41:10.478+0000] {logging_mixin.py:190} INFO - [2024-11-04T14:41:10.477+0000] {dagbag.py:588} INFO - Filling up the DagBag from /home/airflow/.local/lib/python3.12/site-packages/airflow/example_dags/tutorial_dag.py
[2024-11-04T14:41:10.550+0000] {processor.py:925} INFO - DAG(s) 'tutorial_dag' retrieved from /home/airflow/.local/lib/python3.12/site-packages/airflow/example_dags/tutorial_dag.py
[2024-11-04T14:41:10.636+0000] {logging_mixin.py:190} INFO - [2024-11-04T14:41:10.635+0000] {dag.py:3239} INFO - Sync 1 DAGs
[2024-11-04T14:41:10.789+0000] {logging_mixin.py:190} INFO - [2024-11-04T14:41:10.788+0000] {dag.py:4180} INFO - Setting next_dagrun for tutorial_dag to None, run_after=None
[2024-11-04T14:41:10.930+0000] {processor.py:208} INFO - Processing /home/airflow/.local/lib/python3.12/site-packages/airflow/example_dags/tutorial_dag.py took 0.507 seconds
[2024-11-04T14:41:41.130+0000] {processor.py:186} INFO - Started process (PID=3203) to work on /home/airflow/.local/lib/python3.12/site-packages/airflow/example_dags/tutorial_dag.py
[2024-11-04T14:41:41.133+0000] {processor.py:914} INFO - Processing file /home/airflow/.local/lib/python3.12/site-packages/airflow/example_dags/tutorial_dag.py for tasks to queue
[2024-11-04T14:41:41.135+0000] {logging_mixin.py:190} INFO - [2024-11-04T14:41:41.135+0000] {dagbag.py:588} INFO - Filling up the DagBag from /home/airflow/.local/lib/python3.12/site-packages/airflow/example_dags/tutorial_dag.py
[2024-11-04T14:41:41.142+0000] {processor.py:925} INFO - DAG(s) 'tutorial_dag' retrieved from /home/airflow/.local/lib/python3.12/site-packages/airflow/example_dags/tutorial_dag.py
[2024-11-04T14:41:41.161+0000] {logging_mixin.py:190} INFO - [2024-11-04T14:41:41.161+0000] {dag.py:3239} INFO - Sync 1 DAGs
[2024-11-04T14:41:41.174+0000] {logging_mixin.py:190} INFO - [2024-11-04T14:41:41.174+0000] {dag.py:4180} INFO - Setting next_dagrun for tutorial_dag to None, run_after=None
[2024-11-04T14:41:41.193+0000] {processor.py:208} INFO - Processing /home/airflow/.local/lib/python3.12/site-packages/airflow/example_dags/tutorial_dag.py took 0.068 seconds
[2024-11-04T14:42:11.410+0000] {processor.py:186} INFO - Started process (PID=3489) to work on /home/airflow/.local/lib/python3.12/site-packages/airflow/example_dags/tutorial_dag.py
[2024-11-04T14:42:11.412+0000] {processor.py:914} INFO - Processing file /home/airflow/.local/lib/python3.12/site-packages/airflow/example_dags/tutorial_dag.py for tasks to queue
[2024-11-04T14:42:11.417+0000] {logging_mixin.py:190} INFO - [2024-11-04T14:42:11.417+0000] {dagbag.py:588} INFO - Filling up the DagBag from /home/airflow/.local/lib/python3.12/site-packages/airflow/example_dags/tutorial_dag.py
[2024-11-04T14:42:11.426+0000] {processor.py:925} INFO - DAG(s) 'tutorial_dag' retrieved from /home/airflow/.local/lib/python3.12/site-packages/airflow/example_dags/tutorial_dag.py
[2024-11-04T14:42:11.447+0000] {logging_mixin.py:190} INFO - [2024-11-04T14:42:11.446+0000] {dag.py:3239} INFO - Sync 1 DAGs
[2024-11-04T14:42:11.459+0000] {logging_mixin.py:190} INFO - [2024-11-04T14:42:11.459+0000] {dag.py:4180} INFO - Setting next_dagrun for tutorial_dag to None, run_after=None
[2024-11-04T14:42:11.477+0000] {processor.py:208} INFO - Processing /home/airflow/.local/lib/python3.12/site-packages/airflow/example_dags/tutorial_dag.py took 0.087 seconds
[2024-11-04T14:42:41.853+0000] {processor.py:186} INFO - Started process (PID=3774) to work on /home/airflow/.local/lib/python3.12/site-packages/airflow/example_dags/tutorial_dag.py
[2024-11-04T14:42:41.854+0000] {processor.py:914} INFO - Processing file /home/airflow/.local/lib/python3.12/site-packages/airflow/example_dags/tutorial_dag.py for tasks to queue
[2024-11-04T14:42:41.856+0000] {logging_mixin.py:190} INFO - [2024-11-04T14:42:41.856+0000] {dagbag.py:588} INFO - Filling up the DagBag from /home/airflow/.local/lib/python3.12/site-packages/airflow/example_dags/tutorial_dag.py
[2024-11-04T14:42:41.863+0000] {processor.py:925} INFO - DAG(s) 'tutorial_dag' retrieved from /home/airflow/.local/lib/python3.12/site-packages/airflow/example_dags/tutorial_dag.py
[2024-11-04T14:42:41.882+0000] {logging_mixin.py:190} INFO - [2024-11-04T14:42:41.882+0000] {dag.py:3239} INFO - Sync 1 DAGs
[2024-11-04T14:42:41.896+0000] {logging_mixin.py:190} INFO - [2024-11-04T14:42:41.896+0000] {dag.py:4180} INFO - Setting next_dagrun for tutorial_dag to None, run_after=None
[2024-11-04T14:42:41.917+0000] {processor.py:208} INFO - Processing /home/airflow/.local/lib/python3.12/site-packages/airflow/example_dags/tutorial_dag.py took 0.070 seconds
[2024-11-04T14:43:12.572+0000] {processor.py:186} INFO - Started process (PID=4060) to work on /home/airflow/.local/lib/python3.12/site-packages/airflow/example_dags/tutorial_dag.py
[2024-11-04T14:43:12.573+0000] {processor.py:914} INFO - Processing file /home/airflow/.local/lib/python3.12/site-packages/airflow/example_dags/tutorial_dag.py for tasks to queue
[2024-11-04T14:43:12.576+0000] {logging_mixin.py:190} INFO - [2024-11-04T14:43:12.576+0000] {dagbag.py:588} INFO - Filling up the DagBag from /home/airflow/.local/lib/python3.12/site-packages/airflow/example_dags/tutorial_dag.py
[2024-11-04T14:43:12.585+0000] {processor.py:925} INFO - DAG(s) 'tutorial_dag' retrieved from /home/airflow/.local/lib/python3.12/site-packages/airflow/example_dags/tutorial_dag.py
[2024-11-04T14:43:12.606+0000] {logging_mixin.py:190} INFO - [2024-11-04T14:43:12.606+0000] {dag.py:3239} INFO - Sync 1 DAGs
[2024-11-04T14:43:12.621+0000] {logging_mixin.py:190} INFO - [2024-11-04T14:43:12.621+0000] {dag.py:4180} INFO - Setting next_dagrun for tutorial_dag to None, run_after=None
[2024-11-04T14:43:12.644+0000] {processor.py:208} INFO - Processing /home/airflow/.local/lib/python3.12/site-packages/airflow/example_dags/tutorial_dag.py took 0.079 seconds
[2024-11-04T14:44:58.775+0000] {processor.py:186} INFO - Started process (PID=346) to work on /home/airflow/.local/lib/python3.12/site-packages/airflow/example_dags/tutorial_dag.py
[2024-11-04T14:44:58.777+0000] {processor.py:914} INFO - Processing file /home/airflow/.local/lib/python3.12/site-packages/airflow/example_dags/tutorial_dag.py for tasks to queue
[2024-11-04T14:44:58.781+0000] {logging_mixin.py:190} INFO - [2024-11-04T14:44:58.781+0000] {dagbag.py:588} INFO - Filling up the DagBag from /home/airflow/.local/lib/python3.12/site-packages/airflow/example_dags/tutorial_dag.py
[2024-11-04T14:44:58.795+0000] {processor.py:925} INFO - DAG(s) 'tutorial_dag' retrieved from /home/airflow/.local/lib/python3.12/site-packages/airflow/example_dags/tutorial_dag.py
[2024-11-04T14:44:58.946+0000] {logging_mixin.py:190} INFO - [2024-11-04T14:44:58.945+0000] {override.py:1900} INFO - Created Permission View: can delete on DAG:tutorial_dag
[2024-11-04T14:44:58.962+0000] {logging_mixin.py:190} INFO - [2024-11-04T14:44:58.961+0000] {override.py:1900} INFO - Created Permission View: can read on DAG:tutorial_dag
[2024-11-04T14:44:58.974+0000] {logging_mixin.py:190} INFO - [2024-11-04T14:44:58.973+0000] {override.py:1900} INFO - Created Permission View: can edit on DAG:tutorial_dag
[2024-11-04T14:44:58.989+0000] {logging_mixin.py:190} INFO - [2024-11-04T14:44:58.989+0000] {override.py:1900} INFO - Created Permission View: can create on DAG Run:tutorial_dag
[2024-11-04T14:44:59.001+0000] {logging_mixin.py:190} INFO - [2024-11-04T14:44:59.000+0000] {override.py:1900} INFO - Created Permission View: can delete on DAG Run:tutorial_dag
[2024-11-04T14:44:59.012+0000] {logging_mixin.py:190} INFO - [2024-11-04T14:44:59.012+0000] {override.py:1900} INFO - Created Permission View: menu access on DAG Run:tutorial_dag
[2024-11-04T14:44:59.024+0000] {logging_mixin.py:190} INFO - [2024-11-04T14:44:59.023+0000] {override.py:1900} INFO - Created Permission View: can read on DAG Run:tutorial_dag
[2024-11-04T14:44:59.025+0000] {logging_mixin.py:190} INFO - [2024-11-04T14:44:59.025+0000] {dag.py:3239} INFO - Sync 1 DAGs
[2024-11-04T14:44:59.041+0000] {logging_mixin.py:190} INFO - [2024-11-04T14:44:59.041+0000] {dag.py:3262} INFO - Creating ORM DAG for tutorial_dag
[2024-11-04T14:44:59.043+0000] {logging_mixin.py:190} INFO - [2024-11-04T14:44:59.043+0000] {dag.py:4180} INFO - Setting next_dagrun for tutorial_dag to None, run_after=None
[2024-11-04T14:44:59.069+0000] {processor.py:208} INFO - Processing /home/airflow/.local/lib/python3.12/site-packages/airflow/example_dags/tutorial_dag.py took 0.304 seconds
[2024-11-04T14:45:30.051+0000] {processor.py:186} INFO - Started process (PID=632) to work on /home/airflow/.local/lib/python3.12/site-packages/airflow/example_dags/tutorial_dag.py
[2024-11-04T14:45:30.055+0000] {processor.py:914} INFO - Processing file /home/airflow/.local/lib/python3.12/site-packages/airflow/example_dags/tutorial_dag.py for tasks to queue
[2024-11-04T14:45:30.062+0000] {logging_mixin.py:190} INFO - [2024-11-04T14:45:30.061+0000] {dagbag.py:588} INFO - Filling up the DagBag from /home/airflow/.local/lib/python3.12/site-packages/airflow/example_dags/tutorial_dag.py
[2024-11-04T14:45:30.088+0000] {processor.py:925} INFO - DAG(s) 'tutorial_dag' retrieved from /home/airflow/.local/lib/python3.12/site-packages/airflow/example_dags/tutorial_dag.py
[2024-11-04T14:45:30.141+0000] {logging_mixin.py:190} INFO - [2024-11-04T14:45:30.141+0000] {dag.py:3239} INFO - Sync 1 DAGs
[2024-11-04T14:45:30.172+0000] {logging_mixin.py:190} INFO - [2024-11-04T14:45:30.171+0000] {dag.py:4180} INFO - Setting next_dagrun for tutorial_dag to None, run_after=None
[2024-11-04T14:45:30.218+0000] {processor.py:208} INFO - Processing /home/airflow/.local/lib/python3.12/site-packages/airflow/example_dags/tutorial_dag.py took 0.190 seconds
[2024-11-04T14:46:00.932+0000] {processor.py:186} INFO - Started process (PID=918) to work on /home/airflow/.local/lib/python3.12/site-packages/airflow/example_dags/tutorial_dag.py
[2024-11-04T14:46:00.933+0000] {processor.py:914} INFO - Processing file /home/airflow/.local/lib/python3.12/site-packages/airflow/example_dags/tutorial_dag.py for tasks to queue
[2024-11-04T14:46:00.936+0000] {logging_mixin.py:190} INFO - [2024-11-04T14:46:00.936+0000] {dagbag.py:588} INFO - Filling up the DagBag from /home/airflow/.local/lib/python3.12/site-packages/airflow/example_dags/tutorial_dag.py
[2024-11-04T14:46:00.944+0000] {processor.py:925} INFO - DAG(s) 'tutorial_dag' retrieved from /home/airflow/.local/lib/python3.12/site-packages/airflow/example_dags/tutorial_dag.py
[2024-11-04T14:46:00.965+0000] {logging_mixin.py:190} INFO - [2024-11-04T14:46:00.965+0000] {dag.py:3239} INFO - Sync 1 DAGs
[2024-11-04T14:46:00.978+0000] {logging_mixin.py:190} INFO - [2024-11-04T14:46:00.978+0000] {dag.py:4180} INFO - Setting next_dagrun for tutorial_dag to None, run_after=None
[2024-11-04T14:46:01.000+0000] {processor.py:208} INFO - Processing /home/airflow/.local/lib/python3.12/site-packages/airflow/example_dags/tutorial_dag.py took 0.075 seconds
[2024-11-04T14:46:31.138+0000] {processor.py:186} INFO - Started process (PID=1201) to work on /home/airflow/.local/lib/python3.12/site-packages/airflow/example_dags/tutorial_dag.py
[2024-11-04T14:46:31.139+0000] {processor.py:914} INFO - Processing file /home/airflow/.local/lib/python3.12/site-packages/airflow/example_dags/tutorial_dag.py for tasks to queue
[2024-11-04T14:46:31.141+0000] {logging_mixin.py:190} INFO - [2024-11-04T14:46:31.141+0000] {dagbag.py:588} INFO - Filling up the DagBag from /home/airflow/.local/lib/python3.12/site-packages/airflow/example_dags/tutorial_dag.py
[2024-11-04T14:46:31.147+0000] {processor.py:925} INFO - DAG(s) 'tutorial_dag' retrieved from /home/airflow/.local/lib/python3.12/site-packages/airflow/example_dags/tutorial_dag.py
[2024-11-04T14:46:31.163+0000] {logging_mixin.py:190} INFO - [2024-11-04T14:46:31.163+0000] {dag.py:3239} INFO - Sync 1 DAGs
[2024-11-04T14:46:31.174+0000] {logging_mixin.py:190} INFO - [2024-11-04T14:46:31.174+0000] {dag.py:4180} INFO - Setting next_dagrun for tutorial_dag to None, run_after=None
[2024-11-04T14:46:31.192+0000] {processor.py:208} INFO - Processing /home/airflow/.local/lib/python3.12/site-packages/airflow/example_dags/tutorial_dag.py took 0.059 seconds
[2024-11-04T14:47:01.701+0000] {processor.py:186} INFO - Started process (PID=1490) to work on /home/airflow/.local/lib/python3.12/site-packages/airflow/example_dags/tutorial_dag.py
[2024-11-04T14:47:01.702+0000] {processor.py:914} INFO - Processing file /home/airflow/.local/lib/python3.12/site-packages/airflow/example_dags/tutorial_dag.py for tasks to queue
[2024-11-04T14:47:01.705+0000] {logging_mixin.py:190} INFO - [2024-11-04T14:47:01.704+0000] {dagbag.py:588} INFO - Filling up the DagBag from /home/airflow/.local/lib/python3.12/site-packages/airflow/example_dags/tutorial_dag.py
[2024-11-04T14:47:01.711+0000] {processor.py:925} INFO - DAG(s) 'tutorial_dag' retrieved from /home/airflow/.local/lib/python3.12/site-packages/airflow/example_dags/tutorial_dag.py
[2024-11-04T14:47:01.731+0000] {logging_mixin.py:190} INFO - [2024-11-04T14:47:01.731+0000] {dag.py:3239} INFO - Sync 1 DAGs
[2024-11-04T14:47:01.746+0000] {logging_mixin.py:190} INFO - [2024-11-04T14:47:01.746+0000] {dag.py:4180} INFO - Setting next_dagrun for tutorial_dag to None, run_after=None
[2024-11-04T14:47:01.767+0000] {processor.py:208} INFO - Processing /home/airflow/.local/lib/python3.12/site-packages/airflow/example_dags/tutorial_dag.py took 0.072 seconds
[2024-11-04T14:49:18.374+0000] {processor.py:186} INFO - Started process (PID=345) to work on /home/airflow/.local/lib/python3.12/site-packages/airflow/example_dags/tutorial_dag.py
[2024-11-04T14:49:18.376+0000] {processor.py:914} INFO - Processing file /home/airflow/.local/lib/python3.12/site-packages/airflow/example_dags/tutorial_dag.py for tasks to queue
[2024-11-04T14:49:18.380+0000] {logging_mixin.py:190} INFO - [2024-11-04T14:49:18.380+0000] {dagbag.py:588} INFO - Filling up the DagBag from /home/airflow/.local/lib/python3.12/site-packages/airflow/example_dags/tutorial_dag.py
[2024-11-04T14:49:18.394+0000] {processor.py:925} INFO - DAG(s) 'tutorial_dag' retrieved from /home/airflow/.local/lib/python3.12/site-packages/airflow/example_dags/tutorial_dag.py
[2024-11-04T14:49:18.566+0000] {logging_mixin.py:190} INFO - [2024-11-04T14:49:18.565+0000] {override.py:1900} INFO - Created Permission View: can edit on DAG:tutorial_dag
[2024-11-04T14:49:18.585+0000] {logging_mixin.py:190} INFO - [2024-11-04T14:49:18.584+0000] {override.py:1900} INFO - Created Permission View: can delete on DAG:tutorial_dag
[2024-11-04T14:49:18.599+0000] {logging_mixin.py:190} INFO - [2024-11-04T14:49:18.599+0000] {override.py:1900} INFO - Created Permission View: can read on DAG:tutorial_dag
[2024-11-04T14:49:18.616+0000] {logging_mixin.py:190} INFO - [2024-11-04T14:49:18.616+0000] {override.py:1900} INFO - Created Permission View: can create on DAG Run:tutorial_dag
[2024-11-04T14:49:18.629+0000] {logging_mixin.py:190} INFO - [2024-11-04T14:49:18.629+0000] {override.py:1900} INFO - Created Permission View: can read on DAG Run:tutorial_dag
[2024-11-04T14:49:18.643+0000] {logging_mixin.py:190} INFO - [2024-11-04T14:49:18.642+0000] {override.py:1900} INFO - Created Permission View: can delete on DAG Run:tutorial_dag
[2024-11-04T14:49:18.657+0000] {logging_mixin.py:190} INFO - [2024-11-04T14:49:18.657+0000] {override.py:1900} INFO - Created Permission View: menu access on DAG Run:tutorial_dag
[2024-11-04T14:49:18.658+0000] {logging_mixin.py:190} INFO - [2024-11-04T14:49:18.658+0000] {dag.py:3239} INFO - Sync 1 DAGs
[2024-11-04T14:49:18.679+0000] {logging_mixin.py:190} INFO - [2024-11-04T14:49:18.678+0000] {dag.py:3262} INFO - Creating ORM DAG for tutorial_dag
[2024-11-04T14:49:18.681+0000] {logging_mixin.py:190} INFO - [2024-11-04T14:49:18.680+0000] {dag.py:4180} INFO - Setting next_dagrun for tutorial_dag to None, run_after=None
[2024-11-04T14:49:18.712+0000] {processor.py:208} INFO - Processing /home/airflow/.local/lib/python3.12/site-packages/airflow/example_dags/tutorial_dag.py took 0.347 seconds
