[2024-11-05T16:24:31.198+0000] {processor.py:186} INFO - Started process (PID=1589) to work on /opt/airflow/dags/pysparksubmitoperator.py
[2024-11-05T16:24:31.200+0000] {processor.py:914} INFO - Processing file /opt/airflow/dags/pysparksubmitoperator.py for tasks to queue
[2024-11-05T16:24:31.203+0000] {logging_mixin.py:190} INFO - [2024-11-05T16:24:31.203+0000] {dagbag.py:588} INFO - Filling up the DagBag from /opt/airflow/dags/pysparksubmitoperator.py
[2024-11-05T16:24:31.278+0000] {logging_mixin.py:190} INFO - [2024-11-05T16:24:31.267+0000] {dagbag.py:387} ERROR - Failed to import: /opt/airflow/dags/pysparksubmitoperator.py
Traceback (most recent call last):
  File "/home/airflow/.local/lib/python3.12/site-packages/airflow/models/dagbag.py", line 383, in parse
    loader.exec_module(new_module)
  File "<frozen importlib._bootstrap_external>", line 995, in exec_module
  File "<frozen importlib._bootstrap>", line 488, in _call_with_frames_removed
  File "/opt/airflow/dags/pysparksubmitoperator.py", line 2, in <module>
    from airflow.providers.apache.spark.operators.spark_submit import SparkSubmitOperator
ModuleNotFoundError: No module named 'airflow.providers.apache'
[2024-11-05T16:24:31.283+0000] {processor.py:927} WARNING - No viable dags retrieved from /opt/airflow/dags/pysparksubmitoperator.py
[2024-11-05T16:24:31.319+0000] {processor.py:208} INFO - Processing /opt/airflow/dags/pysparksubmitoperator.py took 0.130 seconds
[2024-11-05T16:25:01.862+0000] {processor.py:186} INFO - Started process (PID=1605) to work on /opt/airflow/dags/pysparksubmitoperator.py
[2024-11-05T16:25:01.864+0000] {processor.py:914} INFO - Processing file /opt/airflow/dags/pysparksubmitoperator.py for tasks to queue
[2024-11-05T16:25:01.866+0000] {logging_mixin.py:190} INFO - [2024-11-05T16:25:01.866+0000] {dagbag.py:588} INFO - Filling up the DagBag from /opt/airflow/dags/pysparksubmitoperator.py
[2024-11-05T16:25:01.925+0000] {logging_mixin.py:190} INFO - [2024-11-05T16:25:01.912+0000] {dagbag.py:387} ERROR - Failed to import: /opt/airflow/dags/pysparksubmitoperator.py
Traceback (most recent call last):
  File "/home/airflow/.local/lib/python3.12/site-packages/airflow/models/dagbag.py", line 383, in parse
    loader.exec_module(new_module)
  File "<frozen importlib._bootstrap_external>", line 995, in exec_module
  File "<frozen importlib._bootstrap>", line 488, in _call_with_frames_removed
  File "/opt/airflow/dags/pysparksubmitoperator.py", line 2, in <module>
    from airflow.providers.apache.spark.operators.spark_submit import SparkSubmitOperator
ModuleNotFoundError: No module named 'airflow.providers.apache'
[2024-11-05T16:25:01.929+0000] {processor.py:927} WARNING - No viable dags retrieved from /opt/airflow/dags/pysparksubmitoperator.py
[2024-11-05T16:25:01.974+0000] {processor.py:208} INFO - Processing /opt/airflow/dags/pysparksubmitoperator.py took 0.117 seconds
[2024-11-05T16:25:32.506+0000] {processor.py:186} INFO - Started process (PID=1621) to work on /opt/airflow/dags/pysparksubmitoperator.py
[2024-11-05T16:25:32.508+0000] {processor.py:914} INFO - Processing file /opt/airflow/dags/pysparksubmitoperator.py for tasks to queue
[2024-11-05T16:25:32.512+0000] {logging_mixin.py:190} INFO - [2024-11-05T16:25:32.512+0000] {dagbag.py:588} INFO - Filling up the DagBag from /opt/airflow/dags/pysparksubmitoperator.py
[2024-11-05T16:25:32.564+0000] {logging_mixin.py:190} INFO - [2024-11-05T16:25:32.552+0000] {dagbag.py:387} ERROR - Failed to import: /opt/airflow/dags/pysparksubmitoperator.py
Traceback (most recent call last):
  File "/home/airflow/.local/lib/python3.12/site-packages/airflow/models/dagbag.py", line 383, in parse
    loader.exec_module(new_module)
  File "<frozen importlib._bootstrap_external>", line 995, in exec_module
  File "<frozen importlib._bootstrap>", line 488, in _call_with_frames_removed
  File "/opt/airflow/dags/pysparksubmitoperator.py", line 2, in <module>
    from airflow.providers.apache.spark.operators.spark_submit import SparkSubmitOperator
ModuleNotFoundError: No module named 'airflow.providers.apache'
[2024-11-05T16:25:32.568+0000] {processor.py:927} WARNING - No viable dags retrieved from /opt/airflow/dags/pysparksubmitoperator.py
[2024-11-05T16:25:32.593+0000] {processor.py:208} INFO - Processing /opt/airflow/dags/pysparksubmitoperator.py took 0.097 seconds
[2024-11-05T16:26:03.135+0000] {processor.py:186} INFO - Started process (PID=1637) to work on /opt/airflow/dags/pysparksubmitoperator.py
[2024-11-05T16:26:03.137+0000] {processor.py:914} INFO - Processing file /opt/airflow/dags/pysparksubmitoperator.py for tasks to queue
[2024-11-05T16:26:03.139+0000] {logging_mixin.py:190} INFO - [2024-11-05T16:26:03.139+0000] {dagbag.py:588} INFO - Filling up the DagBag from /opt/airflow/dags/pysparksubmitoperator.py
[2024-11-05T16:26:03.194+0000] {logging_mixin.py:190} INFO - [2024-11-05T16:26:03.185+0000] {dagbag.py:387} ERROR - Failed to import: /opt/airflow/dags/pysparksubmitoperator.py
Traceback (most recent call last):
  File "/home/airflow/.local/lib/python3.12/site-packages/airflow/models/dagbag.py", line 383, in parse
    loader.exec_module(new_module)
  File "<frozen importlib._bootstrap_external>", line 995, in exec_module
  File "<frozen importlib._bootstrap>", line 488, in _call_with_frames_removed
  File "/opt/airflow/dags/pysparksubmitoperator.py", line 2, in <module>
    from airflow.providers.apache.spark.operators.spark_submit import SparkSubmitOperator
ModuleNotFoundError: No module named 'airflow.providers.apache'
[2024-11-05T16:26:03.199+0000] {processor.py:927} WARNING - No viable dags retrieved from /opt/airflow/dags/pysparksubmitoperator.py
[2024-11-05T16:26:03.226+0000] {processor.py:208} INFO - Processing /opt/airflow/dags/pysparksubmitoperator.py took 0.097 seconds
[2024-11-05T16:26:33.862+0000] {processor.py:186} INFO - Started process (PID=1653) to work on /opt/airflow/dags/pysparksubmitoperator.py
[2024-11-05T16:26:33.864+0000] {processor.py:914} INFO - Processing file /opt/airflow/dags/pysparksubmitoperator.py for tasks to queue
[2024-11-05T16:26:33.869+0000] {logging_mixin.py:190} INFO - [2024-11-05T16:26:33.869+0000] {dagbag.py:588} INFO - Filling up the DagBag from /opt/airflow/dags/pysparksubmitoperator.py
[2024-11-05T16:26:33.909+0000] {logging_mixin.py:190} INFO - [2024-11-05T16:26:33.899+0000] {dagbag.py:387} ERROR - Failed to import: /opt/airflow/dags/pysparksubmitoperator.py
Traceback (most recent call last):
  File "/home/airflow/.local/lib/python3.12/site-packages/airflow/models/dagbag.py", line 383, in parse
    loader.exec_module(new_module)
  File "<frozen importlib._bootstrap_external>", line 995, in exec_module
  File "<frozen importlib._bootstrap>", line 488, in _call_with_frames_removed
  File "/opt/airflow/dags/pysparksubmitoperator.py", line 2, in <module>
    from airflow.providers.apache.spark.operators.spark_submit import SparkSubmitOperator
ModuleNotFoundError: No module named 'airflow.providers.apache'
[2024-11-05T16:26:33.914+0000] {processor.py:927} WARNING - No viable dags retrieved from /opt/airflow/dags/pysparksubmitoperator.py
[2024-11-05T16:26:33.948+0000] {processor.py:208} INFO - Processing /opt/airflow/dags/pysparksubmitoperator.py took 0.097 seconds
[2024-11-05T16:27:04.554+0000] {processor.py:186} INFO - Started process (PID=1669) to work on /opt/airflow/dags/pysparksubmitoperator.py
[2024-11-05T16:27:04.556+0000] {processor.py:914} INFO - Processing file /opt/airflow/dags/pysparksubmitoperator.py for tasks to queue
[2024-11-05T16:27:04.560+0000] {logging_mixin.py:190} INFO - [2024-11-05T16:27:04.559+0000] {dagbag.py:588} INFO - Filling up the DagBag from /opt/airflow/dags/pysparksubmitoperator.py
[2024-11-05T16:27:04.600+0000] {logging_mixin.py:190} INFO - [2024-11-05T16:27:04.595+0000] {dagbag.py:387} ERROR - Failed to import: /opt/airflow/dags/pysparksubmitoperator.py
Traceback (most recent call last):
  File "/home/airflow/.local/lib/python3.12/site-packages/airflow/models/dagbag.py", line 383, in parse
    loader.exec_module(new_module)
  File "<frozen importlib._bootstrap_external>", line 995, in exec_module
  File "<frozen importlib._bootstrap>", line 488, in _call_with_frames_removed
  File "/opt/airflow/dags/pysparksubmitoperator.py", line 2, in <module>
    from airflow.providers.apache.spark.operators.spark_submit import SparkSubmitOperator
ModuleNotFoundError: No module named 'airflow.providers.apache'
[2024-11-05T16:27:04.603+0000] {processor.py:927} WARNING - No viable dags retrieved from /opt/airflow/dags/pysparksubmitoperator.py
[2024-11-05T16:27:04.625+0000] {processor.py:208} INFO - Processing /opt/airflow/dags/pysparksubmitoperator.py took 0.081 seconds
[2024-11-05T16:27:35.155+0000] {processor.py:186} INFO - Started process (PID=1686) to work on /opt/airflow/dags/pysparksubmitoperator.py
[2024-11-05T16:27:35.156+0000] {processor.py:914} INFO - Processing file /opt/airflow/dags/pysparksubmitoperator.py for tasks to queue
[2024-11-05T16:27:35.161+0000] {logging_mixin.py:190} INFO - [2024-11-05T16:27:35.160+0000] {dagbag.py:588} INFO - Filling up the DagBag from /opt/airflow/dags/pysparksubmitoperator.py
[2024-11-05T16:27:35.224+0000] {logging_mixin.py:190} INFO - [2024-11-05T16:27:35.208+0000] {dagbag.py:387} ERROR - Failed to import: /opt/airflow/dags/pysparksubmitoperator.py
Traceback (most recent call last):
  File "/home/airflow/.local/lib/python3.12/site-packages/airflow/models/dagbag.py", line 383, in parse
    loader.exec_module(new_module)
  File "<frozen importlib._bootstrap_external>", line 995, in exec_module
  File "<frozen importlib._bootstrap>", line 488, in _call_with_frames_removed
  File "/opt/airflow/dags/pysparksubmitoperator.py", line 2, in <module>
    from airflow.providers.apache.spark.operators.spark_submit import SparkSubmitOperator
ModuleNotFoundError: No module named 'airflow.providers.apache'
[2024-11-05T16:27:35.229+0000] {processor.py:927} WARNING - No viable dags retrieved from /opt/airflow/dags/pysparksubmitoperator.py
[2024-11-05T16:27:35.253+0000] {processor.py:208} INFO - Processing /opt/airflow/dags/pysparksubmitoperator.py took 0.106 seconds
[2024-11-05T16:28:05.745+0000] {processor.py:186} INFO - Started process (PID=1702) to work on /opt/airflow/dags/pysparksubmitoperator.py
[2024-11-05T16:28:05.747+0000] {processor.py:914} INFO - Processing file /opt/airflow/dags/pysparksubmitoperator.py for tasks to queue
[2024-11-05T16:28:05.749+0000] {logging_mixin.py:190} INFO - [2024-11-05T16:28:05.749+0000] {dagbag.py:588} INFO - Filling up the DagBag from /opt/airflow/dags/pysparksubmitoperator.py
[2024-11-05T16:28:05.797+0000] {logging_mixin.py:190} INFO - [2024-11-05T16:28:05.788+0000] {dagbag.py:387} ERROR - Failed to import: /opt/airflow/dags/pysparksubmitoperator.py
Traceback (most recent call last):
  File "/home/airflow/.local/lib/python3.12/site-packages/airflow/models/dagbag.py", line 383, in parse
    loader.exec_module(new_module)
  File "<frozen importlib._bootstrap_external>", line 995, in exec_module
  File "<frozen importlib._bootstrap>", line 488, in _call_with_frames_removed
  File "/opt/airflow/dags/pysparksubmitoperator.py", line 2, in <module>
    from airflow.providers.apache.spark.operators.spark_submit import SparkSubmitOperator
ModuleNotFoundError: No module named 'airflow.providers.apache'
[2024-11-05T16:28:05.802+0000] {processor.py:927} WARNING - No viable dags retrieved from /opt/airflow/dags/pysparksubmitoperator.py
[2024-11-05T16:28:05.832+0000] {processor.py:208} INFO - Processing /opt/airflow/dags/pysparksubmitoperator.py took 0.094 seconds
[2024-11-05T16:28:36.338+0000] {processor.py:186} INFO - Started process (PID=1718) to work on /opt/airflow/dags/pysparksubmitoperator.py
[2024-11-05T16:28:36.340+0000] {processor.py:914} INFO - Processing file /opt/airflow/dags/pysparksubmitoperator.py for tasks to queue
[2024-11-05T16:28:36.343+0000] {logging_mixin.py:190} INFO - [2024-11-05T16:28:36.343+0000] {dagbag.py:588} INFO - Filling up the DagBag from /opt/airflow/dags/pysparksubmitoperator.py
[2024-11-05T16:28:36.398+0000] {logging_mixin.py:190} INFO - [2024-11-05T16:28:36.386+0000] {dagbag.py:387} ERROR - Failed to import: /opt/airflow/dags/pysparksubmitoperator.py
Traceback (most recent call last):
  File "/home/airflow/.local/lib/python3.12/site-packages/airflow/models/dagbag.py", line 383, in parse
    loader.exec_module(new_module)
  File "<frozen importlib._bootstrap_external>", line 995, in exec_module
  File "<frozen importlib._bootstrap>", line 488, in _call_with_frames_removed
  File "/opt/airflow/dags/pysparksubmitoperator.py", line 2, in <module>
    from airflow.providers.apache.spark.operators.spark_submit import SparkSubmitOperator
ModuleNotFoundError: No module named 'airflow.providers.apache'
[2024-11-05T16:28:36.403+0000] {processor.py:927} WARNING - No viable dags retrieved from /opt/airflow/dags/pysparksubmitoperator.py
[2024-11-05T16:28:36.430+0000] {processor.py:208} INFO - Processing /opt/airflow/dags/pysparksubmitoperator.py took 0.099 seconds
[2024-11-05T16:29:06.958+0000] {processor.py:186} INFO - Started process (PID=1734) to work on /opt/airflow/dags/pysparksubmitoperator.py
[2024-11-05T16:29:06.960+0000] {processor.py:914} INFO - Processing file /opt/airflow/dags/pysparksubmitoperator.py for tasks to queue
[2024-11-05T16:29:06.965+0000] {logging_mixin.py:190} INFO - [2024-11-05T16:29:06.964+0000] {dagbag.py:588} INFO - Filling up the DagBag from /opt/airflow/dags/pysparksubmitoperator.py
[2024-11-05T16:29:07.021+0000] {logging_mixin.py:190} INFO - [2024-11-05T16:29:07.009+0000] {dagbag.py:387} ERROR - Failed to import: /opt/airflow/dags/pysparksubmitoperator.py
Traceback (most recent call last):
  File "/home/airflow/.local/lib/python3.12/site-packages/airflow/models/dagbag.py", line 383, in parse
    loader.exec_module(new_module)
  File "<frozen importlib._bootstrap_external>", line 995, in exec_module
  File "<frozen importlib._bootstrap>", line 488, in _call_with_frames_removed
  File "/opt/airflow/dags/pysparksubmitoperator.py", line 2, in <module>
    from airflow.providers.apache.spark.operators.spark_submit import SparkSubmitOperator
ModuleNotFoundError: No module named 'airflow.providers.apache'
[2024-11-05T16:29:07.025+0000] {processor.py:927} WARNING - No viable dags retrieved from /opt/airflow/dags/pysparksubmitoperator.py
[2024-11-05T16:29:07.046+0000] {processor.py:208} INFO - Processing /opt/airflow/dags/pysparksubmitoperator.py took 0.100 seconds
[2024-11-05T16:29:37.751+0000] {processor.py:186} INFO - Started process (PID=1750) to work on /opt/airflow/dags/pysparksubmitoperator.py
[2024-11-05T16:29:37.752+0000] {processor.py:914} INFO - Processing file /opt/airflow/dags/pysparksubmitoperator.py for tasks to queue
[2024-11-05T16:29:37.755+0000] {logging_mixin.py:190} INFO - [2024-11-05T16:29:37.755+0000] {dagbag.py:588} INFO - Filling up the DagBag from /opt/airflow/dags/pysparksubmitoperator.py
[2024-11-05T16:29:37.799+0000] {logging_mixin.py:190} INFO - [2024-11-05T16:29:37.792+0000] {dagbag.py:387} ERROR - Failed to import: /opt/airflow/dags/pysparksubmitoperator.py
Traceback (most recent call last):
  File "/home/airflow/.local/lib/python3.12/site-packages/airflow/models/dagbag.py", line 383, in parse
    loader.exec_module(new_module)
  File "<frozen importlib._bootstrap_external>", line 995, in exec_module
  File "<frozen importlib._bootstrap>", line 488, in _call_with_frames_removed
  File "/opt/airflow/dags/pysparksubmitoperator.py", line 2, in <module>
    from airflow.providers.apache.spark.operators.spark_submit import SparkSubmitOperator
ModuleNotFoundError: No module named 'airflow.providers.apache'
[2024-11-05T16:29:37.803+0000] {processor.py:927} WARNING - No viable dags retrieved from /opt/airflow/dags/pysparksubmitoperator.py
[2024-11-05T16:29:37.832+0000] {processor.py:208} INFO - Processing /opt/airflow/dags/pysparksubmitoperator.py took 0.086 seconds
[2024-11-05T16:30:08.388+0000] {processor.py:186} INFO - Started process (PID=1766) to work on /opt/airflow/dags/pysparksubmitoperator.py
[2024-11-05T16:30:08.389+0000] {processor.py:914} INFO - Processing file /opt/airflow/dags/pysparksubmitoperator.py for tasks to queue
[2024-11-05T16:30:08.393+0000] {logging_mixin.py:190} INFO - [2024-11-05T16:30:08.393+0000] {dagbag.py:588} INFO - Filling up the DagBag from /opt/airflow/dags/pysparksubmitoperator.py
[2024-11-05T16:30:08.436+0000] {logging_mixin.py:190} INFO - [2024-11-05T16:30:08.430+0000] {dagbag.py:387} ERROR - Failed to import: /opt/airflow/dags/pysparksubmitoperator.py
Traceback (most recent call last):
  File "/home/airflow/.local/lib/python3.12/site-packages/airflow/models/dagbag.py", line 383, in parse
    loader.exec_module(new_module)
  File "<frozen importlib._bootstrap_external>", line 995, in exec_module
  File "<frozen importlib._bootstrap>", line 488, in _call_with_frames_removed
  File "/opt/airflow/dags/pysparksubmitoperator.py", line 2, in <module>
    from airflow.providers.apache.spark.operators.spark_submit import SparkSubmitOperator
ModuleNotFoundError: No module named 'airflow.providers.apache'
[2024-11-05T16:30:08.438+0000] {processor.py:927} WARNING - No viable dags retrieved from /opt/airflow/dags/pysparksubmitoperator.py
[2024-11-05T16:30:08.460+0000] {processor.py:208} INFO - Processing /opt/airflow/dags/pysparksubmitoperator.py took 0.083 seconds
[2024-11-05T16:30:39.012+0000] {processor.py:186} INFO - Started process (PID=1782) to work on /opt/airflow/dags/pysparksubmitoperator.py
[2024-11-05T16:30:39.014+0000] {processor.py:914} INFO - Processing file /opt/airflow/dags/pysparksubmitoperator.py for tasks to queue
[2024-11-05T16:30:39.018+0000] {logging_mixin.py:190} INFO - [2024-11-05T16:30:39.018+0000] {dagbag.py:588} INFO - Filling up the DagBag from /opt/airflow/dags/pysparksubmitoperator.py
[2024-11-05T16:30:39.075+0000] {logging_mixin.py:190} INFO - [2024-11-05T16:30:39.065+0000] {dagbag.py:387} ERROR - Failed to import: /opt/airflow/dags/pysparksubmitoperator.py
Traceback (most recent call last):
  File "/home/airflow/.local/lib/python3.12/site-packages/airflow/models/dagbag.py", line 383, in parse
    loader.exec_module(new_module)
  File "<frozen importlib._bootstrap_external>", line 995, in exec_module
  File "<frozen importlib._bootstrap>", line 488, in _call_with_frames_removed
  File "/opt/airflow/dags/pysparksubmitoperator.py", line 2, in <module>
    from airflow.providers.apache.spark.operators.spark_submit import SparkSubmitOperator
ModuleNotFoundError: No module named 'airflow.providers.apache'
[2024-11-05T16:30:39.080+0000] {processor.py:927} WARNING - No viable dags retrieved from /opt/airflow/dags/pysparksubmitoperator.py
[2024-11-05T16:30:39.108+0000] {processor.py:208} INFO - Processing /opt/airflow/dags/pysparksubmitoperator.py took 0.109 seconds
[2024-11-05T16:31:09.701+0000] {processor.py:186} INFO - Started process (PID=1798) to work on /opt/airflow/dags/pysparksubmitoperator.py
[2024-11-05T16:31:09.703+0000] {processor.py:914} INFO - Processing file /opt/airflow/dags/pysparksubmitoperator.py for tasks to queue
[2024-11-05T16:31:09.707+0000] {logging_mixin.py:190} INFO - [2024-11-05T16:31:09.706+0000] {dagbag.py:588} INFO - Filling up the DagBag from /opt/airflow/dags/pysparksubmitoperator.py
[2024-11-05T16:31:09.750+0000] {logging_mixin.py:190} INFO - [2024-11-05T16:31:09.740+0000] {dagbag.py:387} ERROR - Failed to import: /opt/airflow/dags/pysparksubmitoperator.py
Traceback (most recent call last):
  File "/home/airflow/.local/lib/python3.12/site-packages/airflow/models/dagbag.py", line 383, in parse
    loader.exec_module(new_module)
  File "<frozen importlib._bootstrap_external>", line 995, in exec_module
  File "<frozen importlib._bootstrap>", line 488, in _call_with_frames_removed
  File "/opt/airflow/dags/pysparksubmitoperator.py", line 2, in <module>
    from airflow.providers.apache.spark.operators.spark_submit import SparkSubmitOperator
ModuleNotFoundError: No module named 'airflow.providers.apache'
[2024-11-05T16:31:09.754+0000] {processor.py:927} WARNING - No viable dags retrieved from /opt/airflow/dags/pysparksubmitoperator.py
[2024-11-05T16:31:09.776+0000] {processor.py:208} INFO - Processing /opt/airflow/dags/pysparksubmitoperator.py took 0.085 seconds
[2024-11-05T16:31:40.334+0000] {processor.py:186} INFO - Started process (PID=1814) to work on /opt/airflow/dags/pysparksubmitoperator.py
[2024-11-05T16:31:40.336+0000] {processor.py:914} INFO - Processing file /opt/airflow/dags/pysparksubmitoperator.py for tasks to queue
[2024-11-05T16:31:40.339+0000] {logging_mixin.py:190} INFO - [2024-11-05T16:31:40.338+0000] {dagbag.py:588} INFO - Filling up the DagBag from /opt/airflow/dags/pysparksubmitoperator.py
[2024-11-05T16:31:40.401+0000] {logging_mixin.py:190} INFO - [2024-11-05T16:31:40.386+0000] {dagbag.py:387} ERROR - Failed to import: /opt/airflow/dags/pysparksubmitoperator.py
Traceback (most recent call last):
  File "/home/airflow/.local/lib/python3.12/site-packages/airflow/models/dagbag.py", line 383, in parse
    loader.exec_module(new_module)
  File "<frozen importlib._bootstrap_external>", line 995, in exec_module
  File "<frozen importlib._bootstrap>", line 488, in _call_with_frames_removed
  File "/opt/airflow/dags/pysparksubmitoperator.py", line 2, in <module>
    from airflow.providers.apache.spark.operators.spark_submit import SparkSubmitOperator
ModuleNotFoundError: No module named 'airflow.providers.apache'
[2024-11-05T16:31:40.408+0000] {processor.py:927} WARNING - No viable dags retrieved from /opt/airflow/dags/pysparksubmitoperator.py
[2024-11-05T16:31:40.439+0000] {processor.py:208} INFO - Processing /opt/airflow/dags/pysparksubmitoperator.py took 0.110 seconds
[2024-11-05T16:32:11.039+0000] {processor.py:186} INFO - Started process (PID=1830) to work on /opt/airflow/dags/pysparksubmitoperator.py
[2024-11-05T16:32:11.040+0000] {processor.py:914} INFO - Processing file /opt/airflow/dags/pysparksubmitoperator.py for tasks to queue
[2024-11-05T16:32:11.043+0000] {logging_mixin.py:190} INFO - [2024-11-05T16:32:11.043+0000] {dagbag.py:588} INFO - Filling up the DagBag from /opt/airflow/dags/pysparksubmitoperator.py
[2024-11-05T16:32:11.080+0000] {logging_mixin.py:190} INFO - [2024-11-05T16:32:11.073+0000] {dagbag.py:387} ERROR - Failed to import: /opt/airflow/dags/pysparksubmitoperator.py
Traceback (most recent call last):
  File "/home/airflow/.local/lib/python3.12/site-packages/airflow/models/dagbag.py", line 383, in parse
    loader.exec_module(new_module)
  File "<frozen importlib._bootstrap_external>", line 995, in exec_module
  File "<frozen importlib._bootstrap>", line 488, in _call_with_frames_removed
  File "/opt/airflow/dags/pysparksubmitoperator.py", line 2, in <module>
    from airflow.providers.apache.spark.operators.spark_submit import SparkSubmitOperator
ModuleNotFoundError: No module named 'airflow.providers.apache'
[2024-11-05T16:32:11.083+0000] {processor.py:927} WARNING - No viable dags retrieved from /opt/airflow/dags/pysparksubmitoperator.py
[2024-11-05T16:32:11.099+0000] {processor.py:208} INFO - Processing /opt/airflow/dags/pysparksubmitoperator.py took 0.067 seconds
[2024-11-05T16:32:41.615+0000] {processor.py:186} INFO - Started process (PID=1846) to work on /opt/airflow/dags/pysparksubmitoperator.py
[2024-11-05T16:32:41.617+0000] {processor.py:914} INFO - Processing file /opt/airflow/dags/pysparksubmitoperator.py for tasks to queue
[2024-11-05T16:32:41.620+0000] {logging_mixin.py:190} INFO - [2024-11-05T16:32:41.620+0000] {dagbag.py:588} INFO - Filling up the DagBag from /opt/airflow/dags/pysparksubmitoperator.py
[2024-11-05T16:32:41.684+0000] {logging_mixin.py:190} INFO - [2024-11-05T16:32:41.670+0000] {dagbag.py:387} ERROR - Failed to import: /opt/airflow/dags/pysparksubmitoperator.py
Traceback (most recent call last):
  File "/home/airflow/.local/lib/python3.12/site-packages/airflow/models/dagbag.py", line 383, in parse
    loader.exec_module(new_module)
  File "<frozen importlib._bootstrap_external>", line 995, in exec_module
  File "<frozen importlib._bootstrap>", line 488, in _call_with_frames_removed
  File "/opt/airflow/dags/pysparksubmitoperator.py", line 2, in <module>
    from airflow.providers.apache.spark.operators.spark_submit import SparkSubmitOperator
ModuleNotFoundError: No module named 'airflow.providers.apache'
[2024-11-05T16:32:41.690+0000] {processor.py:927} WARNING - No viable dags retrieved from /opt/airflow/dags/pysparksubmitoperator.py
[2024-11-05T16:32:41.722+0000] {processor.py:208} INFO - Processing /opt/airflow/dags/pysparksubmitoperator.py took 0.112 seconds
[2024-11-05T16:33:12.255+0000] {processor.py:186} INFO - Started process (PID=1862) to work on /opt/airflow/dags/pysparksubmitoperator.py
[2024-11-05T16:33:12.257+0000] {processor.py:914} INFO - Processing file /opt/airflow/dags/pysparksubmitoperator.py for tasks to queue
[2024-11-05T16:33:12.260+0000] {logging_mixin.py:190} INFO - [2024-11-05T16:33:12.260+0000] {dagbag.py:588} INFO - Filling up the DagBag from /opt/airflow/dags/pysparksubmitoperator.py
[2024-11-05T16:33:12.309+0000] {logging_mixin.py:190} INFO - [2024-11-05T16:33:12.302+0000] {dagbag.py:387} ERROR - Failed to import: /opt/airflow/dags/pysparksubmitoperator.py
Traceback (most recent call last):
  File "/home/airflow/.local/lib/python3.12/site-packages/airflow/models/dagbag.py", line 383, in parse
    loader.exec_module(new_module)
  File "<frozen importlib._bootstrap_external>", line 995, in exec_module
  File "<frozen importlib._bootstrap>", line 488, in _call_with_frames_removed
  File "/opt/airflow/dags/pysparksubmitoperator.py", line 2, in <module>
    from airflow.providers.apache.spark.operators.spark_submit import SparkSubmitOperator
ModuleNotFoundError: No module named 'airflow.providers.apache'
[2024-11-05T16:33:12.312+0000] {processor.py:927} WARNING - No viable dags retrieved from /opt/airflow/dags/pysparksubmitoperator.py
[2024-11-05T16:33:12.340+0000] {processor.py:208} INFO - Processing /opt/airflow/dags/pysparksubmitoperator.py took 0.094 seconds
[2024-11-05T16:33:42.868+0000] {processor.py:186} INFO - Started process (PID=1878) to work on /opt/airflow/dags/pysparksubmitoperator.py
[2024-11-05T16:33:42.870+0000] {processor.py:914} INFO - Processing file /opt/airflow/dags/pysparksubmitoperator.py for tasks to queue
[2024-11-05T16:33:42.873+0000] {logging_mixin.py:190} INFO - [2024-11-05T16:33:42.873+0000] {dagbag.py:588} INFO - Filling up the DagBag from /opt/airflow/dags/pysparksubmitoperator.py
[2024-11-05T16:33:42.932+0000] {logging_mixin.py:190} INFO - [2024-11-05T16:33:42.920+0000] {dagbag.py:387} ERROR - Failed to import: /opt/airflow/dags/pysparksubmitoperator.py
Traceback (most recent call last):
  File "/home/airflow/.local/lib/python3.12/site-packages/airflow/models/dagbag.py", line 383, in parse
    loader.exec_module(new_module)
  File "<frozen importlib._bootstrap_external>", line 995, in exec_module
  File "<frozen importlib._bootstrap>", line 488, in _call_with_frames_removed
  File "/opt/airflow/dags/pysparksubmitoperator.py", line 2, in <module>
    from airflow.providers.apache.spark.operators.spark_submit import SparkSubmitOperator
ModuleNotFoundError: No module named 'airflow.providers.apache'
[2024-11-05T16:33:42.936+0000] {processor.py:927} WARNING - No viable dags retrieved from /opt/airflow/dags/pysparksubmitoperator.py
[2024-11-05T16:33:42.964+0000] {processor.py:208} INFO - Processing /opt/airflow/dags/pysparksubmitoperator.py took 0.101 seconds
[2024-11-05T16:34:13.517+0000] {processor.py:186} INFO - Started process (PID=1893) to work on /opt/airflow/dags/pysparksubmitoperator.py
[2024-11-05T16:34:13.519+0000] {processor.py:914} INFO - Processing file /opt/airflow/dags/pysparksubmitoperator.py for tasks to queue
[2024-11-05T16:34:13.522+0000] {logging_mixin.py:190} INFO - [2024-11-05T16:34:13.522+0000] {dagbag.py:588} INFO - Filling up the DagBag from /opt/airflow/dags/pysparksubmitoperator.py
[2024-11-05T16:34:13.577+0000] {logging_mixin.py:190} INFO - [2024-11-05T16:34:13.566+0000] {dagbag.py:387} ERROR - Failed to import: /opt/airflow/dags/pysparksubmitoperator.py
Traceback (most recent call last):
  File "/home/airflow/.local/lib/python3.12/site-packages/airflow/models/dagbag.py", line 383, in parse
    loader.exec_module(new_module)
  File "<frozen importlib._bootstrap_external>", line 995, in exec_module
  File "<frozen importlib._bootstrap>", line 488, in _call_with_frames_removed
  File "/opt/airflow/dags/pysparksubmitoperator.py", line 2, in <module>
    from airflow.providers.apache.spark.operators.spark_submit import SparkSubmitOperator
ModuleNotFoundError: No module named 'airflow.providers.apache'
[2024-11-05T16:34:13.581+0000] {processor.py:927} WARNING - No viable dags retrieved from /opt/airflow/dags/pysparksubmitoperator.py
[2024-11-05T16:34:13.606+0000] {processor.py:208} INFO - Processing /opt/airflow/dags/pysparksubmitoperator.py took 0.094 seconds
[2024-11-05T16:34:44.261+0000] {processor.py:186} INFO - Started process (PID=1909) to work on /opt/airflow/dags/pysparksubmitoperator.py
[2024-11-05T16:34:44.263+0000] {processor.py:914} INFO - Processing file /opt/airflow/dags/pysparksubmitoperator.py for tasks to queue
[2024-11-05T16:34:44.266+0000] {logging_mixin.py:190} INFO - [2024-11-05T16:34:44.266+0000] {dagbag.py:588} INFO - Filling up the DagBag from /opt/airflow/dags/pysparksubmitoperator.py
[2024-11-05T16:34:44.337+0000] {logging_mixin.py:190} INFO - [2024-11-05T16:34:44.319+0000] {dagbag.py:387} ERROR - Failed to import: /opt/airflow/dags/pysparksubmitoperator.py
Traceback (most recent call last):
  File "/home/airflow/.local/lib/python3.12/site-packages/airflow/models/dagbag.py", line 383, in parse
    loader.exec_module(new_module)
  File "<frozen importlib._bootstrap_external>", line 995, in exec_module
  File "<frozen importlib._bootstrap>", line 488, in _call_with_frames_removed
  File "/opt/airflow/dags/pysparksubmitoperator.py", line 2, in <module>
    from airflow.providers.apache.spark.operators.spark_submit import SparkSubmitOperator
ModuleNotFoundError: No module named 'airflow.providers.apache'
[2024-11-05T16:34:44.344+0000] {processor.py:927} WARNING - No viable dags retrieved from /opt/airflow/dags/pysparksubmitoperator.py
[2024-11-05T16:34:44.389+0000] {processor.py:208} INFO - Processing /opt/airflow/dags/pysparksubmitoperator.py took 0.136 seconds
[2024-11-05T16:35:14.970+0000] {processor.py:186} INFO - Started process (PID=1989) to work on /opt/airflow/dags/pysparksubmitoperator.py
