[2024-11-08T09:24:46.299+0000] {processor.py:186} INFO - Started process (PID=173) to work on /opt/airflow/dags/pysparksubmitoperator.py
[2024-11-08T09:24:46.300+0000] {processor.py:914} INFO - Processing file /opt/airflow/dags/pysparksubmitoperator.py for tasks to queue
[2024-11-08T09:24:46.309+0000] {logging_mixin.py:190} INFO - [2024-11-08T09:24:46.307+0000] {dagbag.py:588} INFO - Filling up the DagBag from /opt/airflow/dags/pysparksubmitoperator.py
[2024-11-08T09:24:46.345+0000] {logging_mixin.py:190} INFO - [2024-11-08T09:24:46.336+0000] {dagbag.py:387} ERROR - Failed to import: /opt/airflow/dags/pysparksubmitoperator.py
Traceback (most recent call last):
  File "/home/airflow/.local/lib/python3.12/site-packages/airflow/models/dagbag.py", line 383, in parse
    loader.exec_module(new_module)
  File "<frozen importlib._bootstrap_external>", line 995, in exec_module
  File "<frozen importlib._bootstrap>", line 488, in _call_with_frames_removed
  File "/opt/airflow/dags/pysparksubmitoperator.py", line 2, in <module>
    from airflow.providers.apache.spark.operators.spark_submit import SparkSubmitOperator
ModuleNotFoundError: No module named 'airflow.providers.apache'
[2024-11-08T09:24:46.350+0000] {processor.py:927} WARNING - No viable dags retrieved from /opt/airflow/dags/pysparksubmitoperator.py
[2024-11-08T09:24:46.400+0000] {processor.py:208} INFO - Processing /opt/airflow/dags/pysparksubmitoperator.py took 0.113 seconds
[2024-11-08T09:25:16.749+0000] {processor.py:186} INFO - Started process (PID=186) to work on /opt/airflow/dags/pysparksubmitoperator.py
[2024-11-08T09:25:16.750+0000] {processor.py:914} INFO - Processing file /opt/airflow/dags/pysparksubmitoperator.py for tasks to queue
[2024-11-08T09:25:16.759+0000] {logging_mixin.py:190} INFO - [2024-11-08T09:25:16.758+0000] {dagbag.py:588} INFO - Filling up the DagBag from /opt/airflow/dags/pysparksubmitoperator.py
[2024-11-08T09:25:16.861+0000] {logging_mixin.py:190} INFO - [2024-11-08T09:25:16.823+0000] {dagbag.py:387} ERROR - Failed to import: /opt/airflow/dags/pysparksubmitoperator.py
Traceback (most recent call last):
  File "/home/airflow/.local/lib/python3.12/site-packages/airflow/models/dagbag.py", line 383, in parse
    loader.exec_module(new_module)
  File "<frozen importlib._bootstrap_external>", line 995, in exec_module
  File "<frozen importlib._bootstrap>", line 488, in _call_with_frames_removed
  File "/opt/airflow/dags/pysparksubmitoperator.py", line 2, in <module>
    from airflow.providers.apache.spark.operators.spark_submit import SparkSubmitOperator
ModuleNotFoundError: No module named 'airflow.providers.apache'
[2024-11-08T09:25:16.866+0000] {processor.py:927} WARNING - No viable dags retrieved from /opt/airflow/dags/pysparksubmitoperator.py
[2024-11-08T09:25:16.978+0000] {processor.py:208} INFO - Processing /opt/airflow/dags/pysparksubmitoperator.py took 0.240 seconds
[2024-11-08T09:25:47.446+0000] {processor.py:186} INFO - Started process (PID=202) to work on /opt/airflow/dags/pysparksubmitoperator.py
[2024-11-08T09:25:47.449+0000] {processor.py:914} INFO - Processing file /opt/airflow/dags/pysparksubmitoperator.py for tasks to queue
[2024-11-08T09:25:47.452+0000] {logging_mixin.py:190} INFO - [2024-11-08T09:25:47.451+0000] {dagbag.py:588} INFO - Filling up the DagBag from /opt/airflow/dags/pysparksubmitoperator.py
[2024-11-08T09:25:47.508+0000] {processor.py:927} WARNING - No viable dags retrieved from /opt/airflow/dags/pysparksubmitoperator.py
[2024-11-08T09:25:47.526+0000] {processor.py:208} INFO - Processing /opt/airflow/dags/pysparksubmitoperator.py took 0.088 seconds
[2024-11-08T09:26:17.940+0000] {processor.py:186} INFO - Started process (PID=218) to work on /opt/airflow/dags/pysparksubmitoperator.py
[2024-11-08T09:26:17.942+0000] {processor.py:914} INFO - Processing file /opt/airflow/dags/pysparksubmitoperator.py for tasks to queue
[2024-11-08T09:26:17.945+0000] {logging_mixin.py:190} INFO - [2024-11-08T09:26:17.944+0000] {dagbag.py:588} INFO - Filling up the DagBag from /opt/airflow/dags/pysparksubmitoperator.py
[2024-11-08T09:26:17.974+0000] {processor.py:927} WARNING - No viable dags retrieved from /opt/airflow/dags/pysparksubmitoperator.py
[2024-11-08T09:26:17.989+0000] {processor.py:208} INFO - Processing /opt/airflow/dags/pysparksubmitoperator.py took 0.056 seconds
[2024-11-08T09:26:48.379+0000] {processor.py:186} INFO - Started process (PID=234) to work on /opt/airflow/dags/pysparksubmitoperator.py
[2024-11-08T09:26:48.380+0000] {processor.py:914} INFO - Processing file /opt/airflow/dags/pysparksubmitoperator.py for tasks to queue
[2024-11-08T09:26:48.383+0000] {logging_mixin.py:190} INFO - [2024-11-08T09:26:48.383+0000] {dagbag.py:588} INFO - Filling up the DagBag from /opt/airflow/dags/pysparksubmitoperator.py
[2024-11-08T09:26:48.409+0000] {processor.py:927} WARNING - No viable dags retrieved from /opt/airflow/dags/pysparksubmitoperator.py
[2024-11-08T09:26:48.420+0000] {processor.py:208} INFO - Processing /opt/airflow/dags/pysparksubmitoperator.py took 0.046 seconds
[2024-11-08T09:27:18.785+0000] {processor.py:186} INFO - Started process (PID=250) to work on /opt/airflow/dags/pysparksubmitoperator.py
[2024-11-08T09:27:18.788+0000] {processor.py:914} INFO - Processing file /opt/airflow/dags/pysparksubmitoperator.py for tasks to queue
[2024-11-08T09:27:18.790+0000] {logging_mixin.py:190} INFO - [2024-11-08T09:27:18.790+0000] {dagbag.py:588} INFO - Filling up the DagBag from /opt/airflow/dags/pysparksubmitoperator.py
[2024-11-08T09:27:18.807+0000] {processor.py:927} WARNING - No viable dags retrieved from /opt/airflow/dags/pysparksubmitoperator.py
[2024-11-08T09:27:18.820+0000] {processor.py:208} INFO - Processing /opt/airflow/dags/pysparksubmitoperator.py took 0.040 seconds
[2024-11-08T09:27:49.222+0000] {processor.py:186} INFO - Started process (PID=266) to work on /opt/airflow/dags/pysparksubmitoperator.py
[2024-11-08T09:27:49.224+0000] {processor.py:914} INFO - Processing file /opt/airflow/dags/pysparksubmitoperator.py for tasks to queue
[2024-11-08T09:27:49.227+0000] {logging_mixin.py:190} INFO - [2024-11-08T09:27:49.227+0000] {dagbag.py:588} INFO - Filling up the DagBag from /opt/airflow/dags/pysparksubmitoperator.py
[2024-11-08T09:27:49.250+0000] {processor.py:927} WARNING - No viable dags retrieved from /opt/airflow/dags/pysparksubmitoperator.py
[2024-11-08T09:27:49.265+0000] {processor.py:208} INFO - Processing /opt/airflow/dags/pysparksubmitoperator.py took 0.048 seconds
[2024-11-08T09:28:19.639+0000] {processor.py:186} INFO - Started process (PID=282) to work on /opt/airflow/dags/pysparksubmitoperator.py
[2024-11-08T09:28:19.641+0000] {processor.py:914} INFO - Processing file /opt/airflow/dags/pysparksubmitoperator.py for tasks to queue
[2024-11-08T09:28:19.643+0000] {logging_mixin.py:190} INFO - [2024-11-08T09:28:19.643+0000] {dagbag.py:588} INFO - Filling up the DagBag from /opt/airflow/dags/pysparksubmitoperator.py
[2024-11-08T09:28:19.669+0000] {processor.py:927} WARNING - No viable dags retrieved from /opt/airflow/dags/pysparksubmitoperator.py
[2024-11-08T09:28:19.682+0000] {processor.py:208} INFO - Processing /opt/airflow/dags/pysparksubmitoperator.py took 0.048 seconds
[2024-11-08T09:28:50.097+0000] {processor.py:186} INFO - Started process (PID=298) to work on /opt/airflow/dags/pysparksubmitoperator.py
[2024-11-08T09:28:50.098+0000] {processor.py:914} INFO - Processing file /opt/airflow/dags/pysparksubmitoperator.py for tasks to queue
[2024-11-08T09:28:50.102+0000] {logging_mixin.py:190} INFO - [2024-11-08T09:28:50.101+0000] {dagbag.py:588} INFO - Filling up the DagBag from /opt/airflow/dags/pysparksubmitoperator.py
[2024-11-08T09:28:50.133+0000] {processor.py:927} WARNING - No viable dags retrieved from /opt/airflow/dags/pysparksubmitoperator.py
[2024-11-08T09:28:50.151+0000] {processor.py:208} INFO - Processing /opt/airflow/dags/pysparksubmitoperator.py took 0.060 seconds
[2024-11-08T09:29:20.554+0000] {processor.py:186} INFO - Started process (PID=313) to work on /opt/airflow/dags/pysparksubmitoperator.py
[2024-11-08T09:29:20.555+0000] {processor.py:914} INFO - Processing file /opt/airflow/dags/pysparksubmitoperator.py for tasks to queue
[2024-11-08T09:29:20.558+0000] {logging_mixin.py:190} INFO - [2024-11-08T09:29:20.558+0000] {dagbag.py:588} INFO - Filling up the DagBag from /opt/airflow/dags/pysparksubmitoperator.py
[2024-11-08T09:29:20.578+0000] {processor.py:927} WARNING - No viable dags retrieved from /opt/airflow/dags/pysparksubmitoperator.py
[2024-11-08T09:29:20.591+0000] {processor.py:208} INFO - Processing /opt/airflow/dags/pysparksubmitoperator.py took 0.042 seconds
[2024-11-08T09:29:50.980+0000] {processor.py:186} INFO - Started process (PID=329) to work on /opt/airflow/dags/pysparksubmitoperator.py
[2024-11-08T09:29:50.981+0000] {processor.py:914} INFO - Processing file /opt/airflow/dags/pysparksubmitoperator.py for tasks to queue
[2024-11-08T09:29:50.984+0000] {logging_mixin.py:190} INFO - [2024-11-08T09:29:50.984+0000] {dagbag.py:588} INFO - Filling up the DagBag from /opt/airflow/dags/pysparksubmitoperator.py
[2024-11-08T09:29:51.011+0000] {processor.py:927} WARNING - No viable dags retrieved from /opt/airflow/dags/pysparksubmitoperator.py
[2024-11-08T09:29:51.023+0000] {processor.py:208} INFO - Processing /opt/airflow/dags/pysparksubmitoperator.py took 0.049 seconds
[2024-11-08T09:30:21.427+0000] {processor.py:186} INFO - Started process (PID=345) to work on /opt/airflow/dags/pysparksubmitoperator.py
[2024-11-08T09:30:21.428+0000] {processor.py:914} INFO - Processing file /opt/airflow/dags/pysparksubmitoperator.py for tasks to queue
[2024-11-08T09:30:21.430+0000] {logging_mixin.py:190} INFO - [2024-11-08T09:30:21.430+0000] {dagbag.py:588} INFO - Filling up the DagBag from /opt/airflow/dags/pysparksubmitoperator.py
[2024-11-08T09:30:21.451+0000] {processor.py:927} WARNING - No viable dags retrieved from /opt/airflow/dags/pysparksubmitoperator.py
[2024-11-08T09:30:21.464+0000] {processor.py:208} INFO - Processing /opt/airflow/dags/pysparksubmitoperator.py took 0.042 seconds
[2024-11-08T09:30:51.778+0000] {processor.py:186} INFO - Started process (PID=388) to work on /opt/airflow/dags/pysparksubmitoperator.py
[2024-11-08T09:30:51.779+0000] {processor.py:914} INFO - Processing file /opt/airflow/dags/pysparksubmitoperator.py for tasks to queue
[2024-11-08T09:30:51.782+0000] {logging_mixin.py:190} INFO - [2024-11-08T09:30:51.782+0000] {dagbag.py:588} INFO - Filling up the DagBag from /opt/airflow/dags/pysparksubmitoperator.py
[2024-11-08T09:30:51.807+0000] {processor.py:927} WARNING - No viable dags retrieved from /opt/airflow/dags/pysparksubmitoperator.py
[2024-11-08T09:30:51.818+0000] {processor.py:208} INFO - Processing /opt/airflow/dags/pysparksubmitoperator.py took 0.048 seconds
[2024-11-08T09:31:22.219+0000] {processor.py:186} INFO - Started process (PID=404) to work on /opt/airflow/dags/pysparksubmitoperator.py
[2024-11-08T09:31:22.221+0000] {processor.py:914} INFO - Processing file /opt/airflow/dags/pysparksubmitoperator.py for tasks to queue
[2024-11-08T09:31:22.224+0000] {logging_mixin.py:190} INFO - [2024-11-08T09:31:22.223+0000] {dagbag.py:588} INFO - Filling up the DagBag from /opt/airflow/dags/pysparksubmitoperator.py
[2024-11-08T09:31:22.255+0000] {processor.py:927} WARNING - No viable dags retrieved from /opt/airflow/dags/pysparksubmitoperator.py
[2024-11-08T09:31:22.269+0000] {processor.py:208} INFO - Processing /opt/airflow/dags/pysparksubmitoperator.py took 0.055 seconds
[2024-11-08T09:31:52.676+0000] {processor.py:186} INFO - Started process (PID=420) to work on /opt/airflow/dags/pysparksubmitoperator.py
[2024-11-08T09:31:52.678+0000] {processor.py:914} INFO - Processing file /opt/airflow/dags/pysparksubmitoperator.py for tasks to queue
[2024-11-08T09:31:52.680+0000] {logging_mixin.py:190} INFO - [2024-11-08T09:31:52.680+0000] {dagbag.py:588} INFO - Filling up the DagBag from /opt/airflow/dags/pysparksubmitoperator.py
[2024-11-08T09:31:52.705+0000] {processor.py:927} WARNING - No viable dags retrieved from /opt/airflow/dags/pysparksubmitoperator.py
[2024-11-08T09:31:52.716+0000] {processor.py:208} INFO - Processing /opt/airflow/dags/pysparksubmitoperator.py took 0.045 seconds
[2024-11-08T09:32:23.082+0000] {processor.py:186} INFO - Started process (PID=436) to work on /opt/airflow/dags/pysparksubmitoperator.py
[2024-11-08T09:32:23.083+0000] {processor.py:914} INFO - Processing file /opt/airflow/dags/pysparksubmitoperator.py for tasks to queue
[2024-11-08T09:32:23.087+0000] {logging_mixin.py:190} INFO - [2024-11-08T09:32:23.086+0000] {dagbag.py:588} INFO - Filling up the DagBag from /opt/airflow/dags/pysparksubmitoperator.py
[2024-11-08T09:32:23.115+0000] {processor.py:927} WARNING - No viable dags retrieved from /opt/airflow/dags/pysparksubmitoperator.py
[2024-11-08T09:32:23.126+0000] {processor.py:208} INFO - Processing /opt/airflow/dags/pysparksubmitoperator.py took 0.052 seconds
[2024-11-08T09:32:53.536+0000] {processor.py:186} INFO - Started process (PID=452) to work on /opt/airflow/dags/pysparksubmitoperator.py
[2024-11-08T09:32:53.537+0000] {processor.py:914} INFO - Processing file /opt/airflow/dags/pysparksubmitoperator.py for tasks to queue
[2024-11-08T09:32:53.540+0000] {logging_mixin.py:190} INFO - [2024-11-08T09:32:53.540+0000] {dagbag.py:588} INFO - Filling up the DagBag from /opt/airflow/dags/pysparksubmitoperator.py
[2024-11-08T09:32:53.562+0000] {processor.py:927} WARNING - No viable dags retrieved from /opt/airflow/dags/pysparksubmitoperator.py
[2024-11-08T09:32:53.574+0000] {processor.py:208} INFO - Processing /opt/airflow/dags/pysparksubmitoperator.py took 0.044 seconds
[2024-11-08T09:33:23.951+0000] {processor.py:186} INFO - Started process (PID=468) to work on /opt/airflow/dags/pysparksubmitoperator.py
[2024-11-08T09:33:23.952+0000] {processor.py:914} INFO - Processing file /opt/airflow/dags/pysparksubmitoperator.py for tasks to queue
[2024-11-08T09:33:23.955+0000] {logging_mixin.py:190} INFO - [2024-11-08T09:33:23.955+0000] {dagbag.py:588} INFO - Filling up the DagBag from /opt/airflow/dags/pysparksubmitoperator.py
[2024-11-08T09:33:23.976+0000] {processor.py:927} WARNING - No viable dags retrieved from /opt/airflow/dags/pysparksubmitoperator.py
[2024-11-08T09:33:23.988+0000] {processor.py:208} INFO - Processing /opt/airflow/dags/pysparksubmitoperator.py took 0.042 seconds
[2024-11-08T09:33:54.416+0000] {processor.py:186} INFO - Started process (PID=484) to work on /opt/airflow/dags/pysparksubmitoperator.py
[2024-11-08T09:33:54.417+0000] {processor.py:914} INFO - Processing file /opt/airflow/dags/pysparksubmitoperator.py for tasks to queue
[2024-11-08T09:33:54.419+0000] {logging_mixin.py:190} INFO - [2024-11-08T09:33:54.419+0000] {dagbag.py:588} INFO - Filling up the DagBag from /opt/airflow/dags/pysparksubmitoperator.py
[2024-11-08T09:33:54.439+0000] {processor.py:927} WARNING - No viable dags retrieved from /opt/airflow/dags/pysparksubmitoperator.py
[2024-11-08T09:33:54.451+0000] {processor.py:208} INFO - Processing /opt/airflow/dags/pysparksubmitoperator.py took 0.041 seconds
[2024-11-08T09:34:24.878+0000] {processor.py:186} INFO - Started process (PID=500) to work on /opt/airflow/dags/pysparksubmitoperator.py
[2024-11-08T09:34:24.879+0000] {processor.py:914} INFO - Processing file /opt/airflow/dags/pysparksubmitoperator.py for tasks to queue
[2024-11-08T09:34:24.882+0000] {logging_mixin.py:190} INFO - [2024-11-08T09:34:24.881+0000] {dagbag.py:588} INFO - Filling up the DagBag from /opt/airflow/dags/pysparksubmitoperator.py
[2024-11-08T09:34:24.908+0000] {processor.py:927} WARNING - No viable dags retrieved from /opt/airflow/dags/pysparksubmitoperator.py
[2024-11-08T09:34:24.920+0000] {processor.py:208} INFO - Processing /opt/airflow/dags/pysparksubmitoperator.py took 0.049 seconds
[2024-11-08T09:34:55.393+0000] {processor.py:186} INFO - Started process (PID=516) to work on /opt/airflow/dags/pysparksubmitoperator.py
[2024-11-08T09:34:55.394+0000] {processor.py:914} INFO - Processing file /opt/airflow/dags/pysparksubmitoperator.py for tasks to queue
[2024-11-08T09:34:55.397+0000] {logging_mixin.py:190} INFO - [2024-11-08T09:34:55.397+0000] {dagbag.py:588} INFO - Filling up the DagBag from /opt/airflow/dags/pysparksubmitoperator.py
[2024-11-08T09:34:55.423+0000] {processor.py:927} WARNING - No viable dags retrieved from /opt/airflow/dags/pysparksubmitoperator.py
[2024-11-08T09:34:55.434+0000] {processor.py:208} INFO - Processing /opt/airflow/dags/pysparksubmitoperator.py took 0.047 seconds
[2024-11-08T09:35:26.127+0000] {processor.py:186} INFO - Started process (PID=532) to work on /opt/airflow/dags/pysparksubmitoperator.py
[2024-11-08T09:35:26.129+0000] {processor.py:914} INFO - Processing file /opt/airflow/dags/pysparksubmitoperator.py for tasks to queue
[2024-11-08T09:35:26.133+0000] {logging_mixin.py:190} INFO - [2024-11-08T09:35:26.132+0000] {dagbag.py:588} INFO - Filling up the DagBag from /opt/airflow/dags/pysparksubmitoperator.py
[2024-11-08T09:35:26.157+0000] {processor.py:927} WARNING - No viable dags retrieved from /opt/airflow/dags/pysparksubmitoperator.py
[2024-11-08T09:35:26.184+0000] {processor.py:208} INFO - Processing /opt/airflow/dags/pysparksubmitoperator.py took 0.065 seconds
[2024-11-08T09:35:56.642+0000] {processor.py:186} INFO - Started process (PID=548) to work on /opt/airflow/dags/pysparksubmitoperator.py
[2024-11-08T09:35:56.643+0000] {processor.py:914} INFO - Processing file /opt/airflow/dags/pysparksubmitoperator.py for tasks to queue
[2024-11-08T09:35:56.647+0000] {logging_mixin.py:190} INFO - [2024-11-08T09:35:56.646+0000] {dagbag.py:588} INFO - Filling up the DagBag from /opt/airflow/dags/pysparksubmitoperator.py
[2024-11-08T09:35:56.670+0000] {processor.py:927} WARNING - No viable dags retrieved from /opt/airflow/dags/pysparksubmitoperator.py
[2024-11-08T09:35:56.688+0000] {processor.py:208} INFO - Processing /opt/airflow/dags/pysparksubmitoperator.py took 0.054 seconds
[2024-11-08T09:36:27.141+0000] {processor.py:186} INFO - Started process (PID=564) to work on /opt/airflow/dags/pysparksubmitoperator.py
[2024-11-08T09:36:27.143+0000] {processor.py:914} INFO - Processing file /opt/airflow/dags/pysparksubmitoperator.py for tasks to queue
[2024-11-08T09:36:27.148+0000] {logging_mixin.py:190} INFO - [2024-11-08T09:36:27.147+0000] {dagbag.py:588} INFO - Filling up the DagBag from /opt/airflow/dags/pysparksubmitoperator.py
[2024-11-08T09:36:27.179+0000] {processor.py:927} WARNING - No viable dags retrieved from /opt/airflow/dags/pysparksubmitoperator.py
[2024-11-08T09:36:27.201+0000] {processor.py:208} INFO - Processing /opt/airflow/dags/pysparksubmitoperator.py took 0.067 seconds
[2024-11-08T09:36:57.635+0000] {processor.py:186} INFO - Started process (PID=580) to work on /opt/airflow/dags/pysparksubmitoperator.py
[2024-11-08T09:36:57.637+0000] {processor.py:914} INFO - Processing file /opt/airflow/dags/pysparksubmitoperator.py for tasks to queue
[2024-11-08T09:36:57.641+0000] {logging_mixin.py:190} INFO - [2024-11-08T09:36:57.640+0000] {dagbag.py:588} INFO - Filling up the DagBag from /opt/airflow/dags/pysparksubmitoperator.py
[2024-11-08T09:36:57.668+0000] {processor.py:927} WARNING - No viable dags retrieved from /opt/airflow/dags/pysparksubmitoperator.py
[2024-11-08T09:36:57.681+0000] {processor.py:208} INFO - Processing /opt/airflow/dags/pysparksubmitoperator.py took 0.051 seconds
[2024-11-08T09:37:28.064+0000] {processor.py:186} INFO - Started process (PID=596) to work on /opt/airflow/dags/pysparksubmitoperator.py
[2024-11-08T09:37:28.066+0000] {processor.py:914} INFO - Processing file /opt/airflow/dags/pysparksubmitoperator.py for tasks to queue
[2024-11-08T09:37:28.069+0000] {logging_mixin.py:190} INFO - [2024-11-08T09:37:28.068+0000] {dagbag.py:588} INFO - Filling up the DagBag from /opt/airflow/dags/pysparksubmitoperator.py
[2024-11-08T09:37:28.090+0000] {processor.py:927} WARNING - No viable dags retrieved from /opt/airflow/dags/pysparksubmitoperator.py
[2024-11-08T09:37:28.110+0000] {processor.py:208} INFO - Processing /opt/airflow/dags/pysparksubmitoperator.py took 0.053 seconds
[2024-11-08T09:37:58.484+0000] {processor.py:186} INFO - Started process (PID=612) to work on /opt/airflow/dags/pysparksubmitoperator.py
[2024-11-08T09:37:58.486+0000] {processor.py:914} INFO - Processing file /opt/airflow/dags/pysparksubmitoperator.py for tasks to queue
[2024-11-08T09:37:58.488+0000] {logging_mixin.py:190} INFO - [2024-11-08T09:37:58.488+0000] {dagbag.py:588} INFO - Filling up the DagBag from /opt/airflow/dags/pysparksubmitoperator.py
[2024-11-08T09:37:58.522+0000] {processor.py:927} WARNING - No viable dags retrieved from /opt/airflow/dags/pysparksubmitoperator.py
[2024-11-08T09:37:58.539+0000] {processor.py:208} INFO - Processing /opt/airflow/dags/pysparksubmitoperator.py took 0.060 seconds
[2024-11-08T09:38:28.949+0000] {processor.py:186} INFO - Started process (PID=628) to work on /opt/airflow/dags/pysparksubmitoperator.py
[2024-11-08T09:38:28.951+0000] {processor.py:914} INFO - Processing file /opt/airflow/dags/pysparksubmitoperator.py for tasks to queue
[2024-11-08T09:38:28.954+0000] {logging_mixin.py:190} INFO - [2024-11-08T09:38:28.953+0000] {dagbag.py:588} INFO - Filling up the DagBag from /opt/airflow/dags/pysparksubmitoperator.py
[2024-11-08T09:38:28.975+0000] {processor.py:927} WARNING - No viable dags retrieved from /opt/airflow/dags/pysparksubmitoperator.py
[2024-11-08T09:38:28.988+0000] {processor.py:208} INFO - Processing /opt/airflow/dags/pysparksubmitoperator.py took 0.044 seconds
[2024-11-08T09:38:59.394+0000] {processor.py:186} INFO - Started process (PID=644) to work on /opt/airflow/dags/pysparksubmitoperator.py
[2024-11-08T09:38:59.395+0000] {processor.py:914} INFO - Processing file /opt/airflow/dags/pysparksubmitoperator.py for tasks to queue
[2024-11-08T09:38:59.398+0000] {logging_mixin.py:190} INFO - [2024-11-08T09:38:59.398+0000] {dagbag.py:588} INFO - Filling up the DagBag from /opt/airflow/dags/pysparksubmitoperator.py
[2024-11-08T09:38:59.427+0000] {processor.py:927} WARNING - No viable dags retrieved from /opt/airflow/dags/pysparksubmitoperator.py
[2024-11-08T09:38:59.441+0000] {processor.py:208} INFO - Processing /opt/airflow/dags/pysparksubmitoperator.py took 0.053 seconds
[2024-11-08T09:39:29.836+0000] {processor.py:186} INFO - Started process (PID=660) to work on /opt/airflow/dags/pysparksubmitoperator.py
[2024-11-08T09:39:29.838+0000] {processor.py:914} INFO - Processing file /opt/airflow/dags/pysparksubmitoperator.py for tasks to queue
[2024-11-08T09:39:29.840+0000] {logging_mixin.py:190} INFO - [2024-11-08T09:39:29.840+0000] {dagbag.py:588} INFO - Filling up the DagBag from /opt/airflow/dags/pysparksubmitoperator.py
[2024-11-08T09:39:29.863+0000] {processor.py:927} WARNING - No viable dags retrieved from /opt/airflow/dags/pysparksubmitoperator.py
[2024-11-08T09:39:29.875+0000] {processor.py:208} INFO - Processing /opt/airflow/dags/pysparksubmitoperator.py took 0.043 seconds
[2024-11-08T09:40:00.317+0000] {processor.py:186} INFO - Started process (PID=676) to work on /opt/airflow/dags/pysparksubmitoperator.py
[2024-11-08T09:40:00.319+0000] {processor.py:914} INFO - Processing file /opt/airflow/dags/pysparksubmitoperator.py for tasks to queue
[2024-11-08T09:40:00.321+0000] {logging_mixin.py:190} INFO - [2024-11-08T09:40:00.321+0000] {dagbag.py:588} INFO - Filling up the DagBag from /opt/airflow/dags/pysparksubmitoperator.py
[2024-11-08T09:40:00.347+0000] {processor.py:927} WARNING - No viable dags retrieved from /opt/airflow/dags/pysparksubmitoperator.py
[2024-11-08T09:40:00.358+0000] {processor.py:208} INFO - Processing /opt/airflow/dags/pysparksubmitoperator.py took 0.046 seconds
[2024-11-08T09:40:30.780+0000] {processor.py:186} INFO - Started process (PID=692) to work on /opt/airflow/dags/pysparksubmitoperator.py
[2024-11-08T09:40:30.781+0000] {processor.py:914} INFO - Processing file /opt/airflow/dags/pysparksubmitoperator.py for tasks to queue
[2024-11-08T09:40:30.784+0000] {logging_mixin.py:190} INFO - [2024-11-08T09:40:30.784+0000] {dagbag.py:588} INFO - Filling up the DagBag from /opt/airflow/dags/pysparksubmitoperator.py
[2024-11-08T09:40:30.809+0000] {processor.py:927} WARNING - No viable dags retrieved from /opt/airflow/dags/pysparksubmitoperator.py
[2024-11-08T09:40:30.820+0000] {processor.py:208} INFO - Processing /opt/airflow/dags/pysparksubmitoperator.py took 0.044 seconds
[2024-11-08T09:41:01.242+0000] {processor.py:186} INFO - Started process (PID=708) to work on /opt/airflow/dags/pysparksubmitoperator.py
[2024-11-08T09:41:01.244+0000] {processor.py:914} INFO - Processing file /opt/airflow/dags/pysparksubmitoperator.py for tasks to queue
[2024-11-08T09:41:01.246+0000] {logging_mixin.py:190} INFO - [2024-11-08T09:41:01.246+0000] {dagbag.py:588} INFO - Filling up the DagBag from /opt/airflow/dags/pysparksubmitoperator.py
[2024-11-08T09:41:01.273+0000] {processor.py:927} WARNING - No viable dags retrieved from /opt/airflow/dags/pysparksubmitoperator.py
[2024-11-08T09:41:01.286+0000] {processor.py:208} INFO - Processing /opt/airflow/dags/pysparksubmitoperator.py took 0.049 seconds
[2024-11-08T09:41:31.719+0000] {processor.py:186} INFO - Started process (PID=724) to work on /opt/airflow/dags/pysparksubmitoperator.py
[2024-11-08T09:41:31.720+0000] {processor.py:914} INFO - Processing file /opt/airflow/dags/pysparksubmitoperator.py for tasks to queue
[2024-11-08T09:41:31.723+0000] {logging_mixin.py:190} INFO - [2024-11-08T09:41:31.722+0000] {dagbag.py:588} INFO - Filling up the DagBag from /opt/airflow/dags/pysparksubmitoperator.py
[2024-11-08T09:41:31.745+0000] {processor.py:927} WARNING - No viable dags retrieved from /opt/airflow/dags/pysparksubmitoperator.py
[2024-11-08T09:41:31.759+0000] {processor.py:208} INFO - Processing /opt/airflow/dags/pysparksubmitoperator.py took 0.047 seconds
[2024-11-08T09:42:02.178+0000] {processor.py:186} INFO - Started process (PID=740) to work on /opt/airflow/dags/pysparksubmitoperator.py
[2024-11-08T09:42:02.179+0000] {processor.py:914} INFO - Processing file /opt/airflow/dags/pysparksubmitoperator.py for tasks to queue
[2024-11-08T09:42:02.181+0000] {logging_mixin.py:190} INFO - [2024-11-08T09:42:02.181+0000] {dagbag.py:588} INFO - Filling up the DagBag from /opt/airflow/dags/pysparksubmitoperator.py
[2024-11-08T09:42:02.209+0000] {processor.py:927} WARNING - No viable dags retrieved from /opt/airflow/dags/pysparksubmitoperator.py
[2024-11-08T09:42:02.220+0000] {processor.py:208} INFO - Processing /opt/airflow/dags/pysparksubmitoperator.py took 0.048 seconds
[2024-11-08T09:42:32.626+0000] {processor.py:186} INFO - Started process (PID=756) to work on /opt/airflow/dags/pysparksubmitoperator.py
[2024-11-08T09:42:32.627+0000] {processor.py:914} INFO - Processing file /opt/airflow/dags/pysparksubmitoperator.py for tasks to queue
[2024-11-08T09:42:32.630+0000] {logging_mixin.py:190} INFO - [2024-11-08T09:42:32.629+0000] {dagbag.py:588} INFO - Filling up the DagBag from /opt/airflow/dags/pysparksubmitoperator.py
[2024-11-08T09:42:32.647+0000] {processor.py:927} WARNING - No viable dags retrieved from /opt/airflow/dags/pysparksubmitoperator.py
[2024-11-08T09:42:32.658+0000] {processor.py:208} INFO - Processing /opt/airflow/dags/pysparksubmitoperator.py took 0.038 seconds
[2024-11-08T09:43:03.067+0000] {processor.py:186} INFO - Started process (PID=772) to work on /opt/airflow/dags/pysparksubmitoperator.py
[2024-11-08T09:43:03.069+0000] {processor.py:914} INFO - Processing file /opt/airflow/dags/pysparksubmitoperator.py for tasks to queue
[2024-11-08T09:43:03.072+0000] {logging_mixin.py:190} INFO - [2024-11-08T09:43:03.072+0000] {dagbag.py:588} INFO - Filling up the DagBag from /opt/airflow/dags/pysparksubmitoperator.py
[2024-11-08T09:43:03.096+0000] {processor.py:927} WARNING - No viable dags retrieved from /opt/airflow/dags/pysparksubmitoperator.py
[2024-11-08T09:43:03.109+0000] {processor.py:208} INFO - Processing /opt/airflow/dags/pysparksubmitoperator.py took 0.047 seconds
[2024-11-08T09:43:33.511+0000] {processor.py:186} INFO - Started process (PID=787) to work on /opt/airflow/dags/pysparksubmitoperator.py
[2024-11-08T09:43:33.512+0000] {processor.py:914} INFO - Processing file /opt/airflow/dags/pysparksubmitoperator.py for tasks to queue
[2024-11-08T09:43:33.515+0000] {logging_mixin.py:190} INFO - [2024-11-08T09:43:33.515+0000] {dagbag.py:588} INFO - Filling up the DagBag from /opt/airflow/dags/pysparksubmitoperator.py
[2024-11-08T09:43:33.534+0000] {processor.py:927} WARNING - No viable dags retrieved from /opt/airflow/dags/pysparksubmitoperator.py
[2024-11-08T09:43:33.551+0000] {processor.py:208} INFO - Processing /opt/airflow/dags/pysparksubmitoperator.py took 0.046 seconds
[2024-11-08T09:44:03.971+0000] {processor.py:186} INFO - Started process (PID=809) to work on /opt/airflow/dags/pysparksubmitoperator.py
[2024-11-08T09:44:03.973+0000] {processor.py:914} INFO - Processing file /opt/airflow/dags/pysparksubmitoperator.py for tasks to queue
[2024-11-08T09:44:03.978+0000] {logging_mixin.py:190} INFO - [2024-11-08T09:44:03.977+0000] {dagbag.py:588} INFO - Filling up the DagBag from /opt/airflow/dags/pysparksubmitoperator.py
[2024-11-08T09:44:04.002+0000] {processor.py:927} WARNING - No viable dags retrieved from /opt/airflow/dags/pysparksubmitoperator.py
[2024-11-08T09:44:04.017+0000] {processor.py:208} INFO - Processing /opt/airflow/dags/pysparksubmitoperator.py took 0.054 seconds
[2024-11-08T09:44:34.436+0000] {processor.py:186} INFO - Started process (PID=825) to work on /opt/airflow/dags/pysparksubmitoperator.py
[2024-11-08T09:44:34.437+0000] {processor.py:914} INFO - Processing file /opt/airflow/dags/pysparksubmitoperator.py for tasks to queue
[2024-11-08T09:44:34.440+0000] {logging_mixin.py:190} INFO - [2024-11-08T09:44:34.439+0000] {dagbag.py:588} INFO - Filling up the DagBag from /opt/airflow/dags/pysparksubmitoperator.py
[2024-11-08T09:44:34.466+0000] {processor.py:927} WARNING - No viable dags retrieved from /opt/airflow/dags/pysparksubmitoperator.py
[2024-11-08T09:44:34.479+0000] {processor.py:208} INFO - Processing /opt/airflow/dags/pysparksubmitoperator.py took 0.048 seconds
[2024-11-08T09:45:04.947+0000] {processor.py:186} INFO - Started process (PID=841) to work on /opt/airflow/dags/pysparksubmitoperator.py
[2024-11-08T09:45:04.948+0000] {processor.py:914} INFO - Processing file /opt/airflow/dags/pysparksubmitoperator.py for tasks to queue
[2024-11-08T09:45:04.951+0000] {logging_mixin.py:190} INFO - [2024-11-08T09:45:04.951+0000] {dagbag.py:588} INFO - Filling up the DagBag from /opt/airflow/dags/pysparksubmitoperator.py
[2024-11-08T09:45:04.973+0000] {processor.py:927} WARNING - No viable dags retrieved from /opt/airflow/dags/pysparksubmitoperator.py
[2024-11-08T09:45:04.985+0000] {processor.py:208} INFO - Processing /opt/airflow/dags/pysparksubmitoperator.py took 0.043 seconds
[2024-11-08T09:45:35.395+0000] {processor.py:186} INFO - Started process (PID=857) to work on /opt/airflow/dags/pysparksubmitoperator.py
[2024-11-08T09:45:35.397+0000] {processor.py:914} INFO - Processing file /opt/airflow/dags/pysparksubmitoperator.py for tasks to queue
[2024-11-08T09:45:35.400+0000] {logging_mixin.py:190} INFO - [2024-11-08T09:45:35.399+0000] {dagbag.py:588} INFO - Filling up the DagBag from /opt/airflow/dags/pysparksubmitoperator.py
[2024-11-08T09:45:35.424+0000] {processor.py:927} WARNING - No viable dags retrieved from /opt/airflow/dags/pysparksubmitoperator.py
[2024-11-08T09:45:35.436+0000] {processor.py:208} INFO - Processing /opt/airflow/dags/pysparksubmitoperator.py took 0.047 seconds
[2024-11-08T09:46:05.896+0000] {processor.py:186} INFO - Started process (PID=873) to work on /opt/airflow/dags/pysparksubmitoperator.py
[2024-11-08T09:46:05.897+0000] {processor.py:914} INFO - Processing file /opt/airflow/dags/pysparksubmitoperator.py for tasks to queue
[2024-11-08T09:46:05.901+0000] {logging_mixin.py:190} INFO - [2024-11-08T09:46:05.900+0000] {dagbag.py:588} INFO - Filling up the DagBag from /opt/airflow/dags/pysparksubmitoperator.py
[2024-11-08T09:46:05.935+0000] {processor.py:927} WARNING - No viable dags retrieved from /opt/airflow/dags/pysparksubmitoperator.py
[2024-11-08T09:46:05.949+0000] {processor.py:208} INFO - Processing /opt/airflow/dags/pysparksubmitoperator.py took 0.060 seconds
[2024-11-08T09:46:36.373+0000] {processor.py:186} INFO - Started process (PID=889) to work on /opt/airflow/dags/pysparksubmitoperator.py
[2024-11-08T09:46:36.374+0000] {processor.py:914} INFO - Processing file /opt/airflow/dags/pysparksubmitoperator.py for tasks to queue
[2024-11-08T09:46:36.377+0000] {logging_mixin.py:190} INFO - [2024-11-08T09:46:36.377+0000] {dagbag.py:588} INFO - Filling up the DagBag from /opt/airflow/dags/pysparksubmitoperator.py
[2024-11-08T09:46:36.399+0000] {processor.py:927} WARNING - No viable dags retrieved from /opt/airflow/dags/pysparksubmitoperator.py
[2024-11-08T09:46:36.412+0000] {processor.py:208} INFO - Processing /opt/airflow/dags/pysparksubmitoperator.py took 0.045 seconds
[2024-11-08T09:47:06.831+0000] {processor.py:186} INFO - Started process (PID=905) to work on /opt/airflow/dags/pysparksubmitoperator.py
[2024-11-08T09:47:06.833+0000] {processor.py:914} INFO - Processing file /opt/airflow/dags/pysparksubmitoperator.py for tasks to queue
[2024-11-08T09:47:06.836+0000] {logging_mixin.py:190} INFO - [2024-11-08T09:47:06.836+0000] {dagbag.py:588} INFO - Filling up the DagBag from /opt/airflow/dags/pysparksubmitoperator.py
[2024-11-08T09:47:06.860+0000] {processor.py:927} WARNING - No viable dags retrieved from /opt/airflow/dags/pysparksubmitoperator.py
[2024-11-08T09:47:06.873+0000] {processor.py:208} INFO - Processing /opt/airflow/dags/pysparksubmitoperator.py took 0.046 seconds
[2024-11-08T09:47:37.243+0000] {processor.py:186} INFO - Started process (PID=921) to work on /opt/airflow/dags/pysparksubmitoperator.py
[2024-11-08T09:47:37.245+0000] {processor.py:914} INFO - Processing file /opt/airflow/dags/pysparksubmitoperator.py for tasks to queue
[2024-11-08T09:47:37.247+0000] {logging_mixin.py:190} INFO - [2024-11-08T09:47:37.247+0000] {dagbag.py:588} INFO - Filling up the DagBag from /opt/airflow/dags/pysparksubmitoperator.py
[2024-11-08T09:47:37.266+0000] {processor.py:927} WARNING - No viable dags retrieved from /opt/airflow/dags/pysparksubmitoperator.py
[2024-11-08T09:47:37.278+0000] {processor.py:208} INFO - Processing /opt/airflow/dags/pysparksubmitoperator.py took 0.040 seconds
[2024-11-08T09:48:07.694+0000] {processor.py:186} INFO - Started process (PID=937) to work on /opt/airflow/dags/pysparksubmitoperator.py
[2024-11-08T09:48:07.695+0000] {processor.py:914} INFO - Processing file /opt/airflow/dags/pysparksubmitoperator.py for tasks to queue
[2024-11-08T09:48:07.698+0000] {logging_mixin.py:190} INFO - [2024-11-08T09:48:07.697+0000] {dagbag.py:588} INFO - Filling up the DagBag from /opt/airflow/dags/pysparksubmitoperator.py
[2024-11-08T09:48:07.721+0000] {processor.py:927} WARNING - No viable dags retrieved from /opt/airflow/dags/pysparksubmitoperator.py
[2024-11-08T09:48:07.733+0000] {processor.py:208} INFO - Processing /opt/airflow/dags/pysparksubmitoperator.py took 0.046 seconds
[2024-11-08T09:48:38.096+0000] {processor.py:186} INFO - Started process (PID=953) to work on /opt/airflow/dags/pysparksubmitoperator.py
[2024-11-08T09:48:38.097+0000] {processor.py:914} INFO - Processing file /opt/airflow/dags/pysparksubmitoperator.py for tasks to queue
[2024-11-08T09:48:38.100+0000] {logging_mixin.py:190} INFO - [2024-11-08T09:48:38.099+0000] {dagbag.py:588} INFO - Filling up the DagBag from /opt/airflow/dags/pysparksubmitoperator.py
[2024-11-08T09:48:38.119+0000] {processor.py:927} WARNING - No viable dags retrieved from /opt/airflow/dags/pysparksubmitoperator.py
[2024-11-08T09:48:38.130+0000] {processor.py:208} INFO - Processing /opt/airflow/dags/pysparksubmitoperator.py took 0.039 seconds
[2024-11-08T09:49:08.563+0000] {processor.py:186} INFO - Started process (PID=969) to work on /opt/airflow/dags/pysparksubmitoperator.py
[2024-11-08T09:49:08.564+0000] {processor.py:914} INFO - Processing file /opt/airflow/dags/pysparksubmitoperator.py for tasks to queue
[2024-11-08T09:49:08.567+0000] {logging_mixin.py:190} INFO - [2024-11-08T09:49:08.567+0000] {dagbag.py:588} INFO - Filling up the DagBag from /opt/airflow/dags/pysparksubmitoperator.py
[2024-11-08T09:49:08.595+0000] {processor.py:927} WARNING - No viable dags retrieved from /opt/airflow/dags/pysparksubmitoperator.py
[2024-11-08T09:49:08.607+0000] {processor.py:208} INFO - Processing /opt/airflow/dags/pysparksubmitoperator.py took 0.050 seconds
[2024-11-08T09:49:39.035+0000] {processor.py:186} INFO - Started process (PID=985) to work on /opt/airflow/dags/pysparksubmitoperator.py
[2024-11-08T09:49:39.036+0000] {processor.py:914} INFO - Processing file /opt/airflow/dags/pysparksubmitoperator.py for tasks to queue
[2024-11-08T09:49:39.039+0000] {logging_mixin.py:190} INFO - [2024-11-08T09:49:39.039+0000] {dagbag.py:588} INFO - Filling up the DagBag from /opt/airflow/dags/pysparksubmitoperator.py
[2024-11-08T09:49:39.066+0000] {processor.py:927} WARNING - No viable dags retrieved from /opt/airflow/dags/pysparksubmitoperator.py
[2024-11-08T09:49:39.078+0000] {processor.py:208} INFO - Processing /opt/airflow/dags/pysparksubmitoperator.py took 0.048 seconds
[2024-11-08T09:50:09.598+0000] {processor.py:186} INFO - Started process (PID=1001) to work on /opt/airflow/dags/pysparksubmitoperator.py
[2024-11-08T09:50:09.599+0000] {processor.py:914} INFO - Processing file /opt/airflow/dags/pysparksubmitoperator.py for tasks to queue
[2024-11-08T09:50:09.602+0000] {logging_mixin.py:190} INFO - [2024-11-08T09:50:09.602+0000] {dagbag.py:588} INFO - Filling up the DagBag from /opt/airflow/dags/pysparksubmitoperator.py
[2024-11-08T09:50:09.619+0000] {processor.py:927} WARNING - No viable dags retrieved from /opt/airflow/dags/pysparksubmitoperator.py
[2024-11-08T09:50:09.630+0000] {processor.py:208} INFO - Processing /opt/airflow/dags/pysparksubmitoperator.py took 0.037 seconds
[2024-11-08T09:50:40.062+0000] {processor.py:186} INFO - Started process (PID=1017) to work on /opt/airflow/dags/pysparksubmitoperator.py
[2024-11-08T09:50:40.063+0000] {processor.py:914} INFO - Processing file /opt/airflow/dags/pysparksubmitoperator.py for tasks to queue
[2024-11-08T09:50:40.067+0000] {logging_mixin.py:190} INFO - [2024-11-08T09:50:40.067+0000] {dagbag.py:588} INFO - Filling up the DagBag from /opt/airflow/dags/pysparksubmitoperator.py
[2024-11-08T09:50:40.092+0000] {processor.py:927} WARNING - No viable dags retrieved from /opt/airflow/dags/pysparksubmitoperator.py
[2024-11-08T09:50:40.116+0000] {processor.py:208} INFO - Processing /opt/airflow/dags/pysparksubmitoperator.py took 0.062 seconds
[2024-11-08T09:51:10.544+0000] {processor.py:186} INFO - Started process (PID=1033) to work on /opt/airflow/dags/pysparksubmitoperator.py
[2024-11-08T09:51:10.546+0000] {processor.py:914} INFO - Processing file /opt/airflow/dags/pysparksubmitoperator.py for tasks to queue
[2024-11-08T09:51:10.553+0000] {logging_mixin.py:190} INFO - [2024-11-08T09:51:10.551+0000] {dagbag.py:588} INFO - Filling up the DagBag from /opt/airflow/dags/pysparksubmitoperator.py
[2024-11-08T09:51:10.575+0000] {processor.py:927} WARNING - No viable dags retrieved from /opt/airflow/dags/pysparksubmitoperator.py
[2024-11-08T09:51:10.595+0000] {processor.py:208} INFO - Processing /opt/airflow/dags/pysparksubmitoperator.py took 0.059 seconds
[2024-11-08T09:51:41.018+0000] {processor.py:186} INFO - Started process (PID=1049) to work on /opt/airflow/dags/pysparksubmitoperator.py
[2024-11-08T09:51:41.019+0000] {processor.py:914} INFO - Processing file /opt/airflow/dags/pysparksubmitoperator.py for tasks to queue
[2024-11-08T09:51:41.022+0000] {logging_mixin.py:190} INFO - [2024-11-08T09:51:41.022+0000] {dagbag.py:588} INFO - Filling up the DagBag from /opt/airflow/dags/pysparksubmitoperator.py
[2024-11-08T09:51:41.046+0000] {processor.py:927} WARNING - No viable dags retrieved from /opt/airflow/dags/pysparksubmitoperator.py
[2024-11-08T09:51:41.061+0000] {processor.py:208} INFO - Processing /opt/airflow/dags/pysparksubmitoperator.py took 0.049 seconds
[2024-11-08T09:52:11.492+0000] {processor.py:186} INFO - Started process (PID=1065) to work on /opt/airflow/dags/pysparksubmitoperator.py
[2024-11-08T09:52:11.494+0000] {processor.py:914} INFO - Processing file /opt/airflow/dags/pysparksubmitoperator.py for tasks to queue
[2024-11-08T09:52:11.499+0000] {logging_mixin.py:190} INFO - [2024-11-08T09:52:11.498+0000] {dagbag.py:588} INFO - Filling up the DagBag from /opt/airflow/dags/pysparksubmitoperator.py
[2024-11-08T09:52:11.524+0000] {processor.py:927} WARNING - No viable dags retrieved from /opt/airflow/dags/pysparksubmitoperator.py
[2024-11-08T09:52:11.543+0000] {processor.py:208} INFO - Processing /opt/airflow/dags/pysparksubmitoperator.py took 0.058 seconds
[2024-11-08T09:52:41.955+0000] {processor.py:186} INFO - Started process (PID=1081) to work on /opt/airflow/dags/pysparksubmitoperator.py
[2024-11-08T09:52:41.956+0000] {processor.py:914} INFO - Processing file /opt/airflow/dags/pysparksubmitoperator.py for tasks to queue
[2024-11-08T09:52:41.958+0000] {logging_mixin.py:190} INFO - [2024-11-08T09:52:41.958+0000] {dagbag.py:588} INFO - Filling up the DagBag from /opt/airflow/dags/pysparksubmitoperator.py
[2024-11-08T09:52:41.981+0000] {processor.py:927} WARNING - No viable dags retrieved from /opt/airflow/dags/pysparksubmitoperator.py
[2024-11-08T09:52:41.994+0000] {processor.py:208} INFO - Processing /opt/airflow/dags/pysparksubmitoperator.py took 0.046 seconds
[2024-11-08T09:53:12.115+0000] {processor.py:186} INFO - Started process (PID=1097) to work on /opt/airflow/dags/pysparksubmitoperator.py
[2024-11-08T09:53:12.116+0000] {processor.py:914} INFO - Processing file /opt/airflow/dags/pysparksubmitoperator.py for tasks to queue
[2024-11-08T09:53:12.119+0000] {logging_mixin.py:190} INFO - [2024-11-08T09:53:12.119+0000] {dagbag.py:588} INFO - Filling up the DagBag from /opt/airflow/dags/pysparksubmitoperator.py
[2024-11-08T09:53:12.157+0000] {processor.py:927} WARNING - No viable dags retrieved from /opt/airflow/dags/pysparksubmitoperator.py
[2024-11-08T09:53:12.170+0000] {processor.py:208} INFO - Processing /opt/airflow/dags/pysparksubmitoperator.py took 0.062 seconds
[2024-11-08T09:53:42.539+0000] {processor.py:186} INFO - Started process (PID=1113) to work on /opt/airflow/dags/pysparksubmitoperator.py
[2024-11-08T09:53:42.540+0000] {processor.py:914} INFO - Processing file /opt/airflow/dags/pysparksubmitoperator.py for tasks to queue
[2024-11-08T09:53:42.543+0000] {logging_mixin.py:190} INFO - [2024-11-08T09:53:42.542+0000] {dagbag.py:588} INFO - Filling up the DagBag from /opt/airflow/dags/pysparksubmitoperator.py
[2024-11-08T09:53:42.568+0000] {processor.py:927} WARNING - No viable dags retrieved from /opt/airflow/dags/pysparksubmitoperator.py
[2024-11-08T09:53:42.583+0000] {processor.py:208} INFO - Processing /opt/airflow/dags/pysparksubmitoperator.py took 0.049 seconds
[2024-11-08T09:54:13.038+0000] {processor.py:186} INFO - Started process (PID=1128) to work on /opt/airflow/dags/pysparksubmitoperator.py
[2024-11-08T09:54:13.039+0000] {processor.py:914} INFO - Processing file /opt/airflow/dags/pysparksubmitoperator.py for tasks to queue
[2024-11-08T09:54:13.043+0000] {logging_mixin.py:190} INFO - [2024-11-08T09:54:13.043+0000] {dagbag.py:588} INFO - Filling up the DagBag from /opt/airflow/dags/pysparksubmitoperator.py
[2024-11-08T09:54:13.068+0000] {processor.py:927} WARNING - No viable dags retrieved from /opt/airflow/dags/pysparksubmitoperator.py
[2024-11-08T09:54:13.084+0000] {processor.py:208} INFO - Processing /opt/airflow/dags/pysparksubmitoperator.py took 0.054 seconds
[2024-11-08T09:54:43.510+0000] {processor.py:186} INFO - Started process (PID=1144) to work on /opt/airflow/dags/pysparksubmitoperator.py
[2024-11-08T09:54:43.511+0000] {processor.py:914} INFO - Processing file /opt/airflow/dags/pysparksubmitoperator.py for tasks to queue
[2024-11-08T09:54:43.515+0000] {logging_mixin.py:190} INFO - [2024-11-08T09:54:43.514+0000] {dagbag.py:588} INFO - Filling up the DagBag from /opt/airflow/dags/pysparksubmitoperator.py
[2024-11-08T09:54:43.537+0000] {processor.py:927} WARNING - No viable dags retrieved from /opt/airflow/dags/pysparksubmitoperator.py
[2024-11-08T09:54:43.551+0000] {processor.py:208} INFO - Processing /opt/airflow/dags/pysparksubmitoperator.py took 0.048 seconds
[2024-11-08T09:55:13.946+0000] {processor.py:186} INFO - Started process (PID=1160) to work on /opt/airflow/dags/pysparksubmitoperator.py
[2024-11-08T09:55:13.947+0000] {processor.py:914} INFO - Processing file /opt/airflow/dags/pysparksubmitoperator.py for tasks to queue
[2024-11-08T09:55:13.951+0000] {logging_mixin.py:190} INFO - [2024-11-08T09:55:13.950+0000] {dagbag.py:588} INFO - Filling up the DagBag from /opt/airflow/dags/pysparksubmitoperator.py
[2024-11-08T09:55:13.970+0000] {processor.py:927} WARNING - No viable dags retrieved from /opt/airflow/dags/pysparksubmitoperator.py
[2024-11-08T09:55:13.984+0000] {processor.py:208} INFO - Processing /opt/airflow/dags/pysparksubmitoperator.py took 0.044 seconds
[2024-11-08T09:55:44.371+0000] {processor.py:186} INFO - Started process (PID=1176) to work on /opt/airflow/dags/pysparksubmitoperator.py
[2024-11-08T09:55:44.373+0000] {processor.py:914} INFO - Processing file /opt/airflow/dags/pysparksubmitoperator.py for tasks to queue
[2024-11-08T09:55:44.376+0000] {logging_mixin.py:190} INFO - [2024-11-08T09:55:44.376+0000] {dagbag.py:588} INFO - Filling up the DagBag from /opt/airflow/dags/pysparksubmitoperator.py
[2024-11-08T09:55:44.405+0000] {processor.py:927} WARNING - No viable dags retrieved from /opt/airflow/dags/pysparksubmitoperator.py
[2024-11-08T09:55:44.420+0000] {processor.py:208} INFO - Processing /opt/airflow/dags/pysparksubmitoperator.py took 0.055 seconds
[2024-11-08T09:56:14.842+0000] {processor.py:186} INFO - Started process (PID=1192) to work on /opt/airflow/dags/pysparksubmitoperator.py
[2024-11-08T09:56:14.843+0000] {processor.py:914} INFO - Processing file /opt/airflow/dags/pysparksubmitoperator.py for tasks to queue
[2024-11-08T09:56:14.845+0000] {logging_mixin.py:190} INFO - [2024-11-08T09:56:14.845+0000] {dagbag.py:588} INFO - Filling up the DagBag from /opt/airflow/dags/pysparksubmitoperator.py
[2024-11-08T09:56:14.869+0000] {processor.py:927} WARNING - No viable dags retrieved from /opt/airflow/dags/pysparksubmitoperator.py
[2024-11-08T09:56:14.883+0000] {processor.py:208} INFO - Processing /opt/airflow/dags/pysparksubmitoperator.py took 0.048 seconds
[2024-11-08T09:56:45.327+0000] {processor.py:186} INFO - Started process (PID=1208) to work on /opt/airflow/dags/pysparksubmitoperator.py
[2024-11-08T09:56:45.329+0000] {processor.py:914} INFO - Processing file /opt/airflow/dags/pysparksubmitoperator.py for tasks to queue
[2024-11-08T09:56:45.332+0000] {logging_mixin.py:190} INFO - [2024-11-08T09:56:45.331+0000] {dagbag.py:588} INFO - Filling up the DagBag from /opt/airflow/dags/pysparksubmitoperator.py
[2024-11-08T09:56:45.358+0000] {processor.py:927} WARNING - No viable dags retrieved from /opt/airflow/dags/pysparksubmitoperator.py
[2024-11-08T09:56:45.370+0000] {processor.py:208} INFO - Processing /opt/airflow/dags/pysparksubmitoperator.py took 0.048 seconds
[2024-11-08T09:57:15.776+0000] {processor.py:186} INFO - Started process (PID=1224) to work on /opt/airflow/dags/pysparksubmitoperator.py
[2024-11-08T09:57:15.777+0000] {processor.py:914} INFO - Processing file /opt/airflow/dags/pysparksubmitoperator.py for tasks to queue
[2024-11-08T09:57:15.780+0000] {logging_mixin.py:190} INFO - [2024-11-08T09:57:15.780+0000] {dagbag.py:588} INFO - Filling up the DagBag from /opt/airflow/dags/pysparksubmitoperator.py
[2024-11-08T09:57:15.808+0000] {processor.py:927} WARNING - No viable dags retrieved from /opt/airflow/dags/pysparksubmitoperator.py
[2024-11-08T09:57:15.823+0000] {processor.py:208} INFO - Processing /opt/airflow/dags/pysparksubmitoperator.py took 0.052 seconds
[2024-11-08T09:57:46.281+0000] {processor.py:186} INFO - Started process (PID=1240) to work on /opt/airflow/dags/pysparksubmitoperator.py
[2024-11-08T09:57:46.282+0000] {processor.py:914} INFO - Processing file /opt/airflow/dags/pysparksubmitoperator.py for tasks to queue
[2024-11-08T09:57:46.284+0000] {logging_mixin.py:190} INFO - [2024-11-08T09:57:46.284+0000] {dagbag.py:588} INFO - Filling up the DagBag from /opt/airflow/dags/pysparksubmitoperator.py
[2024-11-08T09:57:46.305+0000] {processor.py:927} WARNING - No viable dags retrieved from /opt/airflow/dags/pysparksubmitoperator.py
[2024-11-08T09:57:46.318+0000] {processor.py:208} INFO - Processing /opt/airflow/dags/pysparksubmitoperator.py took 0.042 seconds
[2024-11-08T09:58:16.771+0000] {processor.py:186} INFO - Started process (PID=1256) to work on /opt/airflow/dags/pysparksubmitoperator.py
[2024-11-08T09:58:16.773+0000] {processor.py:914} INFO - Processing file /opt/airflow/dags/pysparksubmitoperator.py for tasks to queue
[2024-11-08T09:58:16.777+0000] {logging_mixin.py:190} INFO - [2024-11-08T09:58:16.776+0000] {dagbag.py:588} INFO - Filling up the DagBag from /opt/airflow/dags/pysparksubmitoperator.py
[2024-11-08T09:58:16.797+0000] {processor.py:927} WARNING - No viable dags retrieved from /opt/airflow/dags/pysparksubmitoperator.py
[2024-11-08T09:58:16.813+0000] {processor.py:208} INFO - Processing /opt/airflow/dags/pysparksubmitoperator.py took 0.047 seconds
[2024-11-08T09:58:47.302+0000] {processor.py:186} INFO - Started process (PID=1272) to work on /opt/airflow/dags/pysparksubmitoperator.py
[2024-11-08T09:58:47.303+0000] {processor.py:914} INFO - Processing file /opt/airflow/dags/pysparksubmitoperator.py for tasks to queue
[2024-11-08T09:58:47.306+0000] {logging_mixin.py:190} INFO - [2024-11-08T09:58:47.306+0000] {dagbag.py:588} INFO - Filling up the DagBag from /opt/airflow/dags/pysparksubmitoperator.py
[2024-11-08T09:58:47.331+0000] {processor.py:927} WARNING - No viable dags retrieved from /opt/airflow/dags/pysparksubmitoperator.py
[2024-11-08T09:58:47.344+0000] {processor.py:208} INFO - Processing /opt/airflow/dags/pysparksubmitoperator.py took 0.048 seconds
[2024-11-08T09:59:17.765+0000] {processor.py:186} INFO - Started process (PID=1288) to work on /opt/airflow/dags/pysparksubmitoperator.py
[2024-11-08T09:59:17.767+0000] {processor.py:914} INFO - Processing file /opt/airflow/dags/pysparksubmitoperator.py for tasks to queue
[2024-11-08T09:59:17.769+0000] {logging_mixin.py:190} INFO - [2024-11-08T09:59:17.769+0000] {dagbag.py:588} INFO - Filling up the DagBag from /opt/airflow/dags/pysparksubmitoperator.py
[2024-11-08T09:59:17.793+0000] {processor.py:927} WARNING - No viable dags retrieved from /opt/airflow/dags/pysparksubmitoperator.py
[2024-11-08T09:59:17.804+0000] {processor.py:208} INFO - Processing /opt/airflow/dags/pysparksubmitoperator.py took 0.044 seconds
[2024-11-08T09:59:48.287+0000] {processor.py:186} INFO - Started process (PID=1304) to work on /opt/airflow/dags/pysparksubmitoperator.py
[2024-11-08T09:59:48.289+0000] {processor.py:914} INFO - Processing file /opt/airflow/dags/pysparksubmitoperator.py for tasks to queue
[2024-11-08T09:59:48.292+0000] {logging_mixin.py:190} INFO - [2024-11-08T09:59:48.292+0000] {dagbag.py:588} INFO - Filling up the DagBag from /opt/airflow/dags/pysparksubmitoperator.py
[2024-11-08T09:59:48.318+0000] {processor.py:927} WARNING - No viable dags retrieved from /opt/airflow/dags/pysparksubmitoperator.py
[2024-11-08T09:59:48.339+0000] {processor.py:208} INFO - Processing /opt/airflow/dags/pysparksubmitoperator.py took 0.058 seconds
[2024-11-08T10:00:18.803+0000] {processor.py:186} INFO - Started process (PID=1320) to work on /opt/airflow/dags/pysparksubmitoperator.py
[2024-11-08T10:00:18.804+0000] {processor.py:914} INFO - Processing file /opt/airflow/dags/pysparksubmitoperator.py for tasks to queue
[2024-11-08T10:00:18.807+0000] {logging_mixin.py:190} INFO - [2024-11-08T10:00:18.807+0000] {dagbag.py:588} INFO - Filling up the DagBag from /opt/airflow/dags/pysparksubmitoperator.py
[2024-11-08T10:00:18.843+0000] {processor.py:927} WARNING - No viable dags retrieved from /opt/airflow/dags/pysparksubmitoperator.py
[2024-11-08T10:00:18.859+0000] {processor.py:208} INFO - Processing /opt/airflow/dags/pysparksubmitoperator.py took 0.062 seconds
[2024-11-08T10:00:49.288+0000] {processor.py:186} INFO - Started process (PID=1336) to work on /opt/airflow/dags/pysparksubmitoperator.py
[2024-11-08T10:00:49.289+0000] {processor.py:914} INFO - Processing file /opt/airflow/dags/pysparksubmitoperator.py for tasks to queue
[2024-11-08T10:00:49.292+0000] {logging_mixin.py:190} INFO - [2024-11-08T10:00:49.292+0000] {dagbag.py:588} INFO - Filling up the DagBag from /opt/airflow/dags/pysparksubmitoperator.py
[2024-11-08T10:00:49.319+0000] {processor.py:927} WARNING - No viable dags retrieved from /opt/airflow/dags/pysparksubmitoperator.py
[2024-11-08T10:00:49.336+0000] {processor.py:208} INFO - Processing /opt/airflow/dags/pysparksubmitoperator.py took 0.054 seconds
[2024-11-08T10:00:51.332+0000] {processor.py:186} INFO - Started process (PID=1341) to work on /opt/airflow/dags/pysparksubmitoperator.py
[2024-11-08T10:00:51.334+0000] {processor.py:914} INFO - Processing file /opt/airflow/dags/pysparksubmitoperator.py for tasks to queue
[2024-11-08T10:00:51.336+0000] {logging_mixin.py:190} INFO - [2024-11-08T10:00:51.336+0000] {dagbag.py:588} INFO - Filling up the DagBag from /opt/airflow/dags/pysparksubmitoperator.py
[2024-11-08T10:00:51.397+0000] {logging_mixin.py:190} INFO - [2024-11-08T10:00:51.389+0000] {dagbag.py:387} ERROR - Failed to import: /opt/airflow/dags/pysparksubmitoperator.py
Traceback (most recent call last):
  File "/home/airflow/.local/lib/python3.12/site-packages/airflow/models/dagbag.py", line 383, in parse
    loader.exec_module(new_module)
  File "<frozen importlib._bootstrap_external>", line 995, in exec_module
  File "<frozen importlib._bootstrap>", line 488, in _call_with_frames_removed
  File "/opt/airflow/dags/pysparksubmitoperator.py", line 2, in <module>
    from airflow.providers.apache.spark.operators.spark_submit import SparkSubmitOperator
ModuleNotFoundError: No module named 'airflow.providers.apache'
[2024-11-08T10:00:51.401+0000] {processor.py:927} WARNING - No viable dags retrieved from /opt/airflow/dags/pysparksubmitoperator.py
[2024-11-08T10:00:51.423+0000] {processor.py:208} INFO - Processing /opt/airflow/dags/pysparksubmitoperator.py took 0.096 seconds
[2024-11-08T10:01:21.843+0000] {processor.py:186} INFO - Started process (PID=1357) to work on /opt/airflow/dags/pysparksubmitoperator.py
[2024-11-08T10:01:21.844+0000] {processor.py:914} INFO - Processing file /opt/airflow/dags/pysparksubmitoperator.py for tasks to queue
[2024-11-08T10:01:21.847+0000] {logging_mixin.py:190} INFO - [2024-11-08T10:01:21.847+0000] {dagbag.py:588} INFO - Filling up the DagBag from /opt/airflow/dags/pysparksubmitoperator.py
[2024-11-08T10:01:21.876+0000] {logging_mixin.py:190} INFO - [2024-11-08T10:01:21.871+0000] {dagbag.py:387} ERROR - Failed to import: /opt/airflow/dags/pysparksubmitoperator.py
Traceback (most recent call last):
  File "/home/airflow/.local/lib/python3.12/site-packages/airflow/models/dagbag.py", line 383, in parse
    loader.exec_module(new_module)
  File "<frozen importlib._bootstrap_external>", line 995, in exec_module
  File "<frozen importlib._bootstrap>", line 488, in _call_with_frames_removed
  File "/opt/airflow/dags/pysparksubmitoperator.py", line 2, in <module>
    from airflow.providers.apache.spark.operators.spark_submit import SparkSubmitOperator
ModuleNotFoundError: No module named 'airflow.providers.apache'
[2024-11-08T10:01:21.879+0000] {processor.py:927} WARNING - No viable dags retrieved from /opt/airflow/dags/pysparksubmitoperator.py
[2024-11-08T10:01:21.897+0000] {processor.py:208} INFO - Processing /opt/airflow/dags/pysparksubmitoperator.py took 0.060 seconds
[2024-11-08T10:01:52.360+0000] {processor.py:186} INFO - Started process (PID=1374) to work on /opt/airflow/dags/pysparksubmitoperator.py
[2024-11-08T10:01:52.362+0000] {processor.py:914} INFO - Processing file /opt/airflow/dags/pysparksubmitoperator.py for tasks to queue
[2024-11-08T10:01:52.365+0000] {logging_mixin.py:190} INFO - [2024-11-08T10:01:52.365+0000] {dagbag.py:588} INFO - Filling up the DagBag from /opt/airflow/dags/pysparksubmitoperator.py
[2024-11-08T10:01:52.404+0000] {logging_mixin.py:190} INFO - [2024-11-08T10:01:52.397+0000] {dagbag.py:387} ERROR - Failed to import: /opt/airflow/dags/pysparksubmitoperator.py
Traceback (most recent call last):
  File "/home/airflow/.local/lib/python3.12/site-packages/airflow/models/dagbag.py", line 383, in parse
    loader.exec_module(new_module)
  File "<frozen importlib._bootstrap_external>", line 995, in exec_module
  File "<frozen importlib._bootstrap>", line 488, in _call_with_frames_removed
  File "/opt/airflow/dags/pysparksubmitoperator.py", line 2, in <module>
    from airflow.providers.apache.spark.operators.spark_submit import SparkSubmitOperator
ModuleNotFoundError: No module named 'airflow.providers.apache'
[2024-11-08T10:01:52.407+0000] {processor.py:927} WARNING - No viable dags retrieved from /opt/airflow/dags/pysparksubmitoperator.py
[2024-11-08T10:01:52.424+0000] {processor.py:208} INFO - Processing /opt/airflow/dags/pysparksubmitoperator.py took 0.071 seconds
[2024-11-08T10:02:22.950+0000] {processor.py:186} INFO - Started process (PID=1390) to work on /opt/airflow/dags/pysparksubmitoperator.py
[2024-11-08T10:02:22.951+0000] {processor.py:914} INFO - Processing file /opt/airflow/dags/pysparksubmitoperator.py for tasks to queue
[2024-11-08T10:02:22.954+0000] {logging_mixin.py:190} INFO - [2024-11-08T10:02:22.954+0000] {dagbag.py:588} INFO - Filling up the DagBag from /opt/airflow/dags/pysparksubmitoperator.py
[2024-11-08T10:02:22.978+0000] {logging_mixin.py:190} INFO - [2024-11-08T10:02:22.974+0000] {dagbag.py:387} ERROR - Failed to import: /opt/airflow/dags/pysparksubmitoperator.py
Traceback (most recent call last):
  File "/home/airflow/.local/lib/python3.12/site-packages/airflow/models/dagbag.py", line 383, in parse
    loader.exec_module(new_module)
  File "<frozen importlib._bootstrap_external>", line 995, in exec_module
  File "<frozen importlib._bootstrap>", line 488, in _call_with_frames_removed
  File "/opt/airflow/dags/pysparksubmitoperator.py", line 2, in <module>
    from airflow.providers.apache.spark.operators.spark_submit import SparkSubmitOperator
ModuleNotFoundError: No module named 'airflow.providers.apache'
[2024-11-08T10:02:22.981+0000] {processor.py:927} WARNING - No viable dags retrieved from /opt/airflow/dags/pysparksubmitoperator.py
[2024-11-08T10:02:22.997+0000] {processor.py:208} INFO - Processing /opt/airflow/dags/pysparksubmitoperator.py took 0.053 seconds
[2024-11-08T10:02:50.619+0000] {processor.py:186} INFO - Started process (PID=1406) to work on /opt/airflow/dags/pysparksubmitoperator.py
[2024-11-08T10:02:50.621+0000] {processor.py:914} INFO - Processing file /opt/airflow/dags/pysparksubmitoperator.py for tasks to queue
[2024-11-08T10:02:50.624+0000] {logging_mixin.py:190} INFO - [2024-11-08T10:02:50.623+0000] {dagbag.py:588} INFO - Filling up the DagBag from /opt/airflow/dags/pysparksubmitoperator.py
[2024-11-08T10:02:50.669+0000] {logging_mixin.py:190} INFO - [2024-11-08T10:02:50.660+0000] {dagbag.py:387} ERROR - Failed to import: /opt/airflow/dags/pysparksubmitoperator.py
Traceback (most recent call last):
  File "/home/airflow/.local/lib/python3.12/site-packages/airflow/models/dagbag.py", line 383, in parse
    loader.exec_module(new_module)
  File "<frozen importlib._bootstrap_external>", line 995, in exec_module
  File "<frozen importlib._bootstrap>", line 488, in _call_with_frames_removed
  File "/opt/airflow/dags/pysparksubmitoperator.py", line 2, in <module>
    from airflow.providers.apache.spark.operators.spark_submit import SparkSubmitOperator
ModuleNotFoundError: No module named 'airflow.providers.apache'
[2024-11-08T10:02:50.671+0000] {processor.py:927} WARNING - No viable dags retrieved from /opt/airflow/dags/pysparksubmitoperator.py
[2024-11-08T10:02:50.693+0000] {processor.py:208} INFO - Processing /opt/airflow/dags/pysparksubmitoperator.py took 0.081 seconds
[2024-11-08T10:03:13.013+0000] {processor.py:186} INFO - Started process (PID=1422) to work on /opt/airflow/dags/pysparksubmitoperator.py
[2024-11-08T10:03:13.015+0000] {processor.py:914} INFO - Processing file /opt/airflow/dags/pysparksubmitoperator.py for tasks to queue
[2024-11-08T10:03:13.018+0000] {logging_mixin.py:190} INFO - [2024-11-08T10:03:13.018+0000] {dagbag.py:588} INFO - Filling up the DagBag from /opt/airflow/dags/pysparksubmitoperator.py
[2024-11-08T10:03:13.068+0000] {logging_mixin.py:190} INFO - [2024-11-08T10:03:13.062+0000] {dagbag.py:387} ERROR - Failed to import: /opt/airflow/dags/pysparksubmitoperator.py
Traceback (most recent call last):
  File "/home/airflow/.local/lib/python3.12/site-packages/airflow/models/dagbag.py", line 383, in parse
    loader.exec_module(new_module)
  File "<frozen importlib._bootstrap_external>", line 995, in exec_module
  File "<frozen importlib._bootstrap>", line 488, in _call_with_frames_removed
  File "/opt/airflow/dags/pysparksubmitoperator.py", line 2, in <module>
    from airflow.providers.apache.spark.operators.spark_submit import SparkSubmitOperator
ModuleNotFoundError: No module named 'airflow.providers.apache'
[2024-11-08T10:03:13.071+0000] {processor.py:927} WARNING - No viable dags retrieved from /opt/airflow/dags/pysparksubmitoperator.py
[2024-11-08T10:03:13.091+0000] {processor.py:208} INFO - Processing /opt/airflow/dags/pysparksubmitoperator.py took 0.088 seconds
[2024-11-08T10:03:43.501+0000] {processor.py:186} INFO - Started process (PID=1438) to work on /opt/airflow/dags/pysparksubmitoperator.py
[2024-11-08T10:03:43.502+0000] {processor.py:914} INFO - Processing file /opt/airflow/dags/pysparksubmitoperator.py for tasks to queue
[2024-11-08T10:03:43.511+0000] {logging_mixin.py:190} INFO - [2024-11-08T10:03:43.511+0000] {dagbag.py:588} INFO - Filling up the DagBag from /opt/airflow/dags/pysparksubmitoperator.py
[2024-11-08T10:03:43.540+0000] {logging_mixin.py:190} INFO - [2024-11-08T10:03:43.535+0000] {dagbag.py:387} ERROR - Failed to import: /opt/airflow/dags/pysparksubmitoperator.py
Traceback (most recent call last):
  File "/home/airflow/.local/lib/python3.12/site-packages/airflow/models/dagbag.py", line 383, in parse
    loader.exec_module(new_module)
  File "<frozen importlib._bootstrap_external>", line 995, in exec_module
  File "<frozen importlib._bootstrap>", line 488, in _call_with_frames_removed
  File "/opt/airflow/dags/pysparksubmitoperator.py", line 2, in <module>
    from airflow.providers.apache.spark.operators.spark_submit import SparkSubmitOperator
ModuleNotFoundError: No module named 'airflow.providers.apache'
[2024-11-08T10:03:43.542+0000] {processor.py:927} WARNING - No viable dags retrieved from /opt/airflow/dags/pysparksubmitoperator.py
[2024-11-08T10:03:43.564+0000] {processor.py:208} INFO - Processing /opt/airflow/dags/pysparksubmitoperator.py took 0.071 seconds
[2024-11-08T10:04:13.997+0000] {processor.py:186} INFO - Started process (PID=1454) to work on /opt/airflow/dags/pysparksubmitoperator.py
[2024-11-08T10:04:14.000+0000] {processor.py:914} INFO - Processing file /opt/airflow/dags/pysparksubmitoperator.py for tasks to queue
[2024-11-08T10:04:14.010+0000] {logging_mixin.py:190} INFO - [2024-11-08T10:04:14.009+0000] {dagbag.py:588} INFO - Filling up the DagBag from /opt/airflow/dags/pysparksubmitoperator.py
[2024-11-08T10:04:14.088+0000] {logging_mixin.py:190} INFO - [2024-11-08T10:04:14.080+0000] {dagbag.py:387} ERROR - Failed to import: /opt/airflow/dags/pysparksubmitoperator.py
Traceback (most recent call last):
  File "/home/airflow/.local/lib/python3.12/site-packages/airflow/models/dagbag.py", line 383, in parse
    loader.exec_module(new_module)
  File "<frozen importlib._bootstrap_external>", line 995, in exec_module
  File "<frozen importlib._bootstrap>", line 488, in _call_with_frames_removed
  File "/opt/airflow/dags/pysparksubmitoperator.py", line 2, in <module>
    from airflow.providers.apache.spark.operators.spark_submit import SparkSubmitOperator
ModuleNotFoundError: No module named 'airflow.providers.apache'
[2024-11-08T10:04:14.091+0000] {processor.py:927} WARNING - No viable dags retrieved from /opt/airflow/dags/pysparksubmitoperator.py
[2024-11-08T10:04:14.120+0000] {processor.py:208} INFO - Processing /opt/airflow/dags/pysparksubmitoperator.py took 0.137 seconds
[2024-11-08T10:04:32.285+0000] {processor.py:186} INFO - Started process (PID=1464) to work on /opt/airflow/dags/pysparksubmitoperator.py
[2024-11-08T10:04:32.286+0000] {processor.py:914} INFO - Processing file /opt/airflow/dags/pysparksubmitoperator.py for tasks to queue
[2024-11-08T10:04:32.289+0000] {logging_mixin.py:190} INFO - [2024-11-08T10:04:32.289+0000] {dagbag.py:588} INFO - Filling up the DagBag from /opt/airflow/dags/pysparksubmitoperator.py
[2024-11-08T10:04:32.524+0000] {processor.py:927} WARNING - No viable dags retrieved from /opt/airflow/dags/pysparksubmitoperator.py
[2024-11-08T10:04:32.538+0000] {processor.py:208} INFO - Processing /opt/airflow/dags/pysparksubmitoperator.py took 0.263 seconds
[2024-11-08T10:05:02.836+0000] {processor.py:186} INFO - Started process (PID=1480) to work on /opt/airflow/dags/pysparksubmitoperator.py
[2024-11-08T10:05:02.837+0000] {processor.py:914} INFO - Processing file /opt/airflow/dags/pysparksubmitoperator.py for tasks to queue
[2024-11-08T10:05:02.839+0000] {logging_mixin.py:190} INFO - [2024-11-08T10:05:02.839+0000] {dagbag.py:588} INFO - Filling up the DagBag from /opt/airflow/dags/pysparksubmitoperator.py
[2024-11-08T10:05:03.036+0000] {processor.py:927} WARNING - No viable dags retrieved from /opt/airflow/dags/pysparksubmitoperator.py
[2024-11-08T10:05:03.046+0000] {processor.py:208} INFO - Processing /opt/airflow/dags/pysparksubmitoperator.py took 0.215 seconds
[2024-11-08T10:05:33.311+0000] {processor.py:186} INFO - Started process (PID=1496) to work on /opt/airflow/dags/pysparksubmitoperator.py
[2024-11-08T10:05:33.313+0000] {processor.py:914} INFO - Processing file /opt/airflow/dags/pysparksubmitoperator.py for tasks to queue
[2024-11-08T10:05:33.315+0000] {logging_mixin.py:190} INFO - [2024-11-08T10:05:33.315+0000] {dagbag.py:588} INFO - Filling up the DagBag from /opt/airflow/dags/pysparksubmitoperator.py
[2024-11-08T10:05:33.620+0000] {processor.py:927} WARNING - No viable dags retrieved from /opt/airflow/dags/pysparksubmitoperator.py
[2024-11-08T10:05:33.633+0000] {processor.py:208} INFO - Processing /opt/airflow/dags/pysparksubmitoperator.py took 0.328 seconds
[2024-11-08T10:06:03.782+0000] {processor.py:186} INFO - Started process (PID=1512) to work on /opt/airflow/dags/pysparksubmitoperator.py
[2024-11-08T10:06:03.784+0000] {processor.py:914} INFO - Processing file /opt/airflow/dags/pysparksubmitoperator.py for tasks to queue
[2024-11-08T10:06:03.785+0000] {logging_mixin.py:190} INFO - [2024-11-08T10:06:03.785+0000] {dagbag.py:588} INFO - Filling up the DagBag from /opt/airflow/dags/pysparksubmitoperator.py
[2024-11-08T10:06:04.018+0000] {processor.py:927} WARNING - No viable dags retrieved from /opt/airflow/dags/pysparksubmitoperator.py
[2024-11-08T10:06:04.029+0000] {processor.py:208} INFO - Processing /opt/airflow/dags/pysparksubmitoperator.py took 0.258 seconds
[2024-11-08T10:06:34.322+0000] {processor.py:186} INFO - Started process (PID=1529) to work on /opt/airflow/dags/pysparksubmitoperator.py
[2024-11-08T10:06:34.324+0000] {processor.py:914} INFO - Processing file /opt/airflow/dags/pysparksubmitoperator.py for tasks to queue
[2024-11-08T10:06:34.326+0000] {logging_mixin.py:190} INFO - [2024-11-08T10:06:34.325+0000] {dagbag.py:588} INFO - Filling up the DagBag from /opt/airflow/dags/pysparksubmitoperator.py
[2024-11-08T10:06:34.437+0000] {processor.py:927} WARNING - No viable dags retrieved from /opt/airflow/dags/pysparksubmitoperator.py
[2024-11-08T10:06:34.602+0000] {processor.py:208} INFO - Processing /opt/airflow/dags/pysparksubmitoperator.py took 0.284 seconds
[2024-11-08T10:07:04.759+0000] {processor.py:186} INFO - Started process (PID=1545) to work on /opt/airflow/dags/pysparksubmitoperator.py
[2024-11-08T10:07:04.760+0000] {processor.py:914} INFO - Processing file /opt/airflow/dags/pysparksubmitoperator.py for tasks to queue
[2024-11-08T10:07:04.761+0000] {logging_mixin.py:190} INFO - [2024-11-08T10:07:04.761+0000] {dagbag.py:588} INFO - Filling up the DagBag from /opt/airflow/dags/pysparksubmitoperator.py
[2024-11-08T10:07:04.976+0000] {processor.py:927} WARNING - No viable dags retrieved from /opt/airflow/dags/pysparksubmitoperator.py
[2024-11-08T10:07:04.988+0000] {processor.py:208} INFO - Processing /opt/airflow/dags/pysparksubmitoperator.py took 0.234 seconds
[2024-11-08T10:07:35.394+0000] {processor.py:186} INFO - Started process (PID=1561) to work on /opt/airflow/dags/pysparksubmitoperator.py
[2024-11-08T10:07:35.395+0000] {processor.py:914} INFO - Processing file /opt/airflow/dags/pysparksubmitoperator.py for tasks to queue
[2024-11-08T10:07:35.397+0000] {logging_mixin.py:190} INFO - [2024-11-08T10:07:35.396+0000] {dagbag.py:588} INFO - Filling up the DagBag from /opt/airflow/dags/pysparksubmitoperator.py
[2024-11-08T10:07:35.639+0000] {processor.py:927} WARNING - No viable dags retrieved from /opt/airflow/dags/pysparksubmitoperator.py
[2024-11-08T10:07:35.653+0000] {processor.py:208} INFO - Processing /opt/airflow/dags/pysparksubmitoperator.py took 0.266 seconds
[2024-11-08T10:08:05.857+0000] {processor.py:186} INFO - Started process (PID=1582) to work on /opt/airflow/dags/pysparksubmitoperator.py
[2024-11-08T10:08:05.859+0000] {processor.py:914} INFO - Processing file /opt/airflow/dags/pysparksubmitoperator.py for tasks to queue
[2024-11-08T10:08:05.862+0000] {logging_mixin.py:190} INFO - [2024-11-08T10:08:05.861+0000] {dagbag.py:588} INFO - Filling up the DagBag from /opt/airflow/dags/pysparksubmitoperator.py
[2024-11-08T10:08:06.084+0000] {processor.py:927} WARNING - No viable dags retrieved from /opt/airflow/dags/pysparksubmitoperator.py
[2024-11-08T10:08:06.096+0000] {processor.py:208} INFO - Processing /opt/airflow/dags/pysparksubmitoperator.py took 0.245 seconds
[2024-11-08T10:08:10.218+0000] {processor.py:186} INFO - Started process (PID=1598) to work on /opt/airflow/dags/pysparksubmitoperator.py
[2024-11-08T10:08:10.219+0000] {processor.py:914} INFO - Processing file /opt/airflow/dags/pysparksubmitoperator.py for tasks to queue
[2024-11-08T10:08:10.221+0000] {logging_mixin.py:190} INFO - [2024-11-08T10:08:10.221+0000] {dagbag.py:588} INFO - Filling up the DagBag from /opt/airflow/dags/pysparksubmitoperator.py
[2024-11-08T10:08:10.234+0000] {logging_mixin.py:190} INFO - [2024-11-08T10:08:10.234+0000] {dagbag.py:366} INFO - File /opt/airflow/dags/pysparksubmitoperator.py assumed to contain no DAGs. Skipping.
[2024-11-08T10:08:10.235+0000] {processor.py:927} WARNING - No viable dags retrieved from /opt/airflow/dags/pysparksubmitoperator.py
[2024-11-08T10:08:10.248+0000] {processor.py:208} INFO - Processing /opt/airflow/dags/pysparksubmitoperator.py took 0.035 seconds
[2024-11-08T10:08:40.727+0000] {processor.py:186} INFO - Started process (PID=1614) to work on /opt/airflow/dags/pysparksubmitoperator.py
[2024-11-08T10:08:40.729+0000] {processor.py:914} INFO - Processing file /opt/airflow/dags/pysparksubmitoperator.py for tasks to queue
[2024-11-08T10:08:40.731+0000] {logging_mixin.py:190} INFO - [2024-11-08T10:08:40.731+0000] {dagbag.py:588} INFO - Filling up the DagBag from /opt/airflow/dags/pysparksubmitoperator.py
[2024-11-08T10:08:40.750+0000] {logging_mixin.py:190} INFO - [2024-11-08T10:08:40.750+0000] {dagbag.py:366} INFO - File /opt/airflow/dags/pysparksubmitoperator.py assumed to contain no DAGs. Skipping.
[2024-11-08T10:08:40.751+0000] {processor.py:927} WARNING - No viable dags retrieved from /opt/airflow/dags/pysparksubmitoperator.py
[2024-11-08T10:08:40.762+0000] {processor.py:208} INFO - Processing /opt/airflow/dags/pysparksubmitoperator.py took 0.041 seconds
[2024-11-08T10:09:11.226+0000] {processor.py:186} INFO - Started process (PID=1630) to work on /opt/airflow/dags/pysparksubmitoperator.py
[2024-11-08T10:09:11.228+0000] {processor.py:914} INFO - Processing file /opt/airflow/dags/pysparksubmitoperator.py for tasks to queue
[2024-11-08T10:09:11.229+0000] {logging_mixin.py:190} INFO - [2024-11-08T10:09:11.229+0000] {dagbag.py:588} INFO - Filling up the DagBag from /opt/airflow/dags/pysparksubmitoperator.py
[2024-11-08T10:09:11.246+0000] {logging_mixin.py:190} INFO - [2024-11-08T10:09:11.246+0000] {dagbag.py:366} INFO - File /opt/airflow/dags/pysparksubmitoperator.py assumed to contain no DAGs. Skipping.
[2024-11-08T10:09:11.247+0000] {processor.py:927} WARNING - No viable dags retrieved from /opt/airflow/dags/pysparksubmitoperator.py
[2024-11-08T10:09:11.259+0000] {processor.py:208} INFO - Processing /opt/airflow/dags/pysparksubmitoperator.py took 0.040 seconds
[2024-11-08T10:09:41.681+0000] {processor.py:186} INFO - Started process (PID=1646) to work on /opt/airflow/dags/pysparksubmitoperator.py
[2024-11-08T10:09:41.682+0000] {processor.py:914} INFO - Processing file /opt/airflow/dags/pysparksubmitoperator.py for tasks to queue
[2024-11-08T10:09:41.684+0000] {logging_mixin.py:190} INFO - [2024-11-08T10:09:41.684+0000] {dagbag.py:588} INFO - Filling up the DagBag from /opt/airflow/dags/pysparksubmitoperator.py
[2024-11-08T10:09:41.704+0000] {logging_mixin.py:190} INFO - [2024-11-08T10:09:41.704+0000] {dagbag.py:366} INFO - File /opt/airflow/dags/pysparksubmitoperator.py assumed to contain no DAGs. Skipping.
[2024-11-08T10:09:41.705+0000] {processor.py:927} WARNING - No viable dags retrieved from /opt/airflow/dags/pysparksubmitoperator.py
[2024-11-08T10:09:41.715+0000] {processor.py:208} INFO - Processing /opt/airflow/dags/pysparksubmitoperator.py took 0.039 seconds
